02-06-2024 20:31:52.217 INFO  dispatchRunner [29684 MainThread] - Search process mode: preforked (first search in process) (build b985591d12fd).
02-06-2024 20:31:52.217 INFO  dispatchRunner [29684 MainThread] - initing LicenseMgr in search process: nonPro=0
02-06-2024 20:31:52.217 INFO  LMStackMgr [29684 MainThread] - Initializing CleMgr...
02-06-2024 20:31:52.217 INFO  LicenseMgr [29684 MainThread] - Initing LicenseMgr
02-06-2024 20:31:52.217 INFO  LMConfig [29684 MainThread] - serverName=GOEL-SearchHead guid=51367ECF-193E-4082-849C-4DF59054FDA5
02-06-2024 20:31:52.220 INFO  LMConfig [29684 MainThread] - connection_timeout=30
02-06-2024 20:31:52.220 INFO  LMConfig [29684 MainThread] - send_timeout=30
02-06-2024 20:31:52.220 INFO  LMConfig [29684 MainThread] - receive_timeout=30
02-06-2024 20:31:52.220 INFO  LMConfig [29684 MainThread] - key=license_warnings_update_interval not found in licenser stanza of server.conf, defaulting=0
02-06-2024 20:31:52.220 INFO  LMConfig [29684 MainThread] - squash_threshold=2000
02-06-2024 20:31:52.220 INFO  LMConfig [29684 MainThread] - strict_pool_quota=1
02-06-2024 20:31:52.220 INFO  LMConfig [29684 MainThread] - key=pool_suggestion not found in licenser stanza of server.conf, defaulting=''
02-06-2024 20:31:52.220 INFO  LMConfig [29684 MainThread] - key=test_aws_metering not found in licenser stanza of server.conf, defaulting=0
02-06-2024 20:31:52.220 INFO  LMConfig [29684 MainThread] - key=test_aws_product_code not found in licenser stanza of server.conf, defaulting=0
02-06-2024 20:31:52.220 INFO  LicenseMgr [29684 MainThread] - Initing LicenseMgr runContext_splunkd=false
02-06-2024 20:31:52.220 INFO  LMStackMgr [29684 MainThread] - closing stack mgr
02-06-2024 20:31:52.220 INFO  LMSlaveInfo [29684 MainThread] - all slaves cleared
02-06-2024 20:31:52.220 INFO  LMStackMgr [29684 MainThread] - Initalized license_warnings_update_interval=auto
02-06-2024 20:31:52.220 INFO  LMStackMgr [29684 MainThread] - License Manager supports Conditional Licensing Enforcement. For baked in CLE policies, window_period=60 days, max_violations=45, for stack size below 107374182400 bytes
02-06-2024 20:31:52.220 INFO  LMLicense [29684 MainThread] - Applying default enforcement policy for free
02-06-2024 20:31:52.220 INFO  LMStackMgr [29684 MainThread] - Added policy WinSz=30 Warnings=3 MaxSize=0 isDefault=1 features= for free
02-06-2024 20:31:52.220 INFO  LMLicense [29684 MainThread] - Applying default enforcement policy for forwarder
02-06-2024 20:31:52.220 INFO  LMStackMgr [29684 MainThread] - Added policy WinSz=30 Warnings=5 MaxSize=0 isDefault=1 features= for forwarder
02-06-2024 20:31:52.222 INFO  LMStack [29684 MainThread] - Added type=download-trial license, from file=enttrial.lic, to stack=download-trial of group=Trial
02-06-2024 20:31:52.222 INFO  LMLicense [29684 MainThread] - Applying default enforcement policy for download-trial
02-06-2024 20:31:52.222 INFO  LMStackMgr [29684 MainThread] - created stack='download-trial'
02-06-2024 20:31:52.222 INFO  LMStackMgr [29684 MainThread] - Added policy WinSz=30 Warnings=5 MaxSize=0 isDefault=1 features= for download-trial
02-06-2024 20:31:52.222 INFO  LMStackMgr [29684 MainThread] - have to auto-set active stack group='Trial' reason='invalid/missing group id' gidStr='' oldGid=Invalid
02-06-2024 20:31:52.222 INFO  LMStackMgr [29684 MainThread] - added pool auto_generated_pool_download-trial to stack download-trial
02-06-2024 20:31:52.222 INFO  LMStackMgr [29684 MainThread] - added pool auto_generated_pool_forwarder to stack forwarder
02-06-2024 20:31:52.222 INFO  LMStackMgr [29684 MainThread] - added pool auto_generated_pool_free to stack free
02-06-2024 20:31:52.222 INFO  LMStackMgr [29684 MainThread] - Initialized hideQuotaWarning = "0"
02-06-2024 20:31:52.222 INFO  LMStackMgr [29684 MainThread] - init completed [51367ECF-193E-4082-849C-4DF59054FDA5,Trial,runContext_splunkd=false]
02-06-2024 20:31:52.222 INFO  LicenseMgr [29684 MainThread] - StackMgr init complete...
02-06-2024 20:31:52.222 INFO  LMTracker [29684 MainThread] - Setting default product type='enterprise'
02-06-2024 20:31:52.222 INFO  LMTracker [29684 MainThread] - this is not splunkd, will perform partial init
02-06-2024 20:31:52.222 INFO  LicenseMgr [29684 MainThread] - Tracker init complete...
02-06-2024 20:31:52.234 INFO  AdminManagerDispatch [29684 MainThread] - added factory for admin handler: 'licenses'
02-06-2024 20:31:52.234 INFO  AdminManagerDispatch [29684 MainThread] - added factory for admin handler: 'pools'
02-06-2024 20:31:52.234 INFO  AdminManagerDispatch [29684 MainThread] - added factory for admin handler: 'stacks'
02-06-2024 20:31:52.234 INFO  AdminManagerDispatch [29684 MainThread] - added factory for admin handler: 'groups'
02-06-2024 20:31:52.234 INFO  AdminManagerDispatch [29684 MainThread] - added factory for admin handler: 'slaves'
02-06-2024 20:31:52.234 INFO  AdminManagerDispatch [29684 MainThread] - added factory for admin handler: 'peers'
02-06-2024 20:31:52.234 INFO  AdminManagerDispatch [29684 MainThread] - added factory for admin handler: 'localslave'
02-06-2024 20:31:52.234 INFO  AdminManagerDispatch [29684 MainThread] - added factory for admin handler: 'localpeer'
02-06-2024 20:31:52.234 INFO  AdminManagerDispatch [29684 MainThread] - added factory for admin handler: 'licensermessages'
02-06-2024 20:31:52.234 INFO  AdminManagerDispatch [29684 MainThread] - added factory for admin handler: 'scriptedwarning'
02-06-2024 20:31:52.234 INFO  AdminManagerDispatch [29684 MainThread] - added factory for admin handler: 'licenseusage'
02-06-2024 20:31:52.234 INFO  LicenseMgr [29684 MainThread] - Initing LicenseMgr
02-06-2024 20:31:52.234 INFO  LMConfig [29684 MainThread] - serverName=GOEL-SearchHead guid=51367ECF-193E-4082-849C-4DF59054FDA5
02-06-2024 20:31:52.234 INFO  LMConfig [29684 MainThread] - connection_timeout=30
02-06-2024 20:31:52.234 INFO  LMConfig [29684 MainThread] - send_timeout=30
02-06-2024 20:31:52.234 INFO  LMConfig [29684 MainThread] - receive_timeout=30
02-06-2024 20:31:52.234 INFO  LMConfig [29684 MainThread] - key=license_warnings_update_interval not found in licenser stanza of server.conf, defaulting=0
02-06-2024 20:31:52.234 INFO  LMConfig [29684 MainThread] - squash_threshold=2000
02-06-2024 20:31:52.234 INFO  LMConfig [29684 MainThread] - strict_pool_quota=1
02-06-2024 20:31:52.234 INFO  LMConfig [29684 MainThread] - key=pool_suggestion not found in licenser stanza of server.conf, defaulting=''
02-06-2024 20:31:52.234 INFO  LMConfig [29684 MainThread] - key=test_aws_metering not found in licenser stanza of server.conf, defaulting=0
02-06-2024 20:31:52.234 INFO  LMConfig [29684 MainThread] - key=test_aws_product_code not found in licenser stanza of server.conf, defaulting=0
02-06-2024 20:31:52.235 INFO  dispatchRunner [29684 MainThread] - registering build time modules, count=1
02-06-2024 20:31:52.235 INFO  dispatchRunner [29684 MainThread] - registering search time components of build time module name=vix
02-06-2024 20:31:52.235 INFO  dispatchRunner [29684 MainThread] - Getting search configuration data from: /opt/splunk/etc/modules/parsing/config.xml
02-06-2024 20:31:52.236 WARN  SSLOptions [29684 MainThread] - server.conf/[kvstore]/sslVerifyServerCert is false disabling certificate validation; must be set to "true" for increased security
02-06-2024 20:31:52.237 INFO  BundlesSetup [29684 MainThread] - Setup stats for /opt/splunk/etc: wallclock_elapsed_msec=21, cpu_time_used=0.0127006, shared_services_generation=2, shared_services_population=1
02-06-2024 20:31:52.261 INFO  UserManagerPro [29684 MainThread] - Load authentication: forcing roles="admin, can_delete, power, user"
02-06-2024 20:31:52.261 INFO  PipelineComponent [29684 MainThread] - Ingestion pipeline sets have been configured to use pipeline set policy=round_robin for multiple pipeline sets.
02-06-2024 20:31:52.266 INFO  UserManager [25947 RunDispatch] - Setting user context: splunk-system-user
02-06-2024 20:31:52.266 INFO  UserManager [25947 RunDispatch] - Done setting user context: NULL -> splunk-system-user
02-06-2024 20:31:52.267 INFO  UserManager [25947 RunDispatch] - Unwound user context: splunk-system-user -> NULL
02-06-2024 20:31:52.267 INFO  UserManager [25947 RunDispatch] - Setting user context: admin
02-06-2024 20:31:52.267 INFO  UserManager [25947 RunDispatch] - Done setting user context: NULL -> admin
02-06-2024 20:31:52.267 INFO  dispatchRunner [25947 RunDispatch] - search context: user="admin", app="search", bs-pathname="/opt/splunk/etc"
02-06-2024 20:31:52.284 INFO  SearchParser [25947 RunDispatch] - PARSING: search index=bcgames source=*dreamcrusher.xml* sourcetype=dreamcrusher_xml|stats sum(Infiltrators) AS sum_Infiltrators by AttackVessel
02-06-2024 20:31:52.284 INFO  StatsContext [25947 RunDispatch] -  Setting chunk size min=65536 max=1048576 double_every=100
02-06-2024 20:31:52.284 INFO  StatsContext [25947 RunDispatch] -  Setting max memory usage to 209715200
02-06-2024 20:31:52.284 INFO  dispatchRunner [25947 RunDispatch] - Search running in non-clustered mode
02-06-2024 20:31:52.284 INFO  dispatchRunner [25947 RunDispatch] - SearchHeadInitSearchMs=18
02-06-2024 20:31:52.284 INFO  dispatchRunner [25947 RunDispatch] - Executing the Search orchestrator and iterator model (dfs=false).
02-06-2024 20:31:52.284 INFO  SearchOrchestrator [25947 RunDispatch] - SearchOrchestrator getting constructed
02-06-2024 20:31:52.284 INFO  SearchOrchestrator [25947 RunDispatch] -  Initialized the SRI
02-06-2024 20:31:52.285 INFO  SearchFeatureFlags [25947 RunDispatch] - Initializing feature flags from config. feature_seed=942465729
02-06-2024 20:31:52.285 INFO  SearchFeatureFlags [25947 RunDispatch] - Setting feature_flag=parallelreduce:enablePreview:true
02-06-2024 20:31:52.285 INFO  SearchFeatureFlags [25947 RunDispatch] - Setting feature_flag=search:search_retry:false
02-06-2024 20:31:52.285 INFO  SearchFeatureFlags [25947 RunDispatch] - Setting feature_flag=search:search_retry_realtime:false
02-06-2024 20:31:52.285 INFO  SearchFeatureFlags [25947 RunDispatch] - Setting feature_flag=parallelreduce:autoAppliedPercentage:false
02-06-2024 20:31:52.285 INFO  SearchFeatureFlags [25947 RunDispatch] - Setting feature_flag=subsearch:enableConcurrentPipelineProcessing:false
02-06-2024 20:31:52.285 INFO  SearchFeatureFlags [25947 RunDispatch] - Setting feature_flag=stats:allow_stats_v2:true
02-06-2024 20:31:52.285 INFO  SearchFeatureFlags [25947 RunDispatch] - Setting feature_flag=search_optimization::set_required_fields:stats:false
02-06-2024 20:31:52.285 INFO  SearchFeatureFlags [25947 RunDispatch] - Setting feature_flag=searchresults:srs2:false
02-06-2024 20:31:52.285 INFO  SearchFeatureFlags [25947 RunDispatch] - Setting feature_flag=search:read_final_results_from_timeliner:true
02-06-2024 20:31:52.285 INFO  SearchOrchestrator [25947 RunDispatch] - Search feature_flags={"v":1,"enabledFeatures":["parallelreduce:enablePreview","stats:allow_stats_v2","search:read_final_results_from_timeliner"],"disabledFeatures":["search:search_retry","search:search_retry_realtime","parallelreduce:autoAppliedPercentage","subsearch:enableConcurrentPipelineProcessing","search_optimization::set_required_fields:stats","searchresults:srs2"]}
02-06-2024 20:31:52.285 INFO  ISplunkDispatch [25947 RunDispatch] - Not running in splunkd. Bundle replication not triggered.
02-06-2024 20:31:52.285 INFO  SearchOrchestrator [25954 searchOrchestrator] - Initialzing the run time settings for the orchestrator.
02-06-2024 20:31:52.285 INFO  UserManager [25954 searchOrchestrator] - Setting user context: admin
02-06-2024 20:31:52.285 INFO  UserManager [25954 searchOrchestrator] - Done setting user context: NULL -> admin
02-06-2024 20:31:52.286 INFO  AdaptiveSearchEngineSelector [25954 searchOrchestrator] - Search execution_plan=classic
02-06-2024 20:31:52.286 INFO  SearchOrchestrator [25954 searchOrchestrator] - Creating the search DAG.
02-06-2024 20:31:52.286 INFO  SearchParser [25954 searchOrchestrator] - PARSING: search index=bcgames source=*dreamcrusher.xml* sourcetype=dreamcrusher_xml|stats sum(Infiltrators) AS sum_Infiltrators by AttackVessel
02-06-2024 20:31:52.286 INFO  StatsContext [25954 searchOrchestrator] -  Setting chunk size min=65536 max=1048576 double_every=100
02-06-2024 20:31:52.286 INFO  StatsContext [25954 searchOrchestrator] -  Setting max memory usage to 209715200
02-06-2024 20:31:52.287 INFO  DispatchStorageManagerInfo [25954 searchOrchestrator] - Successfully created new dispatch directory for search job. sid=e64c5e762d93c722_tmp dispatch_dir=/opt/splunk/var/run/splunk/dispatch/e64c5e762d93c722_tmp
02-06-2024 20:31:52.348 INFO  SearchProcessor [25954 searchOrchestrator] - Building search filter
02-06-2024 20:31:52.429 INFO  SearchEvaluatorBasedExpander [25954 searchOrchestrator] -  Performing lookup expansions
02-06-2024 20:31:52.429 INFO  SearchEvaluatorBasedExpander [25954 searchOrchestrator] -  Lookup expansion took 0 ms
02-06-2024 20:31:52.429 INFO  SearchEvaluatorBasedExpander [25954 searchOrchestrator] -  Performing calculated field expansions
02-06-2024 20:31:52.429 INFO  SearchEvaluatorBasedExpander [25954 searchOrchestrator] -  Calculated field expansion took 0 ms
02-06-2024 20:31:52.429 INFO  SearchEvaluatorBasedExpander [25954 searchOrchestrator] -  Performing field alias expansions
02-06-2024 20:31:52.429 INFO  SearchEvaluatorBasedExpander [25954 searchOrchestrator] -  field alias expansions took 0 ms
02-06-2024 20:31:52.429 INFO  SearchEvaluatorBasedExpander [25954 searchOrchestrator] -  Performing kvfield expansions
02-06-2024 20:31:52.429 INFO  SearchEvaluatorBasedExpander [25954 searchOrchestrator] -  kvfield expansions took 0 ms
02-06-2024 20:31:52.429 INFO  SearchEvaluatorBasedExpander [25954 searchOrchestrator] -  Performing indexed fields expansions
02-06-2024 20:31:52.429 INFO  SearchEvaluatorBasedExpander [25954 searchOrchestrator] -  indexed fields expansions took 0 ms
02-06-2024 20:31:52.429 INFO  SearchEvaluatorBasedExpander [25954 searchOrchestrator] -  Performing reverse sourcetype expansions
02-06-2024 20:31:52.434 INFO  SearchEvaluatorBasedExpander [25954 searchOrchestrator] -  sourcetype expansions took 4 ms
02-06-2024 20:31:52.434 INFO  UnifiedSearch [25954 searchOrchestrator] - Expanded index search = (index=bcgames source=*dreamcrusher.xml* sourcetype=dreamcrusher_xml)
02-06-2024 20:31:52.434 INFO  UnifiedSearch [25954 searchOrchestrator] - base lispy: [ AND index::bcgames source::*dreamcrusher.xml* sourcetype::dreamcrusher_xml ]
02-06-2024 20:31:52.435 INFO  UnifiedSearch [25954 searchOrchestrator] - No indexes to search
02-06-2024 20:31:52.435 INFO  UnifiedSearch [25954 searchOrchestrator] - Processed search targeting arguments
02-06-2024 20:31:52.435 INFO  StatsProcessorV2 [25954 searchOrchestrator] - StatsV2 (stats) args: sum(Infiltrators), AS, sum_Infiltrators, by, AttackVessel
02-06-2024 20:31:52.435 INFO  StatsProcessorV2 [25954 searchOrchestrator] - StatsProcessorV2::processArguments: Unaligned accesses are free
02-06-2024 20:31:52.435 INFO  StatsAggregations [25954 searchOrchestrator] - Instantiating Stats function sum for key=Infiltrators, alias=sum_Infiltrators
02-06-2024 20:31:52.435 INFO  StatsContext [25954 searchOrchestrator] - shouldFallbackToOldStats: _use_v2_level=USE_V2_ALL, fallback=false
02-06-2024 20:31:52.435 INFO  SearchParser [25954 searchOrchestrator] - PARSING: prestats sum(Infiltrators) by AttackVessel
02-06-2024 20:31:52.435 INFO  StatsContext [25954 searchOrchestrator] -  Setting chunk size min=65536 max=1048576 double_every=100
02-06-2024 20:31:52.435 INFO  StatsContext [25954 searchOrchestrator] -  Setting max memory usage to 209715200
02-06-2024 20:31:52.435 INFO  SearchParser [25954 searchOrchestrator] - PARSING: addinfo type=count label=prereport_events
02-06-2024 20:31:52.436 INFO  StatsProcessorV2 [25954 searchOrchestrator] - StatsV2 (stats) args: sum(Infiltrators), by, AttackVessel
02-06-2024 20:31:52.436 INFO  StatsProcessorV2 [25954 searchOrchestrator] - StatsProcessorV2::processArguments: Unaligned accesses are free
02-06-2024 20:31:52.436 INFO  StatsAggregations [25954 searchOrchestrator] - Instantiating Stats function sum for key=Infiltrators, alias=sum(Infiltrators)
02-06-2024 20:31:52.436 INFO  StatsContext [25954 searchOrchestrator] - shouldFallbackToOldStats: _use_v2_level=USE_V2_ALL, fallback=false
02-06-2024 20:31:52.436 INFO  DispatchThread [25954 searchOrchestrator] - BatchMode: allowBatchMode: 1, conf(1): 1, timeline/Status buckets(0):0, realtime(0):0, report pipe empty(0):0, reqTimeOrder(0):0, summarize(0):0, statefulStreaming(0):0
02-06-2024 20:31:52.436 INFO  DispatchThread [25954 searchOrchestrator] - required fields list to add to remote search = AttackVessel,Infiltrators,prestats_reserved_*,psrsvd_*
02-06-2024 20:31:52.436 INFO  SearchParser [25954 searchOrchestrator] - PARSING: fields keepcolorder=t "AttackVessel" "Infiltrators" "prestats_reserved_*" "psrsvd_*"
02-06-2024 20:31:52.436 INFO  DispatchCommandProcessor [25954 searchOrchestrator] - summaryHash=e43ad0c0154613f4 summaryId=51367ECF-193E-4082-849C-4DF59054FDA5_search_admin_e43ad0c0154613f4 remoteSearch=litsearch (index=bcgames source=*dreamcrusher.xml* sourcetype=dreamcrusher_xml) | addinfo  type=count label=prereport_events | fields  keepcolorder=t "AttackVessel" "Infiltrators" "prestats_reserved_*" "psrsvd_*" | prestats  sum(Infiltrators) by AttackVessel
02-06-2024 20:31:52.436 INFO  DispatchCommandProcessor [25954 searchOrchestrator] - summaryHash=NS0b0fe3533de16c69 summaryId=51367ECF-193E-4082-849C-4DF59054FDA5_search_admin_NS0b0fe3533de16c69 remoteSearch=litsearch (index=bcgames source=*dreamcrusher.xml* sourcetype=dreamcrusher_xml) | addinfo type=count label=prereport_events | fields keepcolorder=t "AttackVessel" "Infiltrators" "prestats_reserved_*" "psrsvd_*" | prestats sum(Infiltrators) by AttackVessel
02-06-2024 20:31:52.436 INFO  DispatchThread [25954 searchOrchestrator] - Getting summary ID for summaryHash=NS0b0fe3533de16c69
02-06-2024 20:31:52.436 INFO  SearchParser [25954 searchOrchestrator] - PARSING: search index=bcgames source=*dreamcrusher.xml* sourcetype=dreamcrusher_xml|stats sum(Infiltrators) AS sum_Infiltrators by AttackVessel
02-06-2024 20:31:52.436 INFO  StatsContext [25954 searchOrchestrator] -  Setting chunk size min=65536 max=1048576 double_every=100
02-06-2024 20:31:52.436 INFO  StatsContext [25954 searchOrchestrator] -  Setting max memory usage to 209715200
02-06-2024 20:31:52.437 INFO  UnifiedSearch [25954 searchOrchestrator] - Processed search targeting arguments
02-06-2024 20:31:52.437 INFO  StatsProcessorV2 [25954 searchOrchestrator] - StatsV2 (stats) args: sum(Infiltrators), AS, sum_Infiltrators, by, AttackVessel
02-06-2024 20:31:52.437 INFO  StatsProcessorV2 [25954 searchOrchestrator] - StatsProcessorV2::processArguments: Unaligned accesses are free
02-06-2024 20:31:52.437 INFO  StatsAggregations [25954 searchOrchestrator] - Instantiating Stats function sum for key=Infiltrators, alias=sum_Infiltrators
02-06-2024 20:31:52.437 INFO  StatsContext [25954 searchOrchestrator] - shouldFallbackToOldStats: _use_v2_level=USE_V2_ALL, fallback=false
02-06-2024 20:31:52.437 INFO  AstOptimizer [25954 searchOrchestrator] - SrchOptMetrics optimize_toJson=0.000821673
02-06-2024 20:31:52.437 INFO  AstVisitorFactory [25954 searchOrchestrator] - Not building visitor : replace_datamodel_stats_cmds_with_tstats
02-06-2024 20:31:52.437 INFO  StatsContext [25954 searchOrchestrator] -  Setting chunk size min=65536 max=1048576 double_every=100
02-06-2024 20:31:52.437 INFO  StatsContext [25954 searchOrchestrator] -  Setting max memory usage to 209715200
02-06-2024 20:31:52.437 INFO  SearchParser [25954 searchOrchestrator] - PARSING: | stats sum(Infiltrators) AS sum_Infiltrators by AttackVessel
02-06-2024 20:31:52.437 INFO  StatsContext [25954 searchOrchestrator] -  Setting chunk size min=65536 max=1048576 double_every=100
02-06-2024 20:31:52.437 INFO  StatsContext [25954 searchOrchestrator] -  Setting max memory usage to 209715200
02-06-2024 20:31:52.438 INFO  SearchParser [25954 searchOrchestrator] - PARSING: | search (index=bcgames source=*dreamcrusher.xml* sourcetype=dreamcrusher_xml)
02-06-2024 20:31:52.439 INFO  FederatedInfo [25954 searchOrchestrator] - No federated search providers defined.
02-06-2024 20:31:52.439 INFO  ReplaceTableWithFieldsVisitor [25954 searchOrchestrator] - search_optimization::replace_table_with_fields disabled due to VERBOSE Mode search
02-06-2024 20:31:52.439 INFO  AstVisitorFactory [25954 searchOrchestrator] - Not building visitor : replace_table_with_fields
02-06-2024 20:31:52.439 INFO  ProjElim [25954 searchOrchestrator] - Black listed processors=[addinfo]
02-06-2024 20:31:52.439 INFO  AstVisitorFactory [25954 searchOrchestrator] - Not building visitor : replace_stats_cmds_with_tstats
02-06-2024 20:31:52.439 INFO  AstVisitorFactory [25954 searchOrchestrator] - Not building visitor : replace_chart_cmds_with_tstats
02-06-2024 20:31:52.439 INFO  AstOptimizer [25954 searchOrchestrator] - SrchOptMetrics optimization=0.001389966
02-06-2024 20:31:52.439 INFO  StatsContext [25954 searchOrchestrator] -  Setting chunk size min=65536 max=1048576 double_every=100
02-06-2024 20:31:52.439 INFO  StatsContext [25954 searchOrchestrator] -  Setting max memory usage to 209715200
02-06-2024 20:31:52.439 INFO  SearchPhaseGenerator [25954 searchOrchestrator] - Optimized Search =| search (index=bcgames source=*dreamcrusher.xml* sourcetype=dreamcrusher_xml) | stats sum(Infiltrators) AS sum_Infiltrators by AttackVessel
02-06-2024 20:31:52.439 INFO  ScopedTimer [25954 searchOrchestrator] - search.optimize 0.002882287
02-06-2024 20:31:52.439 INFO  FederatedProviderVisitor [25954 searchOrchestrator] - Federated Whole Search Remote Execution Enabled: false
02-06-2024 20:31:52.440 INFO  SearchPhaseGenerator [25954 searchOrchestrator] - Number of involved federated deployments is 0.
02-06-2024 20:31:52.440 INFO  PhaseToPipelineVisitor [25954 searchOrchestrator] - Phase Search = | search (index=bcgames source=*dreamcrusher.xml* sourcetype=dreamcrusher_xml)
02-06-2024 20:31:52.441 INFO  SearchParser [25954 searchOrchestrator] - PARSING: | search (index=bcgames source=*dreamcrusher.xml* sourcetype=dreamcrusher_xml)
02-06-2024 20:31:52.449 INFO  SearchProcessor [25954 searchOrchestrator] - Building search filter
02-06-2024 20:31:52.460 INFO  SearchEvaluatorBasedExpander [25954 searchOrchestrator] -  Performing lookup expansions
02-06-2024 20:31:52.460 INFO  SearchEvaluatorBasedExpander [25954 searchOrchestrator] -  Lookup expansion took 0 ms
02-06-2024 20:31:52.460 INFO  SearchEvaluatorBasedExpander [25954 searchOrchestrator] -  Performing calculated field expansions
02-06-2024 20:31:52.460 INFO  SearchEvaluatorBasedExpander [25954 searchOrchestrator] -  Calculated field expansion took 0 ms
02-06-2024 20:31:52.460 INFO  SearchEvaluatorBasedExpander [25954 searchOrchestrator] -  Performing field alias expansions
02-06-2024 20:31:52.460 INFO  SearchEvaluatorBasedExpander [25954 searchOrchestrator] -  field alias expansions took 0 ms
02-06-2024 20:31:52.460 INFO  SearchEvaluatorBasedExpander [25954 searchOrchestrator] -  Performing kvfield expansions
02-06-2024 20:31:52.460 INFO  SearchEvaluatorBasedExpander [25954 searchOrchestrator] -  kvfield expansions took 0 ms
02-06-2024 20:31:52.460 INFO  SearchEvaluatorBasedExpander [25954 searchOrchestrator] -  Performing indexed fields expansions
02-06-2024 20:31:52.460 INFO  SearchEvaluatorBasedExpander [25954 searchOrchestrator] -  indexed fields expansions took 0 ms
02-06-2024 20:31:52.460 INFO  SearchEvaluatorBasedExpander [25954 searchOrchestrator] -  Performing reverse sourcetype expansions
02-06-2024 20:31:52.464 INFO  SearchEvaluatorBasedExpander [25954 searchOrchestrator] -  sourcetype expansions took 4 ms
02-06-2024 20:31:52.464 INFO  UnifiedSearch [25954 searchOrchestrator] - Expanded index search = (index=bcgames source=*dreamcrusher.xml* sourcetype=dreamcrusher_xml)
02-06-2024 20:31:52.465 INFO  UnifiedSearch [25954 searchOrchestrator] - base lispy: [ AND index::bcgames source::*dreamcrusher.xml* sourcetype::dreamcrusher_xml ]
02-06-2024 20:31:52.465 INFO  UnifiedSearch [25954 searchOrchestrator] - No indexes to search
02-06-2024 20:31:52.465 INFO  UnifiedSearch [25954 searchOrchestrator] - Processed search targeting arguments
02-06-2024 20:31:52.466 INFO  StatsContext [25954 searchOrchestrator] -  Setting chunk size min=65536 max=1048576 double_every=100
02-06-2024 20:31:52.466 INFO  StatsContext [25954 searchOrchestrator] -  Setting max memory usage to 209715200
02-06-2024 20:31:52.466 INFO  PhaseToPipelineVisitor [25954 searchOrchestrator] - Phase Search = | stats sum(Infiltrators) AS sum_Infiltrators by AttackVessel
02-06-2024 20:31:52.466 INFO  SearchParser [25954 searchOrchestrator] - PARSING: | stats sum(Infiltrators) AS sum_Infiltrators by AttackVessel
02-06-2024 20:31:52.466 INFO  StatsContext [25954 searchOrchestrator] -  Setting chunk size min=65536 max=1048576 double_every=100
02-06-2024 20:31:52.466 INFO  StatsContext [25954 searchOrchestrator] -  Setting max memory usage to 209715200
02-06-2024 20:31:52.466 INFO  StatsProcessorV2 [25954 searchOrchestrator] - StatsV2 (stats) args: sum(Infiltrators), AS, sum_Infiltrators, by, AttackVessel
02-06-2024 20:31:52.466 INFO  StatsProcessorV2 [25954 searchOrchestrator] - StatsProcessorV2::processArguments: Unaligned accesses are free
02-06-2024 20:31:52.466 INFO  StatsAggregations [25954 searchOrchestrator] - Instantiating Stats function sum for key=Infiltrators, alias=sum_Infiltrators
02-06-2024 20:31:52.466 INFO  StatsContext [25954 searchOrchestrator] - shouldFallbackToOldStats: _use_v2_level=USE_V2_ALL, fallback=false
02-06-2024 20:31:52.466 INFO  SearchPipeline [25954 searchOrchestrator] - ReportSearch=1 AllowBatchMode=0
02-06-2024 20:31:52.466 INFO  SearchParser [25954 searchOrchestrator] - PARSING: addinfo type=count label=prereport_events track_fieldmeta_events=true
02-06-2024 20:31:52.466 INFO  SearchParser [25954 searchOrchestrator] - PARSING: prestats sum(Infiltrators) by AttackVessel
02-06-2024 20:31:52.466 INFO  StatsContext [25954 searchOrchestrator] -  Setting chunk size min=65536 max=1048576 double_every=100
02-06-2024 20:31:52.466 INFO  StatsContext [25954 searchOrchestrator] -  Setting max memory usage to 209715200
02-06-2024 20:31:52.466 INFO  StatsProcessorV2 [25954 searchOrchestrator] - StatsV2 (stats) args: sum(Infiltrators), by, AttackVessel
02-06-2024 20:31:52.466 INFO  StatsProcessorV2 [25954 searchOrchestrator] - StatsProcessorV2::processArguments: Unaligned accesses are free
02-06-2024 20:31:52.466 INFO  StatsAggregations [25954 searchOrchestrator] - Instantiating Stats function sum for key=Infiltrators, alias=sum(Infiltrators)
02-06-2024 20:31:52.466 INFO  StatsContext [25954 searchOrchestrator] - shouldFallbackToOldStats: _use_v2_level=USE_V2_ALL, fallback=false
02-06-2024 20:31:52.466 INFO  SearchPhaseGenerator [25954 searchOrchestrator] - Storing only 1000 events per timeline buckets due to limits.conf max_events_per_bucket setting.
02-06-2024 20:31:52.466 INFO  SearchPhaseGenerator [25954 searchOrchestrator] - Timeline information will be computed remotely
02-06-2024 20:31:52.466 INFO  SearchPhaseGenerator [25954 searchOrchestrator] - No need for RTWindowProcessor
02-06-2024 20:31:52.466 INFO  SearchPhaseGenerator [25954 searchOrchestrator] - Adding timeliner to final phase
02-06-2024 20:31:52.466 INFO  SearchParser [25954 searchOrchestrator] - PARSING: | timeliner remote=1 partial_commits=1 max_events_per_bucket=1000 fieldstats_update_maxperiod=60 bucket=300 extra_field=*
02-06-2024 20:31:52.467 INFO  TimelineCreator [25954 searchOrchestrator] - Creating timeline with remote=1 partialCommits=1 commitFreq=0 syncKSFreq=0 maxSyncKSPeriodTime=60000 bucket=300 latestTime=0.000000 earliestTime=2147483647.000000
02-06-2024 20:31:52.467 INFO  SearchPhaseGenerator [25954 searchOrchestrator] - required fields list to add to different pipelines = *,AttackVessel,Infiltrators,_bkt,_cd,_si,host,index,linecount,prestats_reserved_*,psrsvd_*,source,sourcetype,splunk_server
02-06-2024 20:31:52.467 INFO  SearchPhaseGenerator [25954 searchOrchestrator] - Remote Timeliner= | remotetl nb=300 et=2147483647.000000 lt=0.000000 max_count=1000 max_prefetch=100
02-06-2024 20:31:52.467 INFO  SearchPhaseGenerator [25954 searchOrchestrator] - Fileds=fields keepcolorder=t "*" "AttackVessel" "Infiltrators" "_bkt" "_cd" "_si" "host" "index" "linecount" "prestats_reserved_*" "psrsvd_*" "source" "sourcetype" "splunk_server" | remotetl nb=300 et=2147483647.000000 lt=0.000000 max_count=1000 max_prefetch=100
02-06-2024 20:31:52.467 INFO  SearchPhaseGenerator [25954 searchOrchestrator] - REMOTE TIMELINER ADDED
02-06-2024 20:31:52.467 INFO  SearchParser [25954 searchOrchestrator] - PARSING: fields keepcolorder=t "*" "AttackVessel" "Infiltrators" "_bkt" "_cd" "_si" "host" "index" "linecount" "prestats_reserved_*" "psrsvd_*" "source" "sourcetype" "splunk_server" | remotetl nb=300 et=2147483647.000000 lt=0.000000 max_count=1000 max_prefetch=100
02-06-2024 20:31:52.467 INFO  SearchPhaseGenerator [25954 searchOrchestrator] - Result collation will occur at proc=stats
02-06-2024 20:31:52.467 INFO  SearchPhaseGenerator [25954 searchOrchestrator] - Search Phases created.
02-06-2024 20:31:52.469 INFO  SearchOrchestrator [25954 searchOrchestrator] - Preview is enabled for Search Head only. (preview_algorithm=SEARCH_HEAD)
02-06-2024 20:31:52.471 INFO  UserManager [25954 searchOrchestrator] - Setting user context: admin
02-06-2024 20:31:52.471 INFO  UserManager [25954 searchOrchestrator] - Done setting user context: admin -> admin
02-06-2024 20:31:52.471 INFO  UserManager [25954 searchOrchestrator] - Unwound user context: admin -> admin
02-06-2024 20:31:52.471 INFO  DistributedSearchResultCollectionManager [25954 searchOrchestrator] - Stream search: litsearch (index=bcgames source=*dreamcrusher.xml* sourcetype=dreamcrusher_xml) | addinfo  type=count label=prereport_events track_fieldmeta_events=true | fields  keepcolorder=t "*" "AttackVessel" "Infiltrators" "_bkt" "_cd" "_si" "host" "index" "linecount" "prestats_reserved_*" "psrsvd_*" "source" "sourcetype" "splunk_server"  | remotetl  nb=300 et=2147483647.000000 lt=0.000000 max_count=1000 max_prefetch=100 | prestats  sum(Infiltrators) by AttackVessel
02-06-2024 20:31:52.471 INFO  ExternalResultProvider [25954 searchOrchestrator] - No external result providers are configured
02-06-2024 20:31:52.471 INFO  DistributedSearchResultCollectionManager [25954 searchOrchestrator] - ERP_FACTORY initialized, but zero external result provider, hence disabling _isERPCollectionEnabled
02-06-2024 20:31:52.471 INFO  DistributedSearchResultCollectionManager [25954 searchOrchestrator] - results_queue_read_timeout_sec=900.000 send_timeout=30.000 connect_timeout=10.000 receive_timeout=600.000
02-06-2024 20:31:52.471 INFO  DistributedSearchResultCollectionManager [25954 searchOrchestrator] - Default search group:*
02-06-2024 20:31:52.472 INFO  DistributedSearchResultCollectionManager [25954 searchOrchestrator] - Connecting to peer GOEL-Indexer1 connectAll 0 connectToSpecificPeer 1
02-06-2024 20:31:52.472 INFO  DistributedSearchResultCollectionManager [25954 searchOrchestrator] - Connecting to peer GOEL-Indexer2 connectAll 0 connectToSpecificPeer 1
02-06-2024 20:31:52.472 INFO  DistributedSearchResultCollectionManager [25954 searchOrchestrator] - Connecting to peer GOEL-Indexer3 connectAll 0 connectToSpecificPeer 1
02-06-2024 20:31:52.472 INFO  SearchTargeter [25954 searchOrchestrator] - Index list is not available for GOEL-SearchHead targeting based on splunk_server and splunk_server_group only
02-06-2024 20:31:52.472 INFO  DistributedSearchResultCollectionManager [25954 searchOrchestrator] - Connecting to peer GOEL-SearchHead connectAll 0 connectToSpecificPeer 1
02-06-2024 20:31:52.472 INFO  ProxyConfig [25954 searchOrchestrator] - Failed to initialize http_proxy from server.conf for splunkd. Please make sure that the http_proxy property is set as http_proxy=http://host:port in case HTTP proxying needs to be enabled.
02-06-2024 20:31:52.472 INFO  ProxyConfig [25954 searchOrchestrator] - Failed to initialize https_proxy from server.conf for splunkd. Please make sure that the https_proxy property is set as https_proxy=http://host:port in case HTTP proxying needs to be enabled.
02-06-2024 20:31:52.472 INFO  ProxyConfig [25954 searchOrchestrator] - Failed to initialize the proxy_rules setting from server.conf for splunkd. Please provide a valid set of proxy_rules in case HTTP proxying needs to be enabled.
02-06-2024 20:31:52.472 INFO  ProxyConfig [25954 searchOrchestrator] - Failed to initialize the no_proxy setting from server.conf for splunkd. Please provide a valid set of no_proxy rules in case HTTP proxying needs to be enabled.
02-06-2024 20:31:52.473 WARN  SSLOptions [25954 searchOrchestrator] - <internal>.conf/[<internal>]/sslVerifyServerCert is false disabling certificate validation; must be set to "true" for increased security
02-06-2024 20:31:52.479 WARN  SSLOptions [25954 searchOrchestrator] - <internal>.conf/[<internal>]/sslVerifyServerCert is false disabling certificate validation; must be set to "true" for increased security
02-06-2024 20:31:52.479 INFO  ServerConfig [25954 searchOrchestrator] - Using REMOTE_SERVER_NAME=GOEL-SearchHead
02-06-2024 20:31:52.480 INFO  KeyManagerLocalhost [25954 searchOrchestrator] - Checking for localhost key pair
02-06-2024 20:31:52.480 INFO  KeyManagerLocalhost [25954 searchOrchestrator] - Public key already exists: /opt/splunk/etc/auth/distServerKeys/trusted.pem
02-06-2024 20:31:52.480 INFO  KeyManagerLocalhost [25954 searchOrchestrator] - Reading public key for localhost: /opt/splunk/etc/auth/distServerKeys/trusted.pem
02-06-2024 20:31:52.480 INFO  KeyManagerLocalhost [25954 searchOrchestrator] - Finished reading public key for localhost: /opt/splunk/etc/auth/distServerKeys/trusted.pem
02-06-2024 20:31:52.480 INFO  KeyManagerLocalhost [25954 searchOrchestrator] - Reading private key for localhost: /opt/splunk/etc/auth/distServerKeys/private.pem
02-06-2024 20:31:52.480 INFO  KeyManagerLocalhost [25954 searchOrchestrator] - Finished reading private key for localhost: /opt/splunk/etc/auth/distServerKeys/private.pem
02-06-2024 20:31:52.482 INFO  DistributedSearchResultCollectionManager [25954 searchOrchestrator] - Successfully created search result collector for peer=GOEL-Indexer1 in 0.011 seconds
02-06-2024 20:31:52.485 INFO  DistributedSearchResultCollectionManager [25954 searchOrchestrator] - Successfully created search result collector for peer=GOEL-Indexer2 in 0.003 seconds
02-06-2024 20:31:52.488 INFO  DistributedSearchResultCollectionManager [25954 searchOrchestrator] - Successfully created search result collector for peer=GOEL-Indexer3 in 0.003 seconds
02-06-2024 20:31:52.491 INFO  SearchPhaseGenerator [25954 searchOrchestrator] - Time spends on creating distributed search results infrastructure; dispatchcreatedSearchResultInfrastructure=0.021524325 seconds.
02-06-2024 20:31:52.492 INFO  SearchOrchestrator [25954 searchOrchestrator] - Starting the status control thread.
02-06-2024 20:31:52.492 INFO  SearchOrchestrator [25954 searchOrchestrator] - Starting phase=1
02-06-2024 20:31:52.492 INFO  UserManager [25958 StatusEnforcerThread] - Setting user context: admin
02-06-2024 20:31:52.492 INFO  UserManager [25958 StatusEnforcerThread] - Done setting user context: NULL -> admin
02-06-2024 20:31:52.492 INFO  SearchStatusEnforcer [25958 StatusEnforcerThread] - Enforcing disk quota = 10485760000
02-06-2024 20:31:52.492 INFO  UserManager [25963 localCollectorThread] - Setting user context: admin
02-06-2024 20:31:52.492 INFO  UserManager [25963 localCollectorThread] - Done setting user context: NULL -> admin
02-06-2024 20:31:52.492 INFO  PreviewExecutor [25958 StatusEnforcerThread] - Preview Enforcing initialization done
02-06-2024 20:31:52.492 INFO  SearchParser [25963 localCollectorThread] - PARSING: litsearch (index=bcgames source=*dreamcrusher.xml* sourcetype=dreamcrusher_xml) | addinfo  type=count label=prereport_events track_fieldmeta_events=true | fields  keepcolorder=t "*" "AttackVessel" "Infiltrators" "_bkt" "_cd" "_si" "host" "index" "linecount" "prestats_reserved_*" "psrsvd_*" "source" "sourcetype" "splunk_server"  | remotetl  nb=300 et=2147483647.000000 lt=0.000000 max_count=1000 max_prefetch=100 | prestats  sum(Infiltrators) by AttackVessel
02-06-2024 20:31:52.492 INFO  StatsContext [25963 localCollectorThread] -  Setting chunk size min=65536 max=1048576 double_every=100
02-06-2024 20:31:52.492 INFO  StatsContext [25963 localCollectorThread] -  Setting max memory usage to 209715200
02-06-2024 20:31:52.498 INFO  UserManager [25962 SearchResultExecutorThread] - Setting user context: admin
02-06-2024 20:31:52.499 INFO  UserManager [25962 SearchResultExecutorThread] - Done setting user context: NULL -> admin
02-06-2024 20:31:52.499 INFO  UserManager [25964 phase_1] - Setting user context: admin
02-06-2024 20:31:52.499 INFO  UserManager [25964 phase_1] - Done setting user context: NULL -> admin
02-06-2024 20:31:52.499 INFO  ReducePhaseExecutor [25964 phase_1] - Starting phase_1
02-06-2024 20:31:52.512 INFO  UnifiedSearch [25963 localCollectorThread] - No indexes to search
02-06-2024 20:31:52.512 INFO  SearchParser [25963 localCollectorThread] - PARSING: typer | tags
02-06-2024 20:31:52.529 INFO  FastTyper [25963 localCollectorThread] - found nodes count: comparisons=6, unique_comparisons=5, terms=4, unique_terms=4, phrases=12, unique_phrases=12, total leaves=22
02-06-2024 20:31:52.530 INFO  UnifiedSearch [25963 localCollectorThread] - Initialization of search data structures took 18 ms
02-06-2024 20:31:52.530 INFO  UnifiedSearch [25963 localCollectorThread] - Processed search targeting arguments
02-06-2024 20:31:52.531 INFO  StatsProcessorV2 [25963 localCollectorThread] - StatsV2 (stats) args: sum(Infiltrators), by, AttackVessel
02-06-2024 20:31:52.531 INFO  StatsProcessorV2 [25963 localCollectorThread] - StatsProcessorV2::processArguments: Unaligned accesses are free
02-06-2024 20:31:52.531 INFO  StatsAggregations [25963 localCollectorThread] - Instantiating Stats function sum for key=Infiltrators, alias=sum(Infiltrators)
02-06-2024 20:31:52.531 INFO  StatsContext [25963 localCollectorThread] - shouldFallbackToOldStats: _use_v2_level=USE_V2_ALL, fallback=false
02-06-2024 20:31:52.531 INFO  LocalCollector [25963 localCollectorThread] - Final required fields list = *,AttackVessel,Infiltrators,_bkt,_cd,_raw,_si,host,index,linecount,prestats_reserved_*,psrsvd_*,source,sourcetype,splunk_server
02-06-2024 20:31:52.531 INFO  UserManager [25963 localCollectorThread] - Unwound user context: admin -> NULL
02-06-2024 20:31:52.531 INFO  UserManager [25963 localCollectorThread] - Setting user context: admin
02-06-2024 20:31:52.531 INFO  UserManager [25963 localCollectorThread] - Done setting user context: NULL -> admin
02-06-2024 20:31:52.531 INFO  TimelineCreator [25964 phase_1] - Commit timeline at cursor=2147483647.000000
02-06-2024 20:31:52.532 INFO  UserManager [25963 localCollectorThread] - Unwound user context: admin -> NULL
02-06-2024 20:31:52.613 INFO  TimelineCreator [25964 phase_1] - Commit timeline at cursor=2147483647.000000
02-06-2024 20:31:52.615 INFO  TimelineCreator [25964 phase_1] - Commit timeline at cursor=2147483647.000000
02-06-2024 20:31:52.662 INFO  UserManager [25962 SearchResultExecutorThread] - Unwound user context: admin -> NULL
02-06-2024 20:31:52.671 INFO  TimelineCreator [25964 phase_1] - Commit timeline at cursor=0.000000
02-06-2024 20:31:52.671 INFO  TimelineCreator [25964 phase_1] - Commit timeline at cursor=0.000000
02-06-2024 20:31:52.672 INFO  TimelineCreator [25964 phase_1] - Commit timeline at cursor=0.000000
02-06-2024 20:31:52.672 INFO  TimelineCreator [25964 phase_1] - Commit timeline at cursor=0.000000
02-06-2024 20:31:52.672 INFO  ResultsCollationProcessor [25964 phase_1] - Writing remote_event_providers.csv to disk
02-06-2024 20:31:52.678 INFO  Timeliner [27289 EventDownloadInitializeCollectionThread] -  Sending POST request 'https://10.0.3.3:8089/services/search/remote/GOEL-SearchHead/1707251512.29/events?offset=0&count=819'
02-06-2024 20:31:52.701 INFO  Timeliner [27300 DownloadRemoteEventLoopRunner] - https://10.0.3.3:8089 No work units available, moving to idle
02-06-2024 20:31:52.713 INFO  Timeliner [25966 RemoteTimelineReadThread] - Stats[10.0.3.3] 1 / 23.00 / 0.00 / 23.00 / 529.00 / 0.00 / 700480
02-06-2024 20:31:52.713 INFO  Timeliner [25966 RemoteTimelineReadThread] - Stats[Collections] 1 / 33.00 / 0.00 / 33.00 / 1089.00 / 0.00 / 3260480
02-06-2024 20:31:52.715 INFO  DownloadRemoteDataTransaction [25964 phase_1] - Downloading logs from all remote event providers
02-06-2024 20:31:52.726 INFO  ReducePhaseExecutor [25964 phase_1] - Downloading all remote search.log files took 0.011 seconds
02-06-2024 20:31:52.726 INFO  DownloadRemoteDataTransaction [25964 phase_1] - Downloading logs from all remote event providers
02-06-2024 20:31:52.735 INFO  ReducePhaseExecutor [25964 phase_1] - Downloading all remote search_telemetry.json files took 0.010 seconds
02-06-2024 20:31:52.735 INFO  ReducePhaseExecutor [25964 phase_1] - Ending phase_1
02-06-2024 20:31:52.735 INFO  UserManager [25964 phase_1] - Unwound user context: admin -> NULL
02-06-2024 20:31:52.740 INFO  UserManager [25958 StatusEnforcerThread] - Unwound user context: admin -> NULL
02-06-2024 20:31:52.741 INFO  DispatchStorageManager [25954 searchOrchestrator] - Remote storage disabled for search artifacts.
02-06-2024 20:31:52.741 INFO  DispatchManager [25954 searchOrchestrator] - DispatchManager::dispatchHasFinished(id='1707251512.29', username='admin')
02-06-2024 20:31:52.741 INFO  UserManager [25954 searchOrchestrator] - Unwound user context: admin -> NULL
02-06-2024 20:31:52.743 INFO  SearchStatusEnforcer [25947 RunDispatch] - SearchStatusEnforcer is already terminated
02-06-2024 20:31:52.743 INFO  UserManager [25947 RunDispatch] - Unwound user context: admin -> NULL
02-06-2024 20:31:52.743 INFO  LookupDataProvider [25947 RunDispatch] - Clearing out lookup shared provider map
02-06-2024 20:31:52.750 INFO  dispatchRunner [29684 MainThread] - RunDispatch is done: sid=1707251512.29, exit=0
