02-06-2024 20:43:43.231 INFO  dispatchRunner [18274 MainThread] - Search process mode: preforked (first search in process) (build b985591d12fd).
02-06-2024 20:43:43.231 INFO  dispatchRunner [18274 MainThread] - initing LicenseMgr in search process: nonPro=0
02-06-2024 20:43:43.231 INFO  LMStackMgr [18274 MainThread] - Initializing CleMgr...
02-06-2024 20:43:43.231 INFO  LicenseMgr [18274 MainThread] - Initing LicenseMgr
02-06-2024 20:43:43.231 INFO  LMConfig [18274 MainThread] - serverName=GOEL-Indexer3 guid=A4B2739E-EC56-4B6D-9A88-3AA302EAA608
02-06-2024 20:43:43.233 INFO  LMConfig [18274 MainThread] - connection_timeout=30
02-06-2024 20:43:43.233 INFO  LMConfig [18274 MainThread] - send_timeout=30
02-06-2024 20:43:43.233 INFO  LMConfig [18274 MainThread] - receive_timeout=30
02-06-2024 20:43:43.233 INFO  LMConfig [18274 MainThread] - key=license_warnings_update_interval not found in licenser stanza of server.conf, defaulting=0
02-06-2024 20:43:43.233 INFO  LMConfig [18274 MainThread] - squash_threshold=2000
02-06-2024 20:43:43.233 INFO  LMConfig [18274 MainThread] - strict_pool_quota=1
02-06-2024 20:43:43.233 INFO  LMConfig [18274 MainThread] - key=pool_suggestion not found in licenser stanza of server.conf, defaulting=''
02-06-2024 20:43:43.233 INFO  LMConfig [18274 MainThread] - key=test_aws_metering not found in licenser stanza of server.conf, defaulting=0
02-06-2024 20:43:43.233 INFO  LMConfig [18274 MainThread] - key=test_aws_product_code not found in licenser stanza of server.conf, defaulting=0
02-06-2024 20:43:43.233 INFO  LicenseMgr [18274 MainThread] - Initing LicenseMgr runContext_splunkd=false
02-06-2024 20:43:43.233 INFO  LMStackMgr [18274 MainThread] - closing stack mgr
02-06-2024 20:43:43.233 INFO  LMSlaveInfo [18274 MainThread] - all slaves cleared
02-06-2024 20:43:43.233 INFO  LMStackMgr [18274 MainThread] - partial init only since node has remote master=https://10.0.3.7:8089
02-06-2024 20:43:43.233 INFO  LicenseMgr [18274 MainThread] - StackMgr init complete...
02-06-2024 20:43:43.233 INFO  LMTracker [18274 MainThread] - Setting default product type='enterprise'
02-06-2024 20:43:43.233 INFO  LMTracker [18274 MainThread] - this is not splunkd, will perform partial init
02-06-2024 20:43:43.233 INFO  LicenseMgr [18274 MainThread] - Tracker init complete...
02-06-2024 20:43:43.240 INFO  AdminManagerDispatch [18274 MainThread] - added factory for admin handler: 'licenses'
02-06-2024 20:43:43.240 INFO  AdminManagerDispatch [18274 MainThread] - added factory for admin handler: 'pools'
02-06-2024 20:43:43.240 INFO  AdminManagerDispatch [18274 MainThread] - added factory for admin handler: 'stacks'
02-06-2024 20:43:43.240 INFO  AdminManagerDispatch [18274 MainThread] - added factory for admin handler: 'groups'
02-06-2024 20:43:43.240 INFO  AdminManagerDispatch [18274 MainThread] - added factory for admin handler: 'slaves'
02-06-2024 20:43:43.240 INFO  AdminManagerDispatch [18274 MainThread] - added factory for admin handler: 'peers'
02-06-2024 20:43:43.240 INFO  AdminManagerDispatch [18274 MainThread] - added factory for admin handler: 'localslave'
02-06-2024 20:43:43.240 INFO  AdminManagerDispatch [18274 MainThread] - added factory for admin handler: 'localpeer'
02-06-2024 20:43:43.240 INFO  AdminManagerDispatch [18274 MainThread] - added factory for admin handler: 'licensermessages'
02-06-2024 20:43:43.240 INFO  AdminManagerDispatch [18274 MainThread] - added factory for admin handler: 'scriptedwarning'
02-06-2024 20:43:43.240 INFO  AdminManagerDispatch [18274 MainThread] - added factory for admin handler: 'licenseusage'
02-06-2024 20:43:43.240 INFO  LicenseMgr [18274 MainThread] - Initing LicenseMgr
02-06-2024 20:43:43.241 INFO  LMConfig [18274 MainThread] - serverName=GOEL-Indexer3 guid=A4B2739E-EC56-4B6D-9A88-3AA302EAA608
02-06-2024 20:43:43.241 INFO  LMConfig [18274 MainThread] - connection_timeout=30
02-06-2024 20:43:43.241 INFO  LMConfig [18274 MainThread] - send_timeout=30
02-06-2024 20:43:43.241 INFO  LMConfig [18274 MainThread] - receive_timeout=30
02-06-2024 20:43:43.241 INFO  LMConfig [18274 MainThread] - key=license_warnings_update_interval not found in licenser stanza of server.conf, defaulting=0
02-06-2024 20:43:43.241 INFO  LMConfig [18274 MainThread] - squash_threshold=2000
02-06-2024 20:43:43.241 INFO  LMConfig [18274 MainThread] - strict_pool_quota=1
02-06-2024 20:43:43.241 INFO  LMConfig [18274 MainThread] - key=pool_suggestion not found in licenser stanza of server.conf, defaulting=''
02-06-2024 20:43:43.241 INFO  LMConfig [18274 MainThread] - key=test_aws_metering not found in licenser stanza of server.conf, defaulting=0
02-06-2024 20:43:43.241 INFO  LMConfig [18274 MainThread] - key=test_aws_product_code not found in licenser stanza of server.conf, defaulting=0
02-06-2024 20:43:43.241 INFO  dispatchRunner [18274 MainThread] - Feature flag post-args={"v":1,"enabledFeatures":["stats:allow_stats_v2"],"disabledFeatures":["searchresults:srs2"]}
02-06-2024 20:43:43.241 INFO  SearchFeatureFlags [18274 MainThread] - Initializing feature flags from config. feature_seed=46947589
02-06-2024 20:43:43.241 INFO  SearchFeatureFlags [18274 MainThread] - Setting feature_flag=parallelreduce:enablePreview:true
02-06-2024 20:43:43.241 INFO  SearchFeatureFlags [18274 MainThread] - Setting feature_flag=search:search_retry:false
02-06-2024 20:43:43.241 INFO  SearchFeatureFlags [18274 MainThread] - Setting feature_flag=search:search_retry_realtime:false
02-06-2024 20:43:43.241 INFO  SearchFeatureFlags [18274 MainThread] - Setting feature_flag=parallelreduce:autoAppliedPercentage:false
02-06-2024 20:43:43.241 INFO  SearchFeatureFlags [18274 MainThread] - Setting feature_flag=subsearch:enableConcurrentPipelineProcessing:false
02-06-2024 20:43:43.241 INFO  SearchFeatureFlags [18274 MainThread] - Setting feature_flag=stats:allow_stats_v2:true
02-06-2024 20:43:43.241 INFO  SearchFeatureFlags [18274 MainThread] - Setting feature_flag=search_optimization::set_required_fields:stats:false
02-06-2024 20:43:43.241 INFO  SearchFeatureFlags [18274 MainThread] - Setting feature_flag=searchresults:srs2:false
02-06-2024 20:43:43.241 INFO  SearchFeatureFlags [18274 MainThread] - Setting feature_flag=search:read_final_results_from_timeliner:true
02-06-2024 20:43:43.241 INFO  SearchFeatureFlags [18274 MainThread] - Overlaying SearchFeatureFlags from jsonNode={"v":1,"enabledFeatures":["stats:allow_stats_v2"],"disabledFeatures":["searchresults:srs2"]}
02-06-2024 20:43:43.241 INFO  dispatchRunner [18274 MainThread] - registering build time modules, count=1
02-06-2024 20:43:43.241 INFO  dispatchRunner [18274 MainThread] - registering search time components of build time module name=vix
02-06-2024 20:43:43.241 INFO  dispatchRunner [18274 MainThread] - Getting search configuration data from: /opt/splunk/etc/modules/parsing/config.xml
02-06-2024 20:43:43.247 WARN  SSLOptions [18274 MainThread] - server.conf/[kvstore]/sslVerifyServerCert is false disabling certificate validation; must be set to "true" for increased security
02-06-2024 20:43:43.248 INFO  BundlesSetup [18274 MainThread] - Setup stats for /opt/splunk/var/run/searchpeers/GOEL-SearchHead-1707251292: wallclock_elapsed_msec=14, cpu_time_used=0.0148418, shared_services_generation=2, shared_services_population=1
02-06-2024 20:43:43.263 INFO  UserManagerPro [18274 MainThread] - Load authentication: forcing roles="admin, can_delete, power, user"
02-06-2024 20:43:43.263 INFO  PipelineComponent [18274 MainThread] - Ingestion pipeline sets have been configured to use pipeline set policy=round_robin for multiple pipeline sets.
02-06-2024 20:43:43.264 INFO  UserManager [19263 RunDispatch] - Setting user context: splunk-system-user
02-06-2024 20:43:43.264 INFO  UserManager [19263 RunDispatch] - Done setting user context: NULL -> splunk-system-user
02-06-2024 20:43:43.264 INFO  UserManager [19263 RunDispatch] - Unwound user context: splunk-system-user -> NULL
02-06-2024 20:43:43.264 INFO  UserManager [19263 RunDispatch] - Setting user context: admin
02-06-2024 20:43:43.264 INFO  UserManager [19263 RunDispatch] - Done setting user context: NULL -> admin
02-06-2024 20:43:43.264 INFO  dispatchRunner [19263 RunDispatch] - search context: user="admin", app="search", bs-pathname="/opt/splunk/var/run/searchpeers/GOEL-SearchHead-1707251292"
02-06-2024 20:43:43.271 WARN  IndexConfig [19263 RunDispatch] - Home path size limit cannot accomodate maximum number of hot buckets with specified bucket size because homePath.maxDataSizeMB is too small. Please check your index configuration: idx=bcgames maxDataSize=750 MB, homePath.maxDataSizeMB=1000 MB
02-06-2024 20:43:43.271 WARN  IndexConfig [19263 RunDispatch] - Max bucket size is larger than destination path size limit. Please check your index configuration. idx=infra; bucket size in (from maxDataSize) 750 MB, homePath.maxDataSizeMB=100,  coldPath.maxDataSizeMB=100
02-06-2024 20:43:43.271 WARN  IndexConfig [19263 RunDispatch] - Home path size limit cannot accomodate maximum number of hot buckets with specified bucket size because homePath.maxDataSizeMB is too small. Please check your index configuration: idx=infra maxDataSize=750 MB, homePath.maxDataSizeMB=100 MB
02-06-2024 20:43:43.271 WARN  IndexConfig [19263 RunDispatch] - Max bucket size is larger than destination path size limit. Please check your index configuration. idx=soc; bucket size in (from maxDataSize) 750 MB, homePath.maxDataSizeMB=100,  coldPath.maxDataSizeMB=100
02-06-2024 20:43:43.271 WARN  IndexConfig [19263 RunDispatch] - Home path size limit cannot accomodate maximum number of hot buckets with specified bucket size because homePath.maxDataSizeMB is too small. Please check your index configuration: idx=soc maxDataSize=750 MB, homePath.maxDataSizeMB=100 MB
02-06-2024 20:43:43.272 INFO  SearchParser [19263 RunDispatch] - PARSING: litsearch (index=_* log_level=WARN bcgames bucket) | fields  keepcolorder=t "*" "_bkt" "_cd" "_si" "host" "index" "linecount" "source" "sourcetype" "splunk_server"  | remotetl  nb=300 et=1707248580.000000 lt=1707252223.000000 remove=true max_count=1000 max_prefetch=100
02-06-2024 20:43:43.272 INFO  SearchParser [19263 RunDispatch] - PARSING: litsearch (index=_* log_level=WARN bcgames bucket) | fields  keepcolorder=t "*" "_bkt" "_cd" "_si" "host" "index" "linecount" "source" "sourcetype" "splunk_server"  | remotetl  nb=300 et=1707248580.000000 lt=1707252223.000000 remove=true max_count=1000 max_prefetch=100
02-06-2024 20:43:43.272 INFO  UserManager [19263 RunDispatch] - Setting user context: splunk-system-user
02-06-2024 20:43:43.272 INFO  UserManager [19263 RunDispatch] - Done setting user context: admin -> splunk-system-user
02-06-2024 20:43:43.272 INFO  UserManager [19263 RunDispatch] - Setting user context: admin
02-06-2024 20:43:43.272 INFO  UserManager [19263 RunDispatch] - Done setting user context: splunk-system-user -> admin
02-06-2024 20:43:43.274 INFO  SearchProcessor [19263 RunDispatch] - Filtered out a metric type index '_metrics' because the command does not support it.
02-06-2024 20:43:43.274 INFO  SearchProcessor [19263 RunDispatch] - Filtered out a metric type index '_metrics_rollup' because the command does not support it.
02-06-2024 20:43:43.274 INFO  UserManager [19263 RunDispatch] - Unwound user context: admin -> splunk-system-user
02-06-2024 20:43:43.274 INFO  UserManager [19263 RunDispatch] - Unwound user context: splunk-system-user -> admin
02-06-2024 20:43:43.274 INFO  DispatchCommandProcessor [19263 RunDispatch] - Search requires the following indexes="[_audit,_configtracker,_internal,_introspection,_telemetry,_thefishbucket]"
02-06-2024 20:43:43.274 INFO  IndexReaderIf [19263 RunDispatch] - Loading Clustering bucket manifest file=/opt/splunk/var/run/splunk/cluster/search-buckets/search_sitedefault_gen115.csv.gz
02-06-2024 20:43:43.274 INFO  DatabaseDirectoryManager [19263 RunDispatch] - initDDMsFromSearchBucketManifest path=/opt/splunk/var/run/splunk/cluster/search-buckets/search_sitedefault_gen115.csv.gz, indexWhiteList_size=6
02-06-2024 20:43:43.275 INFO  CMBucketId [19263 RunDispatch] - CMIndexId: New indexName=_telemetry inserted, mapping to id=1
02-06-2024 20:43:43.275 INFO  CMBucketId [19263 RunDispatch] - CMIndexId: New indexName=_audit inserted, mapping to id=2
02-06-2024 20:43:43.275 INFO  CMBucketId [19263 RunDispatch] - CMIndexId: New indexName=_internal inserted, mapping to id=3
02-06-2024 20:43:43.275 INFO  dispatchRunner [19263 RunDispatch] - SearchPeerInitSearchMs=11
02-06-2024 20:43:43.275 INFO  dispatchRunner [19263 RunDispatch] - Serial search pipeline for streaming search being launched.
02-06-2024 20:43:43.275 INFO  SearchParser [19263 RunDispatch] - PARSING: litsearch (index=_* log_level=WARN bcgames bucket) | fields  keepcolorder=t "*" "_bkt" "_cd" "_si" "host" "index" "linecount" "source" "sourcetype" "splunk_server"  | remotetl  nb=300 et=1707248580.000000 lt=1707252223.000000 remove=true max_count=1000 max_prefetch=100
02-06-2024 20:43:43.317 INFO  SearchProcessor [19263 RunDispatch] - Filtered out a metric type index '_metrics' because the command does not support it.
02-06-2024 20:43:43.317 INFO  SearchProcessor [19263 RunDispatch] - Filtered out a metric type index '_metrics_rollup' because the command does not support it.
02-06-2024 20:43:43.317 INFO  SearchParser [19263 RunDispatch] - PARSING: typer | tags
02-06-2024 20:43:43.326 INFO  FastTyper [19263 RunDispatch] - found nodes count: comparisons=6, unique_comparisons=5, terms=4, unique_terms=4, phrases=12, unique_phrases=12, total leaves=22
02-06-2024 20:43:43.329 INFO  UserManager [19263 RunDispatch] - Setting user context: admin
02-06-2024 20:43:43.329 INFO  UserManager [19263 RunDispatch] - Done setting user context: admin -> admin
02-06-2024 20:43:43.329 INFO  FastSearchFilter [19263 RunDispatch] - Finished initializing IndexScopedFilter - trivial=0, nTerms=3, oTerms=0, host=0, source=0, sourcetype=0, linecount=0 exactCustomCmp=0
02-06-2024 20:43:43.329 INFO  UserManager [19263 RunDispatch] - Unwound user context: admin -> admin
02-06-2024 20:43:43.329 INFO  IndexScopedSearch [19263 RunDispatch] -  IndexScopedSearch is called for index = _audit, et = 1707248580.000000000, lt = 1707252223.000000000, index_et = -9223372036854775808.000000000, index_lt = 9223372036854775807.999999000, noRead = FALSE
02-06-2024 20:43:43.329 INFO  IndexScopedSearch [19263 RunDispatch] - ct=1707252223.000000 et=1707248580.000000 lt=1707252223.000000 dbsize=7
02-06-2024 20:43:43.330 INFO  UserManager [19263 RunDispatch] - Setting user context: admin
02-06-2024 20:43:43.330 INFO  UserManager [19263 RunDispatch] - Done setting user context: admin -> admin
02-06-2024 20:43:43.330 INFO  FastSearchFilter [19263 RunDispatch] - Finished initializing IndexScopedFilter - trivial=0, nTerms=3, oTerms=0, host=0, source=0, sourcetype=0, linecount=0 exactCustomCmp=0
02-06-2024 20:43:43.330 INFO  UserManager [19263 RunDispatch] - Unwound user context: admin -> admin
02-06-2024 20:43:43.330 INFO  IndexScopedSearch [19263 RunDispatch] -  IndexScopedSearch is called for index = _configtracker, et = 1707248580.000000000, lt = 1707252223.000000000, index_et = -9223372036854775808.000000000, index_lt = 9223372036854775807.999999000, noRead = FALSE
02-06-2024 20:43:43.330 INFO  CMBucketId [19263 RunDispatch] - CMIndexId: New indexName=_configtracker inserted, mapping to id=4
02-06-2024 20:43:43.330 INFO  IndexScopedSearch [19263 RunDispatch] - ct=1707252223.000000 et=1707248580.000000 lt=1707252223.000000 dbsize=2
02-06-2024 20:43:43.331 INFO  UserManager [19263 RunDispatch] - Setting user context: admin
02-06-2024 20:43:43.331 INFO  UserManager [19263 RunDispatch] - Done setting user context: admin -> admin
02-06-2024 20:43:43.331 INFO  FastSearchFilter [19263 RunDispatch] - Finished initializing IndexScopedFilter - trivial=0, nTerms=3, oTerms=0, host=0, source=0, sourcetype=0, linecount=0 exactCustomCmp=0
02-06-2024 20:43:43.331 INFO  UserManager [19263 RunDispatch] - Unwound user context: admin -> admin
02-06-2024 20:43:43.331 INFO  IndexScopedSearch [19263 RunDispatch] -  IndexScopedSearch is called for index = _internal, et = 1707248580.000000000, lt = 1707252223.000000000, index_et = -9223372036854775808.000000000, index_lt = 9223372036854775807.999999000, noRead = FALSE
02-06-2024 20:43:43.331 INFO  IndexScopedSearch [19263 RunDispatch] - ct=1707252223.000000 et=1707248580.000000 lt=1707252223.000000 dbsize=11
02-06-2024 20:43:43.332 INFO  UserManager [19263 RunDispatch] - Setting user context: admin
02-06-2024 20:43:43.332 INFO  UserManager [19263 RunDispatch] - Done setting user context: admin -> admin
02-06-2024 20:43:43.332 INFO  FastSearchFilter [19263 RunDispatch] - Finished initializing IndexScopedFilter - trivial=0, nTerms=3, oTerms=0, host=0, source=0, sourcetype=0, linecount=0 exactCustomCmp=0
02-06-2024 20:43:43.332 INFO  UserManager [19263 RunDispatch] - Unwound user context: admin -> admin
02-06-2024 20:43:43.332 INFO  IndexScopedSearch [19263 RunDispatch] -  IndexScopedSearch is called for index = _introspection, et = 1707248580.000000000, lt = 1707252223.000000000, index_et = -9223372036854775808.000000000, index_lt = 9223372036854775807.999999000, noRead = FALSE
02-06-2024 20:43:43.332 INFO  CMBucketId [19263 RunDispatch] - CMIndexId: New indexName=_introspection inserted, mapping to id=5
02-06-2024 20:43:43.332 INFO  IndexScopedSearch [19263 RunDispatch] - ct=1707252223.000000 et=1707248580.000000 lt=1707252223.000000 dbsize=3
02-06-2024 20:43:43.333 INFO  UserManager [19263 RunDispatch] - Setting user context: admin
02-06-2024 20:43:43.333 INFO  UserManager [19263 RunDispatch] - Done setting user context: admin -> admin
02-06-2024 20:43:43.333 INFO  FastSearchFilter [19263 RunDispatch] - Finished initializing IndexScopedFilter - trivial=0, nTerms=3, oTerms=0, host=0, source=0, sourcetype=0, linecount=0 exactCustomCmp=0
02-06-2024 20:43:43.333 INFO  UserManager [19263 RunDispatch] - Unwound user context: admin -> admin
02-06-2024 20:43:43.333 INFO  IndexScopedSearch [19263 RunDispatch] -  IndexScopedSearch is called for index = _telemetry, et = 1707248580.000000000, lt = 1707252223.000000000, index_et = -9223372036854775808.000000000, index_lt = 9223372036854775807.999999000, noRead = FALSE
02-06-2024 20:43:43.333 INFO  IndexScopedSearch [19263 RunDispatch] - ct=1707252223.000000 et=1707248580.000000 lt=1707252223.000000 dbsize=2
02-06-2024 20:43:43.334 INFO  UserManager [19263 RunDispatch] - Setting user context: admin
02-06-2024 20:43:43.334 INFO  UserManager [19263 RunDispatch] - Done setting user context: admin -> admin
02-06-2024 20:43:43.334 INFO  FastSearchFilter [19263 RunDispatch] - Finished initializing IndexScopedFilter - trivial=0, nTerms=3, oTerms=0, host=0, source=0, sourcetype=0, linecount=0 exactCustomCmp=0
02-06-2024 20:43:43.334 INFO  UserManager [19263 RunDispatch] - Unwound user context: admin -> admin
02-06-2024 20:43:43.334 INFO  IndexScopedSearch [19263 RunDispatch] -  IndexScopedSearch is called for index = _thefishbucket, et = 1707248580.000000000, lt = 1707252223.000000000, index_et = -9223372036854775808.000000000, index_lt = 9223372036854775807.999999000, noRead = FALSE
02-06-2024 20:43:43.334 INFO  IndexScopedSearch [19263 RunDispatch] - ct=1707252223.000000 et=1707248580.000000 lt=1707252223.000000 dbsize=0
02-06-2024 20:43:43.334 INFO  UnifiedSearch [19263 RunDispatch] - Initialization of search data structures took 18 ms
02-06-2024 20:43:43.335 INFO  UnifiedSearch [19263 RunDispatch] - Processed search targeting arguments
02-06-2024 20:43:43.368 INFO  SearchPipelineExecutor [19263 RunDispatch] - Number of StreamSearch pipelines launched=1
02-06-2024 20:43:43.368 INFO  SearchPipelineExecutor [19263 RunDispatch] - Starting to transmit serialized search results.
02-06-2024 20:43:43.368 INFO  SearchPipelineExecutor [19273 NormSerializeExecutorThread] - NormSerializeExecutorThread pipeline=0 is started in its own thread.
02-06-2024 20:43:43.368 INFO  SearchPipelineExecutor [19270 StreamSearch] - StreamSearch pipeline=0 is started in its own thread
02-06-2024 20:43:43.368 INFO  UserManager [19270 StreamSearch] - Setting user context: admin
02-06-2024 20:43:43.368 INFO  UserManager [19270 StreamSearch] - Done setting user context: NULL -> admin
02-06-2024 20:43:43.456 INFO  Timeliner [19270 StreamSearch] - Emitted 20 full events to info._remotetl_events
02-06-2024 20:43:43.457 WARN  SRSSerializer [19273 NormSerializeExecutorThread] - writing 0 cols! field list=0
02-06-2024 20:43:43.489 WARN  SearchOperator:kv [19270 StreamSearch] - buildRegexList provided empty conf key, ignoring.
02-06-2024 20:43:43.490 INFO  Timeliner [19270 StreamSearch] - Emitted 80 full events to info._remotetl_events
02-06-2024 20:43:43.492 WARN  SRSSerializer [19273 NormSerializeExecutorThread] - writing 0 cols! field list=0
02-06-2024 20:43:43.492 INFO  SearchPipelineExecutor [19270 StreamSearch] - Finished streaming: results.count=0
02-06-2024 20:43:43.492 INFO  UserManager [19270 StreamSearch] - Unwound user context: admin -> NULL
02-06-2024 20:43:43.492 INFO  SearchPipelineExecutor [19270 StreamSearch] - StreamSearch pipleine=0 is finished.
02-06-2024 20:43:43.493 WARN  SRSSerializer [19273 NormSerializeExecutorThread] - writing 0 cols! field list=0
02-06-2024 20:43:43.494 WARN  SRSSerializer [19273 NormSerializeExecutorThread] - writing 0 cols! field list=0
02-06-2024 20:43:43.495 INFO  SearchPipelineExecutor [19273 NormSerializeExecutorThread] - NormSerializeExecutorThread pipeline=0 is finished.
02-06-2024 20:43:43.495 INFO  SearchPipelineExecutor [19263 RunDispatch] - Done transmitting serialized search results, total bytes transmitted 186042.
02-06-2024 20:43:43.495 INFO  dispatchRunner [19263 RunDispatch] - Done with streaming search.
02-06-2024 20:43:43.495 INFO  SearchOperator:kv [19263 RunDispatch] - Extractor stats: name=_autoKvStats, probes=2, total_time_ms=0, max_time_ms=0
02-06-2024 20:43:43.495 INFO  SearchOperator:kv [19263 RunDispatch] - Extractor stats: name=(?i)^(?:[^ ]* ){2}(?:[+\-]\d+ )?(?P<log_level>[^ ]*)\s+(?P<component>[^ ]+) (?:\[(?P<thread_id>\d+)\s)?(?:(?P<thread_name>[^\]]+)\]\s)?- (?P<event_message>.+), probes=4, total_time_ms=0, max_time_ms=0
02-06-2024 20:43:43.495 INFO  SearchOperator:kv [19263 RunDispatch] - Extractor stats: name=remote_searches_extractions_starting, probes=1, total_time_ms=0, max_time_ms=0
02-06-2024 20:43:43.495 INFO  SearchOperator:kv [19263 RunDispatch] - Extractor stats: name=remote_searches_extractions_starting_fallback, probes=2, total_time_ms=0, max_time_ms=0
02-06-2024 20:43:43.495 INFO  SearchOperator:kv [19263 RunDispatch] - Extractor stats: name=remote_searches_extractions_terminated, probes=2, total_time_ms=0, max_time_ms=0
02-06-2024 20:43:43.495 WARN  SearchOperator:kv [19263 RunDispatch] - Exceeded the maximum number of field extractions configured in limits.conf / [kv] / limit=100. Skipped extraction of fields="b,pool,poolsz"
02-06-2024 20:43:43.495 INFO  ISearchOperator [19263 RunDispatch] - 0x7fb482f5d000 PREAD_HISTOGRAM: usec_1_8=871 usec_8_64=5 usec_64_512=1 usec_512_4096=0 usec_4096_32768=0 usec_32768_262144=0 usec_262144_INF=0 
02-06-2024 20:43:43.496 INFO  ISearchOperator [19263 RunDispatch] - 0x7fb482f5d800 PREAD_HISTOGRAM: usec_1_8=202 usec_8_64=0 usec_64_512=0 usec_512_4096=0 usec_4096_32768=0 usec_32768_262144=0 usec_262144_INF=0 
02-06-2024 20:43:43.496 INFO  SearchPipelineExecutor [19263 RunDispatch] - Streamed Search Index Orchestrator has been shutdown.
02-06-2024 20:43:43.496 INFO  UserManager [19263 RunDispatch] - Unwound user context: admin -> NULL
02-06-2024 20:43:43.496 INFO  LookupDataProvider [19263 RunDispatch] - Clearing out lookup shared provider map
02-06-2024 20:43:43.497 INFO  dispatchRunner [18274 MainThread] - RunDispatch is done: sid=remote_GOEL-SearchHead_1707252223.41, exit=0
