02-06-2024 20:43:13.651 INFO  dispatchRunner [18274 MainThread] - Search process mode: preforked (first search in process) (build b985591d12fd).
02-06-2024 20:43:13.651 INFO  dispatchRunner [18274 MainThread] - initing LicenseMgr in search process: nonPro=0
02-06-2024 20:43:13.696 INFO  LMStackMgr [18274 MainThread] - Initializing CleMgr...
02-06-2024 20:43:13.696 INFO  LicenseMgr [18274 MainThread] - Initing LicenseMgr
02-06-2024 20:43:13.696 INFO  LMConfig [18274 MainThread] - serverName=GOEL-Indexer3 guid=A4B2739E-EC56-4B6D-9A88-3AA302EAA608
02-06-2024 20:43:13.700 INFO  LMConfig [18274 MainThread] - connection_timeout=30
02-06-2024 20:43:13.700 INFO  LMConfig [18274 MainThread] - send_timeout=30
02-06-2024 20:43:13.700 INFO  LMConfig [18274 MainThread] - receive_timeout=30
02-06-2024 20:43:13.700 INFO  LMConfig [18274 MainThread] - key=license_warnings_update_interval not found in licenser stanza of server.conf, defaulting=0
02-06-2024 20:43:13.700 INFO  LMConfig [18274 MainThread] - squash_threshold=2000
02-06-2024 20:43:13.700 INFO  LMConfig [18274 MainThread] - strict_pool_quota=1
02-06-2024 20:43:13.700 INFO  LMConfig [18274 MainThread] - key=pool_suggestion not found in licenser stanza of server.conf, defaulting=''
02-06-2024 20:43:13.700 INFO  LMConfig [18274 MainThread] - key=test_aws_metering not found in licenser stanza of server.conf, defaulting=0
02-06-2024 20:43:13.700 INFO  LMConfig [18274 MainThread] - key=test_aws_product_code not found in licenser stanza of server.conf, defaulting=0
02-06-2024 20:43:13.700 INFO  LicenseMgr [18274 MainThread] - Initing LicenseMgr runContext_splunkd=false
02-06-2024 20:43:13.700 INFO  LMStackMgr [18274 MainThread] - closing stack mgr
02-06-2024 20:43:13.700 INFO  LMSlaveInfo [18274 MainThread] - all slaves cleared
02-06-2024 20:43:13.700 INFO  LMStackMgr [18274 MainThread] - partial init only since node has remote master=https://10.0.3.7:8089
02-06-2024 20:43:13.700 INFO  LicenseMgr [18274 MainThread] - StackMgr init complete...
02-06-2024 20:43:13.700 INFO  LMTracker [18274 MainThread] - Setting default product type='enterprise'
02-06-2024 20:43:13.700 INFO  LMTracker [18274 MainThread] - this is not splunkd, will perform partial init
02-06-2024 20:43:13.700 INFO  LicenseMgr [18274 MainThread] - Tracker init complete...
02-06-2024 20:43:13.810 INFO  AdminManagerDispatch [18274 MainThread] - added factory for admin handler: 'licenses'
02-06-2024 20:43:13.810 INFO  AdminManagerDispatch [18274 MainThread] - added factory for admin handler: 'pools'
02-06-2024 20:43:13.810 INFO  AdminManagerDispatch [18274 MainThread] - added factory for admin handler: 'stacks'
02-06-2024 20:43:13.810 INFO  AdminManagerDispatch [18274 MainThread] - added factory for admin handler: 'groups'
02-06-2024 20:43:13.810 INFO  AdminManagerDispatch [18274 MainThread] - added factory for admin handler: 'slaves'
02-06-2024 20:43:13.810 INFO  AdminManagerDispatch [18274 MainThread] - added factory for admin handler: 'peers'
02-06-2024 20:43:13.810 INFO  AdminManagerDispatch [18274 MainThread] - added factory for admin handler: 'localslave'
02-06-2024 20:43:13.810 INFO  AdminManagerDispatch [18274 MainThread] - added factory for admin handler: 'localpeer'
02-06-2024 20:43:13.810 INFO  AdminManagerDispatch [18274 MainThread] - added factory for admin handler: 'licensermessages'
02-06-2024 20:43:13.810 INFO  AdminManagerDispatch [18274 MainThread] - added factory for admin handler: 'scriptedwarning'
02-06-2024 20:43:13.810 INFO  AdminManagerDispatch [18274 MainThread] - added factory for admin handler: 'licenseusage'
02-06-2024 20:43:13.810 INFO  LicenseMgr [18274 MainThread] - Initing LicenseMgr
02-06-2024 20:43:13.810 INFO  LMConfig [18274 MainThread] - serverName=GOEL-Indexer3 guid=A4B2739E-EC56-4B6D-9A88-3AA302EAA608
02-06-2024 20:43:13.810 INFO  LMConfig [18274 MainThread] - connection_timeout=30
02-06-2024 20:43:13.810 INFO  LMConfig [18274 MainThread] - send_timeout=30
02-06-2024 20:43:13.810 INFO  LMConfig [18274 MainThread] - receive_timeout=30
02-06-2024 20:43:13.810 INFO  LMConfig [18274 MainThread] - key=license_warnings_update_interval not found in licenser stanza of server.conf, defaulting=0
02-06-2024 20:43:13.810 INFO  LMConfig [18274 MainThread] - squash_threshold=2000
02-06-2024 20:43:13.810 INFO  LMConfig [18274 MainThread] - strict_pool_quota=1
02-06-2024 20:43:13.810 INFO  LMConfig [18274 MainThread] - key=pool_suggestion not found in licenser stanza of server.conf, defaulting=''
02-06-2024 20:43:13.810 INFO  LMConfig [18274 MainThread] - key=test_aws_metering not found in licenser stanza of server.conf, defaulting=0
02-06-2024 20:43:13.810 INFO  LMConfig [18274 MainThread] - key=test_aws_product_code not found in licenser stanza of server.conf, defaulting=0
02-06-2024 20:43:13.810 INFO  dispatchRunner [18274 MainThread] - Feature flag post-args={"v":1,"enabledFeatures":["stats:allow_stats_v2"],"disabledFeatures":["searchresults:srs2"]}
02-06-2024 20:43:13.810 INFO  SearchFeatureFlags [18274 MainThread] - Initializing feature flags from config. feature_seed=46947589
02-06-2024 20:43:13.810 INFO  SearchFeatureFlags [18274 MainThread] - Setting feature_flag=parallelreduce:enablePreview:true
02-06-2024 20:43:13.810 INFO  SearchFeatureFlags [18274 MainThread] - Setting feature_flag=search:search_retry:false
02-06-2024 20:43:13.810 INFO  SearchFeatureFlags [18274 MainThread] - Setting feature_flag=search:search_retry_realtime:false
02-06-2024 20:43:13.810 INFO  SearchFeatureFlags [18274 MainThread] - Setting feature_flag=parallelreduce:autoAppliedPercentage:false
02-06-2024 20:43:13.810 INFO  SearchFeatureFlags [18274 MainThread] - Setting feature_flag=subsearch:enableConcurrentPipelineProcessing:false
02-06-2024 20:43:13.810 INFO  SearchFeatureFlags [18274 MainThread] - Setting feature_flag=stats:allow_stats_v2:true
02-06-2024 20:43:13.810 INFO  SearchFeatureFlags [18274 MainThread] - Setting feature_flag=search_optimization::set_required_fields:stats:false
02-06-2024 20:43:13.810 INFO  SearchFeatureFlags [18274 MainThread] - Setting feature_flag=searchresults:srs2:false
02-06-2024 20:43:13.810 INFO  SearchFeatureFlags [18274 MainThread] - Setting feature_flag=search:read_final_results_from_timeliner:true
02-06-2024 20:43:13.810 INFO  SearchFeatureFlags [18274 MainThread] - Overlaying SearchFeatureFlags from jsonNode={"v":1,"enabledFeatures":["stats:allow_stats_v2"],"disabledFeatures":["searchresults:srs2"]}
02-06-2024 20:43:13.811 INFO  dispatchRunner [18274 MainThread] - registering build time modules, count=1
02-06-2024 20:43:13.811 INFO  dispatchRunner [18274 MainThread] - registering search time components of build time module name=vix
02-06-2024 20:43:13.811 INFO  dispatchRunner [18274 MainThread] - Getting search configuration data from: /opt/splunk/etc/modules/parsing/config.xml
02-06-2024 20:43:13.880 WARN  SSLOptions [18274 MainThread] - server.conf/[kvstore]/sslVerifyServerCert is false disabling certificate validation; must be set to "true" for increased security
02-06-2024 20:43:13.900 INFO  BundlesSetup [18274 MainThread] - Setup stats for /opt/splunk/var/run/searchpeers/GOEL-SearchHead-1707251292: wallclock_elapsed_msec=169, cpu_time_used=0.0206963, shared_services_generation=2, shared_services_population=1
02-06-2024 20:43:14.052 INFO  UserManagerPro [18274 MainThread] - Load authentication: forcing roles="admin, can_delete, power, user"
02-06-2024 20:43:14.052 INFO  PipelineComponent [18274 MainThread] - Ingestion pipeline sets have been configured to use pipeline set policy=round_robin for multiple pipeline sets.
02-06-2024 20:43:14.079 INFO  UserManager [18677 RunDispatch] - Setting user context: splunk-system-user
02-06-2024 20:43:14.079 INFO  UserManager [18677 RunDispatch] - Done setting user context: NULL -> splunk-system-user
02-06-2024 20:43:14.080 INFO  UserManager [18677 RunDispatch] - Unwound user context: splunk-system-user -> NULL
02-06-2024 20:43:14.080 INFO  UserManager [18677 RunDispatch] - Setting user context: admin
02-06-2024 20:43:14.080 INFO  UserManager [18677 RunDispatch] - Done setting user context: NULL -> admin
02-06-2024 20:43:14.080 INFO  dispatchRunner [18677 RunDispatch] - search context: user="admin", app="search", bs-pathname="/opt/splunk/var/run/searchpeers/GOEL-SearchHead-1707251292"
02-06-2024 20:43:14.115 WARN  IndexConfig [18677 RunDispatch] - Home path size limit cannot accomodate maximum number of hot buckets with specified bucket size because homePath.maxDataSizeMB is too small. Please check your index configuration: idx=bcgames maxDataSize=750 MB, homePath.maxDataSizeMB=1000 MB
02-06-2024 20:43:14.115 WARN  IndexConfig [18677 RunDispatch] - Max bucket size is larger than destination path size limit. Please check your index configuration. idx=infra; bucket size in (from maxDataSize) 750 MB, homePath.maxDataSizeMB=100,  coldPath.maxDataSizeMB=100
02-06-2024 20:43:14.115 WARN  IndexConfig [18677 RunDispatch] - Home path size limit cannot accomodate maximum number of hot buckets with specified bucket size because homePath.maxDataSizeMB is too small. Please check your index configuration: idx=infra maxDataSize=750 MB, homePath.maxDataSizeMB=100 MB
02-06-2024 20:43:14.115 WARN  IndexConfig [18677 RunDispatch] - Max bucket size is larger than destination path size limit. Please check your index configuration. idx=soc; bucket size in (from maxDataSize) 750 MB, homePath.maxDataSizeMB=100,  coldPath.maxDataSizeMB=100
02-06-2024 20:43:14.115 WARN  IndexConfig [18677 RunDispatch] - Home path size limit cannot accomodate maximum number of hot buckets with specified bucket size because homePath.maxDataSizeMB is too small. Please check your index configuration: idx=soc maxDataSize=750 MB, homePath.maxDataSizeMB=100 MB
02-06-2024 20:43:14.121 INFO  SearchParser [18677 RunDispatch] - PARSING: litsearch (index=_* log_level=WARN bcgames bucket) | fields  keepcolorder=t "*" "_bkt" "_cd" "_si" "host" "index" "linecount" "source" "sourcetype" "splunk_server"  | remotetl  nb=300 et=1707248580.000000 lt=1707252192.000000 remove=true max_count=1000 max_prefetch=100
02-06-2024 20:43:14.121 INFO  SearchParser [18677 RunDispatch] - PARSING: litsearch (index=_* log_level=WARN bcgames bucket) | fields  keepcolorder=t "*" "_bkt" "_cd" "_si" "host" "index" "linecount" "source" "sourcetype" "splunk_server"  | remotetl  nb=300 et=1707248580.000000 lt=1707252192.000000 remove=true max_count=1000 max_prefetch=100
02-06-2024 20:43:14.121 INFO  UserManager [18677 RunDispatch] - Setting user context: splunk-system-user
02-06-2024 20:43:14.121 INFO  UserManager [18677 RunDispatch] - Done setting user context: admin -> splunk-system-user
02-06-2024 20:43:14.121 INFO  UserManager [18677 RunDispatch] - Setting user context: admin
02-06-2024 20:43:14.121 INFO  UserManager [18677 RunDispatch] - Done setting user context: splunk-system-user -> admin
02-06-2024 20:43:14.138 INFO  SearchProcessor [18677 RunDispatch] - Filtered out a metric type index '_metrics' because the command does not support it.
02-06-2024 20:43:14.138 INFO  SearchProcessor [18677 RunDispatch] - Filtered out a metric type index '_metrics_rollup' because the command does not support it.
02-06-2024 20:43:14.138 INFO  UserManager [18677 RunDispatch] - Unwound user context: admin -> splunk-system-user
02-06-2024 20:43:14.138 INFO  UserManager [18677 RunDispatch] - Unwound user context: splunk-system-user -> admin
02-06-2024 20:43:14.138 INFO  DispatchCommandProcessor [18677 RunDispatch] - Search requires the following indexes="[_audit,_configtracker,_internal,_introspection,_telemetry,_thefishbucket]"
02-06-2024 20:43:14.138 INFO  IndexReaderIf [18677 RunDispatch] - Loading Clustering bucket manifest file=/opt/splunk/var/run/splunk/cluster/search-buckets/search_sitedefault_gen109.csv.gz
02-06-2024 20:43:14.138 INFO  DatabaseDirectoryManager [18677 RunDispatch] - initDDMsFromSearchBucketManifest path=/opt/splunk/var/run/splunk/cluster/search-buckets/search_sitedefault_gen109.csv.gz, indexWhiteList_size=6
02-06-2024 20:43:14.138 INFO  CMBucketId [18677 RunDispatch] - CMIndexId: New indexName=_audit inserted, mapping to id=1
02-06-2024 20:43:14.139 INFO  CMBucketId [18677 RunDispatch] - CMIndexId: New indexName=_internal inserted, mapping to id=2
02-06-2024 20:43:14.141 INFO  dispatchRunner [18677 RunDispatch] - SearchPeerInitSearchMs=61
02-06-2024 20:43:14.141 INFO  dispatchRunner [18677 RunDispatch] - Serial search pipeline for streaming search being launched.
02-06-2024 20:43:14.141 INFO  SearchParser [18677 RunDispatch] - PARSING: litsearch (index=_* log_level=WARN bcgames bucket) | fields  keepcolorder=t "*" "_bkt" "_cd" "_si" "host" "index" "linecount" "source" "sourcetype" "splunk_server"  | remotetl  nb=300 et=1707248580.000000 lt=1707252192.000000 remove=true max_count=1000 max_prefetch=100
02-06-2024 20:43:14.367 INFO  SearchProcessor [18677 RunDispatch] - Filtered out a metric type index '_metrics' because the command does not support it.
02-06-2024 20:43:14.367 INFO  SearchProcessor [18677 RunDispatch] - Filtered out a metric type index '_metrics_rollup' because the command does not support it.
02-06-2024 20:43:14.368 INFO  SearchParser [18677 RunDispatch] - PARSING: typer | tags
02-06-2024 20:43:14.397 INFO  FastTyper [18677 RunDispatch] - found nodes count: comparisons=6, unique_comparisons=5, terms=4, unique_terms=4, phrases=12, unique_phrases=12, total leaves=22
02-06-2024 20:43:14.419 INFO  UserManager [18677 RunDispatch] - Setting user context: admin
02-06-2024 20:43:14.419 INFO  UserManager [18677 RunDispatch] - Done setting user context: admin -> admin
02-06-2024 20:43:14.420 INFO  FastSearchFilter [18677 RunDispatch] - Finished initializing IndexScopedFilter - trivial=0, nTerms=3, oTerms=0, host=0, source=0, sourcetype=0, linecount=0 exactCustomCmp=0
02-06-2024 20:43:14.420 INFO  UserManager [18677 RunDispatch] - Unwound user context: admin -> admin
02-06-2024 20:43:14.420 INFO  IndexScopedSearch [18677 RunDispatch] -  IndexScopedSearch is called for index = _audit, et = 1707248580.000000000, lt = 1707252192.000000000, index_et = -9223372036854775808.000000000, index_lt = 9223372036854775807.999999000, noRead = FALSE
02-06-2024 20:43:14.420 INFO  IndexScopedSearch [18677 RunDispatch] - ct=1707252192.000000 et=1707248580.000000 lt=1707252192.000000 dbsize=1
02-06-2024 20:43:14.420 INFO  UserManager [18677 RunDispatch] - Setting user context: admin
02-06-2024 20:43:14.420 INFO  UserManager [18677 RunDispatch] - Done setting user context: admin -> admin
02-06-2024 20:43:14.422 INFO  FastSearchFilter [18677 RunDispatch] - Finished initializing IndexScopedFilter - trivial=0, nTerms=3, oTerms=0, host=0, source=0, sourcetype=0, linecount=0 exactCustomCmp=0
02-06-2024 20:43:14.422 INFO  UserManager [18677 RunDispatch] - Unwound user context: admin -> admin
02-06-2024 20:43:14.422 INFO  IndexScopedSearch [18677 RunDispatch] -  IndexScopedSearch is called for index = _configtracker, et = 1707248580.000000000, lt = 1707252192.000000000, index_et = -9223372036854775808.000000000, index_lt = 9223372036854775807.999999000, noRead = FALSE
02-06-2024 20:43:14.422 INFO  CMBucketId [18677 RunDispatch] - CMIndexId: New indexName=_configtracker inserted, mapping to id=3
02-06-2024 20:43:14.423 INFO  IndexScopedSearch [18677 RunDispatch] - ct=1707252192.000000 et=1707248580.000000 lt=1707252192.000000 dbsize=2
02-06-2024 20:43:14.423 INFO  UserManager [18677 RunDispatch] - Setting user context: admin
02-06-2024 20:43:14.423 INFO  UserManager [18677 RunDispatch] - Done setting user context: admin -> admin
02-06-2024 20:43:14.423 INFO  FastSearchFilter [18677 RunDispatch] - Finished initializing IndexScopedFilter - trivial=0, nTerms=3, oTerms=0, host=0, source=0, sourcetype=0, linecount=0 exactCustomCmp=0
02-06-2024 20:43:14.423 INFO  UserManager [18677 RunDispatch] - Unwound user context: admin -> admin
02-06-2024 20:43:14.423 INFO  IndexScopedSearch [18677 RunDispatch] -  IndexScopedSearch is called for index = _internal, et = 1707248580.000000000, lt = 1707252192.000000000, index_et = -9223372036854775808.000000000, index_lt = 9223372036854775807.999999000, noRead = FALSE
02-06-2024 20:43:14.423 INFO  IndexScopedSearch [18677 RunDispatch] - ct=1707252192.000000 et=1707248580.000000 lt=1707252192.000000 dbsize=1
02-06-2024 20:43:14.424 INFO  UserManager [18677 RunDispatch] - Setting user context: admin
02-06-2024 20:43:14.424 INFO  UserManager [18677 RunDispatch] - Done setting user context: admin -> admin
02-06-2024 20:43:14.424 INFO  FastSearchFilter [18677 RunDispatch] - Finished initializing IndexScopedFilter - trivial=0, nTerms=3, oTerms=0, host=0, source=0, sourcetype=0, linecount=0 exactCustomCmp=0
02-06-2024 20:43:14.424 INFO  UserManager [18677 RunDispatch] - Unwound user context: admin -> admin
02-06-2024 20:43:14.424 INFO  IndexScopedSearch [18677 RunDispatch] -  IndexScopedSearch is called for index = _introspection, et = 1707248580.000000000, lt = 1707252192.000000000, index_et = -9223372036854775808.000000000, index_lt = 9223372036854775807.999999000, noRead = FALSE
02-06-2024 20:43:14.424 INFO  CMBucketId [18677 RunDispatch] - CMIndexId: New indexName=_introspection inserted, mapping to id=4
02-06-2024 20:43:14.425 INFO  IndexScopedSearch [18677 RunDispatch] - ct=1707252192.000000 et=1707248580.000000 lt=1707252192.000000 dbsize=3
02-06-2024 20:43:14.425 INFO  UserManager [18677 RunDispatch] - Setting user context: admin
02-06-2024 20:43:14.425 INFO  UserManager [18677 RunDispatch] - Done setting user context: admin -> admin
02-06-2024 20:43:14.425 INFO  FastSearchFilter [18677 RunDispatch] - Finished initializing IndexScopedFilter - trivial=0, nTerms=3, oTerms=0, host=0, source=0, sourcetype=0, linecount=0 exactCustomCmp=0
02-06-2024 20:43:14.425 INFO  UserManager [18677 RunDispatch] - Unwound user context: admin -> admin
02-06-2024 20:43:14.426 INFO  IndexScopedSearch [18677 RunDispatch] -  IndexScopedSearch is called for index = _telemetry, et = 1707248580.000000000, lt = 1707252192.000000000, index_et = -9223372036854775808.000000000, index_lt = 9223372036854775807.999999000, noRead = FALSE
02-06-2024 20:43:14.426 INFO  CMBucketId [18677 RunDispatch] - CMIndexId: New indexName=_telemetry inserted, mapping to id=5
02-06-2024 20:43:14.426 INFO  IndexScopedSearch [18677 RunDispatch] - ct=1707252192.000000 et=1707248580.000000 lt=1707252192.000000 dbsize=0
02-06-2024 20:43:14.426 INFO  UserManager [18677 RunDispatch] - Setting user context: admin
02-06-2024 20:43:14.426 INFO  UserManager [18677 RunDispatch] - Done setting user context: admin -> admin
02-06-2024 20:43:14.426 INFO  FastSearchFilter [18677 RunDispatch] - Finished initializing IndexScopedFilter - trivial=0, nTerms=3, oTerms=0, host=0, source=0, sourcetype=0, linecount=0 exactCustomCmp=0
02-06-2024 20:43:14.426 INFO  UserManager [18677 RunDispatch] - Unwound user context: admin -> admin
02-06-2024 20:43:14.427 INFO  IndexScopedSearch [18677 RunDispatch] -  IndexScopedSearch is called for index = _thefishbucket, et = 1707248580.000000000, lt = 1707252192.000000000, index_et = -9223372036854775808.000000000, index_lt = 9223372036854775807.999999000, noRead = FALSE
02-06-2024 20:43:14.427 INFO  IndexScopedSearch [18677 RunDispatch] - ct=1707252192.000000 et=1707248580.000000 lt=1707252192.000000 dbsize=0
02-06-2024 20:43:14.434 INFO  UnifiedSearch [18677 RunDispatch] - Initialization of search data structures took 67 ms
02-06-2024 20:43:14.435 INFO  UnifiedSearch [18677 RunDispatch] - Processed search targeting arguments
02-06-2024 20:43:14.564 INFO  SearchPipelineExecutor [18684 StreamSearch] - StreamSearch pipeline=0 is started in its own thread
02-06-2024 20:43:14.564 INFO  UserManager [18684 StreamSearch] - Setting user context: admin
02-06-2024 20:43:14.564 INFO  UserManager [18684 StreamSearch] - Done setting user context: NULL -> admin
02-06-2024 20:43:14.570 INFO  SearchPipelineExecutor [18694 NormSerializeExecutorThread] - NormSerializeExecutorThread pipeline=0 is started in its own thread.
02-06-2024 20:43:14.574 INFO  SearchPipelineExecutor [18677 RunDispatch] - Number of StreamSearch pipelines launched=1
02-06-2024 20:43:14.574 INFO  SearchPipelineExecutor [18677 RunDispatch] - Starting to transmit serialized search results.
02-06-2024 20:43:14.631 WARN  SearchOperator:kv [18684 StreamSearch] - buildRegexList provided empty conf key, ignoring.
02-06-2024 20:43:14.648 INFO  Timeliner [18684 StreamSearch] - Emitted 3 full events to info._remotetl_events
02-06-2024 20:43:14.648 WARN  SRSSerializer [18694 NormSerializeExecutorThread] - writing 0 cols! field list=0
02-06-2024 20:43:14.651 INFO  SearchPipelineExecutor [18684 StreamSearch] - Finished streaming: results.count=0
02-06-2024 20:43:14.651 INFO  UserManager [18684 StreamSearch] - Unwound user context: admin -> NULL
02-06-2024 20:43:14.651 INFO  SearchPipelineExecutor [18684 StreamSearch] - StreamSearch pipleine=0 is finished.
02-06-2024 20:43:14.651 WARN  SRSSerializer [18694 NormSerializeExecutorThread] - writing 0 cols! field list=0
02-06-2024 20:43:14.651 WARN  SRSSerializer [18694 NormSerializeExecutorThread] - writing 0 cols! field list=0
02-06-2024 20:43:14.652 WARN  SRSSerializer [18694 NormSerializeExecutorThread] - writing 0 cols! field list=0
02-06-2024 20:43:14.652 INFO  SearchPipelineExecutor [18694 NormSerializeExecutorThread] - NormSerializeExecutorThread pipeline=0 is finished.
02-06-2024 20:43:14.652 INFO  SearchPipelineExecutor [18677 RunDispatch] - Done transmitting serialized search results, total bytes transmitted 26777.
02-06-2024 20:43:14.652 INFO  dispatchRunner [18677 RunDispatch] - Done with streaming search.
02-06-2024 20:43:14.653 INFO  ISearchOperator [18677 RunDispatch] - 0x7fb482f1b800 PREAD_HISTOGRAM: usec_1_8=253 usec_8_64=0 usec_64_512=0 usec_512_4096=0 usec_4096_32768=0 usec_32768_262144=0 usec_262144_INF=0 
02-06-2024 20:43:14.653 INFO  ISearchOperator [18677 RunDispatch] - 0x7fb482f1b000 PREAD_HISTOGRAM: usec_1_8=96 usec_8_64=0 usec_64_512=0 usec_512_4096=0 usec_4096_32768=0 usec_32768_262144=0 usec_262144_INF=0 
02-06-2024 20:43:14.654 INFO  SearchPipelineExecutor [18677 RunDispatch] - Streamed Search Index Orchestrator has been shutdown.
02-06-2024 20:43:14.654 INFO  UserManager [18677 RunDispatch] - Unwound user context: admin -> NULL
02-06-2024 20:43:14.654 INFO  LookupDataProvider [18677 RunDispatch] - Clearing out lookup shared provider map
02-06-2024 20:43:14.656 INFO  dispatchRunner [18274 MainThread] - RunDispatch is done: sid=remote_GOEL-SearchHead_1707252192.35, exit=0
