02-06-2024 20:17:00.678 INFO  dispatchRunner [2864 MainThread] - Search process mode: preforked (first search in process) (build b985591d12fd).
02-06-2024 20:17:00.678 INFO  dispatchRunner [2864 MainThread] - initing LicenseMgr in search process: nonPro=0
02-06-2024 20:17:00.678 INFO  LMStackMgr [2864 MainThread] - Initializing CleMgr...
02-06-2024 20:17:00.678 INFO  LicenseMgr [2864 MainThread] - Initing LicenseMgr
02-06-2024 20:17:00.678 INFO  LMConfig [2864 MainThread] - serverName=GOEL-Indexer1 guid=A59E264B-EF37-4C05-A664-4B364D39C148
02-06-2024 20:17:00.680 INFO  LMConfig [2864 MainThread] - connection_timeout=30
02-06-2024 20:17:00.680 INFO  LMConfig [2864 MainThread] - send_timeout=30
02-06-2024 20:17:00.680 INFO  LMConfig [2864 MainThread] - receive_timeout=30
02-06-2024 20:17:00.680 INFO  LMConfig [2864 MainThread] - key=license_warnings_update_interval not found in licenser stanza of server.conf, defaulting=0
02-06-2024 20:17:00.680 INFO  LMConfig [2864 MainThread] - squash_threshold=2000
02-06-2024 20:17:00.680 INFO  LMConfig [2864 MainThread] - strict_pool_quota=1
02-06-2024 20:17:00.680 INFO  LMConfig [2864 MainThread] - key=pool_suggestion not found in licenser stanza of server.conf, defaulting=''
02-06-2024 20:17:00.680 INFO  LMConfig [2864 MainThread] - key=test_aws_metering not found in licenser stanza of server.conf, defaulting=0
02-06-2024 20:17:00.680 INFO  LMConfig [2864 MainThread] - key=test_aws_product_code not found in licenser stanza of server.conf, defaulting=0
02-06-2024 20:17:00.680 INFO  LicenseMgr [2864 MainThread] - Initing LicenseMgr runContext_splunkd=false
02-06-2024 20:17:00.680 INFO  LMStackMgr [2864 MainThread] - closing stack mgr
02-06-2024 20:17:00.680 INFO  LMSlaveInfo [2864 MainThread] - all slaves cleared
02-06-2024 20:17:00.680 INFO  LMStackMgr [2864 MainThread] - partial init only since node has remote master=https://10.0.3.7:8089
02-06-2024 20:17:00.680 INFO  LicenseMgr [2864 MainThread] - StackMgr init complete...
02-06-2024 20:17:00.680 INFO  LMTracker [2864 MainThread] - Setting default product type='enterprise'
02-06-2024 20:17:00.680 INFO  LMTracker [2864 MainThread] - this is not splunkd, will perform partial init
02-06-2024 20:17:00.680 INFO  LicenseMgr [2864 MainThread] - Tracker init complete...
02-06-2024 20:17:00.687 INFO  AdminManagerDispatch [2864 MainThread] - added factory for admin handler: 'licenses'
02-06-2024 20:17:00.687 INFO  AdminManagerDispatch [2864 MainThread] - added factory for admin handler: 'pools'
02-06-2024 20:17:00.687 INFO  AdminManagerDispatch [2864 MainThread] - added factory for admin handler: 'stacks'
02-06-2024 20:17:00.687 INFO  AdminManagerDispatch [2864 MainThread] - added factory for admin handler: 'groups'
02-06-2024 20:17:00.687 INFO  AdminManagerDispatch [2864 MainThread] - added factory for admin handler: 'slaves'
02-06-2024 20:17:00.687 INFO  AdminManagerDispatch [2864 MainThread] - added factory for admin handler: 'peers'
02-06-2024 20:17:00.687 INFO  AdminManagerDispatch [2864 MainThread] - added factory for admin handler: 'localslave'
02-06-2024 20:17:00.687 INFO  AdminManagerDispatch [2864 MainThread] - added factory for admin handler: 'localpeer'
02-06-2024 20:17:00.687 INFO  AdminManagerDispatch [2864 MainThread] - added factory for admin handler: 'licensermessages'
02-06-2024 20:17:00.687 INFO  AdminManagerDispatch [2864 MainThread] - added factory for admin handler: 'scriptedwarning'
02-06-2024 20:17:00.687 INFO  AdminManagerDispatch [2864 MainThread] - added factory for admin handler: 'licenseusage'
02-06-2024 20:17:00.687 INFO  LicenseMgr [2864 MainThread] - Initing LicenseMgr
02-06-2024 20:17:00.687 INFO  LMConfig [2864 MainThread] - serverName=GOEL-Indexer1 guid=A59E264B-EF37-4C05-A664-4B364D39C148
02-06-2024 20:17:00.687 INFO  LMConfig [2864 MainThread] - connection_timeout=30
02-06-2024 20:17:00.687 INFO  LMConfig [2864 MainThread] - send_timeout=30
02-06-2024 20:17:00.687 INFO  LMConfig [2864 MainThread] - receive_timeout=30
02-06-2024 20:17:00.687 INFO  LMConfig [2864 MainThread] - key=license_warnings_update_interval not found in licenser stanza of server.conf, defaulting=0
02-06-2024 20:17:00.687 INFO  LMConfig [2864 MainThread] - squash_threshold=2000
02-06-2024 20:17:00.687 INFO  LMConfig [2864 MainThread] - strict_pool_quota=1
02-06-2024 20:17:00.687 INFO  LMConfig [2864 MainThread] - key=pool_suggestion not found in licenser stanza of server.conf, defaulting=''
02-06-2024 20:17:00.687 INFO  LMConfig [2864 MainThread] - key=test_aws_metering not found in licenser stanza of server.conf, defaulting=0
02-06-2024 20:17:00.687 INFO  LMConfig [2864 MainThread] - key=test_aws_product_code not found in licenser stanza of server.conf, defaulting=0
02-06-2024 20:17:00.688 INFO  dispatchRunner [2864 MainThread] - registering build time modules, count=1
02-06-2024 20:17:00.688 INFO  dispatchRunner [2864 MainThread] - registering search time components of build time module name=vix
02-06-2024 20:17:00.688 INFO  dispatchRunner [2864 MainThread] - Getting search configuration data from: /opt/splunk/etc/modules/parsing/config.xml
02-06-2024 20:17:00.688 WARN  SSLOptions [2864 MainThread] - server.conf/[kvstore]/sslVerifyServerCert is false disabling certificate validation; must be set to "true" for increased security
02-06-2024 20:17:00.689 INFO  BundlesSetup [2864 MainThread] - Setup stats for /opt/splunk/etc: wallclock_elapsed_msec=9, cpu_time_used=0.00985385, shared_services_generation=2, shared_services_population=1
02-06-2024 20:17:00.699 INFO  UserManagerPro [2864 MainThread] - Load authentication: forcing roles="admin, power, splunk-system-role, user"
02-06-2024 20:17:00.699 INFO  PipelineComponent [2864 MainThread] - Ingestion pipeline sets have been configured to use pipeline set policy=round_robin for multiple pipeline sets.
02-06-2024 20:17:00.700 INFO  UserManager [17141 RunDispatch] - Setting user context: splunk-system-user
02-06-2024 20:17:00.700 INFO  UserManager [17141 RunDispatch] - Done setting user context: NULL -> splunk-system-user
02-06-2024 20:17:00.700 INFO  dispatchRunner [17141 RunDispatch] - search context: user="splunk-system-user", app="splunk_archiver", bs-pathname="/opt/splunk/etc"
02-06-2024 20:17:00.706 WARN  IndexConfig [17141 RunDispatch] - Max bucket size is larger than destination path size limit. Please check your index configuration. idx=bcgames; bucket size in (from maxDataSize) 750 MB, homePath.maxDataSizeMB=100,  coldPath.maxDataSizeMB=100
02-06-2024 20:17:00.706 WARN  IndexConfig [17141 RunDispatch] - Home path size limit cannot accomodate maximum number of hot buckets with specified bucket size because homePath.maxDataSizeMB is too small. Please check your index configuration: idx=bcgames maxDataSize=750 MB, homePath.maxDataSizeMB=100 MB
02-06-2024 20:17:00.706 WARN  IndexConfig [17141 RunDispatch] - Max bucket size is larger than destination path size limit. Please check your index configuration. idx=infra; bucket size in (from maxDataSize) 750 MB, homePath.maxDataSizeMB=100,  coldPath.maxDataSizeMB=100
02-06-2024 20:17:00.706 WARN  IndexConfig [17141 RunDispatch] - Home path size limit cannot accomodate maximum number of hot buckets with specified bucket size because homePath.maxDataSizeMB is too small. Please check your index configuration: idx=infra maxDataSize=750 MB, homePath.maxDataSizeMB=100 MB
02-06-2024 20:17:00.707 WARN  IndexConfig [17141 RunDispatch] - Max bucket size is larger than destination path size limit. Please check your index configuration. idx=soc; bucket size in (from maxDataSize) 750 MB, homePath.maxDataSizeMB=100,  coldPath.maxDataSizeMB=100
02-06-2024 20:17:00.707 WARN  IndexConfig [17141 RunDispatch] - Home path size limit cannot accomodate maximum number of hot buckets with specified bucket size because homePath.maxDataSizeMB is too small. Please check your index configuration: idx=soc maxDataSize=750 MB, homePath.maxDataSizeMB=100 MB
02-06-2024 20:17:00.707 INFO  SearchParser [17141 RunDispatch] - PARSING: | archivebuckets
02-06-2024 20:17:00.709 INFO  SearchParser [17141 RunDispatch] - PARSING: | archivebuckets
02-06-2024 20:17:00.709 WARN  DispatchCommandProcessor [17141 RunDispatch] - Could not find a set of indexes to search; defaulting to all
02-06-2024 20:17:00.709 INFO  IndexReaderIf [17141 RunDispatch] - Loading Clustering bucket manifest file=/opt/splunk/var/run/splunk/cluster/search-buckets/search_sitedefault_gen0.csv.gz
02-06-2024 20:17:00.709 INFO  DatabaseDirectoryManager [17141 RunDispatch] - initDDMsFromSearchBucketManifest path=/opt/splunk/var/run/splunk/cluster/search-buckets/search_sitedefault_gen0.csv.gz, indexWhiteList_size=1
02-06-2024 20:17:00.709 INFO  CMBucketId [17141 RunDispatch] - CMIndexId: New indexName=_telemetry inserted, mapping to id=1
02-06-2024 20:17:00.709 INFO  CMBucketId [17141 RunDispatch] - CMIndexId: New indexName=_audit inserted, mapping to id=2
02-06-2024 20:17:00.709 INFO  CMBucketId [17141 RunDispatch] - CMIndexId: New indexName=_internal inserted, mapping to id=3
02-06-2024 20:17:00.709 INFO  dispatchRunner [17141 RunDispatch] - SearchHeadInitSearchMs=9
02-06-2024 20:17:00.709 INFO  dispatchRunner [17141 RunDispatch] - Executing the Search orchestrator and iterator model (dfs=false).
02-06-2024 20:17:00.710 INFO  SearchOrchestrator [17141 RunDispatch] - SearchOrchestrator getting constructed
02-06-2024 20:17:00.710 INFO  SearchOrchestrator [17141 RunDispatch] -  Initialized the SRI
02-06-2024 20:17:00.710 INFO  SearchFeatureFlags [17141 RunDispatch] - Initializing feature flags from config. feature_seed=2445355805
02-06-2024 20:17:00.710 INFO  SearchFeatureFlags [17141 RunDispatch] - Setting feature_flag=parallelreduce:enablePreview:true
02-06-2024 20:17:00.710 INFO  SearchFeatureFlags [17141 RunDispatch] - Setting feature_flag=search:search_retry:false
02-06-2024 20:17:00.710 INFO  SearchFeatureFlags [17141 RunDispatch] - Setting feature_flag=search:search_retry_realtime:false
02-06-2024 20:17:00.710 INFO  SearchFeatureFlags [17141 RunDispatch] - Setting feature_flag=parallelreduce:autoAppliedPercentage:false
02-06-2024 20:17:00.710 INFO  SearchFeatureFlags [17141 RunDispatch] - Setting feature_flag=subsearch:enableConcurrentPipelineProcessing:false
02-06-2024 20:17:00.710 INFO  SearchFeatureFlags [17141 RunDispatch] - Setting feature_flag=stats:allow_stats_v2:true
02-06-2024 20:17:00.710 INFO  SearchFeatureFlags [17141 RunDispatch] - Setting feature_flag=search_optimization::set_required_fields:stats:false
02-06-2024 20:17:00.710 INFO  SearchFeatureFlags [17141 RunDispatch] - Setting feature_flag=searchresults:srs2:false
02-06-2024 20:17:00.710 INFO  SearchFeatureFlags [17141 RunDispatch] - Setting feature_flag=search:read_final_results_from_timeliner:true
02-06-2024 20:17:00.710 INFO  SearchOrchestrator [17141 RunDispatch] - Search feature_flags={"v":1,"enabledFeatures":["parallelreduce:enablePreview","stats:allow_stats_v2","search:read_final_results_from_timeliner"],"disabledFeatures":["search:search_retry","search:search_retry_realtime","parallelreduce:autoAppliedPercentage","subsearch:enableConcurrentPipelineProcessing","search_optimization::set_required_fields:stats","searchresults:srs2"]}
02-06-2024 20:17:00.710 INFO  ISplunkDispatch [17141 RunDispatch] - Not running in splunkd. Bundle replication not triggered.
02-06-2024 20:17:00.714 INFO  SearchOrchestrator [17148 searchOrchestrator] - Initialzing the run time settings for the orchestrator.
02-06-2024 20:17:00.714 INFO  UserManager [17148 searchOrchestrator] - Setting user context: splunk-system-user
02-06-2024 20:17:00.714 INFO  UserManager [17148 searchOrchestrator] - Done setting user context: NULL -> splunk-system-user
02-06-2024 20:17:00.714 INFO  AdaptiveSearchEngineSelector [17148 searchOrchestrator] - Search execution_plan=classic
02-06-2024 20:17:00.714 INFO  SearchOrchestrator [17148 searchOrchestrator] - Creating the search DAG.
02-06-2024 20:17:00.714 INFO  SearchParser [17148 searchOrchestrator] - PARSING: | archivebuckets
02-06-2024 20:17:00.715 INFO  DispatchStorageManagerInfo [17148 searchOrchestrator] - Successfully created new dispatch directory for search job. sid=079efd7d3afacc45_tmp dispatch_dir=/opt/splunk/var/run/splunk/dispatch/079efd7d3afacc45_tmp
02-06-2024 20:17:00.717 INFO  script [17148 searchOrchestrator] - found script file=/opt/splunk/etc/apps/splunk_archiver/bin/archivebuckets.py
02-06-2024 20:17:00.717 INFO  script [17148 searchOrchestrator] - stderr for script archivebuckets will be added to search.log
02-06-2024 20:17:00.717 INFO  DispatchThread [17148 searchOrchestrator] - BatchMode: allowBatchMode: 0, conf(1): 1, timeline/Status buckets(0):0, realtime(0):0, report pipe empty(0):1, reqTimeOrder(0):0, summarize(0):0, statefulStreaming(0):1
02-06-2024 20:17:00.717 INFO  DispatchThread [17148 searchOrchestrator] - Setup timeliner partialCommits=0
02-06-2024 20:17:00.717 INFO  DispatchThread [17148 searchOrchestrator] - Disabling usage of summaries for non-reporting search
02-06-2024 20:17:00.717 INFO  DispatchThread [17148 searchOrchestrator] - required fields list to add to remote search = *,_bkt,_cd,_si,host,index,linecount,source,sourcetype,splunk_server
02-06-2024 20:17:00.717 INFO  DispatchCommandProcessor [17148 searchOrchestrator] - summaryHash=NS3d9d854163f8f07a summaryId=A59E264B-EF37-4C05-A664-4B364D39C148_splunk_archiver_nobody_NS3d9d854163f8f07a remoteSearch=
02-06-2024 20:17:00.718 INFO  SearchParser [17148 searchOrchestrator] - PARSING: | archivebuckets
02-06-2024 20:17:00.718 INFO  script [17148 searchOrchestrator] - found script file=/opt/splunk/etc/apps/splunk_archiver/bin/archivebuckets.py
02-06-2024 20:17:00.718 INFO  script [17148 searchOrchestrator] - stderr for script archivebuckets will be added to search.log
02-06-2024 20:17:00.718 INFO  AstOptimizer [17148 searchOrchestrator] - SrchOptMetrics optimize_toJson=0.000089114
02-06-2024 20:17:00.718 INFO  SearchParser [17148 searchOrchestrator] - PARSING: | archivebuckets
02-06-2024 20:17:00.718 INFO  FederatedInfo [17148 searchOrchestrator] - No federated search providers defined.
02-06-2024 20:17:00.718 INFO  ProjElim [17148 searchOrchestrator] - Black listed processors=[addinfo]
02-06-2024 20:17:00.728 INFO  AstOptimizer [17148 searchOrchestrator] - SrchOptMetrics optimization=0.009934802
02-06-2024 20:17:00.728 INFO  SearchPhaseGenerator [17148 searchOrchestrator] - Optimized Search =| archivebuckets
02-06-2024 20:17:00.728 INFO  ScopedTimer [17148 searchOrchestrator] - search.optimize 0.010175585
02-06-2024 20:17:00.728 INFO  FederatedProviderVisitor [17148 searchOrchestrator] - Federated Whole Search Remote Execution Enabled: false
02-06-2024 20:17:00.753 INFO  SearchPhaseGenerator [17148 searchOrchestrator] - Number of involved federated deployments is 0.
02-06-2024 20:17:00.754 INFO  ParallelReducePolicy [17148 searchOrchestrator] - Current Search Head doesn't have any usable peers to use.
02-06-2024 20:17:00.754 INFO  PhaseNodeGenerationVisitor [17148 searchOrchestrator] - FallBackReason: Fallback to 2-phase mode because of empty split key of cmd: archivebuckets
02-06-2024 20:17:00.754 INFO  PhaseToPipelineVisitor [17148 searchOrchestrator] - Phase Search = | archivebuckets
02-06-2024 20:17:00.754 INFO  SearchParser [17148 searchOrchestrator] - PARSING: | archivebuckets
02-06-2024 20:17:00.754 INFO  script [17148 searchOrchestrator] - found script file=/opt/splunk/etc/apps/splunk_archiver/bin/archivebuckets.py
02-06-2024 20:17:00.754 INFO  script [17148 searchOrchestrator] - stderr for script archivebuckets will be added to search.log
02-06-2024 20:17:00.754 INFO  SearchPipeline [17148 searchOrchestrator] - ReportSearch=0 AllowBatchMode=0
02-06-2024 20:17:00.754 INFO  SearchPhaseGenerator [17148 searchOrchestrator] - No need for RTWindowProcessor
02-06-2024 20:17:00.754 INFO  SearchPhaseGenerator [17148 searchOrchestrator] - Adding timeliner to final phase
02-06-2024 20:17:00.754 INFO  SearchParser [17148 searchOrchestrator] - PARSING: | timeliner remote=0 partial_commits=0 max_events_per_bucket=500000 fieldstats_update_maxperiod=60 bucket=0
02-06-2024 20:17:00.754 INFO  TimelineCreator [17148 searchOrchestrator] - Creating timeline with remote=0 partialCommits=0 commitFreq=0 syncKSFreq=0 maxSyncKSPeriodTime=60000 bucket=0 latestTime=1707250620.000000 earliestTime=2147483647.000000
02-06-2024 20:17:00.754 INFO  SearchPhaseGenerator [17148 searchOrchestrator] - required fields list to add to different pipelines = *,_bkt,_cd,_si,host,index,linecount,source,sourcetype,splunk_server
02-06-2024 20:17:00.754 INFO  SearchPhaseGenerator [17148 searchOrchestrator] - Search Phases created.
02-06-2024 20:17:00.755 INFO  SearchOrchestrator [17148 searchOrchestrator] - Preview is not enabled. (preview_algorithm=NONE)
02-06-2024 20:17:00.755 INFO  UserManager [17148 searchOrchestrator] - Setting user context: splunk-system-user
02-06-2024 20:17:00.755 INFO  UserManager [17148 searchOrchestrator] - Done setting user context: splunk-system-user -> splunk-system-user
02-06-2024 20:17:00.755 INFO  UserManager [17148 searchOrchestrator] - Unwound user context: splunk-system-user -> splunk-system-user
02-06-2024 20:17:00.755 INFO  DistributedSearchResultCollectionManager [17148 searchOrchestrator] - Stream search: 
02-06-2024 20:17:00.755 INFO  UserManager [17157 SearchResultExecutorThread] - Setting user context: splunk-system-user
02-06-2024 20:17:00.755 INFO  UserManager [17157 SearchResultExecutorThread] - Done setting user context: NULL -> splunk-system-user
02-06-2024 20:17:00.755 INFO  UserManager [17157 SearchResultExecutorThread] - Unwound user context: splunk-system-user -> NULL
02-06-2024 20:17:00.755 INFO  UserManager [17154 SearchResultExecutorThread] - Setting user context: splunk-system-user
02-06-2024 20:17:00.755 INFO  UserManager [17156 SearchResultExecutorThread] - Setting user context: splunk-system-user
02-06-2024 20:17:00.755 INFO  UserManager [17156 SearchResultExecutorThread] - Done setting user context: NULL -> splunk-system-user
02-06-2024 20:17:00.755 INFO  UserManager [17156 SearchResultExecutorThread] - Unwound user context: splunk-system-user -> NULL
02-06-2024 20:17:00.755 INFO  UserManager [17155 SearchResultExecutorThread] - Setting user context: splunk-system-user
02-06-2024 20:17:00.755 INFO  UserManager [17154 SearchResultExecutorThread] - Done setting user context: NULL -> splunk-system-user
02-06-2024 20:17:00.756 INFO  UserManager [17154 SearchResultExecutorThread] - Unwound user context: splunk-system-user -> NULL
02-06-2024 20:17:00.755 INFO  UserManager [17155 SearchResultExecutorThread] - Done setting user context: NULL -> splunk-system-user
02-06-2024 20:17:00.756 INFO  UserManager [17155 SearchResultExecutorThread] - Unwound user context: splunk-system-user -> NULL
02-06-2024 20:17:00.756 INFO  UserManager [17153 SearchResultExecutorThread] - Setting user context: splunk-system-user
02-06-2024 20:17:00.756 INFO  UserManager [17153 SearchResultExecutorThread] - Done setting user context: NULL -> splunk-system-user
02-06-2024 20:17:00.756 INFO  UserManager [17153 SearchResultExecutorThread] - Unwound user context: splunk-system-user -> NULL
02-06-2024 20:17:00.756 INFO  SearchPhaseGenerator [17148 searchOrchestrator] - Time spends on creating distributed search results infrastructure; dispatchcreatedSearchResultInfrastructure=0.000715098 seconds.
02-06-2024 20:17:00.756 INFO  SearchOrchestrator [17148 searchOrchestrator] - Starting the status control thread.
02-06-2024 20:17:00.756 INFO  SearchOrchestrator [17148 searchOrchestrator] - Starting phase=1
02-06-2024 20:17:00.756 INFO  UserManager [17151 StatusEnforcerThread] - Setting user context: splunk-system-user
02-06-2024 20:17:00.756 INFO  UserManager [17151 StatusEnforcerThread] - Done setting user context: NULL -> splunk-system-user
02-06-2024 20:17:00.756 INFO  SearchStatusEnforcer [17151 StatusEnforcerThread] - Enforcing disk quota = 10485760000
02-06-2024 20:17:00.756 INFO  UserManager [17158 phase_1] - Setting user context: splunk-system-user
02-06-2024 20:17:00.756 INFO  UserManager [17158 phase_1] - Done setting user context: NULL -> splunk-system-user
02-06-2024 20:17:00.756 INFO  ReducePhaseExecutor [17158 phase_1] - Starting phase_1
02-06-2024 20:17:01.619 INFO  ReducePhaseExecutor [17158 phase_1] - Ending phase_1
02-06-2024 20:17:01.619 INFO  UserManager [17158 phase_1] - Unwound user context: splunk-system-user -> NULL
02-06-2024 20:17:01.621 INFO  ProxyConfig [17151 StatusEnforcerThread] - Failed to initialize http_proxy from server.conf for splunkd. Please make sure that the http_proxy property is set as http_proxy=http://host:port in case HTTP proxying needs to be enabled.
02-06-2024 20:17:01.621 INFO  ProxyConfig [17151 StatusEnforcerThread] - Failed to initialize https_proxy from server.conf for splunkd. Please make sure that the https_proxy property is set as https_proxy=http://host:port in case HTTP proxying needs to be enabled.
02-06-2024 20:17:01.621 INFO  ProxyConfig [17151 StatusEnforcerThread] - Failed to initialize the proxy_rules setting from server.conf for splunkd. Please provide a valid set of proxy_rules in case HTTP proxying needs to be enabled.
02-06-2024 20:17:01.621 INFO  ProxyConfig [17151 StatusEnforcerThread] - Failed to initialize the no_proxy setting from server.conf for splunkd. Please provide a valid set of no_proxy rules in case HTTP proxying needs to be enabled.
02-06-2024 20:17:01.622 WARN  SSLOptions [17151 StatusEnforcerThread] - <internal>.conf/[<internal>]/sslVerifyServerCert is false disabling certificate validation; must be set to "true" for increased security
02-06-2024 20:17:01.626 WARN  SSLOptions [17151 StatusEnforcerThread] - <internal>.conf/[<internal>]/sslVerifyServerCert is false disabling certificate validation; must be set to "true" for increased security
02-06-2024 20:17:01.634 INFO  SearchStatusEnforcer [17151 StatusEnforcerThread] - Triggered listener notification on state=onResults condition=1
02-06-2024 20:17:01.634 INFO  UserManager [17151 StatusEnforcerThread] - Unwound user context: splunk-system-user -> NULL
02-06-2024 20:17:01.635 INFO  DispatchStorageManager [17148 searchOrchestrator] - Remote storage disabled for search artifacts.
02-06-2024 20:17:01.635 INFO  DispatchManager [17148 searchOrchestrator] - DispatchManager::dispatchHasFinished(id='scheduler__nobody_c3BsdW5rX2FyY2hpdmVy__RMD5473cbac83d6c9db7_at_1707250620_1', username='splunk-system-user')
02-06-2024 20:17:01.635 INFO  UserManager [17148 searchOrchestrator] - Unwound user context: splunk-system-user -> NULL
02-06-2024 20:17:01.635 INFO  SearchStatusEnforcer [17141 RunDispatch] - SearchStatusEnforcer is already terminated
02-06-2024 20:17:01.635 INFO  UserManager [17141 RunDispatch] - Unwound user context: splunk-system-user -> NULL
02-06-2024 20:17:01.635 INFO  LookupDataProvider [17141 RunDispatch] - Clearing out lookup shared provider map
02-06-2024 20:17:01.638 INFO  dispatchRunner [2864 MainThread] - RunDispatch is done: sid=scheduler__nobody_c3BsdW5rX2FyY2hpdmVy__RMD5473cbac83d6c9db7_at_1707250620_1, exit=0
