02-06-2024 20:25:42.893 INFO  dispatchRunner [2864 MainThread] - Search process mode: preforked (reused process) (build b985591d12fd).
02-06-2024 20:25:42.893 INFO  dispatchRunner [2864 MainThread] - Feature flag post-args={"v":1,"enabledFeatures":["stats:allow_stats_v2"],"disabledFeatures":["searchresults:srs2"]}
02-06-2024 20:25:42.893 INFO  SearchFeatureFlags [2864 MainThread] - Initializing feature flags from config. feature_seed=46947589
02-06-2024 20:25:42.893 INFO  SearchFeatureFlags [2864 MainThread] - Setting feature_flag=parallelreduce:enablePreview:true
02-06-2024 20:25:42.893 INFO  SearchFeatureFlags [2864 MainThread] - Setting feature_flag=search:search_retry:false
02-06-2024 20:25:42.893 INFO  SearchFeatureFlags [2864 MainThread] - Setting feature_flag=search:search_retry_realtime:false
02-06-2024 20:25:42.893 INFO  SearchFeatureFlags [2864 MainThread] - Setting feature_flag=parallelreduce:autoAppliedPercentage:false
02-06-2024 20:25:42.893 INFO  SearchFeatureFlags [2864 MainThread] - Setting feature_flag=subsearch:enableConcurrentPipelineProcessing:false
02-06-2024 20:25:42.893 INFO  SearchFeatureFlags [2864 MainThread] - Setting feature_flag=stats:allow_stats_v2:true
02-06-2024 20:25:42.893 INFO  SearchFeatureFlags [2864 MainThread] - Setting feature_flag=search_optimization::set_required_fields:stats:false
02-06-2024 20:25:42.893 INFO  SearchFeatureFlags [2864 MainThread] - Setting feature_flag=searchresults:srs2:false
02-06-2024 20:25:42.893 INFO  SearchFeatureFlags [2864 MainThread] - Setting feature_flag=search:read_final_results_from_timeliner:true
02-06-2024 20:25:42.893 INFO  SearchFeatureFlags [2864 MainThread] - Overlaying SearchFeatureFlags from jsonNode={"v":1,"enabledFeatures":["stats:allow_stats_v2"],"disabledFeatures":["searchresults:srs2"]}
02-06-2024 20:25:42.893 INFO  dispatchRunner [2864 MainThread] - registering build time modules, count=1
02-06-2024 20:25:42.893 INFO  dispatchRunner [2864 MainThread] - registering search time components of build time module name=vix
02-06-2024 20:25:42.894 INFO  BundlesSetup [2864 MainThread] - Setup stats for /opt/splunk/var/run/searchpeers/GOEL-SearchHead-1707250902: wallclock_elapsed_msec=15, cpu_time_used=0.0149945, shared_services_generation=2, shared_services_population=1
02-06-2024 20:25:42.901 INFO  UserManagerPro [2864 MainThread] - Load authentication: forcing roles="admin, can_delete, power, user"
02-06-2024 20:25:42.901 INFO  UserManager [21755 RunDispatch] - Setting user context: splunk-system-user
02-06-2024 20:25:42.901 INFO  UserManager [21755 RunDispatch] - Done setting user context: NULL -> splunk-system-user
02-06-2024 20:25:42.902 INFO  UserManager [21755 RunDispatch] - Unwound user context: splunk-system-user -> NULL
02-06-2024 20:25:42.902 INFO  UserManager [21755 RunDispatch] - Setting user context: admin
02-06-2024 20:25:42.902 INFO  UserManager [21755 RunDispatch] - Done setting user context: NULL -> admin
02-06-2024 20:25:42.902 INFO  dispatchRunner [21755 RunDispatch] - search context: user="admin", app="search", bs-pathname="/opt/splunk/var/run/searchpeers/GOEL-SearchHead-1707250902"
02-06-2024 20:25:42.902 INFO  SearchParser [21755 RunDispatch] - PARSING: litsearch (index=bcgames source=*dreamcrusher.xml*) | fields  keepcolorder=t "_bkt" "_cd" "_si" "host" "index" "linecount" "source" "sourcetype" "splunk_server"  | remotetl  nb=300 et=1706644800.000000 lt=1707251142.000000 remove=true max_count=1000 max_prefetch=100
02-06-2024 20:25:42.902 INFO  SearchParser [21755 RunDispatch] - PARSING: litsearch (index=bcgames source=*dreamcrusher.xml*) | fields  keepcolorder=t "_bkt" "_cd" "_si" "host" "index" "linecount" "source" "sourcetype" "splunk_server"  | remotetl  nb=300 et=1706644800.000000 lt=1707251142.000000 remove=true max_count=1000 max_prefetch=100
02-06-2024 20:25:42.902 INFO  UserManager [21755 RunDispatch] - Setting user context: splunk-system-user
02-06-2024 20:25:42.902 INFO  UserManager [21755 RunDispatch] - Done setting user context: admin -> splunk-system-user
02-06-2024 20:25:42.902 INFO  UserManager [21755 RunDispatch] - Setting user context: admin
02-06-2024 20:25:42.902 INFO  UserManager [21755 RunDispatch] - Done setting user context: splunk-system-user -> admin
02-06-2024 20:25:42.903 INFO  UserManager [21755 RunDispatch] - Unwound user context: admin -> splunk-system-user
02-06-2024 20:25:42.903 INFO  UserManager [21755 RunDispatch] - Unwound user context: splunk-system-user -> admin
02-06-2024 20:25:42.903 INFO  DispatchCommandProcessor [21755 RunDispatch] - Search requires the following indexes="[bcgames]"
02-06-2024 20:25:42.903 INFO  IndexReaderIf [21755 RunDispatch] - Loading Clustering bucket manifest file=/opt/splunk/var/run/splunk/cluster/search-buckets/search_sitedefault_gen106.csv.gz
02-06-2024 20:25:42.903 INFO  DatabaseDirectoryManager [21755 RunDispatch] - initDDMsFromSearchBucketManifest path=/opt/splunk/var/run/splunk/cluster/search-buckets/search_sitedefault_gen106.csv.gz, indexWhiteList_size=1
02-06-2024 20:25:42.903 INFO  dispatchRunner [21755 RunDispatch] - SearchPeerInitSearchMs=1
02-06-2024 20:25:42.903 INFO  dispatchRunner [21755 RunDispatch] - Serial search pipeline for streaming search being launched.
02-06-2024 20:25:42.903 INFO  SearchParser [21755 RunDispatch] - PARSING: litsearch (index=bcgames source=*dreamcrusher.xml*) | fields  keepcolorder=t "_bkt" "_cd" "_si" "host" "index" "linecount" "source" "sourcetype" "splunk_server"  | remotetl  nb=300 et=1706644800.000000 lt=1707251142.000000 remove=true max_count=1000 max_prefetch=100
02-06-2024 20:25:42.913 INFO  SearchParser [21755 RunDispatch] - PARSING: typer | tags
02-06-2024 20:25:42.914 INFO  FastTyper [21755 RunDispatch] - found nodes count: comparisons=6, unique_comparisons=5, terms=4, unique_terms=4, phrases=12, unique_phrases=12, total leaves=22
02-06-2024 20:25:42.915 INFO  UserManager [21755 RunDispatch] - Setting user context: admin
02-06-2024 20:25:42.915 INFO  UserManager [21755 RunDispatch] - Done setting user context: admin -> admin
02-06-2024 20:25:42.915 INFO  FastSearchFilter [21755 RunDispatch] - Finished initializing IndexScopedFilter - trivial=0, nTerms=0, oTerms=0, host=0, source=1, sourcetype=0, linecount=0 exactCustomCmp=0
02-06-2024 20:25:42.915 INFO  UserManager [21755 RunDispatch] - Unwound user context: admin -> admin
02-06-2024 20:25:42.915 INFO  IndexScopedSearch [21755 RunDispatch] -  IndexScopedSearch is called for index = bcgames, et = 1706644800.000000000, lt = 1707251142.000000000, index_et = -9223372036854775808.000000000, index_lt = 9223372036854775807.999999000, noRead = FALSE
02-06-2024 20:25:42.915 INFO  IndexScopedSearch [21755 RunDispatch] - ct=1707251142.000000 et=1706644800.000000 lt=1707251142.000000 dbsize=0
02-06-2024 20:25:42.915 INFO  UnifiedSearch [21755 RunDispatch] - Initialization of search data structures took 3 ms
02-06-2024 20:25:42.916 INFO  UnifiedSearch [21755 RunDispatch] - Processed search targeting arguments
02-06-2024 20:25:42.916 INFO  SearchPipelineExecutor [21755 RunDispatch] - Number of StreamSearch pipelines launched=1
02-06-2024 20:25:42.916 INFO  SearchPipelineExecutor [21755 RunDispatch] - Starting to transmit serialized search results.
02-06-2024 20:25:42.916 INFO  SearchPipelineExecutor [21758 StreamSearch] - StreamSearch pipeline=0 is started in its own thread
02-06-2024 20:25:42.916 INFO  UserManager [21758 StreamSearch] - Setting user context: admin
02-06-2024 20:25:42.916 INFO  UserManager [21758 StreamSearch] - Done setting user context: NULL -> admin
02-06-2024 20:25:42.916 INFO  SearchPipelineExecutor [21758 StreamSearch] - Finished streaming: results.count=0
02-06-2024 20:25:42.916 INFO  UserManager [21758 StreamSearch] - Unwound user context: admin -> NULL
02-06-2024 20:25:42.916 INFO  SearchPipelineExecutor [21758 StreamSearch] - StreamSearch pipleine=0 is finished.
02-06-2024 20:25:42.916 INFO  SearchPipelineExecutor [21760 NormSerializeExecutorThread] - NormSerializeExecutorThread pipeline=0 is started in its own thread.
02-06-2024 20:25:42.916 WARN  SRSSerializer [21760 NormSerializeExecutorThread] - writing 0 cols! field list=0
02-06-2024 20:25:42.916 WARN  SRSSerializer [21760 NormSerializeExecutorThread] - writing 0 cols! field list=0
02-06-2024 20:25:42.917 INFO  SearchPipelineExecutor [21760 NormSerializeExecutorThread] - NormSerializeExecutorThread pipeline=0 is finished.
02-06-2024 20:25:42.917 INFO  SearchPipelineExecutor [21755 RunDispatch] - Done transmitting serialized search results, total bytes transmitted 7832.
02-06-2024 20:25:42.917 INFO  dispatchRunner [21755 RunDispatch] - Done with streaming search.
02-06-2024 20:25:42.917 INFO  SearchPipelineExecutor [21755 RunDispatch] - Streamed Search Index Orchestrator has been shutdown.
02-06-2024 20:25:42.917 INFO  UserManager [21755 RunDispatch] - Unwound user context: admin -> NULL
02-06-2024 20:25:42.917 INFO  LookupDataProvider [21755 RunDispatch] - Clearing out lookup shared provider map
02-06-2024 20:25:42.918 INFO  dispatchRunner [2864 MainThread] - RunDispatch is done: sid=remote_GOEL-SearchHead_1707251142.26, exit=0
