02-06-2024 20:43:20.322 INFO  dispatchRunner [19050 MainThread] - Search process mode: preforked (reused process) (build b985591d12fd).
02-06-2024 20:43:20.322 INFO  dispatchRunner [19050 MainThread] - Feature flag post-args={"v":1,"enabledFeatures":["stats:allow_stats_v2"],"disabledFeatures":["searchresults:srs2"]}
02-06-2024 20:43:20.322 INFO  SearchFeatureFlags [19050 MainThread] - Initializing feature flags from config. feature_seed=46947589
02-06-2024 20:43:20.322 INFO  SearchFeatureFlags [19050 MainThread] - Setting feature_flag=parallelreduce:enablePreview:true
02-06-2024 20:43:20.322 INFO  SearchFeatureFlags [19050 MainThread] - Setting feature_flag=search:search_retry:false
02-06-2024 20:43:20.322 INFO  SearchFeatureFlags [19050 MainThread] - Setting feature_flag=search:search_retry_realtime:false
02-06-2024 20:43:20.322 INFO  SearchFeatureFlags [19050 MainThread] - Setting feature_flag=parallelreduce:autoAppliedPercentage:false
02-06-2024 20:43:20.322 INFO  SearchFeatureFlags [19050 MainThread] - Setting feature_flag=subsearch:enableConcurrentPipelineProcessing:false
02-06-2024 20:43:20.322 INFO  SearchFeatureFlags [19050 MainThread] - Setting feature_flag=stats:allow_stats_v2:true
02-06-2024 20:43:20.322 INFO  SearchFeatureFlags [19050 MainThread] - Setting feature_flag=search_optimization::set_required_fields:stats:false
02-06-2024 20:43:20.322 INFO  SearchFeatureFlags [19050 MainThread] - Setting feature_flag=searchresults:srs2:false
02-06-2024 20:43:20.322 INFO  SearchFeatureFlags [19050 MainThread] - Setting feature_flag=search:read_final_results_from_timeliner:true
02-06-2024 20:43:20.322 INFO  SearchFeatureFlags [19050 MainThread] - Overlaying SearchFeatureFlags from jsonNode={"v":1,"enabledFeatures":["stats:allow_stats_v2"],"disabledFeatures":["searchresults:srs2"]}
02-06-2024 20:43:20.322 INFO  dispatchRunner [19050 MainThread] - registering build time modules, count=1
02-06-2024 20:43:20.322 INFO  dispatchRunner [19050 MainThread] - registering search time components of build time module name=vix
02-06-2024 20:43:20.322 INFO  BundlesSetup [19050 MainThread] - Setup stats for /opt/splunk/var/run/searchpeers/GOEL-SearchHead-1707251292: wallclock_elapsed_msec=14, cpu_time_used=0.0148286, shared_services_generation=2, shared_services_population=1
02-06-2024 20:43:20.331 INFO  UserManagerPro [19050 MainThread] - Load authentication: forcing roles="admin, can_delete, power, user"
02-06-2024 20:43:20.332 INFO  UserManager [16045 RunDispatch] - Setting user context: splunk-system-user
02-06-2024 20:43:20.332 INFO  UserManager [16045 RunDispatch] - Done setting user context: NULL -> splunk-system-user
02-06-2024 20:43:20.332 INFO  UserManager [16045 RunDispatch] - Unwound user context: splunk-system-user -> NULL
02-06-2024 20:43:20.332 INFO  UserManager [16045 RunDispatch] - Setting user context: admin
02-06-2024 20:43:20.332 INFO  UserManager [16045 RunDispatch] - Done setting user context: NULL -> admin
02-06-2024 20:43:20.333 INFO  dispatchRunner [16045 RunDispatch] - search context: user="admin", app="search", bs-pathname="/opt/splunk/var/run/searchpeers/GOEL-SearchHead-1707251292"
02-06-2024 20:43:20.333 INFO  SearchParser [16045 RunDispatch] - PARSING: litsearch (index=_* log_level=WARN bcgames bucket) | fields  keepcolorder=t "*" "_bkt" "_cd" "_si" "host" "index" "linecount" "source" "sourcetype" "splunk_server"  | remotetl  nb=300 et=1707248580.000000 lt=1707252200.000000 remove=true max_count=1000 max_prefetch=100
02-06-2024 20:43:20.333 INFO  SearchParser [16045 RunDispatch] - PARSING: litsearch (index=_* log_level=WARN bcgames bucket) | fields  keepcolorder=t "*" "_bkt" "_cd" "_si" "host" "index" "linecount" "source" "sourcetype" "splunk_server"  | remotetl  nb=300 et=1707248580.000000 lt=1707252200.000000 remove=true max_count=1000 max_prefetch=100
02-06-2024 20:43:20.333 INFO  UserManager [16045 RunDispatch] - Setting user context: splunk-system-user
02-06-2024 20:43:20.333 INFO  UserManager [16045 RunDispatch] - Done setting user context: admin -> splunk-system-user
02-06-2024 20:43:20.333 INFO  UserManager [16045 RunDispatch] - Setting user context: admin
02-06-2024 20:43:20.333 INFO  UserManager [16045 RunDispatch] - Done setting user context: splunk-system-user -> admin
02-06-2024 20:43:20.334 INFO  SearchProcessor [16045 RunDispatch] - Filtered out a metric type index '_metrics' because the command does not support it.
02-06-2024 20:43:20.335 INFO  SearchProcessor [16045 RunDispatch] - Filtered out a metric type index '_metrics_rollup' because the command does not support it.
02-06-2024 20:43:20.335 INFO  UserManager [16045 RunDispatch] - Unwound user context: admin -> splunk-system-user
02-06-2024 20:43:20.335 INFO  UserManager [16045 RunDispatch] - Unwound user context: splunk-system-user -> admin
02-06-2024 20:43:20.335 INFO  DispatchCommandProcessor [16045 RunDispatch] - Search requires the following indexes="[_audit,_configtracker,_internal,_introspection,_telemetry,_thefishbucket]"
02-06-2024 20:43:20.335 INFO  IndexReaderIf [16045 RunDispatch] - Loading Clustering bucket manifest file=/opt/splunk/var/run/splunk/cluster/search-buckets/search_sitedefault_gen111.csv.gz
02-06-2024 20:43:20.335 INFO  DatabaseDirectoryManager [16045 RunDispatch] - initDDMsFromSearchBucketManifest path=/opt/splunk/var/run/splunk/cluster/search-buckets/search_sitedefault_gen111.csv.gz, indexWhiteList_size=6
02-06-2024 20:43:20.336 INFO  dispatchRunner [16045 RunDispatch] - SearchPeerInitSearchMs=3
02-06-2024 20:43:20.336 INFO  dispatchRunner [16045 RunDispatch] - Serial search pipeline for streaming search being launched.
02-06-2024 20:43:20.336 INFO  SearchParser [16045 RunDispatch] - PARSING: litsearch (index=_* log_level=WARN bcgames bucket) | fields  keepcolorder=t "*" "_bkt" "_cd" "_si" "host" "index" "linecount" "source" "sourcetype" "splunk_server"  | remotetl  nb=300 et=1707248580.000000 lt=1707252200.000000 remove=true max_count=1000 max_prefetch=100
02-06-2024 20:43:20.348 INFO  SearchProcessor [16045 RunDispatch] - Filtered out a metric type index '_metrics' because the command does not support it.
02-06-2024 20:43:20.348 INFO  SearchProcessor [16045 RunDispatch] - Filtered out a metric type index '_metrics_rollup' because the command does not support it.
02-06-2024 20:43:20.349 INFO  SearchParser [16045 RunDispatch] - PARSING: typer | tags
02-06-2024 20:43:20.350 INFO  FastTyper [16045 RunDispatch] - found nodes count: comparisons=6, unique_comparisons=5, terms=4, unique_terms=4, phrases=12, unique_phrases=12, total leaves=22
02-06-2024 20:43:20.351 INFO  UserManager [16045 RunDispatch] - Setting user context: admin
02-06-2024 20:43:20.351 INFO  UserManager [16045 RunDispatch] - Done setting user context: admin -> admin
02-06-2024 20:43:20.351 INFO  FastSearchFilter [16045 RunDispatch] - Finished initializing IndexScopedFilter - trivial=0, nTerms=3, oTerms=0, host=0, source=0, sourcetype=0, linecount=0 exactCustomCmp=0
02-06-2024 20:43:20.351 INFO  UserManager [16045 RunDispatch] - Unwound user context: admin -> admin
02-06-2024 20:43:20.351 INFO  IndexScopedSearch [16045 RunDispatch] -  IndexScopedSearch is called for index = _audit, et = 1707248580.000000000, lt = 1707252200.000000000, index_et = -9223372036854775808.000000000, index_lt = 9223372036854775807.999999000, noRead = FALSE
02-06-2024 20:43:20.351 INFO  IndexScopedSearch [16045 RunDispatch] - ct=1707252200.000000 et=1707248580.000000 lt=1707252200.000000 dbsize=6
02-06-2024 20:43:20.351 INFO  UserManager [16045 RunDispatch] - Setting user context: admin
02-06-2024 20:43:20.351 INFO  UserManager [16045 RunDispatch] - Done setting user context: admin -> admin
02-06-2024 20:43:20.351 INFO  FastSearchFilter [16045 RunDispatch] - Finished initializing IndexScopedFilter - trivial=0, nTerms=3, oTerms=0, host=0, source=0, sourcetype=0, linecount=0 exactCustomCmp=0
02-06-2024 20:43:20.351 INFO  UserManager [16045 RunDispatch] - Unwound user context: admin -> admin
02-06-2024 20:43:20.351 INFO  IndexScopedSearch [16045 RunDispatch] -  IndexScopedSearch is called for index = _configtracker, et = 1707248580.000000000, lt = 1707252200.000000000, index_et = -9223372036854775808.000000000, index_lt = 9223372036854775807.999999000, noRead = FALSE
02-06-2024 20:43:20.352 INFO  IndexScopedSearch [16045 RunDispatch] - ct=1707252200.000000 et=1707248580.000000 lt=1707252200.000000 dbsize=2
02-06-2024 20:43:20.352 INFO  UserManager [16045 RunDispatch] - Setting user context: admin
02-06-2024 20:43:20.352 INFO  UserManager [16045 RunDispatch] - Done setting user context: admin -> admin
02-06-2024 20:43:20.352 INFO  FastSearchFilter [16045 RunDispatch] - Finished initializing IndexScopedFilter - trivial=0, nTerms=3, oTerms=0, host=0, source=0, sourcetype=0, linecount=0 exactCustomCmp=0
02-06-2024 20:43:20.352 INFO  UserManager [16045 RunDispatch] - Unwound user context: admin -> admin
02-06-2024 20:43:20.352 INFO  IndexScopedSearch [16045 RunDispatch] -  IndexScopedSearch is called for index = _internal, et = 1707248580.000000000, lt = 1707252200.000000000, index_et = -9223372036854775808.000000000, index_lt = 9223372036854775807.999999000, noRead = FALSE
02-06-2024 20:43:20.352 INFO  IndexScopedSearch [16045 RunDispatch] - ct=1707252200.000000 et=1707248580.000000 lt=1707252200.000000 dbsize=7
02-06-2024 20:43:20.352 INFO  UserManager [16045 RunDispatch] - Setting user context: admin
02-06-2024 20:43:20.352 INFO  UserManager [16045 RunDispatch] - Done setting user context: admin -> admin
02-06-2024 20:43:20.353 INFO  FastSearchFilter [16045 RunDispatch] - Finished initializing IndexScopedFilter - trivial=0, nTerms=3, oTerms=0, host=0, source=0, sourcetype=0, linecount=0 exactCustomCmp=0
02-06-2024 20:43:20.353 INFO  UserManager [16045 RunDispatch] - Unwound user context: admin -> admin
02-06-2024 20:43:20.353 INFO  IndexScopedSearch [16045 RunDispatch] -  IndexScopedSearch is called for index = _introspection, et = 1707248580.000000000, lt = 1707252200.000000000, index_et = -9223372036854775808.000000000, index_lt = 9223372036854775807.999999000, noRead = FALSE
02-06-2024 20:43:20.353 INFO  IndexScopedSearch [16045 RunDispatch] - ct=1707252200.000000 et=1707248580.000000 lt=1707252200.000000 dbsize=2
02-06-2024 20:43:20.353 INFO  UserManager [16045 RunDispatch] - Setting user context: admin
02-06-2024 20:43:20.353 INFO  UserManager [16045 RunDispatch] - Done setting user context: admin -> admin
02-06-2024 20:43:20.353 INFO  FastSearchFilter [16045 RunDispatch] - Finished initializing IndexScopedFilter - trivial=0, nTerms=3, oTerms=0, host=0, source=0, sourcetype=0, linecount=0 exactCustomCmp=0
02-06-2024 20:43:20.353 INFO  UserManager [16045 RunDispatch] - Unwound user context: admin -> admin
02-06-2024 20:43:20.353 INFO  IndexScopedSearch [16045 RunDispatch] -  IndexScopedSearch is called for index = _telemetry, et = 1707248580.000000000, lt = 1707252200.000000000, index_et = -9223372036854775808.000000000, index_lt = 9223372036854775807.999999000, noRead = FALSE
02-06-2024 20:43:20.353 INFO  IndexScopedSearch [16045 RunDispatch] - ct=1707252200.000000 et=1707248580.000000 lt=1707252200.000000 dbsize=2
02-06-2024 20:43:20.354 INFO  UserManager [16045 RunDispatch] - Setting user context: admin
02-06-2024 20:43:20.354 INFO  UserManager [16045 RunDispatch] - Done setting user context: admin -> admin
02-06-2024 20:43:20.354 INFO  FastSearchFilter [16045 RunDispatch] - Finished initializing IndexScopedFilter - trivial=0, nTerms=3, oTerms=0, host=0, source=0, sourcetype=0, linecount=0 exactCustomCmp=0
02-06-2024 20:43:20.354 INFO  UserManager [16045 RunDispatch] - Unwound user context: admin -> admin
02-06-2024 20:43:20.354 INFO  IndexScopedSearch [16045 RunDispatch] -  IndexScopedSearch is called for index = _thefishbucket, et = 1707248580.000000000, lt = 1707252200.000000000, index_et = -9223372036854775808.000000000, index_lt = 9223372036854775807.999999000, noRead = FALSE
02-06-2024 20:43:20.354 INFO  IndexScopedSearch [16045 RunDispatch] - ct=1707252200.000000 et=1707248580.000000 lt=1707252200.000000 dbsize=0
02-06-2024 20:43:20.354 INFO  UnifiedSearch [16045 RunDispatch] - Initialization of search data structures took 6 ms
02-06-2024 20:43:20.354 INFO  UnifiedSearch [16045 RunDispatch] - Processed search targeting arguments
02-06-2024 20:43:20.381 INFO  SearchPipelineExecutor [16048 StreamSearch] - StreamSearch pipeline=0 is started in its own thread
02-06-2024 20:43:20.381 INFO  UserManager [16048 StreamSearch] - Setting user context: admin
02-06-2024 20:43:20.381 INFO  UserManager [16048 StreamSearch] - Done setting user context: NULL -> admin
02-06-2024 20:43:20.381 INFO  SearchPipelineExecutor [16050 NormSerializeExecutorThread] - NormSerializeExecutorThread pipeline=0 is started in its own thread.
02-06-2024 20:43:20.382 INFO  SearchPipelineExecutor [16045 RunDispatch] - Number of StreamSearch pipelines launched=1
02-06-2024 20:43:20.382 INFO  SearchPipelineExecutor [16045 RunDispatch] - Starting to transmit serialized search results.
02-06-2024 20:43:20.388 INFO  Timeliner [16048 StreamSearch] - Emitted 5 full events to info._remotetl_events
02-06-2024 20:43:20.388 WARN  SRSSerializer [16050 NormSerializeExecutorThread] - writing 0 cols! field list=0
02-06-2024 20:43:20.397 INFO  Timeliner [16048 StreamSearch] - Emitted 33 full events to info._remotetl_events
02-06-2024 20:43:20.397 WARN  SRSSerializer [16050 NormSerializeExecutorThread] - writing 0 cols! field list=0
02-06-2024 20:43:20.403 WARN  SearchOperator:kv [16048 StreamSearch] - buildRegexList provided empty conf key, ignoring.
02-06-2024 20:43:20.404 INFO  Timeliner [16048 StreamSearch] - Emitted 60 full events to info._remotetl_events
02-06-2024 20:43:20.404 WARN  SRSSerializer [16050 NormSerializeExecutorThread] - writing 0 cols! field list=0
02-06-2024 20:43:20.404 INFO  SearchPipelineExecutor [16048 StreamSearch] - Finished streaming: results.count=0
02-06-2024 20:43:20.404 INFO  UserManager [16048 StreamSearch] - Unwound user context: admin -> NULL
02-06-2024 20:43:20.404 INFO  SearchPipelineExecutor [16048 StreamSearch] - StreamSearch pipleine=0 is finished.
02-06-2024 20:43:20.404 WARN  SRSSerializer [16050 NormSerializeExecutorThread] - writing 0 cols! field list=0
02-06-2024 20:43:20.405 WARN  SRSSerializer [16050 NormSerializeExecutorThread] - writing 0 cols! field list=0
02-06-2024 20:43:20.405 INFO  SearchPipelineExecutor [16050 NormSerializeExecutorThread] - NormSerializeExecutorThread pipeline=0 is finished.
02-06-2024 20:43:20.405 INFO  SearchPipelineExecutor [16045 RunDispatch] - Done transmitting serialized search results, total bytes transmitted 169624.
02-06-2024 20:43:20.405 INFO  dispatchRunner [16045 RunDispatch] - Done with streaming search.
02-06-2024 20:43:20.405 INFO  SearchOperator:kv [16045 RunDispatch] - Extractor stats: name=_autoKvStats, probes=1, total_time_ms=0, max_time_ms=0
02-06-2024 20:43:20.405 INFO  SearchOperator:kv [16045 RunDispatch] - Extractor stats: name=(?i)^(?:[^ ]* ){2}(?:[+\-]\d+ )?(?P<log_level>[^ ]*)\s+(?P<component>[^ ]+) (?:\[(?P<thread_id>\d+)\s)?(?:(?P<thread_name>[^\]]+)\]\s)?- (?P<event_message>.+), probes=3, total_time_ms=0, max_time_ms=0
02-06-2024 20:43:20.406 WARN  SearchOperator:kv [16045 RunDispatch] - Exceeded the maximum number of field extractions configured in limits.conf / [kv] / limit=100. Skipped extraction of fields="app,avg_age,bundleId,conf,eps,ev,event,group,hot_buckets,interval_sec,kb,kbps,max,max_age,path_crc32,series,setting,stanza,timestamp"
02-06-2024 20:43:20.406 INFO  ISearchOperator [16045 RunDispatch] - 0x7f0f43bff000 PREAD_HISTOGRAM: usec_1_8=544 usec_8_64=2 usec_64_512=1 usec_512_4096=1 usec_4096_32768=0 usec_32768_262144=0 usec_262144_INF=0 
02-06-2024 20:43:20.406 INFO  ISearchOperator [16045 RunDispatch] - 0x7f0f43bff800 PREAD_HISTOGRAM: usec_1_8=122 usec_8_64=0 usec_64_512=0 usec_512_4096=0 usec_4096_32768=0 usec_32768_262144=0 usec_262144_INF=0 
02-06-2024 20:43:20.407 INFO  SearchPipelineExecutor [16045 RunDispatch] - Streamed Search Index Orchestrator has been shutdown.
02-06-2024 20:43:20.407 INFO  UserManager [16045 RunDispatch] - Unwound user context: admin -> NULL
02-06-2024 20:43:20.407 INFO  LookupDataProvider [16045 RunDispatch] - Clearing out lookup shared provider map
02-06-2024 20:43:20.408 INFO  dispatchRunner [19050 MainThread] - RunDispatch is done: sid=remote_GOEL-SearchHead_1707252200.36, exit=0
