02-06-2024 19:17:00.893 INFO  dispatchRunner [14956 MainThread] - Search process mode: preforked (first search in process) (build b985591d12fd).
02-06-2024 19:17:00.893 INFO  dispatchRunner [14956 MainThread] - initing LicenseMgr in search process: nonPro=0
02-06-2024 19:17:00.893 INFO  LMStackMgr [14956 MainThread] - Initializing CleMgr...
02-06-2024 19:17:00.893 INFO  LicenseMgr [14956 MainThread] - Initing LicenseMgr
02-06-2024 19:17:00.893 INFO  LMConfig [14956 MainThread] - serverName=GOEL-Indexer2 guid=A7E1805D-45C6-44A6-8F41-DCD62F97B6BC
02-06-2024 19:17:00.896 INFO  LMConfig [14956 MainThread] - connection_timeout=30
02-06-2024 19:17:00.896 INFO  LMConfig [14956 MainThread] - send_timeout=30
02-06-2024 19:17:00.896 INFO  LMConfig [14956 MainThread] - receive_timeout=30
02-06-2024 19:17:00.896 INFO  LMConfig [14956 MainThread] - key=license_warnings_update_interval not found in licenser stanza of server.conf, defaulting=0
02-06-2024 19:17:00.896 INFO  LMConfig [14956 MainThread] - squash_threshold=2000
02-06-2024 19:17:00.896 INFO  LMConfig [14956 MainThread] - strict_pool_quota=1
02-06-2024 19:17:00.896 INFO  LMConfig [14956 MainThread] - key=pool_suggestion not found in licenser stanza of server.conf, defaulting=''
02-06-2024 19:17:00.896 INFO  LMConfig [14956 MainThread] - key=test_aws_metering not found in licenser stanza of server.conf, defaulting=0
02-06-2024 19:17:00.896 INFO  LMConfig [14956 MainThread] - key=test_aws_product_code not found in licenser stanza of server.conf, defaulting=0
02-06-2024 19:17:00.896 INFO  LicenseMgr [14956 MainThread] - Initing LicenseMgr runContext_splunkd=false
02-06-2024 19:17:00.896 INFO  LMStackMgr [14956 MainThread] - closing stack mgr
02-06-2024 19:17:00.896 INFO  LMSlaveInfo [14956 MainThread] - all slaves cleared
02-06-2024 19:17:00.896 INFO  LMStackMgr [14956 MainThread] - partial init only since node has remote master=https://10.0.3.7:8089
02-06-2024 19:17:00.896 INFO  LicenseMgr [14956 MainThread] - StackMgr init complete...
02-06-2024 19:17:00.896 INFO  LMTracker [14956 MainThread] - Setting default product type='enterprise'
02-06-2024 19:17:00.896 INFO  LMTracker [14956 MainThread] - this is not splunkd, will perform partial init
02-06-2024 19:17:00.896 INFO  LicenseMgr [14956 MainThread] - Tracker init complete...
02-06-2024 19:17:00.903 INFO  AdminManagerDispatch [14956 MainThread] - added factory for admin handler: 'licenses'
02-06-2024 19:17:00.903 INFO  AdminManagerDispatch [14956 MainThread] - added factory for admin handler: 'pools'
02-06-2024 19:17:00.903 INFO  AdminManagerDispatch [14956 MainThread] - added factory for admin handler: 'stacks'
02-06-2024 19:17:00.903 INFO  AdminManagerDispatch [14956 MainThread] - added factory for admin handler: 'groups'
02-06-2024 19:17:00.903 INFO  AdminManagerDispatch [14956 MainThread] - added factory for admin handler: 'slaves'
02-06-2024 19:17:00.903 INFO  AdminManagerDispatch [14956 MainThread] - added factory for admin handler: 'peers'
02-06-2024 19:17:00.903 INFO  AdminManagerDispatch [14956 MainThread] - added factory for admin handler: 'localslave'
02-06-2024 19:17:00.903 INFO  AdminManagerDispatch [14956 MainThread] - added factory for admin handler: 'localpeer'
02-06-2024 19:17:00.903 INFO  AdminManagerDispatch [14956 MainThread] - added factory for admin handler: 'licensermessages'
02-06-2024 19:17:00.903 INFO  AdminManagerDispatch [14956 MainThread] - added factory for admin handler: 'scriptedwarning'
02-06-2024 19:17:00.903 INFO  AdminManagerDispatch [14956 MainThread] - added factory for admin handler: 'licenseusage'
02-06-2024 19:17:00.903 INFO  LicenseMgr [14956 MainThread] - Initing LicenseMgr
02-06-2024 19:17:00.903 INFO  LMConfig [14956 MainThread] - serverName=GOEL-Indexer2 guid=A7E1805D-45C6-44A6-8F41-DCD62F97B6BC
02-06-2024 19:17:00.903 INFO  LMConfig [14956 MainThread] - connection_timeout=30
02-06-2024 19:17:00.903 INFO  LMConfig [14956 MainThread] - send_timeout=30
02-06-2024 19:17:00.903 INFO  LMConfig [14956 MainThread] - receive_timeout=30
02-06-2024 19:17:00.903 INFO  LMConfig [14956 MainThread] - key=license_warnings_update_interval not found in licenser stanza of server.conf, defaulting=0
02-06-2024 19:17:00.903 INFO  LMConfig [14956 MainThread] - squash_threshold=2000
02-06-2024 19:17:00.903 INFO  LMConfig [14956 MainThread] - strict_pool_quota=1
02-06-2024 19:17:00.903 INFO  LMConfig [14956 MainThread] - key=pool_suggestion not found in licenser stanza of server.conf, defaulting=''
02-06-2024 19:17:00.903 INFO  LMConfig [14956 MainThread] - key=test_aws_metering not found in licenser stanza of server.conf, defaulting=0
02-06-2024 19:17:00.903 INFO  LMConfig [14956 MainThread] - key=test_aws_product_code not found in licenser stanza of server.conf, defaulting=0
02-06-2024 19:17:00.903 INFO  dispatchRunner [14956 MainThread] - registering build time modules, count=1
02-06-2024 19:17:00.903 INFO  dispatchRunner [14956 MainThread] - registering search time components of build time module name=vix
02-06-2024 19:17:00.903 INFO  dispatchRunner [14956 MainThread] - Getting search configuration data from: /opt/splunk/etc/modules/parsing/config.xml
02-06-2024 19:17:00.904 WARN  SSLOptions [14956 MainThread] - server.conf/[kvstore]/sslVerifyServerCert is false disabling certificate validation; must be set to "true" for increased security
02-06-2024 19:17:00.905 INFO  BundlesSetup [14956 MainThread] - Setup stats for /opt/splunk/etc: wallclock_elapsed_msec=9, cpu_time_used=0.00965559, shared_services_generation=2, shared_services_population=1
02-06-2024 19:17:00.914 INFO  UserManagerPro [14956 MainThread] - Load authentication: forcing roles="admin, power, splunk-system-role, user"
02-06-2024 19:17:00.914 INFO  PipelineComponent [14956 MainThread] - Ingestion pipeline sets have been configured to use pipeline set policy=round_robin for multiple pipeline sets.
02-06-2024 19:17:00.915 INFO  UserManager [1993 RunDispatch] - Setting user context: splunk-system-user
02-06-2024 19:17:00.915 INFO  UserManager [1993 RunDispatch] - Done setting user context: NULL -> splunk-system-user
02-06-2024 19:17:00.916 INFO  dispatchRunner [1993 RunDispatch] - search context: user="splunk-system-user", app="splunk_archiver", bs-pathname="/opt/splunk/etc"
02-06-2024 19:17:00.922 WARN  IndexConfig [1993 RunDispatch] - Max bucket size is larger than destination path size limit. Please check your index configuration. idx=bcgames; bucket size in (from maxDataSize) 750 MB, homePath.maxDataSizeMB=100,  coldPath.maxDataSizeMB=100
02-06-2024 19:17:00.922 WARN  IndexConfig [1993 RunDispatch] - Home path size limit cannot accomodate maximum number of hot buckets with specified bucket size because homePath.maxDataSizeMB is too small. Please check your index configuration: idx=bcgames maxDataSize=750 MB, homePath.maxDataSizeMB=100 MB
02-06-2024 19:17:00.922 WARN  IndexConfig [1993 RunDispatch] - Max bucket size is larger than destination path size limit. Please check your index configuration. idx=infra; bucket size in (from maxDataSize) 750 MB, homePath.maxDataSizeMB=100,  coldPath.maxDataSizeMB=100
02-06-2024 19:17:00.922 WARN  IndexConfig [1993 RunDispatch] - Home path size limit cannot accomodate maximum number of hot buckets with specified bucket size because homePath.maxDataSizeMB is too small. Please check your index configuration: idx=infra maxDataSize=750 MB, homePath.maxDataSizeMB=100 MB
02-06-2024 19:17:00.922 WARN  IndexConfig [1993 RunDispatch] - Max bucket size is larger than destination path size limit. Please check your index configuration. idx=soc; bucket size in (from maxDataSize) 750 MB, homePath.maxDataSizeMB=100,  coldPath.maxDataSizeMB=100
02-06-2024 19:17:00.922 WARN  IndexConfig [1993 RunDispatch] - Home path size limit cannot accomodate maximum number of hot buckets with specified bucket size because homePath.maxDataSizeMB is too small. Please check your index configuration: idx=soc maxDataSize=750 MB, homePath.maxDataSizeMB=100 MB
02-06-2024 19:17:00.923 INFO  SearchParser [1993 RunDispatch] - PARSING: | archivebuckets
02-06-2024 19:17:00.924 INFO  SearchParser [1993 RunDispatch] - PARSING: | archivebuckets
02-06-2024 19:17:00.924 WARN  DispatchCommandProcessor [1993 RunDispatch] - Could not find a set of indexes to search; defaulting to all
02-06-2024 19:17:00.924 INFO  IndexReaderIf [1993 RunDispatch] - Loading Clustering bucket manifest file=/opt/splunk/var/run/splunk/cluster/search-buckets/search_sitedefault_gen0.csv.gz
02-06-2024 19:17:00.924 INFO  DatabaseDirectoryManager [1993 RunDispatch] - initDDMsFromSearchBucketManifest path=/opt/splunk/var/run/splunk/cluster/search-buckets/search_sitedefault_gen0.csv.gz, indexWhiteList_size=1
02-06-2024 19:17:00.924 INFO  CMBucketId [1993 RunDispatch] - CMIndexId: New indexName=_telemetry inserted, mapping to id=1
02-06-2024 19:17:00.925 INFO  CMBucketId [1993 RunDispatch] - CMIndexId: New indexName=_audit inserted, mapping to id=2
02-06-2024 19:17:00.925 INFO  CMBucketId [1993 RunDispatch] - CMIndexId: New indexName=_internal inserted, mapping to id=3
02-06-2024 19:17:00.925 INFO  dispatchRunner [1993 RunDispatch] - SearchHeadInitSearchMs=9
02-06-2024 19:17:00.925 INFO  dispatchRunner [1993 RunDispatch] - Executing the Search orchestrator and iterator model (dfs=false).
02-06-2024 19:17:00.925 INFO  SearchOrchestrator [1993 RunDispatch] - SearchOrchestrator getting constructed
02-06-2024 19:17:00.925 INFO  SearchOrchestrator [1993 RunDispatch] -  Initialized the SRI
02-06-2024 19:17:00.926 INFO  SearchFeatureFlags [1993 RunDispatch] - Initializing feature flags from config. feature_seed=2662482496
02-06-2024 19:17:00.926 INFO  SearchFeatureFlags [1993 RunDispatch] - Setting feature_flag=parallelreduce:enablePreview:true
02-06-2024 19:17:00.926 INFO  SearchFeatureFlags [1993 RunDispatch] - Setting feature_flag=search:search_retry:false
02-06-2024 19:17:00.926 INFO  SearchFeatureFlags [1993 RunDispatch] - Setting feature_flag=search:search_retry_realtime:false
02-06-2024 19:17:00.926 INFO  SearchFeatureFlags [1993 RunDispatch] - Setting feature_flag=parallelreduce:autoAppliedPercentage:false
02-06-2024 19:17:00.926 INFO  SearchFeatureFlags [1993 RunDispatch] - Setting feature_flag=subsearch:enableConcurrentPipelineProcessing:false
02-06-2024 19:17:00.926 INFO  SearchFeatureFlags [1993 RunDispatch] - Setting feature_flag=stats:allow_stats_v2:true
02-06-2024 19:17:00.926 INFO  SearchFeatureFlags [1993 RunDispatch] - Setting feature_flag=search_optimization::set_required_fields:stats:false
02-06-2024 19:17:00.926 INFO  SearchFeatureFlags [1993 RunDispatch] - Setting feature_flag=searchresults:srs2:false
02-06-2024 19:17:00.926 INFO  SearchFeatureFlags [1993 RunDispatch] - Setting feature_flag=search:read_final_results_from_timeliner:true
02-06-2024 19:17:00.926 INFO  SearchOrchestrator [1993 RunDispatch] - Search feature_flags={"v":1,"enabledFeatures":["parallelreduce:enablePreview","stats:allow_stats_v2","search:read_final_results_from_timeliner"],"disabledFeatures":["search:search_retry","search:search_retry_realtime","parallelreduce:autoAppliedPercentage","subsearch:enableConcurrentPipelineProcessing","search_optimization::set_required_fields:stats","searchresults:srs2"]}
02-06-2024 19:17:00.926 INFO  ISplunkDispatch [1993 RunDispatch] - Not running in splunkd. Bundle replication not triggered.
02-06-2024 19:17:00.929 INFO  SearchOrchestrator [2000 searchOrchestrator] - Initialzing the run time settings for the orchestrator.
02-06-2024 19:17:00.929 INFO  UserManager [2000 searchOrchestrator] - Setting user context: splunk-system-user
02-06-2024 19:17:00.929 INFO  UserManager [2000 searchOrchestrator] - Done setting user context: NULL -> splunk-system-user
02-06-2024 19:17:00.930 INFO  AdaptiveSearchEngineSelector [2000 searchOrchestrator] - Search execution_plan=classic
02-06-2024 19:17:00.930 INFO  SearchOrchestrator [2000 searchOrchestrator] - Creating the search DAG.
02-06-2024 19:17:00.930 INFO  SearchParser [2000 searchOrchestrator] - PARSING: | archivebuckets
02-06-2024 19:17:00.930 INFO  DispatchStorageManagerInfo [2000 searchOrchestrator] - Successfully created new dispatch directory for search job. sid=00205ebca31f65ef_tmp dispatch_dir=/opt/splunk/var/run/splunk/dispatch/00205ebca31f65ef_tmp
02-06-2024 19:17:00.933 INFO  script [2000 searchOrchestrator] - found script file=/opt/splunk/etc/apps/splunk_archiver/bin/archivebuckets.py
02-06-2024 19:17:00.933 INFO  script [2000 searchOrchestrator] - stderr for script archivebuckets will be added to search.log
02-06-2024 19:17:00.933 INFO  DispatchThread [2000 searchOrchestrator] - BatchMode: allowBatchMode: 0, conf(1): 1, timeline/Status buckets(0):0, realtime(0):0, report pipe empty(0):1, reqTimeOrder(0):0, summarize(0):0, statefulStreaming(0):1
02-06-2024 19:17:00.933 INFO  DispatchThread [2000 searchOrchestrator] - Setup timeliner partialCommits=0
02-06-2024 19:17:00.933 INFO  DispatchThread [2000 searchOrchestrator] - Disabling usage of summaries for non-reporting search
02-06-2024 19:17:00.933 INFO  DispatchThread [2000 searchOrchestrator] - required fields list to add to remote search = *,_bkt,_cd,_si,host,index,linecount,source,sourcetype,splunk_server
02-06-2024 19:17:00.933 INFO  DispatchCommandProcessor [2000 searchOrchestrator] - summaryHash=NS3d9d854163f8f07a summaryId=A7E1805D-45C6-44A6-8F41-DCD62F97B6BC_splunk_archiver_nobody_NS3d9d854163f8f07a remoteSearch=
02-06-2024 19:17:00.933 INFO  SearchParser [2000 searchOrchestrator] - PARSING: | archivebuckets
02-06-2024 19:17:00.933 INFO  script [2000 searchOrchestrator] - found script file=/opt/splunk/etc/apps/splunk_archiver/bin/archivebuckets.py
02-06-2024 19:17:00.933 INFO  script [2000 searchOrchestrator] - stderr for script archivebuckets will be added to search.log
02-06-2024 19:17:00.933 INFO  AstOptimizer [2000 searchOrchestrator] - SrchOptMetrics optimize_toJson=0.000094885
02-06-2024 19:17:00.933 INFO  SearchParser [2000 searchOrchestrator] - PARSING: | archivebuckets
02-06-2024 19:17:00.934 INFO  FederatedInfo [2000 searchOrchestrator] - No federated search providers defined.
02-06-2024 19:17:00.934 INFO  ProjElim [2000 searchOrchestrator] - Black listed processors=[addinfo]
02-06-2024 19:17:00.943 INFO  AstOptimizer [2000 searchOrchestrator] - SrchOptMetrics optimization=0.009900133
02-06-2024 19:17:00.943 INFO  SearchPhaseGenerator [2000 searchOrchestrator] - Optimized Search =| archivebuckets
02-06-2024 19:17:00.943 INFO  ScopedTimer [2000 searchOrchestrator] - search.optimize 0.010144193
02-06-2024 19:17:00.943 INFO  FederatedProviderVisitor [2000 searchOrchestrator] - Federated Whole Search Remote Execution Enabled: false
02-06-2024 19:17:00.985 INFO  SearchPhaseGenerator [2000 searchOrchestrator] - Number of involved federated deployments is 0.
02-06-2024 19:17:00.985 INFO  ParallelReducePolicy [2000 searchOrchestrator] - Current Search Head doesn't have any usable peers to use.
02-06-2024 19:17:00.985 INFO  PhaseNodeGenerationVisitor [2000 searchOrchestrator] - FallBackReason: Fallback to 2-phase mode because of empty split key of cmd: archivebuckets
02-06-2024 19:17:00.985 INFO  PhaseToPipelineVisitor [2000 searchOrchestrator] - Phase Search = | archivebuckets
02-06-2024 19:17:00.985 INFO  SearchParser [2000 searchOrchestrator] - PARSING: | archivebuckets
02-06-2024 19:17:00.986 INFO  script [2000 searchOrchestrator] - found script file=/opt/splunk/etc/apps/splunk_archiver/bin/archivebuckets.py
02-06-2024 19:17:00.986 INFO  script [2000 searchOrchestrator] - stderr for script archivebuckets will be added to search.log
02-06-2024 19:17:00.986 INFO  SearchPipeline [2000 searchOrchestrator] - ReportSearch=0 AllowBatchMode=0
02-06-2024 19:17:00.986 INFO  SearchPhaseGenerator [2000 searchOrchestrator] - No need for RTWindowProcessor
02-06-2024 19:17:00.986 INFO  SearchPhaseGenerator [2000 searchOrchestrator] - Adding timeliner to final phase
02-06-2024 19:17:00.986 INFO  SearchParser [2000 searchOrchestrator] - PARSING: | timeliner remote=0 partial_commits=0 max_events_per_bucket=500000 fieldstats_update_maxperiod=60 bucket=0
02-06-2024 19:17:00.986 INFO  TimelineCreator [2000 searchOrchestrator] - Creating timeline with remote=0 partialCommits=0 commitFreq=0 syncKSFreq=0 maxSyncKSPeriodTime=60000 bucket=0 latestTime=1707247020.000000 earliestTime=2147483647.000000
02-06-2024 19:17:00.986 INFO  SearchPhaseGenerator [2000 searchOrchestrator] - required fields list to add to different pipelines = *,_bkt,_cd,_si,host,index,linecount,source,sourcetype,splunk_server
02-06-2024 19:17:00.986 INFO  SearchPhaseGenerator [2000 searchOrchestrator] - Search Phases created.
02-06-2024 19:17:00.987 INFO  SearchOrchestrator [2000 searchOrchestrator] - Preview is not enabled. (preview_algorithm=NONE)
02-06-2024 19:17:00.987 INFO  UserManager [2000 searchOrchestrator] - Setting user context: splunk-system-user
02-06-2024 19:17:00.987 INFO  UserManager [2000 searchOrchestrator] - Done setting user context: splunk-system-user -> splunk-system-user
02-06-2024 19:17:00.987 INFO  UserManager [2000 searchOrchestrator] - Unwound user context: splunk-system-user -> splunk-system-user
02-06-2024 19:17:00.987 INFO  DistributedSearchResultCollectionManager [2000 searchOrchestrator] - Stream search: 
02-06-2024 19:17:00.987 INFO  UserManager [2012 SearchResultExecutorThread] - Setting user context: splunk-system-user
02-06-2024 19:17:00.987 INFO  UserManager [2012 SearchResultExecutorThread] - Done setting user context: NULL -> splunk-system-user
02-06-2024 19:17:00.987 INFO  UserManager [2012 SearchResultExecutorThread] - Unwound user context: splunk-system-user -> NULL
02-06-2024 19:17:00.987 INFO  UserManager [2010 SearchResultExecutorThread] - Setting user context: splunk-system-user
02-06-2024 19:17:00.987 INFO  UserManager [2010 SearchResultExecutorThread] - Done setting user context: NULL -> splunk-system-user
02-06-2024 19:17:00.987 INFO  UserManager [2010 SearchResultExecutorThread] - Unwound user context: splunk-system-user -> NULL
02-06-2024 19:17:00.987 INFO  UserManager [2008 SearchResultExecutorThread] - Setting user context: splunk-system-user
02-06-2024 19:17:00.987 INFO  UserManager [2008 SearchResultExecutorThread] - Done setting user context: NULL -> splunk-system-user
02-06-2024 19:17:00.987 INFO  UserManager [2008 SearchResultExecutorThread] - Unwound user context: splunk-system-user -> NULL
02-06-2024 19:17:00.991 INFO  UserManager [2009 SearchResultExecutorThread] - Setting user context: splunk-system-user
02-06-2024 19:17:00.991 INFO  UserManager [2009 SearchResultExecutorThread] - Done setting user context: NULL -> splunk-system-user
02-06-2024 19:17:00.991 INFO  UserManager [2009 SearchResultExecutorThread] - Unwound user context: splunk-system-user -> NULL
02-06-2024 19:17:00.994 INFO  UserManager [2011 SearchResultExecutorThread] - Setting user context: splunk-system-user
02-06-2024 19:17:00.994 INFO  UserManager [2011 SearchResultExecutorThread] - Done setting user context: NULL -> splunk-system-user
02-06-2024 19:17:00.994 INFO  UserManager [2011 SearchResultExecutorThread] - Unwound user context: splunk-system-user -> NULL
02-06-2024 19:17:00.994 INFO  SearchPhaseGenerator [2000 searchOrchestrator] - Time spends on creating distributed search results infrastructure; dispatchcreatedSearchResultInfrastructure=0.006899316 seconds.
02-06-2024 19:17:00.994 INFO  SearchOrchestrator [2000 searchOrchestrator] - Starting the status control thread.
02-06-2024 19:17:00.994 INFO  SearchOrchestrator [2000 searchOrchestrator] - Starting phase=1
02-06-2024 19:17:00.994 INFO  UserManager [2006 StatusEnforcerThread] - Setting user context: splunk-system-user
02-06-2024 19:17:00.994 INFO  UserManager [2006 StatusEnforcerThread] - Done setting user context: NULL -> splunk-system-user
02-06-2024 19:17:00.994 INFO  SearchStatusEnforcer [2006 StatusEnforcerThread] - Enforcing disk quota = 10485760000
02-06-2024 19:17:00.994 INFO  UserManager [2013 phase_1] - Setting user context: splunk-system-user
02-06-2024 19:17:00.994 INFO  UserManager [2013 phase_1] - Done setting user context: NULL -> splunk-system-user
02-06-2024 19:17:00.994 INFO  ReducePhaseExecutor [2013 phase_1] - Starting phase_1
02-06-2024 19:17:02.523 INFO  ReducePhaseExecutor [2013 phase_1] - Ending phase_1
02-06-2024 19:17:02.523 INFO  UserManager [2013 phase_1] - Unwound user context: splunk-system-user -> NULL
02-06-2024 19:17:02.525 INFO  ProxyConfig [2006 StatusEnforcerThread] - Failed to initialize http_proxy from server.conf for splunkd. Please make sure that the http_proxy property is set as http_proxy=http://host:port in case HTTP proxying needs to be enabled.
02-06-2024 19:17:02.525 INFO  ProxyConfig [2006 StatusEnforcerThread] - Failed to initialize https_proxy from server.conf for splunkd. Please make sure that the https_proxy property is set as https_proxy=http://host:port in case HTTP proxying needs to be enabled.
02-06-2024 19:17:02.525 INFO  ProxyConfig [2006 StatusEnforcerThread] - Failed to initialize the proxy_rules setting from server.conf for splunkd. Please provide a valid set of proxy_rules in case HTTP proxying needs to be enabled.
02-06-2024 19:17:02.525 INFO  ProxyConfig [2006 StatusEnforcerThread] - Failed to initialize the no_proxy setting from server.conf for splunkd. Please provide a valid set of no_proxy rules in case HTTP proxying needs to be enabled.
02-06-2024 19:17:02.526 WARN  SSLOptions [2006 StatusEnforcerThread] - <internal>.conf/[<internal>]/sslVerifyServerCert is false disabling certificate validation; must be set to "true" for increased security
02-06-2024 19:17:02.530 WARN  SSLOptions [2006 StatusEnforcerThread] - <internal>.conf/[<internal>]/sslVerifyServerCert is false disabling certificate validation; must be set to "true" for increased security
02-06-2024 19:17:02.534 INFO  SearchStatusEnforcer [2006 StatusEnforcerThread] - Triggered listener notification on state=onResults condition=1
02-06-2024 19:17:02.534 INFO  UserManager [2006 StatusEnforcerThread] - Unwound user context: splunk-system-user -> NULL
02-06-2024 19:17:02.535 INFO  DispatchStorageManager [2000 searchOrchestrator] - Remote storage disabled for search artifacts.
02-06-2024 19:17:02.535 INFO  DispatchManager [2000 searchOrchestrator] - DispatchManager::dispatchHasFinished(id='scheduler__nobody_c3BsdW5rX2FyY2hpdmVy__RMD5473cbac83d6c9db7_at_1707247020_4', username='splunk-system-user')
02-06-2024 19:17:02.535 INFO  UserManager [2000 searchOrchestrator] - Unwound user context: splunk-system-user -> NULL
02-06-2024 19:17:02.535 INFO  SearchStatusEnforcer [1993 RunDispatch] - SearchStatusEnforcer is already terminated
02-06-2024 19:17:02.536 INFO  UserManager [1993 RunDispatch] - Unwound user context: splunk-system-user -> NULL
02-06-2024 19:17:02.536 INFO  LookupDataProvider [1993 RunDispatch] - Clearing out lookup shared provider map
02-06-2024 19:17:02.538 INFO  dispatchRunner [14956 MainThread] - RunDispatch is done: sid=scheduler__nobody_c3BsdW5rX2FyY2hpdmVy__RMD5473cbac83d6c9db7_at_1707247020_4, exit=0
