02-06-2024 20:23:36.316 INFO  dispatchRunner [21298 MainThread] - Search process mode: preforked (first search in process) (build b985591d12fd).
02-06-2024 20:23:36.316 INFO  dispatchRunner [21298 MainThread] - initing LicenseMgr in search process: nonPro=0
02-06-2024 20:23:36.316 INFO  LMStackMgr [21298 MainThread] - Initializing CleMgr...
02-06-2024 20:23:36.316 INFO  LicenseMgr [21298 MainThread] - Initing LicenseMgr
02-06-2024 20:23:36.316 INFO  LMConfig [21298 MainThread] - serverName=GOEL-Indexer3 guid=A4B2739E-EC56-4B6D-9A88-3AA302EAA608
02-06-2024 20:23:36.318 INFO  LMConfig [21298 MainThread] - connection_timeout=30
02-06-2024 20:23:36.318 INFO  LMConfig [21298 MainThread] - send_timeout=30
02-06-2024 20:23:36.318 INFO  LMConfig [21298 MainThread] - receive_timeout=30
02-06-2024 20:23:36.318 INFO  LMConfig [21298 MainThread] - key=license_warnings_update_interval not found in licenser stanza of server.conf, defaulting=0
02-06-2024 20:23:36.318 INFO  LMConfig [21298 MainThread] - squash_threshold=2000
02-06-2024 20:23:36.318 INFO  LMConfig [21298 MainThread] - strict_pool_quota=1
02-06-2024 20:23:36.318 INFO  LMConfig [21298 MainThread] - key=pool_suggestion not found in licenser stanza of server.conf, defaulting=''
02-06-2024 20:23:36.318 INFO  LMConfig [21298 MainThread] - key=test_aws_metering not found in licenser stanza of server.conf, defaulting=0
02-06-2024 20:23:36.318 INFO  LMConfig [21298 MainThread] - key=test_aws_product_code not found in licenser stanza of server.conf, defaulting=0
02-06-2024 20:23:36.318 INFO  LicenseMgr [21298 MainThread] - Initing LicenseMgr runContext_splunkd=false
02-06-2024 20:23:36.318 INFO  LMStackMgr [21298 MainThread] - closing stack mgr
02-06-2024 20:23:36.318 INFO  LMSlaveInfo [21298 MainThread] - all slaves cleared
02-06-2024 20:23:36.318 INFO  LMStackMgr [21298 MainThread] - partial init only since node has remote master=https://10.0.3.7:8089
02-06-2024 20:23:36.318 INFO  LicenseMgr [21298 MainThread] - StackMgr init complete...
02-06-2024 20:23:36.318 INFO  LMTracker [21298 MainThread] - Setting default product type='enterprise'
02-06-2024 20:23:36.318 INFO  LMTracker [21298 MainThread] - this is not splunkd, will perform partial init
02-06-2024 20:23:36.318 INFO  LicenseMgr [21298 MainThread] - Tracker init complete...
02-06-2024 20:23:36.325 INFO  AdminManagerDispatch [21298 MainThread] - added factory for admin handler: 'licenses'
02-06-2024 20:23:36.325 INFO  AdminManagerDispatch [21298 MainThread] - added factory for admin handler: 'pools'
02-06-2024 20:23:36.325 INFO  AdminManagerDispatch [21298 MainThread] - added factory for admin handler: 'stacks'
02-06-2024 20:23:36.325 INFO  AdminManagerDispatch [21298 MainThread] - added factory for admin handler: 'groups'
02-06-2024 20:23:36.325 INFO  AdminManagerDispatch [21298 MainThread] - added factory for admin handler: 'slaves'
02-06-2024 20:23:36.325 INFO  AdminManagerDispatch [21298 MainThread] - added factory for admin handler: 'peers'
02-06-2024 20:23:36.325 INFO  AdminManagerDispatch [21298 MainThread] - added factory for admin handler: 'localslave'
02-06-2024 20:23:36.325 INFO  AdminManagerDispatch [21298 MainThread] - added factory for admin handler: 'localpeer'
02-06-2024 20:23:36.325 INFO  AdminManagerDispatch [21298 MainThread] - added factory for admin handler: 'licensermessages'
02-06-2024 20:23:36.325 INFO  AdminManagerDispatch [21298 MainThread] - added factory for admin handler: 'scriptedwarning'
02-06-2024 20:23:36.325 INFO  AdminManagerDispatch [21298 MainThread] - added factory for admin handler: 'licenseusage'
02-06-2024 20:23:36.325 INFO  LicenseMgr [21298 MainThread] - Initing LicenseMgr
02-06-2024 20:23:36.325 INFO  LMConfig [21298 MainThread] - serverName=GOEL-Indexer3 guid=A4B2739E-EC56-4B6D-9A88-3AA302EAA608
02-06-2024 20:23:36.325 INFO  LMConfig [21298 MainThread] - connection_timeout=30
02-06-2024 20:23:36.325 INFO  LMConfig [21298 MainThread] - send_timeout=30
02-06-2024 20:23:36.325 INFO  LMConfig [21298 MainThread] - receive_timeout=30
02-06-2024 20:23:36.325 INFO  LMConfig [21298 MainThread] - key=license_warnings_update_interval not found in licenser stanza of server.conf, defaulting=0
02-06-2024 20:23:36.325 INFO  LMConfig [21298 MainThread] - squash_threshold=2000
02-06-2024 20:23:36.325 INFO  LMConfig [21298 MainThread] - strict_pool_quota=1
02-06-2024 20:23:36.325 INFO  LMConfig [21298 MainThread] - key=pool_suggestion not found in licenser stanza of server.conf, defaulting=''
02-06-2024 20:23:36.325 INFO  LMConfig [21298 MainThread] - key=test_aws_metering not found in licenser stanza of server.conf, defaulting=0
02-06-2024 20:23:36.325 INFO  LMConfig [21298 MainThread] - key=test_aws_product_code not found in licenser stanza of server.conf, defaulting=0
02-06-2024 20:23:36.325 INFO  dispatchRunner [21298 MainThread] - Feature flag post-args={"v":1,"enabledFeatures":["stats:allow_stats_v2"],"disabledFeatures":["searchresults:srs2"]}
02-06-2024 20:23:36.325 INFO  SearchFeatureFlags [21298 MainThread] - Initializing feature flags from config. feature_seed=46947589
02-06-2024 20:23:36.325 INFO  SearchFeatureFlags [21298 MainThread] - Setting feature_flag=parallelreduce:enablePreview:true
02-06-2024 20:23:36.325 INFO  SearchFeatureFlags [21298 MainThread] - Setting feature_flag=search:search_retry:false
02-06-2024 20:23:36.325 INFO  SearchFeatureFlags [21298 MainThread] - Setting feature_flag=search:search_retry_realtime:false
02-06-2024 20:23:36.325 INFO  SearchFeatureFlags [21298 MainThread] - Setting feature_flag=parallelreduce:autoAppliedPercentage:false
02-06-2024 20:23:36.325 INFO  SearchFeatureFlags [21298 MainThread] - Setting feature_flag=subsearch:enableConcurrentPipelineProcessing:false
02-06-2024 20:23:36.325 INFO  SearchFeatureFlags [21298 MainThread] - Setting feature_flag=stats:allow_stats_v2:true
02-06-2024 20:23:36.325 INFO  SearchFeatureFlags [21298 MainThread] - Setting feature_flag=search_optimization::set_required_fields:stats:false
02-06-2024 20:23:36.325 INFO  SearchFeatureFlags [21298 MainThread] - Setting feature_flag=searchresults:srs2:false
02-06-2024 20:23:36.325 INFO  SearchFeatureFlags [21298 MainThread] - Setting feature_flag=search:read_final_results_from_timeliner:true
02-06-2024 20:23:36.325 INFO  SearchFeatureFlags [21298 MainThread] - Overlaying SearchFeatureFlags from jsonNode={"v":1,"enabledFeatures":["stats:allow_stats_v2"],"disabledFeatures":["searchresults:srs2"]}
02-06-2024 20:23:36.325 INFO  dispatchRunner [21298 MainThread] - registering build time modules, count=1
02-06-2024 20:23:36.325 INFO  dispatchRunner [21298 MainThread] - registering search time components of build time module name=vix
02-06-2024 20:23:36.326 INFO  dispatchRunner [21298 MainThread] - Getting search configuration data from: /opt/splunk/etc/modules/parsing/config.xml
02-06-2024 20:23:36.332 WARN  SSLOptions [21298 MainThread] - server.conf/[kvstore]/sslVerifyServerCert is false disabling certificate validation; must be set to "true" for increased security
02-06-2024 20:23:36.332 INFO  BundlesSetup [21298 MainThread] - Setup stats for /opt/splunk/var/run/searchpeers/GOEL-SearchHead-1707250902: wallclock_elapsed_msec=14, cpu_time_used=0.0147489, shared_services_generation=2, shared_services_population=1
02-06-2024 20:23:36.347 INFO  UserManagerPro [21298 MainThread] - Load authentication: forcing roles="admin, can_delete, power, user"
02-06-2024 20:23:36.347 INFO  PipelineComponent [21298 MainThread] - Ingestion pipeline sets have been configured to use pipeline set policy=round_robin for multiple pipeline sets.
02-06-2024 20:23:36.348 INFO  UserManager [8026 RunDispatch] - Setting user context: splunk-system-user
02-06-2024 20:23:36.348 INFO  UserManager [8026 RunDispatch] - Done setting user context: NULL -> splunk-system-user
02-06-2024 20:23:36.348 INFO  UserManager [8026 RunDispatch] - Unwound user context: splunk-system-user -> NULL
02-06-2024 20:23:36.348 INFO  UserManager [8026 RunDispatch] - Setting user context: admin
02-06-2024 20:23:36.348 INFO  UserManager [8026 RunDispatch] - Done setting user context: NULL -> admin
02-06-2024 20:23:36.349 INFO  dispatchRunner [8026 RunDispatch] - search context: user="admin", app="search", bs-pathname="/opt/splunk/var/run/searchpeers/GOEL-SearchHead-1707250902"
02-06-2024 20:23:36.355 WARN  IndexConfig [8026 RunDispatch] - Max bucket size is larger than destination path size limit. Please check your index configuration. idx=bcgames; bucket size in (from maxDataSize) 750 MB, homePath.maxDataSizeMB=100,  coldPath.maxDataSizeMB=100
02-06-2024 20:23:36.355 WARN  IndexConfig [8026 RunDispatch] - Home path size limit cannot accomodate maximum number of hot buckets with specified bucket size because homePath.maxDataSizeMB is too small. Please check your index configuration: idx=bcgames maxDataSize=750 MB, homePath.maxDataSizeMB=100 MB
02-06-2024 20:23:36.355 WARN  IndexConfig [8026 RunDispatch] - Max bucket size is larger than destination path size limit. Please check your index configuration. idx=infra; bucket size in (from maxDataSize) 750 MB, homePath.maxDataSizeMB=100,  coldPath.maxDataSizeMB=100
02-06-2024 20:23:36.355 WARN  IndexConfig [8026 RunDispatch] - Home path size limit cannot accomodate maximum number of hot buckets with specified bucket size because homePath.maxDataSizeMB is too small. Please check your index configuration: idx=infra maxDataSize=750 MB, homePath.maxDataSizeMB=100 MB
02-06-2024 20:23:36.355 WARN  IndexConfig [8026 RunDispatch] - Max bucket size is larger than destination path size limit. Please check your index configuration. idx=soc; bucket size in (from maxDataSize) 750 MB, homePath.maxDataSizeMB=100,  coldPath.maxDataSizeMB=100
02-06-2024 20:23:36.355 WARN  IndexConfig [8026 RunDispatch] - Home path size limit cannot accomodate maximum number of hot buckets with specified bucket size because homePath.maxDataSizeMB is too small. Please check your index configuration: idx=soc maxDataSize=750 MB, homePath.maxDataSizeMB=100 MB
02-06-2024 20:23:36.356 INFO  SearchParser [8026 RunDispatch] - PARSING: litsearch (host=www* index=infra source="/opt/log/www*/access.log" status>399 _time>=1707164616.000) | addinfo  type=count label=prereport_events track_fieldmeta_events=true | fields  keepcolorder=t "*" "_bkt" "_cd" "_si" "host" "index" "linecount" "prestats_reserved_*" "psrsvd_*" "source" "sourcetype" "splunk_server" "status"  | remotetl  nb=300 et=1707164616.000000 lt=1707251016.280205 max_count=1000 max_prefetch=100 | prestats  count by host status
02-06-2024 20:23:36.356 INFO  StatsContext [8026 RunDispatch] -  Setting chunk size min=65536 max=1048576 double_every=100
02-06-2024 20:23:36.356 INFO  StatsContext [8026 RunDispatch] -  Setting max memory usage to 209715200
02-06-2024 20:23:36.356 INFO  SearchParser [8026 RunDispatch] - PARSING: litsearch (host=www* index=infra source="/opt/log/www*/access.log" status>399 _time>=1707164616.000) | addinfo  type=count label=prereport_events track_fieldmeta_events=true | fields  keepcolorder=t "*" "_bkt" "_cd" "_si" "host" "index" "linecount" "prestats_reserved_*" "psrsvd_*" "source" "sourcetype" "splunk_server" "status"  | remotetl  nb=300 et=1707164616.000000 lt=1707251016.280205 max_count=1000 max_prefetch=100 | prestats  count by host status
02-06-2024 20:23:36.357 INFO  StatsContext [8026 RunDispatch] -  Setting chunk size min=65536 max=1048576 double_every=100
02-06-2024 20:23:36.357 INFO  StatsContext [8026 RunDispatch] -  Setting max memory usage to 209715200
02-06-2024 20:23:36.357 INFO  UserManager [8026 RunDispatch] - Setting user context: splunk-system-user
02-06-2024 20:23:36.357 INFO  UserManager [8026 RunDispatch] - Done setting user context: admin -> splunk-system-user
02-06-2024 20:23:36.357 INFO  UserManager [8026 RunDispatch] - Setting user context: admin
02-06-2024 20:23:36.357 INFO  UserManager [8026 RunDispatch] - Done setting user context: splunk-system-user -> admin
02-06-2024 20:23:36.359 INFO  UserManager [8026 RunDispatch] - Unwound user context: admin -> splunk-system-user
02-06-2024 20:23:36.359 INFO  UserManager [8026 RunDispatch] - Unwound user context: splunk-system-user -> admin
02-06-2024 20:23:36.359 INFO  DispatchCommandProcessor [8026 RunDispatch] - Search requires the following indexes="[infra]"
02-06-2024 20:23:36.359 INFO  IndexReaderIf [8026 RunDispatch] - Loading Clustering bucket manifest file=/opt/splunk/var/run/splunk/cluster/search-buckets/search_sitedefault_gen106.csv.gz
02-06-2024 20:23:36.359 INFO  DatabaseDirectoryManager [8026 RunDispatch] - initDDMsFromSearchBucketManifest path=/opt/splunk/var/run/splunk/cluster/search-buckets/search_sitedefault_gen106.csv.gz, indexWhiteList_size=1
02-06-2024 20:23:36.359 INFO  CMBucketId [8026 RunDispatch] - CMIndexId: New indexName=_telemetry inserted, mapping to id=1
02-06-2024 20:23:36.359 INFO  CMBucketId [8026 RunDispatch] - CMIndexId: New indexName=_audit inserted, mapping to id=2
02-06-2024 20:23:36.359 INFO  CMBucketId [8026 RunDispatch] - CMIndexId: New indexName=_internal inserted, mapping to id=3
02-06-2024 20:23:36.359 INFO  dispatchRunner [8026 RunDispatch] - SearchPeerInitSearchMs=11
02-06-2024 20:23:36.359 INFO  dispatchRunner [8026 RunDispatch] - Serial search pipeline for streaming search being launched.
02-06-2024 20:23:36.359 INFO  SearchParser [8026 RunDispatch] - PARSING: litsearch (host=www* index=infra source="/opt/log/www*/access.log" status>399 _time>=1707164616.000) | addinfo  type=count label=prereport_events track_fieldmeta_events=true | fields  keepcolorder=t "*" "_bkt" "_cd" "_si" "host" "index" "linecount" "prestats_reserved_*" "psrsvd_*" "source" "sourcetype" "splunk_server" "status"  | remotetl  nb=300 et=1707164616.000000 lt=1707251016.280205 max_count=1000 max_prefetch=100 | prestats  count by host status
02-06-2024 20:23:36.359 INFO  StatsContext [8026 RunDispatch] -  Setting chunk size min=65536 max=1048576 double_every=100
02-06-2024 20:23:36.359 INFO  StatsContext [8026 RunDispatch] -  Setting max memory usage to 209715200
02-06-2024 20:23:36.400 INFO  SearchParser [8026 RunDispatch] - PARSING: typer | tags
02-06-2024 20:23:36.406 INFO  FastTyper [8026 RunDispatch] - found nodes count: comparisons=6, unique_comparisons=5, terms=4, unique_terms=4, phrases=12, unique_phrases=12, total leaves=22
02-06-2024 20:23:36.407 INFO  UserManager [8026 RunDispatch] - Setting user context: admin
02-06-2024 20:23:36.407 INFO  UserManager [8026 RunDispatch] - Done setting user context: admin -> admin
02-06-2024 20:23:36.407 INFO  FastSearchFilter [8026 RunDispatch] - Finished initializing IndexScopedFilter - trivial=0, nTerms=0, oTerms=0, host=1, source=1, sourcetype=0, linecount=0 exactCustomCmp=0
02-06-2024 20:23:36.407 INFO  UserManager [8026 RunDispatch] - Unwound user context: admin -> admin
02-06-2024 20:23:36.407 INFO  IndexScopedSearch [8026 RunDispatch] -  IndexScopedSearch is called for index = infra, et = 1707164616.000000000, lt = 1707251016.400015000, index_et = -9223372036854775808.000000000, index_lt = 9223372036854775807.999999000, noRead = FALSE
02-06-2024 20:23:36.407 INFO  CMBucketId [8026 RunDispatch] - CMIndexId: New indexName=infra inserted, mapping to id=4
02-06-2024 20:23:36.408 INFO  IndexScopedSearch [8026 RunDispatch] - ct=1707251017.000000 et=1707164616.000000 lt=1707251016.400015 dbsize=6
02-06-2024 20:23:36.408 INFO  UnifiedSearch [8026 RunDispatch] - Initialization of search data structures took 8 ms
02-06-2024 20:23:36.408 INFO  UnifiedSearch [8026 RunDispatch] - Processed search targeting arguments
02-06-2024 20:23:36.408 INFO  StatsProcessorV2 [8026 RunDispatch] - StatsV2 (stats) args: count, by, host, status
02-06-2024 20:23:36.408 INFO  StatsProcessorV2 [8026 RunDispatch] - StatsProcessorV2::processArguments: Unaligned accesses are free
02-06-2024 20:23:36.408 INFO  StatsAggregations [8026 RunDispatch] - Instantiating Stats function group_count for key=, alias=count
02-06-2024 20:23:36.408 INFO  StatsContext [8026 RunDispatch] - shouldFallbackToOldStats: _use_v2_level=USE_V2_ALL, fallback=false
02-06-2024 20:23:36.415 INFO  SearchPipelineExecutor [8026 RunDispatch] - Number of StreamSearch pipelines launched=1
02-06-2024 20:23:36.415 INFO  SearchPipelineExecutor [8026 RunDispatch] - Starting to transmit serialized search results.
02-06-2024 20:23:36.415 INFO  SearchPipelineExecutor [8037 NormSerializeExecutorThread] - NormSerializeExecutorThread pipeline=0 is started in its own thread.
02-06-2024 20:23:36.415 INFO  SearchPipelineExecutor [8033 StreamSearch] - StreamSearch pipeline=0 is started in its own thread
02-06-2024 20:23:36.415 INFO  UserManager [8033 StreamSearch] - Setting user context: admin
02-06-2024 20:23:36.415 INFO  UserManager [8033 StreamSearch] - Done setting user context: NULL -> admin
02-06-2024 20:23:36.456 WARN  SearchOperator:kv [8033 StreamSearch] - buildRegexList provided empty conf key, ignoring.
02-06-2024 20:23:36.457 INFO  Timeliner [8033 StreamSearch] - Emitted 4 full events to info._remotetl_events
02-06-2024 20:23:36.464 INFO  Timeliner [8033 StreamSearch] - Emitted 61 full events to info._remotetl_events
02-06-2024 20:23:36.469 INFO  Timeliner [8033 StreamSearch] - Emitted 34 full events to info._remotetl_events
02-06-2024 20:23:36.469 INFO  SearchPipelineExecutor [8033 StreamSearch] - Finished streaming: results.count=17
02-06-2024 20:23:36.469 INFO  UserManager [8033 StreamSearch] - Unwound user context: admin -> NULL
02-06-2024 20:23:36.469 INFO  SearchPipelineExecutor [8033 StreamSearch] - StreamSearch pipleine=0 is finished.
02-06-2024 20:23:36.470 INFO  SearchPipelineExecutor [8037 NormSerializeExecutorThread] - NormSerializeExecutorThread pipeline=0 is finished.
02-06-2024 20:23:36.470 INFO  SearchPipelineExecutor [8026 RunDispatch] - Done transmitting serialized search results, total bytes transmitted 101846.
02-06-2024 20:23:36.470 INFO  dispatchRunner [8026 RunDispatch] - Done with streaming search.
02-06-2024 20:23:36.470 INFO  SearchOperator:kv [8026 RunDispatch] - Extractor stats: name=_autoKvStats, probes=12, total_time_ms=0, max_time_ms=0
02-06-2024 20:23:36.470 INFO  SearchOperator:kv [8026 RunDispatch] - Extractor stats: name=HTTP 1.1\" (?<status>\d+), probes=7, total_time_ms=0, max_time_ms=0
02-06-2024 20:23:36.471 INFO  ISearchOperator [8026 RunDispatch] - 0x7f970670e000 PREAD_HISTOGRAM: usec_1_8=149 usec_8_64=2 usec_64_512=0 usec_512_4096=0 usec_4096_32768=0 usec_32768_262144=0 usec_262144_INF=0 
02-06-2024 20:23:36.472 INFO  SearchPipelineExecutor [8026 RunDispatch] - Streamed Search Index Orchestrator has been shutdown.
02-06-2024 20:23:36.472 INFO  UserManager [8026 RunDispatch] - Unwound user context: admin -> NULL
02-06-2024 20:23:36.472 INFO  LookupDataProvider [8026 RunDispatch] - Clearing out lookup shared provider map
02-06-2024 20:23:36.473 INFO  dispatchRunner [21298 MainThread] - RunDispatch is done: sid=remote_GOEL-SearchHead_1707251016.17, exit=0
