[master 490172e] 1707976221
 Committer: goelt2000@gmail.com <ec2-user@ip-172-31-0-215.ec2.internal>
Your name and email address were configured automatically based
on your username and hostname. Please check that they are accurate.
You can suppress this message by setting them explicitly:

    git config --global user.name "Your Name"
    git config --global user.email you@example.com

After doing this, you may fix the identity used for this commit with:

    git commit --amend --reset-author

 2 files changed, 6 insertions(+)
 create mode 100644 backupCron_cloud9_rceovery.log
 create mode 100755 backupCron_cloud9_rceovery.sh
branch 'master' set up to track 'origin/master'.
0
[master 6cca764] 1707976801
 Committer: goelt2000@gmail.com <ec2-user@ip-172-31-0-215.ec2.internal>
Your name and email address were configured automatically based
on your username and hostname. Please check that they are accurate.
You can suppress this message by setting them explicitly:

    git config --global user.name "Your Name"
    git config --global user.email you@example.com

After doing this, you may fix the identity used for this commit with:

    git commit --amend --reset-author

 1 file changed, 18 insertions(+)
branch 'master' set up to track 'origin/master'.
0
