4.1.2 2024-02-06 07:00:01,116 INFO 140274384222016 - Starting to get apps
4.1.2 2024-02-06 07:00:01,717 ERROR 140274384222016 - Could not make request to Splunk: [HTTP 404] https://127.0.0.1:8089/services/eura_app_list?type=deployment
Traceback (most recent call last):
  File "/opt/splunk/etc/apps/python_upgrade_readiness_app/bin/eura_remote_latest_report.py", line 104, in get_all_apps
    response, content = sr.simpleRequest(path=endpoint, sessionKey=self.session_key, method="GET")
  File "/opt/splunk/lib/python3.7/site-packages/splunk/rest/__init__.py", line 661, in simpleRequest
    raise splunk.ResourceNotFound(uri)
splunk.ResourceNotFound: [HTTP 404] https://127.0.0.1:8089/services/eura_app_list?type=deployment
4.1.2 2024-02-06 07:00:02,032 INFO 140274384222016 - merged_file_path = /opt/splunk/etc/apps/python_upgrade_readiness_app/local/emerald_merged/merged_report.json
4.1.2 2024-02-06 07:00:02,032 INFO 140274384222016 - Writing local report as merged report could not be generated.
4.1.2 2024-02-06 07:00:02,032 INFO 140274384222016 - splunk-system-user file does not exists.
4.1.2 2024-02-06 19:00:01,030 INFO 139894159013696 - Starting to get apps
4.1.2 2024-02-06 19:00:01,645 ERROR 139894159013696 - Could not make request to Splunk: [HTTP 404] https://127.0.0.1:8089/services/eura_app_list?type=deployment
Traceback (most recent call last):
  File "/opt/splunk/etc/apps/python_upgrade_readiness_app/bin/eura_remote_latest_report.py", line 104, in get_all_apps
    response, content = sr.simpleRequest(path=endpoint, sessionKey=self.session_key, method="GET")
  File "/opt/splunk/lib/python3.7/site-packages/splunk/rest/__init__.py", line 661, in simpleRequest
    raise splunk.ResourceNotFound(uri)
splunk.ResourceNotFound: [HTTP 404] https://127.0.0.1:8089/services/eura_app_list?type=deployment
4.1.2 2024-02-06 19:00:01,955 INFO 139894159013696 - merged_file_path = /opt/splunk/etc/apps/python_upgrade_readiness_app/local/emerald_merged/merged_report.json
4.1.2 2024-02-06 19:00:01,955 INFO 139894159013696 - Writing local report as merged report could not be generated.
4.1.2 2024-02-06 19:00:01,955 INFO 139894159013696 - splunk-system-user file does not exists.
