4.1.2 2024-02-06 07:00:01,109 INFO 140499385018176 - Could not find synced splunkbase apps so using the constant file
4.1.2 2024-02-06 07:00:01,109 INFO 140499385018176 - splunkbase_path- /opt/splunk/etc/apps/python_upgrade_readiness_app/bin/libs_py3/pura_libs_utils/splunkbaseapps.csv
4.1.2 2024-02-06 07:00:01,136 INFO 140499385018176 - Starting to get apps
4.1.2 2024-02-06 07:00:01,743 ERROR 140499385018176 - Could not make request to Splunk: [HTTP 404] https://127.0.0.1:8089/services/pura_app_list?type=deployment
Traceback (most recent call last):
  File "/opt/splunk/etc/apps/python_upgrade_readiness_app/bin/jura_remote_latest_report.py", line 229, in get_all_apps
    response, content = sr.simpleRequest(path=endpoint, sessionKey=self.session_key, method="GET")
  File "/opt/splunk/lib/python3.7/site-packages/splunk/rest/__init__.py", line 661, in simpleRequest
    raise splunk.ResourceNotFound(uri)
splunk.ResourceNotFound: [HTTP 404] https://127.0.0.1:8089/services/pura_app_list?type=deployment
4.1.2 2024-02-06 07:00:02,086 INFO 140499385018176 - merged_file_path = /opt/splunk/etc/apps/python_upgrade_readiness_app/local/jquery_merged/merged_report.json
4.1.2 2024-02-06 07:00:02,086 INFO 140499385018176 - Writing local report as merged report could not be generated.
4.1.2 2024-02-06 07:00:02,086 INFO 140499385018176 - splunk-system-user file does not exists.
4.1.2 2024-02-06 19:00:00,850 INFO 140369971799872 - Could not find synced splunkbase apps so using the constant file
4.1.2 2024-02-06 19:00:00,851 INFO 140369971799872 - splunkbase_path- /opt/splunk/etc/apps/python_upgrade_readiness_app/bin/libs_py3/pura_libs_utils/splunkbaseapps.csv
4.1.2 2024-02-06 19:00:00,877 INFO 140369971799872 - Starting to get apps
4.1.2 2024-02-06 19:00:01,532 ERROR 140369971799872 - Could not make request to Splunk: [HTTP 404] https://127.0.0.1:8089/services/pura_app_list?type=deployment
Traceback (most recent call last):
  File "/opt/splunk/etc/apps/python_upgrade_readiness_app/bin/jura_remote_latest_report.py", line 229, in get_all_apps
    response, content = sr.simpleRequest(path=endpoint, sessionKey=self.session_key, method="GET")
  File "/opt/splunk/lib/python3.7/site-packages/splunk/rest/__init__.py", line 661, in simpleRequest
    raise splunk.ResourceNotFound(uri)
splunk.ResourceNotFound: [HTTP 404] https://127.0.0.1:8089/services/pura_app_list?type=deployment
4.1.2 2024-02-06 19:00:01,853 INFO 140369971799872 - merged_file_path = /opt/splunk/etc/apps/python_upgrade_readiness_app/local/jquery_merged/merged_report.json
4.1.2 2024-02-06 19:00:01,853 INFO 140369971799872 - Writing local report as merged report could not be generated.
4.1.2 2024-02-06 19:00:01,853 INFO 140369971799872 - splunk-system-user file does not exists.
