02-06-2024 04:37:41.712 +0000 INFO  SavedSplunker - Starting SavedSearchFetcher thread
02-06-2024 04:37:41.725 +0000 INFO  SavedSplunker - async_saved_search_fetch has been activated with an interval of 30.000 seconds.
02-06-2024 04:38:12.072 +0000 INFO  SavedSplunker - savedsearch_id="nobody;splunk_monitoring_console;DMC Asset - Build Standalone Asset Table", search_type="scheduled", search_streaming=0, user="nobody", app="splunk_monitoring_console", savedsearch_name="DMC Asset - Build Standalone Asset Table", priority=default, status=success, digest_mode=1, durable_cursor=0, scheduled_time=1707194260, window_time=0, dispatch_time=1707194291, run_time=0.153, result_count=4, alert_actions="populate_lookup", sid="scheduler__nobody_c3BsdW5rX21vbml0b3JpbmdfY29uc29sZQ__RMD54740dfff07b17ef1_at_1707194260_0", suppressed=0, action_time_ms=20, thread_id="AlertNotifierWorker-0", workload_pool=""
02-06-2024 04:39:00.665 +0000 INFO  SavedSplunker - DCSS: completed reading history for continuous scheduled searches
02-06-2024 04:45:43.477 +0000 INFO  SavedSplunker - Shutting down the SavedSearchFetcher thread
02-06-2024 04:45:43.477 +0000 INFO  SavedSplunker - Ending SavedSearchFetcher thread
02-06-2024 04:45:56.763 +0000 INFO  SavedSplunker - Starting SavedSearchFetcher thread
02-06-2024 04:45:56.792 +0000 INFO  SavedSplunker - async_saved_search_fetch has been activated with an interval of 30.000 seconds.
02-06-2024 04:46:26.804 +0000 INFO  SavedSplunker - DCSS: completed reading history for continuous scheduled searches
02-06-2024 04:46:27.032 +0000 INFO  SavedSearchHistory - Thread started
02-06-2024 04:46:27.053 +0000 INFO  SavedSplunker - savedsearch_id="nobody;splunk_monitoring_console;DMC Asset - Build Standalone Asset Table", search_type="scheduled", search_streaming=0, user="nobody", app="splunk_monitoring_console", savedsearch_name="DMC Asset - Build Standalone Asset Table", priority=default, status=success, digest_mode=1, durable_cursor=0, scheduled_time=1707194755, window_time=0, dispatch_time=1707194786, run_time=0.117, result_count=4, alert_actions="populate_lookup", sid="scheduler__nobody_c3BsdW5rX21vbml0b3JpbmdfY29uc29sZQ__RMD54740dfff07b17ef1_at_1707194755_0", suppressed=0, action_time_ms=19, thread_id="AlertNotifierWorker-0", workload_pool=""
02-06-2024 04:53:32.715 +0000 INFO  SavedSearchHistory - Shut-down started
02-06-2024 04:53:32.715 +0000 INFO  SavedSearchHistory - Thread stopped
02-06-2024 04:53:32.715 +0000 INFO  SavedSearchHistory - Shut-down completed
02-06-2024 04:53:33.942 +0000 INFO  SavedSplunker - Shutting down the SavedSearchFetcher thread
02-06-2024 04:53:33.942 +0000 INFO  SavedSplunker - Ending SavedSearchFetcher thread
02-06-2024 04:53:47.820 +0000 INFO  SavedSplunker - Starting SavedSearchFetcher thread
02-06-2024 04:53:47.845 +0000 INFO  SavedSplunker - async_saved_search_fetch has been activated with an interval of 30.000 seconds.
02-06-2024 04:54:17.855 +0000 INFO  SavedSplunker - DCSS: completed reading history for continuous scheduled searches
02-06-2024 04:54:17.863 +0000 INFO  SavedSearchHistory - Thread started
02-06-2024 04:54:18.065 +0000 INFO  SavedSplunker - savedsearch_id="nobody;splunk_monitoring_console;DMC Asset - Build Standalone Asset Table", search_type="scheduled", search_streaming=0, user="nobody", app="splunk_monitoring_console", savedsearch_name="DMC Asset - Build Standalone Asset Table", priority=default, status=success, digest_mode=1, durable_cursor=0, scheduled_time=1707195226, window_time=0, dispatch_time=1707195257, run_time=0.079, result_count=4, alert_actions="populate_lookup", sid="scheduler__nobody_c3BsdW5rX21vbml0b3JpbmdfY29uc29sZQ__RMD54740dfff07b17ef1_at_1707195226_0", suppressed=0, action_time_ms=18, thread_id="AlertNotifierWorker-0", workload_pool=""
02-06-2024 05:17:02.463 +0000 INFO  SavedSplunker - savedsearch_id="nobody;splunk_archiver;Bucket Copy Trigger", search_type="scheduled", search_streaming=0, user="nobody", app="splunk_archiver", savedsearch_name="Bucket Copy Trigger", priority=default, status=success, digest_mode=1, durable_cursor=0, scheduled_time=1707196620, window_time=0, dispatch_time=1707196620, run_time=1.386, result_count=0, alert_actions="", sid="scheduler__nobody_c3BsdW5rX2FyY2hpdmVy__RMD5473cbac83d6c9db7_at_1707196620_1", suppressed=0, action_time_ms=2, thread_id="AlertNotifierWorker-0", workload_pool=""
02-06-2024 05:25:08.713 +0000 INFO  SavedSearchHistory - Shut-down started
02-06-2024 05:25:08.713 +0000 INFO  SavedSearchHistory - Thread stopped
02-06-2024 05:25:08.713 +0000 INFO  SavedSearchHistory - Shut-down completed
02-06-2024 05:25:10.126 +0000 INFO  SavedSplunker - Shutting down the SavedSearchFetcher thread
02-06-2024 05:25:10.126 +0000 INFO  SavedSplunker - Ending SavedSearchFetcher thread
02-06-2024 05:25:24.655 +0000 INFO  SavedSplunker - Starting SavedSearchFetcher thread
02-06-2024 05:25:24.680 +0000 INFO  SavedSplunker - async_saved_search_fetch has been activated with an interval of 30.000 seconds.
02-06-2024 05:25:54.699 +0000 INFO  SavedSplunker - DCSS: completed reading history for continuous scheduled searches
02-06-2024 05:25:54.700 +0000 INFO  SavedSearchHistory - Thread started
02-06-2024 05:25:54.930 +0000 INFO  SavedSplunker - savedsearch_id="nobody;splunk_monitoring_console;DMC Asset - Build Standalone Asset Table", search_type="scheduled", search_streaming=0, user="nobody", app="splunk_monitoring_console", savedsearch_name="DMC Asset - Build Standalone Asset Table", priority=default, status=success, digest_mode=1, durable_cursor=0, scheduled_time=1707197123, window_time=0, dispatch_time=1707197154, run_time=0.116, result_count=4, alert_actions="populate_lookup", sid="scheduler__nobody_c3BsdW5rX21vbml0b3JpbmdfY29uc29sZQ__RMD54740dfff07b17ef1_at_1707197123_0", suppressed=0, action_time_ms=16, thread_id="AlertNotifierWorker-0", workload_pool=""
02-06-2024 05:55:09.946 +0000 INFO  SavedSearchHistory - Shut-down started
02-06-2024 05:55:09.946 +0000 INFO  SavedSearchHistory - Thread stopped
02-06-2024 05:55:09.947 +0000 INFO  SavedSearchHistory - Shut-down completed
02-06-2024 05:55:11.956 +0000 INFO  SavedSplunker - Shutting down the SavedSearchFetcher thread
02-06-2024 05:55:11.956 +0000 INFO  SavedSplunker - Ending SavedSearchFetcher thread
02-06-2024 06:02:45.379 +0000 INFO  SavedSplunker - Starting SavedSearchFetcher thread
02-06-2024 06:02:45.396 +0000 INFO  SavedSplunker - async_saved_search_fetch has been activated with an interval of 30.000 seconds.
02-06-2024 06:03:15.405 +0000 INFO  SavedSplunker - DCSS: completed reading history for continuous scheduled searches
02-06-2024 06:03:15.410 +0000 INFO  SavedSearchHistory - Thread started
02-06-2024 06:03:15.620 +0000 INFO  SavedSplunker - savedsearch_id="nobody;splunk_monitoring_console;DMC Asset - Build Standalone Asset Table", search_type="scheduled", search_streaming=0, user="nobody", app="splunk_monitoring_console", savedsearch_name="DMC Asset - Build Standalone Asset Table", priority=default, status=success, digest_mode=1, durable_cursor=0, scheduled_time=1707199364, window_time=0, dispatch_time=1707199395, run_time=0.098, result_count=4, alert_actions="populate_lookup", sid="scheduler__nobody_c3BsdW5rX21vbml0b3JpbmdfY29uc29sZQ__RMD54740dfff07b17ef1_at_1707199364_0", suppressed=0, action_time_ms=5, thread_id="AlertNotifierWorker-0", workload_pool=""
02-06-2024 06:17:01.312 +0000 INFO  SavedSplunker - savedsearch_id="nobody;splunk_archiver;Bucket Copy Trigger", search_type="scheduled", search_streaming=0, user="nobody", app="splunk_archiver", savedsearch_name="Bucket Copy Trigger", priority=default, status=success, digest_mode=1, durable_cursor=0, scheduled_time=1707200220, window_time=0, dispatch_time=1707200220, run_time=0.772, result_count=0, alert_actions="", sid="scheduler__nobody_c3BsdW5rX2FyY2hpdmVy__RMD5473cbac83d6c9db7_at_1707200220_1", suppressed=0, action_time_ms=2, thread_id="AlertNotifierWorker-0", workload_pool=""
02-06-2024 06:31:04.967 +0000 INFO  SavedSearchHistory - Shut-down started
02-06-2024 06:31:04.967 +0000 INFO  SavedSearchHistory - Thread stopped
02-06-2024 06:31:04.967 +0000 INFO  SavedSearchHistory - Shut-down completed
02-06-2024 06:31:06.746 +0000 INFO  SavedSplunker - Shutting down the SavedSearchFetcher thread
02-06-2024 06:31:06.746 +0000 INFO  SavedSplunker - Ending SavedSearchFetcher thread
02-06-2024 06:31:23.782 +0000 INFO  SavedSplunker - Starting SavedSearchFetcher thread
02-06-2024 06:31:23.812 +0000 INFO  SavedSplunker - async_saved_search_fetch has been activated with an interval of 30.000 seconds.
02-06-2024 06:31:53.824 +0000 INFO  SavedSearchHistory - Thread started
02-06-2024 06:31:53.825 +0000 INFO  SavedSplunker - DCSS: completed reading history for continuous scheduled searches
02-06-2024 06:31:54.051 +0000 INFO  SavedSplunker - savedsearch_id="nobody;splunk_monitoring_console;DMC Asset - Build Standalone Asset Table", search_type="scheduled", search_streaming=0, user="nobody", app="splunk_monitoring_console", savedsearch_name="DMC Asset - Build Standalone Asset Table", priority=default, status=success, digest_mode=1, durable_cursor=0, scheduled_time=1707201082, window_time=0, dispatch_time=1707201113, run_time=0.099, result_count=4, alert_actions="populate_lookup", sid="scheduler__nobody_c3BsdW5rX21vbml0b3JpbmdfY29uc29sZQ__RMD54740dfff07b17ef1_at_1707201082_0", suppressed=0, action_time_ms=8, thread_id="AlertNotifierWorker-0", workload_pool=""
02-06-2024 07:17:01.101 +0000 INFO  SavedSplunker - savedsearch_id="nobody;splunk_archiver;Bucket Copy Trigger", search_type="scheduled", search_streaming=0, user="nobody", app="splunk_archiver", savedsearch_name="Bucket Copy Trigger", priority=default, status=success, digest_mode=1, durable_cursor=0, scheduled_time=1707203820, window_time=0, dispatch_time=1707203820, run_time=0.958, result_count=0, alert_actions="", sid="scheduler__nobody_c3BsdW5rX2FyY2hpdmVy__RMD5473cbac83d6c9db7_at_1707203820_1", suppressed=0, action_time_ms=1, thread_id="AlertNotifierWorker-0", workload_pool=""
02-06-2024 08:17:01.049 +0000 INFO  SavedSplunker - savedsearch_id="nobody;splunk_archiver;Bucket Copy Trigger", search_type="scheduled", search_streaming=0, user="nobody", app="splunk_archiver", savedsearch_name="Bucket Copy Trigger", priority=default, status=success, digest_mode=1, durable_cursor=0, scheduled_time=1707207420, window_time=0, dispatch_time=1707207420, run_time=0.759, result_count=0, alert_actions="", sid="scheduler__nobody_c3BsdW5rX2FyY2hpdmVy__RMD5473cbac83d6c9db7_at_1707207420_2", suppressed=0, action_time_ms=1, thread_id="AlertNotifierWorker-0", workload_pool=""
02-06-2024 09:17:01.064 +0000 INFO  SavedSplunker - savedsearch_id="nobody;splunk_archiver;Bucket Copy Trigger", search_type="scheduled", search_streaming=0, user="nobody", app="splunk_archiver", savedsearch_name="Bucket Copy Trigger", priority=default, status=success, digest_mode=1, durable_cursor=0, scheduled_time=1707211020, window_time=0, dispatch_time=1707211020, run_time=0.755, result_count=0, alert_actions="", sid="scheduler__nobody_c3BsdW5rX2FyY2hpdmVy__RMD5473cbac83d6c9db7_at_1707211020_3", suppressed=0, action_time_ms=4, thread_id="AlertNotifierWorker-0", workload_pool=""
02-06-2024 10:17:01.033 +0000 INFO  SavedSplunker - savedsearch_id="nobody;splunk_archiver;Bucket Copy Trigger", search_type="scheduled", search_streaming=0, user="nobody", app="splunk_archiver", savedsearch_name="Bucket Copy Trigger", priority=default, status=success, digest_mode=1, durable_cursor=0, scheduled_time=1707214620, window_time=0, dispatch_time=1707214620, run_time=0.747, result_count=0, alert_actions="", sid="scheduler__nobody_c3BsdW5rX2FyY2hpdmVy__RMD5473cbac83d6c9db7_at_1707214620_4", suppressed=0, action_time_ms=1, thread_id="AlertNotifierWorker-0", workload_pool=""
02-06-2024 10:39:14.245 +0000 INFO  SavedSplunker - Starting SavedSearchFetcher thread
02-06-2024 10:39:14.246 +0000 INFO  SavedSplunker - async_saved_search_fetch has been activated with an interval of 30.000 seconds.
02-06-2024 10:39:44.256 +0000 INFO  SavedSplunker - DCSS: completed reading history for continuous scheduled searches
02-06-2024 10:39:44.257 +0000 INFO  SavedSearchHistory - Thread started
02-06-2024 10:39:44.505 +0000 INFO  SavedSplunker - savedsearch_id="nobody;splunk_monitoring_console;DMC Asset - Build Standalone Asset Table", search_type="scheduled", search_streaming=0, user="nobody", app="splunk_monitoring_console", savedsearch_name="DMC Asset - Build Standalone Asset Table", priority=default, status=success, digest_mode=1, durable_cursor=0, scheduled_time=1707215953, window_time=0, dispatch_time=1707215984, run_time=0.123, result_count=4, alert_actions="populate_lookup", sid="scheduler__nobody_c3BsdW5rX21vbml0b3JpbmdfY29uc29sZQ__RMD54740dfff07b17ef1_at_1707215953_0", suppressed=0, action_time_ms=8, thread_id="AlertNotifierWorker-0", workload_pool=""
02-06-2024 10:39:44.959 +0000 INFO  SavedSearchHistory - Shut-down started
02-06-2024 10:39:44.959 +0000 INFO  SavedSearchHistory - Thread stopped
02-06-2024 10:39:44.959 +0000 INFO  SavedSearchHistory - Shut-down completed
02-06-2024 10:39:46.415 +0000 INFO  SavedSplunker - Shutting down the SavedSearchFetcher thread
02-06-2024 10:39:46.415 +0000 INFO  SavedSplunker - Ending SavedSearchFetcher thread
02-06-2024 10:40:00.161 +0000 INFO  SavedSplunker - Starting SavedSearchFetcher thread
02-06-2024 10:40:00.161 +0000 INFO  SavedSplunker - async_saved_search_fetch has been activated with an interval of 30.000 seconds.
02-06-2024 10:40:30.172 +0000 INFO  SavedSplunker - DCSS: completed reading history for continuous scheduled searches
02-06-2024 10:40:30.173 +0000 INFO  SavedSearchHistory - Thread started
02-06-2024 10:40:30.392 +0000 INFO  SavedSplunker - savedsearch_id="nobody;splunk_monitoring_console;DMC Asset - Build Standalone Asset Table", search_type="scheduled", search_streaming=0, user="nobody", app="splunk_monitoring_console", savedsearch_name="DMC Asset - Build Standalone Asset Table", priority=default, status=success, digest_mode=1, durable_cursor=0, scheduled_time=1707215999, window_time=0, dispatch_time=1707216030, run_time=0.096, result_count=4, alert_actions="populate_lookup", sid="scheduler__nobody_c3BsdW5rX21vbml0b3JpbmdfY29uc29sZQ__RMD54740dfff07b17ef1_at_1707215999_0", suppressed=0, action_time_ms=6, thread_id="AlertNotifierWorker-0", workload_pool=""
02-06-2024 10:52:26.712 +0000 INFO  SavedSplunker - Starting SavedSearchFetcher thread
02-06-2024 10:52:26.740 +0000 INFO  SavedSplunker - async_saved_search_fetch has been activated with an interval of 30.000 seconds.
02-06-2024 10:52:56.762 +0000 INFO  SavedSplunker - DCSS: completed reading history for continuous scheduled searches
02-06-2024 10:52:56.768 +0000 INFO  SavedSearchHistory - Thread started
02-06-2024 10:52:56.958 +0000 INFO  SavedSplunker - savedsearch_id="nobody;splunk_monitoring_console;DMC Asset - Build Standalone Asset Table", search_type="scheduled", search_streaming=0, user="nobody", app="splunk_monitoring_console", savedsearch_name="DMC Asset - Build Standalone Asset Table", priority=default, status=success, digest_mode=1, durable_cursor=0, scheduled_time=1707216745, window_time=0, dispatch_time=1707216776, run_time=0.096, result_count=4, alert_actions="populate_lookup", sid="scheduler__nobody_c3BsdW5rX21vbml0b3JpbmdfY29uc29sZQ__RMD54740dfff07b17ef1_at_1707216745_0", suppressed=0, action_time_ms=6, thread_id="AlertNotifierWorker-0", workload_pool=""
02-06-2024 11:00:45.104 +0000 INFO  SavedSearchHistory - Shut-down started
02-06-2024 11:00:45.105 +0000 INFO  SavedSearchHistory - Thread stopped
02-06-2024 11:00:45.105 +0000 INFO  SavedSearchHistory - Shut-down completed
02-06-2024 11:00:46.985 +0000 INFO  SavedSplunker - Shutting down the SavedSearchFetcher thread
02-06-2024 11:00:46.985 +0000 INFO  SavedSplunker - Ending SavedSearchFetcher thread
02-06-2024 11:01:02.526 +0000 INFO  SavedSplunker - Starting SavedSearchFetcher thread
02-06-2024 11:01:02.527 +0000 INFO  SavedSplunker - async_saved_search_fetch has been activated with an interval of 30.000 seconds.
02-06-2024 11:01:32.539 +0000 INFO  SavedSplunker - DCSS: completed reading history for continuous scheduled searches
02-06-2024 11:01:32.541 +0000 INFO  SavedSearchHistory - Thread started
02-06-2024 11:01:32.758 +0000 INFO  SavedSplunker - savedsearch_id="nobody;splunk_monitoring_console;DMC Asset - Build Standalone Asset Table", search_type="scheduled", search_streaming=0, user="nobody", app="splunk_monitoring_console", savedsearch_name="DMC Asset - Build Standalone Asset Table", priority=default, status=success, digest_mode=1, durable_cursor=0, scheduled_time=1707217261, window_time=0, dispatch_time=1707217292, run_time=0.098, result_count=4, alert_actions="populate_lookup", sid="scheduler__nobody_c3BsdW5rX21vbml0b3JpbmdfY29uc29sZQ__RMD54740dfff07b17ef1_at_1707217261_0", suppressed=0, action_time_ms=5, thread_id="AlertNotifierWorker-0", workload_pool=""
02-06-2024 11:17:01.541 +0000 INFO  SavedSplunker - savedsearch_id="nobody;splunk_archiver;Bucket Copy Trigger", search_type="scheduled", search_streaming=0, user="nobody", app="splunk_archiver", savedsearch_name="Bucket Copy Trigger", priority=default, status=success, digest_mode=1, durable_cursor=0, scheduled_time=1707218220, window_time=0, dispatch_time=1707218220, run_time=0.860, result_count=0, alert_actions="", sid="scheduler__nobody_c3BsdW5rX2FyY2hpdmVy__RMD5473cbac83d6c9db7_at_1707218220_1", suppressed=0, action_time_ms=1, thread_id="AlertNotifierWorker-0", workload_pool=""
02-06-2024 12:17:01.960 +0000 INFO  SavedSplunker - savedsearch_id="nobody;splunk_archiver;Bucket Copy Trigger", search_type="scheduled", search_streaming=0, user="nobody", app="splunk_archiver", savedsearch_name="Bucket Copy Trigger", priority=default, status=success, digest_mode=1, durable_cursor=0, scheduled_time=1707221820, window_time=0, dispatch_time=1707221820, run_time=0.958, result_count=0, alert_actions="", sid="scheduler__nobody_c3BsdW5rX2FyY2hpdmVy__RMD5473cbac83d6c9db7_at_1707221820_2", suppressed=0, action_time_ms=2, thread_id="AlertNotifierWorker-0", workload_pool=""
02-06-2024 12:55:19.731 +0000 INFO  SavedSearchHistory - Shut-down started
02-06-2024 12:55:19.733 +0000 INFO  SavedSearchHistory - Thread stopped
02-06-2024 12:55:19.733 +0000 INFO  SavedSearchHistory - Shut-down completed
02-06-2024 12:55:21.177 +0000 INFO  SavedSplunker - Shutting down the SavedSearchFetcher thread
02-06-2024 12:55:21.177 +0000 INFO  SavedSplunker - Ending SavedSearchFetcher thread
02-06-2024 12:55:36.483 +0000 INFO  SavedSplunker - Starting SavedSearchFetcher thread
02-06-2024 12:55:36.500 +0000 INFO  SavedSplunker - async_saved_search_fetch has been activated with an interval of 30.000 seconds.
02-06-2024 12:56:06.511 +0000 INFO  SavedSplunker - DCSS: completed reading history for continuous scheduled searches
02-06-2024 12:56:06.514 +0000 INFO  SavedSearchHistory - Thread started
02-06-2024 12:56:06.717 +0000 INFO  SavedSplunker - savedsearch_id="nobody;splunk_monitoring_console;DMC Asset - Build Standalone Asset Table", search_type="scheduled", search_streaming=0, user="nobody", app="splunk_monitoring_console", savedsearch_name="DMC Asset - Build Standalone Asset Table", priority=default, status=success, digest_mode=1, durable_cursor=0, scheduled_time=1707224135, window_time=0, dispatch_time=1707224166, run_time=0.076, result_count=4, alert_actions="populate_lookup", sid="scheduler__nobody_c3BsdW5rX21vbml0b3JpbmdfY29uc29sZQ__RMD54740dfff07b17ef1_at_1707224135_0", suppressed=0, action_time_ms=13, thread_id="AlertNotifierWorker-0", workload_pool=""
02-06-2024 13:01:48.933 +0000 INFO  SavedSearchHistory - Shut-down started
02-06-2024 13:01:48.933 +0000 INFO  SavedSearchHistory - Thread stopped
02-06-2024 13:01:48.933 +0000 INFO  SavedSearchHistory - Shut-down completed
02-06-2024 13:01:50.748 +0000 INFO  SavedSplunker - Shutting down the SavedSearchFetcher thread
02-06-2024 13:01:50.748 +0000 INFO  SavedSplunker - Ending SavedSearchFetcher thread
02-06-2024 13:02:06.021 +0000 INFO  SavedSplunker - Starting SavedSearchFetcher thread
02-06-2024 13:02:06.023 +0000 INFO  SavedSplunker - async_saved_search_fetch has been activated with an interval of 30.000 seconds.
02-06-2024 13:02:36.029 +0000 INFO  SavedSplunker - DCSS: completed reading history for continuous scheduled searches
02-06-2024 13:02:36.031 +0000 INFO  SavedSearchHistory - Thread started
02-06-2024 13:02:36.270 +0000 INFO  SavedSplunker - savedsearch_id="nobody;splunk_monitoring_console;DMC Asset - Build Standalone Asset Table", search_type="scheduled", search_streaming=0, user="nobody", app="splunk_monitoring_console", savedsearch_name="DMC Asset - Build Standalone Asset Table", priority=default, status=success, digest_mode=1, durable_cursor=0, scheduled_time=1707224525, window_time=0, dispatch_time=1707224556, run_time=0.095, result_count=4, alert_actions="populate_lookup", sid="scheduler__nobody_c3BsdW5rX21vbml0b3JpbmdfY29uc29sZQ__RMD54740dfff07b17ef1_at_1707224525_0", suppressed=0, action_time_ms=12, thread_id="AlertNotifierWorker-0", workload_pool=""
02-06-2024 13:17:01.036 +0000 INFO  SavedSplunker - savedsearch_id="nobody;splunk_archiver;Bucket Copy Trigger", search_type="scheduled", search_streaming=0, user="nobody", app="splunk_archiver", savedsearch_name="Bucket Copy Trigger", priority=default, status=success, digest_mode=1, durable_cursor=0, scheduled_time=1707225420, window_time=0, dispatch_time=1707225420, run_time=0.801, result_count=0, alert_actions="", sid="scheduler__nobody_c3BsdW5rX2FyY2hpdmVy__RMD5473cbac83d6c9db7_at_1707225420_1", suppressed=0, action_time_ms=1, thread_id="AlertNotifierWorker-0", workload_pool=""
02-06-2024 14:17:01.078 +0000 INFO  SavedSplunker - savedsearch_id="nobody;splunk_archiver;Bucket Copy Trigger", search_type="scheduled", search_streaming=0, user="nobody", app="splunk_archiver", savedsearch_name="Bucket Copy Trigger", priority=default, status=success, digest_mode=1, durable_cursor=0, scheduled_time=1707229020, window_time=0, dispatch_time=1707229020, run_time=0.804, result_count=0, alert_actions="", sid="scheduler__nobody_c3BsdW5rX2FyY2hpdmVy__RMD5473cbac83d6c9db7_at_1707229020_2", suppressed=0, action_time_ms=1, thread_id="AlertNotifierWorker-0", workload_pool=""
02-06-2024 15:17:01.238 +0000 INFO  SavedSplunker - savedsearch_id="nobody;splunk_archiver;Bucket Copy Trigger", search_type="scheduled", search_streaming=0, user="nobody", app="splunk_archiver", savedsearch_name="Bucket Copy Trigger", priority=default, status=success, digest_mode=1, durable_cursor=0, scheduled_time=1707232620, window_time=0, dispatch_time=1707232620, run_time=0.769, result_count=0, alert_actions="", sid="scheduler__nobody_c3BsdW5rX2FyY2hpdmVy__RMD5473cbac83d6c9db7_at_1707232620_3", suppressed=0, action_time_ms=1, thread_id="AlertNotifierWorker-0", workload_pool=""
02-06-2024 15:25:49.297 +0000 INFO  SavedSearchHistory - Shut-down started
02-06-2024 15:25:49.297 +0000 INFO  SavedSearchHistory - Thread stopped
02-06-2024 15:25:49.297 +0000 INFO  SavedSearchHistory - Shut-down completed
02-06-2024 15:25:50.841 +0000 INFO  SavedSplunker - Shutting down the SavedSearchFetcher thread
02-06-2024 15:25:50.841 +0000 INFO  SavedSplunker - Ending SavedSearchFetcher thread
02-06-2024 15:26:06.349 +0000 INFO  SavedSplunker - Starting SavedSearchFetcher thread
02-06-2024 15:26:06.349 +0000 INFO  SavedSplunker - async_saved_search_fetch has been activated with an interval of 30.000 seconds.
02-06-2024 15:26:36.360 +0000 INFO  SavedSplunker - DCSS: completed reading history for continuous scheduled searches
02-06-2024 15:26:36.366 +0000 INFO  SavedSearchHistory - Thread started
02-06-2024 15:26:36.581 +0000 INFO  SavedSplunker - savedsearch_id="nobody;splunk_monitoring_console;DMC Asset - Build Standalone Asset Table", search_type="scheduled", search_streaming=0, user="nobody", app="splunk_monitoring_console", savedsearch_name="DMC Asset - Build Standalone Asset Table", priority=default, status=success, digest_mode=1, durable_cursor=0, scheduled_time=1707233165, window_time=0, dispatch_time=1707233196, run_time=0.094, result_count=4, alert_actions="populate_lookup", sid="scheduler__nobody_c3BsdW5rX21vbml0b3JpbmdfY29uc29sZQ__RMD54740dfff07b17ef1_at_1707233165_0", suppressed=0, action_time_ms=10, thread_id="AlertNotifierWorker-0", workload_pool=""
02-06-2024 16:17:01.659 +0000 INFO  SavedSplunker - savedsearch_id="nobody;splunk_archiver;Bucket Copy Trigger", search_type="scheduled", search_streaming=0, user="nobody", app="splunk_archiver", savedsearch_name="Bucket Copy Trigger", priority=default, status=success, digest_mode=1, durable_cursor=0, scheduled_time=1707236220, window_time=0, dispatch_time=1707236220, run_time=0.943, result_count=0, alert_actions="", sid="scheduler__nobody_c3BsdW5rX2FyY2hpdmVy__RMD5473cbac83d6c9db7_at_1707236220_1", suppressed=0, action_time_ms=2, thread_id="AlertNotifierWorker-0", workload_pool=""
02-06-2024 17:17:01.886 +0000 INFO  SavedSplunker - savedsearch_id="nobody;splunk_archiver;Bucket Copy Trigger", search_type="scheduled", search_streaming=0, user="nobody", app="splunk_archiver", savedsearch_name="Bucket Copy Trigger", priority=default, status=success, digest_mode=1, durable_cursor=0, scheduled_time=1707239820, window_time=0, dispatch_time=1707239820, run_time=1.043, result_count=0, alert_actions="", sid="scheduler__nobody_c3BsdW5rX2FyY2hpdmVy__RMD5473cbac83d6c9db7_at_1707239820_2", suppressed=0, action_time_ms=1, thread_id="AlertNotifierWorker-0", workload_pool=""
02-06-2024 18:17:01.204 +0000 INFO  SavedSplunker - savedsearch_id="nobody;splunk_archiver;Bucket Copy Trigger", search_type="scheduled", search_streaming=0, user="nobody", app="splunk_archiver", savedsearch_name="Bucket Copy Trigger", priority=default, status=success, digest_mode=1, durable_cursor=0, scheduled_time=1707243420, window_time=0, dispatch_time=1707243420, run_time=0.781, result_count=0, alert_actions="", sid="scheduler__nobody_c3BsdW5rX2FyY2hpdmVy__RMD5473cbac83d6c9db7_at_1707243420_3", suppressed=0, action_time_ms=1, thread_id="AlertNotifierWorker-0", workload_pool=""
02-06-2024 19:17:01.832 +0000 INFO  SavedSplunker - savedsearch_id="nobody;splunk_archiver;Bucket Copy Trigger", search_type="scheduled", search_streaming=0, user="nobody", app="splunk_archiver", savedsearch_name="Bucket Copy Trigger", priority=default, status=success, digest_mode=1, durable_cursor=0, scheduled_time=1707247020, window_time=0, dispatch_time=1707247020, run_time=1.150, result_count=0, alert_actions="", sid="scheduler__nobody_c3BsdW5rX2FyY2hpdmVy__RMD5473cbac83d6c9db7_at_1707247020_4", suppressed=0, action_time_ms=1, thread_id="AlertNotifierWorker-0", workload_pool=""
02-06-2024 19:49:54.604 +0000 INFO  SavedSearchHistory - Shut-down started
02-06-2024 19:49:54.604 +0000 INFO  SavedSearchHistory - Thread stopped
02-06-2024 19:49:54.606 +0000 INFO  SavedSearchHistory - Shut-down completed
02-06-2024 19:49:55.618 +0000 INFO  SavedSplunker - Shutting down the SavedSearchFetcher thread
02-06-2024 19:49:55.618 +0000 INFO  SavedSplunker - Ending SavedSearchFetcher thread
02-06-2024 19:50:12.514 +0000 INFO  SavedSplunker - Starting SavedSearchFetcher thread
02-06-2024 19:50:12.538 +0000 INFO  SavedSplunker - async_saved_search_fetch has been activated with an interval of 30.000 seconds.
02-06-2024 19:50:42.547 +0000 INFO  SavedSplunker - DCSS: completed reading history for continuous scheduled searches
02-06-2024 19:50:42.548 +0000 INFO  SavedSearchHistory - Thread started
02-06-2024 19:50:42.775 +0000 INFO  SavedSplunker - savedsearch_id="nobody;splunk_monitoring_console;DMC Asset - Build Standalone Asset Table", search_type="scheduled", search_streaming=0, user="nobody", app="splunk_monitoring_console", savedsearch_name="DMC Asset - Build Standalone Asset Table", priority=default, status=success, digest_mode=1, durable_cursor=0, scheduled_time=1707249011, window_time=0, dispatch_time=1707249042, run_time=0.095, result_count=4, alert_actions="populate_lookup", sid="scheduler__nobody_c3BsdW5rX21vbml0b3JpbmdfY29uc29sZQ__RMD54740dfff07b17ef1_at_1707249011_0", suppressed=0, action_time_ms=10, thread_id="AlertNotifierWorker-0", workload_pool=""
02-06-2024 20:17:01.637 +0000 INFO  SavedSplunker - savedsearch_id="nobody;splunk_archiver;Bucket Copy Trigger", search_type="scheduled", search_streaming=0, user="nobody", app="splunk_archiver", savedsearch_name="Bucket Copy Trigger", priority=default, status=success, digest_mode=1, durable_cursor=0, scheduled_time=1707250620, window_time=0, dispatch_time=1707250620, run_time=0.907, result_count=0, alert_actions="", sid="scheduler__nobody_c3BsdW5rX2FyY2hpdmVy__RMD5473cbac83d6c9db7_at_1707250620_1", suppressed=0, action_time_ms=2, thread_id="AlertNotifierWorker-0", workload_pool=""
02-06-2024 20:43:12.962 +0000 INFO  SavedSearchHistory - Shut-down started
02-06-2024 20:43:12.962 +0000 INFO  SavedSearchHistory - Thread stopped
02-06-2024 20:43:12.962 +0000 INFO  SavedSearchHistory - Shut-down completed
02-06-2024 20:43:14.043 +0000 INFO  SavedSplunker - Shutting down the SavedSearchFetcher thread
02-06-2024 20:43:14.043 +0000 INFO  SavedSplunker - Ending SavedSearchFetcher thread
02-06-2024 20:43:30.580 +0000 INFO  SavedSplunker - Starting SavedSearchFetcher thread
02-06-2024 20:43:30.628 +0000 INFO  SavedSplunker - async_saved_search_fetch has been activated with an interval of 30.000 seconds.
02-06-2024 20:44:00.640 +0000 INFO  SavedSplunker - DCSS: completed reading history for continuous scheduled searches
02-06-2024 20:44:00.643 +0000 INFO  SavedSearchHistory - Thread started
02-06-2024 20:44:00.859 +0000 INFO  SavedSplunker - savedsearch_id="nobody;splunk_monitoring_console;DMC Asset - Build Standalone Asset Table", search_type="scheduled", search_streaming=0, user="nobody", app="splunk_monitoring_console", savedsearch_name="DMC Asset - Build Standalone Asset Table", priority=default, status=success, digest_mode=1, durable_cursor=0, scheduled_time=1707252209, window_time=0, dispatch_time=1707252240, run_time=0.095, result_count=4, alert_actions="populate_lookup", sid="scheduler__nobody_c3BsdW5rX21vbml0b3JpbmdfY29uc29sZQ__RMD54740dfff07b17ef1_at_1707252209_0", suppressed=0, action_time_ms=13, thread_id="AlertNotifierWorker-0", workload_pool=""
02-06-2024 20:49:28.948 +0000 INFO  SavedSearchHistory - Shut-down started
02-06-2024 20:49:28.948 +0000 INFO  SavedSearchHistory - Thread stopped
02-06-2024 20:49:28.949 +0000 INFO  SavedSearchHistory - Shut-down completed
02-06-2024 20:49:30.874 +0000 INFO  SavedSplunker - Shutting down the SavedSearchFetcher thread
02-06-2024 20:49:30.874 +0000 INFO  SavedSplunker - Ending SavedSearchFetcher thread
02-06-2024 20:49:45.676 +0000 INFO  SavedSplunker - Starting SavedSearchFetcher thread
02-06-2024 20:49:45.706 +0000 INFO  SavedSplunker - async_saved_search_fetch has been activated with an interval of 30.000 seconds.
