02-06-2024 20:45:19.300 INFO  dispatchRunner [16331 MainThread] - Search process mode: preforked (reused process) (build b985591d12fd).
02-06-2024 20:45:19.300 INFO  dispatchRunner [16331 MainThread] - Feature flag post-args={"v":1,"enabledFeatures":["stats:allow_stats_v2"],"disabledFeatures":["searchresults:srs2"]}
02-06-2024 20:45:19.300 INFO  SearchFeatureFlags [16331 MainThread] - Initializing feature flags from config. feature_seed=46947589
02-06-2024 20:45:19.300 INFO  SearchFeatureFlags [16331 MainThread] - Setting feature_flag=parallelreduce:enablePreview:true
02-06-2024 20:45:19.300 INFO  SearchFeatureFlags [16331 MainThread] - Setting feature_flag=search:search_retry:false
02-06-2024 20:45:19.300 INFO  SearchFeatureFlags [16331 MainThread] - Setting feature_flag=search:search_retry_realtime:false
02-06-2024 20:45:19.300 INFO  SearchFeatureFlags [16331 MainThread] - Setting feature_flag=parallelreduce:autoAppliedPercentage:false
02-06-2024 20:45:19.300 INFO  SearchFeatureFlags [16331 MainThread] - Setting feature_flag=subsearch:enableConcurrentPipelineProcessing:false
02-06-2024 20:45:19.300 INFO  SearchFeatureFlags [16331 MainThread] - Setting feature_flag=stats:allow_stats_v2:true
02-06-2024 20:45:19.300 INFO  SearchFeatureFlags [16331 MainThread] - Setting feature_flag=search_optimization::set_required_fields:stats:false
02-06-2024 20:45:19.300 INFO  SearchFeatureFlags [16331 MainThread] - Setting feature_flag=searchresults:srs2:false
02-06-2024 20:45:19.300 INFO  SearchFeatureFlags [16331 MainThread] - Setting feature_flag=search:read_final_results_from_timeliner:true
02-06-2024 20:45:19.300 INFO  SearchFeatureFlags [16331 MainThread] - Overlaying SearchFeatureFlags from jsonNode={"v":1,"enabledFeatures":["stats:allow_stats_v2"],"disabledFeatures":["searchresults:srs2"]}
02-06-2024 20:45:19.300 INFO  dispatchRunner [16331 MainThread] - registering build time modules, count=1
02-06-2024 20:45:19.300 INFO  dispatchRunner [16331 MainThread] - registering search time components of build time module name=vix
02-06-2024 20:45:19.301 INFO  BundlesSetup [16331 MainThread] - Setup stats for /opt/splunk/var/run/searchpeers/GOEL-SearchHead-1707251292: wallclock_elapsed_msec=15, cpu_time_used=0.0150596, shared_services_generation=2, shared_services_population=1
02-06-2024 20:45:19.318 INFO  UserManagerPro [16331 MainThread] - Load authentication: forcing roles="admin, can_delete, power, user"
02-06-2024 20:45:19.323 INFO  UserManager [17625 RunDispatch] - Setting user context: splunk-system-user
02-06-2024 20:45:19.323 INFO  UserManager [17625 RunDispatch] - Done setting user context: NULL -> splunk-system-user
02-06-2024 20:45:19.323 INFO  UserManager [17625 RunDispatch] - Unwound user context: splunk-system-user -> NULL
02-06-2024 20:45:19.323 INFO  UserManager [17625 RunDispatch] - Setting user context: admin
02-06-2024 20:45:19.323 INFO  UserManager [17625 RunDispatch] - Done setting user context: NULL -> admin
02-06-2024 20:45:19.324 INFO  dispatchRunner [17625 RunDispatch] - search context: user="admin", app="search", bs-pathname="/opt/splunk/var/run/searchpeers/GOEL-SearchHead-1707251292"
02-06-2024 20:45:19.324 INFO  SearchParser [17625 RunDispatch] - PARSING: litsearch (index=_* log_level=WARN bcgames bucket) | fields  keepcolorder=t "*" "_bkt" "_cd" "_si" "host" "index" "linecount" "source" "sourcetype" "splunk_server"  | remotetl  nb=300 et=1707248700.000000 lt=1707252319.000000 remove=true max_count=1000 max_prefetch=100
02-06-2024 20:45:19.324 INFO  SearchParser [17625 RunDispatch] - PARSING: litsearch (index=_* log_level=WARN bcgames bucket) | fields  keepcolorder=t "*" "_bkt" "_cd" "_si" "host" "index" "linecount" "source" "sourcetype" "splunk_server"  | remotetl  nb=300 et=1707248700.000000 lt=1707252319.000000 remove=true max_count=1000 max_prefetch=100
02-06-2024 20:45:19.324 INFO  UserManager [17625 RunDispatch] - Setting user context: splunk-system-user
02-06-2024 20:45:19.324 INFO  UserManager [17625 RunDispatch] - Done setting user context: admin -> splunk-system-user
02-06-2024 20:45:19.324 INFO  UserManager [17625 RunDispatch] - Setting user context: admin
02-06-2024 20:45:19.324 INFO  UserManager [17625 RunDispatch] - Done setting user context: splunk-system-user -> admin
02-06-2024 20:45:19.326 INFO  SearchProcessor [17625 RunDispatch] - Filtered out a metric type index '_metrics' because the command does not support it.
02-06-2024 20:45:19.326 INFO  SearchProcessor [17625 RunDispatch] - Filtered out a metric type index '_metrics_rollup' because the command does not support it.
02-06-2024 20:45:19.326 INFO  UserManager [17625 RunDispatch] - Unwound user context: admin -> splunk-system-user
02-06-2024 20:45:19.326 INFO  UserManager [17625 RunDispatch] - Unwound user context: splunk-system-user -> admin
02-06-2024 20:45:19.326 INFO  DispatchCommandProcessor [17625 RunDispatch] - Search requires the following indexes="[_audit,_configtracker,_internal,_introspection,_telemetry,_thefishbucket]"
02-06-2024 20:45:19.326 INFO  IndexReaderIf [17625 RunDispatch] - Loading Clustering bucket manifest file=/opt/splunk/var/run/splunk/cluster/search-buckets/search_sitedefault_gen120.csv.gz
02-06-2024 20:45:19.326 INFO  DatabaseDirectoryManager [17625 RunDispatch] - initDDMsFromSearchBucketManifest path=/opt/splunk/var/run/splunk/cluster/search-buckets/search_sitedefault_gen120.csv.gz, indexWhiteList_size=6
02-06-2024 20:45:19.331 INFO  dispatchRunner [17625 RunDispatch] - SearchPeerInitSearchMs=8
02-06-2024 20:45:19.331 INFO  dispatchRunner [17625 RunDispatch] - Serial search pipeline for streaming search being launched.
02-06-2024 20:45:19.331 INFO  SearchParser [17625 RunDispatch] - PARSING: litsearch (index=_* log_level=WARN bcgames bucket) | fields  keepcolorder=t "*" "_bkt" "_cd" "_si" "host" "index" "linecount" "source" "sourcetype" "splunk_server"  | remotetl  nb=300 et=1707248700.000000 lt=1707252319.000000 remove=true max_count=1000 max_prefetch=100
02-06-2024 20:45:19.361 INFO  SearchProcessor [17625 RunDispatch] - Filtered out a metric type index '_metrics' because the command does not support it.
02-06-2024 20:45:19.362 INFO  SearchProcessor [17625 RunDispatch] - Filtered out a metric type index '_metrics_rollup' because the command does not support it.
02-06-2024 20:45:19.362 INFO  SearchParser [17625 RunDispatch] - PARSING: typer | tags
02-06-2024 20:45:19.375 INFO  FastTyper [17625 RunDispatch] - found nodes count: comparisons=6, unique_comparisons=5, terms=4, unique_terms=4, phrases=12, unique_phrases=12, total leaves=22
02-06-2024 20:45:19.391 INFO  UserManager [17625 RunDispatch] - Setting user context: admin
02-06-2024 20:45:19.391 INFO  UserManager [17625 RunDispatch] - Done setting user context: admin -> admin
02-06-2024 20:45:19.392 INFO  FastSearchFilter [17625 RunDispatch] - Finished initializing IndexScopedFilter - trivial=0, nTerms=3, oTerms=0, host=0, source=0, sourcetype=0, linecount=0 exactCustomCmp=0
02-06-2024 20:45:19.392 INFO  UserManager [17625 RunDispatch] - Unwound user context: admin -> admin
02-06-2024 20:45:19.392 INFO  IndexScopedSearch [17625 RunDispatch] -  IndexScopedSearch is called for index = _audit, et = 1707248700.000000000, lt = 1707252319.000000000, index_et = -9223372036854775808.000000000, index_lt = 9223372036854775807.999999000, noRead = FALSE
02-06-2024 20:45:19.392 INFO  IndexScopedSearch [17625 RunDispatch] - ct=1707252319.000000 et=1707248700.000000 lt=1707252319.000000 dbsize=5
02-06-2024 20:45:19.392 INFO  UserManager [17625 RunDispatch] - Setting user context: admin
02-06-2024 20:45:19.392 INFO  UserManager [17625 RunDispatch] - Done setting user context: admin -> admin
02-06-2024 20:45:19.392 INFO  FastSearchFilter [17625 RunDispatch] - Finished initializing IndexScopedFilter - trivial=0, nTerms=3, oTerms=0, host=0, source=0, sourcetype=0, linecount=0 exactCustomCmp=0
02-06-2024 20:45:19.392 INFO  UserManager [17625 RunDispatch] - Unwound user context: admin -> admin
02-06-2024 20:45:19.393 INFO  IndexScopedSearch [17625 RunDispatch] -  IndexScopedSearch is called for index = _configtracker, et = 1707248700.000000000, lt = 1707252319.000000000, index_et = -9223372036854775808.000000000, index_lt = 9223372036854775807.999999000, noRead = FALSE
02-06-2024 20:45:19.393 INFO  CMBucketId [17625 RunDispatch] - CMIndexId: New indexName=_configtracker inserted, mapping to id=4
02-06-2024 20:45:19.393 INFO  IndexScopedSearch [17625 RunDispatch] - ct=1707252319.000000 et=1707248700.000000 lt=1707252319.000000 dbsize=3
02-06-2024 20:45:19.393 INFO  UserManager [17625 RunDispatch] - Setting user context: admin
02-06-2024 20:45:19.393 INFO  UserManager [17625 RunDispatch] - Done setting user context: admin -> admin
02-06-2024 20:45:19.394 INFO  FastSearchFilter [17625 RunDispatch] - Finished initializing IndexScopedFilter - trivial=0, nTerms=3, oTerms=0, host=0, source=0, sourcetype=0, linecount=0 exactCustomCmp=0
02-06-2024 20:45:19.394 INFO  UserManager [17625 RunDispatch] - Unwound user context: admin -> admin
02-06-2024 20:45:19.394 INFO  IndexScopedSearch [17625 RunDispatch] -  IndexScopedSearch is called for index = _internal, et = 1707248700.000000000, lt = 1707252319.000000000, index_et = -9223372036854775808.000000000, index_lt = 9223372036854775807.999999000, noRead = FALSE
02-06-2024 20:45:19.394 INFO  IndexScopedSearch [17625 RunDispatch] - ct=1707252319.000000 et=1707248700.000000 lt=1707252319.000000 dbsize=6
02-06-2024 20:45:19.394 INFO  UserManager [17625 RunDispatch] - Setting user context: admin
02-06-2024 20:45:19.394 INFO  UserManager [17625 RunDispatch] - Done setting user context: admin -> admin
02-06-2024 20:45:19.395 INFO  FastSearchFilter [17625 RunDispatch] - Finished initializing IndexScopedFilter - trivial=0, nTerms=3, oTerms=0, host=0, source=0, sourcetype=0, linecount=0 exactCustomCmp=0
02-06-2024 20:45:19.395 INFO  UserManager [17625 RunDispatch] - Unwound user context: admin -> admin
02-06-2024 20:45:19.395 INFO  IndexScopedSearch [17625 RunDispatch] -  IndexScopedSearch is called for index = _introspection, et = 1707248700.000000000, lt = 1707252319.000000000, index_et = -9223372036854775808.000000000, index_lt = 9223372036854775807.999999000, noRead = FALSE
02-06-2024 20:45:19.395 INFO  CMBucketId [17625 RunDispatch] - CMIndexId: New indexName=_introspection inserted, mapping to id=5
02-06-2024 20:45:19.395 INFO  IndexScopedSearch [17625 RunDispatch] - ct=1707252319.000000 et=1707248700.000000 lt=1707252319.000000 dbsize=3
02-06-2024 20:45:19.396 INFO  UserManager [17625 RunDispatch] - Setting user context: admin
02-06-2024 20:45:19.396 INFO  UserManager [17625 RunDispatch] - Done setting user context: admin -> admin
02-06-2024 20:45:19.396 INFO  FastSearchFilter [17625 RunDispatch] - Finished initializing IndexScopedFilter - trivial=0, nTerms=3, oTerms=0, host=0, source=0, sourcetype=0, linecount=0 exactCustomCmp=0
02-06-2024 20:45:19.396 INFO  UserManager [17625 RunDispatch] - Unwound user context: admin -> admin
02-06-2024 20:45:19.396 INFO  IndexScopedSearch [17625 RunDispatch] -  IndexScopedSearch is called for index = _telemetry, et = 1707248700.000000000, lt = 1707252319.000000000, index_et = -9223372036854775808.000000000, index_lt = 9223372036854775807.999999000, noRead = FALSE
02-06-2024 20:45:19.396 INFO  IndexScopedSearch [17625 RunDispatch] - ct=1707252319.000000 et=1707248700.000000 lt=1707252319.000000 dbsize=1
02-06-2024 20:45:19.396 INFO  UserManager [17625 RunDispatch] - Setting user context: admin
02-06-2024 20:45:19.396 INFO  UserManager [17625 RunDispatch] - Done setting user context: admin -> admin
02-06-2024 20:45:19.397 INFO  FastSearchFilter [17625 RunDispatch] - Finished initializing IndexScopedFilter - trivial=0, nTerms=3, oTerms=0, host=0, source=0, sourcetype=0, linecount=0 exactCustomCmp=0
02-06-2024 20:45:19.397 INFO  UserManager [17625 RunDispatch] - Unwound user context: admin -> admin
02-06-2024 20:45:19.397 INFO  IndexScopedSearch [17625 RunDispatch] -  IndexScopedSearch is called for index = _thefishbucket, et = 1707248700.000000000, lt = 1707252319.000000000, index_et = -9223372036854775808.000000000, index_lt = 9223372036854775807.999999000, noRead = FALSE
02-06-2024 20:45:19.397 INFO  IndexScopedSearch [17625 RunDispatch] - ct=1707252319.000000 et=1707248700.000000 lt=1707252319.000000 dbsize=0
02-06-2024 20:45:19.397 INFO  UnifiedSearch [17625 RunDispatch] - Initialization of search data structures took 35 ms
02-06-2024 20:45:19.397 INFO  UnifiedSearch [17625 RunDispatch] - Processed search targeting arguments
02-06-2024 20:45:19.484 INFO  SearchPipelineExecutor [17628 StreamSearch] - StreamSearch pipeline=0 is started in its own thread
02-06-2024 20:45:19.484 INFO  UserManager [17628 StreamSearch] - Setting user context: admin
02-06-2024 20:45:19.484 INFO  UserManager [17628 StreamSearch] - Done setting user context: NULL -> admin
02-06-2024 20:45:19.493 INFO  SearchPipelineExecutor [17631 NormSerializeExecutorThread] - NormSerializeExecutorThread pipeline=0 is started in its own thread.
02-06-2024 20:45:19.494 INFO  SearchPipelineExecutor [17625 RunDispatch] - Number of StreamSearch pipelines launched=1
02-06-2024 20:45:19.494 INFO  SearchPipelineExecutor [17625 RunDispatch] - Starting to transmit serialized search results.
02-06-2024 20:45:19.628 INFO  Timeliner [17628 StreamSearch] - Emitted 11 full events to info._remotetl_events
02-06-2024 20:45:19.628 WARN  SRSSerializer [17631 NormSerializeExecutorThread] - writing 0 cols! field list=0
02-06-2024 20:45:19.672 INFO  Timeliner [17628 StreamSearch] - Emitted 1 full events to info._remotetl_events
02-06-2024 20:45:19.672 WARN  SRSSerializer [17631 NormSerializeExecutorThread] - writing 0 cols! field list=0
02-06-2024 20:45:19.839 WARN  SearchOperator:kv [17628 StreamSearch] - buildRegexList provided empty conf key, ignoring.
02-06-2024 20:45:19.841 INFO  Timeliner [17628 StreamSearch] - Emitted 62 full events to info._remotetl_events
02-06-2024 20:45:19.847 WARN  SRSSerializer [17631 NormSerializeExecutorThread] - writing 0 cols! field list=0
02-06-2024 20:45:19.849 WARN  SRSSerializer [17631 NormSerializeExecutorThread] - writing 0 cols! field list=0
02-06-2024 20:45:19.849 WARN  SRSSerializer [17631 NormSerializeExecutorThread] - writing 0 cols! field list=0
02-06-2024 20:45:19.849 INFO  SearchPipelineExecutor [17631 NormSerializeExecutorThread] - NormSerializeExecutorThread pipeline=0 is finished.
02-06-2024 20:45:19.850 INFO  SearchPipelineExecutor [17625 RunDispatch] - Done transmitting serialized search results, total bytes transmitted 134997.
02-06-2024 20:45:19.850 INFO  dispatchRunner [17625 RunDispatch] - Done with streaming search.
02-06-2024 20:45:19.850 INFO  SearchPipelineExecutor [17628 StreamSearch] - Finished streaming: results.count=0
02-06-2024 20:45:19.850 INFO  UserManager [17628 StreamSearch] - Unwound user context: admin -> NULL
02-06-2024 20:45:19.850 INFO  SearchPipelineExecutor [17628 StreamSearch] - StreamSearch pipleine=0 is finished.
02-06-2024 20:45:19.850 INFO  SearchOperator:kv [17625 RunDispatch] - Extractor stats: name=_autoKvStats, probes=2, total_time_ms=0, max_time_ms=0
02-06-2024 20:45:19.850 INFO  SearchOperator:kv [17625 RunDispatch] - Extractor stats: name=(?i)^(?:[^ ]* ){2}(?:[+\-]\d+ )?(?P<log_level>[^ ]*)\s+(?P<component>[^ ]+) (?:\[(?P<thread_id>\d+)\s)?(?:(?P<thread_name>[^\]]+)\]\s)?- (?P<event_message>.+), probes=3, total_time_ms=0, max_time_ms=0
02-06-2024 20:45:19.850 WARN  SearchOperator:kv [17625 RunDispatch] - Exceeded the maximum number of field extractions configured in limits.conf / [kv] / limit=100. Skipped extraction of fields="Bucket,app,bundleId,caller,conf,dir,et,event,from,id,isinit,lt,path,selective,setting,size,stanza,to"
02-06-2024 20:45:19.851 INFO  ISearchOperator [17625 RunDispatch] - 0x7fe708456000 PREAD_HISTOGRAM: usec_1_8=372 usec_8_64=3 usec_64_512=0 usec_512_4096=0 usec_4096_32768=0 usec_32768_262144=0 usec_262144_INF=0 
02-06-2024 20:45:19.852 INFO  ISearchOperator [17625 RunDispatch] - 0x7fe708456800 PREAD_HISTOGRAM: usec_1_8=92 usec_8_64=0 usec_64_512=0 usec_512_4096=0 usec_4096_32768=0 usec_32768_262144=0 usec_262144_INF=0 
02-06-2024 20:45:19.853 INFO  SearchPipelineExecutor [17625 RunDispatch] - Streamed Search Index Orchestrator has been shutdown.
02-06-2024 20:45:19.853 INFO  UserManager [17625 RunDispatch] - Unwound user context: admin -> NULL
02-06-2024 20:45:19.853 INFO  LookupDataProvider [17625 RunDispatch] - Clearing out lookup shared provider map
02-06-2024 20:45:19.854 INFO  dispatchRunner [16331 MainThread] - RunDispatch is done: sid=remote_GOEL-SearchHead_1707252319.45, exit=0
