02-06-2024 20:24:44.459 INFO  dispatchRunner [21298 MainThread] - Search process mode: preforked (reused process) (build b985591d12fd).
02-06-2024 20:24:44.459 INFO  dispatchRunner [21298 MainThread] - Feature flag post-args={"v":1,"enabledFeatures":["stats:allow_stats_v2"],"disabledFeatures":["searchresults:srs2"]}
02-06-2024 20:24:44.460 INFO  SearchFeatureFlags [21298 MainThread] - Initializing feature flags from config. feature_seed=46947589
02-06-2024 20:24:44.460 INFO  SearchFeatureFlags [21298 MainThread] - Setting feature_flag=parallelreduce:enablePreview:true
02-06-2024 20:24:44.460 INFO  SearchFeatureFlags [21298 MainThread] - Setting feature_flag=search:search_retry:false
02-06-2024 20:24:44.460 INFO  SearchFeatureFlags [21298 MainThread] - Setting feature_flag=search:search_retry_realtime:false
02-06-2024 20:24:44.460 INFO  SearchFeatureFlags [21298 MainThread] - Setting feature_flag=parallelreduce:autoAppliedPercentage:false
02-06-2024 20:24:44.460 INFO  SearchFeatureFlags [21298 MainThread] - Setting feature_flag=subsearch:enableConcurrentPipelineProcessing:false
02-06-2024 20:24:44.460 INFO  SearchFeatureFlags [21298 MainThread] - Setting feature_flag=stats:allow_stats_v2:true
02-06-2024 20:24:44.460 INFO  SearchFeatureFlags [21298 MainThread] - Setting feature_flag=search_optimization::set_required_fields:stats:false
02-06-2024 20:24:44.460 INFO  SearchFeatureFlags [21298 MainThread] - Setting feature_flag=searchresults:srs2:false
02-06-2024 20:24:44.460 INFO  SearchFeatureFlags [21298 MainThread] - Setting feature_flag=search:read_final_results_from_timeliner:true
02-06-2024 20:24:44.460 INFO  SearchFeatureFlags [21298 MainThread] - Overlaying SearchFeatureFlags from jsonNode={"v":1,"enabledFeatures":["stats:allow_stats_v2"],"disabledFeatures":["searchresults:srs2"]}
02-06-2024 20:24:44.460 INFO  dispatchRunner [21298 MainThread] - registering build time modules, count=1
02-06-2024 20:24:44.460 INFO  dispatchRunner [21298 MainThread] - registering search time components of build time module name=vix
02-06-2024 20:24:44.460 INFO  BundlesSetup [21298 MainThread] - Setup stats for /opt/splunk/var/run/searchpeers/GOEL-SearchHead-1707250902: wallclock_elapsed_msec=14, cpu_time_used=0.0148013, shared_services_generation=2, shared_services_population=1
02-06-2024 20:24:44.467 INFO  UserManagerPro [21298 MainThread] - Load authentication: forcing roles="admin, can_delete, power, user"
02-06-2024 20:24:44.468 INFO  UserManager [8664 RunDispatch] - Setting user context: splunk-system-user
02-06-2024 20:24:44.468 INFO  UserManager [8664 RunDispatch] - Done setting user context: NULL -> splunk-system-user
02-06-2024 20:24:44.468 INFO  UserManager [8664 RunDispatch] - Unwound user context: splunk-system-user -> NULL
02-06-2024 20:24:44.468 INFO  UserManager [8664 RunDispatch] - Setting user context: admin
02-06-2024 20:24:44.468 INFO  UserManager [8664 RunDispatch] - Done setting user context: NULL -> admin
02-06-2024 20:24:44.468 INFO  dispatchRunner [8664 RunDispatch] - search context: user="admin", app="search", bs-pathname="/opt/splunk/var/run/searchpeers/GOEL-SearchHead-1707250902"
02-06-2024 20:24:44.468 INFO  SearchParser [8664 RunDispatch] - PARSING: litsearch (index=bcgames source=*dreamcrusher.xml* sourcetype=dreamcrusher_xml) | addinfo  type=count label=prereport_events track_fieldmeta_events=true | fields  keepcolorder=t "AttackVessel" "Infiltrators" "prestats_reserved_*" "psrsvd_*" | prestats  sum(Infiltrators) by AttackVessel
02-06-2024 20:24:44.468 INFO  StatsContext [8664 RunDispatch] -  Setting chunk size min=65536 max=1048576 double_every=100
02-06-2024 20:24:44.468 INFO  StatsContext [8664 RunDispatch] -  Setting max memory usage to 209715200
02-06-2024 20:24:44.468 INFO  SearchParser [8664 RunDispatch] - PARSING: litsearch (index=bcgames source=*dreamcrusher.xml* sourcetype=dreamcrusher_xml) | addinfo  type=count label=prereport_events track_fieldmeta_events=true | fields  keepcolorder=t "AttackVessel" "Infiltrators" "prestats_reserved_*" "psrsvd_*" | prestats  sum(Infiltrators) by AttackVessel
02-06-2024 20:24:44.468 INFO  StatsContext [8664 RunDispatch] -  Setting chunk size min=65536 max=1048576 double_every=100
02-06-2024 20:24:44.468 INFO  StatsContext [8664 RunDispatch] -  Setting max memory usage to 209715200
02-06-2024 20:24:44.468 INFO  UserManager [8664 RunDispatch] - Setting user context: splunk-system-user
02-06-2024 20:24:44.468 INFO  UserManager [8664 RunDispatch] - Done setting user context: admin -> splunk-system-user
02-06-2024 20:24:44.468 INFO  UserManager [8664 RunDispatch] - Setting user context: admin
02-06-2024 20:24:44.468 INFO  UserManager [8664 RunDispatch] - Done setting user context: splunk-system-user -> admin
02-06-2024 20:24:44.469 INFO  UserManager [8664 RunDispatch] - Unwound user context: admin -> splunk-system-user
02-06-2024 20:24:44.469 INFO  UserManager [8664 RunDispatch] - Unwound user context: splunk-system-user -> admin
02-06-2024 20:24:44.469 INFO  DispatchCommandProcessor [8664 RunDispatch] - Search requires the following indexes="[bcgames]"
02-06-2024 20:24:44.469 INFO  IndexReaderIf [8664 RunDispatch] - Loading Clustering bucket manifest file=/opt/splunk/var/run/splunk/cluster/search-buckets/search_sitedefault_gen106.csv.gz
02-06-2024 20:24:44.469 INFO  DatabaseDirectoryManager [8664 RunDispatch] - initDDMsFromSearchBucketManifest path=/opt/splunk/var/run/splunk/cluster/search-buckets/search_sitedefault_gen106.csv.gz, indexWhiteList_size=1
02-06-2024 20:24:44.469 INFO  dispatchRunner [8664 RunDispatch] - SearchPeerInitSearchMs=1
02-06-2024 20:24:44.469 INFO  dispatchRunner [8664 RunDispatch] - BSOrchestrator launching the parallel pipelines.
02-06-2024 20:24:44.470 INFO  SearchPipelineExecutor [8664 RunDispatch] - Number of BatchSearch pipelines launched=1
02-06-2024 20:24:44.470 INFO  SearchPipelineExecutor [8664 RunDispatch] - Starting to transmit serialized search results.
02-06-2024 20:24:44.470 INFO  SearchPipelineExecutor [8667 BatchSearch] - BatchSearch pipeline=0 is started in its own thread
02-06-2024 20:24:44.470 INFO  UserManager [8667 BatchSearch] - Setting user context: admin
02-06-2024 20:24:44.470 INFO  UserManager [8667 BatchSearch] - Done setting user context: NULL -> admin
02-06-2024 20:24:44.470 INFO  SearchParser [8667 BatchSearch] - PARSING: litsearch (index=bcgames source=*dreamcrusher.xml* sourcetype=dreamcrusher_xml) | addinfo  type=count label=prereport_events track_fieldmeta_events=true | fields  keepcolorder=t "AttackVessel" "Infiltrators" "prestats_reserved_*" "psrsvd_*" | prestats  sum(Infiltrators) by AttackVessel
02-06-2024 20:24:44.470 INFO  StatsContext [8667 BatchSearch] -  Setting chunk size min=65536 max=1048576 double_every=100
02-06-2024 20:24:44.470 INFO  StatsContext [8667 BatchSearch] -  Setting max memory usage to 209715200
02-06-2024 20:24:44.472 INFO  SearchPipelineExecutor [8669 NormSerializeExecutorThread] - NormSerializeExecutorThread pipeline=0 is started in its own thread.
02-06-2024 20:24:44.480 INFO  SearchParser [8667 BatchSearch] - PARSING: typer | tags
02-06-2024 20:24:44.481 INFO  FastTyper [8667 BatchSearch] - found nodes count: comparisons=6, unique_comparisons=5, terms=4, unique_terms=4, phrases=12, unique_phrases=12, total leaves=22
02-06-2024 20:24:44.481 INFO  BatchSearch [8667 BatchSearch] - Using Batch Search
02-06-2024 20:24:44.482 INFO  UserManager [8667 BatchSearch] - Setting user context: admin
02-06-2024 20:24:44.482 INFO  UserManager [8667 BatchSearch] - Done setting user context: admin -> admin
02-06-2024 20:24:44.482 INFO  FastSearchFilter [8667 BatchSearch] - Finished initializing IndexScopedFilter - trivial=0, nTerms=0, oTerms=0, host=0, source=1, sourcetype=1, linecount=0 exactCustomCmp=0
02-06-2024 20:24:44.482 INFO  UserManager [8667 BatchSearch] - Unwound user context: admin -> admin
02-06-2024 20:24:44.482 INFO  BatchSearch [8667 BatchSearch] -  BatchSearch is initialized for indexes = {bcgames}, et = 0.000000000, lt = 2147483647.000000000, index_et = -9223372036854775808.000000000, index_lt = 9223372036854775807.999999000, noRead = FALSE
02-06-2024 20:24:44.482 INFO  BatchSearch [8667 BatchSearch] - Clearing any DDM references
02-06-2024 20:24:44.482 INFO  BatchSearch [8667 BatchSearch] - index: bcgames dbsize=0
02-06-2024 20:24:44.482 INFO  UnifiedSearch [8667 BatchSearch] - Initialization of search data structures took 3 ms
02-06-2024 20:24:44.483 INFO  UnifiedSearch [8667 BatchSearch] - Processed search targeting arguments
02-06-2024 20:24:44.483 INFO  StatsProcessorV2 [8667 BatchSearch] - StatsV2 (stats) args: sum(Infiltrators), by, AttackVessel
02-06-2024 20:24:44.483 INFO  StatsProcessorV2 [8667 BatchSearch] - StatsProcessorV2::processArguments: Unaligned accesses are free
02-06-2024 20:24:44.483 INFO  StatsAggregations [8667 BatchSearch] - Instantiating Stats function sum for key=Infiltrators, alias=sum(Infiltrators)
02-06-2024 20:24:44.483 INFO  StatsContext [8667 BatchSearch] - shouldFallbackToOldStats: _use_v2_level=USE_V2_ALL, fallback=false
02-06-2024 20:24:44.488 INFO  UserManager [8667 BatchSearch] - Unwound user context: admin -> NULL
02-06-2024 20:24:44.488 INFO  SearchPipelineExecutor [8667 BatchSearch] - BatchSearch pipleine=0 is finished.
02-06-2024 20:24:44.488 INFO  SearchPipelineExecutor [8669 NormSerializeExecutorThread] - NormSerializeExecutorThread pipeline=0 is finished.
02-06-2024 20:24:44.488 INFO  SearchPipelineExecutor [8664 RunDispatch] - Done transmitting serialized search results, total bytes transmitted 8033.
02-06-2024 20:24:44.488 INFO  dispatchRunner [8664 RunDispatch] - Finished parallel pipeline processing.
02-06-2024 20:24:44.489 INFO  SearchPipelineExecutor [8664 RunDispatch] - Batch Search Index Orchestrator has been shutdown.
02-06-2024 20:24:44.489 INFO  UserManager [8664 RunDispatch] - Unwound user context: admin -> NULL
02-06-2024 20:24:44.489 INFO  LookupDataProvider [8664 RunDispatch] - Clearing out lookup shared provider map
02-06-2024 20:24:44.489 INFO  dispatchRunner [21298 MainThread] - RunDispatch is done: sid=remote_GOEL-SearchHead_admin__admin__search__search1_1707251084.20, exit=0
