02-06-2024 20:50:28.367 INFO  dispatchRunner [20006 MainThread] - Search process mode: preforked (first search in process) (build b985591d12fd).
02-06-2024 20:50:28.367 INFO  dispatchRunner [20006 MainThread] - initing LicenseMgr in search process: nonPro=0
02-06-2024 20:50:28.367 INFO  LMStackMgr [20006 MainThread] - Initializing CleMgr...
02-06-2024 20:50:28.367 INFO  LicenseMgr [20006 MainThread] - Initing LicenseMgr
02-06-2024 20:50:28.368 INFO  LMConfig [20006 MainThread] - serverName=GOEL-Indexer2 guid=A7E1805D-45C6-44A6-8F41-DCD62F97B6BC
02-06-2024 20:50:28.379 INFO  LMConfig [20006 MainThread] - connection_timeout=30
02-06-2024 20:50:28.379 INFO  LMConfig [20006 MainThread] - send_timeout=30
02-06-2024 20:50:28.379 INFO  LMConfig [20006 MainThread] - receive_timeout=30
02-06-2024 20:50:28.379 INFO  LMConfig [20006 MainThread] - key=license_warnings_update_interval not found in licenser stanza of server.conf, defaulting=0
02-06-2024 20:50:28.379 INFO  LMConfig [20006 MainThread] - squash_threshold=2000
02-06-2024 20:50:28.379 INFO  LMConfig [20006 MainThread] - strict_pool_quota=1
02-06-2024 20:50:28.379 INFO  LMConfig [20006 MainThread] - key=pool_suggestion not found in licenser stanza of server.conf, defaulting=''
02-06-2024 20:50:28.379 INFO  LMConfig [20006 MainThread] - key=test_aws_metering not found in licenser stanza of server.conf, defaulting=0
02-06-2024 20:50:28.379 INFO  LMConfig [20006 MainThread] - key=test_aws_product_code not found in licenser stanza of server.conf, defaulting=0
02-06-2024 20:50:28.379 INFO  LicenseMgr [20006 MainThread] - Initing LicenseMgr runContext_splunkd=false
02-06-2024 20:50:28.379 INFO  LMStackMgr [20006 MainThread] - closing stack mgr
02-06-2024 20:50:28.379 INFO  LMSlaveInfo [20006 MainThread] - all slaves cleared
02-06-2024 20:50:28.379 INFO  LMStackMgr [20006 MainThread] - partial init only since node has remote master=https://10.0.3.7:8089
02-06-2024 20:50:28.379 INFO  LicenseMgr [20006 MainThread] - StackMgr init complete...
02-06-2024 20:50:28.379 INFO  LMTracker [20006 MainThread] - Setting default product type='enterprise'
02-06-2024 20:50:28.379 INFO  LMTracker [20006 MainThread] - this is not splunkd, will perform partial init
02-06-2024 20:50:28.379 INFO  LicenseMgr [20006 MainThread] - Tracker init complete...
02-06-2024 20:50:28.399 INFO  AdminManagerDispatch [20006 MainThread] - added factory for admin handler: 'licenses'
02-06-2024 20:50:28.399 INFO  AdminManagerDispatch [20006 MainThread] - added factory for admin handler: 'pools'
02-06-2024 20:50:28.399 INFO  AdminManagerDispatch [20006 MainThread] - added factory for admin handler: 'stacks'
02-06-2024 20:50:28.399 INFO  AdminManagerDispatch [20006 MainThread] - added factory for admin handler: 'groups'
02-06-2024 20:50:28.399 INFO  AdminManagerDispatch [20006 MainThread] - added factory for admin handler: 'slaves'
02-06-2024 20:50:28.399 INFO  AdminManagerDispatch [20006 MainThread] - added factory for admin handler: 'peers'
02-06-2024 20:50:28.399 INFO  AdminManagerDispatch [20006 MainThread] - added factory for admin handler: 'localslave'
02-06-2024 20:50:28.399 INFO  AdminManagerDispatch [20006 MainThread] - added factory for admin handler: 'localpeer'
02-06-2024 20:50:28.399 INFO  AdminManagerDispatch [20006 MainThread] - added factory for admin handler: 'licensermessages'
02-06-2024 20:50:28.399 INFO  AdminManagerDispatch [20006 MainThread] - added factory for admin handler: 'scriptedwarning'
02-06-2024 20:50:28.399 INFO  AdminManagerDispatch [20006 MainThread] - added factory for admin handler: 'licenseusage'
02-06-2024 20:50:28.399 INFO  LicenseMgr [20006 MainThread] - Initing LicenseMgr
02-06-2024 20:50:28.399 INFO  LMConfig [20006 MainThread] - serverName=GOEL-Indexer2 guid=A7E1805D-45C6-44A6-8F41-DCD62F97B6BC
02-06-2024 20:50:28.399 INFO  LMConfig [20006 MainThread] - connection_timeout=30
02-06-2024 20:50:28.399 INFO  LMConfig [20006 MainThread] - send_timeout=30
02-06-2024 20:50:28.399 INFO  LMConfig [20006 MainThread] - receive_timeout=30
02-06-2024 20:50:28.399 INFO  LMConfig [20006 MainThread] - key=license_warnings_update_interval not found in licenser stanza of server.conf, defaulting=0
02-06-2024 20:50:28.399 INFO  LMConfig [20006 MainThread] - squash_threshold=2000
02-06-2024 20:50:28.399 INFO  LMConfig [20006 MainThread] - strict_pool_quota=1
02-06-2024 20:50:28.399 INFO  LMConfig [20006 MainThread] - key=pool_suggestion not found in licenser stanza of server.conf, defaulting=''
02-06-2024 20:50:28.399 INFO  LMConfig [20006 MainThread] - key=test_aws_metering not found in licenser stanza of server.conf, defaulting=0
02-06-2024 20:50:28.399 INFO  LMConfig [20006 MainThread] - key=test_aws_product_code not found in licenser stanza of server.conf, defaulting=0
02-06-2024 20:50:28.399 INFO  dispatchRunner [20006 MainThread] - Feature flag post-args={"v":1,"enabledFeatures":["stats:allow_stats_v2"],"disabledFeatures":["searchresults:srs2"]}
02-06-2024 20:50:28.399 INFO  SearchFeatureFlags [20006 MainThread] - Initializing feature flags from config. feature_seed=46947589
02-06-2024 20:50:28.399 INFO  SearchFeatureFlags [20006 MainThread] - Setting feature_flag=parallelreduce:enablePreview:true
02-06-2024 20:50:28.399 INFO  SearchFeatureFlags [20006 MainThread] - Setting feature_flag=search:search_retry:false
02-06-2024 20:50:28.399 INFO  SearchFeatureFlags [20006 MainThread] - Setting feature_flag=search:search_retry_realtime:false
02-06-2024 20:50:28.399 INFO  SearchFeatureFlags [20006 MainThread] - Setting feature_flag=parallelreduce:autoAppliedPercentage:false
02-06-2024 20:50:28.399 INFO  SearchFeatureFlags [20006 MainThread] - Setting feature_flag=subsearch:enableConcurrentPipelineProcessing:false
02-06-2024 20:50:28.399 INFO  SearchFeatureFlags [20006 MainThread] - Setting feature_flag=stats:allow_stats_v2:true
02-06-2024 20:50:28.399 INFO  SearchFeatureFlags [20006 MainThread] - Setting feature_flag=search_optimization::set_required_fields:stats:false
02-06-2024 20:50:28.399 INFO  SearchFeatureFlags [20006 MainThread] - Setting feature_flag=searchresults:srs2:false
02-06-2024 20:50:28.399 INFO  SearchFeatureFlags [20006 MainThread] - Setting feature_flag=search:read_final_results_from_timeliner:true
02-06-2024 20:50:28.399 INFO  SearchFeatureFlags [20006 MainThread] - Overlaying SearchFeatureFlags from jsonNode={"v":1,"enabledFeatures":["stats:allow_stats_v2"],"disabledFeatures":["searchresults:srs2"]}
02-06-2024 20:50:28.399 INFO  dispatchRunner [20006 MainThread] - registering build time modules, count=1
02-06-2024 20:50:28.399 INFO  dispatchRunner [20006 MainThread] - registering search time components of build time module name=vix
02-06-2024 20:50:28.399 INFO  dispatchRunner [20006 MainThread] - Getting search configuration data from: /opt/splunk/etc/modules/parsing/config.xml
02-06-2024 20:50:28.416 WARN  SSLOptions [20006 MainThread] - server.conf/[kvstore]/sslVerifyServerCert is false disabling certificate validation; must be set to "true" for increased security
02-06-2024 20:50:28.417 INFO  BundlesSetup [20006 MainThread] - Setup stats for /opt/splunk/var/run/searchpeers/GOEL-SearchHead-1707251292: wallclock_elapsed_msec=35, cpu_time_used=0.0198098, shared_services_generation=2, shared_services_population=1
02-06-2024 20:50:28.456 INFO  UserManagerPro [20006 MainThread] - Load authentication: forcing roles="admin, can_delete, power, splunk-system-role, user"
02-06-2024 20:50:28.456 INFO  PipelineComponent [20006 MainThread] - Ingestion pipeline sets have been configured to use pipeline set policy=round_robin for multiple pipeline sets.
02-06-2024 20:50:28.466 INFO  UserManager [20887 RunDispatch] - Setting user context: splunk-system-user
02-06-2024 20:50:28.466 INFO  UserManager [20887 RunDispatch] - Done setting user context: NULL -> splunk-system-user
02-06-2024 20:50:28.467 INFO  dispatchRunner [20887 RunDispatch] - search context: user="splunk-system-user", app="system", bs-pathname="/opt/splunk/var/run/searchpeers/GOEL-SearchHead-1707251292"
02-06-2024 20:50:28.477 WARN  IndexConfig [20887 RunDispatch] - Max bucket size is larger than destination path size limit. Please check your index configuration. idx=infra; bucket size in (from maxDataSize) 750 MB, homePath.maxDataSizeMB=100,  coldPath.maxDataSizeMB=100
02-06-2024 20:50:28.477 WARN  IndexConfig [20887 RunDispatch] - Home path size limit cannot accomodate maximum number of hot buckets with specified bucket size because homePath.maxDataSizeMB is too small. Please check your index configuration: idx=infra maxDataSize=750 MB, homePath.maxDataSizeMB=100 MB
02-06-2024 20:50:28.477 WARN  IndexConfig [20887 RunDispatch] - Max bucket size is larger than destination path size limit. Please check your index configuration. idx=soc; bucket size in (from maxDataSize) 750 MB, homePath.maxDataSizeMB=100,  coldPath.maxDataSizeMB=100
02-06-2024 20:50:28.477 WARN  IndexConfig [20887 RunDispatch] - Home path size limit cannot accomodate maximum number of hot buckets with specified bucket size because homePath.maxDataSizeMB is too small. Please check your index configuration: idx=soc maxDataSize=750 MB, homePath.maxDataSizeMB=100 MB
02-06-2024 20:50:28.478 INFO  SearchParser [20887 RunDispatch] - PARSING: presummarize maintain="%22SUMMARY_ID%22%2C%22EARLIEST_TIME%22%2C%22REMOTE_SEARCH%22%2C%22NORM_SUMMARY_ID%22%2C%22NORM_REMOTE_SEARCH%22%0A" summaryprefix="51367ECF-193E-4082-849C-4DF59054FDA5" 
02-06-2024 20:50:28.478 INFO  SearchParser [20887 RunDispatch] - PARSING: presummarize maintain="%22SUMMARY_ID%22%2C%22EARLIEST_TIME%22%2C%22REMOTE_SEARCH%22%2C%22NORM_SUMMARY_ID%22%2C%22NORM_REMOTE_SEARCH%22%0A" summaryprefix="51367ECF-193E-4082-849C-4DF59054FDA5" 
02-06-2024 20:50:28.479 WARN  DispatchCommandProcessor [20887 RunDispatch] - Could not find a set of indexes to search; defaulting to all
02-06-2024 20:50:28.479 INFO  IndexReaderIf [20887 RunDispatch] - Loading Clustering bucket manifest file=/opt/splunk/var/run/splunk/cluster/search-buckets/summarize_siteAll_gen133.csv.gz
02-06-2024 20:50:28.479 INFO  DatabaseDirectoryManager [20887 RunDispatch] - initDDMsFromSearchBucketManifest path=/opt/splunk/var/run/splunk/cluster/search-buckets/summarize_siteAll_gen133.csv.gz, indexWhiteList_size=1
02-06-2024 20:50:28.479 INFO  CMBucketId [20887 RunDispatch] - CMIndexId: New indexName=_telemetry inserted, mapping to id=1
02-06-2024 20:50:28.479 INFO  CMBucketId [20887 RunDispatch] - CMIndexId: New indexName=_audit inserted, mapping to id=2
02-06-2024 20:50:28.479 INFO  CMBucketId [20887 RunDispatch] - CMIndexId: New indexName=_internal inserted, mapping to id=3
02-06-2024 20:50:28.479 INFO  dispatchRunner [20887 RunDispatch] - SearchPeerInitSearchMs=13
02-06-2024 20:50:28.479 INFO  dispatchRunner [20887 RunDispatch] - Serial search pipeline for streaming search being launched.
02-06-2024 20:50:28.480 INFO  SearchParser [20887 RunDispatch] - PARSING: presummarize maintain="%22SUMMARY_ID%22%2C%22EARLIEST_TIME%22%2C%22REMOTE_SEARCH%22%2C%22NORM_SUMMARY_ID%22%2C%22NORM_REMOTE_SEARCH%22%0A" summaryprefix="51367ECF-193E-4082-849C-4DF59054FDA5" 
02-06-2024 20:50:28.480 INFO  SearchProcessor [20887 RunDispatch] - Filtered out a metric type index '_metrics' because the command does not support it.
02-06-2024 20:50:28.480 INFO  SearchProcessor [20887 RunDispatch] - Filtered out a metric type index '_metrics_rollup' because the command does not support it.
02-06-2024 20:50:28.481 INFO  SearchPipelineExecutor [20887 RunDispatch] - Number of StreamSearch pipelines launched=1
02-06-2024 20:50:28.481 INFO  SearchPipelineExecutor [20887 RunDispatch] - Starting to transmit serialized search results.
02-06-2024 20:50:28.481 INFO  SearchPipelineExecutor [20900 StreamSearch] - StreamSearch pipeline=0 is started in its own thread
02-06-2024 20:50:28.481 INFO  UserManager [20900 StreamSearch] - Setting user context: splunk-system-user
02-06-2024 20:50:28.481 INFO  UserManager [20900 StreamSearch] - Done setting user context: NULL -> splunk-system-user
02-06-2024 20:50:28.482 INFO  BucketSummaryProcessor [20900 StreamSearch] - Doing maintenance on idx=_audit
02-06-2024 20:50:28.482 INFO  BucketSummaryProcessor [20900 StreamSearch] - Doing maintenance on idx=_configtracker
02-06-2024 20:50:28.482 INFO  CMBucketId [20900 StreamSearch] - CMIndexId: New indexName=_configtracker inserted, mapping to id=4
02-06-2024 20:50:28.483 INFO  BucketSummaryProcessor [20900 StreamSearch] - Doing maintenance on idx=_internal
02-06-2024 20:50:28.484 INFO  BucketSummaryProcessor [20900 StreamSearch] - Doing maintenance on idx=_introspection
02-06-2024 20:50:28.484 INFO  CMBucketId [20900 StreamSearch] - CMIndexId: New indexName=_introspection inserted, mapping to id=5
02-06-2024 20:50:28.484 INFO  BucketSummaryProcessor [20900 StreamSearch] - Doing maintenance on idx=_telemetry
02-06-2024 20:50:28.484 INFO  BucketSummaryProcessor [20900 StreamSearch] - Doing maintenance on idx=_thefishbucket
02-06-2024 20:50:28.484 INFO  BucketSummaryProcessor [20900 StreamSearch] - Doing maintenance on idx=bcgames
02-06-2024 20:50:28.484 INFO  BucketSummaryProcessor [20900 StreamSearch] - Doing maintenance on idx=history
02-06-2024 20:50:28.485 INFO  BucketSummaryProcessor [20900 StreamSearch] - Doing maintenance on idx=infra
02-06-2024 20:50:28.485 INFO  CMBucketId [20900 StreamSearch] - CMIndexId: New indexName=infra inserted, mapping to id=6
02-06-2024 20:50:28.485 INFO  BucketSummaryProcessor [20900 StreamSearch] - Doing maintenance on idx=main
02-06-2024 20:50:28.485 INFO  BucketSummaryProcessor [20900 StreamSearch] - Doing maintenance on idx=soc
02-06-2024 20:50:28.485 INFO  CMBucketId [20900 StreamSearch] - CMIndexId: New indexName=soc inserted, mapping to id=7
02-06-2024 20:50:28.485 INFO  BucketSummaryProcessor [20900 StreamSearch] - Doing maintenance on idx=summary
02-06-2024 20:50:28.485 INFO  SummaryCacheMgrClientThread [20903 BucketSummaryCacheMgrClientThread] - Starting BucketSummaryCacheMgrClientThread
02-06-2024 20:50:28.485 INFO  SummaryCacheMgrClientThread [20903 BucketSummaryCacheMgrClientThread] - Begin shutting down BucketSummaryCacheMgrClientThread
02-06-2024 20:50:28.485 INFO  SummaryCacheMgrClientThread [20903 BucketSummaryCacheMgrClientThread] - BucketSummaryCacheMgrClientThread completed
02-06-2024 20:50:28.486 INFO  SearchPipelineExecutor [20900 StreamSearch] - Finished streaming: results.count=0
02-06-2024 20:50:28.486 INFO  UserManager [20900 StreamSearch] - Unwound user context: splunk-system-user -> NULL
02-06-2024 20:50:28.486 INFO  SearchPipelineExecutor [20900 StreamSearch] - StreamSearch pipleine=0 is finished.
02-06-2024 20:50:28.486 INFO  SearchPipelineExecutor [20901 NormSerializeExecutorThread] - NormSerializeExecutorThread pipeline=0 is started in its own thread.
02-06-2024 20:50:28.486 WARN  SRSSerializer [20901 NormSerializeExecutorThread] - writing 0 cols! field list=0
02-06-2024 20:50:28.486 WARN  SRSSerializer [20901 NormSerializeExecutorThread] - writing 0 cols! field list=0
02-06-2024 20:50:28.486 INFO  SearchPipelineExecutor [20887 RunDispatch] - Done transmitting serialized search results, total bytes transmitted 6100.
02-06-2024 20:50:28.486 INFO  dispatchRunner [20887 RunDispatch] - Done with streaming search.
02-06-2024 20:50:28.486 INFO  SummaryMgrClientThread [20902 SummaryMgrClientThread] - SummaryMgrClientThread eloop terminated
02-06-2024 20:50:28.486 INFO  SearchPipelineExecutor [20901 NormSerializeExecutorThread] - NormSerializeExecutorThread pipeline=0 is finished.
02-06-2024 20:50:28.486 INFO  SearchPipelineExecutor [20887 RunDispatch] - Streamed Search Index Orchestrator has been shutdown.
02-06-2024 20:50:28.487 INFO  UserManager [20887 RunDispatch] - Unwound user context: splunk-system-user -> NULL
02-06-2024 20:50:28.487 INFO  LookupDataProvider [20887 RunDispatch] - Clearing out lookup shared provider map
02-06-2024 20:50:28.487 INFO  dispatchRunner [20006 MainThread] - RunDispatch is done: sid=remote_GOEL-SearchHead_SummaryDirector_1707252627.46, exit=0
