02-06-2024 20:17:00.487 INFO  dispatchRunner [28639 MainThread] - Search process mode: preforked (first search in process) (build b985591d12fd).
02-06-2024 20:17:00.487 INFO  dispatchRunner [28639 MainThread] - initing LicenseMgr in search process: nonPro=0
02-06-2024 20:17:00.487 INFO  LMStackMgr [28639 MainThread] - Initializing CleMgr...
02-06-2024 20:17:00.487 INFO  LicenseMgr [28639 MainThread] - Initing LicenseMgr
02-06-2024 20:17:00.487 INFO  LMConfig [28639 MainThread] - serverName=GOEL-DS-LM-MC guid=567E8353-EE88-4727-B620-DAEF32CFEF2B
02-06-2024 20:17:00.490 INFO  LMConfig [28639 MainThread] - connection_timeout=30
02-06-2024 20:17:00.490 INFO  LMConfig [28639 MainThread] - send_timeout=30
02-06-2024 20:17:00.490 INFO  LMConfig [28639 MainThread] - receive_timeout=30
02-06-2024 20:17:00.490 INFO  LMConfig [28639 MainThread] - key=license_warnings_update_interval not found in licenser stanza of server.conf, defaulting=0
02-06-2024 20:17:00.490 INFO  LMConfig [28639 MainThread] - squash_threshold=2000
02-06-2024 20:17:00.490 INFO  LMConfig [28639 MainThread] - strict_pool_quota=1
02-06-2024 20:17:00.490 INFO  LMConfig [28639 MainThread] - key=pool_suggestion not found in licenser stanza of server.conf, defaulting=''
02-06-2024 20:17:00.490 INFO  LMConfig [28639 MainThread] - key=test_aws_metering not found in licenser stanza of server.conf, defaulting=0
02-06-2024 20:17:00.490 INFO  LMConfig [28639 MainThread] - key=test_aws_product_code not found in licenser stanza of server.conf, defaulting=0
02-06-2024 20:17:00.490 INFO  LicenseMgr [28639 MainThread] - Initing LicenseMgr runContext_splunkd=false
02-06-2024 20:17:00.490 INFO  LMStackMgr [28639 MainThread] - closing stack mgr
02-06-2024 20:17:00.490 INFO  LMSlaveInfo [28639 MainThread] - all slaves cleared
02-06-2024 20:17:00.490 INFO  LMStackMgr [28639 MainThread] - Initalized license_warnings_update_interval=auto
02-06-2024 20:17:00.490 INFO  LMStackMgr [28639 MainThread] - License Manager supports Conditional Licensing Enforcement. For baked in CLE policies, window_period=60 days, max_violations=45, for stack size below 107374182400 bytes
02-06-2024 20:17:00.490 INFO  LMLicense [28639 MainThread] - Applying default enforcement policy for free
02-06-2024 20:17:00.490 INFO  LMStackMgr [28639 MainThread] - Added policy WinSz=30 Warnings=3 MaxSize=0 isDefault=1 features= for free
02-06-2024 20:17:00.490 INFO  LMLicense [28639 MainThread] - Applying default enforcement policy for forwarder
02-06-2024 20:17:00.490 INFO  LMStackMgr [28639 MainThread] - Added policy WinSz=30 Warnings=5 MaxSize=0 isDefault=1 features= for forwarder
02-06-2024 20:17:00.492 INFO  LMStack [28639 MainThread] - Added type=enterprise license, from file=splunk.license.big.license, to stack=enterprise of group=Enterprise
02-06-2024 20:17:00.492 INFO  LMLicense [28639 MainThread] - Applying default CLE policy for enterprise
02-06-2024 20:17:00.492 INFO  LMStackMgr [28639 MainThread] - created stack='enterprise'
02-06-2024 20:17:00.492 INFO  LMStackMgr [28639 MainThread] - Added policy WinSz=60 Warnings=45 MaxSize=107374182400 isDefault=1 features=LocalSearch for enterprise
02-06-2024 20:17:00.492 INFO  LMStackMgr [28639 MainThread] - Skipping trial license as alternative license type in use
02-06-2024 20:17:00.492 INFO  LMStackMgr [28639 MainThread] - Skipping trial pool stanza as alternative license in use
02-06-2024 20:17:00.492 INFO  LMStackMgr [28639 MainThread] - added pool auto_generated_pool_enterprise to stack enterprise
02-06-2024 20:17:00.492 INFO  LMStackMgr [28639 MainThread] - added pool auto_generated_pool_forwarder to stack forwarder
02-06-2024 20:17:00.492 INFO  LMStackMgr [28639 MainThread] - added pool auto_generated_pool_free to stack free
02-06-2024 20:17:00.492 INFO  LMStackMgr [28639 MainThread] - Initialized hideQuotaWarning = "0"
02-06-2024 20:17:00.492 INFO  LMStackMgr [28639 MainThread] - init completed [567E8353-EE88-4727-B620-DAEF32CFEF2B,Enterprise,runContext_splunkd=false]
02-06-2024 20:17:00.492 INFO  LicenseMgr [28639 MainThread] - StackMgr init complete...
02-06-2024 20:17:00.492 INFO  LMTracker [28639 MainThread] - Setting default product type='enterprise'
02-06-2024 20:17:00.492 INFO  LMTracker [28639 MainThread] - this is not splunkd, will perform partial init
02-06-2024 20:17:00.492 INFO  LicenseMgr [28639 MainThread] - Tracker init complete...
02-06-2024 20:17:00.504 INFO  AdminManagerDispatch [28639 MainThread] - added factory for admin handler: 'licenses'
02-06-2024 20:17:00.504 INFO  AdminManagerDispatch [28639 MainThread] - added factory for admin handler: 'pools'
02-06-2024 20:17:00.504 INFO  AdminManagerDispatch [28639 MainThread] - added factory for admin handler: 'stacks'
02-06-2024 20:17:00.504 INFO  AdminManagerDispatch [28639 MainThread] - added factory for admin handler: 'groups'
02-06-2024 20:17:00.504 INFO  AdminManagerDispatch [28639 MainThread] - added factory for admin handler: 'slaves'
02-06-2024 20:17:00.504 INFO  AdminManagerDispatch [28639 MainThread] - added factory for admin handler: 'peers'
02-06-2024 20:17:00.504 INFO  AdminManagerDispatch [28639 MainThread] - added factory for admin handler: 'localslave'
02-06-2024 20:17:00.504 INFO  AdminManagerDispatch [28639 MainThread] - added factory for admin handler: 'localpeer'
02-06-2024 20:17:00.504 INFO  AdminManagerDispatch [28639 MainThread] - added factory for admin handler: 'licensermessages'
02-06-2024 20:17:00.504 INFO  AdminManagerDispatch [28639 MainThread] - added factory for admin handler: 'scriptedwarning'
02-06-2024 20:17:00.504 INFO  AdminManagerDispatch [28639 MainThread] - added factory for admin handler: 'licenseusage'
02-06-2024 20:17:00.504 INFO  LicenseMgr [28639 MainThread] - Initing LicenseMgr
02-06-2024 20:17:00.504 INFO  LMConfig [28639 MainThread] - serverName=GOEL-DS-LM-MC guid=567E8353-EE88-4727-B620-DAEF32CFEF2B
02-06-2024 20:17:00.504 INFO  LMConfig [28639 MainThread] - connection_timeout=30
02-06-2024 20:17:00.504 INFO  LMConfig [28639 MainThread] - send_timeout=30
02-06-2024 20:17:00.504 INFO  LMConfig [28639 MainThread] - receive_timeout=30
02-06-2024 20:17:00.504 INFO  LMConfig [28639 MainThread] - key=license_warnings_update_interval not found in licenser stanza of server.conf, defaulting=0
02-06-2024 20:17:00.504 INFO  LMConfig [28639 MainThread] - squash_threshold=2000
02-06-2024 20:17:00.504 INFO  LMConfig [28639 MainThread] - strict_pool_quota=1
02-06-2024 20:17:00.504 INFO  LMConfig [28639 MainThread] - key=pool_suggestion not found in licenser stanza of server.conf, defaulting=''
02-06-2024 20:17:00.504 INFO  LMConfig [28639 MainThread] - key=test_aws_metering not found in licenser stanza of server.conf, defaulting=0
02-06-2024 20:17:00.504 INFO  LMConfig [28639 MainThread] - key=test_aws_product_code not found in licenser stanza of server.conf, defaulting=0
02-06-2024 20:17:00.505 INFO  dispatchRunner [28639 MainThread] - registering build time modules, count=1
02-06-2024 20:17:00.505 INFO  dispatchRunner [28639 MainThread] - registering search time components of build time module name=vix
02-06-2024 20:17:00.505 INFO  dispatchRunner [28639 MainThread] - Getting search configuration data from: /opt/splunk/etc/modules/parsing/config.xml
02-06-2024 20:17:00.506 WARN  SSLOptions [28639 MainThread] - server.conf/[kvstore]/sslVerifyServerCert is false disabling certificate validation; must be set to "true" for increased security
02-06-2024 20:17:00.507 INFO  BundlesSetup [28639 MainThread] - Setup stats for /opt/splunk/etc: wallclock_elapsed_msec=17, cpu_time_used=0.0127913, shared_services_generation=2, shared_services_population=1
02-06-2024 20:17:00.530 INFO  UserManagerPro [28639 MainThread] - Load authentication: forcing roles="admin, power, splunk-system-role, user"
02-06-2024 20:17:00.530 INFO  PipelineComponent [28639 MainThread] - Ingestion pipeline sets have been configured to use pipeline set policy=round_robin for multiple pipeline sets.
02-06-2024 20:17:00.542 INFO  UserManager [7349 RunDispatch] - Setting user context: splunk-system-user
02-06-2024 20:17:00.542 INFO  UserManager [7349 RunDispatch] - Done setting user context: NULL -> splunk-system-user
02-06-2024 20:17:00.543 INFO  dispatchRunner [7349 RunDispatch] - search context: user="splunk-system-user", app="splunk_archiver", bs-pathname="/opt/splunk/etc"
02-06-2024 20:17:00.553 INFO  SearchParser [7349 RunDispatch] - PARSING: | archivebuckets
02-06-2024 20:17:00.555 INFO  dispatchRunner [7349 RunDispatch] - Search running in non-clustered mode
02-06-2024 20:17:00.555 INFO  dispatchRunner [7349 RunDispatch] - SearchHeadInitSearchMs=12
02-06-2024 20:17:00.555 INFO  dispatchRunner [7349 RunDispatch] - Executing the Search orchestrator and iterator model (dfs=false).
02-06-2024 20:17:00.555 INFO  SearchOrchestrator [7349 RunDispatch] - SearchOrchestrator getting constructed
02-06-2024 20:17:00.555 INFO  SearchOrchestrator [7349 RunDispatch] -  Initialized the SRI
02-06-2024 20:17:00.556 INFO  SearchFeatureFlags [7349 RunDispatch] - Initializing feature flags from config. feature_seed=2445355805
02-06-2024 20:17:00.556 INFO  SearchFeatureFlags [7349 RunDispatch] - Setting feature_flag=parallelreduce:enablePreview:true
02-06-2024 20:17:00.556 INFO  SearchFeatureFlags [7349 RunDispatch] - Setting feature_flag=search:search_retry:false
02-06-2024 20:17:00.556 INFO  SearchFeatureFlags [7349 RunDispatch] - Setting feature_flag=search:search_retry_realtime:false
02-06-2024 20:17:00.556 INFO  SearchFeatureFlags [7349 RunDispatch] - Setting feature_flag=parallelreduce:autoAppliedPercentage:false
02-06-2024 20:17:00.556 INFO  SearchFeatureFlags [7349 RunDispatch] - Setting feature_flag=subsearch:enableConcurrentPipelineProcessing:false
02-06-2024 20:17:00.556 INFO  SearchFeatureFlags [7349 RunDispatch] - Setting feature_flag=stats:allow_stats_v2:true
02-06-2024 20:17:00.556 INFO  SearchFeatureFlags [7349 RunDispatch] - Setting feature_flag=search_optimization::set_required_fields:stats:false
02-06-2024 20:17:00.556 INFO  SearchFeatureFlags [7349 RunDispatch] - Setting feature_flag=searchresults:srs2:false
02-06-2024 20:17:00.556 INFO  SearchFeatureFlags [7349 RunDispatch] - Setting feature_flag=search:read_final_results_from_timeliner:true
02-06-2024 20:17:00.556 INFO  SearchOrchestrator [7349 RunDispatch] - Search feature_flags={"v":1,"enabledFeatures":["parallelreduce:enablePreview","stats:allow_stats_v2","search:read_final_results_from_timeliner"],"disabledFeatures":["search:search_retry","search:search_retry_realtime","parallelreduce:autoAppliedPercentage","subsearch:enableConcurrentPipelineProcessing","search_optimization::set_required_fields:stats","searchresults:srs2"]}
02-06-2024 20:17:00.556 INFO  ISplunkDispatch [7349 RunDispatch] - Not running in splunkd. Bundle replication not triggered.
02-06-2024 20:17:00.561 INFO  SearchOrchestrator [7358 searchOrchestrator] - Initialzing the run time settings for the orchestrator.
02-06-2024 20:17:00.561 INFO  UserManager [7358 searchOrchestrator] - Setting user context: splunk-system-user
02-06-2024 20:17:00.561 INFO  UserManager [7358 searchOrchestrator] - Done setting user context: NULL -> splunk-system-user
02-06-2024 20:17:00.562 INFO  AdaptiveSearchEngineSelector [7358 searchOrchestrator] - Search execution_plan=classic
02-06-2024 20:17:00.562 INFO  SearchOrchestrator [7358 searchOrchestrator] - Creating the search DAG.
02-06-2024 20:17:00.562 INFO  SearchParser [7358 searchOrchestrator] - PARSING: | archivebuckets
02-06-2024 20:17:00.562 INFO  DispatchStorageManagerInfo [7358 searchOrchestrator] - Successfully created new dispatch directory for search job. sid=079efd7d3afacc45_tmp dispatch_dir=/opt/splunk/var/run/splunk/dispatch/079efd7d3afacc45_tmp
02-06-2024 20:17:00.565 INFO  script [7358 searchOrchestrator] - found script file=/opt/splunk/etc/apps/splunk_archiver/bin/archivebuckets.py
02-06-2024 20:17:00.565 INFO  script [7358 searchOrchestrator] - stderr for script archivebuckets will be added to search.log
02-06-2024 20:17:00.565 INFO  DispatchThread [7358 searchOrchestrator] - BatchMode: allowBatchMode: 0, conf(1): 1, timeline/Status buckets(0):0, realtime(0):0, report pipe empty(0):1, reqTimeOrder(0):0, summarize(0):0, statefulStreaming(0):1
02-06-2024 20:17:00.565 INFO  DispatchThread [7358 searchOrchestrator] - Setup timeliner partialCommits=0
02-06-2024 20:17:00.565 INFO  DispatchThread [7358 searchOrchestrator] - Disabling usage of summaries for non-reporting search
02-06-2024 20:17:00.565 INFO  DispatchThread [7358 searchOrchestrator] - required fields list to add to remote search = *,_bkt,_cd,_si,host,index,linecount,source,sourcetype,splunk_server
02-06-2024 20:17:00.565 INFO  DispatchCommandProcessor [7358 searchOrchestrator] - summaryHash=NS3d9d854163f8f07a summaryId=567E8353-EE88-4727-B620-DAEF32CFEF2B_splunk_archiver_nobody_NS3d9d854163f8f07a remoteSearch=
02-06-2024 20:17:00.566 INFO  SearchParser [7358 searchOrchestrator] - PARSING: | archivebuckets
02-06-2024 20:17:00.566 INFO  script [7358 searchOrchestrator] - found script file=/opt/splunk/etc/apps/splunk_archiver/bin/archivebuckets.py
02-06-2024 20:17:00.566 INFO  script [7358 searchOrchestrator] - stderr for script archivebuckets will be added to search.log
02-06-2024 20:17:00.566 INFO  AstOptimizer [7358 searchOrchestrator] - SrchOptMetrics optimize_toJson=0.000138542
02-06-2024 20:17:00.566 INFO  SearchParser [7358 searchOrchestrator] - PARSING: | archivebuckets
02-06-2024 20:17:00.566 INFO  FederatedInfo [7358 searchOrchestrator] - No federated search providers defined.
02-06-2024 20:17:00.566 INFO  ProjElim [7358 searchOrchestrator] - Black listed processors=[addinfo]
02-06-2024 20:17:00.581 INFO  AstOptimizer [7358 searchOrchestrator] - SrchOptMetrics optimization=0.015298895
02-06-2024 20:17:00.581 INFO  SearchPhaseGenerator [7358 searchOrchestrator] - Optimized Search =| archivebuckets
02-06-2024 20:17:00.581 INFO  ScopedTimer [7358 searchOrchestrator] - search.optimize 0.015657649
02-06-2024 20:17:00.581 INFO  FederatedProviderVisitor [7358 searchOrchestrator] - Federated Whole Search Remote Execution Enabled: false
02-06-2024 20:17:00.621 INFO  SearchPhaseGenerator [7358 searchOrchestrator] - Number of involved federated deployments is 0.
02-06-2024 20:17:00.621 INFO  PhaseNodeGenerationVisitor [7358 searchOrchestrator] - FallBackReason: Fallback to 2-phase mode because of empty split key of cmd: archivebuckets
02-06-2024 20:17:00.621 INFO  PhaseToPipelineVisitor [7358 searchOrchestrator] - Phase Search = | archivebuckets
02-06-2024 20:17:00.621 INFO  SearchParser [7358 searchOrchestrator] - PARSING: | archivebuckets
02-06-2024 20:17:00.622 INFO  script [7358 searchOrchestrator] - found script file=/opt/splunk/etc/apps/splunk_archiver/bin/archivebuckets.py
02-06-2024 20:17:00.622 INFO  script [7358 searchOrchestrator] - stderr for script archivebuckets will be added to search.log
02-06-2024 20:17:00.622 INFO  SearchPipeline [7358 searchOrchestrator] - ReportSearch=0 AllowBatchMode=0
02-06-2024 20:17:00.622 INFO  SearchPhaseGenerator [7358 searchOrchestrator] - No need for RTWindowProcessor
02-06-2024 20:17:00.622 INFO  SearchPhaseGenerator [7358 searchOrchestrator] - Adding timeliner to final phase
02-06-2024 20:17:00.622 INFO  SearchParser [7358 searchOrchestrator] - PARSING: | timeliner remote=0 partial_commits=0 max_events_per_bucket=500000 fieldstats_update_maxperiod=60 bucket=0
02-06-2024 20:17:00.622 INFO  TimelineCreator [7358 searchOrchestrator] - Creating timeline with remote=0 partialCommits=0 commitFreq=0 syncKSFreq=0 maxSyncKSPeriodTime=60000 bucket=0 latestTime=1707250620.000000 earliestTime=2147483647.000000
02-06-2024 20:17:00.622 INFO  SearchPhaseGenerator [7358 searchOrchestrator] - required fields list to add to different pipelines = *,_bkt,_cd,_si,host,index,linecount,source,sourcetype,splunk_server
02-06-2024 20:17:00.622 INFO  SearchPhaseGenerator [7358 searchOrchestrator] - Search Phases created.
02-06-2024 20:17:00.623 INFO  SearchOrchestrator [7358 searchOrchestrator] - Preview is not enabled. (preview_algorithm=NONE)
02-06-2024 20:17:00.623 INFO  UserManager [7358 searchOrchestrator] - Setting user context: splunk-system-user
02-06-2024 20:17:00.623 INFO  UserManager [7358 searchOrchestrator] - Done setting user context: splunk-system-user -> splunk-system-user
02-06-2024 20:17:00.623 INFO  UserManager [7358 searchOrchestrator] - Unwound user context: splunk-system-user -> splunk-system-user
02-06-2024 20:17:00.623 INFO  DistributedSearchResultCollectionManager [7358 searchOrchestrator] - Stream search: 
02-06-2024 20:17:00.623 INFO  UserManager [7367 SearchResultExecutorThread] - Setting user context: splunk-system-user
02-06-2024 20:17:00.623 INFO  UserManager [7367 SearchResultExecutorThread] - Done setting user context: NULL -> splunk-system-user
02-06-2024 20:17:00.623 INFO  UserManager [7367 SearchResultExecutorThread] - Unwound user context: splunk-system-user -> NULL
02-06-2024 20:17:00.623 INFO  UserManager [7365 SearchResultExecutorThread] - Setting user context: splunk-system-user
02-06-2024 20:17:00.623 INFO  UserManager [7365 SearchResultExecutorThread] - Done setting user context: NULL -> splunk-system-user
02-06-2024 20:17:00.623 INFO  UserManager [7365 SearchResultExecutorThread] - Unwound user context: splunk-system-user -> NULL
02-06-2024 20:17:00.623 INFO  UserManager [7363 SearchResultExecutorThread] - Setting user context: splunk-system-user
02-06-2024 20:17:00.624 INFO  UserManager [7363 SearchResultExecutorThread] - Done setting user context: NULL -> splunk-system-user
02-06-2024 20:17:00.624 INFO  UserManager [7363 SearchResultExecutorThread] - Unwound user context: splunk-system-user -> NULL
02-06-2024 20:17:00.626 INFO  UserManager [7366 SearchResultExecutorThread] - Setting user context: splunk-system-user
02-06-2024 20:17:00.626 INFO  UserManager [7366 SearchResultExecutorThread] - Done setting user context: NULL -> splunk-system-user
02-06-2024 20:17:00.626 INFO  UserManager [7366 SearchResultExecutorThread] - Unwound user context: splunk-system-user -> NULL
02-06-2024 20:17:00.626 INFO  UserManager [7364 SearchResultExecutorThread] - Setting user context: splunk-system-user
02-06-2024 20:17:00.626 INFO  UserManager [7364 SearchResultExecutorThread] - Done setting user context: NULL -> splunk-system-user
02-06-2024 20:17:00.626 INFO  UserManager [7364 SearchResultExecutorThread] - Unwound user context: splunk-system-user -> NULL
02-06-2024 20:17:00.626 INFO  SearchPhaseGenerator [7358 searchOrchestrator] - Time spends on creating distributed search results infrastructure; dispatchcreatedSearchResultInfrastructure=0.002921931 seconds.
02-06-2024 20:17:00.626 INFO  SearchOrchestrator [7358 searchOrchestrator] - Starting the status control thread.
02-06-2024 20:17:00.626 INFO  SearchOrchestrator [7358 searchOrchestrator] - Starting phase=1
02-06-2024 20:17:00.626 INFO  UserManager [7361 StatusEnforcerThread] - Setting user context: splunk-system-user
02-06-2024 20:17:00.626 INFO  UserManager [7361 StatusEnforcerThread] - Done setting user context: NULL -> splunk-system-user
02-06-2024 20:17:00.626 INFO  SearchStatusEnforcer [7361 StatusEnforcerThread] - Enforcing disk quota = 10485760000
02-06-2024 20:17:00.626 INFO  UserManager [7368 phase_1] - Setting user context: splunk-system-user
02-06-2024 20:17:00.626 INFO  UserManager [7368 phase_1] - Done setting user context: NULL -> splunk-system-user
02-06-2024 20:17:00.626 INFO  ReducePhaseExecutor [7368 phase_1] - Starting phase_1
02-06-2024 20:17:12.298 INFO  ReducePhaseExecutor [7368 phase_1] - Ending phase_1
02-06-2024 20:17:12.298 INFO  UserManager [7368 phase_1] - Unwound user context: splunk-system-user -> NULL
02-06-2024 20:17:12.301 INFO  ProxyConfig [7361 StatusEnforcerThread] - Failed to initialize http_proxy from server.conf for splunkd. Please make sure that the http_proxy property is set as http_proxy=http://host:port in case HTTP proxying needs to be enabled.
02-06-2024 20:17:12.301 INFO  ProxyConfig [7361 StatusEnforcerThread] - Failed to initialize https_proxy from server.conf for splunkd. Please make sure that the https_proxy property is set as https_proxy=http://host:port in case HTTP proxying needs to be enabled.
02-06-2024 20:17:12.301 INFO  ProxyConfig [7361 StatusEnforcerThread] - Failed to initialize the proxy_rules setting from server.conf for splunkd. Please provide a valid set of proxy_rules in case HTTP proxying needs to be enabled.
02-06-2024 20:17:12.301 INFO  ProxyConfig [7361 StatusEnforcerThread] - Failed to initialize the no_proxy setting from server.conf for splunkd. Please provide a valid set of no_proxy rules in case HTTP proxying needs to be enabled.
02-06-2024 20:17:12.302 WARN  SSLOptions [7361 StatusEnforcerThread] - <internal>.conf/[<internal>]/sslVerifyServerCert is false disabling certificate validation; must be set to "true" for increased security
02-06-2024 20:17:12.305 WARN  SSLOptions [7361 StatusEnforcerThread] - <internal>.conf/[<internal>]/sslVerifyServerCert is false disabling certificate validation; must be set to "true" for increased security
02-06-2024 20:17:12.313 INFO  SearchStatusEnforcer [7361 StatusEnforcerThread] - Triggered listener notification on state=onResults condition=1
02-06-2024 20:17:12.313 INFO  UserManager [7361 StatusEnforcerThread] - Unwound user context: splunk-system-user -> NULL
02-06-2024 20:17:12.314 INFO  DispatchStorageManager [7358 searchOrchestrator] - Remote storage disabled for search artifacts.
02-06-2024 20:17:12.314 INFO  DispatchManager [7358 searchOrchestrator] - DispatchManager::dispatchHasFinished(id='scheduler__nobody_c3BsdW5rX2FyY2hpdmVy__RMD5473cbac83d6c9db7_at_1707250620_1', username='splunk-system-user')
02-06-2024 20:17:12.314 INFO  UserManager [7358 searchOrchestrator] - Unwound user context: splunk-system-user -> NULL
02-06-2024 20:17:12.314 INFO  SearchStatusEnforcer [7349 RunDispatch] - SearchStatusEnforcer is already terminated
02-06-2024 20:17:12.314 INFO  UserManager [7349 RunDispatch] - Unwound user context: splunk-system-user -> NULL
02-06-2024 20:17:12.314 INFO  LookupDataProvider [7349 RunDispatch] - Clearing out lookup shared provider map
02-06-2024 20:17:12.318 INFO  dispatchRunner [28639 MainThread] - RunDispatch is done: sid=scheduler__nobody_c3BsdW5rX2FyY2hpdmVy__RMD5473cbac83d6c9db7_at_1707250620_1, exit=0
