02-06-2024 20:49:36.655 INFO  dispatchRunner [22168 MainThread] - Search process mode: preforked (first search in process) (build b985591d12fd).
02-06-2024 20:49:36.655 INFO  dispatchRunner [22168 MainThread] - initing LicenseMgr in search process: nonPro=0
02-06-2024 20:49:36.655 INFO  LMStackMgr [22168 MainThread] - Initializing CleMgr...
02-06-2024 20:49:36.655 INFO  LicenseMgr [22168 MainThread] - Initing LicenseMgr
02-06-2024 20:49:36.655 INFO  LMConfig [22168 MainThread] - serverName=GOEL-Indexer3 guid=A4B2739E-EC56-4B6D-9A88-3AA302EAA608
02-06-2024 20:49:36.657 INFO  LMConfig [22168 MainThread] - connection_timeout=30
02-06-2024 20:49:36.657 INFO  LMConfig [22168 MainThread] - send_timeout=30
02-06-2024 20:49:36.657 INFO  LMConfig [22168 MainThread] - receive_timeout=30
02-06-2024 20:49:36.657 INFO  LMConfig [22168 MainThread] - key=license_warnings_update_interval not found in licenser stanza of server.conf, defaulting=0
02-06-2024 20:49:36.657 INFO  LMConfig [22168 MainThread] - squash_threshold=2000
02-06-2024 20:49:36.657 INFO  LMConfig [22168 MainThread] - strict_pool_quota=1
02-06-2024 20:49:36.657 INFO  LMConfig [22168 MainThread] - key=pool_suggestion not found in licenser stanza of server.conf, defaulting=''
02-06-2024 20:49:36.657 INFO  LMConfig [22168 MainThread] - key=test_aws_metering not found in licenser stanza of server.conf, defaulting=0
02-06-2024 20:49:36.657 INFO  LMConfig [22168 MainThread] - key=test_aws_product_code not found in licenser stanza of server.conf, defaulting=0
02-06-2024 20:49:36.657 INFO  LicenseMgr [22168 MainThread] - Initing LicenseMgr runContext_splunkd=false
02-06-2024 20:49:36.657 INFO  LMStackMgr [22168 MainThread] - closing stack mgr
02-06-2024 20:49:36.657 INFO  LMSlaveInfo [22168 MainThread] - all slaves cleared
02-06-2024 20:49:36.657 INFO  LMStackMgr [22168 MainThread] - partial init only since node has remote master=https://10.0.3.7:8089
02-06-2024 20:49:36.657 INFO  LicenseMgr [22168 MainThread] - StackMgr init complete...
02-06-2024 20:49:36.657 INFO  LMTracker [22168 MainThread] - Setting default product type='enterprise'
02-06-2024 20:49:36.657 INFO  LMTracker [22168 MainThread] - this is not splunkd, will perform partial init
02-06-2024 20:49:36.657 INFO  LicenseMgr [22168 MainThread] - Tracker init complete...
02-06-2024 20:49:36.664 INFO  AdminManagerDispatch [22168 MainThread] - added factory for admin handler: 'licenses'
02-06-2024 20:49:36.664 INFO  AdminManagerDispatch [22168 MainThread] - added factory for admin handler: 'pools'
02-06-2024 20:49:36.664 INFO  AdminManagerDispatch [22168 MainThread] - added factory for admin handler: 'stacks'
02-06-2024 20:49:36.664 INFO  AdminManagerDispatch [22168 MainThread] - added factory for admin handler: 'groups'
02-06-2024 20:49:36.664 INFO  AdminManagerDispatch [22168 MainThread] - added factory for admin handler: 'slaves'
02-06-2024 20:49:36.664 INFO  AdminManagerDispatch [22168 MainThread] - added factory for admin handler: 'peers'
02-06-2024 20:49:36.664 INFO  AdminManagerDispatch [22168 MainThread] - added factory for admin handler: 'localslave'
02-06-2024 20:49:36.664 INFO  AdminManagerDispatch [22168 MainThread] - added factory for admin handler: 'localpeer'
02-06-2024 20:49:36.664 INFO  AdminManagerDispatch [22168 MainThread] - added factory for admin handler: 'licensermessages'
02-06-2024 20:49:36.664 INFO  AdminManagerDispatch [22168 MainThread] - added factory for admin handler: 'scriptedwarning'
02-06-2024 20:49:36.664 INFO  AdminManagerDispatch [22168 MainThread] - added factory for admin handler: 'licenseusage'
02-06-2024 20:49:36.664 INFO  LicenseMgr [22168 MainThread] - Initing LicenseMgr
02-06-2024 20:49:36.664 INFO  LMConfig [22168 MainThread] - serverName=GOEL-Indexer3 guid=A4B2739E-EC56-4B6D-9A88-3AA302EAA608
02-06-2024 20:49:36.664 INFO  LMConfig [22168 MainThread] - connection_timeout=30
02-06-2024 20:49:36.664 INFO  LMConfig [22168 MainThread] - send_timeout=30
02-06-2024 20:49:36.664 INFO  LMConfig [22168 MainThread] - receive_timeout=30
02-06-2024 20:49:36.664 INFO  LMConfig [22168 MainThread] - key=license_warnings_update_interval not found in licenser stanza of server.conf, defaulting=0
02-06-2024 20:49:36.664 INFO  LMConfig [22168 MainThread] - squash_threshold=2000
02-06-2024 20:49:36.664 INFO  LMConfig [22168 MainThread] - strict_pool_quota=1
02-06-2024 20:49:36.664 INFO  LMConfig [22168 MainThread] - key=pool_suggestion not found in licenser stanza of server.conf, defaulting=''
02-06-2024 20:49:36.664 INFO  LMConfig [22168 MainThread] - key=test_aws_metering not found in licenser stanza of server.conf, defaulting=0
02-06-2024 20:49:36.664 INFO  LMConfig [22168 MainThread] - key=test_aws_product_code not found in licenser stanza of server.conf, defaulting=0
02-06-2024 20:49:36.665 INFO  dispatchRunner [22168 MainThread] - registering build time modules, count=1
02-06-2024 20:49:36.665 INFO  dispatchRunner [22168 MainThread] - registering search time components of build time module name=vix
02-06-2024 20:49:36.665 INFO  dispatchRunner [22168 MainThread] - Getting search configuration data from: /opt/splunk/etc/modules/parsing/config.xml
02-06-2024 20:49:36.665 WARN  SSLOptions [22168 MainThread] - server.conf/[kvstore]/sslVerifyServerCert is false disabling certificate validation; must be set to "true" for increased security
02-06-2024 20:49:36.666 INFO  BundlesSetup [22168 MainThread] - Setup stats for /opt/splunk/etc: wallclock_elapsed_msec=9, cpu_time_used=0.00968958, shared_services_generation=2, shared_services_population=1
02-06-2024 20:49:36.676 INFO  UserManagerPro [22168 MainThread] - Load authentication: forcing roles="admin, power, splunk-system-role, user"
02-06-2024 20:49:36.676 INFO  PipelineComponent [22168 MainThread] - Ingestion pipeline sets have been configured to use pipeline set policy=round_robin for multiple pipeline sets.
02-06-2024 20:49:36.677 INFO  UserManager [22668 RunDispatch] - Setting user context: splunk-system-user
02-06-2024 20:49:36.677 INFO  UserManager [22668 RunDispatch] - Done setting user context: NULL -> splunk-system-user
02-06-2024 20:49:36.677 INFO  dispatchRunner [22668 RunDispatch] - search context: user="splunk-system-user", app="search", bs-pathname="/opt/splunk/etc"
02-06-2024 20:49:36.683 WARN  IndexConfig [22668 RunDispatch] - Max bucket size is larger than destination path size limit. Please check your index configuration. idx=infra; bucket size in (from maxDataSize) 750 MB, homePath.maxDataSizeMB=100,  coldPath.maxDataSizeMB=100
02-06-2024 20:49:36.683 WARN  IndexConfig [22668 RunDispatch] - Home path size limit cannot accomodate maximum number of hot buckets with specified bucket size because homePath.maxDataSizeMB is too small. Please check your index configuration: idx=infra maxDataSize=750 MB, homePath.maxDataSizeMB=100 MB
02-06-2024 20:49:36.683 WARN  IndexConfig [22668 RunDispatch] - Max bucket size is larger than destination path size limit. Please check your index configuration. idx=soc; bucket size in (from maxDataSize) 750 MB, homePath.maxDataSizeMB=100,  coldPath.maxDataSizeMB=100
02-06-2024 20:49:36.683 WARN  IndexConfig [22668 RunDispatch] - Home path size limit cannot accomodate maximum number of hot buckets with specified bucket size because homePath.maxDataSizeMB is too small. Please check your index configuration: idx=soc maxDataSize=750 MB, homePath.maxDataSizeMB=100 MB
02-06-2024 20:49:36.684 INFO  SearchParser [22668 RunDispatch] - PARSING: search earliest_time=-7d splunk_server=local index=_audit sid trigger_time action=alert_* (expiration>1707252576 OR NOT expiration=*) | rex ",\s*ss_name=\"(?<ss_name>(?:[^\"]+|\"(?!,\s*sid=))*)\",\s*sid=\""| rex ",\s*sid=\"(?<sid>.*)\",\s+\w+_\w+=" | stats sum(deleted) AS deleted,    list(alert_actions) AS alert_actions, list(severity) AS severity,   list(expiration) AS expiration    list(ss_name) AS ss_name,   list(ss_app) AS ss_app,           list(ss_user) AS ss_user   list(digest_mode) AS digest_mode, list(triggered_alerts) AS triggered_alerts  BY sid, trigger_time | search NOT deleted=* OR deleted=0 | fields - deleted 
02-06-2024 20:49:36.684 INFO  StatsContext [22668 RunDispatch] -  Setting chunk size min=65536 max=1048576 double_every=100
02-06-2024 20:49:36.684 INFO  StatsContext [22668 RunDispatch] -  Setting max memory usage to 209715200
02-06-2024 20:49:36.684 INFO  SearchParser [22668 RunDispatch] - PARSING: search earliest_time=-7d splunk_server=local index=_audit sid trigger_time action=alert_* (expiration>1707252576 OR NOT expiration=*) | rex ",\s*ss_name=\"(?<ss_name>(?:[^\"]+|\"(?!,\s*sid=))*)\",\s*sid=\""| rex ",\s*sid=\"(?<sid>.*)\",\s+\w+_\w+=" | stats sum(deleted) AS deleted,    list(alert_actions) AS alert_actions, list(severity) AS severity,   list(expiration) AS expiration    list(ss_name) AS ss_name,   list(ss_app) AS ss_app,           list(ss_user) AS ss_user   list(digest_mode) AS digest_mode, list(triggered_alerts) AS triggered_alerts  BY sid, trigger_time | search NOT deleted=* OR deleted=0 | fields - deleted 
02-06-2024 20:49:36.684 INFO  StatsContext [22668 RunDispatch] -  Setting chunk size min=65536 max=1048576 double_every=100
02-06-2024 20:49:36.684 INFO  StatsContext [22668 RunDispatch] -  Setting max memory usage to 209715200
02-06-2024 20:49:36.684 INFO  UserManager [22668 RunDispatch] - Setting user context: splunk-system-user
02-06-2024 20:49:36.685 INFO  UserManager [22668 RunDispatch] - Done setting user context: splunk-system-user -> splunk-system-user
02-06-2024 20:49:36.687 INFO  UserManager [22668 RunDispatch] - Unwound user context: splunk-system-user -> splunk-system-user
02-06-2024 20:49:36.687 INFO  DispatchCommandProcessor [22668 RunDispatch] - Search requires the following indexes="[_audit]"
02-06-2024 20:49:36.687 INFO  IndexReaderIf [22668 RunDispatch] - Loading Clustering bucket manifest file=/opt/splunk/var/run/splunk/cluster/search-buckets/search_sitedefault_gen0.csv.gz
02-06-2024 20:49:36.687 INFO  DatabaseDirectoryManager [22668 RunDispatch] - initDDMsFromSearchBucketManifest path=/opt/splunk/var/run/splunk/cluster/search-buckets/search_sitedefault_gen0.csv.gz, indexWhiteList_size=1
02-06-2024 20:49:36.687 INFO  CMBucketId [22668 RunDispatch] - CMIndexId: New indexName=_telemetry inserted, mapping to id=1
02-06-2024 20:49:36.687 INFO  CMBucketId [22668 RunDispatch] - CMIndexId: New indexName=_audit inserted, mapping to id=2
02-06-2024 20:49:36.688 INFO  CMBucketId [22668 RunDispatch] - CMIndexId: New indexName=_internal inserted, mapping to id=3
02-06-2024 20:49:36.688 INFO  dispatchRunner [22668 RunDispatch] - SearchHeadInitSearchMs=11
02-06-2024 20:49:36.688 INFO  dispatchRunner [22668 RunDispatch] - Executing the Search orchestrator and iterator model (dfs=false).
02-06-2024 20:49:36.688 INFO  SearchOrchestrator [22668 RunDispatch] - SearchOrchestrator getting constructed
02-06-2024 20:49:36.688 INFO  SearchOrchestrator [22668 RunDispatch] -  Initialized the SRI
02-06-2024 20:49:36.688 INFO  SearchFeatureFlags [22668 RunDispatch] - Initializing feature flags from config. feature_seed=1361416696
02-06-2024 20:49:36.688 INFO  SearchFeatureFlags [22668 RunDispatch] - Setting feature_flag=parallelreduce:enablePreview:true
02-06-2024 20:49:36.688 INFO  SearchFeatureFlags [22668 RunDispatch] - Setting feature_flag=search:search_retry:false
02-06-2024 20:49:36.688 INFO  SearchFeatureFlags [22668 RunDispatch] - Setting feature_flag=search:search_retry_realtime:false
02-06-2024 20:49:36.688 INFO  SearchFeatureFlags [22668 RunDispatch] - Setting feature_flag=parallelreduce:autoAppliedPercentage:false
02-06-2024 20:49:36.688 INFO  SearchFeatureFlags [22668 RunDispatch] - Setting feature_flag=subsearch:enableConcurrentPipelineProcessing:false
02-06-2024 20:49:36.688 INFO  SearchFeatureFlags [22668 RunDispatch] - Setting feature_flag=stats:allow_stats_v2:true
02-06-2024 20:49:36.688 INFO  SearchFeatureFlags [22668 RunDispatch] - Setting feature_flag=search_optimization::set_required_fields:stats:false
02-06-2024 20:49:36.688 INFO  SearchFeatureFlags [22668 RunDispatch] - Setting feature_flag=searchresults:srs2:false
02-06-2024 20:49:36.688 INFO  SearchFeatureFlags [22668 RunDispatch] - Setting feature_flag=search:read_final_results_from_timeliner:true
02-06-2024 20:49:36.688 INFO  SearchOrchestrator [22668 RunDispatch] - Search feature_flags={"v":1,"enabledFeatures":["parallelreduce:enablePreview","stats:allow_stats_v2","search:read_final_results_from_timeliner"],"disabledFeatures":["search:search_retry","search:search_retry_realtime","parallelreduce:autoAppliedPercentage","subsearch:enableConcurrentPipelineProcessing","search_optimization::set_required_fields:stats","searchresults:srs2"]}
02-06-2024 20:49:36.689 INFO  ISplunkDispatch [22668 RunDispatch] - Not running in splunkd. Bundle replication not triggered.
02-06-2024 20:49:36.689 INFO  SearchOrchestrator [22675 searchOrchestrator] - Initialzing the run time settings for the orchestrator.
02-06-2024 20:49:36.689 INFO  UserManager [22675 searchOrchestrator] - Setting user context: splunk-system-user
02-06-2024 20:49:36.689 INFO  UserManager [22675 searchOrchestrator] - Done setting user context: NULL -> splunk-system-user
02-06-2024 20:49:36.689 INFO  AdaptiveSearchEngineSelector [22675 searchOrchestrator] - Search execution_plan=classic
02-06-2024 20:49:36.689 INFO  SearchOrchestrator [22675 searchOrchestrator] - Creating the search DAG.
02-06-2024 20:49:36.689 INFO  SearchParser [22675 searchOrchestrator] - PARSING: search earliest_time=-7d splunk_server=local index=_audit sid trigger_time action=alert_* (expiration>1707252576 OR NOT expiration=*) | rex ",\s*ss_name=\"(?<ss_name>(?:[^\"]+|\"(?!,\s*sid=))*)\",\s*sid=\""| rex ",\s*sid=\"(?<sid>.*)\",\s+\w+_\w+=" | stats sum(deleted) AS deleted,    list(alert_actions) AS alert_actions, list(severity) AS severity,   list(expiration) AS expiration    list(ss_name) AS ss_name,   list(ss_app) AS ss_app,           list(ss_user) AS ss_user   list(digest_mode) AS digest_mode, list(triggered_alerts) AS triggered_alerts  BY sid, trigger_time | search NOT deleted=* OR deleted=0 | fields - deleted 
02-06-2024 20:49:36.689 INFO  StatsContext [22675 searchOrchestrator] -  Setting chunk size min=65536 max=1048576 double_every=100
02-06-2024 20:49:36.689 INFO  StatsContext [22675 searchOrchestrator] -  Setting max memory usage to 209715200
02-06-2024 20:49:36.689 INFO  DispatchStorageManagerInfo [22675 searchOrchestrator] - Successfully created new dispatch directory for search job. sid=5f33454c65568d3d_tmp dispatch_dir=/opt/splunk/var/run/splunk/dispatch/5f33454c65568d3d_tmp
02-06-2024 20:49:36.726 INFO  SearchProcessor [22675 searchOrchestrator] - Building search filter
02-06-2024 20:49:36.749 INFO  SearchEvaluatorBasedExpander [22675 searchOrchestrator] -  Performing lookup expansions
02-06-2024 20:49:36.749 INFO  SearchEvaluatorBasedExpander [22675 searchOrchestrator] -  Lookup expansion took 0 ms
02-06-2024 20:49:36.749 INFO  SearchEvaluatorBasedExpander [22675 searchOrchestrator] -  Performing calculated field expansions
02-06-2024 20:49:36.749 INFO  SearchEvaluatorBasedExpander [22675 searchOrchestrator] -  Calculated field expansion took 0 ms
02-06-2024 20:49:36.749 INFO  SearchEvaluatorBasedExpander [22675 searchOrchestrator] -  Performing field alias expansions
02-06-2024 20:49:36.749 INFO  SearchEvaluatorBasedExpander [22675 searchOrchestrator] -  field alias expansions took 0 ms
02-06-2024 20:49:36.749 INFO  SearchEvaluatorBasedExpander [22675 searchOrchestrator] -  Performing kvfield expansions
02-06-2024 20:49:36.749 INFO  SearchEvaluatorBasedExpander [22675 searchOrchestrator] -  kvfield expansions took 0 ms
02-06-2024 20:49:36.749 INFO  SearchEvaluatorBasedExpander [22675 searchOrchestrator] -  Performing indexed fields expansions
02-06-2024 20:49:36.749 INFO  SearchEvaluatorBasedExpander [22675 searchOrchestrator] -  indexed fields expansions took 0 ms
02-06-2024 20:49:36.749 INFO  SearchEvaluatorBasedExpander [22675 searchOrchestrator] -  Performing reverse sourcetype expansions
02-06-2024 20:49:36.749 INFO  SearchEvaluatorBasedExpander [22675 searchOrchestrator] -  sourcetype expansions took 0 ms
02-06-2024 20:49:36.749 INFO  UnifiedSearch [22675 searchOrchestrator] - Expanded index search = (earliest_time=-7d splunk_server="GOEL-Indexer3" index=_audit sid trigger_time action=alert_* (expiration>1707252576 OR NOT expiration=*))
02-06-2024 20:49:36.749 INFO  UnifiedSearch [22675 searchOrchestrator] - base lispy: [ AND index::_audit sid splunk_server::goel-indexer3 time trigger [ OR 7d earliest_time::-7d ] [ OR action::alert_* alert ] ]
02-06-2024 20:49:36.750 INFO  UnifiedSearch [22675 searchOrchestrator] - Processed search targeting arguments
02-06-2024 20:49:36.751 INFO  StatsProcessorV2 [22675 searchOrchestrator] - StatsV2 (stats) args: sum(deleted), AS, deleted, list(alert_actions), AS, alert_actions, list(severity), AS, severity, list(expiration), AS, expiration, list(ss_name), AS, ss_name, list(ss_app), AS, ss_app, list(ss_user), AS, ss_user, list(digest_mode), AS, digest_mode, list(triggered_alerts), AS, triggered_alerts, BY, sid, trigger_time
02-06-2024 20:49:36.751 INFO  StatsProcessorV2 [22675 searchOrchestrator] - StatsProcessorV2::processArguments: Unaligned accesses are free
02-06-2024 20:49:36.751 INFO  StatsAggregations [22675 searchOrchestrator] - Instantiating Stats function sum for key=deleted, alias=deleted
02-06-2024 20:49:36.751 INFO  StatsAggregations [22675 searchOrchestrator] - Instantiating Stats function list for key=alert_actions, alias=alert_actions
02-06-2024 20:49:36.751 INFO  StatsAggregations [22675 searchOrchestrator] - Instantiating Stats function list for key=severity, alias=severity
02-06-2024 20:49:36.751 INFO  StatsAggregations [22675 searchOrchestrator] - Instantiating Stats function list for key=expiration, alias=expiration
02-06-2024 20:49:36.751 INFO  StatsAggregations [22675 searchOrchestrator] - Instantiating Stats function list for key=ss_name, alias=ss_name
02-06-2024 20:49:36.751 INFO  StatsAggregations [22675 searchOrchestrator] - Instantiating Stats function list for key=ss_app, alias=ss_app
02-06-2024 20:49:36.751 INFO  StatsAggregations [22675 searchOrchestrator] - Instantiating Stats function list for key=ss_user, alias=ss_user
02-06-2024 20:49:36.751 INFO  StatsAggregations [22675 searchOrchestrator] - Instantiating Stats function list for key=digest_mode, alias=digest_mode
02-06-2024 20:49:36.751 INFO  StatsAggregations [22675 searchOrchestrator] - Instantiating Stats function list for key=triggered_alerts, alias=triggered_alerts
02-06-2024 20:49:36.751 INFO  StatsContext [22675 searchOrchestrator] - shouldFallbackToOldStats: _use_v2_level=USE_V2_ALL, fallback=false
02-06-2024 20:49:36.751 INFO  SearchParser [22675 searchOrchestrator] - PARSING: prestats list(alert_actions) list(digest_mode) list(expiration) list(severity) list(ss_app) list(ss_name) list(ss_user) list(triggered_alerts) sum(deleted) by sid trigger_time
02-06-2024 20:49:36.751 INFO  StatsContext [22675 searchOrchestrator] -  Setting chunk size min=65536 max=1048576 double_every=100
02-06-2024 20:49:36.751 INFO  StatsContext [22675 searchOrchestrator] -  Setting max memory usage to 209715200
02-06-2024 20:49:36.751 INFO  SearchParser [22675 searchOrchestrator] - PARSING: addinfo type=count label=prereport_events
02-06-2024 20:49:36.751 INFO  StatsProcessorV2 [22675 searchOrchestrator] - StatsV2 (stats) args: list(alert_actions), list(digest_mode), list(expiration), list(severity), list(ss_app), list(ss_name), list(ss_user), list(triggered_alerts), sum(deleted), by, sid, trigger_time
02-06-2024 20:49:36.751 INFO  StatsProcessorV2 [22675 searchOrchestrator] - StatsProcessorV2::processArguments: Unaligned accesses are free
02-06-2024 20:49:36.751 INFO  StatsAggregations [22675 searchOrchestrator] - Instantiating Stats function list for key=alert_actions, alias=list(alert_actions)
02-06-2024 20:49:36.751 INFO  StatsAggregations [22675 searchOrchestrator] - Instantiating Stats function list for key=digest_mode, alias=list(digest_mode)
02-06-2024 20:49:36.751 INFO  StatsAggregations [22675 searchOrchestrator] - Instantiating Stats function list for key=expiration, alias=list(expiration)
02-06-2024 20:49:36.751 INFO  StatsAggregations [22675 searchOrchestrator] - Instantiating Stats function list for key=severity, alias=list(severity)
02-06-2024 20:49:36.751 INFO  StatsAggregations [22675 searchOrchestrator] - Instantiating Stats function list for key=ss_app, alias=list(ss_app)
02-06-2024 20:49:36.751 INFO  StatsAggregations [22675 searchOrchestrator] - Instantiating Stats function list for key=ss_name, alias=list(ss_name)
02-06-2024 20:49:36.751 INFO  StatsAggregations [22675 searchOrchestrator] - Instantiating Stats function list for key=ss_user, alias=list(ss_user)
02-06-2024 20:49:36.751 INFO  StatsAggregations [22675 searchOrchestrator] - Instantiating Stats function list for key=triggered_alerts, alias=list(triggered_alerts)
02-06-2024 20:49:36.751 INFO  StatsAggregations [22675 searchOrchestrator] - Instantiating Stats function sum for key=deleted, alias=sum(deleted)
02-06-2024 20:49:36.751 INFO  StatsContext [22675 searchOrchestrator] - shouldFallbackToOldStats: _use_v2_level=USE_V2_ALL, fallback=false
02-06-2024 20:49:36.752 INFO  UnifiedSearch [22675 searchOrchestrator] - Processed search targeting arguments
02-06-2024 20:49:36.752 INFO  DispatchThread [22675 searchOrchestrator] - BatchMode: allowBatchMode: 1, conf(1): 1, timeline/Status buckets(0):0, realtime(0):0, report pipe empty(0):0, reqTimeOrder(0):0, summarize(0):0, statefulStreaming(0):0
02-06-2024 20:49:36.752 INFO  DispatchThread [22675 searchOrchestrator] - required fields list to add to remote search = alert_actions,deleted,digest_mode,expiration,prestats_reserved_*,psrsvd_*,severity,sid,ss_app,ss_name,ss_user,trigger_time,triggered_alerts
02-06-2024 20:49:36.752 INFO  SearchParser [22675 searchOrchestrator] - PARSING: fields keepcolorder=t "alert_actions" "deleted" "digest_mode" "expiration" "prestats_reserved_*" "psrsvd_*" "severity" "sid" "ss_app" "ss_name" "ss_user" "trigger_time" "triggered_alerts"
02-06-2024 20:49:36.752 INFO  DispatchCommandProcessor [22675 searchOrchestrator] - summaryHash=6561cb4c72c1ea92 summaryId=A4B2739E-EC56-4B6D-9A88-3AA302EAA608_search_nobody_6561cb4c72c1ea92 remoteSearch=litsearch (earliest_time=-7d splunk_server="GOEL-Indexer3" index=_audit sid trigger_time action=alert_* (expiration>1707252576 OR NOT expiration=*)) | rex  ",\s*ss_name=\"(?<ss_name>(?:[^\"]+|\"(?!,\s*sid=))*)\",\s*sid=\"" | rex  ",\s*sid=\"(?<sid>.*)\",\s+\w+_\w+="  | addinfo  type=count label=prereport_events | fields  keepcolorder=t "alert_actions" "deleted" "digest_mode" "expiration" "prestats_reserved_*" "psrsvd_*" "severity" "sid" "ss_app" "ss_name" "ss_user" "trigger_time" "triggered_alerts" | prestats  list(alert_actions) list(digest_mode) list(expiration) list(severity) list(ss_app) list(ss_name) list(ss_user) list(triggered_alerts) sum(deleted) by sid trigger_time
02-06-2024 20:49:36.752 INFO  DispatchCommandProcessor [22675 searchOrchestrator] - summaryHash=NS90c8e50613444c7c summaryId=A4B2739E-EC56-4B6D-9A88-3AA302EAA608_search_nobody_NS90c8e50613444c7c remoteSearch=litsearch (earliest_time=-7d splunk_server="GOEL-Indexer3" index=_audit sid trigger_time action=alert_* (expiration>1707252576 OR NOT expiration=*)) | rex ",\s*ss_name=\"(?<ss_name>(?:[^\"]+|\"(?!,\s*sid=))*)\",\s*sid=\"" | rex ",\s*sid=\"(?<sid>.*)\",\s+\w+_\w+=" | addinfo type=count label=prereport_events | fields keepcolorder=t "alert_actions" "deleted" "digest_mode" "expiration" "prestats_reserved_*" "psrsvd_*" "severity" "sid" "ss_app" "ss_name" "ss_user" "trigger_time" "triggered_alerts" | prestats list(alert_actions) list(digest_mode) list(expiration) list(severity) list(ss_app) list(ss_name) list(ss_user) list(triggered_alerts) sum(deleted) by sid trigger_time
02-06-2024 20:49:36.752 INFO  DispatchThread [22675 searchOrchestrator] - Getting summary ID for summaryHash=NS90c8e50613444c7c
02-06-2024 20:49:36.752 INFO  SearchParser [22675 searchOrchestrator] - PARSING: search earliest_time=-7d splunk_server=local index=_audit sid trigger_time action=alert_* (expiration>1707252576 OR NOT expiration=*) | rex ",\s*ss_name=\"(?<ss_name>(?:[^\"]+|\"(?!,\s*sid=))*)\",\s*sid=\""| rex ",\s*sid=\"(?<sid>.*)\",\s+\w+_\w+=" | stats sum(deleted) AS deleted,    list(alert_actions) AS alert_actions, list(severity) AS severity,   list(expiration) AS expiration    list(ss_name) AS ss_name,   list(ss_app) AS ss_app,           list(ss_user) AS ss_user   list(digest_mode) AS digest_mode, list(triggered_alerts) AS triggered_alerts  BY sid, trigger_time | search NOT deleted=* OR deleted=0 | fields - deleted 
02-06-2024 20:49:36.752 INFO  StatsContext [22675 searchOrchestrator] -  Setting chunk size min=65536 max=1048576 double_every=100
02-06-2024 20:49:36.752 INFO  StatsContext [22675 searchOrchestrator] -  Setting max memory usage to 209715200
02-06-2024 20:49:36.753 INFO  UnifiedSearch [22675 searchOrchestrator] - Processed search targeting arguments
02-06-2024 20:49:36.753 INFO  StatsProcessorV2 [22675 searchOrchestrator] - StatsV2 (stats) args: sum(deleted), AS, deleted, list(alert_actions), AS, alert_actions, list(severity), AS, severity, list(expiration), AS, expiration, list(ss_name), AS, ss_name, list(ss_app), AS, ss_app, list(ss_user), AS, ss_user, list(digest_mode), AS, digest_mode, list(triggered_alerts), AS, triggered_alerts, BY, sid, trigger_time
02-06-2024 20:49:36.753 INFO  StatsProcessorV2 [22675 searchOrchestrator] - StatsProcessorV2::processArguments: Unaligned accesses are free
02-06-2024 20:49:36.753 INFO  StatsAggregations [22675 searchOrchestrator] - Instantiating Stats function sum for key=deleted, alias=deleted
02-06-2024 20:49:36.753 INFO  StatsAggregations [22675 searchOrchestrator] - Instantiating Stats function list for key=alert_actions, alias=alert_actions
02-06-2024 20:49:36.753 INFO  StatsAggregations [22675 searchOrchestrator] - Instantiating Stats function list for key=severity, alias=severity
02-06-2024 20:49:36.753 INFO  StatsAggregations [22675 searchOrchestrator] - Instantiating Stats function list for key=expiration, alias=expiration
02-06-2024 20:49:36.753 INFO  StatsAggregations [22675 searchOrchestrator] - Instantiating Stats function list for key=ss_name, alias=ss_name
02-06-2024 20:49:36.753 INFO  StatsAggregations [22675 searchOrchestrator] - Instantiating Stats function list for key=ss_app, alias=ss_app
02-06-2024 20:49:36.753 INFO  StatsAggregations [22675 searchOrchestrator] - Instantiating Stats function list for key=ss_user, alias=ss_user
02-06-2024 20:49:36.753 INFO  StatsAggregations [22675 searchOrchestrator] - Instantiating Stats function list for key=digest_mode, alias=digest_mode
02-06-2024 20:49:36.753 INFO  StatsAggregations [22675 searchOrchestrator] - Instantiating Stats function list for key=triggered_alerts, alias=triggered_alerts
02-06-2024 20:49:36.753 INFO  StatsContext [22675 searchOrchestrator] - shouldFallbackToOldStats: _use_v2_level=USE_V2_ALL, fallback=false
02-06-2024 20:49:36.753 INFO  UnifiedSearch [22675 searchOrchestrator] - Processed search targeting arguments
02-06-2024 20:49:36.754 INFO  AstOptimizer [22675 searchOrchestrator] - SrchOptMetrics optimize_toJson=0.001152733
02-06-2024 20:49:36.754 INFO  SearchParser [22675 searchOrchestrator] - PARSING:  | fields - deleted
02-06-2024 20:49:36.754 INFO  SearchParser [22675 searchOrchestrator] - PARSING: | search (NOT deleted=* OR deleted=0)
02-06-2024 20:49:36.754 INFO  StatsContext [22675 searchOrchestrator] -  Setting chunk size min=65536 max=1048576 double_every=100
02-06-2024 20:49:36.754 INFO  StatsContext [22675 searchOrchestrator] -  Setting max memory usage to 209715200
02-06-2024 20:49:36.754 INFO  SearchParser [22675 searchOrchestrator] - PARSING: | stats sum(deleted) AS deleted,    list(alert_actions) AS alert_actions, list(severity) AS severity,   list(expiration) AS expiration    list(ss_name) AS ss_name,   list(ss_app) AS ss_app,           list(ss_user) AS ss_user   list(digest_mode) AS digest_mode, list(triggered_alerts) AS triggered_alerts  BY sid, trigger_time
02-06-2024 20:49:36.754 INFO  StatsContext [22675 searchOrchestrator] -  Setting chunk size min=65536 max=1048576 double_every=100
02-06-2024 20:49:36.754 INFO  StatsContext [22675 searchOrchestrator] -  Setting max memory usage to 209715200
02-06-2024 20:49:36.754 INFO  SearchParser [22675 searchOrchestrator] - PARSING:  | rex field=_raw ",\\s*sid=\"(?<sid>.*)\",\\s+\\w+_\\w+="
02-06-2024 20:49:36.754 INFO  SearchParser [22675 searchOrchestrator] - PARSING:  | rex field=_raw ",\\s*ss_name=\"(?<ss_name>(?:[^\"]+|\"(?!,\\s*sid=))*)\",\\s*sid=\""
02-06-2024 20:49:36.755 INFO  SearchParser [22675 searchOrchestrator] - PARSING: | search (earliest_time=-7d splunk_server=local index=_audit sid trigger_time action=alert_* (expiration>1707252576 OR NOT expiration=*))
02-06-2024 20:49:36.755 INFO  FederatedInfo [22675 searchOrchestrator] - No federated search providers defined.
02-06-2024 20:49:36.755 INFO  ProjElim [22675 searchOrchestrator] - Black listed processors=[addinfo]
02-06-2024 20:49:36.761 INFO  AstOptimizer [22675 searchOrchestrator] - SrchOptMetrics optimization=0.006980140
02-06-2024 20:49:36.761 INFO  StatsContext [22675 searchOrchestrator] -  Setting chunk size min=65536 max=1048576 double_every=100
02-06-2024 20:49:36.761 INFO  StatsContext [22675 searchOrchestrator] -  Setting max memory usage to 209715200
02-06-2024 20:49:36.761 INFO  SearchPhaseGenerator [22675 searchOrchestrator] - Optimized Search =| search (action=alert_* earliest_time=-7d index=_audit splunk_server=local (NOT expiration=* OR expiration>1707252576) sid trigger_time) | rex field=_raw ",\\s*ss_name=\"(?<ss_name>(?:[^\"]+|\"(?!,\\s*sid=))*)\",\\s*sid=\"" | rex field=_raw ",\\s*sid=\"(?<sid>.*)\",\\s+\\w+_\\w+=" | stats sum(deleted) AS deleted,    list(alert_actions) AS alert_actions, list(severity) AS severity,   list(expiration) AS expiration    list(ss_name) AS ss_name,   list(ss_app) AS ss_app,           list(ss_user) AS ss_user   list(digest_mode) AS digest_mode, list(triggered_alerts) AS triggered_alerts  BY sid, trigger_time| search (NOT deleted=* OR deleted=0) | fields - deleted
02-06-2024 20:49:36.761 INFO  ScopedTimer [22675 searchOrchestrator] - search.optimize 0.009003742
02-06-2024 20:49:36.761 INFO  FederatedProviderVisitor [22675 searchOrchestrator] - Federated Whole Search Remote Execution Enabled: false
02-06-2024 20:49:36.762 INFO  SearchPhaseGenerator [22675 searchOrchestrator] - Number of involved federated deployments is 0.
02-06-2024 20:49:36.762 INFO  ParallelReducePolicy [22675 searchOrchestrator] - Current Search Head doesn't have any usable peers to use.
02-06-2024 20:49:36.762 INFO  PhaseToPipelineVisitor [22675 searchOrchestrator] - Phase Search = | search (action=alert_* earliest_time=-7d index=_audit splunk_server=local (NOT expiration=* OR expiration>1707252576) sid trigger_time) | rex field=_raw ",\\s*ss_name=\"(?<ss_name>(?:[^\"]+|\"(?!,\\s*sid=))*)\",\\s*sid=\"" | rex field=_raw ",\\s*sid=\"(?<sid>.*)\",\\s+\\w+_\\w+="
02-06-2024 20:49:36.762 INFO  SearchParser [22675 searchOrchestrator] - PARSING: | search (action=alert_* earliest_time=-7d index=_audit splunk_server=local (NOT expiration=* OR expiration>1707252576) sid trigger_time) | rex field=_raw ",\\s*ss_name=\"(?<ss_name>(?:[^\"]+|\"(?!,\\s*sid=))*)\",\\s*sid=\"" | rex field=_raw ",\\s*sid=\"(?<sid>.*)\",\\s+\\w+_\\w+="
02-06-2024 20:49:36.768 INFO  SearchProcessor [22675 searchOrchestrator] - Building search filter
02-06-2024 20:49:36.776 INFO  SearchEvaluatorBasedExpander [22675 searchOrchestrator] -  Performing lookup expansions
02-06-2024 20:49:36.776 INFO  SearchEvaluatorBasedExpander [22675 searchOrchestrator] -  Lookup expansion took 0 ms
02-06-2024 20:49:36.776 INFO  SearchEvaluatorBasedExpander [22675 searchOrchestrator] -  Performing calculated field expansions
02-06-2024 20:49:36.776 INFO  SearchEvaluatorBasedExpander [22675 searchOrchestrator] -  Calculated field expansion took 0 ms
02-06-2024 20:49:36.776 INFO  SearchEvaluatorBasedExpander [22675 searchOrchestrator] -  Performing field alias expansions
02-06-2024 20:49:36.776 INFO  SearchEvaluatorBasedExpander [22675 searchOrchestrator] -  field alias expansions took 0 ms
02-06-2024 20:49:36.776 INFO  SearchEvaluatorBasedExpander [22675 searchOrchestrator] -  Performing kvfield expansions
02-06-2024 20:49:36.776 INFO  SearchEvaluatorBasedExpander [22675 searchOrchestrator] -  kvfield expansions took 0 ms
02-06-2024 20:49:36.776 INFO  SearchEvaluatorBasedExpander [22675 searchOrchestrator] -  Performing indexed fields expansions
02-06-2024 20:49:36.776 INFO  SearchEvaluatorBasedExpander [22675 searchOrchestrator] -  indexed fields expansions took 0 ms
02-06-2024 20:49:36.776 INFO  SearchEvaluatorBasedExpander [22675 searchOrchestrator] -  Performing reverse sourcetype expansions
02-06-2024 20:49:36.776 INFO  SearchEvaluatorBasedExpander [22675 searchOrchestrator] -  sourcetype expansions took 0 ms
02-06-2024 20:49:36.776 INFO  UnifiedSearch [22675 searchOrchestrator] - Expanded index search = (action=alert_* index=_audit splunk_server="GOEL-Indexer3" (NOT expiration=* OR expiration>1707252576) sid trigger_time _time>=1706647776.000)
02-06-2024 20:49:36.776 INFO  UnifiedSearch [22675 searchOrchestrator] - base lispy: [ AND index::_audit sid splunk_server::goel-indexer3 time trigger [ OR action::alert_* alert ] ]
02-06-2024 20:49:36.777 INFO  UnifiedSearch [22675 searchOrchestrator] - Processed search targeting arguments
02-06-2024 20:49:36.777 INFO  StatsContext [22675 searchOrchestrator] -  Setting chunk size min=65536 max=1048576 double_every=100
02-06-2024 20:49:36.777 INFO  StatsContext [22675 searchOrchestrator] -  Setting max memory usage to 209715200
02-06-2024 20:49:36.777 INFO  PhaseToPipelineVisitor [22675 searchOrchestrator] - Phase Search = | stats sum(deleted) AS deleted,    list(alert_actions) AS alert_actions, list(severity) AS severity,   list(expiration) AS expiration    list(ss_name) AS ss_name,   list(ss_app) AS ss_app,           list(ss_user) AS ss_user   list(digest_mode) AS digest_mode, list(triggered_alerts) AS triggered_alerts  BY sid, trigger_time| search (NOT deleted=* OR deleted=0) | fields - deleted
02-06-2024 20:49:36.777 INFO  SearchParser [22675 searchOrchestrator] - PARSING: | stats sum(deleted) AS deleted,    list(alert_actions) AS alert_actions, list(severity) AS severity,   list(expiration) AS expiration    list(ss_name) AS ss_name,   list(ss_app) AS ss_app,           list(ss_user) AS ss_user   list(digest_mode) AS digest_mode, list(triggered_alerts) AS triggered_alerts  BY sid, trigger_time| search (NOT deleted=* OR deleted=0) | fields - deleted
02-06-2024 20:49:36.777 INFO  StatsContext [22675 searchOrchestrator] -  Setting chunk size min=65536 max=1048576 double_every=100
02-06-2024 20:49:36.777 INFO  StatsContext [22675 searchOrchestrator] -  Setting max memory usage to 209715200
02-06-2024 20:49:36.777 INFO  StatsProcessorV2 [22675 searchOrchestrator] - StatsV2 (stats) args: sum(deleted), AS, deleted, list(alert_actions), AS, alert_actions, list(severity), AS, severity, list(expiration), AS, expiration, list(ss_name), AS, ss_name, list(ss_app), AS, ss_app, list(ss_user), AS, ss_user, list(digest_mode), AS, digest_mode, list(triggered_alerts), AS, triggered_alerts, BY, sid, trigger_time
02-06-2024 20:49:36.777 INFO  StatsProcessorV2 [22675 searchOrchestrator] - StatsProcessorV2::processArguments: Unaligned accesses are free
02-06-2024 20:49:36.777 INFO  StatsAggregations [22675 searchOrchestrator] - Instantiating Stats function sum for key=deleted, alias=deleted
02-06-2024 20:49:36.777 INFO  StatsAggregations [22675 searchOrchestrator] - Instantiating Stats function list for key=alert_actions, alias=alert_actions
02-06-2024 20:49:36.777 INFO  StatsAggregations [22675 searchOrchestrator] - Instantiating Stats function list for key=severity, alias=severity
02-06-2024 20:49:36.777 INFO  StatsAggregations [22675 searchOrchestrator] - Instantiating Stats function list for key=expiration, alias=expiration
02-06-2024 20:49:36.777 INFO  StatsAggregations [22675 searchOrchestrator] - Instantiating Stats function list for key=ss_name, alias=ss_name
02-06-2024 20:49:36.777 INFO  StatsAggregations [22675 searchOrchestrator] - Instantiating Stats function list for key=ss_app, alias=ss_app
02-06-2024 20:49:36.777 INFO  StatsAggregations [22675 searchOrchestrator] - Instantiating Stats function list for key=ss_user, alias=ss_user
02-06-2024 20:49:36.777 INFO  StatsAggregations [22675 searchOrchestrator] - Instantiating Stats function list for key=digest_mode, alias=digest_mode
02-06-2024 20:49:36.777 INFO  StatsAggregations [22675 searchOrchestrator] - Instantiating Stats function list for key=triggered_alerts, alias=triggered_alerts
02-06-2024 20:49:36.777 INFO  StatsContext [22675 searchOrchestrator] - shouldFallbackToOldStats: _use_v2_level=USE_V2_ALL, fallback=false
02-06-2024 20:49:36.778 INFO  UnifiedSearch [22675 searchOrchestrator] - Processed search targeting arguments
02-06-2024 20:49:36.778 INFO  SearchPipeline [22675 searchOrchestrator] - ReportSearch=1 AllowBatchMode=1
02-06-2024 20:49:36.778 INFO  SearchParser [22675 searchOrchestrator] - PARSING: addinfo type=count label=prereport_events track_fieldmeta_events=true
02-06-2024 20:49:36.778 INFO  SearchParser [22675 searchOrchestrator] - PARSING: prestats list(alert_actions) list(digest_mode) list(expiration) list(severity) list(ss_app) list(ss_name) list(ss_user) list(triggered_alerts) sum(deleted) by sid trigger_time
02-06-2024 20:49:36.778 INFO  StatsContext [22675 searchOrchestrator] -  Setting chunk size min=65536 max=1048576 double_every=100
02-06-2024 20:49:36.778 INFO  StatsContext [22675 searchOrchestrator] -  Setting max memory usage to 209715200
02-06-2024 20:49:36.778 INFO  StatsProcessorV2 [22675 searchOrchestrator] - StatsV2 (stats) args: list(alert_actions), list(digest_mode), list(expiration), list(severity), list(ss_app), list(ss_name), list(ss_user), list(triggered_alerts), sum(deleted), by, sid, trigger_time
02-06-2024 20:49:36.778 INFO  StatsProcessorV2 [22675 searchOrchestrator] - StatsProcessorV2::processArguments: Unaligned accesses are free
02-06-2024 20:49:36.778 INFO  StatsAggregations [22675 searchOrchestrator] - Instantiating Stats function list for key=alert_actions, alias=list(alert_actions)
02-06-2024 20:49:36.778 INFO  StatsAggregations [22675 searchOrchestrator] - Instantiating Stats function list for key=digest_mode, alias=list(digest_mode)
02-06-2024 20:49:36.778 INFO  StatsAggregations [22675 searchOrchestrator] - Instantiating Stats function list for key=expiration, alias=list(expiration)
02-06-2024 20:49:36.778 INFO  StatsAggregations [22675 searchOrchestrator] - Instantiating Stats function list for key=severity, alias=list(severity)
02-06-2024 20:49:36.778 INFO  StatsAggregations [22675 searchOrchestrator] - Instantiating Stats function list for key=ss_app, alias=list(ss_app)
02-06-2024 20:49:36.778 INFO  StatsAggregations [22675 searchOrchestrator] - Instantiating Stats function list for key=ss_name, alias=list(ss_name)
02-06-2024 20:49:36.778 INFO  StatsAggregations [22675 searchOrchestrator] - Instantiating Stats function list for key=ss_user, alias=list(ss_user)
02-06-2024 20:49:36.778 INFO  StatsAggregations [22675 searchOrchestrator] - Instantiating Stats function list for key=triggered_alerts, alias=list(triggered_alerts)
02-06-2024 20:49:36.778 INFO  StatsAggregations [22675 searchOrchestrator] - Instantiating Stats function sum for key=deleted, alias=sum(deleted)
02-06-2024 20:49:36.778 INFO  StatsContext [22675 searchOrchestrator] - shouldFallbackToOldStats: _use_v2_level=USE_V2_ALL, fallback=false
02-06-2024 20:49:36.778 INFO  SearchPhaseGenerator [22675 searchOrchestrator] - No need for RTWindowProcessor
02-06-2024 20:49:36.778 INFO  SearchPhaseGenerator [22675 searchOrchestrator] - Timeliner will not be executed
02-06-2024 20:49:36.778 INFO  SearchPhaseGenerator [22675 searchOrchestrator] - required fields list to add to different pipelines = alert_actions,deleted,digest_mode,expiration,prestats_reserved_*,psrsvd_*,severity,sid,ss_app,ss_name,ss_user,trigger_time,triggered_alerts
02-06-2024 20:49:36.778 INFO  SearchPhaseGenerator [22675 searchOrchestrator] - Remote Timeliner=
02-06-2024 20:49:36.778 INFO  SearchPhaseGenerator [22675 searchOrchestrator] - Fileds=fields keepcolorder=t "alert_actions" "deleted" "digest_mode" "expiration" "prestats_reserved_*" "psrsvd_*" "severity" "sid" "ss_app" "ss_name" "ss_user" "trigger_time" "triggered_alerts"
02-06-2024 20:49:36.778 INFO  SearchPhaseGenerator [22675 searchOrchestrator] - REMOTE TIMELINER ADDED
02-06-2024 20:49:36.778 INFO  SearchParser [22675 searchOrchestrator] - PARSING: fields keepcolorder=t "alert_actions" "deleted" "digest_mode" "expiration" "prestats_reserved_*" "psrsvd_*" "severity" "sid" "ss_app" "ss_name" "ss_user" "trigger_time" "triggered_alerts"
02-06-2024 20:49:36.778 INFO  SearchPhaseGenerator [22675 searchOrchestrator] - Adding noop to provide result collation at search head
02-06-2024 20:49:36.778 INFO  SearchParser [22675 searchOrchestrator] - PARSING: noop
02-06-2024 20:49:36.778 INFO  SearchPhaseGenerator [22675 searchOrchestrator] - Search Phases created.
02-06-2024 20:49:36.779 INFO  SearchOrchestrator [22675 searchOrchestrator] - Preview is not enabled. (preview_algorithm=NONE)
02-06-2024 20:49:36.781 INFO  UserManager [22675 searchOrchestrator] - Setting user context: splunk-system-user
02-06-2024 20:49:36.781 INFO  UserManager [22675 searchOrchestrator] - Done setting user context: splunk-system-user -> splunk-system-user
02-06-2024 20:49:36.781 INFO  UserManager [22675 searchOrchestrator] - Unwound user context: splunk-system-user -> splunk-system-user
02-06-2024 20:49:36.781 INFO  DistributedSearchResultCollectionManager [22675 searchOrchestrator] - Stream search: litsearch (action=alert_* index=_audit splunk_server="GOEL-Indexer3" (NOT expiration=* OR expiration>1707252576) sid trigger_time _time>=1706647776.000) | rex  field=_raw ",\\s*ss_name=\"(?<ss_name>(?:[^\"]+|\"(?!,\\s*sid=))*)\",\\s*sid=\""  | rex  field=_raw ",\\s*sid=\"(?<sid>.*)\",\\s+\\w+_\\w+=" | addinfo  type=count label=prereport_events track_fieldmeta_events=true | fields  keepcolorder=t "alert_actions" "deleted" "digest_mode" "expiration" "prestats_reserved_*" "psrsvd_*" "severity" "sid" "ss_app" "ss_name" "ss_user" "trigger_time" "triggered_alerts" | prestats  list(alert_actions) list(digest_mode) list(expiration) list(severity) list(ss_app) list(ss_name) list(ss_user) list(triggered_alerts) sum(deleted) by sid trigger_time
02-06-2024 20:49:36.781 INFO  ExternalResultProvider [22675 searchOrchestrator] - No external result providers are configured
02-06-2024 20:49:36.781 INFO  DistributedSearchResultCollectionManager [22675 searchOrchestrator] - ERP_FACTORY initialized, but zero external result provider, hence disabling _isERPCollectionEnabled
02-06-2024 20:49:36.781 INFO  DistributedSearchResultCollectionManager [22675 searchOrchestrator] - results_queue_read_timeout_sec=900.000 send_timeout=30.000 connect_timeout=10.000 receive_timeout=600.000
02-06-2024 20:49:36.781 INFO  DistributedSearchResultCollectionManager [22675 searchOrchestrator] - Default search group:*
02-06-2024 20:49:36.781 INFO  SearchTargeter [22675 searchOrchestrator] - Index list is not available for GOEL-Indexer3 targeting based on splunk_server and splunk_server_group only
02-06-2024 20:49:36.781 INFO  DistributedSearchResultCollectionManager [22675 searchOrchestrator] - Connecting to peer GOEL-Indexer3 connectAll 0 connectToSpecificPeer 1
02-06-2024 20:49:36.781 INFO  SearchPhaseGenerator [22675 searchOrchestrator] - Time spends on creating distributed search results infrastructure; dispatchcreatedSearchResultInfrastructure=0.001679646 seconds.
02-06-2024 20:49:36.781 INFO  UserManager [22681 SearchResultExecutorThread] - Setting user context: splunk-system-user
02-06-2024 20:49:36.781 INFO  UserManager [22681 SearchResultExecutorThread] - Done setting user context: NULL -> splunk-system-user
02-06-2024 20:49:36.781 INFO  SearchOrchestrator [22675 searchOrchestrator] - Starting the status control thread.
02-06-2024 20:49:36.781 INFO  SearchOrchestrator [22675 searchOrchestrator] - Starting phase=1
02-06-2024 20:49:36.781 INFO  UserManager [22677 StatusEnforcerThread] - Setting user context: splunk-system-user
02-06-2024 20:49:36.781 INFO  UserManager [22677 StatusEnforcerThread] - Done setting user context: NULL -> splunk-system-user
02-06-2024 20:49:36.781 INFO  SearchStatusEnforcer [22677 StatusEnforcerThread] - Enforcing disk quota = 10485760000
02-06-2024 20:49:36.781 INFO  UserManager [22680 SearchResultExecutorThread] - Setting user context: splunk-system-user
02-06-2024 20:49:36.781 INFO  UserManager [22680 SearchResultExecutorThread] - Done setting user context: NULL -> splunk-system-user
02-06-2024 20:49:36.781 INFO  UserManager [22686 localCollectorThread] - Setting user context: splunk-system-user
02-06-2024 20:49:36.781 INFO  UserManager [22686 localCollectorThread] - Done setting user context: NULL -> splunk-system-user
02-06-2024 20:49:36.781 INFO  UserManager [22682 SearchResultExecutorThread] - Setting user context: splunk-system-user
02-06-2024 20:49:36.781 INFO  UserManager [22682 SearchResultExecutorThread] - Done setting user context: NULL -> splunk-system-user
02-06-2024 20:49:36.781 INFO  SearchParser [22686 localCollectorThread] - PARSING: litsearch (action=alert_* index=_audit splunk_server="GOEL-Indexer3" (NOT expiration=* OR expiration>1707252576) sid trigger_time _time>=1706647776.000) | rex  field=_raw ",\\s*ss_name=\"(?<ss_name>(?:[^\"]+|\"(?!,\\s*sid=))*)\",\\s*sid=\""  | rex  field=_raw ",\\s*sid=\"(?<sid>.*)\",\\s+\\w+_\\w+=" | addinfo  type=count label=prereport_events track_fieldmeta_events=true | fields  keepcolorder=t "alert_actions" "deleted" "digest_mode" "expiration" "prestats_reserved_*" "psrsvd_*" "severity" "sid" "ss_app" "ss_name" "ss_user" "trigger_time" "triggered_alerts" | prestats  list(alert_actions) list(digest_mode) list(expiration) list(severity) list(ss_app) list(ss_name) list(ss_user) list(triggered_alerts) sum(deleted) by sid trigger_time
02-06-2024 20:49:36.781 INFO  UserManager [22685 phase_1] - Setting user context: splunk-system-user
02-06-2024 20:49:36.781 INFO  UserManager [22685 phase_1] - Done setting user context: NULL -> splunk-system-user
02-06-2024 20:49:36.781 INFO  ReducePhaseExecutor [22685 phase_1] - Starting phase_1
02-06-2024 20:49:36.781 INFO  StatsContext [22686 localCollectorThread] -  Setting chunk size min=65536 max=1048576 double_every=100
02-06-2024 20:49:36.781 INFO  StatsContext [22686 localCollectorThread] -  Setting max memory usage to 209715200
02-06-2024 20:49:36.782 INFO  UserManager [22683 SearchResultExecutorThread] - Setting user context: splunk-system-user
02-06-2024 20:49:36.782 INFO  UserManager [22683 SearchResultExecutorThread] - Done setting user context: NULL -> splunk-system-user
02-06-2024 20:49:36.784 INFO  UserManager [22684 SearchResultExecutorThread] - Setting user context: splunk-system-user
02-06-2024 20:49:36.784 INFO  UserManager [22684 SearchResultExecutorThread] - Done setting user context: NULL -> splunk-system-user
02-06-2024 20:49:36.791 INFO  SearchParser [22686 localCollectorThread] - PARSING: typer | tags
02-06-2024 20:49:36.797 INFO  FastTyper [22686 localCollectorThread] - found nodes count: comparisons=6, unique_comparisons=5, terms=4, unique_terms=4, phrases=12, unique_phrases=12, total leaves=22
02-06-2024 20:49:36.798 INFO  BatchSearch [22686 localCollectorThread] - Using Batch Search
02-06-2024 20:49:36.798 INFO  UserManager [22686 localCollectorThread] - Setting user context: splunk-system-user
02-06-2024 20:49:36.798 INFO  UserManager [22686 localCollectorThread] - Done setting user context: splunk-system-user -> splunk-system-user
02-06-2024 20:49:36.798 INFO  FastSearchFilter [22686 localCollectorThread] - Finished initializing IndexScopedFilter - trivial=0, nTerms=3, oTerms=0, host=0, source=0, sourcetype=0, linecount=0 exactCustomCmp=0
02-06-2024 20:49:36.798 INFO  UserManager [22686 localCollectorThread] - Unwound user context: splunk-system-user -> splunk-system-user
02-06-2024 20:49:36.798 INFO  BatchSearch [22686 localCollectorThread] -  BatchSearch is initialized for indexes = {_audit}, et = 1706647776.000000000, lt = 1707252576.791566000, index_et = -9223372036854775808.000000000, index_lt = 9223372036854775807.999999000, noRead = FALSE
02-06-2024 20:49:36.799 INFO  BatchSearch [22686 localCollectorThread] - Clearing any DDM references
02-06-2024 20:49:36.799 INFO  BatchSearch [22686 localCollectorThread] - index: _audit dbsize=32
02-06-2024 20:49:36.799 INFO  UnifiedSearch [22686 localCollectorThread] - Initialization of search data structures took 8 ms
02-06-2024 20:49:36.799 INFO  UnifiedSearch [22686 localCollectorThread] - Processed search targeting arguments
02-06-2024 20:49:36.799 INFO  StatsProcessorV2 [22686 localCollectorThread] - StatsV2 (stats) args: list(alert_actions), list(digest_mode), list(expiration), list(severity), list(ss_app), list(ss_name), list(ss_user), list(triggered_alerts), sum(deleted), by, sid, trigger_time
02-06-2024 20:49:36.799 INFO  StatsProcessorV2 [22686 localCollectorThread] - StatsProcessorV2::processArguments: Unaligned accesses are free
02-06-2024 20:49:36.799 INFO  StatsAggregations [22686 localCollectorThread] - Instantiating Stats function list for key=alert_actions, alias=list(alert_actions)
02-06-2024 20:49:36.799 INFO  StatsAggregations [22686 localCollectorThread] - Instantiating Stats function list for key=digest_mode, alias=list(digest_mode)
02-06-2024 20:49:36.799 INFO  StatsAggregations [22686 localCollectorThread] - Instantiating Stats function list for key=expiration, alias=list(expiration)
02-06-2024 20:49:36.799 INFO  StatsAggregations [22686 localCollectorThread] - Instantiating Stats function list for key=severity, alias=list(severity)
02-06-2024 20:49:36.799 INFO  StatsAggregations [22686 localCollectorThread] - Instantiating Stats function list for key=ss_app, alias=list(ss_app)
02-06-2024 20:49:36.799 INFO  StatsAggregations [22686 localCollectorThread] - Instantiating Stats function list for key=ss_name, alias=list(ss_name)
02-06-2024 20:49:36.799 INFO  StatsAggregations [22686 localCollectorThread] - Instantiating Stats function list for key=ss_user, alias=list(ss_user)
02-06-2024 20:49:36.799 INFO  StatsAggregations [22686 localCollectorThread] - Instantiating Stats function list for key=triggered_alerts, alias=list(triggered_alerts)
02-06-2024 20:49:36.799 INFO  StatsAggregations [22686 localCollectorThread] - Instantiating Stats function sum for key=deleted, alias=sum(deleted)
02-06-2024 20:49:36.799 INFO  StatsContext [22686 localCollectorThread] - shouldFallbackToOldStats: _use_v2_level=USE_V2_ALL, fallback=false
02-06-2024 20:49:36.804 INFO  LocalCollector [22686 localCollectorThread] - Final required fields list = Message,_raw,_subsecond,_time,action,alert_actions,deleted,digest_mode,expiration,index,prestats_reserved_*,psrsvd_*,severity,sid,splunk_server,ss_app,ss_name,ss_user,trigger_time,triggered_alerts
02-06-2024 20:49:36.804 INFO  UserManager [22686 localCollectorThread] - Unwound user context: splunk-system-user -> NULL
02-06-2024 20:49:36.804 INFO  UserManager [22686 localCollectorThread] - Setting user context: splunk-system-user
02-06-2024 20:49:36.804 INFO  UserManager [22686 localCollectorThread] - Done setting user context: NULL -> splunk-system-user
02-06-2024 20:49:36.804 INFO  BatchSearch [22686 localCollectorThread] - Searching index:_audit with LISPY:'[ AND sid time trigger [ OR action::alert_* alert ] ]'
02-06-2024 20:49:36.804 INFO  BatchSearch [22686 localCollectorThread] - Recategorizing _audit~12~A4B2739E-EC56-4B6D-9A88-3AA302EAA608 as non-restartable for responsiveness.
02-06-2024 20:49:36.827 INFO  BatchSearch [22686 localCollectorThread] - Setting up cache file for bkt=_audit~17~A7E1805D-45C6-44A6-8F41-DCD62F97B6BC
02-06-2024 20:49:36.827 INFO  BatchSearch [22686 localCollectorThread] - Setting up cache file for bkt=_audit~11~A4B2739E-EC56-4B6D-9A88-3AA302EAA608
02-06-2024 20:49:36.829 INFO  BatchSearch [22686 localCollectorThread] - Setting up cache file for bkt=_audit~16~A7E1805D-45C6-44A6-8F41-DCD62F97B6BC
02-06-2024 20:49:36.830 INFO  BatchSearch [22686 localCollectorThread] - Setting up cache file for bkt=_audit~15~A7E1805D-45C6-44A6-8F41-DCD62F97B6BC
02-06-2024 20:49:36.830 INFO  BatchSearch [22686 localCollectorThread] - Setting up cache file for bkt=_audit~16~A59E264B-EF37-4C05-A664-4B364D39C148
02-06-2024 20:49:36.830 INFO  BatchSearch [22686 localCollectorThread] - Setting up cache file for bkt=_audit~10~A4B2739E-EC56-4B6D-9A88-3AA302EAA608
02-06-2024 20:49:36.831 INFO  BatchSearch [22686 localCollectorThread] - Setting up cache file for bkt=_audit~15~A59E264B-EF37-4C05-A664-4B364D39C148
02-06-2024 20:49:36.833 INFO  BatchSearch [22686 localCollectorThread] - Setting up cache file for bkt=_audit~14~A59E264B-EF37-4C05-A664-4B364D39C148
02-06-2024 20:49:36.833 INFO  BatchSearch [22686 localCollectorThread] - Setting up cache file for bkt=_audit~9~A4B2739E-EC56-4B6D-9A88-3AA302EAA608
02-06-2024 20:49:36.834 INFO  BatchSearch [22686 localCollectorThread] - Setting up cache file for bkt=_audit~13~A59E264B-EF37-4C05-A664-4B364D39C148
02-06-2024 20:49:36.836 INFO  BatchSearch [22686 localCollectorThread] - Setting up cache file for bkt=_audit~12~A7E1805D-45C6-44A6-8F41-DCD62F97B6BC
02-06-2024 20:49:36.837 INFO  BatchSearch [22686 localCollectorThread] - Setting up cache file for bkt=_audit~12~A59E264B-EF37-4C05-A664-4B364D39C148
02-06-2024 20:49:36.837 INFO  BatchSearch [22686 localCollectorThread] - Setting up cache file for bkt=_audit~8~A4B2739E-EC56-4B6D-9A88-3AA302EAA608
02-06-2024 20:49:36.838 INFO  BatchSearch [22686 localCollectorThread] - Setting up cache file for bkt=_audit~11~A59E264B-EF37-4C05-A664-4B364D39C148
02-06-2024 20:49:36.839 INFO  BatchSearch [22686 localCollectorThread] - Setting up cache file for bkt=_audit~7~A4B2739E-EC56-4B6D-9A88-3AA302EAA608
02-06-2024 20:49:36.840 INFO  BatchSearch [22686 localCollectorThread] - Setting up cache file for bkt=_audit~7~A7E1805D-45C6-44A6-8F41-DCD62F97B6BC
02-06-2024 20:49:36.841 INFO  BatchSearch [22686 localCollectorThread] - Setting up cache file for bkt=_audit~6~A4B2739E-EC56-4B6D-9A88-3AA302EAA608
02-06-2024 20:49:36.842 INFO  BatchSearch [22686 localCollectorThread] - Setting up cache file for bkt=_audit~6~A7E1805D-45C6-44A6-8F41-DCD62F97B6BC
02-06-2024 20:49:36.843 INFO  BatchSearch [22686 localCollectorThread] - Setting up cache file for bkt=_audit~5~A4B2739E-EC56-4B6D-9A88-3AA302EAA608
02-06-2024 20:49:36.844 INFO  BatchSearch [22686 localCollectorThread] - Setting up cache file for bkt=_audit~8~A59E264B-EF37-4C05-A664-4B364D39C148
02-06-2024 20:49:36.845 INFO  BatchSearch [22686 localCollectorThread] - Setting up cache file for bkt=_audit~5~A7E1805D-45C6-44A6-8F41-DCD62F97B6BC
02-06-2024 20:49:36.846 INFO  BatchSearch [22686 localCollectorThread] - Setting up cache file for bkt=_audit~4~A4B2739E-EC56-4B6D-9A88-3AA302EAA608
02-06-2024 20:49:36.848 INFO  BatchSearch [22686 localCollectorThread] - Setting up cache file for bkt=_audit~3~A7E1805D-45C6-44A6-8F41-DCD62F97B6BC
02-06-2024 20:49:36.850 INFO  BatchSearch [22686 localCollectorThread] - Setting up cache file for bkt=_audit~3~A4B2739E-EC56-4B6D-9A88-3AA302EAA608
02-06-2024 20:49:36.850 INFO  BatchSearch [22686 localCollectorThread] - Setting up cache file for bkt=_audit~2~A7E1805D-45C6-44A6-8F41-DCD62F97B6BC
02-06-2024 20:49:36.852 INFO  BatchSearch [22686 localCollectorThread] - Setting up cache file for bkt=_audit~2~A4B2739E-EC56-4B6D-9A88-3AA302EAA608
02-06-2024 20:49:36.853 INFO  BatchSearch [22686 localCollectorThread] - Setting up cache file for bkt=_audit~5~A59E264B-EF37-4C05-A664-4B364D39C148
02-06-2024 20:49:36.854 INFO  BatchSearch [22686 localCollectorThread] - Setting up cache file for bkt=_audit~4~A59E264B-EF37-4C05-A664-4B364D39C148
02-06-2024 20:49:36.855 INFO  BatchSearch [22686 localCollectorThread] - Setting up cache file for bkt=_audit~1~A4B2739E-EC56-4B6D-9A88-3AA302EAA608
02-06-2024 20:49:36.857 INFO  BatchSearch [22686 localCollectorThread] - Setting up cache file for bkt=_audit~0~A4B2739E-EC56-4B6D-9A88-3AA302EAA608
02-06-2024 20:49:36.858 INFO  UserManager [22686 localCollectorThread] - Unwound user context: splunk-system-user -> NULL
02-06-2024 20:49:36.858 INFO  UserManager [22681 SearchResultExecutorThread] - Unwound user context: splunk-system-user -> NULL
02-06-2024 20:49:36.858 INFO  UserManager [22680 SearchResultExecutorThread] - Unwound user context: splunk-system-user -> NULL
02-06-2024 20:49:36.858 INFO  UserManager [22682 SearchResultExecutorThread] - Unwound user context: splunk-system-user -> NULL
02-06-2024 20:49:36.858 INFO  UserManager [22683 SearchResultExecutorThread] - Unwound user context: splunk-system-user -> NULL
02-06-2024 20:49:36.858 INFO  ResultsCollationProcessor [22685 phase_1] - Writing remote_event_providers.csv to disk
02-06-2024 20:49:36.858 INFO  UserManager [22684 SearchResultExecutorThread] - Unwound user context: splunk-system-user -> NULL
02-06-2024 20:49:36.860 INFO  ReducePhaseExecutor [22685 phase_1] - Not downloading remote search.log files. Reason: No remote event providers.
02-06-2024 20:49:36.860 INFO  ReducePhaseExecutor [22685 phase_1] - Not downloading remote search_telemetry.json files. Reason: No remote event providers.
02-06-2024 20:49:36.860 INFO  ReducePhaseExecutor [22685 phase_1] - Ending phase_1
02-06-2024 20:49:36.860 INFO  UserManager [22685 phase_1] - Unwound user context: splunk-system-user -> NULL
02-06-2024 20:49:36.863 INFO  UserManager [22677 StatusEnforcerThread] - Unwound user context: splunk-system-user -> NULL
02-06-2024 20:49:36.865 INFO  DispatchStorageManager [22675 searchOrchestrator] - Remote storage disabled for search artifacts.
02-06-2024 20:49:36.865 INFO  DispatchManager [22675 searchOrchestrator] - DispatchManager::dispatchHasFinished(id='alertsmanager_1707252576.1', username='splunk-system-user')
02-06-2024 20:49:36.865 INFO  UserManager [22675 searchOrchestrator] - Unwound user context: splunk-system-user -> NULL
02-06-2024 20:49:36.865 INFO  SearchOperator:kv [22668 RunDispatch] - Extractor stats: name=_autoKvStats, probes=2, total_time_ms=0, max_time_ms=0
02-06-2024 20:49:36.865 INFO  ISearchOperator [22668 RunDispatch] - 0x7f76058a7800 PREAD_HISTOGRAM: usec_1_8=1434 usec_8_64=2 usec_64_512=0 usec_512_4096=0 usec_4096_32768=0 usec_32768_262144=0 usec_262144_INF=0 
02-06-2024 20:49:36.866 INFO  SearchStatusEnforcer [22668 RunDispatch] - SearchStatusEnforcer is already terminated
02-06-2024 20:49:36.866 INFO  UserManager [22668 RunDispatch] - Unwound user context: splunk-system-user -> NULL
02-06-2024 20:49:36.866 INFO  LookupDataProvider [22668 RunDispatch] - Clearing out lookup shared provider map
02-06-2024 20:49:36.872 INFO  dispatchRunner [22168 MainThread] - RunDispatch is done: sid=alertsmanager_1707252576.1, exit=0
