02-06-2024 20:50:14.881 INFO  dispatchRunner [20006 MainThread] - Search process mode: preforked (first search in process) (build b985591d12fd).
02-06-2024 20:50:14.881 INFO  dispatchRunner [20006 MainThread] - initing LicenseMgr in search process: nonPro=0
02-06-2024 20:50:14.881 INFO  LMStackMgr [20006 MainThread] - Initializing CleMgr...
02-06-2024 20:50:14.881 INFO  LicenseMgr [20006 MainThread] - Initing LicenseMgr
02-06-2024 20:50:14.881 INFO  LMConfig [20006 MainThread] - serverName=GOEL-Indexer2 guid=A7E1805D-45C6-44A6-8F41-DCD62F97B6BC
02-06-2024 20:50:14.884 INFO  LMConfig [20006 MainThread] - connection_timeout=30
02-06-2024 20:50:14.884 INFO  LMConfig [20006 MainThread] - send_timeout=30
02-06-2024 20:50:14.884 INFO  LMConfig [20006 MainThread] - receive_timeout=30
02-06-2024 20:50:14.884 INFO  LMConfig [20006 MainThread] - key=license_warnings_update_interval not found in licenser stanza of server.conf, defaulting=0
02-06-2024 20:50:14.884 INFO  LMConfig [20006 MainThread] - squash_threshold=2000
02-06-2024 20:50:14.884 INFO  LMConfig [20006 MainThread] - strict_pool_quota=1
02-06-2024 20:50:14.884 INFO  LMConfig [20006 MainThread] - key=pool_suggestion not found in licenser stanza of server.conf, defaulting=''
02-06-2024 20:50:14.884 INFO  LMConfig [20006 MainThread] - key=test_aws_metering not found in licenser stanza of server.conf, defaulting=0
02-06-2024 20:50:14.884 INFO  LMConfig [20006 MainThread] - key=test_aws_product_code not found in licenser stanza of server.conf, defaulting=0
02-06-2024 20:50:14.884 INFO  LicenseMgr [20006 MainThread] - Initing LicenseMgr runContext_splunkd=false
02-06-2024 20:50:14.884 INFO  LMStackMgr [20006 MainThread] - closing stack mgr
02-06-2024 20:50:14.884 INFO  LMSlaveInfo [20006 MainThread] - all slaves cleared
02-06-2024 20:50:14.885 INFO  LMStackMgr [20006 MainThread] - partial init only since node has remote master=https://10.0.3.7:8089
02-06-2024 20:50:14.885 INFO  LicenseMgr [20006 MainThread] - StackMgr init complete...
02-06-2024 20:50:14.885 INFO  LMTracker [20006 MainThread] - Setting default product type='enterprise'
02-06-2024 20:50:14.885 INFO  LMTracker [20006 MainThread] - this is not splunkd, will perform partial init
02-06-2024 20:50:14.885 INFO  LicenseMgr [20006 MainThread] - Tracker init complete...
02-06-2024 20:50:14.908 INFO  AdminManagerDispatch [20006 MainThread] - added factory for admin handler: 'licenses'
02-06-2024 20:50:14.908 INFO  AdminManagerDispatch [20006 MainThread] - added factory for admin handler: 'pools'
02-06-2024 20:50:14.908 INFO  AdminManagerDispatch [20006 MainThread] - added factory for admin handler: 'stacks'
02-06-2024 20:50:14.908 INFO  AdminManagerDispatch [20006 MainThread] - added factory for admin handler: 'groups'
02-06-2024 20:50:14.908 INFO  AdminManagerDispatch [20006 MainThread] - added factory for admin handler: 'slaves'
02-06-2024 20:50:14.908 INFO  AdminManagerDispatch [20006 MainThread] - added factory for admin handler: 'peers'
02-06-2024 20:50:14.908 INFO  AdminManagerDispatch [20006 MainThread] - added factory for admin handler: 'localslave'
02-06-2024 20:50:14.908 INFO  AdminManagerDispatch [20006 MainThread] - added factory for admin handler: 'localpeer'
02-06-2024 20:50:14.908 INFO  AdminManagerDispatch [20006 MainThread] - added factory for admin handler: 'licensermessages'
02-06-2024 20:50:14.908 INFO  AdminManagerDispatch [20006 MainThread] - added factory for admin handler: 'scriptedwarning'
02-06-2024 20:50:14.908 INFO  AdminManagerDispatch [20006 MainThread] - added factory for admin handler: 'licenseusage'
02-06-2024 20:50:14.908 INFO  LicenseMgr [20006 MainThread] - Initing LicenseMgr
02-06-2024 20:50:14.908 INFO  LMConfig [20006 MainThread] - serverName=GOEL-Indexer2 guid=A7E1805D-45C6-44A6-8F41-DCD62F97B6BC
02-06-2024 20:50:14.908 INFO  LMConfig [20006 MainThread] - connection_timeout=30
02-06-2024 20:50:14.908 INFO  LMConfig [20006 MainThread] - send_timeout=30
02-06-2024 20:50:14.908 INFO  LMConfig [20006 MainThread] - receive_timeout=30
02-06-2024 20:50:14.908 INFO  LMConfig [20006 MainThread] - key=license_warnings_update_interval not found in licenser stanza of server.conf, defaulting=0
02-06-2024 20:50:14.908 INFO  LMConfig [20006 MainThread] - squash_threshold=2000
02-06-2024 20:50:14.908 INFO  LMConfig [20006 MainThread] - strict_pool_quota=1
02-06-2024 20:50:14.908 INFO  LMConfig [20006 MainThread] - key=pool_suggestion not found in licenser stanza of server.conf, defaulting=''
02-06-2024 20:50:14.908 INFO  LMConfig [20006 MainThread] - key=test_aws_metering not found in licenser stanza of server.conf, defaulting=0
02-06-2024 20:50:14.908 INFO  LMConfig [20006 MainThread] - key=test_aws_product_code not found in licenser stanza of server.conf, defaulting=0
02-06-2024 20:50:14.909 INFO  dispatchRunner [20006 MainThread] - registering build time modules, count=1
02-06-2024 20:50:14.909 INFO  dispatchRunner [20006 MainThread] - registering search time components of build time module name=vix
02-06-2024 20:50:14.909 INFO  dispatchRunner [20006 MainThread] - Getting search configuration data from: /opt/splunk/etc/modules/parsing/config.xml
02-06-2024 20:50:14.910 WARN  SSLOptions [20006 MainThread] - server.conf/[kvstore]/sslVerifyServerCert is false disabling certificate validation; must be set to "true" for increased security
02-06-2024 20:50:14.916 INFO  BundlesSetup [20006 MainThread] - Setup stats for /opt/splunk/etc: wallclock_elapsed_msec=17, cpu_time_used=0.0125273, shared_services_generation=2, shared_services_population=1
02-06-2024 20:50:14.946 INFO  UserManagerPro [20006 MainThread] - Load authentication: forcing roles="admin, power, splunk-system-role, user"
02-06-2024 20:50:14.946 INFO  PipelineComponent [20006 MainThread] - Ingestion pipeline sets have been configured to use pipeline set policy=round_robin for multiple pipeline sets.
02-06-2024 20:50:14.979 INFO  UserManager [20527 RunDispatch] - Setting user context: splunk-system-user
02-06-2024 20:50:14.979 INFO  UserManager [20527 RunDispatch] - Done setting user context: NULL -> splunk-system-user
02-06-2024 20:50:14.979 INFO  dispatchRunner [20527 RunDispatch] - search context: user="splunk-system-user", app="search", bs-pathname="/opt/splunk/etc"
02-06-2024 20:50:14.992 WARN  IndexConfig [20527 RunDispatch] - Max bucket size is larger than destination path size limit. Please check your index configuration. idx=infra; bucket size in (from maxDataSize) 750 MB, homePath.maxDataSizeMB=100,  coldPath.maxDataSizeMB=100
02-06-2024 20:50:14.992 WARN  IndexConfig [20527 RunDispatch] - Home path size limit cannot accomodate maximum number of hot buckets with specified bucket size because homePath.maxDataSizeMB is too small. Please check your index configuration: idx=infra maxDataSize=750 MB, homePath.maxDataSizeMB=100 MB
02-06-2024 20:50:14.992 WARN  IndexConfig [20527 RunDispatch] - Max bucket size is larger than destination path size limit. Please check your index configuration. idx=soc; bucket size in (from maxDataSize) 750 MB, homePath.maxDataSizeMB=100,  coldPath.maxDataSizeMB=100
02-06-2024 20:50:14.992 WARN  IndexConfig [20527 RunDispatch] - Home path size limit cannot accomodate maximum number of hot buckets with specified bucket size because homePath.maxDataSizeMB is too small. Please check your index configuration: idx=soc maxDataSize=750 MB, homePath.maxDataSizeMB=100 MB
02-06-2024 20:50:14.993 INFO  SearchParser [20527 RunDispatch] - PARSING: search earliest_time=-7d splunk_server=local index=_audit sid trigger_time action=alert_* (expiration>1707252614 OR NOT expiration=*) | rex ",\s*ss_name=\"(?<ss_name>(?:[^\"]+|\"(?!,\s*sid=))*)\",\s*sid=\""| rex ",\s*sid=\"(?<sid>.*)\",\s+\w+_\w+=" | stats sum(deleted) AS deleted,    list(alert_actions) AS alert_actions, list(severity) AS severity,   list(expiration) AS expiration    list(ss_name) AS ss_name,   list(ss_app) AS ss_app,           list(ss_user) AS ss_user   list(digest_mode) AS digest_mode, list(triggered_alerts) AS triggered_alerts  BY sid, trigger_time | search NOT deleted=* OR deleted=0 | fields - deleted 
02-06-2024 20:50:14.993 INFO  StatsContext [20527 RunDispatch] -  Setting chunk size min=65536 max=1048576 double_every=100
02-06-2024 20:50:14.993 INFO  StatsContext [20527 RunDispatch] -  Setting max memory usage to 209715200
02-06-2024 20:50:14.993 INFO  SearchParser [20527 RunDispatch] - PARSING: search earliest_time=-7d splunk_server=local index=_audit sid trigger_time action=alert_* (expiration>1707252614 OR NOT expiration=*) | rex ",\s*ss_name=\"(?<ss_name>(?:[^\"]+|\"(?!,\s*sid=))*)\",\s*sid=\""| rex ",\s*sid=\"(?<sid>.*)\",\s+\w+_\w+=" | stats sum(deleted) AS deleted,    list(alert_actions) AS alert_actions, list(severity) AS severity,   list(expiration) AS expiration    list(ss_name) AS ss_name,   list(ss_app) AS ss_app,           list(ss_user) AS ss_user   list(digest_mode) AS digest_mode, list(triggered_alerts) AS triggered_alerts  BY sid, trigger_time | search NOT deleted=* OR deleted=0 | fields - deleted 
02-06-2024 20:50:14.993 INFO  StatsContext [20527 RunDispatch] -  Setting chunk size min=65536 max=1048576 double_every=100
02-06-2024 20:50:14.993 INFO  StatsContext [20527 RunDispatch] -  Setting max memory usage to 209715200
02-06-2024 20:50:14.993 INFO  UserManager [20527 RunDispatch] - Setting user context: splunk-system-user
02-06-2024 20:50:14.993 INFO  UserManager [20527 RunDispatch] - Done setting user context: splunk-system-user -> splunk-system-user
02-06-2024 20:50:15.005 INFO  UserManager [20527 RunDispatch] - Unwound user context: splunk-system-user -> splunk-system-user
02-06-2024 20:50:15.005 INFO  DispatchCommandProcessor [20527 RunDispatch] - Search requires the following indexes="[_audit]"
02-06-2024 20:50:15.005 INFO  IndexReaderIf [20527 RunDispatch] - Loading Clustering bucket manifest file=/opt/splunk/var/run/splunk/cluster/search-buckets/search_sitedefault_gen0.csv.gz
02-06-2024 20:50:15.005 INFO  DatabaseDirectoryManager [20527 RunDispatch] - initDDMsFromSearchBucketManifest path=/opt/splunk/var/run/splunk/cluster/search-buckets/search_sitedefault_gen0.csv.gz, indexWhiteList_size=1
02-06-2024 20:50:15.006 INFO  CMBucketId [20527 RunDispatch] - CMIndexId: New indexName=_telemetry inserted, mapping to id=1
02-06-2024 20:50:15.006 INFO  CMBucketId [20527 RunDispatch] - CMIndexId: New indexName=_audit inserted, mapping to id=2
02-06-2024 20:50:15.006 INFO  CMBucketId [20527 RunDispatch] - CMIndexId: New indexName=_internal inserted, mapping to id=3
02-06-2024 20:50:15.006 INFO  dispatchRunner [20527 RunDispatch] - SearchHeadInitSearchMs=27
02-06-2024 20:50:15.006 INFO  dispatchRunner [20527 RunDispatch] - Executing the Search orchestrator and iterator model (dfs=false).
02-06-2024 20:50:15.006 INFO  SearchOrchestrator [20527 RunDispatch] - SearchOrchestrator getting constructed
02-06-2024 20:50:15.006 INFO  SearchOrchestrator [20527 RunDispatch] -  Initialized the SRI
02-06-2024 20:50:15.007 INFO  SearchFeatureFlags [20527 RunDispatch] - Initializing feature flags from config. feature_seed=2456414160
02-06-2024 20:50:15.007 INFO  SearchFeatureFlags [20527 RunDispatch] - Setting feature_flag=parallelreduce:enablePreview:true
02-06-2024 20:50:15.007 INFO  SearchFeatureFlags [20527 RunDispatch] - Setting feature_flag=search:search_retry:false
02-06-2024 20:50:15.007 INFO  SearchFeatureFlags [20527 RunDispatch] - Setting feature_flag=search:search_retry_realtime:false
02-06-2024 20:50:15.007 INFO  SearchFeatureFlags [20527 RunDispatch] - Setting feature_flag=parallelreduce:autoAppliedPercentage:false
02-06-2024 20:50:15.007 INFO  SearchFeatureFlags [20527 RunDispatch] - Setting feature_flag=subsearch:enableConcurrentPipelineProcessing:false
02-06-2024 20:50:15.007 INFO  SearchFeatureFlags [20527 RunDispatch] - Setting feature_flag=stats:allow_stats_v2:true
02-06-2024 20:50:15.007 INFO  SearchFeatureFlags [20527 RunDispatch] - Setting feature_flag=search_optimization::set_required_fields:stats:false
02-06-2024 20:50:15.007 INFO  SearchFeatureFlags [20527 RunDispatch] - Setting feature_flag=searchresults:srs2:false
02-06-2024 20:50:15.007 INFO  SearchFeatureFlags [20527 RunDispatch] - Setting feature_flag=search:read_final_results_from_timeliner:true
02-06-2024 20:50:15.007 INFO  SearchOrchestrator [20527 RunDispatch] - Search feature_flags={"v":1,"enabledFeatures":["parallelreduce:enablePreview","stats:allow_stats_v2","search:read_final_results_from_timeliner"],"disabledFeatures":["search:search_retry","search:search_retry_realtime","parallelreduce:autoAppliedPercentage","subsearch:enableConcurrentPipelineProcessing","search_optimization::set_required_fields:stats","searchresults:srs2"]}
02-06-2024 20:50:15.007 INFO  ISplunkDispatch [20527 RunDispatch] - Not running in splunkd. Bundle replication not triggered.
02-06-2024 20:50:15.027 INFO  SearchOrchestrator [20535 searchOrchestrator] - Initialzing the run time settings for the orchestrator.
02-06-2024 20:50:15.027 INFO  UserManager [20535 searchOrchestrator] - Setting user context: splunk-system-user
02-06-2024 20:50:15.027 INFO  UserManager [20535 searchOrchestrator] - Done setting user context: NULL -> splunk-system-user
02-06-2024 20:50:15.028 INFO  AdaptiveSearchEngineSelector [20535 searchOrchestrator] - Search execution_plan=classic
02-06-2024 20:50:15.028 INFO  SearchOrchestrator [20535 searchOrchestrator] - Creating the search DAG.
02-06-2024 20:50:15.028 INFO  SearchParser [20535 searchOrchestrator] - PARSING: search earliest_time=-7d splunk_server=local index=_audit sid trigger_time action=alert_* (expiration>1707252614 OR NOT expiration=*) | rex ",\s*ss_name=\"(?<ss_name>(?:[^\"]+|\"(?!,\s*sid=))*)\",\s*sid=\""| rex ",\s*sid=\"(?<sid>.*)\",\s+\w+_\w+=" | stats sum(deleted) AS deleted,    list(alert_actions) AS alert_actions, list(severity) AS severity,   list(expiration) AS expiration    list(ss_name) AS ss_name,   list(ss_app) AS ss_app,           list(ss_user) AS ss_user   list(digest_mode) AS digest_mode, list(triggered_alerts) AS triggered_alerts  BY sid, trigger_time | search NOT deleted=* OR deleted=0 | fields - deleted 
02-06-2024 20:50:15.028 INFO  StatsContext [20535 searchOrchestrator] -  Setting chunk size min=65536 max=1048576 double_every=100
02-06-2024 20:50:15.028 INFO  StatsContext [20535 searchOrchestrator] -  Setting max memory usage to 209715200
02-06-2024 20:50:15.029 INFO  DispatchStorageManagerInfo [20535 searchOrchestrator] - Successfully created new dispatch directory for search job. sid=e7235ef6a45ab08b_tmp dispatch_dir=/opt/splunk/var/run/splunk/dispatch/e7235ef6a45ab08b_tmp
02-06-2024 20:50:15.178 INFO  SearchProcessor [20535 searchOrchestrator] - Building search filter
02-06-2024 20:50:15.261 INFO  SearchEvaluatorBasedExpander [20535 searchOrchestrator] -  Performing lookup expansions
02-06-2024 20:50:15.261 INFO  SearchEvaluatorBasedExpander [20535 searchOrchestrator] -  Lookup expansion took 0 ms
02-06-2024 20:50:15.261 INFO  SearchEvaluatorBasedExpander [20535 searchOrchestrator] -  Performing calculated field expansions
02-06-2024 20:50:15.261 INFO  SearchEvaluatorBasedExpander [20535 searchOrchestrator] -  Calculated field expansion took 0 ms
02-06-2024 20:50:15.261 INFO  SearchEvaluatorBasedExpander [20535 searchOrchestrator] -  Performing field alias expansions
02-06-2024 20:50:15.261 INFO  SearchEvaluatorBasedExpander [20535 searchOrchestrator] -  field alias expansions took 0 ms
02-06-2024 20:50:15.261 INFO  SearchEvaluatorBasedExpander [20535 searchOrchestrator] -  Performing kvfield expansions
02-06-2024 20:50:15.262 INFO  SearchEvaluatorBasedExpander [20535 searchOrchestrator] -  kvfield expansions took 0 ms
02-06-2024 20:50:15.262 INFO  SearchEvaluatorBasedExpander [20535 searchOrchestrator] -  Performing indexed fields expansions
02-06-2024 20:50:15.262 INFO  SearchEvaluatorBasedExpander [20535 searchOrchestrator] -  indexed fields expansions took 0 ms
02-06-2024 20:50:15.262 INFO  SearchEvaluatorBasedExpander [20535 searchOrchestrator] -  Performing reverse sourcetype expansions
02-06-2024 20:50:15.262 INFO  SearchEvaluatorBasedExpander [20535 searchOrchestrator] -  sourcetype expansions took 0 ms
02-06-2024 20:50:15.262 INFO  UnifiedSearch [20535 searchOrchestrator] - Expanded index search = (earliest_time=-7d splunk_server="GOEL-Indexer2" index=_audit sid trigger_time action=alert_* (expiration>1707252614 OR NOT expiration=*))
02-06-2024 20:50:15.262 INFO  UnifiedSearch [20535 searchOrchestrator] - base lispy: [ AND index::_audit sid splunk_server::goel-indexer2 time trigger [ OR 7d earliest_time::-7d ] [ OR action::alert_* alert ] ]
02-06-2024 20:50:15.263 INFO  UnifiedSearch [20535 searchOrchestrator] - Processed search targeting arguments
02-06-2024 20:50:15.264 INFO  StatsProcessorV2 [20535 searchOrchestrator] - StatsV2 (stats) args: sum(deleted), AS, deleted, list(alert_actions), AS, alert_actions, list(severity), AS, severity, list(expiration), AS, expiration, list(ss_name), AS, ss_name, list(ss_app), AS, ss_app, list(ss_user), AS, ss_user, list(digest_mode), AS, digest_mode, list(triggered_alerts), AS, triggered_alerts, BY, sid, trigger_time
02-06-2024 20:50:15.264 INFO  StatsProcessorV2 [20535 searchOrchestrator] - StatsProcessorV2::processArguments: Unaligned accesses are free
02-06-2024 20:50:15.264 INFO  StatsAggregations [20535 searchOrchestrator] - Instantiating Stats function sum for key=deleted, alias=deleted
02-06-2024 20:50:15.264 INFO  StatsAggregations [20535 searchOrchestrator] - Instantiating Stats function list for key=alert_actions, alias=alert_actions
02-06-2024 20:50:15.264 INFO  StatsAggregations [20535 searchOrchestrator] - Instantiating Stats function list for key=severity, alias=severity
02-06-2024 20:50:15.264 INFO  StatsAggregations [20535 searchOrchestrator] - Instantiating Stats function list for key=expiration, alias=expiration
02-06-2024 20:50:15.264 INFO  StatsAggregations [20535 searchOrchestrator] - Instantiating Stats function list for key=ss_name, alias=ss_name
02-06-2024 20:50:15.264 INFO  StatsAggregations [20535 searchOrchestrator] - Instantiating Stats function list for key=ss_app, alias=ss_app
02-06-2024 20:50:15.264 INFO  StatsAggregations [20535 searchOrchestrator] - Instantiating Stats function list for key=ss_user, alias=ss_user
02-06-2024 20:50:15.264 INFO  StatsAggregations [20535 searchOrchestrator] - Instantiating Stats function list for key=digest_mode, alias=digest_mode
02-06-2024 20:50:15.264 INFO  StatsAggregations [20535 searchOrchestrator] - Instantiating Stats function list for key=triggered_alerts, alias=triggered_alerts
02-06-2024 20:50:15.264 INFO  StatsContext [20535 searchOrchestrator] - shouldFallbackToOldStats: _use_v2_level=USE_V2_ALL, fallback=false
02-06-2024 20:50:15.264 INFO  SearchParser [20535 searchOrchestrator] - PARSING: prestats list(alert_actions) list(digest_mode) list(expiration) list(severity) list(ss_app) list(ss_name) list(ss_user) list(triggered_alerts) sum(deleted) by sid trigger_time
02-06-2024 20:50:15.264 INFO  StatsContext [20535 searchOrchestrator] -  Setting chunk size min=65536 max=1048576 double_every=100
02-06-2024 20:50:15.264 INFO  StatsContext [20535 searchOrchestrator] -  Setting max memory usage to 209715200
02-06-2024 20:50:15.264 INFO  SearchParser [20535 searchOrchestrator] - PARSING: addinfo type=count label=prereport_events
02-06-2024 20:50:15.264 INFO  StatsProcessorV2 [20535 searchOrchestrator] - StatsV2 (stats) args: list(alert_actions), list(digest_mode), list(expiration), list(severity), list(ss_app), list(ss_name), list(ss_user), list(triggered_alerts), sum(deleted), by, sid, trigger_time
02-06-2024 20:50:15.264 INFO  StatsProcessorV2 [20535 searchOrchestrator] - StatsProcessorV2::processArguments: Unaligned accesses are free
02-06-2024 20:50:15.264 INFO  StatsAggregations [20535 searchOrchestrator] - Instantiating Stats function list for key=alert_actions, alias=list(alert_actions)
02-06-2024 20:50:15.264 INFO  StatsAggregations [20535 searchOrchestrator] - Instantiating Stats function list for key=digest_mode, alias=list(digest_mode)
02-06-2024 20:50:15.264 INFO  StatsAggregations [20535 searchOrchestrator] - Instantiating Stats function list for key=expiration, alias=list(expiration)
02-06-2024 20:50:15.264 INFO  StatsAggregations [20535 searchOrchestrator] - Instantiating Stats function list for key=severity, alias=list(severity)
02-06-2024 20:50:15.265 INFO  StatsAggregations [20535 searchOrchestrator] - Instantiating Stats function list for key=ss_app, alias=list(ss_app)
02-06-2024 20:50:15.265 INFO  StatsAggregations [20535 searchOrchestrator] - Instantiating Stats function list for key=ss_name, alias=list(ss_name)
02-06-2024 20:50:15.265 INFO  StatsAggregations [20535 searchOrchestrator] - Instantiating Stats function list for key=ss_user, alias=list(ss_user)
02-06-2024 20:50:15.265 INFO  StatsAggregations [20535 searchOrchestrator] - Instantiating Stats function list for key=triggered_alerts, alias=list(triggered_alerts)
02-06-2024 20:50:15.265 INFO  StatsAggregations [20535 searchOrchestrator] - Instantiating Stats function sum for key=deleted, alias=sum(deleted)
02-06-2024 20:50:15.265 INFO  StatsContext [20535 searchOrchestrator] - shouldFallbackToOldStats: _use_v2_level=USE_V2_ALL, fallback=false
02-06-2024 20:50:15.265 INFO  UnifiedSearch [20535 searchOrchestrator] - Processed search targeting arguments
02-06-2024 20:50:15.265 INFO  DispatchThread [20535 searchOrchestrator] - BatchMode: allowBatchMode: 1, conf(1): 1, timeline/Status buckets(0):0, realtime(0):0, report pipe empty(0):0, reqTimeOrder(0):0, summarize(0):0, statefulStreaming(0):0
02-06-2024 20:50:15.266 INFO  DispatchThread [20535 searchOrchestrator] - required fields list to add to remote search = alert_actions,deleted,digest_mode,expiration,prestats_reserved_*,psrsvd_*,severity,sid,ss_app,ss_name,ss_user,trigger_time,triggered_alerts
02-06-2024 20:50:15.266 INFO  SearchParser [20535 searchOrchestrator] - PARSING: fields keepcolorder=t "alert_actions" "deleted" "digest_mode" "expiration" "prestats_reserved_*" "psrsvd_*" "severity" "sid" "ss_app" "ss_name" "ss_user" "trigger_time" "triggered_alerts"
02-06-2024 20:50:15.266 INFO  DispatchCommandProcessor [20535 searchOrchestrator] - summaryHash=e165c5c001beb0ac summaryId=A7E1805D-45C6-44A6-8F41-DCD62F97B6BC_search_nobody_e165c5c001beb0ac remoteSearch=litsearch (earliest_time=-7d splunk_server="GOEL-Indexer2" index=_audit sid trigger_time action=alert_* (expiration>1707252614 OR NOT expiration=*)) | rex  ",\s*ss_name=\"(?<ss_name>(?:[^\"]+|\"(?!,\s*sid=))*)\",\s*sid=\"" | rex  ",\s*sid=\"(?<sid>.*)\",\s+\w+_\w+="  | addinfo  type=count label=prereport_events | fields  keepcolorder=t "alert_actions" "deleted" "digest_mode" "expiration" "prestats_reserved_*" "psrsvd_*" "severity" "sid" "ss_app" "ss_name" "ss_user" "trigger_time" "triggered_alerts" | prestats  list(alert_actions) list(digest_mode) list(expiration) list(severity) list(ss_app) list(ss_name) list(ss_user) list(triggered_alerts) sum(deleted) by sid trigger_time
02-06-2024 20:50:15.266 INFO  DispatchCommandProcessor [20535 searchOrchestrator] - summaryHash=NSe44b968f750c8288 summaryId=A7E1805D-45C6-44A6-8F41-DCD62F97B6BC_search_nobody_NSe44b968f750c8288 remoteSearch=litsearch (earliest_time=-7d splunk_server="GOEL-Indexer2" index=_audit sid trigger_time action=alert_* (expiration>1707252614 OR NOT expiration=*)) | rex ",\s*ss_name=\"(?<ss_name>(?:[^\"]+|\"(?!,\s*sid=))*)\",\s*sid=\"" | rex ",\s*sid=\"(?<sid>.*)\",\s+\w+_\w+=" | addinfo type=count label=prereport_events | fields keepcolorder=t "alert_actions" "deleted" "digest_mode" "expiration" "prestats_reserved_*" "psrsvd_*" "severity" "sid" "ss_app" "ss_name" "ss_user" "trigger_time" "triggered_alerts" | prestats list(alert_actions) list(digest_mode) list(expiration) list(severity) list(ss_app) list(ss_name) list(ss_user) list(triggered_alerts) sum(deleted) by sid trigger_time
02-06-2024 20:50:15.266 INFO  DispatchThread [20535 searchOrchestrator] - Getting summary ID for summaryHash=NSe44b968f750c8288
02-06-2024 20:50:15.266 INFO  SearchParser [20535 searchOrchestrator] - PARSING: search earliest_time=-7d splunk_server=local index=_audit sid trigger_time action=alert_* (expiration>1707252614 OR NOT expiration=*) | rex ",\s*ss_name=\"(?<ss_name>(?:[^\"]+|\"(?!,\s*sid=))*)\",\s*sid=\""| rex ",\s*sid=\"(?<sid>.*)\",\s+\w+_\w+=" | stats sum(deleted) AS deleted,    list(alert_actions) AS alert_actions, list(severity) AS severity,   list(expiration) AS expiration    list(ss_name) AS ss_name,   list(ss_app) AS ss_app,           list(ss_user) AS ss_user   list(digest_mode) AS digest_mode, list(triggered_alerts) AS triggered_alerts  BY sid, trigger_time | search NOT deleted=* OR deleted=0 | fields - deleted 
02-06-2024 20:50:15.267 INFO  StatsContext [20535 searchOrchestrator] -  Setting chunk size min=65536 max=1048576 double_every=100
02-06-2024 20:50:15.267 INFO  StatsContext [20535 searchOrchestrator] -  Setting max memory usage to 209715200
02-06-2024 20:50:15.267 INFO  UnifiedSearch [20535 searchOrchestrator] - Processed search targeting arguments
02-06-2024 20:50:15.267 INFO  StatsProcessorV2 [20535 searchOrchestrator] - StatsV2 (stats) args: sum(deleted), AS, deleted, list(alert_actions), AS, alert_actions, list(severity), AS, severity, list(expiration), AS, expiration, list(ss_name), AS, ss_name, list(ss_app), AS, ss_app, list(ss_user), AS, ss_user, list(digest_mode), AS, digest_mode, list(triggered_alerts), AS, triggered_alerts, BY, sid, trigger_time
02-06-2024 20:50:15.267 INFO  StatsProcessorV2 [20535 searchOrchestrator] - StatsProcessorV2::processArguments: Unaligned accesses are free
02-06-2024 20:50:15.267 INFO  StatsAggregations [20535 searchOrchestrator] - Instantiating Stats function sum for key=deleted, alias=deleted
02-06-2024 20:50:15.267 INFO  StatsAggregations [20535 searchOrchestrator] - Instantiating Stats function list for key=alert_actions, alias=alert_actions
02-06-2024 20:50:15.267 INFO  StatsAggregations [20535 searchOrchestrator] - Instantiating Stats function list for key=severity, alias=severity
02-06-2024 20:50:15.267 INFO  StatsAggregations [20535 searchOrchestrator] - Instantiating Stats function list for key=expiration, alias=expiration
02-06-2024 20:50:15.267 INFO  StatsAggregations [20535 searchOrchestrator] - Instantiating Stats function list for key=ss_name, alias=ss_name
02-06-2024 20:50:15.267 INFO  StatsAggregations [20535 searchOrchestrator] - Instantiating Stats function list for key=ss_app, alias=ss_app
02-06-2024 20:50:15.267 INFO  StatsAggregations [20535 searchOrchestrator] - Instantiating Stats function list for key=ss_user, alias=ss_user
02-06-2024 20:50:15.267 INFO  StatsAggregations [20535 searchOrchestrator] - Instantiating Stats function list for key=digest_mode, alias=digest_mode
02-06-2024 20:50:15.267 INFO  StatsAggregations [20535 searchOrchestrator] - Instantiating Stats function list for key=triggered_alerts, alias=triggered_alerts
02-06-2024 20:50:15.267 INFO  StatsContext [20535 searchOrchestrator] - shouldFallbackToOldStats: _use_v2_level=USE_V2_ALL, fallback=false
02-06-2024 20:50:15.267 INFO  UnifiedSearch [20535 searchOrchestrator] - Processed search targeting arguments
02-06-2024 20:50:15.268 INFO  AstOptimizer [20535 searchOrchestrator] - SrchOptMetrics optimize_toJson=0.001874114
02-06-2024 20:50:15.269 INFO  SearchParser [20535 searchOrchestrator] - PARSING:  | fields - deleted
02-06-2024 20:50:15.270 INFO  SearchParser [20535 searchOrchestrator] - PARSING: | search (NOT deleted=* OR deleted=0)
02-06-2024 20:50:15.270 INFO  StatsContext [20535 searchOrchestrator] -  Setting chunk size min=65536 max=1048576 double_every=100
02-06-2024 20:50:15.270 INFO  StatsContext [20535 searchOrchestrator] -  Setting max memory usage to 209715200
02-06-2024 20:50:15.270 INFO  SearchParser [20535 searchOrchestrator] - PARSING: | stats sum(deleted) AS deleted,    list(alert_actions) AS alert_actions, list(severity) AS severity,   list(expiration) AS expiration    list(ss_name) AS ss_name,   list(ss_app) AS ss_app,           list(ss_user) AS ss_user   list(digest_mode) AS digest_mode, list(triggered_alerts) AS triggered_alerts  BY sid, trigger_time
02-06-2024 20:50:15.270 INFO  StatsContext [20535 searchOrchestrator] -  Setting chunk size min=65536 max=1048576 double_every=100
02-06-2024 20:50:15.270 INFO  StatsContext [20535 searchOrchestrator] -  Setting max memory usage to 209715200
02-06-2024 20:50:15.270 INFO  SearchParser [20535 searchOrchestrator] - PARSING:  | rex field=_raw ",\\s*sid=\"(?<sid>.*)\",\\s+\\w+_\\w+="
02-06-2024 20:50:15.270 INFO  SearchParser [20535 searchOrchestrator] - PARSING:  | rex field=_raw ",\\s*ss_name=\"(?<ss_name>(?:[^\"]+|\"(?!,\\s*sid=))*)\",\\s*sid=\""
02-06-2024 20:50:15.270 INFO  SearchParser [20535 searchOrchestrator] - PARSING: | search (earliest_time=-7d splunk_server=local index=_audit sid trigger_time action=alert_* (expiration>1707252614 OR NOT expiration=*))
02-06-2024 20:50:15.270 INFO  FederatedInfo [20535 searchOrchestrator] - No federated search providers defined.
02-06-2024 20:50:15.271 INFO  ProjElim [20535 searchOrchestrator] - Black listed processors=[addinfo]
02-06-2024 20:50:15.280 INFO  AstOptimizer [20535 searchOrchestrator] - SrchOptMetrics optimization=0.010928164
02-06-2024 20:50:15.280 INFO  StatsContext [20535 searchOrchestrator] -  Setting chunk size min=65536 max=1048576 double_every=100
02-06-2024 20:50:15.280 INFO  StatsContext [20535 searchOrchestrator] -  Setting max memory usage to 209715200
02-06-2024 20:50:15.281 INFO  SearchPhaseGenerator [20535 searchOrchestrator] - Optimized Search =| search (action=alert_* earliest_time=-7d index=_audit splunk_server=local (NOT expiration=* OR expiration>1707252614) sid trigger_time) | rex field=_raw ",\\s*ss_name=\"(?<ss_name>(?:[^\"]+|\"(?!,\\s*sid=))*)\",\\s*sid=\"" | rex field=_raw ",\\s*sid=\"(?<sid>.*)\",\\s+\\w+_\\w+=" | stats sum(deleted) AS deleted,    list(alert_actions) AS alert_actions, list(severity) AS severity,   list(expiration) AS expiration    list(ss_name) AS ss_name,   list(ss_app) AS ss_app,           list(ss_user) AS ss_user   list(digest_mode) AS digest_mode, list(triggered_alerts) AS triggered_alerts  BY sid, trigger_time| search (NOT deleted=* OR deleted=0) | fields - deleted
02-06-2024 20:50:15.281 INFO  ScopedTimer [20535 searchOrchestrator] - search.optimize 0.014144757
02-06-2024 20:50:15.281 INFO  FederatedProviderVisitor [20535 searchOrchestrator] - Federated Whole Search Remote Execution Enabled: false
02-06-2024 20:50:15.282 INFO  SearchPhaseGenerator [20535 searchOrchestrator] - Number of involved federated deployments is 0.
02-06-2024 20:50:15.282 INFO  ParallelReducePolicy [20535 searchOrchestrator] - Current Search Head doesn't have any usable peers to use.
02-06-2024 20:50:15.282 INFO  PhaseToPipelineVisitor [20535 searchOrchestrator] - Phase Search = | search (action=alert_* earliest_time=-7d index=_audit splunk_server=local (NOT expiration=* OR expiration>1707252614) sid trigger_time) | rex field=_raw ",\\s*ss_name=\"(?<ss_name>(?:[^\"]+|\"(?!,\\s*sid=))*)\",\\s*sid=\"" | rex field=_raw ",\\s*sid=\"(?<sid>.*)\",\\s+\\w+_\\w+="
02-06-2024 20:50:15.282 INFO  SearchParser [20535 searchOrchestrator] - PARSING: | search (action=alert_* earliest_time=-7d index=_audit splunk_server=local (NOT expiration=* OR expiration>1707252614) sid trigger_time) | rex field=_raw ",\\s*ss_name=\"(?<ss_name>(?:[^\"]+|\"(?!,\\s*sid=))*)\",\\s*sid=\"" | rex field=_raw ",\\s*sid=\"(?<sid>.*)\",\\s+\\w+_\\w+="
02-06-2024 20:50:15.292 INFO  SearchProcessor [20535 searchOrchestrator] - Building search filter
02-06-2024 20:50:15.303 INFO  SearchEvaluatorBasedExpander [20535 searchOrchestrator] -  Performing lookup expansions
02-06-2024 20:50:15.303 INFO  SearchEvaluatorBasedExpander [20535 searchOrchestrator] -  Lookup expansion took 0 ms
02-06-2024 20:50:15.303 INFO  SearchEvaluatorBasedExpander [20535 searchOrchestrator] -  Performing calculated field expansions
02-06-2024 20:50:15.304 INFO  SearchEvaluatorBasedExpander [20535 searchOrchestrator] -  Calculated field expansion took 0 ms
02-06-2024 20:50:15.304 INFO  SearchEvaluatorBasedExpander [20535 searchOrchestrator] -  Performing field alias expansions
02-06-2024 20:50:15.304 INFO  SearchEvaluatorBasedExpander [20535 searchOrchestrator] -  field alias expansions took 0 ms
02-06-2024 20:50:15.304 INFO  SearchEvaluatorBasedExpander [20535 searchOrchestrator] -  Performing kvfield expansions
02-06-2024 20:50:15.304 INFO  SearchEvaluatorBasedExpander [20535 searchOrchestrator] -  kvfield expansions took 0 ms
02-06-2024 20:50:15.304 INFO  SearchEvaluatorBasedExpander [20535 searchOrchestrator] -  Performing indexed fields expansions
02-06-2024 20:50:15.304 INFO  SearchEvaluatorBasedExpander [20535 searchOrchestrator] -  indexed fields expansions took 0 ms
02-06-2024 20:50:15.304 INFO  SearchEvaluatorBasedExpander [20535 searchOrchestrator] -  Performing reverse sourcetype expansions
02-06-2024 20:50:15.304 INFO  SearchEvaluatorBasedExpander [20535 searchOrchestrator] -  sourcetype expansions took 0 ms
02-06-2024 20:50:15.304 INFO  UnifiedSearch [20535 searchOrchestrator] - Expanded index search = (action=alert_* index=_audit splunk_server="GOEL-Indexer2" (NOT expiration=* OR expiration>1707252614) sid trigger_time _time>=1706647814.000)
02-06-2024 20:50:15.304 INFO  UnifiedSearch [20535 searchOrchestrator] - base lispy: [ AND index::_audit sid splunk_server::goel-indexer2 time trigger [ OR action::alert_* alert ] ]
02-06-2024 20:50:15.305 INFO  UnifiedSearch [20535 searchOrchestrator] - Processed search targeting arguments
02-06-2024 20:50:15.305 INFO  StatsContext [20535 searchOrchestrator] -  Setting chunk size min=65536 max=1048576 double_every=100
02-06-2024 20:50:15.305 INFO  StatsContext [20535 searchOrchestrator] -  Setting max memory usage to 209715200
02-06-2024 20:50:15.306 INFO  PhaseToPipelineVisitor [20535 searchOrchestrator] - Phase Search = | stats sum(deleted) AS deleted,    list(alert_actions) AS alert_actions, list(severity) AS severity,   list(expiration) AS expiration    list(ss_name) AS ss_name,   list(ss_app) AS ss_app,           list(ss_user) AS ss_user   list(digest_mode) AS digest_mode, list(triggered_alerts) AS triggered_alerts  BY sid, trigger_time| search (NOT deleted=* OR deleted=0) | fields - deleted
02-06-2024 20:50:15.306 INFO  SearchParser [20535 searchOrchestrator] - PARSING: | stats sum(deleted) AS deleted,    list(alert_actions) AS alert_actions, list(severity) AS severity,   list(expiration) AS expiration    list(ss_name) AS ss_name,   list(ss_app) AS ss_app,           list(ss_user) AS ss_user   list(digest_mode) AS digest_mode, list(triggered_alerts) AS triggered_alerts  BY sid, trigger_time| search (NOT deleted=* OR deleted=0) | fields - deleted
02-06-2024 20:50:15.306 INFO  StatsContext [20535 searchOrchestrator] -  Setting chunk size min=65536 max=1048576 double_every=100
02-06-2024 20:50:15.306 INFO  StatsContext [20535 searchOrchestrator] -  Setting max memory usage to 209715200
02-06-2024 20:50:15.306 INFO  StatsProcessorV2 [20535 searchOrchestrator] - StatsV2 (stats) args: sum(deleted), AS, deleted, list(alert_actions), AS, alert_actions, list(severity), AS, severity, list(expiration), AS, expiration, list(ss_name), AS, ss_name, list(ss_app), AS, ss_app, list(ss_user), AS, ss_user, list(digest_mode), AS, digest_mode, list(triggered_alerts), AS, triggered_alerts, BY, sid, trigger_time
02-06-2024 20:50:15.306 INFO  StatsProcessorV2 [20535 searchOrchestrator] - StatsProcessorV2::processArguments: Unaligned accesses are free
02-06-2024 20:50:15.306 INFO  StatsAggregations [20535 searchOrchestrator] - Instantiating Stats function sum for key=deleted, alias=deleted
02-06-2024 20:50:15.306 INFO  StatsAggregations [20535 searchOrchestrator] - Instantiating Stats function list for key=alert_actions, alias=alert_actions
02-06-2024 20:50:15.306 INFO  StatsAggregations [20535 searchOrchestrator] - Instantiating Stats function list for key=severity, alias=severity
02-06-2024 20:50:15.306 INFO  StatsAggregations [20535 searchOrchestrator] - Instantiating Stats function list for key=expiration, alias=expiration
02-06-2024 20:50:15.306 INFO  StatsAggregations [20535 searchOrchestrator] - Instantiating Stats function list for key=ss_name, alias=ss_name
02-06-2024 20:50:15.306 INFO  StatsAggregations [20535 searchOrchestrator] - Instantiating Stats function list for key=ss_app, alias=ss_app
02-06-2024 20:50:15.306 INFO  StatsAggregations [20535 searchOrchestrator] - Instantiating Stats function list for key=ss_user, alias=ss_user
02-06-2024 20:50:15.306 INFO  StatsAggregations [20535 searchOrchestrator] - Instantiating Stats function list for key=digest_mode, alias=digest_mode
02-06-2024 20:50:15.306 INFO  StatsAggregations [20535 searchOrchestrator] - Instantiating Stats function list for key=triggered_alerts, alias=triggered_alerts
02-06-2024 20:50:15.306 INFO  StatsContext [20535 searchOrchestrator] - shouldFallbackToOldStats: _use_v2_level=USE_V2_ALL, fallback=false
02-06-2024 20:50:15.306 INFO  UnifiedSearch [20535 searchOrchestrator] - Processed search targeting arguments
02-06-2024 20:50:15.307 INFO  SearchPipeline [20535 searchOrchestrator] - ReportSearch=1 AllowBatchMode=1
02-06-2024 20:50:15.307 INFO  SearchParser [20535 searchOrchestrator] - PARSING: addinfo type=count label=prereport_events track_fieldmeta_events=true
02-06-2024 20:50:15.307 INFO  SearchParser [20535 searchOrchestrator] - PARSING: prestats list(alert_actions) list(digest_mode) list(expiration) list(severity) list(ss_app) list(ss_name) list(ss_user) list(triggered_alerts) sum(deleted) by sid trigger_time
02-06-2024 20:50:15.307 INFO  StatsContext [20535 searchOrchestrator] -  Setting chunk size min=65536 max=1048576 double_every=100
02-06-2024 20:50:15.307 INFO  StatsContext [20535 searchOrchestrator] -  Setting max memory usage to 209715200
02-06-2024 20:50:15.307 INFO  StatsProcessorV2 [20535 searchOrchestrator] - StatsV2 (stats) args: list(alert_actions), list(digest_mode), list(expiration), list(severity), list(ss_app), list(ss_name), list(ss_user), list(triggered_alerts), sum(deleted), by, sid, trigger_time
02-06-2024 20:50:15.307 INFO  StatsProcessorV2 [20535 searchOrchestrator] - StatsProcessorV2::processArguments: Unaligned accesses are free
02-06-2024 20:50:15.307 INFO  StatsAggregations [20535 searchOrchestrator] - Instantiating Stats function list for key=alert_actions, alias=list(alert_actions)
02-06-2024 20:50:15.307 INFO  StatsAggregations [20535 searchOrchestrator] - Instantiating Stats function list for key=digest_mode, alias=list(digest_mode)
02-06-2024 20:50:15.307 INFO  StatsAggregations [20535 searchOrchestrator] - Instantiating Stats function list for key=expiration, alias=list(expiration)
02-06-2024 20:50:15.307 INFO  StatsAggregations [20535 searchOrchestrator] - Instantiating Stats function list for key=severity, alias=list(severity)
02-06-2024 20:50:15.307 INFO  StatsAggregations [20535 searchOrchestrator] - Instantiating Stats function list for key=ss_app, alias=list(ss_app)
02-06-2024 20:50:15.307 INFO  StatsAggregations [20535 searchOrchestrator] - Instantiating Stats function list for key=ss_name, alias=list(ss_name)
02-06-2024 20:50:15.307 INFO  StatsAggregations [20535 searchOrchestrator] - Instantiating Stats function list for key=ss_user, alias=list(ss_user)
02-06-2024 20:50:15.307 INFO  StatsAggregations [20535 searchOrchestrator] - Instantiating Stats function list for key=triggered_alerts, alias=list(triggered_alerts)
02-06-2024 20:50:15.307 INFO  StatsAggregations [20535 searchOrchestrator] - Instantiating Stats function sum for key=deleted, alias=sum(deleted)
02-06-2024 20:50:15.307 INFO  StatsContext [20535 searchOrchestrator] - shouldFallbackToOldStats: _use_v2_level=USE_V2_ALL, fallback=false
02-06-2024 20:50:15.307 INFO  SearchPhaseGenerator [20535 searchOrchestrator] - No need for RTWindowProcessor
02-06-2024 20:50:15.307 INFO  SearchPhaseGenerator [20535 searchOrchestrator] - Timeliner will not be executed
02-06-2024 20:50:15.307 INFO  SearchPhaseGenerator [20535 searchOrchestrator] - required fields list to add to different pipelines = alert_actions,deleted,digest_mode,expiration,prestats_reserved_*,psrsvd_*,severity,sid,ss_app,ss_name,ss_user,trigger_time,triggered_alerts
02-06-2024 20:50:15.307 INFO  SearchPhaseGenerator [20535 searchOrchestrator] - Remote Timeliner=
02-06-2024 20:50:15.307 INFO  SearchPhaseGenerator [20535 searchOrchestrator] - Fileds=fields keepcolorder=t "alert_actions" "deleted" "digest_mode" "expiration" "prestats_reserved_*" "psrsvd_*" "severity" "sid" "ss_app" "ss_name" "ss_user" "trigger_time" "triggered_alerts"
02-06-2024 20:50:15.307 INFO  SearchPhaseGenerator [20535 searchOrchestrator] - REMOTE TIMELINER ADDED
02-06-2024 20:50:15.307 INFO  SearchParser [20535 searchOrchestrator] - PARSING: fields keepcolorder=t "alert_actions" "deleted" "digest_mode" "expiration" "prestats_reserved_*" "psrsvd_*" "severity" "sid" "ss_app" "ss_name" "ss_user" "trigger_time" "triggered_alerts"
02-06-2024 20:50:15.307 INFO  SearchPhaseGenerator [20535 searchOrchestrator] - Adding noop to provide result collation at search head
02-06-2024 20:50:15.307 INFO  SearchParser [20535 searchOrchestrator] - PARSING: noop
02-06-2024 20:50:15.307 INFO  SearchPhaseGenerator [20535 searchOrchestrator] - Search Phases created.
02-06-2024 20:50:15.309 INFO  SearchOrchestrator [20535 searchOrchestrator] - Preview is not enabled. (preview_algorithm=NONE)
02-06-2024 20:50:15.311 INFO  UserManager [20535 searchOrchestrator] - Setting user context: splunk-system-user
02-06-2024 20:50:15.311 INFO  UserManager [20535 searchOrchestrator] - Done setting user context: splunk-system-user -> splunk-system-user
02-06-2024 20:50:15.311 INFO  UserManager [20535 searchOrchestrator] - Unwound user context: splunk-system-user -> splunk-system-user
02-06-2024 20:50:15.311 INFO  DistributedSearchResultCollectionManager [20535 searchOrchestrator] - Stream search: litsearch (action=alert_* index=_audit splunk_server="GOEL-Indexer2" (NOT expiration=* OR expiration>1707252614) sid trigger_time _time>=1706647814.000) | rex  field=_raw ",\\s*ss_name=\"(?<ss_name>(?:[^\"]+|\"(?!,\\s*sid=))*)\",\\s*sid=\""  | rex  field=_raw ",\\s*sid=\"(?<sid>.*)\",\\s+\\w+_\\w+=" | addinfo  type=count label=prereport_events track_fieldmeta_events=true | fields  keepcolorder=t "alert_actions" "deleted" "digest_mode" "expiration" "prestats_reserved_*" "psrsvd_*" "severity" "sid" "ss_app" "ss_name" "ss_user" "trigger_time" "triggered_alerts" | prestats  list(alert_actions) list(digest_mode) list(expiration) list(severity) list(ss_app) list(ss_name) list(ss_user) list(triggered_alerts) sum(deleted) by sid trigger_time
02-06-2024 20:50:15.311 INFO  ExternalResultProvider [20535 searchOrchestrator] - No external result providers are configured
02-06-2024 20:50:15.311 INFO  DistributedSearchResultCollectionManager [20535 searchOrchestrator] - ERP_FACTORY initialized, but zero external result provider, hence disabling _isERPCollectionEnabled
02-06-2024 20:50:15.311 INFO  DistributedSearchResultCollectionManager [20535 searchOrchestrator] - results_queue_read_timeout_sec=900.000 send_timeout=30.000 connect_timeout=10.000 receive_timeout=600.000
02-06-2024 20:50:15.311 INFO  DistributedSearchResultCollectionManager [20535 searchOrchestrator] - Default search group:*
02-06-2024 20:50:15.311 INFO  SearchTargeter [20535 searchOrchestrator] - Index list is not available for GOEL-Indexer2 targeting based on splunk_server and splunk_server_group only
02-06-2024 20:50:15.311 INFO  DistributedSearchResultCollectionManager [20535 searchOrchestrator] - Connecting to peer GOEL-Indexer2 connectAll 0 connectToSpecificPeer 1
02-06-2024 20:50:15.311 INFO  SearchPhaseGenerator [20535 searchOrchestrator] - Time spends on creating distributed search results infrastructure; dispatchcreatedSearchResultInfrastructure=0.002409830 seconds.
02-06-2024 20:50:15.311 INFO  SearchOrchestrator [20535 searchOrchestrator] - Starting the status control thread.
02-06-2024 20:50:15.311 INFO  SearchOrchestrator [20535 searchOrchestrator] - Starting phase=1
02-06-2024 20:50:15.311 INFO  UserManager [20545 phase_1] - Setting user context: splunk-system-user
02-06-2024 20:50:15.311 INFO  UserManager [20545 phase_1] - Done setting user context: NULL -> splunk-system-user
02-06-2024 20:50:15.311 INFO  ReducePhaseExecutor [20545 phase_1] - Starting phase_1
02-06-2024 20:50:15.311 INFO  UserManager [20543 SearchResultExecutorThread] - Setting user context: splunk-system-user
02-06-2024 20:50:15.311 INFO  UserManager [20543 SearchResultExecutorThread] - Done setting user context: NULL -> splunk-system-user
02-06-2024 20:50:15.312 INFO  UserManager [20537 StatusEnforcerThread] - Setting user context: splunk-system-user
02-06-2024 20:50:15.312 INFO  UserManager [20537 StatusEnforcerThread] - Done setting user context: NULL -> splunk-system-user
02-06-2024 20:50:15.312 INFO  SearchStatusEnforcer [20537 StatusEnforcerThread] - Enforcing disk quota = 10485760000
02-06-2024 20:50:15.312 INFO  UserManager [20541 SearchResultExecutorThread] - Setting user context: splunk-system-user
02-06-2024 20:50:15.312 INFO  UserManager [20541 SearchResultExecutorThread] - Done setting user context: NULL -> splunk-system-user
02-06-2024 20:50:15.312 INFO  UserManager [20546 localCollectorThread] - Setting user context: splunk-system-user
02-06-2024 20:50:15.312 INFO  UserManager [20546 localCollectorThread] - Done setting user context: NULL -> splunk-system-user
02-06-2024 20:50:15.312 INFO  SearchParser [20546 localCollectorThread] - PARSING: litsearch (action=alert_* index=_audit splunk_server="GOEL-Indexer2" (NOT expiration=* OR expiration>1707252614) sid trigger_time _time>=1706647814.000) | rex  field=_raw ",\\s*ss_name=\"(?<ss_name>(?:[^\"]+|\"(?!,\\s*sid=))*)\",\\s*sid=\""  | rex  field=_raw ",\\s*sid=\"(?<sid>.*)\",\\s+\\w+_\\w+=" | addinfo  type=count label=prereport_events track_fieldmeta_events=true | fields  keepcolorder=t "alert_actions" "deleted" "digest_mode" "expiration" "prestats_reserved_*" "psrsvd_*" "severity" "sid" "ss_app" "ss_name" "ss_user" "trigger_time" "triggered_alerts" | prestats  list(alert_actions) list(digest_mode) list(expiration) list(severity) list(ss_app) list(ss_name) list(ss_user) list(triggered_alerts) sum(deleted) by sid trigger_time
02-06-2024 20:50:15.312 INFO  StatsContext [20546 localCollectorThread] -  Setting chunk size min=65536 max=1048576 double_every=100
02-06-2024 20:50:15.312 INFO  StatsContext [20546 localCollectorThread] -  Setting max memory usage to 209715200
02-06-2024 20:50:15.314 INFO  UserManager [20544 SearchResultExecutorThread] - Setting user context: splunk-system-user
02-06-2024 20:50:15.314 INFO  UserManager [20544 SearchResultExecutorThread] - Done setting user context: NULL -> splunk-system-user
02-06-2024 20:50:15.314 INFO  UserManager [20542 SearchResultExecutorThread] - Setting user context: splunk-system-user
02-06-2024 20:50:15.314 INFO  UserManager [20542 SearchResultExecutorThread] - Done setting user context: NULL -> splunk-system-user
02-06-2024 20:50:15.316 INFO  UserManager [20540 SearchResultExecutorThread] - Setting user context: splunk-system-user
02-06-2024 20:50:15.316 INFO  UserManager [20540 SearchResultExecutorThread] - Done setting user context: NULL -> splunk-system-user
02-06-2024 20:50:15.328 INFO  SearchParser [20546 localCollectorThread] - PARSING: typer | tags
02-06-2024 20:50:15.337 INFO  FastTyper [20546 localCollectorThread] - found nodes count: comparisons=6, unique_comparisons=5, terms=4, unique_terms=4, phrases=12, unique_phrases=12, total leaves=22
02-06-2024 20:50:15.339 INFO  BatchSearch [20546 localCollectorThread] - Using Batch Search
02-06-2024 20:50:15.340 INFO  UserManager [20546 localCollectorThread] - Setting user context: splunk-system-user
02-06-2024 20:50:15.340 INFO  UserManager [20546 localCollectorThread] - Done setting user context: splunk-system-user -> splunk-system-user
02-06-2024 20:50:15.340 INFO  FastSearchFilter [20546 localCollectorThread] - Finished initializing IndexScopedFilter - trivial=0, nTerms=3, oTerms=0, host=0, source=0, sourcetype=0, linecount=0 exactCustomCmp=0
02-06-2024 20:50:15.340 INFO  UserManager [20546 localCollectorThread] - Unwound user context: splunk-system-user -> splunk-system-user
02-06-2024 20:50:15.340 INFO  BatchSearch [20546 localCollectorThread] -  BatchSearch is initialized for indexes = {_audit}, et = 1706647814.000000000, lt = 1707252615.328003000, index_et = -9223372036854775808.000000000, index_lt = 9223372036854775807.999999000, noRead = FALSE
02-06-2024 20:50:15.340 INFO  BatchSearch [20546 localCollectorThread] - Clearing any DDM references
02-06-2024 20:50:15.340 INFO  BatchSearch [20546 localCollectorThread] - index: _audit dbsize=35
02-06-2024 20:50:15.340 INFO  UnifiedSearch [20546 localCollectorThread] - Initialization of search data structures took 13 ms
02-06-2024 20:50:15.341 INFO  UnifiedSearch [20546 localCollectorThread] - Processed search targeting arguments
02-06-2024 20:50:15.341 INFO  StatsProcessorV2 [20546 localCollectorThread] - StatsV2 (stats) args: list(alert_actions), list(digest_mode), list(expiration), list(severity), list(ss_app), list(ss_name), list(ss_user), list(triggered_alerts), sum(deleted), by, sid, trigger_time
02-06-2024 20:50:15.341 INFO  StatsProcessorV2 [20546 localCollectorThread] - StatsProcessorV2::processArguments: Unaligned accesses are free
02-06-2024 20:50:15.341 INFO  StatsAggregations [20546 localCollectorThread] - Instantiating Stats function list for key=alert_actions, alias=list(alert_actions)
02-06-2024 20:50:15.341 INFO  StatsAggregations [20546 localCollectorThread] - Instantiating Stats function list for key=digest_mode, alias=list(digest_mode)
02-06-2024 20:50:15.341 INFO  StatsAggregations [20546 localCollectorThread] - Instantiating Stats function list for key=expiration, alias=list(expiration)
02-06-2024 20:50:15.341 INFO  StatsAggregations [20546 localCollectorThread] - Instantiating Stats function list for key=severity, alias=list(severity)
02-06-2024 20:50:15.341 INFO  StatsAggregations [20546 localCollectorThread] - Instantiating Stats function list for key=ss_app, alias=list(ss_app)
02-06-2024 20:50:15.341 INFO  StatsAggregations [20546 localCollectorThread] - Instantiating Stats function list for key=ss_name, alias=list(ss_name)
02-06-2024 20:50:15.341 INFO  StatsAggregations [20546 localCollectorThread] - Instantiating Stats function list for key=ss_user, alias=list(ss_user)
02-06-2024 20:50:15.341 INFO  StatsAggregations [20546 localCollectorThread] - Instantiating Stats function list for key=triggered_alerts, alias=list(triggered_alerts)
02-06-2024 20:50:15.341 INFO  StatsAggregations [20546 localCollectorThread] - Instantiating Stats function sum for key=deleted, alias=sum(deleted)
02-06-2024 20:50:15.341 INFO  StatsContext [20546 localCollectorThread] - shouldFallbackToOldStats: _use_v2_level=USE_V2_ALL, fallback=false
02-06-2024 20:50:15.348 INFO  LocalCollector [20546 localCollectorThread] - Final required fields list = Message,_raw,_subsecond,_time,action,alert_actions,deleted,digest_mode,expiration,index,prestats_reserved_*,psrsvd_*,severity,sid,splunk_server,ss_app,ss_name,ss_user,trigger_time,triggered_alerts
02-06-2024 20:50:15.348 INFO  UserManager [20546 localCollectorThread] - Unwound user context: splunk-system-user -> NULL
02-06-2024 20:50:15.348 INFO  UserManager [20546 localCollectorThread] - Setting user context: splunk-system-user
02-06-2024 20:50:15.348 INFO  UserManager [20546 localCollectorThread] - Done setting user context: NULL -> splunk-system-user
02-06-2024 20:50:15.349 INFO  BatchSearch [20546 localCollectorThread] - Searching index:_audit with LISPY:'[ AND sid time trigger [ OR action::alert_* alert ] ]'
02-06-2024 20:50:15.349 INFO  BatchSearch [20546 localCollectorThread] - Recategorizing _audit~19~A7E1805D-45C6-44A6-8F41-DCD62F97B6BC as non-restartable for responsiveness.
02-06-2024 20:50:15.349 INFO  BatchSearch [20546 localCollectorThread] - Recategorizing _audit~18~A59E264B-EF37-4C05-A664-4B364D39C148 as non-restartable for responsiveness.
02-06-2024 20:50:15.384 INFO  BatchSearch [20546 localCollectorThread] - Setting up cache file for bkt=_audit~18~A7E1805D-45C6-44A6-8F41-DCD62F97B6BC
02-06-2024 20:50:15.390 INFO  BatchSearch [20546 localCollectorThread] - Setting up cache file for bkt=_audit~17~A7E1805D-45C6-44A6-8F41-DCD62F97B6BC
02-06-2024 20:50:15.390 INFO  BatchSearch [20546 localCollectorThread] - Setting up cache file for bkt=_audit~17~A59E264B-EF37-4C05-A664-4B364D39C148
02-06-2024 20:50:15.399 INFO  BatchSearch [20546 localCollectorThread] - Setting up cache file for bkt=_audit~11~A4B2739E-EC56-4B6D-9A88-3AA302EAA608
02-06-2024 20:50:15.404 INFO  BatchSearch [20546 localCollectorThread] - Setting up cache file for bkt=_audit~16~A7E1805D-45C6-44A6-8F41-DCD62F97B6BC
02-06-2024 20:50:15.408 INFO  BatchSearch [20546 localCollectorThread] - Setting up cache file for bkt=_audit~15~A7E1805D-45C6-44A6-8F41-DCD62F97B6BC
02-06-2024 20:50:15.408 INFO  BatchSearch [20546 localCollectorThread] - Setting up cache file for bkt=_audit~14~A7E1805D-45C6-44A6-8F41-DCD62F97B6BC
02-06-2024 20:50:15.417 INFO  BatchSearch [20546 localCollectorThread] - Setting up cache file for bkt=_audit~13~A7E1805D-45C6-44A6-8F41-DCD62F97B6BC
02-06-2024 20:50:15.417 INFO  BatchSearch [20546 localCollectorThread] - Setting up cache file for bkt=_audit~12~A7E1805D-45C6-44A6-8F41-DCD62F97B6BC
02-06-2024 20:50:15.427 INFO  BatchSearch [20546 localCollectorThread] - Setting up cache file for bkt=_audit~11~A7E1805D-45C6-44A6-8F41-DCD62F97B6BC
02-06-2024 20:50:15.427 INFO  BatchSearch [20546 localCollectorThread] - Setting up cache file for bkt=_audit~10~A7E1805D-45C6-44A6-8F41-DCD62F97B6BC
02-06-2024 20:50:15.435 INFO  BatchSearch [20546 localCollectorThread] - Setting up cache file for bkt=_audit~9~A7E1805D-45C6-44A6-8F41-DCD62F97B6BC
02-06-2024 20:50:15.435 INFO  BatchSearch [20546 localCollectorThread] - Setting up cache file for bkt=_audit~10~A59E264B-EF37-4C05-A664-4B364D39C148
02-06-2024 20:50:15.447 INFO  BatchSearch [20546 localCollectorThread] - Setting up cache file for bkt=_audit~8~A7E1805D-45C6-44A6-8F41-DCD62F97B6BC
02-06-2024 20:50:15.456 INFO  BatchSearch [20546 localCollectorThread] - Setting up cache file for bkt=_audit~7~A4B2739E-EC56-4B6D-9A88-3AA302EAA608
02-06-2024 20:50:15.459 INFO  BatchSearch [20546 localCollectorThread] - Setting up cache file for bkt=_audit~7~A7E1805D-45C6-44A6-8F41-DCD62F97B6BC
02-06-2024 20:50:15.460 INFO  BatchSearch [20546 localCollectorThread] - Setting up cache file for bkt=_audit~9~A59E264B-EF37-4C05-A664-4B364D39C148
02-06-2024 20:50:15.463 INFO  BatchSearch [20546 localCollectorThread] - Setting up cache file for bkt=_audit~6~A4B2739E-EC56-4B6D-9A88-3AA302EAA608
02-06-2024 20:50:15.468 INFO  BatchSearch [20546 localCollectorThread] - Setting up cache file for bkt=_audit~6~A7E1805D-45C6-44A6-8F41-DCD62F97B6BC
02-06-2024 20:50:15.475 INFO  BatchSearch [20546 localCollectorThread] - Setting up cache file for bkt=_audit~5~A7E1805D-45C6-44A6-8F41-DCD62F97B6BC
02-06-2024 20:50:15.487 INFO  BatchSearch [20546 localCollectorThread] - Setting up cache file for bkt=_audit~4~A7E1805D-45C6-44A6-8F41-DCD62F97B6BC
02-06-2024 20:50:15.495 INFO  BatchSearch [20546 localCollectorThread] - Setting up cache file for bkt=_audit~7~A59E264B-EF37-4C05-A664-4B364D39C148
02-06-2024 20:50:15.497 INFO  BatchSearch [20546 localCollectorThread] - Setting up cache file for bkt=_audit~6~A59E264B-EF37-4C05-A664-4B364D39C148
02-06-2024 20:50:15.500 INFO  BatchSearch [20546 localCollectorThread] - Setting up cache file for bkt=_audit~3~A7E1805D-45C6-44A6-8F41-DCD62F97B6BC
02-06-2024 20:50:15.504 INFO  BatchSearch [20546 localCollectorThread] - Setting up cache file for bkt=_audit~4~A4B2739E-EC56-4B6D-9A88-3AA302EAA608
02-06-2024 20:50:15.508 INFO  BatchSearch [20546 localCollectorThread] - Setting up cache file for bkt=_audit~3~A4B2739E-EC56-4B6D-9A88-3AA302EAA608
02-06-2024 20:50:15.508 INFO  BatchSearch [20546 localCollectorThread] - Setting up cache file for bkt=_audit~2~A7E1805D-45C6-44A6-8F41-DCD62F97B6BC
02-06-2024 20:50:15.510 INFO  BatchSearch [20546 localCollectorThread] - Setting up cache file for bkt=_audit~2~A4B2739E-EC56-4B6D-9A88-3AA302EAA608
02-06-2024 20:50:15.512 INFO  BatchSearch [20546 localCollectorThread] - Setting up cache file for bkt=_audit~5~A59E264B-EF37-4C05-A664-4B364D39C148
02-06-2024 20:50:15.513 INFO  BatchSearch [20546 localCollectorThread] - Setting up cache file for bkt=_audit~4~A59E264B-EF37-4C05-A664-4B364D39C148
02-06-2024 20:50:15.515 INFO  BatchSearch [20546 localCollectorThread] - Setting up cache file for bkt=_audit~1~A7E1805D-45C6-44A6-8F41-DCD62F97B6BC
02-06-2024 20:50:15.520 INFO  BatchSearch [20546 localCollectorThread] - Setting up cache file for bkt=_audit~0~A7E1805D-45C6-44A6-8F41-DCD62F97B6BC
02-06-2024 20:50:15.526 INFO  UserManager [20546 localCollectorThread] - Unwound user context: splunk-system-user -> NULL
02-06-2024 20:50:15.526 INFO  UserManager [20543 SearchResultExecutorThread] - Unwound user context: splunk-system-user -> NULL
02-06-2024 20:50:15.526 INFO  UserManager [20541 SearchResultExecutorThread] - Unwound user context: splunk-system-user -> NULL
02-06-2024 20:50:15.526 INFO  UserManager [20544 SearchResultExecutorThread] - Unwound user context: splunk-system-user -> NULL
02-06-2024 20:50:15.526 INFO  UserManager [20542 SearchResultExecutorThread] - Unwound user context: splunk-system-user -> NULL
02-06-2024 20:50:15.526 INFO  UserManager [20540 SearchResultExecutorThread] - Unwound user context: splunk-system-user -> NULL
02-06-2024 20:50:15.526 INFO  ResultsCollationProcessor [20545 phase_1] - Writing remote_event_providers.csv to disk
02-06-2024 20:50:15.532 INFO  ReducePhaseExecutor [20545 phase_1] - Not downloading remote search.log files. Reason: No remote event providers.
02-06-2024 20:50:15.532 INFO  ReducePhaseExecutor [20545 phase_1] - Not downloading remote search_telemetry.json files. Reason: No remote event providers.
02-06-2024 20:50:15.532 INFO  ReducePhaseExecutor [20545 phase_1] - Ending phase_1
02-06-2024 20:50:15.532 INFO  UserManager [20545 phase_1] - Unwound user context: splunk-system-user -> NULL
02-06-2024 20:50:15.537 INFO  UserManager [20537 StatusEnforcerThread] - Unwound user context: splunk-system-user -> NULL
02-06-2024 20:50:15.539 INFO  DispatchStorageManager [20535 searchOrchestrator] - Remote storage disabled for search artifacts.
02-06-2024 20:50:15.539 INFO  DispatchManager [20535 searchOrchestrator] - DispatchManager::dispatchHasFinished(id='alertsmanager_1707252614.1', username='splunk-system-user')
02-06-2024 20:50:15.539 INFO  UserManager [20535 searchOrchestrator] - Unwound user context: splunk-system-user -> NULL
02-06-2024 20:50:15.540 INFO  ISearchOperator [20527 RunDispatch] - 0x7ff50b37c400 PREAD_HISTOGRAM: usec_1_8=1506 usec_8_64=4 usec_64_512=0 usec_512_4096=0 usec_4096_32768=0 usec_32768_262144=0 usec_262144_INF=0 
02-06-2024 20:50:15.541 INFO  SearchStatusEnforcer [20527 RunDispatch] - SearchStatusEnforcer is already terminated
02-06-2024 20:50:15.541 INFO  UserManager [20527 RunDispatch] - Unwound user context: splunk-system-user -> NULL
02-06-2024 20:50:15.541 INFO  LookupDataProvider [20527 RunDispatch] - Clearing out lookup shared provider map
02-06-2024 20:50:15.545 INFO  dispatchRunner [20006 MainThread] - RunDispatch is done: sid=alertsmanager_1707252614.1, exit=0
