02-06-2024 19:17:00.128 INFO  dispatchRunner [13911 MainThread] - Search process mode: preforked (first search in process) (build b985591d12fd).
02-06-2024 19:17:00.128 INFO  dispatchRunner [13911 MainThread] - initing LicenseMgr in search process: nonPro=0
02-06-2024 19:17:00.128 INFO  LMStackMgr [13911 MainThread] - Initializing CleMgr...
02-06-2024 19:17:00.128 INFO  LicenseMgr [13911 MainThread] - Initing LicenseMgr
02-06-2024 19:17:00.128 INFO  LMConfig [13911 MainThread] - serverName=GOEL-ClusterMaster guid=15FACF80-D444-49B1-94FA-E022DDE18934
02-06-2024 19:17:00.138 INFO  LMConfig [13911 MainThread] - connection_timeout=30
02-06-2024 19:17:00.139 INFO  LMConfig [13911 MainThread] - send_timeout=30
02-06-2024 19:17:00.139 INFO  LMConfig [13911 MainThread] - receive_timeout=30
02-06-2024 19:17:00.139 INFO  LMConfig [13911 MainThread] - key=license_warnings_update_interval not found in licenser stanza of server.conf, defaulting=0
02-06-2024 19:17:00.139 INFO  LMConfig [13911 MainThread] - squash_threshold=2000
02-06-2024 19:17:00.139 INFO  LMConfig [13911 MainThread] - strict_pool_quota=1
02-06-2024 19:17:00.139 INFO  LMConfig [13911 MainThread] - key=pool_suggestion not found in licenser stanza of server.conf, defaulting=''
02-06-2024 19:17:00.139 INFO  LMConfig [13911 MainThread] - key=test_aws_metering not found in licenser stanza of server.conf, defaulting=0
02-06-2024 19:17:00.139 INFO  LMConfig [13911 MainThread] - key=test_aws_product_code not found in licenser stanza of server.conf, defaulting=0
02-06-2024 19:17:00.139 INFO  LicenseMgr [13911 MainThread] - Initing LicenseMgr runContext_splunkd=false
02-06-2024 19:17:00.139 INFO  LMStackMgr [13911 MainThread] - closing stack mgr
02-06-2024 19:17:00.139 INFO  LMSlaveInfo [13911 MainThread] - all slaves cleared
02-06-2024 19:17:00.139 INFO  LMStackMgr [13911 MainThread] - Initalized license_warnings_update_interval=auto
02-06-2024 19:17:00.139 INFO  LMStackMgr [13911 MainThread] - License Manager supports Conditional Licensing Enforcement. For baked in CLE policies, window_period=60 days, max_violations=45, for stack size below 107374182400 bytes
02-06-2024 19:17:00.139 INFO  LMLicense [13911 MainThread] - Applying default enforcement policy for free
02-06-2024 19:17:00.139 INFO  LMStackMgr [13911 MainThread] - Added policy WinSz=30 Warnings=3 MaxSize=0 isDefault=1 features= for free
02-06-2024 19:17:00.139 INFO  LMLicense [13911 MainThread] - Applying default enforcement policy for forwarder
02-06-2024 19:17:00.139 INFO  LMStackMgr [13911 MainThread] - Added policy WinSz=30 Warnings=5 MaxSize=0 isDefault=1 features= for forwarder
02-06-2024 19:17:00.140 INFO  LMStack [13911 MainThread] - Added type=download-trial license, from file=enttrial.lic, to stack=download-trial of group=Trial
02-06-2024 19:17:00.140 INFO  LMLicense [13911 MainThread] - Applying default enforcement policy for download-trial
02-06-2024 19:17:00.140 INFO  LMStackMgr [13911 MainThread] - created stack='download-trial'
02-06-2024 19:17:00.140 INFO  LMStackMgr [13911 MainThread] - Added policy WinSz=30 Warnings=5 MaxSize=0 isDefault=1 features= for download-trial
02-06-2024 19:17:00.140 INFO  LMStackMgr [13911 MainThread] - have to auto-set active stack group='Trial' reason='invalid/missing group id' gidStr='' oldGid=Invalid
02-06-2024 19:17:00.140 INFO  LMStackMgr [13911 MainThread] - added pool auto_generated_pool_download-trial to stack download-trial
02-06-2024 19:17:00.140 INFO  LMStackMgr [13911 MainThread] - added pool auto_generated_pool_forwarder to stack forwarder
02-06-2024 19:17:00.140 INFO  LMStackMgr [13911 MainThread] - added pool auto_generated_pool_free to stack free
02-06-2024 19:17:00.140 INFO  LMStackMgr [13911 MainThread] - Initialized hideQuotaWarning = "0"
02-06-2024 19:17:00.140 INFO  LMStackMgr [13911 MainThread] - init completed [15FACF80-D444-49B1-94FA-E022DDE18934,Trial,runContext_splunkd=false]
02-06-2024 19:17:00.140 INFO  LicenseMgr [13911 MainThread] - StackMgr init complete...
02-06-2024 19:17:00.140 INFO  LMTracker [13911 MainThread] - Setting default product type='enterprise'
02-06-2024 19:17:00.140 INFO  LMTracker [13911 MainThread] - this is not splunkd, will perform partial init
02-06-2024 19:17:00.140 INFO  LicenseMgr [13911 MainThread] - Tracker init complete...
02-06-2024 19:17:00.158 INFO  AdminManagerDispatch [13911 MainThread] - added factory for admin handler: 'licenses'
02-06-2024 19:17:00.158 INFO  AdminManagerDispatch [13911 MainThread] - added factory for admin handler: 'pools'
02-06-2024 19:17:00.158 INFO  AdminManagerDispatch [13911 MainThread] - added factory for admin handler: 'stacks'
02-06-2024 19:17:00.158 INFO  AdminManagerDispatch [13911 MainThread] - added factory for admin handler: 'groups'
02-06-2024 19:17:00.158 INFO  AdminManagerDispatch [13911 MainThread] - added factory for admin handler: 'slaves'
02-06-2024 19:17:00.158 INFO  AdminManagerDispatch [13911 MainThread] - added factory for admin handler: 'peers'
02-06-2024 19:17:00.158 INFO  AdminManagerDispatch [13911 MainThread] - added factory for admin handler: 'localslave'
02-06-2024 19:17:00.158 INFO  AdminManagerDispatch [13911 MainThread] - added factory for admin handler: 'localpeer'
02-06-2024 19:17:00.158 INFO  AdminManagerDispatch [13911 MainThread] - added factory for admin handler: 'licensermessages'
02-06-2024 19:17:00.158 INFO  AdminManagerDispatch [13911 MainThread] - added factory for admin handler: 'scriptedwarning'
02-06-2024 19:17:00.158 INFO  AdminManagerDispatch [13911 MainThread] - added factory for admin handler: 'licenseusage'
02-06-2024 19:17:00.158 INFO  LicenseMgr [13911 MainThread] - Initing LicenseMgr
02-06-2024 19:17:00.158 INFO  LMConfig [13911 MainThread] - serverName=GOEL-ClusterMaster guid=15FACF80-D444-49B1-94FA-E022DDE18934
02-06-2024 19:17:00.158 INFO  LMConfig [13911 MainThread] - connection_timeout=30
02-06-2024 19:17:00.158 INFO  LMConfig [13911 MainThread] - send_timeout=30
02-06-2024 19:17:00.158 INFO  LMConfig [13911 MainThread] - receive_timeout=30
02-06-2024 19:17:00.158 INFO  LMConfig [13911 MainThread] - key=license_warnings_update_interval not found in licenser stanza of server.conf, defaulting=0
02-06-2024 19:17:00.158 INFO  LMConfig [13911 MainThread] - squash_threshold=2000
02-06-2024 19:17:00.158 INFO  LMConfig [13911 MainThread] - strict_pool_quota=1
02-06-2024 19:17:00.158 INFO  LMConfig [13911 MainThread] - key=pool_suggestion not found in licenser stanza of server.conf, defaulting=''
02-06-2024 19:17:00.158 INFO  LMConfig [13911 MainThread] - key=test_aws_metering not found in licenser stanza of server.conf, defaulting=0
02-06-2024 19:17:00.158 INFO  LMConfig [13911 MainThread] - key=test_aws_product_code not found in licenser stanza of server.conf, defaulting=0
02-06-2024 19:17:00.169 INFO  dispatchRunner [13911 MainThread] - registering build time modules, count=1
02-06-2024 19:17:00.169 INFO  dispatchRunner [13911 MainThread] - registering search time components of build time module name=vix
02-06-2024 19:17:00.169 INFO  dispatchRunner [13911 MainThread] - Getting search configuration data from: /opt/splunk/etc/modules/parsing/config.xml
02-06-2024 19:17:00.170 WARN  SSLOptions [13911 MainThread] - server.conf/[kvstore]/sslVerifyServerCert is false disabling certificate validation; must be set to "true" for increased security
02-06-2024 19:17:00.170 INFO  BundlesSetup [13911 MainThread] - Setup stats for /opt/splunk/etc: wallclock_elapsed_msec=26, cpu_time_used=0.0131847, shared_services_generation=2, shared_services_population=1
02-06-2024 19:17:00.197 INFO  UserManagerPro [13911 MainThread] - Load authentication: forcing roles="admin, power, splunk-system-role, user"
02-06-2024 19:17:00.197 INFO  PipelineComponent [13911 MainThread] - Ingestion pipeline sets have been configured to use pipeline set policy=round_robin for multiple pipeline sets.
02-06-2024 19:17:00.198 INFO  UserManager [22502 RunDispatch] - Setting user context: splunk-system-user
02-06-2024 19:17:00.198 INFO  UserManager [22502 RunDispatch] - Done setting user context: NULL -> splunk-system-user
02-06-2024 19:17:00.199 INFO  dispatchRunner [22502 RunDispatch] - search context: user="splunk-system-user", app="splunk_archiver", bs-pathname="/opt/splunk/etc"
02-06-2024 19:17:00.211 INFO  SearchParser [22502 RunDispatch] - PARSING: | archivebuckets
02-06-2024 19:17:00.213 INFO  dispatchRunner [22502 RunDispatch] - Search running in non-clustered mode
02-06-2024 19:17:00.213 INFO  dispatchRunner [22502 RunDispatch] - SearchHeadInitSearchMs=14
02-06-2024 19:17:00.213 INFO  dispatchRunner [22502 RunDispatch] - Executing the Search orchestrator and iterator model (dfs=false).
02-06-2024 19:17:00.213 INFO  SearchOrchestrator [22502 RunDispatch] - SearchOrchestrator getting constructed
02-06-2024 19:17:00.213 INFO  SearchOrchestrator [22502 RunDispatch] -  Initialized the SRI
02-06-2024 19:17:00.214 INFO  SearchFeatureFlags [22502 RunDispatch] - Initializing feature flags from config. feature_seed=3599825881
02-06-2024 19:17:00.215 INFO  SearchFeatureFlags [22502 RunDispatch] - Setting feature_flag=parallelreduce:enablePreview:true
02-06-2024 19:17:00.215 INFO  SearchFeatureFlags [22502 RunDispatch] - Setting feature_flag=search:search_retry:false
02-06-2024 19:17:00.215 INFO  SearchFeatureFlags [22502 RunDispatch] - Setting feature_flag=search:search_retry_realtime:false
02-06-2024 19:17:00.215 INFO  SearchFeatureFlags [22502 RunDispatch] - Setting feature_flag=parallelreduce:autoAppliedPercentage:false
02-06-2024 19:17:00.215 INFO  SearchFeatureFlags [22502 RunDispatch] - Setting feature_flag=subsearch:enableConcurrentPipelineProcessing:false
02-06-2024 19:17:00.215 INFO  SearchFeatureFlags [22502 RunDispatch] - Setting feature_flag=stats:allow_stats_v2:true
02-06-2024 19:17:00.215 INFO  SearchFeatureFlags [22502 RunDispatch] - Setting feature_flag=search_optimization::set_required_fields:stats:false
02-06-2024 19:17:00.215 INFO  SearchFeatureFlags [22502 RunDispatch] - Setting feature_flag=searchresults:srs2:false
02-06-2024 19:17:00.215 INFO  SearchFeatureFlags [22502 RunDispatch] - Setting feature_flag=search:read_final_results_from_timeliner:true
02-06-2024 19:17:00.215 INFO  SearchOrchestrator [22502 RunDispatch] - Search feature_flags={"v":1,"enabledFeatures":["parallelreduce:enablePreview","stats:allow_stats_v2","search:read_final_results_from_timeliner"],"disabledFeatures":["search:search_retry","search:search_retry_realtime","parallelreduce:autoAppliedPercentage","subsearch:enableConcurrentPipelineProcessing","search_optimization::set_required_fields:stats","searchresults:srs2"]}
02-06-2024 19:17:00.215 INFO  ISplunkDispatch [22502 RunDispatch] - Not running in splunkd. Bundle replication not triggered.
02-06-2024 19:17:00.221 INFO  SearchOrchestrator [22509 searchOrchestrator] - Initialzing the run time settings for the orchestrator.
02-06-2024 19:17:00.221 INFO  UserManager [22509 searchOrchestrator] - Setting user context: splunk-system-user
02-06-2024 19:17:00.221 INFO  UserManager [22509 searchOrchestrator] - Done setting user context: NULL -> splunk-system-user
02-06-2024 19:17:00.222 INFO  AdaptiveSearchEngineSelector [22509 searchOrchestrator] - Search execution_plan=classic
02-06-2024 19:17:00.222 INFO  SearchOrchestrator [22509 searchOrchestrator] - Creating the search DAG.
02-06-2024 19:17:00.222 INFO  SearchParser [22509 searchOrchestrator] - PARSING: | archivebuckets
02-06-2024 19:17:00.222 INFO  DispatchStorageManagerInfo [22509 searchOrchestrator] - Successfully created new dispatch directory for search job. sid=19ad2ddb7712dd19_tmp dispatch_dir=/opt/splunk/var/run/splunk/dispatch/19ad2ddb7712dd19_tmp
02-06-2024 19:17:00.226 INFO  script [22509 searchOrchestrator] - found script file=/opt/splunk/etc/apps/splunk_archiver/bin/archivebuckets.py
02-06-2024 19:17:00.226 INFO  script [22509 searchOrchestrator] - stderr for script archivebuckets will be added to search.log
02-06-2024 19:17:00.226 INFO  DispatchThread [22509 searchOrchestrator] - BatchMode: allowBatchMode: 0, conf(1): 1, timeline/Status buckets(0):0, realtime(0):0, report pipe empty(0):1, reqTimeOrder(0):0, summarize(0):0, statefulStreaming(0):1
02-06-2024 19:17:00.226 INFO  DispatchThread [22509 searchOrchestrator] - Setup timeliner partialCommits=0
02-06-2024 19:17:00.226 INFO  DispatchThread [22509 searchOrchestrator] - Disabling usage of summaries for non-reporting search
02-06-2024 19:17:00.226 INFO  DispatchThread [22509 searchOrchestrator] - required fields list to add to remote search = *,_bkt,_cd,_si,host,index,linecount,source,sourcetype,splunk_server
02-06-2024 19:17:00.227 INFO  DispatchCommandProcessor [22509 searchOrchestrator] - summaryHash=NS3d9d854163f8f07a summaryId=15FACF80-D444-49B1-94FA-E022DDE18934_splunk_archiver_nobody_NS3d9d854163f8f07a remoteSearch=
02-06-2024 19:17:00.227 INFO  SearchParser [22509 searchOrchestrator] - PARSING: | archivebuckets
02-06-2024 19:17:00.227 INFO  script [22509 searchOrchestrator] - found script file=/opt/splunk/etc/apps/splunk_archiver/bin/archivebuckets.py
02-06-2024 19:17:00.227 INFO  script [22509 searchOrchestrator] - stderr for script archivebuckets will be added to search.log
02-06-2024 19:17:00.227 INFO  AstOptimizer [22509 searchOrchestrator] - SrchOptMetrics optimize_toJson=0.000186506
02-06-2024 19:17:00.228 INFO  SearchParser [22509 searchOrchestrator] - PARSING: | archivebuckets
02-06-2024 19:17:00.228 INFO  FederatedInfo [22509 searchOrchestrator] - No federated search providers defined.
02-06-2024 19:17:00.228 INFO  ProjElim [22509 searchOrchestrator] - Black listed processors=[addinfo]
02-06-2024 19:17:00.251 INFO  AstOptimizer [22509 searchOrchestrator] - SrchOptMetrics optimization=0.023298828
02-06-2024 19:17:00.251 INFO  SearchPhaseGenerator [22509 searchOrchestrator] - Optimized Search =| archivebuckets
02-06-2024 19:17:00.251 INFO  ScopedTimer [22509 searchOrchestrator] - search.optimize 0.023757639
02-06-2024 19:17:00.251 INFO  FederatedProviderVisitor [22509 searchOrchestrator] - Federated Whole Search Remote Execution Enabled: false
02-06-2024 19:17:00.303 INFO  SearchPhaseGenerator [22509 searchOrchestrator] - Number of involved federated deployments is 0.
02-06-2024 19:17:00.304 INFO  PhaseNodeGenerationVisitor [22509 searchOrchestrator] - FallBackReason: Fallback to 2-phase mode because of empty split key of cmd: archivebuckets
02-06-2024 19:17:00.304 INFO  PhaseToPipelineVisitor [22509 searchOrchestrator] - Phase Search = | archivebuckets
02-06-2024 19:17:00.304 INFO  SearchParser [22509 searchOrchestrator] - PARSING: | archivebuckets
02-06-2024 19:17:00.304 INFO  script [22509 searchOrchestrator] - found script file=/opt/splunk/etc/apps/splunk_archiver/bin/archivebuckets.py
02-06-2024 19:17:00.304 INFO  script [22509 searchOrchestrator] - stderr for script archivebuckets will be added to search.log
02-06-2024 19:17:00.304 INFO  SearchPipeline [22509 searchOrchestrator] - ReportSearch=0 AllowBatchMode=0
02-06-2024 19:17:00.304 INFO  SearchPhaseGenerator [22509 searchOrchestrator] - No need for RTWindowProcessor
02-06-2024 19:17:00.304 INFO  SearchPhaseGenerator [22509 searchOrchestrator] - Adding timeliner to final phase
02-06-2024 19:17:00.304 INFO  SearchParser [22509 searchOrchestrator] - PARSING: | timeliner remote=0 partial_commits=0 max_events_per_bucket=500000 fieldstats_update_maxperiod=60 bucket=0
02-06-2024 19:17:00.304 INFO  TimelineCreator [22509 searchOrchestrator] - Creating timeline with remote=0 partialCommits=0 commitFreq=0 syncKSFreq=0 maxSyncKSPeriodTime=60000 bucket=0 latestTime=1707247020.000000 earliestTime=2147483647.000000
02-06-2024 19:17:00.304 INFO  SearchPhaseGenerator [22509 searchOrchestrator] - required fields list to add to different pipelines = *,_bkt,_cd,_si,host,index,linecount,source,sourcetype,splunk_server
02-06-2024 19:17:00.304 INFO  SearchPhaseGenerator [22509 searchOrchestrator] - Search Phases created.
02-06-2024 19:17:00.306 INFO  SearchOrchestrator [22509 searchOrchestrator] - Preview is not enabled. (preview_algorithm=NONE)
02-06-2024 19:17:00.306 INFO  UserManager [22509 searchOrchestrator] - Setting user context: splunk-system-user
02-06-2024 19:17:00.306 INFO  UserManager [22509 searchOrchestrator] - Done setting user context: splunk-system-user -> splunk-system-user
02-06-2024 19:17:00.306 INFO  UserManager [22509 searchOrchestrator] - Unwound user context: splunk-system-user -> splunk-system-user
02-06-2024 19:17:00.306 INFO  DistributedSearchResultCollectionManager [22509 searchOrchestrator] - Stream search: 
02-06-2024 19:17:00.306 INFO  UserManager [22523 SearchResultExecutorThread] - Setting user context: splunk-system-user
02-06-2024 19:17:00.306 INFO  UserManager [22523 SearchResultExecutorThread] - Done setting user context: NULL -> splunk-system-user
02-06-2024 19:17:00.306 INFO  UserManager [22523 SearchResultExecutorThread] - Unwound user context: splunk-system-user -> NULL
02-06-2024 19:17:00.306 INFO  UserManager [22521 SearchResultExecutorThread] - Setting user context: splunk-system-user
02-06-2024 19:17:00.306 INFO  UserManager [22521 SearchResultExecutorThread] - Done setting user context: NULL -> splunk-system-user
02-06-2024 19:17:00.306 INFO  UserManager [22521 SearchResultExecutorThread] - Unwound user context: splunk-system-user -> NULL
02-06-2024 19:17:00.307 INFO  UserManager [22524 SearchResultExecutorThread] - Setting user context: splunk-system-user
02-06-2024 19:17:00.307 INFO  UserManager [22524 SearchResultExecutorThread] - Done setting user context: NULL -> splunk-system-user
02-06-2024 19:17:00.307 INFO  UserManager [22524 SearchResultExecutorThread] - Unwound user context: splunk-system-user -> NULL
02-06-2024 19:17:00.307 INFO  UserManager [22522 SearchResultExecutorThread] - Setting user context: splunk-system-user
02-06-2024 19:17:00.307 INFO  UserManager [22522 SearchResultExecutorThread] - Done setting user context: NULL -> splunk-system-user
02-06-2024 19:17:00.307 INFO  UserManager [22522 SearchResultExecutorThread] - Unwound user context: splunk-system-user -> NULL
02-06-2024 19:17:00.307 INFO  UserManager [22520 SearchResultExecutorThread] - Setting user context: splunk-system-user
02-06-2024 19:17:00.307 INFO  UserManager [22520 SearchResultExecutorThread] - Done setting user context: NULL -> splunk-system-user
02-06-2024 19:17:00.307 INFO  UserManager [22520 SearchResultExecutorThread] - Unwound user context: splunk-system-user -> NULL
02-06-2024 19:17:00.307 INFO  SearchPhaseGenerator [22509 searchOrchestrator] - Time spends on creating distributed search results infrastructure; dispatchcreatedSearchResultInfrastructure=0.000818816 seconds.
02-06-2024 19:17:00.307 INFO  SearchOrchestrator [22509 searchOrchestrator] - Starting the status control thread.
02-06-2024 19:17:00.307 INFO  SearchOrchestrator [22509 searchOrchestrator] - Starting phase=1
02-06-2024 19:17:00.307 INFO  UserManager [22518 StatusEnforcerThread] - Setting user context: splunk-system-user
02-06-2024 19:17:00.307 INFO  UserManager [22518 StatusEnforcerThread] - Done setting user context: NULL -> splunk-system-user
02-06-2024 19:17:00.307 INFO  SearchStatusEnforcer [22518 StatusEnforcerThread] - Enforcing disk quota = 10485760000
02-06-2024 19:17:00.307 INFO  UserManager [22525 phase_1] - Setting user context: splunk-system-user
02-06-2024 19:17:00.307 INFO  UserManager [22525 phase_1] - Done setting user context: NULL -> splunk-system-user
02-06-2024 19:17:00.307 INFO  ReducePhaseExecutor [22525 phase_1] - Starting phase_1
02-06-2024 19:17:02.286 INFO  ReducePhaseExecutor [22525 phase_1] - Ending phase_1
02-06-2024 19:17:02.286 INFO  UserManager [22525 phase_1] - Unwound user context: splunk-system-user -> NULL
02-06-2024 19:17:02.291 INFO  ProxyConfig [22518 StatusEnforcerThread] - Failed to initialize http_proxy from server.conf for splunkd. Please make sure that the http_proxy property is set as http_proxy=http://host:port in case HTTP proxying needs to be enabled.
02-06-2024 19:17:02.291 INFO  ProxyConfig [22518 StatusEnforcerThread] - Failed to initialize https_proxy from server.conf for splunkd. Please make sure that the https_proxy property is set as https_proxy=http://host:port in case HTTP proxying needs to be enabled.
02-06-2024 19:17:02.291 INFO  ProxyConfig [22518 StatusEnforcerThread] - Failed to initialize the proxy_rules setting from server.conf for splunkd. Please provide a valid set of proxy_rules in case HTTP proxying needs to be enabled.
02-06-2024 19:17:02.291 INFO  ProxyConfig [22518 StatusEnforcerThread] - Failed to initialize the no_proxy setting from server.conf for splunkd. Please provide a valid set of no_proxy rules in case HTTP proxying needs to be enabled.
02-06-2024 19:17:02.293 WARN  SSLOptions [22518 StatusEnforcerThread] - <internal>.conf/[<internal>]/sslVerifyServerCert is false disabling certificate validation; must be set to "true" for increased security
02-06-2024 19:17:02.299 WARN  SSLOptions [22518 StatusEnforcerThread] - <internal>.conf/[<internal>]/sslVerifyServerCert is false disabling certificate validation; must be set to "true" for increased security
02-06-2024 19:17:02.306 INFO  SearchStatusEnforcer [22518 StatusEnforcerThread] - Triggered listener notification on state=onResults condition=1
02-06-2024 19:17:02.306 INFO  UserManager [22518 StatusEnforcerThread] - Unwound user context: splunk-system-user -> NULL
02-06-2024 19:17:02.307 INFO  DispatchStorageManager [22509 searchOrchestrator] - Remote storage disabled for search artifacts.
02-06-2024 19:17:02.307 INFO  DispatchManager [22509 searchOrchestrator] - DispatchManager::dispatchHasFinished(id='scheduler__nobody_c3BsdW5rX2FyY2hpdmVy__RMD5473cbac83d6c9db7_at_1707247020_9', username='splunk-system-user')
02-06-2024 19:17:02.307 INFO  UserManager [22509 searchOrchestrator] - Unwound user context: splunk-system-user -> NULL
02-06-2024 19:17:02.307 INFO  SearchStatusEnforcer [22502 RunDispatch] - SearchStatusEnforcer is already terminated
02-06-2024 19:17:02.307 INFO  UserManager [22502 RunDispatch] - Unwound user context: splunk-system-user -> NULL
02-06-2024 19:17:02.307 INFO  LookupDataProvider [22502 RunDispatch] - Clearing out lookup shared provider map
02-06-2024 19:17:02.308 INFO  dispatchRunner [13911 MainThread] - RunDispatch is done: sid=scheduler__nobody_c3BsdW5rX2FyY2hpdmVy__RMD5473cbac83d6c9db7_at_1707247020_9, exit=0
