02-06-2024 19:17:00.617 INFO  dispatchRunner [4943 MainThread] - Search process mode: preforked (first search in process) (build b985591d12fd).
02-06-2024 19:17:00.617 INFO  dispatchRunner [4943 MainThread] - initing LicenseMgr in search process: nonPro=0
02-06-2024 19:17:00.617 INFO  LMStackMgr [4943 MainThread] - Initializing CleMgr...
02-06-2024 19:17:00.617 INFO  LicenseMgr [4943 MainThread] - Initing LicenseMgr
02-06-2024 19:17:00.617 INFO  LMConfig [4943 MainThread] - serverName=GOEL-Indexer1 guid=A59E264B-EF37-4C05-A664-4B364D39C148
02-06-2024 19:17:00.620 INFO  LMConfig [4943 MainThread] - connection_timeout=30
02-06-2024 19:17:00.620 INFO  LMConfig [4943 MainThread] - send_timeout=30
02-06-2024 19:17:00.620 INFO  LMConfig [4943 MainThread] - receive_timeout=30
02-06-2024 19:17:00.620 INFO  LMConfig [4943 MainThread] - key=license_warnings_update_interval not found in licenser stanza of server.conf, defaulting=0
02-06-2024 19:17:00.620 INFO  LMConfig [4943 MainThread] - squash_threshold=2000
02-06-2024 19:17:00.620 INFO  LMConfig [4943 MainThread] - strict_pool_quota=1
02-06-2024 19:17:00.620 INFO  LMConfig [4943 MainThread] - key=pool_suggestion not found in licenser stanza of server.conf, defaulting=''
02-06-2024 19:17:00.620 INFO  LMConfig [4943 MainThread] - key=test_aws_metering not found in licenser stanza of server.conf, defaulting=0
02-06-2024 19:17:00.620 INFO  LMConfig [4943 MainThread] - key=test_aws_product_code not found in licenser stanza of server.conf, defaulting=0
02-06-2024 19:17:00.620 INFO  LicenseMgr [4943 MainThread] - Initing LicenseMgr runContext_splunkd=false
02-06-2024 19:17:00.620 INFO  LMStackMgr [4943 MainThread] - closing stack mgr
02-06-2024 19:17:00.620 INFO  LMSlaveInfo [4943 MainThread] - all slaves cleared
02-06-2024 19:17:00.620 INFO  LMStackMgr [4943 MainThread] - partial init only since node has remote master=https://10.0.3.7:8089
02-06-2024 19:17:00.620 INFO  LicenseMgr [4943 MainThread] - StackMgr init complete...
02-06-2024 19:17:00.621 INFO  LMTracker [4943 MainThread] - Setting default product type='enterprise'
02-06-2024 19:17:00.621 INFO  LMTracker [4943 MainThread] - this is not splunkd, will perform partial init
02-06-2024 19:17:00.621 INFO  LicenseMgr [4943 MainThread] - Tracker init complete...
02-06-2024 19:17:00.634 INFO  AdminManagerDispatch [4943 MainThread] - added factory for admin handler: 'licenses'
02-06-2024 19:17:00.634 INFO  AdminManagerDispatch [4943 MainThread] - added factory for admin handler: 'pools'
02-06-2024 19:17:00.634 INFO  AdminManagerDispatch [4943 MainThread] - added factory for admin handler: 'stacks'
02-06-2024 19:17:00.634 INFO  AdminManagerDispatch [4943 MainThread] - added factory for admin handler: 'groups'
02-06-2024 19:17:00.634 INFO  AdminManagerDispatch [4943 MainThread] - added factory for admin handler: 'slaves'
02-06-2024 19:17:00.634 INFO  AdminManagerDispatch [4943 MainThread] - added factory for admin handler: 'peers'
02-06-2024 19:17:00.634 INFO  AdminManagerDispatch [4943 MainThread] - added factory for admin handler: 'localslave'
02-06-2024 19:17:00.634 INFO  AdminManagerDispatch [4943 MainThread] - added factory for admin handler: 'localpeer'
02-06-2024 19:17:00.634 INFO  AdminManagerDispatch [4943 MainThread] - added factory for admin handler: 'licensermessages'
02-06-2024 19:17:00.634 INFO  AdminManagerDispatch [4943 MainThread] - added factory for admin handler: 'scriptedwarning'
02-06-2024 19:17:00.634 INFO  AdminManagerDispatch [4943 MainThread] - added factory for admin handler: 'licenseusage'
02-06-2024 19:17:00.634 INFO  LicenseMgr [4943 MainThread] - Initing LicenseMgr
02-06-2024 19:17:00.634 INFO  LMConfig [4943 MainThread] - serverName=GOEL-Indexer1 guid=A59E264B-EF37-4C05-A664-4B364D39C148
02-06-2024 19:17:00.634 INFO  LMConfig [4943 MainThread] - connection_timeout=30
02-06-2024 19:17:00.634 INFO  LMConfig [4943 MainThread] - send_timeout=30
02-06-2024 19:17:00.634 INFO  LMConfig [4943 MainThread] - receive_timeout=30
02-06-2024 19:17:00.634 INFO  LMConfig [4943 MainThread] - key=license_warnings_update_interval not found in licenser stanza of server.conf, defaulting=0
02-06-2024 19:17:00.634 INFO  LMConfig [4943 MainThread] - squash_threshold=2000
02-06-2024 19:17:00.634 INFO  LMConfig [4943 MainThread] - strict_pool_quota=1
02-06-2024 19:17:00.634 INFO  LMConfig [4943 MainThread] - key=pool_suggestion not found in licenser stanza of server.conf, defaulting=''
02-06-2024 19:17:00.634 INFO  LMConfig [4943 MainThread] - key=test_aws_metering not found in licenser stanza of server.conf, defaulting=0
02-06-2024 19:17:00.634 INFO  LMConfig [4943 MainThread] - key=test_aws_product_code not found in licenser stanza of server.conf, defaulting=0
02-06-2024 19:17:00.634 INFO  dispatchRunner [4943 MainThread] - registering build time modules, count=1
02-06-2024 19:17:00.634 INFO  dispatchRunner [4943 MainThread] - registering search time components of build time module name=vix
02-06-2024 19:17:00.634 INFO  dispatchRunner [4943 MainThread] - Getting search configuration data from: /opt/splunk/etc/modules/parsing/config.xml
02-06-2024 19:17:00.635 WARN  SSLOptions [4943 MainThread] - server.conf/[kvstore]/sslVerifyServerCert is false disabling certificate validation; must be set to "true" for increased security
02-06-2024 19:17:00.636 INFO  BundlesSetup [4943 MainThread] - Setup stats for /opt/splunk/etc: wallclock_elapsed_msec=11, cpu_time_used=0.0112274, shared_services_generation=2, shared_services_population=1
02-06-2024 19:17:00.649 INFO  UserManagerPro [4943 MainThread] - Load authentication: forcing roles="admin, power, splunk-system-role, user"
02-06-2024 19:17:00.649 INFO  PipelineComponent [4943 MainThread] - Ingestion pipeline sets have been configured to use pipeline set policy=round_robin for multiple pipeline sets.
02-06-2024 19:17:00.650 INFO  UserManager [19479 RunDispatch] - Setting user context: splunk-system-user
02-06-2024 19:17:00.650 INFO  UserManager [19479 RunDispatch] - Done setting user context: NULL -> splunk-system-user
02-06-2024 19:17:00.651 INFO  dispatchRunner [19479 RunDispatch] - search context: user="splunk-system-user", app="splunk_archiver", bs-pathname="/opt/splunk/etc"
02-06-2024 19:17:00.657 WARN  IndexConfig [19479 RunDispatch] - Max bucket size is larger than destination path size limit. Please check your index configuration. idx=bcgames; bucket size in (from maxDataSize) 750 MB, homePath.maxDataSizeMB=100,  coldPath.maxDataSizeMB=100
02-06-2024 19:17:00.657 WARN  IndexConfig [19479 RunDispatch] - Home path size limit cannot accomodate maximum number of hot buckets with specified bucket size because homePath.maxDataSizeMB is too small. Please check your index configuration: idx=bcgames maxDataSize=750 MB, homePath.maxDataSizeMB=100 MB
02-06-2024 19:17:00.657 WARN  IndexConfig [19479 RunDispatch] - Max bucket size is larger than destination path size limit. Please check your index configuration. idx=infra; bucket size in (from maxDataSize) 750 MB, homePath.maxDataSizeMB=100,  coldPath.maxDataSizeMB=100
02-06-2024 19:17:00.657 WARN  IndexConfig [19479 RunDispatch] - Home path size limit cannot accomodate maximum number of hot buckets with specified bucket size because homePath.maxDataSizeMB is too small. Please check your index configuration: idx=infra maxDataSize=750 MB, homePath.maxDataSizeMB=100 MB
02-06-2024 19:17:00.657 WARN  IndexConfig [19479 RunDispatch] - Max bucket size is larger than destination path size limit. Please check your index configuration. idx=soc; bucket size in (from maxDataSize) 750 MB, homePath.maxDataSizeMB=100,  coldPath.maxDataSizeMB=100
02-06-2024 19:17:00.657 WARN  IndexConfig [19479 RunDispatch] - Home path size limit cannot accomodate maximum number of hot buckets with specified bucket size because homePath.maxDataSizeMB is too small. Please check your index configuration: idx=soc maxDataSize=750 MB, homePath.maxDataSizeMB=100 MB
02-06-2024 19:17:00.658 INFO  SearchParser [19479 RunDispatch] - PARSING: | archivebuckets
02-06-2024 19:17:00.659 INFO  SearchParser [19479 RunDispatch] - PARSING: | archivebuckets
02-06-2024 19:17:00.659 WARN  DispatchCommandProcessor [19479 RunDispatch] - Could not find a set of indexes to search; defaulting to all
02-06-2024 19:17:00.659 INFO  IndexReaderIf [19479 RunDispatch] - Loading Clustering bucket manifest file=/opt/splunk/var/run/splunk/cluster/search-buckets/search_sitedefault_gen0.csv.gz
02-06-2024 19:17:00.659 INFO  DatabaseDirectoryManager [19479 RunDispatch] - initDDMsFromSearchBucketManifest path=/opt/splunk/var/run/splunk/cluster/search-buckets/search_sitedefault_gen0.csv.gz, indexWhiteList_size=1
02-06-2024 19:17:00.659 INFO  CMBucketId [19479 RunDispatch] - CMIndexId: New indexName=_telemetry inserted, mapping to id=1
02-06-2024 19:17:00.660 INFO  CMBucketId [19479 RunDispatch] - CMIndexId: New indexName=_audit inserted, mapping to id=2
02-06-2024 19:17:00.660 INFO  CMBucketId [19479 RunDispatch] - CMIndexId: New indexName=_internal inserted, mapping to id=3
02-06-2024 19:17:00.660 INFO  dispatchRunner [19479 RunDispatch] - SearchHeadInitSearchMs=9
02-06-2024 19:17:00.660 INFO  dispatchRunner [19479 RunDispatch] - Executing the Search orchestrator and iterator model (dfs=false).
02-06-2024 19:17:00.660 INFO  SearchOrchestrator [19479 RunDispatch] - SearchOrchestrator getting constructed
02-06-2024 19:17:00.660 INFO  SearchOrchestrator [19479 RunDispatch] -  Initialized the SRI
02-06-2024 19:17:00.661 INFO  SearchFeatureFlags [19479 RunDispatch] - Initializing feature flags from config. feature_seed=2662482496
02-06-2024 19:17:00.661 INFO  SearchFeatureFlags [19479 RunDispatch] - Setting feature_flag=parallelreduce:enablePreview:true
02-06-2024 19:17:00.661 INFO  SearchFeatureFlags [19479 RunDispatch] - Setting feature_flag=search:search_retry:false
02-06-2024 19:17:00.661 INFO  SearchFeatureFlags [19479 RunDispatch] - Setting feature_flag=search:search_retry_realtime:false
02-06-2024 19:17:00.661 INFO  SearchFeatureFlags [19479 RunDispatch] - Setting feature_flag=parallelreduce:autoAppliedPercentage:false
02-06-2024 19:17:00.661 INFO  SearchFeatureFlags [19479 RunDispatch] - Setting feature_flag=subsearch:enableConcurrentPipelineProcessing:false
02-06-2024 19:17:00.661 INFO  SearchFeatureFlags [19479 RunDispatch] - Setting feature_flag=stats:allow_stats_v2:true
02-06-2024 19:17:00.661 INFO  SearchFeatureFlags [19479 RunDispatch] - Setting feature_flag=search_optimization::set_required_fields:stats:false
02-06-2024 19:17:00.661 INFO  SearchFeatureFlags [19479 RunDispatch] - Setting feature_flag=searchresults:srs2:false
02-06-2024 19:17:00.661 INFO  SearchFeatureFlags [19479 RunDispatch] - Setting feature_flag=search:read_final_results_from_timeliner:true
02-06-2024 19:17:00.661 INFO  SearchOrchestrator [19479 RunDispatch] - Search feature_flags={"v":1,"enabledFeatures":["parallelreduce:enablePreview","stats:allow_stats_v2","search:read_final_results_from_timeliner"],"disabledFeatures":["search:search_retry","search:search_retry_realtime","parallelreduce:autoAppliedPercentage","subsearch:enableConcurrentPipelineProcessing","search_optimization::set_required_fields:stats","searchresults:srs2"]}
02-06-2024 19:17:00.661 INFO  ISplunkDispatch [19479 RunDispatch] - Not running in splunkd. Bundle replication not triggered.
02-06-2024 19:17:00.664 INFO  SearchOrchestrator [19486 searchOrchestrator] - Initialzing the run time settings for the orchestrator.
02-06-2024 19:17:00.664 INFO  UserManager [19486 searchOrchestrator] - Setting user context: splunk-system-user
02-06-2024 19:17:00.664 INFO  UserManager [19486 searchOrchestrator] - Done setting user context: NULL -> splunk-system-user
02-06-2024 19:17:00.665 INFO  AdaptiveSearchEngineSelector [19486 searchOrchestrator] - Search execution_plan=classic
02-06-2024 19:17:00.665 INFO  SearchOrchestrator [19486 searchOrchestrator] - Creating the search DAG.
02-06-2024 19:17:00.665 INFO  SearchParser [19486 searchOrchestrator] - PARSING: | archivebuckets
02-06-2024 19:17:00.665 INFO  DispatchStorageManagerInfo [19486 searchOrchestrator] - Successfully created new dispatch directory for search job. sid=00205ebca31f65ef_tmp dispatch_dir=/opt/splunk/var/run/splunk/dispatch/00205ebca31f65ef_tmp
02-06-2024 19:17:00.668 INFO  script [19486 searchOrchestrator] - found script file=/opt/splunk/etc/apps/splunk_archiver/bin/archivebuckets.py
02-06-2024 19:17:00.668 INFO  script [19486 searchOrchestrator] - stderr for script archivebuckets will be added to search.log
02-06-2024 19:17:00.668 INFO  DispatchThread [19486 searchOrchestrator] - BatchMode: allowBatchMode: 0, conf(1): 1, timeline/Status buckets(0):0, realtime(0):0, report pipe empty(0):1, reqTimeOrder(0):0, summarize(0):0, statefulStreaming(0):1
02-06-2024 19:17:00.668 INFO  DispatchThread [19486 searchOrchestrator] - Setup timeliner partialCommits=0
02-06-2024 19:17:00.668 INFO  DispatchThread [19486 searchOrchestrator] - Disabling usage of summaries for non-reporting search
02-06-2024 19:17:00.668 INFO  DispatchThread [19486 searchOrchestrator] - required fields list to add to remote search = *,_bkt,_cd,_si,host,index,linecount,source,sourcetype,splunk_server
02-06-2024 19:17:00.668 INFO  DispatchCommandProcessor [19486 searchOrchestrator] - summaryHash=NS3d9d854163f8f07a summaryId=A59E264B-EF37-4C05-A664-4B364D39C148_splunk_archiver_nobody_NS3d9d854163f8f07a remoteSearch=
02-06-2024 19:17:00.668 INFO  SearchParser [19486 searchOrchestrator] - PARSING: | archivebuckets
02-06-2024 19:17:00.668 INFO  script [19486 searchOrchestrator] - found script file=/opt/splunk/etc/apps/splunk_archiver/bin/archivebuckets.py
02-06-2024 19:17:00.668 INFO  script [19486 searchOrchestrator] - stderr for script archivebuckets will be added to search.log
02-06-2024 19:17:00.668 INFO  AstOptimizer [19486 searchOrchestrator] - SrchOptMetrics optimize_toJson=0.000104479
02-06-2024 19:17:00.668 INFO  SearchParser [19486 searchOrchestrator] - PARSING: | archivebuckets
02-06-2024 19:17:00.669 INFO  FederatedInfo [19486 searchOrchestrator] - No federated search providers defined.
02-06-2024 19:17:00.669 INFO  ProjElim [19486 searchOrchestrator] - Black listed processors=[addinfo]
02-06-2024 19:17:00.678 INFO  AstOptimizer [19486 searchOrchestrator] - SrchOptMetrics optimization=0.009971263
02-06-2024 19:17:00.678 INFO  SearchPhaseGenerator [19486 searchOrchestrator] - Optimized Search =| archivebuckets
02-06-2024 19:17:00.678 INFO  ScopedTimer [19486 searchOrchestrator] - search.optimize 0.010229131
02-06-2024 19:17:00.678 INFO  FederatedProviderVisitor [19486 searchOrchestrator] - Federated Whole Search Remote Execution Enabled: false
02-06-2024 19:17:00.704 INFO  SearchPhaseGenerator [19486 searchOrchestrator] - Number of involved federated deployments is 0.
02-06-2024 19:17:00.704 INFO  ParallelReducePolicy [19486 searchOrchestrator] - Current Search Head doesn't have any usable peers to use.
02-06-2024 19:17:00.704 INFO  PhaseNodeGenerationVisitor [19486 searchOrchestrator] - FallBackReason: Fallback to 2-phase mode because of empty split key of cmd: archivebuckets
02-06-2024 19:17:00.704 INFO  PhaseToPipelineVisitor [19486 searchOrchestrator] - Phase Search = | archivebuckets
02-06-2024 19:17:00.704 INFO  SearchParser [19486 searchOrchestrator] - PARSING: | archivebuckets
02-06-2024 19:17:00.704 INFO  script [19486 searchOrchestrator] - found script file=/opt/splunk/etc/apps/splunk_archiver/bin/archivebuckets.py
02-06-2024 19:17:00.704 INFO  script [19486 searchOrchestrator] - stderr for script archivebuckets will be added to search.log
02-06-2024 19:17:00.704 INFO  SearchPipeline [19486 searchOrchestrator] - ReportSearch=0 AllowBatchMode=0
02-06-2024 19:17:00.704 INFO  SearchPhaseGenerator [19486 searchOrchestrator] - No need for RTWindowProcessor
02-06-2024 19:17:00.704 INFO  SearchPhaseGenerator [19486 searchOrchestrator] - Adding timeliner to final phase
02-06-2024 19:17:00.704 INFO  SearchParser [19486 searchOrchestrator] - PARSING: | timeliner remote=0 partial_commits=0 max_events_per_bucket=500000 fieldstats_update_maxperiod=60 bucket=0
02-06-2024 19:17:00.704 INFO  TimelineCreator [19486 searchOrchestrator] - Creating timeline with remote=0 partialCommits=0 commitFreq=0 syncKSFreq=0 maxSyncKSPeriodTime=60000 bucket=0 latestTime=1707247020.000000 earliestTime=2147483647.000000
02-06-2024 19:17:00.704 INFO  SearchPhaseGenerator [19486 searchOrchestrator] - required fields list to add to different pipelines = *,_bkt,_cd,_si,host,index,linecount,source,sourcetype,splunk_server
02-06-2024 19:17:00.704 INFO  SearchPhaseGenerator [19486 searchOrchestrator] - Search Phases created.
02-06-2024 19:17:00.705 INFO  SearchOrchestrator [19486 searchOrchestrator] - Preview is not enabled. (preview_algorithm=NONE)
02-06-2024 19:17:00.705 INFO  UserManager [19486 searchOrchestrator] - Setting user context: splunk-system-user
02-06-2024 19:17:00.705 INFO  UserManager [19486 searchOrchestrator] - Done setting user context: splunk-system-user -> splunk-system-user
02-06-2024 19:17:00.705 INFO  UserManager [19486 searchOrchestrator] - Unwound user context: splunk-system-user -> splunk-system-user
02-06-2024 19:17:00.705 INFO  DistributedSearchResultCollectionManager [19486 searchOrchestrator] - Stream search: 
02-06-2024 19:17:00.706 INFO  UserManager [19494 SearchResultExecutorThread] - Setting user context: splunk-system-user
02-06-2024 19:17:00.706 INFO  UserManager [19494 SearchResultExecutorThread] - Done setting user context: NULL -> splunk-system-user
02-06-2024 19:17:00.706 INFO  UserManager [19494 SearchResultExecutorThread] - Unwound user context: splunk-system-user -> NULL
02-06-2024 19:17:00.706 INFO  UserManager [19493 SearchResultExecutorThread] - Setting user context: splunk-system-user
02-06-2024 19:17:00.706 INFO  UserManager [19493 SearchResultExecutorThread] - Done setting user context: NULL -> splunk-system-user
02-06-2024 19:17:00.706 INFO  UserManager [19493 SearchResultExecutorThread] - Unwound user context: splunk-system-user -> NULL
02-06-2024 19:17:00.706 INFO  UserManager [19495 SearchResultExecutorThread] - Setting user context: splunk-system-user
02-06-2024 19:17:00.706 INFO  UserManager [19495 SearchResultExecutorThread] - Done setting user context: NULL -> splunk-system-user
02-06-2024 19:17:00.706 INFO  UserManager [19492 SearchResultExecutorThread] - Setting user context: splunk-system-user
02-06-2024 19:17:00.706 INFO  UserManager [19495 SearchResultExecutorThread] - Unwound user context: splunk-system-user -> NULL
02-06-2024 19:17:00.706 INFO  UserManager [19492 SearchResultExecutorThread] - Done setting user context: NULL -> splunk-system-user
02-06-2024 19:17:00.706 INFO  UserManager [19492 SearchResultExecutorThread] - Unwound user context: splunk-system-user -> NULL
02-06-2024 19:17:00.706 INFO  UserManager [19491 SearchResultExecutorThread] - Setting user context: splunk-system-user
02-06-2024 19:17:00.706 INFO  UserManager [19491 SearchResultExecutorThread] - Done setting user context: NULL -> splunk-system-user
02-06-2024 19:17:00.706 INFO  UserManager [19491 SearchResultExecutorThread] - Unwound user context: splunk-system-user -> NULL
02-06-2024 19:17:00.706 INFO  SearchPhaseGenerator [19486 searchOrchestrator] - Time spends on creating distributed search results infrastructure; dispatchcreatedSearchResultInfrastructure=0.000736127 seconds.
02-06-2024 19:17:00.706 INFO  SearchOrchestrator [19486 searchOrchestrator] - Starting the status control thread.
02-06-2024 19:17:00.706 INFO  SearchOrchestrator [19486 searchOrchestrator] - Starting phase=1
02-06-2024 19:17:00.706 INFO  UserManager [19489 StatusEnforcerThread] - Setting user context: splunk-system-user
02-06-2024 19:17:00.706 INFO  UserManager [19489 StatusEnforcerThread] - Done setting user context: NULL -> splunk-system-user
02-06-2024 19:17:00.706 INFO  SearchStatusEnforcer [19489 StatusEnforcerThread] - Enforcing disk quota = 10485760000
02-06-2024 19:17:00.706 INFO  UserManager [19496 phase_1] - Setting user context: splunk-system-user
02-06-2024 19:17:00.706 INFO  UserManager [19496 phase_1] - Done setting user context: NULL -> splunk-system-user
02-06-2024 19:17:00.706 INFO  ReducePhaseExecutor [19496 phase_1] - Starting phase_1
02-06-2024 19:17:01.812 INFO  ReducePhaseExecutor [19496 phase_1] - Ending phase_1
02-06-2024 19:17:01.812 INFO  UserManager [19496 phase_1] - Unwound user context: splunk-system-user -> NULL
02-06-2024 19:17:01.815 INFO  ProxyConfig [19489 StatusEnforcerThread] - Failed to initialize http_proxy from server.conf for splunkd. Please make sure that the http_proxy property is set as http_proxy=http://host:port in case HTTP proxying needs to be enabled.
02-06-2024 19:17:01.815 INFO  ProxyConfig [19489 StatusEnforcerThread] - Failed to initialize https_proxy from server.conf for splunkd. Please make sure that the https_proxy property is set as https_proxy=http://host:port in case HTTP proxying needs to be enabled.
02-06-2024 19:17:01.815 INFO  ProxyConfig [19489 StatusEnforcerThread] - Failed to initialize the proxy_rules setting from server.conf for splunkd. Please provide a valid set of proxy_rules in case HTTP proxying needs to be enabled.
02-06-2024 19:17:01.815 INFO  ProxyConfig [19489 StatusEnforcerThread] - Failed to initialize the no_proxy setting from server.conf for splunkd. Please provide a valid set of no_proxy rules in case HTTP proxying needs to be enabled.
02-06-2024 19:17:01.817 WARN  SSLOptions [19489 StatusEnforcerThread] - <internal>.conf/[<internal>]/sslVerifyServerCert is false disabling certificate validation; must be set to "true" for increased security
02-06-2024 19:17:01.823 WARN  SSLOptions [19489 StatusEnforcerThread] - <internal>.conf/[<internal>]/sslVerifyServerCert is false disabling certificate validation; must be set to "true" for increased security
02-06-2024 19:17:01.836 INFO  SearchStatusEnforcer [19489 StatusEnforcerThread] - Triggered listener notification on state=onResults condition=1
02-06-2024 19:17:01.836 INFO  UserManager [19489 StatusEnforcerThread] - Unwound user context: splunk-system-user -> NULL
02-06-2024 19:17:01.838 INFO  DispatchStorageManager [19486 searchOrchestrator] - Remote storage disabled for search artifacts.
02-06-2024 19:17:01.838 INFO  DispatchManager [19486 searchOrchestrator] - DispatchManager::dispatchHasFinished(id='scheduler__nobody_c3BsdW5rX2FyY2hpdmVy__RMD5473cbac83d6c9db7_at_1707247020_4', username='splunk-system-user')
02-06-2024 19:17:01.838 INFO  UserManager [19486 searchOrchestrator] - Unwound user context: splunk-system-user -> NULL
02-06-2024 19:17:01.838 INFO  SearchStatusEnforcer [19479 RunDispatch] - SearchStatusEnforcer is already terminated
02-06-2024 19:17:01.838 INFO  UserManager [19479 RunDispatch] - Unwound user context: splunk-system-user -> NULL
02-06-2024 19:17:01.838 INFO  LookupDataProvider [19479 RunDispatch] - Clearing out lookup shared provider map
02-06-2024 19:17:01.838 INFO  dispatchRunner [4943 MainThread] - RunDispatch is done: sid=scheduler__nobody_c3BsdW5rX2FyY2hpdmVy__RMD5473cbac83d6c9db7_at_1707247020_4, exit=0
