02-06-2024 20:25:42.710 INFO  dispatchRunner [29684 MainThread] - Search process mode: preforked (reused process) (build b985591d12fd).
02-06-2024 20:25:42.710 INFO  dispatchRunner [29684 MainThread] - registering build time modules, count=1
02-06-2024 20:25:42.710 INFO  dispatchRunner [29684 MainThread] - registering search time components of build time module name=vix
02-06-2024 20:25:42.711 INFO  BundlesSetup [29684 MainThread] - Setup stats for /opt/splunk/etc: wallclock_elapsed_msec=9, cpu_time_used=0.00942293, shared_services_generation=2, shared_services_population=1
02-06-2024 20:25:42.728 INFO  UserManagerPro [29684 MainThread] - Load authentication: forcing roles="admin, can_delete, power, user"
02-06-2024 20:25:42.731 INFO  UserManager [22599 RunDispatch] - Setting user context: splunk-system-user
02-06-2024 20:25:42.731 INFO  UserManager [22599 RunDispatch] - Done setting user context: NULL -> splunk-system-user
02-06-2024 20:25:42.731 INFO  UserManager [22599 RunDispatch] - Unwound user context: splunk-system-user -> NULL
02-06-2024 20:25:42.731 INFO  UserManager [22599 RunDispatch] - Setting user context: admin
02-06-2024 20:25:42.731 INFO  UserManager [22599 RunDispatch] - Done setting user context: NULL -> admin
02-06-2024 20:25:42.735 INFO  dispatchRunner [22599 RunDispatch] - search context: user="admin", app="search", bs-pathname="/opt/splunk/etc"
02-06-2024 20:25:42.735 INFO  SearchParser [22599 RunDispatch] - PARSING: search index=bcgames source=*dreamcrusher.xml*
02-06-2024 20:25:42.735 INFO  dispatchRunner [22599 RunDispatch] - Search running in non-clustered mode
02-06-2024 20:25:42.735 INFO  dispatchRunner [22599 RunDispatch] - SearchHeadInitSearchMs=3
02-06-2024 20:25:42.735 INFO  dispatchRunner [22599 RunDispatch] - Executing the Search orchestrator and iterator model (dfs=false).
02-06-2024 20:25:42.739 INFO  SearchOrchestrator [22599 RunDispatch] - SearchOrchestrator getting constructed
02-06-2024 20:25:42.739 INFO  SearchOrchestrator [22599 RunDispatch] -  Initialized the SRI
02-06-2024 20:25:42.740 INFO  SearchFeatureFlags [22599 RunDispatch] - Initializing feature flags from config. feature_seed=1480240202
02-06-2024 20:25:42.740 INFO  SearchFeatureFlags [22599 RunDispatch] - Setting feature_flag=parallelreduce:enablePreview:true
02-06-2024 20:25:42.740 INFO  SearchFeatureFlags [22599 RunDispatch] - Setting feature_flag=search:search_retry:false
02-06-2024 20:25:42.740 INFO  SearchFeatureFlags [22599 RunDispatch] - Setting feature_flag=search:search_retry_realtime:false
02-06-2024 20:25:42.740 INFO  SearchFeatureFlags [22599 RunDispatch] - Setting feature_flag=parallelreduce:autoAppliedPercentage:false
02-06-2024 20:25:42.740 INFO  SearchFeatureFlags [22599 RunDispatch] - Setting feature_flag=subsearch:enableConcurrentPipelineProcessing:false
02-06-2024 20:25:42.740 INFO  SearchFeatureFlags [22599 RunDispatch] - Setting feature_flag=stats:allow_stats_v2:true
02-06-2024 20:25:42.740 INFO  SearchFeatureFlags [22599 RunDispatch] - Setting feature_flag=search_optimization::set_required_fields:stats:false
02-06-2024 20:25:42.740 INFO  SearchFeatureFlags [22599 RunDispatch] - Setting feature_flag=searchresults:srs2:false
02-06-2024 20:25:42.740 INFO  SearchFeatureFlags [22599 RunDispatch] - Setting feature_flag=search:read_final_results_from_timeliner:true
02-06-2024 20:25:42.740 INFO  SearchOrchestrator [22599 RunDispatch] - Search feature_flags={"v":1,"enabledFeatures":["parallelreduce:enablePreview","stats:allow_stats_v2","search:read_final_results_from_timeliner"],"disabledFeatures":["search:search_retry","search:search_retry_realtime","parallelreduce:autoAppliedPercentage","subsearch:enableConcurrentPipelineProcessing","search_optimization::set_required_fields:stats","searchresults:srs2"]}
02-06-2024 20:25:42.740 INFO  ISplunkDispatch [22599 RunDispatch] - Not running in splunkd. Bundle replication not triggered.
02-06-2024 20:25:42.753 INFO  SearchOrchestrator [22602 searchOrchestrator] - Initialzing the run time settings for the orchestrator.
02-06-2024 20:25:42.753 INFO  UserManager [22602 searchOrchestrator] - Setting user context: admin
02-06-2024 20:25:42.753 INFO  UserManager [22602 searchOrchestrator] - Done setting user context: NULL -> admin
02-06-2024 20:25:42.755 INFO  AdaptiveSearchEngineSelector [22602 searchOrchestrator] - Search execution_plan=classic
02-06-2024 20:25:42.755 INFO  SearchOrchestrator [22602 searchOrchestrator] - Creating the search DAG.
02-06-2024 20:25:42.755 INFO  SearchParser [22602 searchOrchestrator] - PARSING: search index=bcgames source=*dreamcrusher.xml*
02-06-2024 20:25:42.755 INFO  DispatchStorageManagerInfo [22602 searchOrchestrator] - Successfully created new dispatch directory for search job. sid=5cd2ee47c24df085_tmp dispatch_dir=/opt/splunk/var/run/splunk/dispatch/5cd2ee47c24df085_tmp
02-06-2024 20:25:42.794 INFO  SearchProcessor [22602 searchOrchestrator] - Building search filter
02-06-2024 20:25:42.829 INFO  SearchEvaluatorBasedExpander [22602 searchOrchestrator] -  Performing lookup expansions
02-06-2024 20:25:42.829 INFO  SearchEvaluatorBasedExpander [22602 searchOrchestrator] -  Lookup expansion took 0 ms
02-06-2024 20:25:42.829 INFO  SearchEvaluatorBasedExpander [22602 searchOrchestrator] -  Performing calculated field expansions
02-06-2024 20:25:42.829 INFO  SearchEvaluatorBasedExpander [22602 searchOrchestrator] -  Calculated field expansion took 0 ms
02-06-2024 20:25:42.829 INFO  SearchEvaluatorBasedExpander [22602 searchOrchestrator] -  Performing field alias expansions
02-06-2024 20:25:42.829 INFO  SearchEvaluatorBasedExpander [22602 searchOrchestrator] -  field alias expansions took 0 ms
02-06-2024 20:25:42.829 INFO  SearchEvaluatorBasedExpander [22602 searchOrchestrator] -  Performing kvfield expansions
02-06-2024 20:25:42.829 INFO  SearchEvaluatorBasedExpander [22602 searchOrchestrator] -  kvfield expansions took 0 ms
02-06-2024 20:25:42.829 INFO  SearchEvaluatorBasedExpander [22602 searchOrchestrator] -  Performing indexed fields expansions
02-06-2024 20:25:42.829 INFO  SearchEvaluatorBasedExpander [22602 searchOrchestrator] -  indexed fields expansions took 0 ms
02-06-2024 20:25:42.829 INFO  SearchEvaluatorBasedExpander [22602 searchOrchestrator] -  Performing reverse sourcetype expansions
02-06-2024 20:25:42.829 INFO  SearchEvaluatorBasedExpander [22602 searchOrchestrator] -  sourcetype expansions took 0 ms
02-06-2024 20:25:42.829 INFO  UnifiedSearch [22602 searchOrchestrator] - Expanded index search = (index=bcgames source=*dreamcrusher.xml*)
02-06-2024 20:25:42.830 INFO  UnifiedSearch [22602 searchOrchestrator] - base lispy: [ AND index::bcgames source::*dreamcrusher.xml* ]
02-06-2024 20:25:42.830 INFO  UnifiedSearch [22602 searchOrchestrator] - No indexes to search
02-06-2024 20:25:42.830 INFO  UnifiedSearch [22602 searchOrchestrator] - Processed search targeting arguments
02-06-2024 20:25:42.830 INFO  DispatchThread [22602 searchOrchestrator] - BatchMode: allowBatchMode: 0, conf(1): 1, timeline/Status buckets(0):0, realtime(0):0, report pipe empty(0):1, reqTimeOrder(0):0, summarize(0):0, statefulStreaming(0):0
02-06-2024 20:25:42.831 INFO  DispatchThread [22602 searchOrchestrator] - Setup timeliner partialCommits=1
02-06-2024 20:25:42.831 INFO  DispatchThread [22602 searchOrchestrator] - required fields list to add to remote search = _bkt,_cd,_si,host,index,linecount,source,sourcetype,splunk_server
02-06-2024 20:25:42.831 INFO  SearchParser [22602 searchOrchestrator] - PARSING: fields keepcolorder=t "_bkt" "_cd" "_si" "host" "index" "linecount" "source" "sourcetype" "splunk_server"
02-06-2024 20:25:42.831 INFO  DispatchCommandProcessor [22602 searchOrchestrator] - summaryHash=4f2248f9861243f9 summaryId=51367ECF-193E-4082-849C-4DF59054FDA5_search_admin_4f2248f9861243f9 remoteSearch=litsearch (index=bcgames source=*dreamcrusher.xml*) | fields  keepcolorder=t "_bkt" "_cd" "_si" "host" "index" "linecount" "source" "sourcetype" "splunk_server"
02-06-2024 20:25:42.831 INFO  DispatchCommandProcessor [22602 searchOrchestrator] - summaryHash=NS8f0cd288e07698d8 summaryId=51367ECF-193E-4082-849C-4DF59054FDA5_search_admin_NS8f0cd288e07698d8 remoteSearch=litsearch (index=bcgames source=*dreamcrusher.xml*) | fields keepcolorder=t "_bkt" "_cd" "_si" "host" "index" "linecount" "source" "sourcetype" "splunk_server"
02-06-2024 20:25:42.831 INFO  DispatchThread [22602 searchOrchestrator] - Getting summary ID for summaryHash=NS8f0cd288e07698d8
02-06-2024 20:25:42.833 INFO  SearchParser [22602 searchOrchestrator] - PARSING: search index=bcgames source=*dreamcrusher.xml*
02-06-2024 20:25:42.833 INFO  UnifiedSearch [22602 searchOrchestrator] - Processed search targeting arguments
02-06-2024 20:25:42.833 INFO  AstOptimizer [22602 searchOrchestrator] - SrchOptMetrics optimize_toJson=0.000734622
02-06-2024 20:25:42.833 INFO  AstVisitorFactory [22602 searchOrchestrator] - Not building visitor : replace_datamodel_stats_cmds_with_tstats
02-06-2024 20:25:42.834 INFO  SearchParser [22602 searchOrchestrator] - PARSING: | search (index=bcgames source=*dreamcrusher.xml*)
02-06-2024 20:25:42.834 INFO  FederatedInfo [22602 searchOrchestrator] - No federated search providers defined.
02-06-2024 20:25:42.834 INFO  ReplaceTableWithFieldsVisitor [22602 searchOrchestrator] - search_optimization::replace_table_with_fields disabled due to VERBOSE Mode search
02-06-2024 20:25:42.834 INFO  AstVisitorFactory [22602 searchOrchestrator] - Not building visitor : replace_table_with_fields
02-06-2024 20:25:42.834 INFO  ProjElim [22602 searchOrchestrator] - Black listed processors=[addinfo]
02-06-2024 20:25:42.834 INFO  ReplaceWithTstatsVisitorBase [22602 searchOrchestrator] - Cannot build ReplaceWithTstatsVisitorBase as we need to generate a timeline (info._buckets = true)
02-06-2024 20:25:42.834 INFO  AstVisitorFactory [22602 searchOrchestrator] - Not building visitor : replace_stats_cmds_with_tstats
02-06-2024 20:25:42.834 INFO  ReplaceWithTstatsVisitorBase [22602 searchOrchestrator] - Cannot build ReplaceWithTstatsVisitorBase as we need to generate a timeline (info._buckets = true)
02-06-2024 20:25:42.834 INFO  AstVisitorFactory [22602 searchOrchestrator] - Not building visitor : replace_chart_cmds_with_tstats
02-06-2024 20:25:42.834 INFO  AstOptimizer [22602 searchOrchestrator] - SrchOptMetrics optimization=0.000569199
02-06-2024 20:25:42.834 INFO  SearchPhaseGenerator [22602 searchOrchestrator] - Optimized Search =| search (index=bcgames source=*dreamcrusher.xml*)
02-06-2024 20:25:42.834 INFO  ScopedTimer [22602 searchOrchestrator] - search.optimize 0.001853462
02-06-2024 20:25:42.834 INFO  FederatedProviderVisitor [22602 searchOrchestrator] - Federated Whole Search Remote Execution Enabled: false
02-06-2024 20:25:42.835 INFO  SearchPhaseGenerator [22602 searchOrchestrator] - Number of involved federated deployments is 0.
02-06-2024 20:25:42.836 INFO  PhaseToPipelineVisitor [22602 searchOrchestrator] - Phase Search = | search (index=bcgames source=*dreamcrusher.xml*)
02-06-2024 20:25:42.836 INFO  SearchParser [22602 searchOrchestrator] - PARSING: | search (index=bcgames source=*dreamcrusher.xml*)
02-06-2024 20:25:42.851 INFO  SearchProcessor [22602 searchOrchestrator] - Building search filter
02-06-2024 20:25:42.864 INFO  SearchEvaluatorBasedExpander [22602 searchOrchestrator] -  Performing lookup expansions
02-06-2024 20:25:42.864 INFO  SearchEvaluatorBasedExpander [22602 searchOrchestrator] -  Lookup expansion took 0 ms
02-06-2024 20:25:42.864 INFO  SearchEvaluatorBasedExpander [22602 searchOrchestrator] -  Performing calculated field expansions
02-06-2024 20:25:42.864 INFO  SearchEvaluatorBasedExpander [22602 searchOrchestrator] -  Calculated field expansion took 0 ms
02-06-2024 20:25:42.864 INFO  SearchEvaluatorBasedExpander [22602 searchOrchestrator] -  Performing field alias expansions
02-06-2024 20:25:42.864 INFO  SearchEvaluatorBasedExpander [22602 searchOrchestrator] -  field alias expansions took 0 ms
02-06-2024 20:25:42.864 INFO  SearchEvaluatorBasedExpander [22602 searchOrchestrator] -  Performing kvfield expansions
02-06-2024 20:25:42.864 INFO  SearchEvaluatorBasedExpander [22602 searchOrchestrator] -  kvfield expansions took 0 ms
02-06-2024 20:25:42.864 INFO  SearchEvaluatorBasedExpander [22602 searchOrchestrator] -  Performing indexed fields expansions
02-06-2024 20:25:42.864 INFO  SearchEvaluatorBasedExpander [22602 searchOrchestrator] -  indexed fields expansions took 0 ms
02-06-2024 20:25:42.864 INFO  SearchEvaluatorBasedExpander [22602 searchOrchestrator] -  Performing reverse sourcetype expansions
02-06-2024 20:25:42.864 INFO  SearchEvaluatorBasedExpander [22602 searchOrchestrator] -  sourcetype expansions took 0 ms
02-06-2024 20:25:42.864 INFO  UnifiedSearch [22602 searchOrchestrator] - Expanded index search = (index=bcgames source=*dreamcrusher.xml*)
02-06-2024 20:25:42.867 INFO  UnifiedSearch [22602 searchOrchestrator] - base lispy: [ AND index::bcgames source::*dreamcrusher.xml* ]
02-06-2024 20:25:42.867 INFO  UnifiedSearch [22602 searchOrchestrator] - No indexes to search
02-06-2024 20:25:42.867 INFO  UnifiedSearch [22602 searchOrchestrator] - Processed search targeting arguments
02-06-2024 20:25:42.867 INFO  PhaseToPipelineVisitor [22602 searchOrchestrator] - Phase Search = 
02-06-2024 20:25:42.867 INFO  SearchPipeline [22602 searchOrchestrator] - ReportSearch=0 AllowBatchMode=0
02-06-2024 20:25:42.867 INFO  SearchPhaseParserControl [22602 searchOrchestrator] - Adding SimpleResultsCombiner to merge remote input into correct time order.
02-06-2024 20:25:42.867 INFO  SearchParser [22602 searchOrchestrator] - PARSING: simpleresultcombiner max=0
02-06-2024 20:25:42.868 INFO  SearchPhaseGenerator [22602 searchOrchestrator] - Storing only 1000 events per timeline buckets due to limits.conf max_events_per_bucket setting.
02-06-2024 20:25:42.868 INFO  SearchPhaseGenerator [22602 searchOrchestrator] - Timeline information will be computed remotely
02-06-2024 20:25:42.868 INFO  SearchPhaseGenerator [22602 searchOrchestrator] - No need for RTWindowProcessor
02-06-2024 20:25:42.868 INFO  SearchPhaseGenerator [22602 searchOrchestrator] - Adding timeliner to final phase
02-06-2024 20:25:42.868 INFO  SearchParser [22602 searchOrchestrator] - PARSING: | timeliner remote=1 partial_commits=1 max_events_per_bucket=1000 fieldstats_update_maxperiod=60 bucket=300
02-06-2024 20:25:42.868 INFO  TimelineCreator [22602 searchOrchestrator] - Creating timeline with remote=1 partialCommits=1 commitFreq=0 syncKSFreq=0 maxSyncKSPeriodTime=60000 bucket=300 latestTime=1707251142.000000 earliestTime=1706644800.000000
02-06-2024 20:25:42.869 INFO  SimpleResultsCombiner [22602 searchOrchestrator] - Base tmp dir removed.
02-06-2024 20:25:42.869 INFO  SearchPhaseGenerator [22602 searchOrchestrator] - required fields list to add to different pipelines = _bkt,_cd,_si,host,index,linecount,source,sourcetype,splunk_server
02-06-2024 20:25:42.869 INFO  SearchPhaseGenerator [22602 searchOrchestrator] - Remote Timeliner= | remotetl nb=300 et=1706644800.000000 lt=1707251142.000000 remove=true max_count=1000 max_prefetch=100
02-06-2024 20:25:42.869 INFO  SearchPhaseGenerator [22602 searchOrchestrator] - Fileds=fields keepcolorder=t "_bkt" "_cd" "_si" "host" "index" "linecount" "source" "sourcetype" "splunk_server" | remotetl nb=300 et=1706644800.000000 lt=1707251142.000000 remove=true max_count=1000 max_prefetch=100
02-06-2024 20:25:42.869 INFO  SearchPhaseGenerator [22602 searchOrchestrator] - REMOTE TIMELINER ADDED
02-06-2024 20:25:42.869 INFO  SearchParser [22602 searchOrchestrator] - PARSING: fields keepcolorder=t "_bkt" "_cd" "_si" "host" "index" "linecount" "source" "sourcetype" "splunk_server" | remotetl nb=300 et=1706644800.000000 lt=1707251142.000000 remove=true max_count=1000 max_prefetch=100
02-06-2024 20:25:42.869 INFO  SearchPhaseGenerator [22602 searchOrchestrator] - Search Phases created.
02-06-2024 20:25:42.870 INFO  SearchOrchestrator [22602 searchOrchestrator] - Preview is enabled for Search Head only. (preview_algorithm=SEARCH_HEAD)
02-06-2024 20:25:42.870 INFO  UserManager [22602 searchOrchestrator] - Setting user context: admin
02-06-2024 20:25:42.870 INFO  UserManager [22602 searchOrchestrator] - Done setting user context: admin -> admin
02-06-2024 20:25:42.870 INFO  UserManager [22602 searchOrchestrator] - Unwound user context: admin -> admin
02-06-2024 20:25:42.870 INFO  DistributedSearchResultCollectionManager [22602 searchOrchestrator] - Stream search: litsearch (index=bcgames source=*dreamcrusher.xml*) | fields  keepcolorder=t "_bkt" "_cd" "_si" "host" "index" "linecount" "source" "sourcetype" "splunk_server"  | remotetl  nb=300 et=1706644800.000000 lt=1707251142.000000 remove=true max_count=1000 max_prefetch=100
02-06-2024 20:25:42.870 INFO  ExternalResultProvider [22602 searchOrchestrator] - No external result providers are configured
02-06-2024 20:25:42.870 INFO  DistributedSearchResultCollectionManager [22602 searchOrchestrator] - ERP_FACTORY initialized, but zero external result provider, hence disabling _isERPCollectionEnabled
02-06-2024 20:25:42.870 INFO  DistributedSearchResultCollectionManager [22602 searchOrchestrator] - results_queue_read_timeout_sec=900.000 send_timeout=30.000 connect_timeout=10.000 receive_timeout=600.000
02-06-2024 20:25:42.870 INFO  DistributedSearchResultCollectionManager [22602 searchOrchestrator] - Default search group:*
02-06-2024 20:25:42.870 INFO  DistributedSearchResultCollectionManager [22602 searchOrchestrator] - Connecting to peer GOEL-Indexer1 connectAll 0 connectToSpecificPeer 1
02-06-2024 20:25:42.870 INFO  DistributedSearchResultCollectionManager [22602 searchOrchestrator] - Connecting to peer GOEL-Indexer2 connectAll 0 connectToSpecificPeer 1
02-06-2024 20:25:42.870 INFO  DistributedSearchResultCollectionManager [22602 searchOrchestrator] - Connecting to peer GOEL-Indexer3 connectAll 0 connectToSpecificPeer 1
02-06-2024 20:25:42.870 INFO  SearchTargeter [22602 searchOrchestrator] - Index list is not available for GOEL-SearchHead targeting based on splunk_server and splunk_server_group only
02-06-2024 20:25:42.870 INFO  DistributedSearchResultCollectionManager [22602 searchOrchestrator] - Connecting to peer GOEL-SearchHead connectAll 0 connectToSpecificPeer 1
02-06-2024 20:25:42.873 INFO  DistributedSearchResultCollectionManager [22602 searchOrchestrator] - Successfully created search result collector for peer=GOEL-Indexer1 in 0.003 seconds
02-06-2024 20:25:42.886 INFO  DistributedSearchResultCollectionManager [22602 searchOrchestrator] - Successfully created search result collector for peer=GOEL-Indexer2 in 0.014 seconds
02-06-2024 20:25:42.889 INFO  DistributedSearchResultCollectionManager [22602 searchOrchestrator] - Successfully created search result collector for peer=GOEL-Indexer3 in 0.003 seconds
02-06-2024 20:25:42.891 INFO  SearchPhaseGenerator [22602 searchOrchestrator] - Time spends on creating distributed search results infrastructure; dispatchcreatedSearchResultInfrastructure=0.020811335 seconds.
02-06-2024 20:25:42.891 INFO  SearchOrchestrator [22602 searchOrchestrator] - Starting the status control thread.
02-06-2024 20:25:42.891 INFO  SearchOrchestrator [22602 searchOrchestrator] - Starting phase=1
02-06-2024 20:25:42.891 INFO  UserManager [22607 StatusEnforcerThread] - Setting user context: admin
02-06-2024 20:25:42.891 INFO  UserManager [22607 StatusEnforcerThread] - Done setting user context: NULL -> admin
02-06-2024 20:25:42.891 INFO  SearchStatusEnforcer [22607 StatusEnforcerThread] - Enforcing disk quota = 10485760000
02-06-2024 20:25:42.891 INFO  PreviewExecutor [22607 StatusEnforcerThread] - Preview Enforcing initialization done
02-06-2024 20:25:42.899 INFO  UserManager [22610 SearchResultExecutorThread] - Setting user context: admin
02-06-2024 20:25:42.899 INFO  UserManager [22610 SearchResultExecutorThread] - Done setting user context: NULL -> admin
02-06-2024 20:25:42.899 INFO  UserManager [22612 phase_1] - Setting user context: admin
02-06-2024 20:25:42.899 INFO  UserManager [22612 phase_1] - Done setting user context: NULL -> admin
02-06-2024 20:25:42.899 INFO  ReducePhaseExecutor [22612 phase_1] - Starting phase_1
02-06-2024 20:25:42.899 INFO  UserManager [22611 localCollectorThread] - Setting user context: admin
02-06-2024 20:25:42.899 INFO  UserManager [22611 localCollectorThread] - Done setting user context: NULL -> admin
02-06-2024 20:25:42.899 INFO  SearchParser [22611 localCollectorThread] - PARSING: litsearch (index=bcgames source=*dreamcrusher.xml*) | fields  keepcolorder=t "_bkt" "_cd" "_si" "host" "index" "linecount" "source" "sourcetype" "splunk_server"  | remotetl  nb=300 et=1706644800.000000 lt=1707251142.000000 remove=true max_count=1000 max_prefetch=100
02-06-2024 20:25:42.920 INFO  TimelineCreator [22612 phase_1] - Commit timeline at cursor=2147483647.000000
02-06-2024 20:25:42.920 INFO  TimelineCreator [22612 phase_1] - Commit timeline at cursor=2147483647.000000
02-06-2024 20:25:42.922 INFO  TimelineCreator [22612 phase_1] - Commit timeline at cursor=2147483647.000000
02-06-2024 20:25:42.940 INFO  UnifiedSearch [22611 localCollectorThread] - No indexes to search
02-06-2024 20:25:42.940 INFO  SearchParser [22611 localCollectorThread] - PARSING: typer | tags
02-06-2024 20:25:42.942 INFO  FastTyper [22611 localCollectorThread] - found nodes count: comparisons=6, unique_comparisons=5, terms=4, unique_terms=4, phrases=12, unique_phrases=12, total leaves=22
02-06-2024 20:25:42.955 INFO  UnifiedSearch [22611 localCollectorThread] - Initialization of search data structures took 16 ms
02-06-2024 20:25:42.955 INFO  UnifiedSearch [22611 localCollectorThread] - Processed search targeting arguments
02-06-2024 20:25:42.955 INFO  LocalCollector [22611 localCollectorThread] - Final required fields list = _bkt,_cd,_si,host,index,linecount,source,sourcetype,splunk_server
02-06-2024 20:25:42.955 INFO  UserManager [22611 localCollectorThread] - Unwound user context: admin -> NULL
02-06-2024 20:25:42.955 INFO  UserManager [22611 localCollectorThread] - Setting user context: admin
02-06-2024 20:25:42.955 INFO  UserManager [22611 localCollectorThread] - Done setting user context: NULL -> admin
02-06-2024 20:25:42.956 INFO  UserManager [22611 localCollectorThread] - Unwound user context: admin -> NULL
02-06-2024 20:25:42.957 INFO  TimelineCreator [22612 phase_1] - Commit timeline at cursor=0.000000
02-06-2024 20:25:42.957 INFO  TimelineCreator [22612 phase_1] - Commit timeline at cursor=0.000000
02-06-2024 20:25:42.957 INFO  TimelineCreator [22612 phase_1] - Commit timeline at cursor=0.000000
02-06-2024 20:25:42.957 INFO  UserManager [22610 SearchResultExecutorThread] - Unwound user context: admin -> NULL
02-06-2024 20:25:42.957 INFO  TimelineCreator [22612 phase_1] - Commit timeline at cursor=0.000000
02-06-2024 20:25:42.957 INFO  ResultsCollationProcessor [22612 phase_1] - Writing remote_event_providers.csv to disk
02-06-2024 20:25:42.980 INFO  DownloadRemoteDataTransaction [22612 phase_1] - Downloading logs from all remote event providers
02-06-2024 20:25:42.992 INFO  ReducePhaseExecutor [22612 phase_1] - Downloading all remote search.log files took 0.013 seconds
02-06-2024 20:25:42.992 INFO  DownloadRemoteDataTransaction [22612 phase_1] - Downloading logs from all remote event providers
02-06-2024 20:25:43.007 INFO  ReducePhaseExecutor [22612 phase_1] - Downloading all remote search_telemetry.json files took 0.016 seconds
02-06-2024 20:25:43.007 INFO  ReducePhaseExecutor [22612 phase_1] - Ending phase_1
02-06-2024 20:25:43.007 INFO  UserManager [22612 phase_1] - Unwound user context: admin -> NULL
02-06-2024 20:25:43.010 INFO  UserManager [22607 StatusEnforcerThread] - Unwound user context: admin -> NULL
02-06-2024 20:25:43.011 INFO  DispatchManager [22602 searchOrchestrator] - DispatchManager::dispatchHasFinished(id='1707251142.26', username='admin')
02-06-2024 20:25:43.011 INFO  UserManager [22602 searchOrchestrator] - Unwound user context: admin -> NULL
02-06-2024 20:25:43.013 INFO  SearchStatusEnforcer [22599 RunDispatch] - SearchStatusEnforcer is already terminated
02-06-2024 20:25:43.013 INFO  UserManager [22599 RunDispatch] - Unwound user context: admin -> NULL
02-06-2024 20:25:43.013 INFO  LookupDataProvider [22599 RunDispatch] - Clearing out lookup shared provider map
02-06-2024 20:25:43.015 INFO  dispatchRunner [29684 MainThread] - RunDispatch is done: sid=1707251142.26, exit=0
