02-06-2024 03:04:55.443 +0000 INFO  SavedSplunker - Starting SavedSearchFetcher thread
02-06-2024 03:04:55.446 +0000 INFO  SavedSplunker - async_saved_search_fetch has been activated with an interval of 30.000 seconds.
02-06-2024 03:05:26.027 +0000 INFO  SavedSplunker - savedsearch_id="nobody;splunk_monitoring_console;DMC Asset - Build Standalone Asset Table", search_type="scheduled", search_streaming=0, user="nobody", app="splunk_monitoring_console", savedsearch_name="DMC Asset - Build Standalone Asset Table", priority=default, status=success, digest_mode=1, durable_cursor=0, scheduled_time=1707188694, window_time=0, dispatch_time=1707188725, run_time=0.340, result_count=4, alert_actions="populate_lookup", sid="scheduler__nobody_c3BsdW5rX21vbml0b3JpbmdfY29uc29sZQ__RMD54740dfff07b17ef1_at_1707188694_0", suppressed=0, action_time_ms=9, thread_id="AlertNotifierWorker-0", workload_pool=""
02-06-2024 03:05:45.803 +0000 ERROR SavedSplunker - savedsearch_id="nobody;splunk_rapid_diag;RapidDiag Telemetry: UI access statistics", message="Error in 'EvalCommand': Failed to parse the provided arguments. Usage: eval dest_key = expression.". No actions executed
02-06-2024 03:06:00.807 +0000 INFO  SavedSplunker - DCSS: completed reading history for continuous scheduled searches
02-06-2024 03:08:35.108 +0000 INFO  SavedSplunker - Shutting down the SavedSearchFetcher thread
02-06-2024 03:08:35.108 +0000 INFO  SavedSplunker - Ending SavedSearchFetcher thread
02-06-2024 03:08:49.114 +0000 INFO  SavedSplunker - Starting SavedSearchFetcher thread
02-06-2024 03:08:49.114 +0000 INFO  SavedSplunker - async_saved_search_fetch has been activated with an interval of 30.000 seconds.
02-06-2024 03:09:19.125 +0000 INFO  SavedSplunker - DCSS: completed reading history for continuous scheduled searches
02-06-2024 03:09:19.314 +0000 INFO  SavedSearchHistory - Thread started
02-06-2024 03:09:19.323 +0000 INFO  SavedSplunker - savedsearch_id="nobody;splunk_monitoring_console;DMC Asset - Build Standalone Asset Table", search_type="scheduled", search_streaming=0, user="nobody", app="splunk_monitoring_console", savedsearch_name="DMC Asset - Build Standalone Asset Table", priority=default, status=success, digest_mode=1, durable_cursor=0, scheduled_time=1707188928, window_time=0, dispatch_time=1707188959, run_time=0.078, result_count=4, alert_actions="populate_lookup", sid="scheduler__nobody_c3BsdW5rX21vbml0b3JpbmdfY29uc29sZQ__RMD54740dfff07b17ef1_at_1707188928_0", suppressed=0, action_time_ms=7, thread_id="AlertNotifierWorker-0", workload_pool=""
02-06-2024 03:10:00.551 +0000 INFO  SavedSplunker - savedsearch_id="nobody;splunk_rapid_diag;RapidDiag Telemetry: CLI access statistics", search_type="scheduled", search_streaming=0, user="nobody", app="splunk_rapid_diag", savedsearch_name="RapidDiag Telemetry: CLI access statistics", priority=default, status=success, digest_mode=1, durable_cursor=0, scheduled_time=1707189000, window_time=0, dispatch_time=1707189000, run_time=0.276, result_count=0, alert_actions="outputtelemetry", sid="scheduler__nobody_c3BsdW5rX3JhcGlkX2RpYWc__RMD5c90a3aa03262183e_at_1707189000_1", suppressed=0, action_time_ms=67, thread_id="AlertNotifierWorker-0", workload_pool=""
02-06-2024 03:17:01.176 +0000 INFO  SavedSplunker - savedsearch_id="nobody;splunk_archiver;Bucket Copy Trigger", search_type="scheduled", search_streaming=0, user="nobody", app="splunk_archiver", savedsearch_name="Bucket Copy Trigger", priority=default, status=success, digest_mode=1, durable_cursor=0, scheduled_time=1707189420, window_time=0, dispatch_time=1707189420, run_time=0.875, result_count=0, alert_actions="", sid="scheduler__nobody_c3BsdW5rX2FyY2hpdmVy__RMD5473cbac83d6c9db7_at_1707189420_2", suppressed=0, action_time_ms=1, thread_id="AlertNotifierWorker-0", workload_pool=""
02-06-2024 04:17:01.336 +0000 INFO  SavedSplunker - savedsearch_id="nobody;splunk_archiver;Bucket Copy Trigger", search_type="scheduled", search_streaming=0, user="nobody", app="splunk_archiver", savedsearch_name="Bucket Copy Trigger", priority=default, status=success, digest_mode=1, durable_cursor=0, scheduled_time=1707193020, window_time=0, dispatch_time=1707193020, run_time=0.757, result_count=0, alert_actions="", sid="scheduler__nobody_c3BsdW5rX2FyY2hpdmVy__RMD5473cbac83d6c9db7_at_1707193020_3", suppressed=0, action_time_ms=1, thread_id="AlertNotifierWorker-0", workload_pool=""
02-06-2024 05:17:01.293 +0000 INFO  SavedSplunker - savedsearch_id="nobody;splunk_archiver;Bucket Copy Trigger", search_type="scheduled", search_streaming=0, user="nobody", app="splunk_archiver", savedsearch_name="Bucket Copy Trigger", priority=default, status=success, digest_mode=1, durable_cursor=0, scheduled_time=1707196620, window_time=0, dispatch_time=1707196620, run_time=0.757, result_count=0, alert_actions="", sid="scheduler__nobody_c3BsdW5rX2FyY2hpdmVy__RMD5473cbac83d6c9db7_at_1707196620_4", suppressed=0, action_time_ms=2, thread_id="AlertNotifierWorker-0", workload_pool=""
02-06-2024 06:09:15.952 +0000 INFO  SavedSearchHistory - Shut-down started
02-06-2024 06:09:15.952 +0000 INFO  SavedSearchHistory - Thread stopped
02-06-2024 06:09:15.952 +0000 INFO  SavedSearchHistory - Shut-down completed
02-06-2024 06:09:17.997 +0000 INFO  SavedSplunker - Shutting down the SavedSearchFetcher thread
02-06-2024 06:09:17.997 +0000 INFO  SavedSplunker - Ending SavedSearchFetcher thread
02-06-2024 06:09:33.908 +0000 INFO  SavedSplunker - Starting SavedSearchFetcher thread
02-06-2024 06:09:33.914 +0000 INFO  SavedSplunker - async_saved_search_fetch has been activated with an interval of 30.000 seconds.
02-06-2024 06:10:03.925 +0000 INFO  SavedSplunker - DCSS: completed reading history for continuous scheduled searches
02-06-2024 06:10:03.926 +0000 INFO  SavedSearchHistory - Thread started
02-06-2024 06:10:04.137 +0000 INFO  SavedSplunker - savedsearch_id="nobody;splunk_monitoring_console;DMC Asset - Build Standalone Asset Table", search_type="scheduled", search_streaming=0, user="nobody", app="splunk_monitoring_console", savedsearch_name="DMC Asset - Build Standalone Asset Table", priority=default, status=success, digest_mode=1, durable_cursor=0, scheduled_time=1707199772, window_time=0, dispatch_time=1707199803, run_time=0.094, result_count=4, alert_actions="populate_lookup", sid="scheduler__nobody_c3BsdW5rX21vbml0b3JpbmdfY29uc29sZQ__RMD54740dfff07b17ef1_at_1707199772_0", suppressed=0, action_time_ms=6, thread_id="AlertNotifierWorker-0", workload_pool=""
02-06-2024 06:17:01.779 +0000 INFO  SavedSplunker - savedsearch_id="nobody;splunk_archiver;Bucket Copy Trigger", search_type="scheduled", search_streaming=0, user="nobody", app="splunk_archiver", savedsearch_name="Bucket Copy Trigger", priority=default, status=success, digest_mode=1, durable_cursor=0, scheduled_time=1707200220, window_time=0, dispatch_time=1707200220, run_time=0.774, result_count=0, alert_actions="", sid="scheduler__nobody_c3BsdW5rX2FyY2hpdmVy__RMD5473cbac83d6c9db7_at_1707200220_1", suppressed=0, action_time_ms=3, thread_id="AlertNotifierWorker-0", workload_pool=""
02-06-2024 07:17:01.004 +0000 INFO  SavedSplunker - savedsearch_id="nobody;splunk_archiver;Bucket Copy Trigger", search_type="scheduled", search_streaming=0, user="nobody", app="splunk_archiver", savedsearch_name="Bucket Copy Trigger", priority=default, status=success, digest_mode=1, durable_cursor=0, scheduled_time=1707203820, window_time=0, dispatch_time=1707203820, run_time=0.791, result_count=0, alert_actions="", sid="scheduler__nobody_c3BsdW5rX2FyY2hpdmVy__RMD5473cbac83d6c9db7_at_1707203820_2", suppressed=0, action_time_ms=1, thread_id="AlertNotifierWorker-0", workload_pool=""
02-06-2024 07:36:24.886 +0000 INFO  SavedSearchHistory - Shut-down started
02-06-2024 07:36:24.886 +0000 INFO  SavedSearchHistory - Thread stopped
02-06-2024 07:36:24.886 +0000 INFO  SavedSearchHistory - Shut-down completed
02-06-2024 07:36:27.492 +0000 INFO  SavedSplunker - Shutting down the SavedSearchFetcher thread
02-06-2024 07:36:27.492 +0000 INFO  SavedSplunker - Ending SavedSearchFetcher thread
02-06-2024 07:36:44.187 +0000 INFO  SavedSplunker - Starting SavedSearchFetcher thread
02-06-2024 07:36:44.187 +0000 INFO  SavedSplunker - async_saved_search_fetch has been activated with an interval of 30.000 seconds.
02-06-2024 07:37:14.198 +0000 INFO  SavedSplunker - DCSS: completed reading history for continuous scheduled searches
02-06-2024 07:37:14.198 +0000 INFO  SavedSearchHistory - Thread started
02-06-2024 07:37:14.758 +0000 INFO  SavedSplunker - savedsearch_id="nobody;splunk_monitoring_console;DMC Asset - Build Standalone Asset Table", search_type="scheduled", search_streaming=0, user="nobody", app="splunk_monitoring_console", savedsearch_name="DMC Asset - Build Standalone Asset Table", priority=default, status=success, digest_mode=1, durable_cursor=0, scheduled_time=1707205003, window_time=0, dispatch_time=1707205034, run_time=0.261, result_count=4, alert_actions="populate_lookup", sid="scheduler__nobody_c3BsdW5rX21vbml0b3JpbmdfY29uc29sZQ__RMD54740dfff07b17ef1_at_1707205003_0", suppressed=0, action_time_ms=9, thread_id="AlertNotifierWorker-0", workload_pool=""
02-06-2024 08:17:03.183 +0000 INFO  SavedSplunker - savedsearch_id="nobody;splunk_archiver;Bucket Copy Trigger", search_type="scheduled", search_streaming=0, user="nobody", app="splunk_archiver", savedsearch_name="Bucket Copy Trigger", priority=default, status=success, digest_mode=1, durable_cursor=0, scheduled_time=1707207420, window_time=0, dispatch_time=1707207420, run_time=2.854, result_count=0, alert_actions="", sid="scheduler__nobody_c3BsdW5rX2FyY2hpdmVy__RMD5473cbac83d6c9db7_at_1707207420_1", suppressed=0, action_time_ms=2, thread_id="AlertNotifierWorker-0", workload_pool=""
02-06-2024 08:21:56.687 +0000 INFO  SavedSearchHistory - Shut-down started
02-06-2024 08:21:56.687 +0000 INFO  SavedSearchHistory - Thread stopped
02-06-2024 08:21:56.687 +0000 INFO  SavedSearchHistory - Shut-down completed
02-06-2024 08:21:58.637 +0000 INFO  SavedSplunker - Shutting down the SavedSearchFetcher thread
02-06-2024 08:21:58.637 +0000 INFO  SavedSplunker - Ending SavedSearchFetcher thread
02-06-2024 08:22:13.511 +0000 INFO  SavedSplunker - Starting SavedSearchFetcher thread
02-06-2024 08:22:13.511 +0000 INFO  SavedSplunker - async_saved_search_fetch has been activated with an interval of 30.000 seconds.
02-06-2024 08:22:43.520 +0000 INFO  SavedSplunker - DCSS: completed reading history for continuous scheduled searches
02-06-2024 08:22:43.523 +0000 INFO  SavedSearchHistory - Thread started
02-06-2024 08:22:43.757 +0000 INFO  SavedSplunker - savedsearch_id="nobody;splunk_monitoring_console;DMC Asset - Build Standalone Asset Table", search_type="scheduled", search_streaming=0, user="nobody", app="splunk_monitoring_console", savedsearch_name="DMC Asset - Build Standalone Asset Table", priority=default, status=success, digest_mode=1, durable_cursor=0, scheduled_time=1707207732, window_time=0, dispatch_time=1707207763, run_time=0.096, result_count=4, alert_actions="populate_lookup", sid="scheduler__nobody_c3BsdW5rX21vbml0b3JpbmdfY29uc29sZQ__RMD54740dfff07b17ef1_at_1707207732_0", suppressed=0, action_time_ms=4, thread_id="AlertNotifierWorker-0", workload_pool=""
02-06-2024 08:23:08.494 +0000 INFO  SavedSearchHistory - Shut-down started
02-06-2024 08:23:08.494 +0000 INFO  SavedSearchHistory - Thread stopped
02-06-2024 08:23:08.494 +0000 INFO  SavedSearchHistory - Shut-down completed
02-06-2024 08:23:10.562 +0000 INFO  SavedSplunker - Shutting down the SavedSearchFetcher thread
02-06-2024 08:23:10.562 +0000 INFO  SavedSplunker - Ending SavedSearchFetcher thread
02-06-2024 08:23:28.372 +0000 INFO  SavedSplunker - Starting SavedSearchFetcher thread
02-06-2024 08:23:28.374 +0000 INFO  SavedSplunker - async_saved_search_fetch has been activated with an interval of 30.000 seconds.
02-06-2024 08:23:58.382 +0000 INFO  SavedSplunker - DCSS: completed reading history for continuous scheduled searches
02-06-2024 08:23:58.385 +0000 INFO  SavedSearchHistory - Thread started
02-06-2024 08:23:58.597 +0000 INFO  SavedSplunker - savedsearch_id="nobody;splunk_monitoring_console;DMC Asset - Build Standalone Asset Table", search_type="scheduled", search_streaming=0, user="nobody", app="splunk_monitoring_console", savedsearch_name="DMC Asset - Build Standalone Asset Table", priority=default, status=success, digest_mode=1, durable_cursor=0, scheduled_time=1707207807, window_time=0, dispatch_time=1707207838, run_time=0.100, result_count=4, alert_actions="populate_lookup", sid="scheduler__nobody_c3BsdW5rX21vbml0b3JpbmdfY29uc29sZQ__RMD54740dfff07b17ef1_at_1707207807_0", suppressed=0, action_time_ms=4, thread_id="AlertNotifierWorker-0", workload_pool=""
02-06-2024 08:54:10.242 +0000 INFO  SavedSearchHistory - Shut-down started
02-06-2024 08:54:10.242 +0000 INFO  SavedSearchHistory - Thread stopped
02-06-2024 08:54:10.242 +0000 INFO  SavedSearchHistory - Shut-down completed
02-06-2024 08:54:11.532 +0000 INFO  SavedSplunker - Shutting down the SavedSearchFetcher thread
02-06-2024 08:54:11.532 +0000 INFO  SavedSplunker - Ending SavedSearchFetcher thread
02-06-2024 08:54:28.889 +0000 INFO  SavedSplunker - Starting SavedSearchFetcher thread
02-06-2024 08:54:28.915 +0000 INFO  SavedSplunker - async_saved_search_fetch has been activated with an interval of 30.000 seconds.
02-06-2024 08:54:58.924 +0000 INFO  SavedSplunker - DCSS: completed reading history for continuous scheduled searches
02-06-2024 08:54:58.926 +0000 INFO  SavedSearchHistory - Thread started
02-06-2024 08:54:59.150 +0000 INFO  SavedSplunker - savedsearch_id="nobody;splunk_monitoring_console;DMC Asset - Build Standalone Asset Table", search_type="scheduled", search_streaming=0, user="nobody", app="splunk_monitoring_console", savedsearch_name="DMC Asset - Build Standalone Asset Table", priority=default, status=success, digest_mode=1, durable_cursor=0, scheduled_time=1707209667, window_time=0, dispatch_time=1707209698, run_time=0.099, result_count=4, alert_actions="populate_lookup", sid="scheduler__nobody_c3BsdW5rX21vbml0b3JpbmdfY29uc29sZQ__RMD54740dfff07b17ef1_at_1707209667_0", suppressed=0, action_time_ms=3, thread_id="AlertNotifierWorker-0", workload_pool=""
02-06-2024 09:13:26.755 +0000 INFO  SavedSearchHistory - Shut-down started
02-06-2024 09:13:26.755 +0000 INFO  SavedSearchHistory - Thread stopped
02-06-2024 09:13:26.755 +0000 INFO  SavedSearchHistory - Shut-down completed
02-06-2024 09:13:28.107 +0000 INFO  SavedSplunker - Shutting down the SavedSearchFetcher thread
02-06-2024 09:13:28.107 +0000 INFO  SavedSplunker - Ending SavedSearchFetcher thread
02-06-2024 09:13:45.601 +0000 INFO  SavedSplunker - Starting SavedSearchFetcher thread
02-06-2024 09:13:45.601 +0000 INFO  SavedSplunker - async_saved_search_fetch has been activated with an interval of 30.000 seconds.
02-06-2024 09:14:15.625 +0000 INFO  SavedSplunker - DCSS: completed reading history for continuous scheduled searches
02-06-2024 09:14:15.626 +0000 INFO  SavedSearchHistory - Thread started
02-06-2024 09:14:15.837 +0000 INFO  SavedSplunker - savedsearch_id="nobody;splunk_monitoring_console;DMC Asset - Build Standalone Asset Table", search_type="scheduled", search_streaming=0, user="nobody", app="splunk_monitoring_console", savedsearch_name="DMC Asset - Build Standalone Asset Table", priority=default, status=success, digest_mode=1, durable_cursor=0, scheduled_time=1707210824, window_time=0, dispatch_time=1707210855, run_time=0.095, result_count=4, alert_actions="populate_lookup", sid="scheduler__nobody_c3BsdW5rX21vbml0b3JpbmdfY29uc29sZQ__RMD54740dfff07b17ef1_at_1707210824_0", suppressed=0, action_time_ms=10, thread_id="AlertNotifierWorker-0", workload_pool=""
02-06-2024 09:16:29.956 +0000 INFO  SavedSearchHistory - Shut-down started
02-06-2024 09:16:29.956 +0000 INFO  SavedSearchHistory - Thread stopped
02-06-2024 09:16:29.956 +0000 INFO  SavedSearchHistory - Shut-down completed
02-06-2024 09:16:31.748 +0000 INFO  SavedSplunker - Shutting down the SavedSearchFetcher thread
02-06-2024 09:16:31.748 +0000 INFO  SavedSplunker - Ending SavedSearchFetcher thread
02-06-2024 09:16:48.849 +0000 INFO  SavedSplunker - Starting SavedSearchFetcher thread
02-06-2024 09:16:48.860 +0000 INFO  SavedSplunker - async_saved_search_fetch has been activated with an interval of 30.000 seconds.
02-06-2024 09:17:18.869 +0000 INFO  SavedSplunker - DCSS: completed reading history for continuous scheduled searches
02-06-2024 09:17:18.882 +0000 INFO  SavedSearchHistory - Thread started
02-06-2024 09:17:19.397 +0000 INFO  SavedSplunker - savedsearch_id="nobody;splunk_monitoring_console;DMC Asset - Build Standalone Asset Table", search_type="scheduled", search_streaming=0, user="nobody", app="splunk_monitoring_console", savedsearch_name="DMC Asset - Build Standalone Asset Table", priority=default, status=success, digest_mode=1, durable_cursor=0, scheduled_time=1707211007, window_time=0, dispatch_time=1707211038, run_time=0.221, result_count=4, alert_actions="populate_lookup", sid="scheduler__nobody_c3BsdW5rX21vbml0b3JpbmdfY29uc29sZQ__RMD54740dfff07b17ef1_at_1707211007_0", suppressed=0, action_time_ms=13, thread_id="AlertNotifierWorker-0", workload_pool=""
02-06-2024 09:17:20.178 +0000 INFO  SavedSplunker - savedsearch_id="nobody;splunk_archiver;Bucket Copy Trigger", search_type="scheduled", search_streaming=0, user="nobody", app="splunk_archiver", savedsearch_name="Bucket Copy Trigger", priority=default, status=success, digest_mode=1, durable_cursor=0, scheduled_time=1707211020, window_time=0, dispatch_time=1707211038, run_time=1.079, result_count=0, alert_actions="", sid="scheduler__nobody_c3BsdW5rX2FyY2hpdmVy__RMD5473cbac83d6c9db7_at_1707211020_1", suppressed=0, action_time_ms=3, thread_id="AlertNotifierWorker-0", workload_pool=""
02-06-2024 10:17:03.479 +0000 INFO  SavedSplunker - savedsearch_id="nobody;splunk_archiver;Bucket Copy Trigger", search_type="scheduled", search_streaming=0, user="nobody", app="splunk_archiver", savedsearch_name="Bucket Copy Trigger", priority=default, status=success, digest_mode=1, durable_cursor=0, scheduled_time=1707214620, window_time=0, dispatch_time=1707214620, run_time=2.604, result_count=0, alert_actions="", sid="scheduler__nobody_c3BsdW5rX2FyY2hpdmVy__RMD5473cbac83d6c9db7_at_1707214620_2", suppressed=0, action_time_ms=1, thread_id="AlertNotifierWorker-0", workload_pool=""
02-06-2024 11:17:03.502 +0000 INFO  SavedSplunker - savedsearch_id="nobody;splunk_archiver;Bucket Copy Trigger", search_type="scheduled", search_streaming=0, user="nobody", app="splunk_archiver", savedsearch_name="Bucket Copy Trigger", priority=default, status=success, digest_mode=1, durable_cursor=0, scheduled_time=1707218220, window_time=0, dispatch_time=1707218220, run_time=2.452, result_count=0, alert_actions="", sid="scheduler__nobody_c3BsdW5rX2FyY2hpdmVy__RMD5473cbac83d6c9db7_at_1707218220_3", suppressed=0, action_time_ms=2, thread_id="AlertNotifierWorker-0", workload_pool=""
02-06-2024 11:31:45.719 +0000 INFO  SavedSearchHistory - Shut-down started
02-06-2024 11:31:45.719 +0000 INFO  SavedSearchHistory - Thread stopped
02-06-2024 11:31:45.719 +0000 INFO  SavedSearchHistory - Shut-down completed
02-06-2024 11:31:47.557 +0000 INFO  SavedSplunker - Shutting down the SavedSearchFetcher thread
02-06-2024 11:31:47.557 +0000 INFO  SavedSplunker - Ending SavedSearchFetcher thread
02-06-2024 11:32:01.660 +0000 INFO  SavedSplunker - Starting SavedSearchFetcher thread
02-06-2024 11:32:01.660 +0000 INFO  SavedSplunker - async_saved_search_fetch has been activated with an interval of 30.000 seconds.
02-06-2024 11:32:31.672 +0000 INFO  SavedSplunker - DCSS: completed reading history for continuous scheduled searches
02-06-2024 11:32:31.678 +0000 INFO  SavedSearchHistory - Thread started
02-06-2024 11:32:31.906 +0000 INFO  SavedSplunker - savedsearch_id="nobody;splunk_monitoring_console;DMC Asset - Build Standalone Asset Table", search_type="scheduled", search_streaming=0, user="nobody", app="splunk_monitoring_console", savedsearch_name="DMC Asset - Build Standalone Asset Table", priority=default, status=success, digest_mode=1, durable_cursor=0, scheduled_time=1707219120, window_time=0, dispatch_time=1707219151, run_time=0.097, result_count=4, alert_actions="populate_lookup", sid="scheduler__nobody_c3BsdW5rX21vbml0b3JpbmdfY29uc29sZQ__RMD54740dfff07b17ef1_at_1707219120_0", suppressed=0, action_time_ms=10, thread_id="AlertNotifierWorker-0", workload_pool=""
02-06-2024 12:17:03.629 +0000 INFO  SavedSplunker - savedsearch_id="nobody;splunk_archiver;Bucket Copy Trigger", search_type="scheduled", search_streaming=0, user="nobody", app="splunk_archiver", savedsearch_name="Bucket Copy Trigger", priority=default, status=success, digest_mode=1, durable_cursor=0, scheduled_time=1707221820, window_time=0, dispatch_time=1707221820, run_time=2.678, result_count=0, alert_actions="", sid="scheduler__nobody_c3BsdW5rX2FyY2hpdmVy__RMD5473cbac83d6c9db7_at_1707221820_1", suppressed=0, action_time_ms=3, thread_id="AlertNotifierWorker-0", workload_pool=""
02-06-2024 12:47:59.673 +0000 INFO  SavedSearchHistory - Shut-down started
02-06-2024 12:47:59.673 +0000 INFO  SavedSearchHistory - Thread stopped
02-06-2024 12:47:59.673 +0000 INFO  SavedSearchHistory - Shut-down completed
02-06-2024 12:48:01.067 +0000 INFO  SavedSplunker - Shutting down the SavedSearchFetcher thread
02-06-2024 12:48:01.068 +0000 INFO  SavedSplunker - Ending SavedSearchFetcher thread
02-06-2024 12:48:18.557 +0000 INFO  SavedSplunker - Starting SavedSearchFetcher thread
02-06-2024 12:48:18.590 +0000 INFO  SavedSplunker - async_saved_search_fetch has been activated with an interval of 30.000 seconds.
02-06-2024 12:48:48.603 +0000 INFO  SavedSplunker - DCSS: completed reading history for continuous scheduled searches
02-06-2024 12:48:48.605 +0000 INFO  SavedSearchHistory - Thread started
02-06-2024 12:48:48.803 +0000 INFO  SavedSplunker - savedsearch_id="nobody;splunk_monitoring_console;DMC Asset - Build Standalone Asset Table", search_type="scheduled", search_streaming=0, user="nobody", app="splunk_monitoring_console", savedsearch_name="DMC Asset - Build Standalone Asset Table", priority=default, status=success, digest_mode=1, durable_cursor=0, scheduled_time=1707223697, window_time=0, dispatch_time=1707223728, run_time=0.095, result_count=4, alert_actions="populate_lookup", sid="scheduler__nobody_c3BsdW5rX21vbml0b3JpbmdfY29uc29sZQ__RMD54740dfff07b17ef1_at_1707223697_0", suppressed=0, action_time_ms=4, thread_id="AlertNotifierWorker-0", workload_pool=""
02-06-2024 13:17:02.254 +0000 INFO  SavedSplunker - savedsearch_id="nobody;splunk_archiver;Bucket Copy Trigger", search_type="scheduled", search_streaming=0, user="nobody", app="splunk_archiver", savedsearch_name="Bucket Copy Trigger", priority=default, status=success, digest_mode=1, durable_cursor=0, scheduled_time=1707225420, window_time=0, dispatch_time=1707225420, run_time=1.382, result_count=0, alert_actions="", sid="scheduler__nobody_c3BsdW5rX2FyY2hpdmVy__RMD5473cbac83d6c9db7_at_1707225420_1", suppressed=0, action_time_ms=2, thread_id="AlertNotifierWorker-0", workload_pool=""
02-06-2024 14:17:02.538 +0000 INFO  SavedSplunker - savedsearch_id="nobody;splunk_archiver;Bucket Copy Trigger", search_type="scheduled", search_streaming=0, user="nobody", app="splunk_archiver", savedsearch_name="Bucket Copy Trigger", priority=default, status=success, digest_mode=1, durable_cursor=0, scheduled_time=1707229020, window_time=0, dispatch_time=1707229020, run_time=1.381, result_count=0, alert_actions="", sid="scheduler__nobody_c3BsdW5rX2FyY2hpdmVy__RMD5473cbac83d6c9db7_at_1707229020_2", suppressed=0, action_time_ms=1, thread_id="AlertNotifierWorker-0", workload_pool=""
02-06-2024 15:17:02.338 +0000 INFO  SavedSplunker - savedsearch_id="nobody;splunk_archiver;Bucket Copy Trigger", search_type="scheduled", search_streaming=0, user="nobody", app="splunk_archiver", savedsearch_name="Bucket Copy Trigger", priority=default, status=success, digest_mode=1, durable_cursor=0, scheduled_time=1707232620, window_time=0, dispatch_time=1707232620, run_time=1.951, result_count=0, alert_actions="", sid="scheduler__nobody_c3BsdW5rX2FyY2hpdmVy__RMD5473cbac83d6c9db7_at_1707232620_3", suppressed=0, action_time_ms=2, thread_id="AlertNotifierWorker-0", workload_pool=""
02-06-2024 15:29:12.847 +0000 INFO  SavedSearchHistory - Shut-down started
02-06-2024 15:29:12.847 +0000 INFO  SavedSearchHistory - Thread stopped
02-06-2024 15:29:12.847 +0000 INFO  SavedSearchHistory - Shut-down completed
02-06-2024 15:29:14.388 +0000 INFO  SavedSplunker - Shutting down the SavedSearchFetcher thread
02-06-2024 15:29:14.388 +0000 INFO  SavedSplunker - Ending SavedSearchFetcher thread
02-06-2024 15:29:31.703 +0000 INFO  SavedSplunker - Starting SavedSearchFetcher thread
02-06-2024 15:29:31.704 +0000 INFO  SavedSplunker - async_saved_search_fetch has been activated with an interval of 30.000 seconds.
02-06-2024 15:30:01.716 +0000 INFO  SavedSplunker - DCSS: completed reading history for continuous scheduled searches
02-06-2024 15:30:01.722 +0000 INFO  SavedSearchHistory - Thread started
02-06-2024 15:30:01.937 +0000 INFO  SavedSplunker - savedsearch_id="nobody;splunk_monitoring_console;DMC Asset - Build Standalone Asset Table", search_type="scheduled", search_streaming=0, user="nobody", app="splunk_monitoring_console", savedsearch_name="DMC Asset - Build Standalone Asset Table", priority=default, status=success, digest_mode=1, durable_cursor=0, scheduled_time=1707233370, window_time=0, dispatch_time=1707233401, run_time=0.099, result_count=4, alert_actions="populate_lookup", sid="scheduler__nobody_c3BsdW5rX21vbml0b3JpbmdfY29uc29sZQ__RMD54740dfff07b17ef1_at_1707233370_0", suppressed=0, action_time_ms=4, thread_id="AlertNotifierWorker-0", workload_pool=""
02-06-2024 16:17:02.724 +0000 INFO  SavedSplunker - savedsearch_id="nobody;splunk_archiver;Bucket Copy Trigger", search_type="scheduled", search_streaming=0, user="nobody", app="splunk_archiver", savedsearch_name="Bucket Copy Trigger", priority=default, status=success, digest_mode=1, durable_cursor=0, scheduled_time=1707236220, window_time=0, dispatch_time=1707236220, run_time=1.610, result_count=0, alert_actions="", sid="scheduler__nobody_c3BsdW5rX2FyY2hpdmVy__RMD5473cbac83d6c9db7_at_1707236220_1", suppressed=0, action_time_ms=1, thread_id="AlertNotifierWorker-0", workload_pool=""
02-06-2024 17:17:02.779 +0000 INFO  SavedSplunker - savedsearch_id="nobody;splunk_archiver;Bucket Copy Trigger", search_type="scheduled", search_streaming=0, user="nobody", app="splunk_archiver", savedsearch_name="Bucket Copy Trigger", priority=default, status=success, digest_mode=1, durable_cursor=0, scheduled_time=1707239820, window_time=0, dispatch_time=1707239820, run_time=2.475, result_count=0, alert_actions="", sid="scheduler__nobody_c3BsdW5rX2FyY2hpdmVy__RMD5473cbac83d6c9db7_at_1707239820_2", suppressed=0, action_time_ms=3, thread_id="AlertNotifierWorker-0", workload_pool=""
02-06-2024 18:17:02.813 +0000 INFO  SavedSplunker - savedsearch_id="nobody;splunk_archiver;Bucket Copy Trigger", search_type="scheduled", search_streaming=0, user="nobody", app="splunk_archiver", savedsearch_name="Bucket Copy Trigger", priority=default, status=success, digest_mode=1, durable_cursor=0, scheduled_time=1707243420, window_time=0, dispatch_time=1707243420, run_time=2.250, result_count=0, alert_actions="", sid="scheduler__nobody_c3BsdW5rX2FyY2hpdmVy__RMD5473cbac83d6c9db7_at_1707243420_3", suppressed=0, action_time_ms=2, thread_id="AlertNotifierWorker-0", workload_pool=""
02-06-2024 19:17:02.777 +0000 INFO  SavedSplunker - savedsearch_id="nobody;splunk_archiver;Bucket Copy Trigger", search_type="scheduled", search_streaming=0, user="nobody", app="splunk_archiver", savedsearch_name="Bucket Copy Trigger", priority=default, status=success, digest_mode=1, durable_cursor=0, scheduled_time=1707247020, window_time=0, dispatch_time=1707247020, run_time=2.030, result_count=0, alert_actions="", sid="scheduler__nobody_c3BsdW5rX2FyY2hpdmVy__RMD5473cbac83d6c9db7_at_1707247020_4", suppressed=0, action_time_ms=5, thread_id="AlertNotifierWorker-0", workload_pool=""
02-06-2024 19:52:32.634 +0000 INFO  SavedSearchHistory - Shut-down started
02-06-2024 19:52:32.634 +0000 INFO  SavedSearchHistory - Thread stopped
02-06-2024 19:52:32.634 +0000 INFO  SavedSearchHistory - Shut-down completed
02-06-2024 19:52:34.826 +0000 INFO  SavedSplunker - Shutting down the SavedSearchFetcher thread
02-06-2024 19:52:34.826 +0000 INFO  SavedSplunker - Ending SavedSearchFetcher thread
02-06-2024 19:52:49.335 +0000 INFO  SavedSplunker - Starting SavedSearchFetcher thread
02-06-2024 19:52:49.362 +0000 INFO  SavedSplunker - async_saved_search_fetch has been activated with an interval of 30.000 seconds.
02-06-2024 19:53:19.374 +0000 INFO  SavedSplunker - DCSS: completed reading history for continuous scheduled searches
02-06-2024 19:53:19.375 +0000 INFO  SavedSearchHistory - Thread started
02-06-2024 19:53:19.569 +0000 INFO  SavedSplunker - savedsearch_id="nobody;splunk_monitoring_console;DMC Asset - Build Standalone Asset Table", search_type="scheduled", search_streaming=0, user="nobody", app="splunk_monitoring_console", savedsearch_name="DMC Asset - Build Standalone Asset Table", priority=default, status=success, digest_mode=1, durable_cursor=0, scheduled_time=1707249168, window_time=0, dispatch_time=1707249199, run_time=0.083, result_count=4, alert_actions="populate_lookup", sid="scheduler__nobody_c3BsdW5rX21vbml0b3JpbmdfY29uc29sZQ__RMD54740dfff07b17ef1_at_1707249168_0", suppressed=0, action_time_ms=3, thread_id="AlertNotifierWorker-0", workload_pool=""
02-06-2024 20:17:12.315 +0000 INFO  SavedSplunker - savedsearch_id="nobody;splunk_archiver;Bucket Copy Trigger", search_type="scheduled", search_streaming=0, user="nobody", app="splunk_archiver", savedsearch_name="Bucket Copy Trigger", priority=default, status=success, digest_mode=1, durable_cursor=0, scheduled_time=1707250620, window_time=0, dispatch_time=1707250620, run_time=11.739, result_count=0, alert_actions="", sid="scheduler__nobody_c3BsdW5rX2FyY2hpdmVy__RMD5473cbac83d6c9db7_at_1707250620_1", suppressed=0, action_time_ms=1, thread_id="AlertNotifierWorker-0", workload_pool=""
02-06-2024 20:27:00.265 +0000 INFO  SavedSearchHistory - Shut-down started
02-06-2024 20:27:00.265 +0000 INFO  SavedSearchHistory - Thread stopped
02-06-2024 20:27:00.265 +0000 INFO  SavedSearchHistory - Shut-down completed
02-06-2024 20:27:02.616 +0000 INFO  SavedSplunker - Shutting down the SavedSearchFetcher thread
02-06-2024 20:27:02.616 +0000 INFO  SavedSplunker - Ending SavedSearchFetcher thread
02-06-2024 20:27:19.820 +0000 INFO  SavedSplunker - Starting SavedSearchFetcher thread
02-06-2024 20:27:19.821 +0000 INFO  SavedSplunker - async_saved_search_fetch has been activated with an interval of 30.000 seconds.
02-06-2024 20:27:49.833 +0000 INFO  SavedSearchHistory - Thread started
02-06-2024 20:27:49.834 +0000 INFO  SavedSplunker - DCSS: completed reading history for continuous scheduled searches
02-06-2024 20:27:50.057 +0000 INFO  SavedSplunker - savedsearch_id="nobody;splunk_monitoring_console;DMC Asset - Build Standalone Asset Table", search_type="scheduled", search_streaming=0, user="nobody", app="splunk_monitoring_console", savedsearch_name="DMC Asset - Build Standalone Asset Table", priority=default, status=success, digest_mode=1, durable_cursor=0, scheduled_time=1707251238, window_time=0, dispatch_time=1707251269, run_time=0.095, result_count=4, alert_actions="populate_lookup", sid="scheduler__nobody_c3BsdW5rX21vbml0b3JpbmdfY29uc29sZQ__RMD54740dfff07b17ef1_at_1707251238_0", suppressed=0, action_time_ms=4, thread_id="AlertNotifierWorker-0", workload_pool=""
02-06-2024 20:48:14.798 +0000 INFO  SavedSearchHistory - Shut-down started
02-06-2024 20:48:14.798 +0000 INFO  SavedSearchHistory - Thread stopped
02-06-2024 20:48:14.798 +0000 INFO  SavedSearchHistory - Shut-down completed
02-06-2024 20:48:16.056 +0000 INFO  SavedSplunker - Shutting down the SavedSearchFetcher thread
02-06-2024 20:48:16.056 +0000 INFO  SavedSplunker - Ending SavedSearchFetcher thread
02-06-2024 20:48:30.630 +0000 INFO  SavedSplunker - Starting SavedSearchFetcher thread
02-06-2024 20:48:30.654 +0000 INFO  SavedSplunker - async_saved_search_fetch has been activated with an interval of 30.000 seconds.
02-06-2024 20:49:00.670 +0000 INFO  SavedSplunker - DCSS: completed reading history for continuous scheduled searches
02-06-2024 20:49:00.675 +0000 INFO  SavedSearchHistory - Thread started
02-06-2024 20:49:00.984 +0000 INFO  SavedSplunker - savedsearch_id="nobody;splunk_monitoring_console;DMC Asset - Build Standalone Asset Table", search_type="scheduled", search_streaming=0, user="nobody", app="splunk_monitoring_console", savedsearch_name="DMC Asset - Build Standalone Asset Table", priority=default, status=success, digest_mode=1, durable_cursor=0, scheduled_time=1707252509, window_time=0, dispatch_time=1707252540, run_time=0.099, result_count=4, alert_actions="populate_lookup", sid="scheduler__nobody_c3BsdW5rX21vbml0b3JpbmdfY29uc29sZQ__RMD54740dfff07b17ef1_at_1707252509_0", suppressed=0, action_time_ms=4, thread_id="AlertNotifierWorker-0", workload_pool=""
