02-06-2024 03:04:45.145 +0000 WARN  SSLOptions - server.conf/[sslConfig]/sslVerifyServerCert is false disabling certificate validation; must be set to "true" for increased security
02-06-2024 03:04:45.145 +0000 INFO  ServerConfig - No '/opt/splunk/etc/auth/server.pem' certificate found.  Splunkd communication will not work without this.  If this is a fresh installation, this should be OK.
02-06-2024 03:04:45.146 +0000 INFO  ServerConfig - certificateStatusValidationMethod is not set, defaulting to none.
02-06-2024 03:04:45.146 +0000 INFO  ServerConfig - Splunk is starting with EC-SSC disabled
02-06-2024 03:04:45.865 +0000 INFO  loader - Getting configuration data from: /opt/splunk/etc/myinstall/splunkd.xml
02-06-2024 03:04:45.865 +0000 INFO  loader - SPLUNK_MODULE_PATH environment variable not found - defaulting to /opt/splunk/etc/modules
02-06-2024 03:04:45.865 +0000 INFO  loader - loading modules from /opt/splunk/etc/modules
02-06-2024 03:04:45.867 +0000 INFO  loader - Writing out composite configuration file: /opt/splunk/var/run/splunk/composite.xml
02-06-2024 03:04:45.877 +0000 INFO  loader - Validated 11 indexes in 4.756 milliseconds
02-06-2024 03:04:45.936 +0000 WARN  SSLOptions - server.conf/[sslConfig]/sslVerifyServerCert is false disabling certificate validation; must be set to "true" for increased security
02-06-2024 03:04:45.937 +0000 INFO  ServerConfig - certificateStatusValidationMethod is not set, defaulting to none.
02-06-2024 03:04:45.937 +0000 INFO  ServerConfig - Splunk is starting with EC-SSC disabled
02-06-2024 03:04:46.309 +0000 INFO  loader - Getting configuration data from: /opt/splunk/etc/myinstall/splunkd.xml
02-06-2024 03:04:46.309 +0000 INFO  loader - SPLUNK_MODULE_PATH environment variable not found - defaulting to /opt/splunk/etc/modules
02-06-2024 03:04:46.309 +0000 INFO  loader - loading modules from /opt/splunk/etc/modules
02-06-2024 03:04:46.310 +0000 INFO  loader - Writing out composite configuration file: /opt/splunk/var/run/splunk/composite.xml
02-06-2024 03:08:38.827 +0000 WARN  SSLOptions - server.conf/[sslConfig]/sslVerifyServerCert is false disabling certificate validation; must be set to "true" for increased security
02-06-2024 03:08:38.827 +0000 INFO  ServerConfig - certificateStatusValidationMethod is not set, defaulting to none.
02-06-2024 03:08:38.827 +0000 INFO  ServerConfig - Splunk is starting with EC-SSC disabled
02-06-2024 03:08:39.408 +0000 INFO  loader - Getting configuration data from: /opt/splunk/etc/myinstall/splunkd.xml
02-06-2024 03:08:39.408 +0000 INFO  loader - SPLUNK_MODULE_PATH environment variable not found - defaulting to /opt/splunk/etc/modules
02-06-2024 03:08:39.408 +0000 INFO  loader - loading modules from /opt/splunk/etc/modules
02-06-2024 03:08:39.409 +0000 INFO  loader - Writing out composite configuration file: /opt/splunk/var/run/splunk/composite.xml
02-06-2024 03:08:39.420 +0000 INFO  loader - Validated 11 indexes in 4.416 milliseconds
02-06-2024 03:08:39.479 +0000 WARN  SSLOptions - server.conf/[sslConfig]/sslVerifyServerCert is false disabling certificate validation; must be set to "true" for increased security
02-06-2024 03:08:39.479 +0000 INFO  ServerConfig - certificateStatusValidationMethod is not set, defaulting to none.
02-06-2024 03:08:39.479 +0000 INFO  ServerConfig - Splunk is starting with EC-SSC disabled
02-06-2024 03:08:39.856 +0000 INFO  loader - Getting configuration data from: /opt/splunk/etc/myinstall/splunkd.xml
02-06-2024 03:08:39.856 +0000 INFO  loader - SPLUNK_MODULE_PATH environment variable not found - defaulting to /opt/splunk/etc/modules
02-06-2024 03:08:39.856 +0000 INFO  loader - loading modules from /opt/splunk/etc/modules
02-06-2024 03:08:39.857 +0000 INFO  loader - Writing out composite configuration file: /opt/splunk/var/run/splunk/composite.xml
02-06-2024 06:09:23.609 +0000 WARN  SSLOptions - server.conf/[sslConfig]/sslVerifyServerCert is false disabling certificate validation; must be set to "true" for increased security
02-06-2024 06:09:23.609 +0000 INFO  ServerConfig - certificateStatusValidationMethod is not set, defaulting to none.
02-06-2024 06:09:23.609 +0000 INFO  ServerConfig - Splunk is starting with EC-SSC disabled
02-06-2024 06:09:24.261 +0000 INFO  loader - Getting configuration data from: /opt/splunk/etc/myinstall/splunkd.xml
02-06-2024 06:09:24.261 +0000 INFO  loader - SPLUNK_MODULE_PATH environment variable not found - defaulting to /opt/splunk/etc/modules
02-06-2024 06:09:24.261 +0000 INFO  loader - loading modules from /opt/splunk/etc/modules
02-06-2024 06:09:24.262 +0000 INFO  loader - Writing out composite configuration file: /opt/splunk/var/run/splunk/composite.xml
02-06-2024 06:09:24.273 +0000 INFO  loader - Validated 11 indexes in 4.406 milliseconds
02-06-2024 06:09:24.336 +0000 WARN  SSLOptions - server.conf/[sslConfig]/sslVerifyServerCert is false disabling certificate validation; must be set to "true" for increased security
02-06-2024 06:09:24.337 +0000 INFO  ServerConfig - certificateStatusValidationMethod is not set, defaulting to none.
02-06-2024 06:09:24.337 +0000 INFO  ServerConfig - Splunk is starting with EC-SSC disabled
02-06-2024 06:09:24.711 +0000 INFO  loader - Getting configuration data from: /opt/splunk/etc/myinstall/splunkd.xml
02-06-2024 06:09:24.711 +0000 INFO  loader - SPLUNK_MODULE_PATH environment variable not found - defaulting to /opt/splunk/etc/modules
02-06-2024 06:09:24.711 +0000 INFO  loader - loading modules from /opt/splunk/etc/modules
02-06-2024 06:09:24.712 +0000 INFO  loader - Writing out composite configuration file: /opt/splunk/var/run/splunk/composite.xml
02-06-2024 07:36:34.159 +0000 WARN  SSLOptions - server.conf/[sslConfig]/sslVerifyServerCert is false disabling certificate validation; must be set to "true" for increased security
02-06-2024 07:36:34.159 +0000 INFO  ServerConfig - certificateStatusValidationMethod is not set, defaulting to none.
02-06-2024 07:36:34.159 +0000 INFO  ServerConfig - Splunk is starting with EC-SSC disabled
02-06-2024 07:36:34.753 +0000 INFO  loader - Getting configuration data from: /opt/splunk/etc/myinstall/splunkd.xml
02-06-2024 07:36:34.753 +0000 INFO  loader - SPLUNK_MODULE_PATH environment variable not found - defaulting to /opt/splunk/etc/modules
02-06-2024 07:36:34.753 +0000 INFO  loader - loading modules from /opt/splunk/etc/modules
02-06-2024 07:36:34.754 +0000 INFO  loader - Writing out composite configuration file: /opt/splunk/var/run/splunk/composite.xml
02-06-2024 07:36:34.765 +0000 INFO  loader - Validated 11 indexes in 4.402 milliseconds
02-06-2024 07:36:34.824 +0000 WARN  SSLOptions - server.conf/[sslConfig]/sslVerifyServerCert is false disabling certificate validation; must be set to "true" for increased security
02-06-2024 07:36:34.825 +0000 INFO  ServerConfig - certificateStatusValidationMethod is not set, defaulting to none.
02-06-2024 07:36:34.825 +0000 INFO  ServerConfig - Splunk is starting with EC-SSC disabled
02-06-2024 07:36:35.199 +0000 INFO  loader - Getting configuration data from: /opt/splunk/etc/myinstall/splunkd.xml
02-06-2024 07:36:35.199 +0000 INFO  loader - SPLUNK_MODULE_PATH environment variable not found - defaulting to /opt/splunk/etc/modules
02-06-2024 07:36:35.199 +0000 INFO  loader - loading modules from /opt/splunk/etc/modules
02-06-2024 07:36:35.200 +0000 INFO  loader - Writing out composite configuration file: /opt/splunk/var/run/splunk/composite.xml
02-06-2024 08:22:02.971 +0000 WARN  SSLOptions - server.conf/[sslConfig]/sslVerifyServerCert is false disabling certificate validation; must be set to "true" for increased security
02-06-2024 08:22:02.971 +0000 INFO  ServerConfig - certificateStatusValidationMethod is not set, defaulting to none.
02-06-2024 08:22:02.971 +0000 INFO  ServerConfig - Splunk is starting with EC-SSC disabled
02-06-2024 08:22:03.556 +0000 INFO  loader - Getting configuration data from: /opt/splunk/etc/myinstall/splunkd.xml
02-06-2024 08:22:03.556 +0000 INFO  loader - SPLUNK_MODULE_PATH environment variable not found - defaulting to /opt/splunk/etc/modules
02-06-2024 08:22:03.556 +0000 INFO  loader - loading modules from /opt/splunk/etc/modules
02-06-2024 08:22:03.558 +0000 INFO  loader - Writing out composite configuration file: /opt/splunk/var/run/splunk/composite.xml
02-06-2024 08:22:03.568 +0000 INFO  loader - Validated 11 indexes in 4.489 milliseconds
02-06-2024 08:22:03.628 +0000 WARN  SSLOptions - server.conf/[sslConfig]/sslVerifyServerCert is false disabling certificate validation; must be set to "true" for increased security
02-06-2024 08:22:03.628 +0000 INFO  ServerConfig - certificateStatusValidationMethod is not set, defaulting to none.
02-06-2024 08:22:03.628 +0000 INFO  ServerConfig - Splunk is starting with EC-SSC disabled
02-06-2024 08:22:04.001 +0000 INFO  loader - Getting configuration data from: /opt/splunk/etc/myinstall/splunkd.xml
02-06-2024 08:22:04.001 +0000 INFO  loader - SPLUNK_MODULE_PATH environment variable not found - defaulting to /opt/splunk/etc/modules
02-06-2024 08:22:04.001 +0000 INFO  loader - loading modules from /opt/splunk/etc/modules
02-06-2024 08:22:04.002 +0000 INFO  loader - Writing out composite configuration file: /opt/splunk/var/run/splunk/composite.xml
02-06-2024 08:23:17.601 +0000 WARN  SSLOptions - server.conf/[sslConfig]/sslVerifyServerCert is false disabling certificate validation; must be set to "true" for increased security
02-06-2024 08:23:17.601 +0000 INFO  ServerConfig - certificateStatusValidationMethod is not set, defaulting to none.
02-06-2024 08:23:17.601 +0000 INFO  ServerConfig - Splunk is starting with EC-SSC disabled
02-06-2024 08:23:18.190 +0000 INFO  loader - Getting configuration data from: /opt/splunk/etc/myinstall/splunkd.xml
02-06-2024 08:23:18.190 +0000 INFO  loader - SPLUNK_MODULE_PATH environment variable not found - defaulting to /opt/splunk/etc/modules
02-06-2024 08:23:18.190 +0000 INFO  loader - loading modules from /opt/splunk/etc/modules
02-06-2024 08:23:18.191 +0000 INFO  loader - Writing out composite configuration file: /opt/splunk/var/run/splunk/composite.xml
02-06-2024 08:23:18.202 +0000 INFO  loader - Validated 11 indexes in 4.543 milliseconds
02-06-2024 08:23:18.262 +0000 WARN  SSLOptions - server.conf/[sslConfig]/sslVerifyServerCert is false disabling certificate validation; must be set to "true" for increased security
02-06-2024 08:23:18.262 +0000 INFO  ServerConfig - certificateStatusValidationMethod is not set, defaulting to none.
02-06-2024 08:23:18.262 +0000 INFO  ServerConfig - Splunk is starting with EC-SSC disabled
02-06-2024 08:23:18.635 +0000 INFO  loader - Getting configuration data from: /opt/splunk/etc/myinstall/splunkd.xml
02-06-2024 08:23:18.636 +0000 INFO  loader - SPLUNK_MODULE_PATH environment variable not found - defaulting to /opt/splunk/etc/modules
02-06-2024 08:23:18.636 +0000 INFO  loader - loading modules from /opt/splunk/etc/modules
02-06-2024 08:23:18.637 +0000 INFO  loader - Writing out composite configuration file: /opt/splunk/var/run/splunk/composite.xml
02-06-2024 08:54:18.538 +0000 WARN  SSLOptions - server.conf/[sslConfig]/sslVerifyServerCert is false disabling certificate validation; must be set to "true" for increased security
02-06-2024 08:54:18.538 +0000 INFO  ServerConfig - certificateStatusValidationMethod is not set, defaulting to none.
02-06-2024 08:54:18.539 +0000 INFO  ServerConfig - Splunk is starting with EC-SSC disabled
02-06-2024 08:54:19.126 +0000 INFO  loader - Getting configuration data from: /opt/splunk/etc/myinstall/splunkd.xml
02-06-2024 08:54:19.126 +0000 INFO  loader - SPLUNK_MODULE_PATH environment variable not found - defaulting to /opt/splunk/etc/modules
02-06-2024 08:54:19.126 +0000 INFO  loader - loading modules from /opt/splunk/etc/modules
02-06-2024 08:54:19.128 +0000 INFO  loader - Writing out composite configuration file: /opt/splunk/var/run/splunk/composite.xml
02-06-2024 08:54:19.138 +0000 INFO  loader - Validated 11 indexes in 4.499 milliseconds
02-06-2024 08:54:19.198 +0000 WARN  SSLOptions - server.conf/[sslConfig]/sslVerifyServerCert is false disabling certificate validation; must be set to "true" for increased security
02-06-2024 08:54:19.199 +0000 INFO  ServerConfig - certificateStatusValidationMethod is not set, defaulting to none.
02-06-2024 08:54:19.200 +0000 INFO  ServerConfig - Splunk is starting with EC-SSC disabled
02-06-2024 08:54:19.581 +0000 INFO  loader - Getting configuration data from: /opt/splunk/etc/myinstall/splunkd.xml
02-06-2024 08:54:19.581 +0000 INFO  loader - SPLUNK_MODULE_PATH environment variable not found - defaulting to /opt/splunk/etc/modules
02-06-2024 08:54:19.581 +0000 INFO  loader - loading modules from /opt/splunk/etc/modules
02-06-2024 08:54:19.582 +0000 INFO  loader - Writing out composite configuration file: /opt/splunk/var/run/splunk/composite.xml
02-06-2024 09:13:35.039 +0000 WARN  SSLOptions - server.conf/[sslConfig]/sslVerifyServerCert is false disabling certificate validation; must be set to "true" for increased security
02-06-2024 09:13:35.039 +0000 INFO  ServerConfig - certificateStatusValidationMethod is not set, defaulting to none.
02-06-2024 09:13:35.039 +0000 INFO  ServerConfig - Splunk is starting with EC-SSC disabled
02-06-2024 09:13:35.627 +0000 INFO  loader - Getting configuration data from: /opt/splunk/etc/myinstall/splunkd.xml
02-06-2024 09:13:35.628 +0000 INFO  loader - SPLUNK_MODULE_PATH environment variable not found - defaulting to /opt/splunk/etc/modules
02-06-2024 09:13:35.628 +0000 INFO  loader - loading modules from /opt/splunk/etc/modules
02-06-2024 09:13:35.629 +0000 INFO  loader - Writing out composite configuration file: /opt/splunk/var/run/splunk/composite.xml
02-06-2024 09:13:35.640 +0000 INFO  loader - Validated 11 indexes in 4.506 milliseconds
02-06-2024 09:13:35.700 +0000 WARN  SSLOptions - server.conf/[sslConfig]/sslVerifyServerCert is false disabling certificate validation; must be set to "true" for increased security
02-06-2024 09:13:35.700 +0000 INFO  ServerConfig - certificateStatusValidationMethod is not set, defaulting to none.
02-06-2024 09:13:35.700 +0000 INFO  ServerConfig - Splunk is starting with EC-SSC disabled
02-06-2024 09:13:36.079 +0000 INFO  loader - Getting configuration data from: /opt/splunk/etc/myinstall/splunkd.xml
02-06-2024 09:13:36.079 +0000 INFO  loader - SPLUNK_MODULE_PATH environment variable not found - defaulting to /opt/splunk/etc/modules
02-06-2024 09:13:36.079 +0000 INFO  loader - loading modules from /opt/splunk/etc/modules
02-06-2024 09:13:36.080 +0000 INFO  loader - Writing out composite configuration file: /opt/splunk/var/run/splunk/composite.xml
02-06-2024 09:16:38.153 +0000 WARN  SSLOptions - server.conf/[sslConfig]/sslVerifyServerCert is false disabling certificate validation; must be set to "true" for increased security
02-06-2024 09:16:38.154 +0000 INFO  ServerConfig - certificateStatusValidationMethod is not set, defaulting to none.
02-06-2024 09:16:38.154 +0000 INFO  ServerConfig - Splunk is starting with EC-SSC disabled
02-06-2024 09:16:38.739 +0000 INFO  loader - Getting configuration data from: /opt/splunk/etc/myinstall/splunkd.xml
02-06-2024 09:16:38.740 +0000 INFO  loader - SPLUNK_MODULE_PATH environment variable not found - defaulting to /opt/splunk/etc/modules
02-06-2024 09:16:38.740 +0000 INFO  loader - loading modules from /opt/splunk/etc/modules
02-06-2024 09:16:38.741 +0000 INFO  loader - Writing out composite configuration file: /opt/splunk/var/run/splunk/composite.xml
02-06-2024 09:16:38.751 +0000 INFO  loader - Validated 11 indexes in 4.403 milliseconds
02-06-2024 09:16:38.811 +0000 WARN  SSLOptions - server.conf/[sslConfig]/sslVerifyServerCert is false disabling certificate validation; must be set to "true" for increased security
02-06-2024 09:16:38.811 +0000 INFO  ServerConfig - certificateStatusValidationMethod is not set, defaulting to none.
02-06-2024 09:16:38.812 +0000 INFO  ServerConfig - Splunk is starting with EC-SSC disabled
02-06-2024 09:16:39.191 +0000 INFO  loader - Getting configuration data from: /opt/splunk/etc/myinstall/splunkd.xml
02-06-2024 09:16:39.191 +0000 INFO  loader - SPLUNK_MODULE_PATH environment variable not found - defaulting to /opt/splunk/etc/modules
02-06-2024 09:16:39.191 +0000 INFO  loader - loading modules from /opt/splunk/etc/modules
02-06-2024 09:16:39.192 +0000 INFO  loader - Writing out composite configuration file: /opt/splunk/var/run/splunk/composite.xml
02-06-2024 11:31:51.007 +0000 WARN  SSLOptions - server.conf/[sslConfig]/sslVerifyServerCert is false disabling certificate validation; must be set to "true" for increased security
02-06-2024 11:31:51.008 +0000 INFO  ServerConfig - certificateStatusValidationMethod is not set, defaulting to none.
02-06-2024 11:31:51.008 +0000 INFO  ServerConfig - Splunk is starting with EC-SSC disabled
02-06-2024 11:31:51.591 +0000 INFO  loader - Getting configuration data from: /opt/splunk/etc/myinstall/splunkd.xml
02-06-2024 11:31:51.591 +0000 INFO  loader - SPLUNK_MODULE_PATH environment variable not found - defaulting to /opt/splunk/etc/modules
02-06-2024 11:31:51.591 +0000 INFO  loader - loading modules from /opt/splunk/etc/modules
02-06-2024 11:31:51.593 +0000 INFO  loader - Writing out composite configuration file: /opt/splunk/var/run/splunk/composite.xml
02-06-2024 11:31:51.609 +0000 INFO  loader - Validated 11 indexes in 7.894 milliseconds
02-06-2024 11:31:51.669 +0000 WARN  SSLOptions - server.conf/[sslConfig]/sslVerifyServerCert is false disabling certificate validation; must be set to "true" for increased security
02-06-2024 11:31:51.669 +0000 INFO  ServerConfig - certificateStatusValidationMethod is not set, defaulting to none.
02-06-2024 11:31:51.669 +0000 INFO  ServerConfig - Splunk is starting with EC-SSC disabled
02-06-2024 11:31:52.042 +0000 INFO  loader - Getting configuration data from: /opt/splunk/etc/myinstall/splunkd.xml
02-06-2024 11:31:52.042 +0000 INFO  loader - SPLUNK_MODULE_PATH environment variable not found - defaulting to /opt/splunk/etc/modules
02-06-2024 11:31:52.042 +0000 INFO  loader - loading modules from /opt/splunk/etc/modules
02-06-2024 11:31:52.043 +0000 INFO  loader - Writing out composite configuration file: /opt/splunk/var/run/splunk/composite.xml
02-06-2024 12:48:07.964 +0000 WARN  SSLOptions - server.conf/[sslConfig]/sslVerifyServerCert is false disabling certificate validation; must be set to "true" for increased security
02-06-2024 12:48:07.964 +0000 INFO  ServerConfig - certificateStatusValidationMethod is not set, defaulting to none.
02-06-2024 12:48:07.964 +0000 INFO  ServerConfig - Splunk is starting with EC-SSC disabled
02-06-2024 12:48:08.556 +0000 INFO  loader - Getting configuration data from: /opt/splunk/etc/myinstall/splunkd.xml
02-06-2024 12:48:08.556 +0000 INFO  loader - SPLUNK_MODULE_PATH environment variable not found - defaulting to /opt/splunk/etc/modules
02-06-2024 12:48:08.556 +0000 INFO  loader - loading modules from /opt/splunk/etc/modules
02-06-2024 12:48:08.557 +0000 INFO  loader - Writing out composite configuration file: /opt/splunk/var/run/splunk/composite.xml
02-06-2024 12:48:08.568 +0000 INFO  loader - Validated 11 indexes in 4.448 milliseconds
02-06-2024 12:48:08.627 +0000 WARN  SSLOptions - server.conf/[sslConfig]/sslVerifyServerCert is false disabling certificate validation; must be set to "true" for increased security
02-06-2024 12:48:08.628 +0000 INFO  ServerConfig - certificateStatusValidationMethod is not set, defaulting to none.
02-06-2024 12:48:08.628 +0000 INFO  ServerConfig - Splunk is starting with EC-SSC disabled
02-06-2024 12:48:09.002 +0000 INFO  loader - Getting configuration data from: /opt/splunk/etc/myinstall/splunkd.xml
02-06-2024 12:48:09.002 +0000 INFO  loader - SPLUNK_MODULE_PATH environment variable not found - defaulting to /opt/splunk/etc/modules
02-06-2024 12:48:09.002 +0000 INFO  loader - loading modules from /opt/splunk/etc/modules
02-06-2024 12:48:09.004 +0000 INFO  loader - Writing out composite configuration file: /opt/splunk/var/run/splunk/composite.xml
02-06-2024 15:29:21.143 +0000 WARN  SSLOptions - server.conf/[sslConfig]/sslVerifyServerCert is false disabling certificate validation; must be set to "true" for increased security
02-06-2024 15:29:21.143 +0000 INFO  ServerConfig - certificateStatusValidationMethod is not set, defaulting to none.
02-06-2024 15:29:21.143 +0000 INFO  ServerConfig - Splunk is starting with EC-SSC disabled
02-06-2024 15:29:21.732 +0000 INFO  loader - Getting configuration data from: /opt/splunk/etc/myinstall/splunkd.xml
02-06-2024 15:29:21.733 +0000 INFO  loader - SPLUNK_MODULE_PATH environment variable not found - defaulting to /opt/splunk/etc/modules
02-06-2024 15:29:21.733 +0000 INFO  loader - loading modules from /opt/splunk/etc/modules
02-06-2024 15:29:21.734 +0000 INFO  loader - Writing out composite configuration file: /opt/splunk/var/run/splunk/composite.xml
02-06-2024 15:29:21.744 +0000 INFO  loader - Validated 11 indexes in 4.488 milliseconds
02-06-2024 15:29:21.810 +0000 WARN  SSLOptions - server.conf/[sslConfig]/sslVerifyServerCert is false disabling certificate validation; must be set to "true" for increased security
02-06-2024 15:29:21.810 +0000 INFO  ServerConfig - certificateStatusValidationMethod is not set, defaulting to none.
02-06-2024 15:29:21.810 +0000 INFO  ServerConfig - Splunk is starting with EC-SSC disabled
02-06-2024 15:29:22.184 +0000 INFO  loader - Getting configuration data from: /opt/splunk/etc/myinstall/splunkd.xml
02-06-2024 15:29:22.184 +0000 INFO  loader - SPLUNK_MODULE_PATH environment variable not found - defaulting to /opt/splunk/etc/modules
02-06-2024 15:29:22.184 +0000 INFO  loader - loading modules from /opt/splunk/etc/modules
02-06-2024 15:29:22.185 +0000 INFO  loader - Writing out composite configuration file: /opt/splunk/var/run/splunk/composite.xml
02-06-2024 19:52:38.919 +0000 WARN  SSLOptions - server.conf/[sslConfig]/sslVerifyServerCert is false disabling certificate validation; must be set to "true" for increased security
02-06-2024 19:52:38.920 +0000 INFO  ServerConfig - certificateStatusValidationMethod is not set, defaulting to none.
02-06-2024 19:52:38.920 +0000 INFO  ServerConfig - Splunk is starting with EC-SSC disabled
02-06-2024 19:52:39.509 +0000 INFO  loader - Getting configuration data from: /opt/splunk/etc/myinstall/splunkd.xml
02-06-2024 19:52:39.509 +0000 INFO  loader - SPLUNK_MODULE_PATH environment variable not found - defaulting to /opt/splunk/etc/modules
02-06-2024 19:52:39.509 +0000 INFO  loader - loading modules from /opt/splunk/etc/modules
02-06-2024 19:52:39.510 +0000 INFO  loader - Writing out composite configuration file: /opt/splunk/var/run/splunk/composite.xml
02-06-2024 19:52:39.521 +0000 INFO  loader - Validated 11 indexes in 4.399 milliseconds
02-06-2024 19:52:39.580 +0000 WARN  SSLOptions - server.conf/[sslConfig]/sslVerifyServerCert is false disabling certificate validation; must be set to "true" for increased security
02-06-2024 19:52:39.580 +0000 INFO  ServerConfig - certificateStatusValidationMethod is not set, defaulting to none.
02-06-2024 19:52:39.580 +0000 INFO  ServerConfig - Splunk is starting with EC-SSC disabled
02-06-2024 19:52:39.953 +0000 INFO  loader - Getting configuration data from: /opt/splunk/etc/myinstall/splunkd.xml
02-06-2024 19:52:39.953 +0000 INFO  loader - SPLUNK_MODULE_PATH environment variable not found - defaulting to /opt/splunk/etc/modules
02-06-2024 19:52:39.953 +0000 INFO  loader - loading modules from /opt/splunk/etc/modules
02-06-2024 19:52:39.955 +0000 INFO  loader - Writing out composite configuration file: /opt/splunk/var/run/splunk/composite.xml
02-06-2024 20:27:09.550 +0000 WARN  SSLOptions - server.conf/[sslConfig]/sslVerifyServerCert is false disabling certificate validation; must be set to "true" for increased security
02-06-2024 20:27:09.551 +0000 INFO  ServerConfig - certificateStatusValidationMethod is not set, defaulting to none.
02-06-2024 20:27:09.551 +0000 INFO  ServerConfig - Splunk is starting with EC-SSC disabled
02-06-2024 20:27:10.139 +0000 INFO  loader - Getting configuration data from: /opt/splunk/etc/myinstall/splunkd.xml
02-06-2024 20:27:10.139 +0000 INFO  loader - SPLUNK_MODULE_PATH environment variable not found - defaulting to /opt/splunk/etc/modules
02-06-2024 20:27:10.139 +0000 INFO  loader - loading modules from /opt/splunk/etc/modules
02-06-2024 20:27:10.140 +0000 INFO  loader - Writing out composite configuration file: /opt/splunk/var/run/splunk/composite.xml
02-06-2024 20:27:10.151 +0000 INFO  loader - Validated 11 indexes in 4.490 milliseconds
02-06-2024 20:27:10.210 +0000 WARN  SSLOptions - server.conf/[sslConfig]/sslVerifyServerCert is false disabling certificate validation; must be set to "true" for increased security
02-06-2024 20:27:10.210 +0000 INFO  ServerConfig - certificateStatusValidationMethod is not set, defaulting to none.
02-06-2024 20:27:10.212 +0000 INFO  ServerConfig - Splunk is starting with EC-SSC disabled
02-06-2024 20:27:10.584 +0000 INFO  loader - Getting configuration data from: /opt/splunk/etc/myinstall/splunkd.xml
02-06-2024 20:27:10.585 +0000 INFO  loader - SPLUNK_MODULE_PATH environment variable not found - defaulting to /opt/splunk/etc/modules
02-06-2024 20:27:10.585 +0000 INFO  loader - loading modules from /opt/splunk/etc/modules
02-06-2024 20:27:10.586 +0000 INFO  loader - Writing out composite configuration file: /opt/splunk/var/run/splunk/composite.xml
02-06-2024 20:48:20.089 +0000 WARN  SSLOptions - server.conf/[sslConfig]/sslVerifyServerCert is false disabling certificate validation; must be set to "true" for increased security
02-06-2024 20:48:20.090 +0000 INFO  ServerConfig - certificateStatusValidationMethod is not set, defaulting to none.
02-06-2024 20:48:20.090 +0000 INFO  ServerConfig - Splunk is starting with EC-SSC disabled
02-06-2024 20:48:20.678 +0000 INFO  loader - Getting configuration data from: /opt/splunk/etc/myinstall/splunkd.xml
02-06-2024 20:48:20.679 +0000 INFO  loader - SPLUNK_MODULE_PATH environment variable not found - defaulting to /opt/splunk/etc/modules
02-06-2024 20:48:20.679 +0000 INFO  loader - loading modules from /opt/splunk/etc/modules
02-06-2024 20:48:20.680 +0000 INFO  loader - Writing out composite configuration file: /opt/splunk/var/run/splunk/composite.xml
02-06-2024 20:48:20.690 +0000 INFO  loader - Validated 11 indexes in 4.447 milliseconds
02-06-2024 20:48:20.750 +0000 WARN  SSLOptions - server.conf/[sslConfig]/sslVerifyServerCert is false disabling certificate validation; must be set to "true" for increased security
02-06-2024 20:48:20.750 +0000 INFO  ServerConfig - certificateStatusValidationMethod is not set, defaulting to none.
02-06-2024 20:48:20.750 +0000 INFO  ServerConfig - Splunk is starting with EC-SSC disabled
02-06-2024 20:48:21.123 +0000 INFO  loader - Getting configuration data from: /opt/splunk/etc/myinstall/splunkd.xml
02-06-2024 20:48:21.123 +0000 INFO  loader - SPLUNK_MODULE_PATH environment variable not found - defaulting to /opt/splunk/etc/modules
02-06-2024 20:48:21.123 +0000 INFO  loader - loading modules from /opt/splunk/etc/modules
02-06-2024 20:48:21.124 +0000 INFO  loader - Writing out composite configuration file: /opt/splunk/var/run/splunk/composite.xml
