splunkd is not running. [FAILED]

Splunk> Take the sh out of IT.

Checking prerequisites...
	Checking http port [8000]: open
	Checking mgmt port [8089]: open
	Checking appserver port [127.0.0.1:8065]: open
	Checking kvstore port [8191]: open
	Checking configuration... Done.
	Checking critical directories...	Done
	Checking indexes...
		Validated: _audit _configtracker _internal _introspection _metrics _metrics_rollup _telemetry _thefishbucket history main summary
	Done
	Checking filesystem compatibility...  Done
	Checking conf files for problems...
	Done
	Checking default conf files for edits...
	Validating installed files against hashes from '/opt/splunk/splunk-9.0.7-b985591d12fd-linux-2.6-x86_64-manifest'
 [  OK  ]
	All installed files intact.
	Done
All preliminary checks passed.

Starting splunk server daemon (splunkd)...  
Done

Waiting for web server at http://127.0.0.1:8000 to be available............ Done


If you get stuck, we're here to help.  
Look for answers here: http://docs.splunk.com

The Splunk web interface is at http://ip-10-0-3-7:8000

