02-06-2024 20:49:55.823 INFO  dispatchRunner [1735 MainThread] - Search process mode: preforked (first search in process) (build b985591d12fd).
02-06-2024 20:49:55.824 INFO  dispatchRunner [1735 MainThread] - initing LicenseMgr in search process: nonPro=0
02-06-2024 20:49:55.824 INFO  LMStackMgr [1735 MainThread] - Initializing CleMgr...
02-06-2024 20:49:55.824 INFO  LicenseMgr [1735 MainThread] - Initing LicenseMgr
02-06-2024 20:49:55.824 INFO  LMConfig [1735 MainThread] - serverName=GOEL-Indexer1 guid=A59E264B-EF37-4C05-A664-4B364D39C148
02-06-2024 20:49:55.832 INFO  LMConfig [1735 MainThread] - connection_timeout=30
02-06-2024 20:49:55.832 INFO  LMConfig [1735 MainThread] - send_timeout=30
02-06-2024 20:49:55.832 INFO  LMConfig [1735 MainThread] - receive_timeout=30
02-06-2024 20:49:55.832 INFO  LMConfig [1735 MainThread] - key=license_warnings_update_interval not found in licenser stanza of server.conf, defaulting=0
02-06-2024 20:49:55.832 INFO  LMConfig [1735 MainThread] - squash_threshold=2000
02-06-2024 20:49:55.832 INFO  LMConfig [1735 MainThread] - strict_pool_quota=1
02-06-2024 20:49:55.832 INFO  LMConfig [1735 MainThread] - key=pool_suggestion not found in licenser stanza of server.conf, defaulting=''
02-06-2024 20:49:55.832 INFO  LMConfig [1735 MainThread] - key=test_aws_metering not found in licenser stanza of server.conf, defaulting=0
02-06-2024 20:49:55.832 INFO  LMConfig [1735 MainThread] - key=test_aws_product_code not found in licenser stanza of server.conf, defaulting=0
02-06-2024 20:49:55.832 INFO  LicenseMgr [1735 MainThread] - Initing LicenseMgr runContext_splunkd=false
02-06-2024 20:49:55.832 INFO  LMStackMgr [1735 MainThread] - closing stack mgr
02-06-2024 20:49:55.832 INFO  LMSlaveInfo [1735 MainThread] - all slaves cleared
02-06-2024 20:49:55.832 INFO  LMStackMgr [1735 MainThread] - partial init only since node has remote master=https://10.0.3.7:8089
02-06-2024 20:49:55.832 INFO  LicenseMgr [1735 MainThread] - StackMgr init complete...
02-06-2024 20:49:55.832 INFO  LMTracker [1735 MainThread] - Setting default product type='enterprise'
02-06-2024 20:49:55.832 INFO  LMTracker [1735 MainThread] - this is not splunkd, will perform partial init
02-06-2024 20:49:55.832 INFO  LicenseMgr [1735 MainThread] - Tracker init complete...
02-06-2024 20:49:55.859 INFO  AdminManagerDispatch [1735 MainThread] - added factory for admin handler: 'licenses'
02-06-2024 20:49:55.859 INFO  AdminManagerDispatch [1735 MainThread] - added factory for admin handler: 'pools'
02-06-2024 20:49:55.859 INFO  AdminManagerDispatch [1735 MainThread] - added factory for admin handler: 'stacks'
02-06-2024 20:49:55.859 INFO  AdminManagerDispatch [1735 MainThread] - added factory for admin handler: 'groups'
02-06-2024 20:49:55.859 INFO  AdminManagerDispatch [1735 MainThread] - added factory for admin handler: 'slaves'
02-06-2024 20:49:55.859 INFO  AdminManagerDispatch [1735 MainThread] - added factory for admin handler: 'peers'
02-06-2024 20:49:55.859 INFO  AdminManagerDispatch [1735 MainThread] - added factory for admin handler: 'localslave'
02-06-2024 20:49:55.859 INFO  AdminManagerDispatch [1735 MainThread] - added factory for admin handler: 'localpeer'
02-06-2024 20:49:55.859 INFO  AdminManagerDispatch [1735 MainThread] - added factory for admin handler: 'licensermessages'
02-06-2024 20:49:55.859 INFO  AdminManagerDispatch [1735 MainThread] - added factory for admin handler: 'scriptedwarning'
02-06-2024 20:49:55.859 INFO  AdminManagerDispatch [1735 MainThread] - added factory for admin handler: 'licenseusage'
02-06-2024 20:49:55.859 INFO  LicenseMgr [1735 MainThread] - Initing LicenseMgr
02-06-2024 20:49:55.859 INFO  LMConfig [1735 MainThread] - serverName=GOEL-Indexer1 guid=A59E264B-EF37-4C05-A664-4B364D39C148
02-06-2024 20:49:55.859 INFO  LMConfig [1735 MainThread] - connection_timeout=30
02-06-2024 20:49:55.859 INFO  LMConfig [1735 MainThread] - send_timeout=30
02-06-2024 20:49:55.859 INFO  LMConfig [1735 MainThread] - receive_timeout=30
02-06-2024 20:49:55.859 INFO  LMConfig [1735 MainThread] - key=license_warnings_update_interval not found in licenser stanza of server.conf, defaulting=0
02-06-2024 20:49:55.859 INFO  LMConfig [1735 MainThread] - squash_threshold=2000
02-06-2024 20:49:55.859 INFO  LMConfig [1735 MainThread] - strict_pool_quota=1
02-06-2024 20:49:55.859 INFO  LMConfig [1735 MainThread] - key=pool_suggestion not found in licenser stanza of server.conf, defaulting=''
02-06-2024 20:49:55.859 INFO  LMConfig [1735 MainThread] - key=test_aws_metering not found in licenser stanza of server.conf, defaulting=0
02-06-2024 20:49:55.859 INFO  LMConfig [1735 MainThread] - key=test_aws_product_code not found in licenser stanza of server.conf, defaulting=0
02-06-2024 20:49:55.862 INFO  dispatchRunner [1735 MainThread] - registering build time modules, count=1
02-06-2024 20:49:55.862 INFO  dispatchRunner [1735 MainThread] - registering search time components of build time module name=vix
02-06-2024 20:49:55.862 INFO  dispatchRunner [1735 MainThread] - Getting search configuration data from: /opt/splunk/etc/modules/parsing/config.xml
02-06-2024 20:49:55.863 WARN  SSLOptions [1735 MainThread] - server.conf/[kvstore]/sslVerifyServerCert is false disabling certificate validation; must be set to "true" for increased security
02-06-2024 20:49:55.863 INFO  BundlesSetup [1735 MainThread] - Setup stats for /opt/splunk/etc: wallclock_elapsed_msec=29, cpu_time_used=0.0132117, shared_services_generation=2, shared_services_population=1
02-06-2024 20:49:55.880 INFO  UserManagerPro [1735 MainThread] - Load authentication: forcing roles="admin, power, splunk-system-role, user"
02-06-2024 20:49:55.880 INFO  PipelineComponent [1735 MainThread] - Ingestion pipeline sets have been configured to use pipeline set policy=round_robin for multiple pipeline sets.
02-06-2024 20:49:55.882 INFO  UserManager [2240 RunDispatch] - Setting user context: splunk-system-user
02-06-2024 20:49:55.882 INFO  UserManager [2240 RunDispatch] - Done setting user context: NULL -> splunk-system-user
02-06-2024 20:49:55.882 INFO  dispatchRunner [2240 RunDispatch] - search context: user="splunk-system-user", app="search", bs-pathname="/opt/splunk/etc"
02-06-2024 20:49:55.893 WARN  IndexConfig [2240 RunDispatch] - Max bucket size is larger than destination path size limit. Please check your index configuration. idx=infra; bucket size in (from maxDataSize) 750 MB, homePath.maxDataSizeMB=100,  coldPath.maxDataSizeMB=100
02-06-2024 20:49:55.893 WARN  IndexConfig [2240 RunDispatch] - Home path size limit cannot accomodate maximum number of hot buckets with specified bucket size because homePath.maxDataSizeMB is too small. Please check your index configuration: idx=infra maxDataSize=750 MB, homePath.maxDataSizeMB=100 MB
02-06-2024 20:49:55.893 WARN  IndexConfig [2240 RunDispatch] - Max bucket size is larger than destination path size limit. Please check your index configuration. idx=soc; bucket size in (from maxDataSize) 750 MB, homePath.maxDataSizeMB=100,  coldPath.maxDataSizeMB=100
02-06-2024 20:49:55.893 WARN  IndexConfig [2240 RunDispatch] - Home path size limit cannot accomodate maximum number of hot buckets with specified bucket size because homePath.maxDataSizeMB is too small. Please check your index configuration: idx=soc maxDataSize=750 MB, homePath.maxDataSizeMB=100 MB
02-06-2024 20:49:55.894 INFO  SearchParser [2240 RunDispatch] - PARSING: search earliest_time=-7d splunk_server=local index=_audit sid trigger_time action=alert_* (expiration>1707252595 OR NOT expiration=*) | rex ",\s*ss_name=\"(?<ss_name>(?:[^\"]+|\"(?!,\s*sid=))*)\",\s*sid=\""| rex ",\s*sid=\"(?<sid>.*)\",\s+\w+_\w+=" | stats sum(deleted) AS deleted,    list(alert_actions) AS alert_actions, list(severity) AS severity,   list(expiration) AS expiration    list(ss_name) AS ss_name,   list(ss_app) AS ss_app,           list(ss_user) AS ss_user   list(digest_mode) AS digest_mode, list(triggered_alerts) AS triggered_alerts  BY sid, trigger_time | search NOT deleted=* OR deleted=0 | fields - deleted 
02-06-2024 20:49:55.894 INFO  StatsContext [2240 RunDispatch] -  Setting chunk size min=65536 max=1048576 double_every=100
02-06-2024 20:49:55.894 INFO  StatsContext [2240 RunDispatch] -  Setting max memory usage to 209715200
02-06-2024 20:49:55.894 INFO  SearchParser [2240 RunDispatch] - PARSING: search earliest_time=-7d splunk_server=local index=_audit sid trigger_time action=alert_* (expiration>1707252595 OR NOT expiration=*) | rex ",\s*ss_name=\"(?<ss_name>(?:[^\"]+|\"(?!,\s*sid=))*)\",\s*sid=\""| rex ",\s*sid=\"(?<sid>.*)\",\s+\w+_\w+=" | stats sum(deleted) AS deleted,    list(alert_actions) AS alert_actions, list(severity) AS severity,   list(expiration) AS expiration    list(ss_name) AS ss_name,   list(ss_app) AS ss_app,           list(ss_user) AS ss_user   list(digest_mode) AS digest_mode, list(triggered_alerts) AS triggered_alerts  BY sid, trigger_time | search NOT deleted=* OR deleted=0 | fields - deleted 
02-06-2024 20:49:55.894 INFO  StatsContext [2240 RunDispatch] -  Setting chunk size min=65536 max=1048576 double_every=100
02-06-2024 20:49:55.894 INFO  StatsContext [2240 RunDispatch] -  Setting max memory usage to 209715200
02-06-2024 20:49:55.894 INFO  UserManager [2240 RunDispatch] - Setting user context: splunk-system-user
02-06-2024 20:49:55.894 INFO  UserManager [2240 RunDispatch] - Done setting user context: splunk-system-user -> splunk-system-user
02-06-2024 20:49:55.902 INFO  UserManager [2240 RunDispatch] - Unwound user context: splunk-system-user -> splunk-system-user
02-06-2024 20:49:55.902 INFO  DispatchCommandProcessor [2240 RunDispatch] - Search requires the following indexes="[_audit]"
02-06-2024 20:49:55.902 INFO  IndexReaderIf [2240 RunDispatch] - Loading Clustering bucket manifest file=/opt/splunk/var/run/splunk/cluster/search-buckets/search_sitedefault_gen0.csv.gz
02-06-2024 20:49:55.902 INFO  DatabaseDirectoryManager [2240 RunDispatch] - initDDMsFromSearchBucketManifest path=/opt/splunk/var/run/splunk/cluster/search-buckets/search_sitedefault_gen0.csv.gz, indexWhiteList_size=1
02-06-2024 20:49:55.903 INFO  CMBucketId [2240 RunDispatch] - CMIndexId: New indexName=_telemetry inserted, mapping to id=1
02-06-2024 20:49:55.903 INFO  CMBucketId [2240 RunDispatch] - CMIndexId: New indexName=_audit inserted, mapping to id=2
02-06-2024 20:49:55.903 INFO  CMBucketId [2240 RunDispatch] - CMIndexId: New indexName=_internal inserted, mapping to id=3
02-06-2024 20:49:55.903 INFO  dispatchRunner [2240 RunDispatch] - SearchHeadInitSearchMs=21
02-06-2024 20:49:55.903 INFO  dispatchRunner [2240 RunDispatch] - Executing the Search orchestrator and iterator model (dfs=false).
02-06-2024 20:49:55.903 INFO  SearchOrchestrator [2240 RunDispatch] - SearchOrchestrator getting constructed
02-06-2024 20:49:55.903 INFO  SearchOrchestrator [2240 RunDispatch] -  Initialized the SRI
02-06-2024 20:49:55.904 INFO  SearchFeatureFlags [2240 RunDispatch] - Initializing feature flags from config. feature_seed=1536628025
02-06-2024 20:49:55.904 INFO  SearchFeatureFlags [2240 RunDispatch] - Setting feature_flag=parallelreduce:enablePreview:true
02-06-2024 20:49:55.904 INFO  SearchFeatureFlags [2240 RunDispatch] - Setting feature_flag=search:search_retry:false
02-06-2024 20:49:55.904 INFO  SearchFeatureFlags [2240 RunDispatch] - Setting feature_flag=search:search_retry_realtime:false
02-06-2024 20:49:55.904 INFO  SearchFeatureFlags [2240 RunDispatch] - Setting feature_flag=parallelreduce:autoAppliedPercentage:false
02-06-2024 20:49:55.904 INFO  SearchFeatureFlags [2240 RunDispatch] - Setting feature_flag=subsearch:enableConcurrentPipelineProcessing:false
02-06-2024 20:49:55.904 INFO  SearchFeatureFlags [2240 RunDispatch] - Setting feature_flag=stats:allow_stats_v2:true
02-06-2024 20:49:55.904 INFO  SearchFeatureFlags [2240 RunDispatch] - Setting feature_flag=search_optimization::set_required_fields:stats:false
02-06-2024 20:49:55.904 INFO  SearchFeatureFlags [2240 RunDispatch] - Setting feature_flag=searchresults:srs2:false
02-06-2024 20:49:55.904 INFO  SearchFeatureFlags [2240 RunDispatch] - Setting feature_flag=search:read_final_results_from_timeliner:true
02-06-2024 20:49:55.904 INFO  SearchOrchestrator [2240 RunDispatch] - Search feature_flags={"v":1,"enabledFeatures":["parallelreduce:enablePreview","stats:allow_stats_v2","search:read_final_results_from_timeliner"],"disabledFeatures":["search:search_retry","search:search_retry_realtime","parallelreduce:autoAppliedPercentage","subsearch:enableConcurrentPipelineProcessing","search_optimization::set_required_fields:stats","searchresults:srs2"]}
02-06-2024 20:49:55.904 INFO  ISplunkDispatch [2240 RunDispatch] - Not running in splunkd. Bundle replication not triggered.
02-06-2024 20:49:55.904 INFO  SearchOrchestrator [2247 searchOrchestrator] - Initialzing the run time settings for the orchestrator.
02-06-2024 20:49:55.904 INFO  UserManager [2247 searchOrchestrator] - Setting user context: splunk-system-user
02-06-2024 20:49:55.904 INFO  UserManager [2247 searchOrchestrator] - Done setting user context: NULL -> splunk-system-user
02-06-2024 20:49:55.905 INFO  AdaptiveSearchEngineSelector [2247 searchOrchestrator] - Search execution_plan=classic
02-06-2024 20:49:55.905 INFO  SearchOrchestrator [2247 searchOrchestrator] - Creating the search DAG.
02-06-2024 20:49:55.905 INFO  SearchParser [2247 searchOrchestrator] - PARSING: search earliest_time=-7d splunk_server=local index=_audit sid trigger_time action=alert_* (expiration>1707252595 OR NOT expiration=*) | rex ",\s*ss_name=\"(?<ss_name>(?:[^\"]+|\"(?!,\s*sid=))*)\",\s*sid=\""| rex ",\s*sid=\"(?<sid>.*)\",\s+\w+_\w+=" | stats sum(deleted) AS deleted,    list(alert_actions) AS alert_actions, list(severity) AS severity,   list(expiration) AS expiration    list(ss_name) AS ss_name,   list(ss_app) AS ss_app,           list(ss_user) AS ss_user   list(digest_mode) AS digest_mode, list(triggered_alerts) AS triggered_alerts  BY sid, trigger_time | search NOT deleted=* OR deleted=0 | fields - deleted 
02-06-2024 20:49:55.905 INFO  StatsContext [2247 searchOrchestrator] -  Setting chunk size min=65536 max=1048576 double_every=100
02-06-2024 20:49:55.905 INFO  StatsContext [2247 searchOrchestrator] -  Setting max memory usage to 209715200
02-06-2024 20:49:55.905 INFO  DispatchStorageManagerInfo [2247 searchOrchestrator] - Successfully created new dispatch directory for search job. sid=61039f2593fdae35_tmp dispatch_dir=/opt/splunk/var/run/splunk/dispatch/61039f2593fdae35_tmp
02-06-2024 20:49:55.963 INFO  SearchProcessor [2247 searchOrchestrator] - Building search filter
02-06-2024 20:49:56.001 INFO  SearchEvaluatorBasedExpander [2247 searchOrchestrator] -  Performing lookup expansions
02-06-2024 20:49:56.001 INFO  SearchEvaluatorBasedExpander [2247 searchOrchestrator] -  Lookup expansion took 0 ms
02-06-2024 20:49:56.001 INFO  SearchEvaluatorBasedExpander [2247 searchOrchestrator] -  Performing calculated field expansions
02-06-2024 20:49:56.001 INFO  SearchEvaluatorBasedExpander [2247 searchOrchestrator] -  Calculated field expansion took 0 ms
02-06-2024 20:49:56.001 INFO  SearchEvaluatorBasedExpander [2247 searchOrchestrator] -  Performing field alias expansions
02-06-2024 20:49:56.001 INFO  SearchEvaluatorBasedExpander [2247 searchOrchestrator] -  field alias expansions took 0 ms
02-06-2024 20:49:56.001 INFO  SearchEvaluatorBasedExpander [2247 searchOrchestrator] -  Performing kvfield expansions
02-06-2024 20:49:56.001 INFO  SearchEvaluatorBasedExpander [2247 searchOrchestrator] -  kvfield expansions took 0 ms
02-06-2024 20:49:56.001 INFO  SearchEvaluatorBasedExpander [2247 searchOrchestrator] -  Performing indexed fields expansions
02-06-2024 20:49:56.001 INFO  SearchEvaluatorBasedExpander [2247 searchOrchestrator] -  indexed fields expansions took 0 ms
02-06-2024 20:49:56.001 INFO  SearchEvaluatorBasedExpander [2247 searchOrchestrator] -  Performing reverse sourcetype expansions
02-06-2024 20:49:56.001 INFO  SearchEvaluatorBasedExpander [2247 searchOrchestrator] -  sourcetype expansions took 0 ms
02-06-2024 20:49:56.001 INFO  UnifiedSearch [2247 searchOrchestrator] - Expanded index search = (earliest_time=-7d splunk_server="GOEL-Indexer1" index=_audit sid trigger_time action=alert_* (expiration>1707252595 OR NOT expiration=*))
02-06-2024 20:49:56.001 INFO  UnifiedSearch [2247 searchOrchestrator] - base lispy: [ AND index::_audit sid splunk_server::goel-indexer1 time trigger [ OR 7d earliest_time::-7d ] [ OR action::alert_* alert ] ]
02-06-2024 20:49:56.002 INFO  UnifiedSearch [2247 searchOrchestrator] - Processed search targeting arguments
02-06-2024 20:49:56.003 INFO  StatsProcessorV2 [2247 searchOrchestrator] - StatsV2 (stats) args: sum(deleted), AS, deleted, list(alert_actions), AS, alert_actions, list(severity), AS, severity, list(expiration), AS, expiration, list(ss_name), AS, ss_name, list(ss_app), AS, ss_app, list(ss_user), AS, ss_user, list(digest_mode), AS, digest_mode, list(triggered_alerts), AS, triggered_alerts, BY, sid, trigger_time
02-06-2024 20:49:56.003 INFO  StatsProcessorV2 [2247 searchOrchestrator] - StatsProcessorV2::processArguments: Unaligned accesses are free
02-06-2024 20:49:56.003 INFO  StatsAggregations [2247 searchOrchestrator] - Instantiating Stats function sum for key=deleted, alias=deleted
02-06-2024 20:49:56.003 INFO  StatsAggregations [2247 searchOrchestrator] - Instantiating Stats function list for key=alert_actions, alias=alert_actions
02-06-2024 20:49:56.003 INFO  StatsAggregations [2247 searchOrchestrator] - Instantiating Stats function list for key=severity, alias=severity
02-06-2024 20:49:56.003 INFO  StatsAggregations [2247 searchOrchestrator] - Instantiating Stats function list for key=expiration, alias=expiration
02-06-2024 20:49:56.003 INFO  StatsAggregations [2247 searchOrchestrator] - Instantiating Stats function list for key=ss_name, alias=ss_name
02-06-2024 20:49:56.003 INFO  StatsAggregations [2247 searchOrchestrator] - Instantiating Stats function list for key=ss_app, alias=ss_app
02-06-2024 20:49:56.003 INFO  StatsAggregations [2247 searchOrchestrator] - Instantiating Stats function list for key=ss_user, alias=ss_user
02-06-2024 20:49:56.003 INFO  StatsAggregations [2247 searchOrchestrator] - Instantiating Stats function list for key=digest_mode, alias=digest_mode
02-06-2024 20:49:56.003 INFO  StatsAggregations [2247 searchOrchestrator] - Instantiating Stats function list for key=triggered_alerts, alias=triggered_alerts
02-06-2024 20:49:56.003 INFO  StatsContext [2247 searchOrchestrator] - shouldFallbackToOldStats: _use_v2_level=USE_V2_ALL, fallback=false
02-06-2024 20:49:56.003 INFO  SearchParser [2247 searchOrchestrator] - PARSING: prestats list(alert_actions) list(digest_mode) list(expiration) list(severity) list(ss_app) list(ss_name) list(ss_user) list(triggered_alerts) sum(deleted) by sid trigger_time
02-06-2024 20:49:56.004 INFO  StatsContext [2247 searchOrchestrator] -  Setting chunk size min=65536 max=1048576 double_every=100
02-06-2024 20:49:56.004 INFO  StatsContext [2247 searchOrchestrator] -  Setting max memory usage to 209715200
02-06-2024 20:49:56.004 INFO  SearchParser [2247 searchOrchestrator] - PARSING: addinfo type=count label=prereport_events
02-06-2024 20:49:56.004 INFO  StatsProcessorV2 [2247 searchOrchestrator] - StatsV2 (stats) args: list(alert_actions), list(digest_mode), list(expiration), list(severity), list(ss_app), list(ss_name), list(ss_user), list(triggered_alerts), sum(deleted), by, sid, trigger_time
02-06-2024 20:49:56.004 INFO  StatsProcessorV2 [2247 searchOrchestrator] - StatsProcessorV2::processArguments: Unaligned accesses are free
02-06-2024 20:49:56.004 INFO  StatsAggregations [2247 searchOrchestrator] - Instantiating Stats function list for key=alert_actions, alias=list(alert_actions)
02-06-2024 20:49:56.004 INFO  StatsAggregations [2247 searchOrchestrator] - Instantiating Stats function list for key=digest_mode, alias=list(digest_mode)
02-06-2024 20:49:56.004 INFO  StatsAggregations [2247 searchOrchestrator] - Instantiating Stats function list for key=expiration, alias=list(expiration)
02-06-2024 20:49:56.004 INFO  StatsAggregations [2247 searchOrchestrator] - Instantiating Stats function list for key=severity, alias=list(severity)
02-06-2024 20:49:56.004 INFO  StatsAggregations [2247 searchOrchestrator] - Instantiating Stats function list for key=ss_app, alias=list(ss_app)
02-06-2024 20:49:56.004 INFO  StatsAggregations [2247 searchOrchestrator] - Instantiating Stats function list for key=ss_name, alias=list(ss_name)
02-06-2024 20:49:56.004 INFO  StatsAggregations [2247 searchOrchestrator] - Instantiating Stats function list for key=ss_user, alias=list(ss_user)
02-06-2024 20:49:56.004 INFO  StatsAggregations [2247 searchOrchestrator] - Instantiating Stats function list for key=triggered_alerts, alias=list(triggered_alerts)
02-06-2024 20:49:56.004 INFO  StatsAggregations [2247 searchOrchestrator] - Instantiating Stats function sum for key=deleted, alias=sum(deleted)
02-06-2024 20:49:56.004 INFO  StatsContext [2247 searchOrchestrator] - shouldFallbackToOldStats: _use_v2_level=USE_V2_ALL, fallback=false
02-06-2024 20:49:56.005 INFO  UnifiedSearch [2247 searchOrchestrator] - Processed search targeting arguments
02-06-2024 20:49:56.005 INFO  DispatchThread [2247 searchOrchestrator] - BatchMode: allowBatchMode: 1, conf(1): 1, timeline/Status buckets(0):0, realtime(0):0, report pipe empty(0):0, reqTimeOrder(0):0, summarize(0):0, statefulStreaming(0):0
02-06-2024 20:49:56.005 INFO  DispatchThread [2247 searchOrchestrator] - required fields list to add to remote search = alert_actions,deleted,digest_mode,expiration,prestats_reserved_*,psrsvd_*,severity,sid,ss_app,ss_name,ss_user,trigger_time,triggered_alerts
02-06-2024 20:49:56.005 INFO  SearchParser [2247 searchOrchestrator] - PARSING: fields keepcolorder=t "alert_actions" "deleted" "digest_mode" "expiration" "prestats_reserved_*" "psrsvd_*" "severity" "sid" "ss_app" "ss_name" "ss_user" "trigger_time" "triggered_alerts"
02-06-2024 20:49:56.005 INFO  DispatchCommandProcessor [2247 searchOrchestrator] - summaryHash=9f7edd0e851e8458 summaryId=A59E264B-EF37-4C05-A664-4B364D39C148_search_nobody_9f7edd0e851e8458 remoteSearch=litsearch (earliest_time=-7d splunk_server="GOEL-Indexer1" index=_audit sid trigger_time action=alert_* (expiration>1707252595 OR NOT expiration=*)) | rex  ",\s*ss_name=\"(?<ss_name>(?:[^\"]+|\"(?!,\s*sid=))*)\",\s*sid=\"" | rex  ",\s*sid=\"(?<sid>.*)\",\s+\w+_\w+="  | addinfo  type=count label=prereport_events | fields  keepcolorder=t "alert_actions" "deleted" "digest_mode" "expiration" "prestats_reserved_*" "psrsvd_*" "severity" "sid" "ss_app" "ss_name" "ss_user" "trigger_time" "triggered_alerts" | prestats  list(alert_actions) list(digest_mode) list(expiration) list(severity) list(ss_app) list(ss_name) list(ss_user) list(triggered_alerts) sum(deleted) by sid trigger_time
02-06-2024 20:49:56.005 INFO  DispatchCommandProcessor [2247 searchOrchestrator] - summaryHash=NS48e8a56d688692bc summaryId=A59E264B-EF37-4C05-A664-4B364D39C148_search_nobody_NS48e8a56d688692bc remoteSearch=litsearch (earliest_time=-7d splunk_server="GOEL-Indexer1" index=_audit sid trigger_time action=alert_* (expiration>1707252595 OR NOT expiration=*)) | rex ",\s*ss_name=\"(?<ss_name>(?:[^\"]+|\"(?!,\s*sid=))*)\",\s*sid=\"" | rex ",\s*sid=\"(?<sid>.*)\",\s+\w+_\w+=" | addinfo type=count label=prereport_events | fields keepcolorder=t "alert_actions" "deleted" "digest_mode" "expiration" "prestats_reserved_*" "psrsvd_*" "severity" "sid" "ss_app" "ss_name" "ss_user" "trigger_time" "triggered_alerts" | prestats list(alert_actions) list(digest_mode) list(expiration) list(severity) list(ss_app) list(ss_name) list(ss_user) list(triggered_alerts) sum(deleted) by sid trigger_time
02-06-2024 20:49:56.005 INFO  DispatchThread [2247 searchOrchestrator] - Getting summary ID for summaryHash=NS48e8a56d688692bc
02-06-2024 20:49:56.006 INFO  SearchParser [2247 searchOrchestrator] - PARSING: search earliest_time=-7d splunk_server=local index=_audit sid trigger_time action=alert_* (expiration>1707252595 OR NOT expiration=*) | rex ",\s*ss_name=\"(?<ss_name>(?:[^\"]+|\"(?!,\s*sid=))*)\",\s*sid=\""| rex ",\s*sid=\"(?<sid>.*)\",\s+\w+_\w+=" | stats sum(deleted) AS deleted,    list(alert_actions) AS alert_actions, list(severity) AS severity,   list(expiration) AS expiration    list(ss_name) AS ss_name,   list(ss_app) AS ss_app,           list(ss_user) AS ss_user   list(digest_mode) AS digest_mode, list(triggered_alerts) AS triggered_alerts  BY sid, trigger_time | search NOT deleted=* OR deleted=0 | fields - deleted 
02-06-2024 20:49:56.006 INFO  StatsContext [2247 searchOrchestrator] -  Setting chunk size min=65536 max=1048576 double_every=100
02-06-2024 20:49:56.006 INFO  StatsContext [2247 searchOrchestrator] -  Setting max memory usage to 209715200
02-06-2024 20:49:56.006 INFO  UnifiedSearch [2247 searchOrchestrator] - Processed search targeting arguments
02-06-2024 20:49:56.006 INFO  StatsProcessorV2 [2247 searchOrchestrator] - StatsV2 (stats) args: sum(deleted), AS, deleted, list(alert_actions), AS, alert_actions, list(severity), AS, severity, list(expiration), AS, expiration, list(ss_name), AS, ss_name, list(ss_app), AS, ss_app, list(ss_user), AS, ss_user, list(digest_mode), AS, digest_mode, list(triggered_alerts), AS, triggered_alerts, BY, sid, trigger_time
02-06-2024 20:49:56.006 INFO  StatsProcessorV2 [2247 searchOrchestrator] - StatsProcessorV2::processArguments: Unaligned accesses are free
02-06-2024 20:49:56.006 INFO  StatsAggregations [2247 searchOrchestrator] - Instantiating Stats function sum for key=deleted, alias=deleted
02-06-2024 20:49:56.006 INFO  StatsAggregations [2247 searchOrchestrator] - Instantiating Stats function list for key=alert_actions, alias=alert_actions
02-06-2024 20:49:56.006 INFO  StatsAggregations [2247 searchOrchestrator] - Instantiating Stats function list for key=severity, alias=severity
02-06-2024 20:49:56.006 INFO  StatsAggregations [2247 searchOrchestrator] - Instantiating Stats function list for key=expiration, alias=expiration
02-06-2024 20:49:56.006 INFO  StatsAggregations [2247 searchOrchestrator] - Instantiating Stats function list for key=ss_name, alias=ss_name
02-06-2024 20:49:56.006 INFO  StatsAggregations [2247 searchOrchestrator] - Instantiating Stats function list for key=ss_app, alias=ss_app
02-06-2024 20:49:56.006 INFO  StatsAggregations [2247 searchOrchestrator] - Instantiating Stats function list for key=ss_user, alias=ss_user
02-06-2024 20:49:56.006 INFO  StatsAggregations [2247 searchOrchestrator] - Instantiating Stats function list for key=digest_mode, alias=digest_mode
02-06-2024 20:49:56.006 INFO  StatsAggregations [2247 searchOrchestrator] - Instantiating Stats function list for key=triggered_alerts, alias=triggered_alerts
02-06-2024 20:49:56.006 INFO  StatsContext [2247 searchOrchestrator] - shouldFallbackToOldStats: _use_v2_level=USE_V2_ALL, fallback=false
02-06-2024 20:49:56.007 INFO  UnifiedSearch [2247 searchOrchestrator] - Processed search targeting arguments
02-06-2024 20:49:56.008 INFO  AstOptimizer [2247 searchOrchestrator] - SrchOptMetrics optimize_toJson=0.001857109
02-06-2024 20:49:56.008 INFO  SearchParser [2247 searchOrchestrator] - PARSING:  | fields - deleted
02-06-2024 20:49:56.009 INFO  SearchParser [2247 searchOrchestrator] - PARSING: | search (NOT deleted=* OR deleted=0)
02-06-2024 20:49:56.009 INFO  StatsContext [2247 searchOrchestrator] -  Setting chunk size min=65536 max=1048576 double_every=100
02-06-2024 20:49:56.009 INFO  StatsContext [2247 searchOrchestrator] -  Setting max memory usage to 209715200
02-06-2024 20:49:56.009 INFO  SearchParser [2247 searchOrchestrator] - PARSING: | stats sum(deleted) AS deleted,    list(alert_actions) AS alert_actions, list(severity) AS severity,   list(expiration) AS expiration    list(ss_name) AS ss_name,   list(ss_app) AS ss_app,           list(ss_user) AS ss_user   list(digest_mode) AS digest_mode, list(triggered_alerts) AS triggered_alerts  BY sid, trigger_time
02-06-2024 20:49:56.009 INFO  StatsContext [2247 searchOrchestrator] -  Setting chunk size min=65536 max=1048576 double_every=100
02-06-2024 20:49:56.009 INFO  StatsContext [2247 searchOrchestrator] -  Setting max memory usage to 209715200
02-06-2024 20:49:56.009 INFO  SearchParser [2247 searchOrchestrator] - PARSING:  | rex field=_raw ",\\s*sid=\"(?<sid>.*)\",\\s+\\w+_\\w+="
02-06-2024 20:49:56.009 INFO  SearchParser [2247 searchOrchestrator] - PARSING:  | rex field=_raw ",\\s*ss_name=\"(?<ss_name>(?:[^\"]+|\"(?!,\\s*sid=))*)\",\\s*sid=\""
02-06-2024 20:49:56.009 INFO  SearchParser [2247 searchOrchestrator] - PARSING: | search (earliest_time=-7d splunk_server=local index=_audit sid trigger_time action=alert_* (expiration>1707252595 OR NOT expiration=*))
02-06-2024 20:49:56.010 INFO  FederatedInfo [2247 searchOrchestrator] - No federated search providers defined.
02-06-2024 20:49:56.010 INFO  ProjElim [2247 searchOrchestrator] - Black listed processors=[addinfo]
02-06-2024 20:49:56.019 INFO  AstOptimizer [2247 searchOrchestrator] - SrchOptMetrics optimization=0.010971207
02-06-2024 20:49:56.019 INFO  StatsContext [2247 searchOrchestrator] -  Setting chunk size min=65536 max=1048576 double_every=100
02-06-2024 20:49:56.019 INFO  StatsContext [2247 searchOrchestrator] -  Setting max memory usage to 209715200
02-06-2024 20:49:56.020 INFO  SearchPhaseGenerator [2247 searchOrchestrator] - Optimized Search =| search (action=alert_* earliest_time=-7d index=_audit splunk_server=local (NOT expiration=* OR expiration>1707252595) sid trigger_time) | rex field=_raw ",\\s*ss_name=\"(?<ss_name>(?:[^\"]+|\"(?!,\\s*sid=))*)\",\\s*sid=\"" | rex field=_raw ",\\s*sid=\"(?<sid>.*)\",\\s+\\w+_\\w+=" | stats sum(deleted) AS deleted,    list(alert_actions) AS alert_actions, list(severity) AS severity,   list(expiration) AS expiration    list(ss_name) AS ss_name,   list(ss_app) AS ss_app,           list(ss_user) AS ss_user   list(digest_mode) AS digest_mode, list(triggered_alerts) AS triggered_alerts  BY sid, trigger_time| search (NOT deleted=* OR deleted=0) | fields - deleted
02-06-2024 20:49:56.020 INFO  ScopedTimer [2247 searchOrchestrator] - search.optimize 0.014179509
02-06-2024 20:49:56.020 INFO  FederatedProviderVisitor [2247 searchOrchestrator] - Federated Whole Search Remote Execution Enabled: false
02-06-2024 20:49:56.021 INFO  SearchPhaseGenerator [2247 searchOrchestrator] - Number of involved federated deployments is 0.
02-06-2024 20:49:56.021 INFO  ParallelReducePolicy [2247 searchOrchestrator] - Current Search Head doesn't have any usable peers to use.
02-06-2024 20:49:56.021 INFO  PhaseToPipelineVisitor [2247 searchOrchestrator] - Phase Search = | search (action=alert_* earliest_time=-7d index=_audit splunk_server=local (NOT expiration=* OR expiration>1707252595) sid trigger_time) | rex field=_raw ",\\s*ss_name=\"(?<ss_name>(?:[^\"]+|\"(?!,\\s*sid=))*)\",\\s*sid=\"" | rex field=_raw ",\\s*sid=\"(?<sid>.*)\",\\s+\\w+_\\w+="
02-06-2024 20:49:56.021 INFO  SearchParser [2247 searchOrchestrator] - PARSING: | search (action=alert_* earliest_time=-7d index=_audit splunk_server=local (NOT expiration=* OR expiration>1707252595) sid trigger_time) | rex field=_raw ",\\s*ss_name=\"(?<ss_name>(?:[^\"]+|\"(?!,\\s*sid=))*)\",\\s*sid=\"" | rex field=_raw ",\\s*sid=\"(?<sid>.*)\",\\s+\\w+_\\w+="
02-06-2024 20:49:56.031 INFO  SearchProcessor [2247 searchOrchestrator] - Building search filter
02-06-2024 20:49:56.043 INFO  SearchEvaluatorBasedExpander [2247 searchOrchestrator] -  Performing lookup expansions
02-06-2024 20:49:56.043 INFO  SearchEvaluatorBasedExpander [2247 searchOrchestrator] -  Lookup expansion took 0 ms
02-06-2024 20:49:56.043 INFO  SearchEvaluatorBasedExpander [2247 searchOrchestrator] -  Performing calculated field expansions
02-06-2024 20:49:56.043 INFO  SearchEvaluatorBasedExpander [2247 searchOrchestrator] -  Calculated field expansion took 0 ms
02-06-2024 20:49:56.043 INFO  SearchEvaluatorBasedExpander [2247 searchOrchestrator] -  Performing field alias expansions
02-06-2024 20:49:56.043 INFO  SearchEvaluatorBasedExpander [2247 searchOrchestrator] -  field alias expansions took 0 ms
02-06-2024 20:49:56.043 INFO  SearchEvaluatorBasedExpander [2247 searchOrchestrator] -  Performing kvfield expansions
02-06-2024 20:49:56.043 INFO  SearchEvaluatorBasedExpander [2247 searchOrchestrator] -  kvfield expansions took 0 ms
02-06-2024 20:49:56.043 INFO  SearchEvaluatorBasedExpander [2247 searchOrchestrator] -  Performing indexed fields expansions
02-06-2024 20:49:56.043 INFO  SearchEvaluatorBasedExpander [2247 searchOrchestrator] -  indexed fields expansions took 0 ms
02-06-2024 20:49:56.043 INFO  SearchEvaluatorBasedExpander [2247 searchOrchestrator] -  Performing reverse sourcetype expansions
02-06-2024 20:49:56.043 INFO  SearchEvaluatorBasedExpander [2247 searchOrchestrator] -  sourcetype expansions took 0 ms
02-06-2024 20:49:56.043 INFO  UnifiedSearch [2247 searchOrchestrator] - Expanded index search = (action=alert_* index=_audit splunk_server="GOEL-Indexer1" (NOT expiration=* OR expiration>1707252595) sid trigger_time _time>=1706647795.000)
02-06-2024 20:49:56.044 INFO  UnifiedSearch [2247 searchOrchestrator] - base lispy: [ AND index::_audit sid splunk_server::goel-indexer1 time trigger [ OR action::alert_* alert ] ]
02-06-2024 20:49:56.045 INFO  UnifiedSearch [2247 searchOrchestrator] - Processed search targeting arguments
02-06-2024 20:49:56.045 INFO  StatsContext [2247 searchOrchestrator] -  Setting chunk size min=65536 max=1048576 double_every=100
02-06-2024 20:49:56.045 INFO  StatsContext [2247 searchOrchestrator] -  Setting max memory usage to 209715200
02-06-2024 20:49:56.045 INFO  PhaseToPipelineVisitor [2247 searchOrchestrator] - Phase Search = | stats sum(deleted) AS deleted,    list(alert_actions) AS alert_actions, list(severity) AS severity,   list(expiration) AS expiration    list(ss_name) AS ss_name,   list(ss_app) AS ss_app,           list(ss_user) AS ss_user   list(digest_mode) AS digest_mode, list(triggered_alerts) AS triggered_alerts  BY sid, trigger_time| search (NOT deleted=* OR deleted=0) | fields - deleted
02-06-2024 20:49:56.045 INFO  SearchParser [2247 searchOrchestrator] - PARSING: | stats sum(deleted) AS deleted,    list(alert_actions) AS alert_actions, list(severity) AS severity,   list(expiration) AS expiration    list(ss_name) AS ss_name,   list(ss_app) AS ss_app,           list(ss_user) AS ss_user   list(digest_mode) AS digest_mode, list(triggered_alerts) AS triggered_alerts  BY sid, trigger_time| search (NOT deleted=* OR deleted=0) | fields - deleted
02-06-2024 20:49:56.045 INFO  StatsContext [2247 searchOrchestrator] -  Setting chunk size min=65536 max=1048576 double_every=100
02-06-2024 20:49:56.045 INFO  StatsContext [2247 searchOrchestrator] -  Setting max memory usage to 209715200
02-06-2024 20:49:56.045 INFO  StatsProcessorV2 [2247 searchOrchestrator] - StatsV2 (stats) args: sum(deleted), AS, deleted, list(alert_actions), AS, alert_actions, list(severity), AS, severity, list(expiration), AS, expiration, list(ss_name), AS, ss_name, list(ss_app), AS, ss_app, list(ss_user), AS, ss_user, list(digest_mode), AS, digest_mode, list(triggered_alerts), AS, triggered_alerts, BY, sid, trigger_time
02-06-2024 20:49:56.045 INFO  StatsProcessorV2 [2247 searchOrchestrator] - StatsProcessorV2::processArguments: Unaligned accesses are free
02-06-2024 20:49:56.045 INFO  StatsAggregations [2247 searchOrchestrator] - Instantiating Stats function sum for key=deleted, alias=deleted
02-06-2024 20:49:56.045 INFO  StatsAggregations [2247 searchOrchestrator] - Instantiating Stats function list for key=alert_actions, alias=alert_actions
02-06-2024 20:49:56.045 INFO  StatsAggregations [2247 searchOrchestrator] - Instantiating Stats function list for key=severity, alias=severity
02-06-2024 20:49:56.045 INFO  StatsAggregations [2247 searchOrchestrator] - Instantiating Stats function list for key=expiration, alias=expiration
02-06-2024 20:49:56.045 INFO  StatsAggregations [2247 searchOrchestrator] - Instantiating Stats function list for key=ss_name, alias=ss_name
02-06-2024 20:49:56.045 INFO  StatsAggregations [2247 searchOrchestrator] - Instantiating Stats function list for key=ss_app, alias=ss_app
02-06-2024 20:49:56.045 INFO  StatsAggregations [2247 searchOrchestrator] - Instantiating Stats function list for key=ss_user, alias=ss_user
02-06-2024 20:49:56.045 INFO  StatsAggregations [2247 searchOrchestrator] - Instantiating Stats function list for key=digest_mode, alias=digest_mode
02-06-2024 20:49:56.045 INFO  StatsAggregations [2247 searchOrchestrator] - Instantiating Stats function list for key=triggered_alerts, alias=triggered_alerts
02-06-2024 20:49:56.045 INFO  StatsContext [2247 searchOrchestrator] - shouldFallbackToOldStats: _use_v2_level=USE_V2_ALL, fallback=false
02-06-2024 20:49:56.046 INFO  UnifiedSearch [2247 searchOrchestrator] - Processed search targeting arguments
02-06-2024 20:49:56.046 INFO  SearchPipeline [2247 searchOrchestrator] - ReportSearch=1 AllowBatchMode=1
02-06-2024 20:49:56.046 INFO  SearchParser [2247 searchOrchestrator] - PARSING: addinfo type=count label=prereport_events track_fieldmeta_events=true
02-06-2024 20:49:56.046 INFO  SearchParser [2247 searchOrchestrator] - PARSING: prestats list(alert_actions) list(digest_mode) list(expiration) list(severity) list(ss_app) list(ss_name) list(ss_user) list(triggered_alerts) sum(deleted) by sid trigger_time
02-06-2024 20:49:56.046 INFO  StatsContext [2247 searchOrchestrator] -  Setting chunk size min=65536 max=1048576 double_every=100
02-06-2024 20:49:56.046 INFO  StatsContext [2247 searchOrchestrator] -  Setting max memory usage to 209715200
02-06-2024 20:49:56.046 INFO  StatsProcessorV2 [2247 searchOrchestrator] - StatsV2 (stats) args: list(alert_actions), list(digest_mode), list(expiration), list(severity), list(ss_app), list(ss_name), list(ss_user), list(triggered_alerts), sum(deleted), by, sid, trigger_time
02-06-2024 20:49:56.046 INFO  StatsProcessorV2 [2247 searchOrchestrator] - StatsProcessorV2::processArguments: Unaligned accesses are free
02-06-2024 20:49:56.046 INFO  StatsAggregations [2247 searchOrchestrator] - Instantiating Stats function list for key=alert_actions, alias=list(alert_actions)
02-06-2024 20:49:56.046 INFO  StatsAggregations [2247 searchOrchestrator] - Instantiating Stats function list for key=digest_mode, alias=list(digest_mode)
02-06-2024 20:49:56.046 INFO  StatsAggregations [2247 searchOrchestrator] - Instantiating Stats function list for key=expiration, alias=list(expiration)
02-06-2024 20:49:56.046 INFO  StatsAggregations [2247 searchOrchestrator] - Instantiating Stats function list for key=severity, alias=list(severity)
02-06-2024 20:49:56.046 INFO  StatsAggregations [2247 searchOrchestrator] - Instantiating Stats function list for key=ss_app, alias=list(ss_app)
02-06-2024 20:49:56.046 INFO  StatsAggregations [2247 searchOrchestrator] - Instantiating Stats function list for key=ss_name, alias=list(ss_name)
02-06-2024 20:49:56.046 INFO  StatsAggregations [2247 searchOrchestrator] - Instantiating Stats function list for key=ss_user, alias=list(ss_user)
02-06-2024 20:49:56.046 INFO  StatsAggregations [2247 searchOrchestrator] - Instantiating Stats function list for key=triggered_alerts, alias=list(triggered_alerts)
02-06-2024 20:49:56.046 INFO  StatsAggregations [2247 searchOrchestrator] - Instantiating Stats function sum for key=deleted, alias=sum(deleted)
02-06-2024 20:49:56.046 INFO  StatsContext [2247 searchOrchestrator] - shouldFallbackToOldStats: _use_v2_level=USE_V2_ALL, fallback=false
02-06-2024 20:49:56.046 INFO  SearchPhaseGenerator [2247 searchOrchestrator] - No need for RTWindowProcessor
02-06-2024 20:49:56.046 INFO  SearchPhaseGenerator [2247 searchOrchestrator] - Timeliner will not be executed
02-06-2024 20:49:56.046 INFO  SearchPhaseGenerator [2247 searchOrchestrator] - required fields list to add to different pipelines = alert_actions,deleted,digest_mode,expiration,prestats_reserved_*,psrsvd_*,severity,sid,ss_app,ss_name,ss_user,trigger_time,triggered_alerts
02-06-2024 20:49:56.046 INFO  SearchPhaseGenerator [2247 searchOrchestrator] - Remote Timeliner=
02-06-2024 20:49:56.046 INFO  SearchPhaseGenerator [2247 searchOrchestrator] - Fileds=fields keepcolorder=t "alert_actions" "deleted" "digest_mode" "expiration" "prestats_reserved_*" "psrsvd_*" "severity" "sid" "ss_app" "ss_name" "ss_user" "trigger_time" "triggered_alerts"
02-06-2024 20:49:56.046 INFO  SearchPhaseGenerator [2247 searchOrchestrator] - REMOTE TIMELINER ADDED
02-06-2024 20:49:56.046 INFO  SearchParser [2247 searchOrchestrator] - PARSING: fields keepcolorder=t "alert_actions" "deleted" "digest_mode" "expiration" "prestats_reserved_*" "psrsvd_*" "severity" "sid" "ss_app" "ss_name" "ss_user" "trigger_time" "triggered_alerts"
02-06-2024 20:49:56.047 INFO  SearchPhaseGenerator [2247 searchOrchestrator] - Adding noop to provide result collation at search head
02-06-2024 20:49:56.047 INFO  SearchParser [2247 searchOrchestrator] - PARSING: noop
02-06-2024 20:49:56.047 INFO  SearchPhaseGenerator [2247 searchOrchestrator] - Search Phases created.
02-06-2024 20:49:56.048 INFO  SearchOrchestrator [2247 searchOrchestrator] - Preview is not enabled. (preview_algorithm=NONE)
02-06-2024 20:49:56.050 INFO  UserManager [2247 searchOrchestrator] - Setting user context: splunk-system-user
02-06-2024 20:49:56.050 INFO  UserManager [2247 searchOrchestrator] - Done setting user context: splunk-system-user -> splunk-system-user
02-06-2024 20:49:56.050 INFO  UserManager [2247 searchOrchestrator] - Unwound user context: splunk-system-user -> splunk-system-user
02-06-2024 20:49:56.050 INFO  DistributedSearchResultCollectionManager [2247 searchOrchestrator] - Stream search: litsearch (action=alert_* index=_audit splunk_server="GOEL-Indexer1" (NOT expiration=* OR expiration>1707252595) sid trigger_time _time>=1706647795.000) | rex  field=_raw ",\\s*ss_name=\"(?<ss_name>(?:[^\"]+|\"(?!,\\s*sid=))*)\",\\s*sid=\""  | rex  field=_raw ",\\s*sid=\"(?<sid>.*)\",\\s+\\w+_\\w+=" | addinfo  type=count label=prereport_events track_fieldmeta_events=true | fields  keepcolorder=t "alert_actions" "deleted" "digest_mode" "expiration" "prestats_reserved_*" "psrsvd_*" "severity" "sid" "ss_app" "ss_name" "ss_user" "trigger_time" "triggered_alerts" | prestats  list(alert_actions) list(digest_mode) list(expiration) list(severity) list(ss_app) list(ss_name) list(ss_user) list(triggered_alerts) sum(deleted) by sid trigger_time
02-06-2024 20:49:56.050 INFO  ExternalResultProvider [2247 searchOrchestrator] - No external result providers are configured
02-06-2024 20:49:56.050 INFO  DistributedSearchResultCollectionManager [2247 searchOrchestrator] - ERP_FACTORY initialized, but zero external result provider, hence disabling _isERPCollectionEnabled
02-06-2024 20:49:56.050 INFO  DistributedSearchResultCollectionManager [2247 searchOrchestrator] - results_queue_read_timeout_sec=900.000 send_timeout=30.000 connect_timeout=10.000 receive_timeout=600.000
02-06-2024 20:49:56.050 INFO  DistributedSearchResultCollectionManager [2247 searchOrchestrator] - Default search group:*
02-06-2024 20:49:56.050 INFO  SearchTargeter [2247 searchOrchestrator] - Index list is not available for GOEL-Indexer1 targeting based on splunk_server and splunk_server_group only
02-06-2024 20:49:56.050 INFO  DistributedSearchResultCollectionManager [2247 searchOrchestrator] - Connecting to peer GOEL-Indexer1 connectAll 0 connectToSpecificPeer 1
02-06-2024 20:49:56.050 INFO  SearchPhaseGenerator [2247 searchOrchestrator] - Time spends on creating distributed search results infrastructure; dispatchcreatedSearchResultInfrastructure=0.002284800 seconds.
02-06-2024 20:49:56.050 INFO  SearchOrchestrator [2247 searchOrchestrator] - Starting the status control thread.
02-06-2024 20:49:56.050 INFO  SearchOrchestrator [2247 searchOrchestrator] - Starting phase=1
02-06-2024 20:49:56.050 INFO  UserManager [2257 phase_1] - Setting user context: splunk-system-user
02-06-2024 20:49:56.050 INFO  UserManager [2257 phase_1] - Done setting user context: NULL -> splunk-system-user
02-06-2024 20:49:56.050 INFO  ReducePhaseExecutor [2257 phase_1] - Starting phase_1
02-06-2024 20:49:56.051 INFO  UserManager [2255 SearchResultExecutorThread] - Setting user context: splunk-system-user
02-06-2024 20:49:56.051 INFO  UserManager [2255 SearchResultExecutorThread] - Done setting user context: NULL -> splunk-system-user
02-06-2024 20:49:56.051 INFO  UserManager [2249 StatusEnforcerThread] - Setting user context: splunk-system-user
02-06-2024 20:49:56.051 INFO  UserManager [2249 StatusEnforcerThread] - Done setting user context: NULL -> splunk-system-user
02-06-2024 20:49:56.051 INFO  SearchStatusEnforcer [2249 StatusEnforcerThread] - Enforcing disk quota = 10485760000
02-06-2024 20:49:56.051 INFO  UserManager [2253 SearchResultExecutorThread] - Setting user context: splunk-system-user
02-06-2024 20:49:56.051 INFO  UserManager [2253 SearchResultExecutorThread] - Done setting user context: NULL -> splunk-system-user
02-06-2024 20:49:56.051 INFO  UserManager [2258 localCollectorThread] - Setting user context: splunk-system-user
02-06-2024 20:49:56.051 INFO  UserManager [2258 localCollectorThread] - Done setting user context: NULL -> splunk-system-user
02-06-2024 20:49:56.051 INFO  SearchParser [2258 localCollectorThread] - PARSING: litsearch (action=alert_* index=_audit splunk_server="GOEL-Indexer1" (NOT expiration=* OR expiration>1707252595) sid trigger_time _time>=1706647795.000) | rex  field=_raw ",\\s*ss_name=\"(?<ss_name>(?:[^\"]+|\"(?!,\\s*sid=))*)\",\\s*sid=\""  | rex  field=_raw ",\\s*sid=\"(?<sid>.*)\",\\s+\\w+_\\w+=" | addinfo  type=count label=prereport_events track_fieldmeta_events=true | fields  keepcolorder=t "alert_actions" "deleted" "digest_mode" "expiration" "prestats_reserved_*" "psrsvd_*" "severity" "sid" "ss_app" "ss_name" "ss_user" "trigger_time" "triggered_alerts" | prestats  list(alert_actions) list(digest_mode) list(expiration) list(severity) list(ss_app) list(ss_name) list(ss_user) list(triggered_alerts) sum(deleted) by sid trigger_time
02-06-2024 20:49:56.051 INFO  StatsContext [2258 localCollectorThread] -  Setting chunk size min=65536 max=1048576 double_every=100
02-06-2024 20:49:56.051 INFO  StatsContext [2258 localCollectorThread] -  Setting max memory usage to 209715200
02-06-2024 20:49:56.055 INFO  UserManager [2254 SearchResultExecutorThread] - Setting user context: splunk-system-user
02-06-2024 20:49:56.055 INFO  UserManager [2254 SearchResultExecutorThread] - Done setting user context: NULL -> splunk-system-user
02-06-2024 20:49:56.060 INFO  UserManager [2252 SearchResultExecutorThread] - Setting user context: splunk-system-user
02-06-2024 20:49:56.060 INFO  UserManager [2252 SearchResultExecutorThread] - Done setting user context: NULL -> splunk-system-user
02-06-2024 20:49:56.060 INFO  UserManager [2256 SearchResultExecutorThread] - Setting user context: splunk-system-user
02-06-2024 20:49:56.060 INFO  UserManager [2256 SearchResultExecutorThread] - Done setting user context: NULL -> splunk-system-user
02-06-2024 20:49:56.070 INFO  SearchParser [2258 localCollectorThread] - PARSING: typer | tags
02-06-2024 20:49:56.078 INFO  FastTyper [2258 localCollectorThread] - found nodes count: comparisons=6, unique_comparisons=5, terms=4, unique_terms=4, phrases=12, unique_phrases=12, total leaves=22
02-06-2024 20:49:56.080 INFO  BatchSearch [2258 localCollectorThread] - Using Batch Search
02-06-2024 20:49:56.081 INFO  UserManager [2258 localCollectorThread] - Setting user context: splunk-system-user
02-06-2024 20:49:56.081 INFO  UserManager [2258 localCollectorThread] - Done setting user context: splunk-system-user -> splunk-system-user
02-06-2024 20:49:56.081 INFO  FastSearchFilter [2258 localCollectorThread] - Finished initializing IndexScopedFilter - trivial=0, nTerms=3, oTerms=0, host=0, source=0, sourcetype=0, linecount=0 exactCustomCmp=0
02-06-2024 20:49:56.081 INFO  UserManager [2258 localCollectorThread] - Unwound user context: splunk-system-user -> splunk-system-user
02-06-2024 20:49:56.081 INFO  BatchSearch [2258 localCollectorThread] -  BatchSearch is initialized for indexes = {_audit}, et = 1706647795.000000000, lt = 1707252596.069582000, index_et = -9223372036854775808.000000000, index_lt = 9223372036854775807.999999000, noRead = FALSE
02-06-2024 20:49:56.081 INFO  BatchSearch [2258 localCollectorThread] - Clearing any DDM references
02-06-2024 20:49:56.082 INFO  BatchSearch [2258 localCollectorThread] - index: _audit dbsize=38
02-06-2024 20:49:56.082 INFO  UnifiedSearch [2258 localCollectorThread] - Initialization of search data structures took 13 ms
02-06-2024 20:49:56.082 INFO  UnifiedSearch [2258 localCollectorThread] - Processed search targeting arguments
02-06-2024 20:49:56.082 INFO  StatsProcessorV2 [2258 localCollectorThread] - StatsV2 (stats) args: list(alert_actions), list(digest_mode), list(expiration), list(severity), list(ss_app), list(ss_name), list(ss_user), list(triggered_alerts), sum(deleted), by, sid, trigger_time
02-06-2024 20:49:56.082 INFO  StatsProcessorV2 [2258 localCollectorThread] - StatsProcessorV2::processArguments: Unaligned accesses are free
02-06-2024 20:49:56.082 INFO  StatsAggregations [2258 localCollectorThread] - Instantiating Stats function list for key=alert_actions, alias=list(alert_actions)
02-06-2024 20:49:56.082 INFO  StatsAggregations [2258 localCollectorThread] - Instantiating Stats function list for key=digest_mode, alias=list(digest_mode)
02-06-2024 20:49:56.082 INFO  StatsAggregations [2258 localCollectorThread] - Instantiating Stats function list for key=expiration, alias=list(expiration)
02-06-2024 20:49:56.082 INFO  StatsAggregations [2258 localCollectorThread] - Instantiating Stats function list for key=severity, alias=list(severity)
02-06-2024 20:49:56.082 INFO  StatsAggregations [2258 localCollectorThread] - Instantiating Stats function list for key=ss_app, alias=list(ss_app)
02-06-2024 20:49:56.082 INFO  StatsAggregations [2258 localCollectorThread] - Instantiating Stats function list for key=ss_name, alias=list(ss_name)
02-06-2024 20:49:56.082 INFO  StatsAggregations [2258 localCollectorThread] - Instantiating Stats function list for key=ss_user, alias=list(ss_user)
02-06-2024 20:49:56.082 INFO  StatsAggregations [2258 localCollectorThread] - Instantiating Stats function list for key=triggered_alerts, alias=list(triggered_alerts)
02-06-2024 20:49:56.082 INFO  StatsAggregations [2258 localCollectorThread] - Instantiating Stats function sum for key=deleted, alias=sum(deleted)
02-06-2024 20:49:56.082 INFO  StatsContext [2258 localCollectorThread] - shouldFallbackToOldStats: _use_v2_level=USE_V2_ALL, fallback=false
02-06-2024 20:49:56.096 INFO  LocalCollector [2258 localCollectorThread] - Final required fields list = Message,_raw,_subsecond,_time,action,alert_actions,deleted,digest_mode,expiration,index,prestats_reserved_*,psrsvd_*,severity,sid,splunk_server,ss_app,ss_name,ss_user,trigger_time,triggered_alerts
02-06-2024 20:49:56.096 INFO  UserManager [2258 localCollectorThread] - Unwound user context: splunk-system-user -> NULL
02-06-2024 20:49:56.096 INFO  UserManager [2258 localCollectorThread] - Setting user context: splunk-system-user
02-06-2024 20:49:56.096 INFO  UserManager [2258 localCollectorThread] - Done setting user context: NULL -> splunk-system-user
02-06-2024 20:49:56.096 INFO  BatchSearch [2258 localCollectorThread] - Searching index:_audit with LISPY:'[ AND sid time trigger [ OR action::alert_* alert ] ]'
02-06-2024 20:49:56.126 INFO  BatchSearch [2258 localCollectorThread] - Setting up cache file for bkt=_audit~18~A59E264B-EF37-4C05-A664-4B364D39C148
02-06-2024 20:49:56.127 INFO  BatchSearch [2258 localCollectorThread] - Setting up cache file for bkt=_audit~18~A7E1805D-45C6-44A6-8F41-DCD62F97B6BC
02-06-2024 20:49:56.137 INFO  BatchSearch [2258 localCollectorThread] - Setting up cache file for bkt=_audit~12~A4B2739E-EC56-4B6D-9A88-3AA302EAA608
02-06-2024 20:49:56.145 INFO  BatchSearch [2258 localCollectorThread] - Setting up cache file for bkt=_audit~17~A59E264B-EF37-4C05-A664-4B364D39C148
02-06-2024 20:49:56.153 INFO  BatchSearch [2258 localCollectorThread] - Setting up cache file for bkt=_audit~16~A59E264B-EF37-4C05-A664-4B364D39C148
02-06-2024 20:49:56.153 INFO  BatchSearch [2258 localCollectorThread] - Setting up cache file for bkt=_audit~14~A7E1805D-45C6-44A6-8F41-DCD62F97B6BC
02-06-2024 20:49:56.159 INFO  BatchSearch [2258 localCollectorThread] - Setting up cache file for bkt=_audit~10~A4B2739E-EC56-4B6D-9A88-3AA302EAA608
02-06-2024 20:49:56.166 INFO  BatchSearch [2258 localCollectorThread] - Setting up cache file for bkt=_audit~15~A59E264B-EF37-4C05-A664-4B364D39C148
02-06-2024 20:49:56.177 INFO  BatchSearch [2258 localCollectorThread] - Setting up cache file for bkt=_audit~13~A7E1805D-45C6-44A6-8F41-DCD62F97B6BC
02-06-2024 20:49:56.177 INFO  BatchSearch [2258 localCollectorThread] - Setting up cache file for bkt=_audit~14~A59E264B-EF37-4C05-A664-4B364D39C148
02-06-2024 20:49:56.177 INFO  BatchSearch [2258 localCollectorThread] - Setting up cache file for bkt=_audit~9~A4B2739E-EC56-4B6D-9A88-3AA302EAA608
02-06-2024 20:49:56.182 INFO  BatchSearch [2258 localCollectorThread] - Setting up cache file for bkt=_audit~13~A59E264B-EF37-4C05-A664-4B364D39C148
02-06-2024 20:49:56.190 INFO  BatchSearch [2258 localCollectorThread] - Setting up cache file for bkt=_audit~11~A7E1805D-45C6-44A6-8F41-DCD62F97B6BC
02-06-2024 20:49:56.190 INFO  BatchSearch [2258 localCollectorThread] - Setting up cache file for bkt=_audit~12~A59E264B-EF37-4C05-A664-4B364D39C148
02-06-2024 20:49:56.190 INFO  BatchSearch [2258 localCollectorThread] - Setting up cache file for bkt=_audit~10~A7E1805D-45C6-44A6-8F41-DCD62F97B6BC
02-06-2024 20:49:56.196 INFO  BatchSearch [2258 localCollectorThread] - Setting up cache file for bkt=_audit~8~A4B2739E-EC56-4B6D-9A88-3AA302EAA608
02-06-2024 20:49:56.201 INFO  BatchSearch [2258 localCollectorThread] - Setting up cache file for bkt=_audit~11~A59E264B-EF37-4C05-A664-4B364D39C148
02-06-2024 20:49:56.204 INFO  BatchSearch [2258 localCollectorThread] - Setting up cache file for bkt=_audit~9~A7E1805D-45C6-44A6-8F41-DCD62F97B6BC
02-06-2024 20:49:56.205 INFO  BatchSearch [2258 localCollectorThread] - Setting up cache file for bkt=_audit~10~A59E264B-EF37-4C05-A664-4B364D39C148
02-06-2024 20:49:56.207 INFO  BatchSearch [2258 localCollectorThread] - Setting up cache file for bkt=_audit~8~A7E1805D-45C6-44A6-8F41-DCD62F97B6BC
02-06-2024 20:49:56.217 INFO  BatchSearch [2258 localCollectorThread] - Setting up cache file for bkt=_audit~9~A59E264B-EF37-4C05-A664-4B364D39C148
02-06-2024 20:49:56.229 INFO  BatchSearch [2258 localCollectorThread] - Setting up cache file for bkt=_audit~5~A4B2739E-EC56-4B6D-9A88-3AA302EAA608
02-06-2024 20:49:56.231 INFO  BatchSearch [2258 localCollectorThread] - Setting up cache file for bkt=_audit~8~A59E264B-EF37-4C05-A664-4B364D39C148
02-06-2024 20:49:56.240 INFO  BatchSearch [2258 localCollectorThread] - Setting up cache file for bkt=_audit~4~A7E1805D-45C6-44A6-8F41-DCD62F97B6BC
02-06-2024 20:49:56.243 INFO  BatchSearch [2258 localCollectorThread] - Setting up cache file for bkt=_audit~7~A59E264B-EF37-4C05-A664-4B364D39C148
02-06-2024 20:49:56.245 INFO  BatchSearch [2258 localCollectorThread] - Setting up cache file for bkt=_audit~6~A59E264B-EF37-4C05-A664-4B364D39C148
02-06-2024 20:49:56.247 INFO  BatchSearch [2258 localCollectorThread] - Setting up cache file for bkt=_audit~3~A7E1805D-45C6-44A6-8F41-DCD62F97B6BC
02-06-2024 20:49:56.250 INFO  BatchSearch [2258 localCollectorThread] - Setting up cache file for bkt=_audit~4~A4B2739E-EC56-4B6D-9A88-3AA302EAA608
02-06-2024 20:49:56.253 INFO  BatchSearch [2258 localCollectorThread] - Setting up cache file for bkt=_audit~3~A4B2739E-EC56-4B6D-9A88-3AA302EAA608
02-06-2024 20:49:56.253 INFO  BatchSearch [2258 localCollectorThread] - Setting up cache file for bkt=_audit~2~A7E1805D-45C6-44A6-8F41-DCD62F97B6BC
02-06-2024 20:49:56.255 INFO  BatchSearch [2258 localCollectorThread] - Setting up cache file for bkt=_audit~5~A59E264B-EF37-4C05-A664-4B364D39C148
02-06-2024 20:49:56.257 INFO  BatchSearch [2258 localCollectorThread] - Setting up cache file for bkt=_audit~2~A4B2739E-EC56-4B6D-9A88-3AA302EAA608
02-06-2024 20:49:56.258 INFO  BatchSearch [2258 localCollectorThread] - Setting up cache file for bkt=_audit~4~A59E264B-EF37-4C05-A664-4B364D39C148
02-06-2024 20:49:56.260 INFO  BatchSearch [2258 localCollectorThread] - Setting up cache file for bkt=_audit~3~A59E264B-EF37-4C05-A664-4B364D39C148
02-06-2024 20:49:56.262 INFO  BatchSearch [2258 localCollectorThread] - Setting up cache file for bkt=_audit~2~A59E264B-EF37-4C05-A664-4B364D39C148
02-06-2024 20:49:56.264 INFO  BatchSearch [2258 localCollectorThread] - Setting up cache file for bkt=_audit~1~A59E264B-EF37-4C05-A664-4B364D39C148
02-06-2024 20:49:56.265 INFO  BatchSearch [2258 localCollectorThread] - Setting up cache file for bkt=_audit~0~A59E264B-EF37-4C05-A664-4B364D39C148
02-06-2024 20:49:56.267 INFO  UserManager [2258 localCollectorThread] - Unwound user context: splunk-system-user -> NULL
02-06-2024 20:49:56.267 INFO  UserManager [2255 SearchResultExecutorThread] - Unwound user context: splunk-system-user -> NULL
02-06-2024 20:49:56.267 INFO  UserManager [2253 SearchResultExecutorThread] - Unwound user context: splunk-system-user -> NULL
02-06-2024 20:49:56.267 INFO  UserManager [2254 SearchResultExecutorThread] - Unwound user context: splunk-system-user -> NULL
02-06-2024 20:49:56.267 INFO  UserManager [2252 SearchResultExecutorThread] - Unwound user context: splunk-system-user -> NULL
02-06-2024 20:49:56.267 INFO  UserManager [2256 SearchResultExecutorThread] - Unwound user context: splunk-system-user -> NULL
02-06-2024 20:49:56.267 INFO  ResultsCollationProcessor [2257 phase_1] - Writing remote_event_providers.csv to disk
02-06-2024 20:49:56.273 INFO  ReducePhaseExecutor [2257 phase_1] - Not downloading remote search.log files. Reason: No remote event providers.
02-06-2024 20:49:56.273 INFO  ReducePhaseExecutor [2257 phase_1] - Not downloading remote search_telemetry.json files. Reason: No remote event providers.
02-06-2024 20:49:56.273 INFO  ReducePhaseExecutor [2257 phase_1] - Ending phase_1
02-06-2024 20:49:56.273 INFO  UserManager [2257 phase_1] - Unwound user context: splunk-system-user -> NULL
02-06-2024 20:49:56.276 INFO  UserManager [2249 StatusEnforcerThread] - Unwound user context: splunk-system-user -> NULL
02-06-2024 20:49:56.277 INFO  DispatchStorageManager [2247 searchOrchestrator] - Remote storage disabled for search artifacts.
02-06-2024 20:49:56.277 INFO  DispatchManager [2247 searchOrchestrator] - DispatchManager::dispatchHasFinished(id='alertsmanager_1707252595.1', username='splunk-system-user')
02-06-2024 20:49:56.277 INFO  UserManager [2247 searchOrchestrator] - Unwound user context: splunk-system-user -> NULL
02-06-2024 20:49:56.277 INFO  SearchOperator:kv [2240 RunDispatch] - Extractor stats: name=_autoKvStats, probes=1, total_time_ms=0, max_time_ms=0
02-06-2024 20:49:56.278 INFO  ISearchOperator [2240 RunDispatch] - 0x7f6490b86400 PREAD_HISTOGRAM: usec_1_8=1742 usec_8_64=5 usec_64_512=0 usec_512_4096=0 usec_4096_32768=0 usec_32768_262144=0 usec_262144_INF=0 
02-06-2024 20:49:56.279 INFO  SearchStatusEnforcer [2240 RunDispatch] - SearchStatusEnforcer is already terminated
02-06-2024 20:49:56.279 INFO  UserManager [2240 RunDispatch] - Unwound user context: splunk-system-user -> NULL
02-06-2024 20:49:56.279 INFO  LookupDataProvider [2240 RunDispatch] - Clearing out lookup shared provider map
02-06-2024 20:49:56.285 INFO  dispatchRunner [1735 MainThread] - RunDispatch is done: sid=alertsmanager_1707252595.1, exit=0
