02-06-2024 20:25:13.983 INFO  dispatchRunner [29684 MainThread] - Search process mode: preforked (reused process) (build b985591d12fd).
02-06-2024 20:25:13.983 INFO  dispatchRunner [29684 MainThread] - registering build time modules, count=1
02-06-2024 20:25:13.983 INFO  dispatchRunner [29684 MainThread] - registering search time components of build time module name=vix
02-06-2024 20:25:13.984 INFO  BundlesSetup [29684 MainThread] - Setup stats for /opt/splunk/etc: wallclock_elapsed_msec=9, cpu_time_used=0.00939730, shared_services_generation=2, shared_services_population=1
02-06-2024 20:25:13.989 INFO  UserManagerPro [29684 MainThread] - Load authentication: forcing roles="admin, can_delete, power, user"
02-06-2024 20:25:13.990 INFO  UserManager [21890 RunDispatch] - Setting user context: splunk-system-user
02-06-2024 20:25:13.990 INFO  UserManager [21890 RunDispatch] - Done setting user context: NULL -> splunk-system-user
02-06-2024 20:25:13.990 INFO  UserManager [21890 RunDispatch] - Unwound user context: splunk-system-user -> NULL
02-06-2024 20:25:13.990 INFO  UserManager [21890 RunDispatch] - Setting user context: admin
02-06-2024 20:25:13.990 INFO  UserManager [21890 RunDispatch] - Done setting user context: NULL -> admin
02-06-2024 20:25:13.990 INFO  dispatchRunner [21890 RunDispatch] - search context: user="admin", app="search", bs-pathname="/opt/splunk/etc"
02-06-2024 20:25:13.990 INFO  SearchParser [21890 RunDispatch] - PARSING: search index=bcgames source=*dreamcrusher.xml* sourcetype=dreamcrusher_xml|stats sum(Infiltrators) AS sum_Infiltrators by AttackVessel
02-06-2024 20:25:13.990 INFO  StatsContext [21890 RunDispatch] -  Setting chunk size min=65536 max=1048576 double_every=100
02-06-2024 20:25:13.990 INFO  StatsContext [21890 RunDispatch] -  Setting max memory usage to 209715200
02-06-2024 20:25:13.990 INFO  dispatchRunner [21890 RunDispatch] - Search running in non-clustered mode
02-06-2024 20:25:13.990 INFO  dispatchRunner [21890 RunDispatch] - SearchHeadInitSearchMs=0
02-06-2024 20:25:13.990 INFO  dispatchRunner [21890 RunDispatch] - Executing the Search orchestrator and iterator model (dfs=false).
02-06-2024 20:25:13.991 INFO  SearchOrchestrator [21890 RunDispatch] - SearchOrchestrator getting constructed
02-06-2024 20:25:13.991 INFO  SearchOrchestrator [21890 RunDispatch] -  Initialized the SRI
02-06-2024 20:25:13.991 INFO  SearchFeatureFlags [21890 RunDispatch] - Initializing feature flags from config. feature_seed=1716260103
02-06-2024 20:25:13.991 INFO  SearchFeatureFlags [21890 RunDispatch] - Setting feature_flag=parallelreduce:enablePreview:true
02-06-2024 20:25:13.991 INFO  SearchFeatureFlags [21890 RunDispatch] - Setting feature_flag=search:search_retry:false
02-06-2024 20:25:13.991 INFO  SearchFeatureFlags [21890 RunDispatch] - Setting feature_flag=search:search_retry_realtime:false
02-06-2024 20:25:13.991 INFO  SearchFeatureFlags [21890 RunDispatch] - Setting feature_flag=parallelreduce:autoAppliedPercentage:false
02-06-2024 20:25:13.991 INFO  SearchFeatureFlags [21890 RunDispatch] - Setting feature_flag=subsearch:enableConcurrentPipelineProcessing:false
02-06-2024 20:25:13.991 INFO  SearchFeatureFlags [21890 RunDispatch] - Setting feature_flag=stats:allow_stats_v2:true
02-06-2024 20:25:13.991 INFO  SearchFeatureFlags [21890 RunDispatch] - Setting feature_flag=search_optimization::set_required_fields:stats:false
02-06-2024 20:25:13.991 INFO  SearchFeatureFlags [21890 RunDispatch] - Setting feature_flag=searchresults:srs2:false
02-06-2024 20:25:13.991 INFO  SearchFeatureFlags [21890 RunDispatch] - Setting feature_flag=search:read_final_results_from_timeliner:true
02-06-2024 20:25:13.991 INFO  SearchOrchestrator [21890 RunDispatch] - Search feature_flags={"v":1,"enabledFeatures":["parallelreduce:enablePreview","stats:allow_stats_v2","search:read_final_results_from_timeliner"],"disabledFeatures":["search:search_retry","search:search_retry_realtime","parallelreduce:autoAppliedPercentage","subsearch:enableConcurrentPipelineProcessing","search_optimization::set_required_fields:stats","searchresults:srs2"]}
02-06-2024 20:25:13.991 INFO  ISplunkDispatch [21890 RunDispatch] - Not running in splunkd. Bundle replication not triggered.
02-06-2024 20:25:13.991 INFO  SearchOrchestrator [21893 searchOrchestrator] - Initialzing the run time settings for the orchestrator.
02-06-2024 20:25:13.991 INFO  UserManager [21893 searchOrchestrator] - Setting user context: admin
02-06-2024 20:25:13.991 INFO  UserManager [21893 searchOrchestrator] - Done setting user context: NULL -> admin
02-06-2024 20:25:13.992 INFO  AdaptiveSearchEngineSelector [21893 searchOrchestrator] - Search execution_plan=classic
02-06-2024 20:25:13.992 INFO  SearchOrchestrator [21893 searchOrchestrator] - Creating the search DAG.
02-06-2024 20:25:13.992 INFO  SearchParser [21893 searchOrchestrator] - PARSING: search index=bcgames source=*dreamcrusher.xml* sourcetype=dreamcrusher_xml|stats sum(Infiltrators) AS sum_Infiltrators by AttackVessel
02-06-2024 20:25:13.992 INFO  StatsContext [21893 searchOrchestrator] -  Setting chunk size min=65536 max=1048576 double_every=100
02-06-2024 20:25:13.992 INFO  StatsContext [21893 searchOrchestrator] -  Setting max memory usage to 209715200
02-06-2024 20:25:13.992 INFO  DispatchStorageManagerInfo [21893 searchOrchestrator] - Successfully created new dispatch directory for search job. sid=ede3381f0cb12675_tmp dispatch_dir=/opt/splunk/var/run/splunk/dispatch/ede3381f0cb12675_tmp
02-06-2024 20:25:14.001 INFO  SearchProcessor [21893 searchOrchestrator] - Building search filter
02-06-2024 20:25:14.012 INFO  SearchEvaluatorBasedExpander [21893 searchOrchestrator] -  Performing lookup expansions
02-06-2024 20:25:14.012 INFO  SearchEvaluatorBasedExpander [21893 searchOrchestrator] -  Lookup expansion took 0 ms
02-06-2024 20:25:14.012 INFO  SearchEvaluatorBasedExpander [21893 searchOrchestrator] -  Performing calculated field expansions
02-06-2024 20:25:14.012 INFO  SearchEvaluatorBasedExpander [21893 searchOrchestrator] -  Calculated field expansion took 0 ms
02-06-2024 20:25:14.012 INFO  SearchEvaluatorBasedExpander [21893 searchOrchestrator] -  Performing field alias expansions
02-06-2024 20:25:14.012 INFO  SearchEvaluatorBasedExpander [21893 searchOrchestrator] -  field alias expansions took 0 ms
02-06-2024 20:25:14.012 INFO  SearchEvaluatorBasedExpander [21893 searchOrchestrator] -  Performing kvfield expansions
02-06-2024 20:25:14.012 INFO  SearchEvaluatorBasedExpander [21893 searchOrchestrator] -  kvfield expansions took 0 ms
02-06-2024 20:25:14.012 INFO  SearchEvaluatorBasedExpander [21893 searchOrchestrator] -  Performing indexed fields expansions
02-06-2024 20:25:14.012 INFO  SearchEvaluatorBasedExpander [21893 searchOrchestrator] -  indexed fields expansions took 0 ms
02-06-2024 20:25:14.012 INFO  SearchEvaluatorBasedExpander [21893 searchOrchestrator] -  Performing reverse sourcetype expansions
02-06-2024 20:25:14.016 INFO  SearchEvaluatorBasedExpander [21893 searchOrchestrator] -  sourcetype expansions took 3 ms
02-06-2024 20:25:14.016 INFO  UnifiedSearch [21893 searchOrchestrator] - Expanded index search = (index=bcgames source=*dreamcrusher.xml* sourcetype=dreamcrusher_xml)
02-06-2024 20:25:14.016 INFO  UnifiedSearch [21893 searchOrchestrator] - base lispy: [ AND index::bcgames source::*dreamcrusher.xml* sourcetype::dreamcrusher_xml ]
02-06-2024 20:25:14.016 INFO  UnifiedSearch [21893 searchOrchestrator] - No indexes to search
02-06-2024 20:25:14.016 INFO  UnifiedSearch [21893 searchOrchestrator] - Processed search targeting arguments
02-06-2024 20:25:14.016 INFO  StatsProcessorV2 [21893 searchOrchestrator] - StatsV2 (stats) args: sum(Infiltrators), AS, sum_Infiltrators, by, AttackVessel
02-06-2024 20:25:14.016 INFO  StatsProcessorV2 [21893 searchOrchestrator] - StatsProcessorV2::processArguments: Unaligned accesses are free
02-06-2024 20:25:14.016 INFO  StatsAggregations [21893 searchOrchestrator] - Instantiating Stats function sum for key=Infiltrators, alias=sum_Infiltrators
02-06-2024 20:25:14.017 INFO  StatsContext [21893 searchOrchestrator] - shouldFallbackToOldStats: _use_v2_level=USE_V2_ALL, fallback=false
02-06-2024 20:25:14.017 INFO  SearchParser [21893 searchOrchestrator] - PARSING: prestats sum(Infiltrators) by AttackVessel
02-06-2024 20:25:14.017 INFO  StatsContext [21893 searchOrchestrator] -  Setting chunk size min=65536 max=1048576 double_every=100
02-06-2024 20:25:14.017 INFO  StatsContext [21893 searchOrchestrator] -  Setting max memory usage to 209715200
02-06-2024 20:25:14.017 INFO  SearchParser [21893 searchOrchestrator] - PARSING: addinfo type=count label=prereport_events
02-06-2024 20:25:14.017 INFO  StatsProcessorV2 [21893 searchOrchestrator] - StatsV2 (stats) args: sum(Infiltrators), by, AttackVessel
02-06-2024 20:25:14.017 INFO  StatsProcessorV2 [21893 searchOrchestrator] - StatsProcessorV2::processArguments: Unaligned accesses are free
02-06-2024 20:25:14.017 INFO  StatsAggregations [21893 searchOrchestrator] - Instantiating Stats function sum for key=Infiltrators, alias=sum(Infiltrators)
02-06-2024 20:25:14.017 INFO  StatsContext [21893 searchOrchestrator] - shouldFallbackToOldStats: _use_v2_level=USE_V2_ALL, fallback=false
02-06-2024 20:25:14.017 INFO  DispatchThread [21893 searchOrchestrator] - BatchMode: allowBatchMode: 1, conf(1): 1, timeline/Status buckets(0):0, realtime(0):0, report pipe empty(0):0, reqTimeOrder(0):0, summarize(0):0, statefulStreaming(0):0
02-06-2024 20:25:14.017 INFO  DispatchThread [21893 searchOrchestrator] - required fields list to add to remote search = AttackVessel,Infiltrators,prestats_reserved_*,psrsvd_*
02-06-2024 20:25:14.017 INFO  SearchParser [21893 searchOrchestrator] - PARSING: fields keepcolorder=t "AttackVessel" "Infiltrators" "prestats_reserved_*" "psrsvd_*"
02-06-2024 20:25:14.017 INFO  DispatchCommandProcessor [21893 searchOrchestrator] - summaryHash=e43ad0c0154613f4 summaryId=51367ECF-193E-4082-849C-4DF59054FDA5_search_admin_e43ad0c0154613f4 remoteSearch=litsearch (index=bcgames source=*dreamcrusher.xml* sourcetype=dreamcrusher_xml) | addinfo  type=count label=prereport_events | fields  keepcolorder=t "AttackVessel" "Infiltrators" "prestats_reserved_*" "psrsvd_*" | prestats  sum(Infiltrators) by AttackVessel
02-06-2024 20:25:14.017 INFO  DispatchCommandProcessor [21893 searchOrchestrator] - summaryHash=NS0b0fe3533de16c69 summaryId=51367ECF-193E-4082-849C-4DF59054FDA5_search_admin_NS0b0fe3533de16c69 remoteSearch=litsearch (index=bcgames source=*dreamcrusher.xml* sourcetype=dreamcrusher_xml) | addinfo type=count label=prereport_events | fields keepcolorder=t "AttackVessel" "Infiltrators" "prestats_reserved_*" "psrsvd_*" | prestats sum(Infiltrators) by AttackVessel
02-06-2024 20:25:14.017 INFO  DispatchThread [21893 searchOrchestrator] - Getting summary ID for summaryHash=NS0b0fe3533de16c69
02-06-2024 20:25:14.020 INFO  DispatchThread [21893 searchOrchestrator] - Did not find a usable summary_id, setting info._summary_mode=none, not modifying input summary_id=51367ECF-193E-4082-849C-4DF59054FDA5_search_admin_NS0b0fe3533de16c69
02-06-2024 20:25:14.021 INFO  SearchParser [21893 searchOrchestrator] - PARSING: search index=bcgames source=*dreamcrusher.xml* sourcetype=dreamcrusher_xml|stats sum(Infiltrators) AS sum_Infiltrators by AttackVessel
02-06-2024 20:25:14.021 INFO  StatsContext [21893 searchOrchestrator] -  Setting chunk size min=65536 max=1048576 double_every=100
02-06-2024 20:25:14.021 INFO  StatsContext [21893 searchOrchestrator] -  Setting max memory usage to 209715200
02-06-2024 20:25:14.021 INFO  UnifiedSearch [21893 searchOrchestrator] - Processed search targeting arguments
02-06-2024 20:25:14.021 INFO  StatsProcessorV2 [21893 searchOrchestrator] - StatsV2 (stats) args: sum(Infiltrators), AS, sum_Infiltrators, by, AttackVessel
02-06-2024 20:25:14.021 INFO  StatsProcessorV2 [21893 searchOrchestrator] - StatsProcessorV2::processArguments: Unaligned accesses are free
02-06-2024 20:25:14.021 INFO  StatsAggregations [21893 searchOrchestrator] - Instantiating Stats function sum for key=Infiltrators, alias=sum_Infiltrators
02-06-2024 20:25:14.021 INFO  StatsContext [21893 searchOrchestrator] - shouldFallbackToOldStats: _use_v2_level=USE_V2_ALL, fallback=false
02-06-2024 20:25:14.021 INFO  AstOptimizer [21893 searchOrchestrator] - SrchOptMetrics optimize_toJson=0.000546365
02-06-2024 20:25:14.022 INFO  StatsContext [21893 searchOrchestrator] -  Setting chunk size min=65536 max=1048576 double_every=100
02-06-2024 20:25:14.022 INFO  StatsContext [21893 searchOrchestrator] -  Setting max memory usage to 209715200
02-06-2024 20:25:14.022 INFO  SearchParser [21893 searchOrchestrator] - PARSING: | stats sum(Infiltrators) AS sum_Infiltrators by AttackVessel
02-06-2024 20:25:14.022 INFO  StatsContext [21893 searchOrchestrator] -  Setting chunk size min=65536 max=1048576 double_every=100
02-06-2024 20:25:14.022 INFO  StatsContext [21893 searchOrchestrator] -  Setting max memory usage to 209715200
02-06-2024 20:25:14.022 INFO  SearchParser [21893 searchOrchestrator] - PARSING: | search (index=bcgames source=*dreamcrusher.xml* sourcetype=dreamcrusher_xml)
02-06-2024 20:25:14.022 INFO  FederatedInfo [21893 searchOrchestrator] - No federated search providers defined.
02-06-2024 20:25:14.022 INFO  ProjElim [21893 searchOrchestrator] - Black listed processors=[addinfo]
02-06-2024 20:25:14.028 INFO  SearchProcessor [21893 searchOrchestrator] - Building search filter
02-06-2024 20:25:14.028 INFO  ReplaceWithTstatsVisitorBase [21893 searchOrchestrator] - access_query= | search (index=bcgames source=*dreamcrusher.xml* sourcetype=dreamcrusher_xml) AND "AttackVessel"=*  AND "Infiltrators"=* 
02-06-2024 20:25:14.028 INFO  SearchParser [21893 searchOrchestrator] - PARSING:  | search (index=bcgames source=*dreamcrusher.xml* sourcetype=dreamcrusher_xml) AND "AttackVessel"=*  AND "Infiltrators"=* 
02-06-2024 20:25:14.035 INFO  SearchProcessor [21893 searchOrchestrator] - Building search filter
02-06-2024 20:25:14.043 INFO  SearchEvaluatorBasedExpander [21893 searchOrchestrator] -  Performing lookup expansions
02-06-2024 20:25:14.043 INFO  SearchEvaluatorBasedExpander [21893 searchOrchestrator] -  Lookup expansion took 0 ms
02-06-2024 20:25:14.043 INFO  SearchEvaluatorBasedExpander [21893 searchOrchestrator] -  Performing calculated field expansions
02-06-2024 20:25:14.043 INFO  SearchEvaluatorBasedExpander [21893 searchOrchestrator] -  Calculated field expansion took 0 ms
02-06-2024 20:25:14.043 INFO  SearchEvaluatorBasedExpander [21893 searchOrchestrator] -  Performing field alias expansions
02-06-2024 20:25:14.043 INFO  SearchEvaluatorBasedExpander [21893 searchOrchestrator] -  field alias expansions took 0 ms
02-06-2024 20:25:14.043 INFO  SearchEvaluatorBasedExpander [21893 searchOrchestrator] -  Performing kvfield expansions
02-06-2024 20:25:14.043 INFO  SearchEvaluatorBasedExpander [21893 searchOrchestrator] -  kvfield expansions took 0 ms
02-06-2024 20:25:14.043 INFO  SearchEvaluatorBasedExpander [21893 searchOrchestrator] -  Performing indexed fields expansions
02-06-2024 20:25:14.043 INFO  SearchEvaluatorBasedExpander [21893 searchOrchestrator] -  indexed fields expansions took 0 ms
02-06-2024 20:25:14.043 INFO  SearchEvaluatorBasedExpander [21893 searchOrchestrator] -  Performing reverse sourcetype expansions
02-06-2024 20:25:14.047 INFO  SearchEvaluatorBasedExpander [21893 searchOrchestrator] -  sourcetype expansions took 3 ms
02-06-2024 20:25:14.047 INFO  UnifiedSearch [21893 searchOrchestrator] - Expanded index search = (index=bcgames source=*dreamcrusher.xml* sourcetype=dreamcrusher_xml "AttackVessel"=* "Infiltrators"=*)
02-06-2024 20:25:14.047 INFO  UnifiedSearch [21893 searchOrchestrator] - base lispy: [ AND index::bcgames source::*dreamcrusher.xml* sourcetype::dreamcrusher_xml ]
02-06-2024 20:25:14.047 INFO  UnifiedSearch [21893 searchOrchestrator] - No indexes to search
02-06-2024 20:25:14.048 INFO  UnifiedSearch [21893 searchOrchestrator] - Initialization of search data structures took 1 ms
02-06-2024 20:25:14.048 INFO  UnifiedSearch [21893 searchOrchestrator] - Processed search targeting arguments
02-06-2024 20:25:14.048 INFO  ReplaceWithTstatsVisitorBase [21893 searchOrchestrator] - expansion=(index=bcgames source=*dreamcrusher.xml* sourcetype=dreamcrusher_xml "AttackVessel"=* "Infiltrators"=*)
02-06-2024 20:25:14.048 INFO  SearchParser [21893 searchOrchestrator] - PARSING:  | search (index=bcgames source=*dreamcrusher.xml* sourcetype=dreamcrusher_xml "AttackVessel"=* "Infiltrators"=*)
02-06-2024 20:25:14.048 INFO  UnifiedSearch [21893 searchOrchestrator] - Processed search targeting arguments
02-06-2024 20:25:14.049 WARN  ReplaceWithTstatsVisitorBase [21893 searchOrchestrator] - srchFilter contains incompatible terms/fields. Ignoring optimization. srchFilter=
02-06-2024 20:25:14.049 INFO  AstOptimizer [21893 searchOrchestrator] - SrchOptMetrics optimization=0.027147008
02-06-2024 20:25:14.049 INFO  StatsContext [21893 searchOrchestrator] -  Setting chunk size min=65536 max=1048576 double_every=100
02-06-2024 20:25:14.049 INFO  StatsContext [21893 searchOrchestrator] -  Setting max memory usage to 209715200
02-06-2024 20:25:14.049 INFO  SearchPhaseGenerator [21893 searchOrchestrator] - Optimized Search =| search (index=bcgames source=*dreamcrusher.xml* sourcetype=dreamcrusher_xml) | stats sum(Infiltrators) AS sum_Infiltrators by AttackVessel
02-06-2024 20:25:14.049 INFO  ScopedTimer [21893 searchOrchestrator] - search.optimize 0.028147454
02-06-2024 20:25:14.049 INFO  FederatedProviderVisitor [21893 searchOrchestrator] - Federated Whole Search Remote Execution Enabled: false
02-06-2024 20:25:14.049 INFO  SearchPhaseGenerator [21893 searchOrchestrator] - Number of involved federated deployments is 0.
02-06-2024 20:25:14.050 INFO  PhaseToPipelineVisitor [21893 searchOrchestrator] - Phase Search = | search (index=bcgames source=*dreamcrusher.xml* sourcetype=dreamcrusher_xml)
02-06-2024 20:25:14.050 INFO  SearchParser [21893 searchOrchestrator] - PARSING: | search (index=bcgames source=*dreamcrusher.xml* sourcetype=dreamcrusher_xml)
02-06-2024 20:25:14.057 INFO  SearchProcessor [21893 searchOrchestrator] - Building search filter
02-06-2024 20:25:14.064 INFO  SearchEvaluatorBasedExpander [21893 searchOrchestrator] -  Performing lookup expansions
02-06-2024 20:25:14.064 INFO  SearchEvaluatorBasedExpander [21893 searchOrchestrator] -  Lookup expansion took 0 ms
02-06-2024 20:25:14.064 INFO  SearchEvaluatorBasedExpander [21893 searchOrchestrator] -  Performing calculated field expansions
02-06-2024 20:25:14.064 INFO  SearchEvaluatorBasedExpander [21893 searchOrchestrator] -  Calculated field expansion took 0 ms
02-06-2024 20:25:14.064 INFO  SearchEvaluatorBasedExpander [21893 searchOrchestrator] -  Performing field alias expansions
02-06-2024 20:25:14.064 INFO  SearchEvaluatorBasedExpander [21893 searchOrchestrator] -  field alias expansions took 0 ms
02-06-2024 20:25:14.064 INFO  SearchEvaluatorBasedExpander [21893 searchOrchestrator] -  Performing kvfield expansions
02-06-2024 20:25:14.064 INFO  SearchEvaluatorBasedExpander [21893 searchOrchestrator] -  kvfield expansions took 0 ms
02-06-2024 20:25:14.064 INFO  SearchEvaluatorBasedExpander [21893 searchOrchestrator] -  Performing indexed fields expansions
02-06-2024 20:25:14.064 INFO  SearchEvaluatorBasedExpander [21893 searchOrchestrator] -  indexed fields expansions took 0 ms
02-06-2024 20:25:14.064 INFO  SearchEvaluatorBasedExpander [21893 searchOrchestrator] -  Performing reverse sourcetype expansions
02-06-2024 20:25:14.068 INFO  SearchEvaluatorBasedExpander [21893 searchOrchestrator] -  sourcetype expansions took 3 ms
02-06-2024 20:25:14.068 INFO  UnifiedSearch [21893 searchOrchestrator] - Expanded index search = (index=bcgames source=*dreamcrusher.xml* sourcetype=dreamcrusher_xml)
02-06-2024 20:25:14.068 INFO  UnifiedSearch [21893 searchOrchestrator] - base lispy: [ AND index::bcgames source::*dreamcrusher.xml* sourcetype::dreamcrusher_xml ]
02-06-2024 20:25:14.068 INFO  UnifiedSearch [21893 searchOrchestrator] - No indexes to search
02-06-2024 20:25:14.069 INFO  UnifiedSearch [21893 searchOrchestrator] - Processed search targeting arguments
02-06-2024 20:25:14.069 INFO  StatsContext [21893 searchOrchestrator] -  Setting chunk size min=65536 max=1048576 double_every=100
02-06-2024 20:25:14.069 INFO  StatsContext [21893 searchOrchestrator] -  Setting max memory usage to 209715200
02-06-2024 20:25:14.069 INFO  PhaseToPipelineVisitor [21893 searchOrchestrator] - Phase Search = | stats sum(Infiltrators) AS sum_Infiltrators by AttackVessel
02-06-2024 20:25:14.069 INFO  SearchParser [21893 searchOrchestrator] - PARSING: | stats sum(Infiltrators) AS sum_Infiltrators by AttackVessel
02-06-2024 20:25:14.069 INFO  StatsContext [21893 searchOrchestrator] -  Setting chunk size min=65536 max=1048576 double_every=100
02-06-2024 20:25:14.069 INFO  StatsContext [21893 searchOrchestrator] -  Setting max memory usage to 209715200
02-06-2024 20:25:14.069 INFO  StatsProcessorV2 [21893 searchOrchestrator] - StatsV2 (stats) args: sum(Infiltrators), AS, sum_Infiltrators, by, AttackVessel
02-06-2024 20:25:14.069 INFO  StatsProcessorV2 [21893 searchOrchestrator] - StatsProcessorV2::processArguments: Unaligned accesses are free
02-06-2024 20:25:14.069 INFO  StatsAggregations [21893 searchOrchestrator] - Instantiating Stats function sum for key=Infiltrators, alias=sum_Infiltrators
02-06-2024 20:25:14.069 INFO  StatsContext [21893 searchOrchestrator] - shouldFallbackToOldStats: _use_v2_level=USE_V2_ALL, fallback=false
02-06-2024 20:25:14.069 INFO  SearchPipeline [21893 searchOrchestrator] - ReportSearch=1 AllowBatchMode=1
02-06-2024 20:25:14.069 INFO  SearchParser [21893 searchOrchestrator] - PARSING: addinfo type=count label=prereport_events track_fieldmeta_events=true
02-06-2024 20:25:14.069 INFO  SearchParser [21893 searchOrchestrator] - PARSING: prestats sum(Infiltrators) by AttackVessel
02-06-2024 20:25:14.069 INFO  StatsContext [21893 searchOrchestrator] -  Setting chunk size min=65536 max=1048576 double_every=100
02-06-2024 20:25:14.069 INFO  StatsContext [21893 searchOrchestrator] -  Setting max memory usage to 209715200
02-06-2024 20:25:14.069 INFO  StatsProcessorV2 [21893 searchOrchestrator] - StatsV2 (stats) args: sum(Infiltrators), by, AttackVessel
02-06-2024 20:25:14.069 INFO  StatsProcessorV2 [21893 searchOrchestrator] - StatsProcessorV2::processArguments: Unaligned accesses are free
02-06-2024 20:25:14.069 INFO  StatsAggregations [21893 searchOrchestrator] - Instantiating Stats function sum for key=Infiltrators, alias=sum(Infiltrators)
02-06-2024 20:25:14.069 INFO  StatsContext [21893 searchOrchestrator] - shouldFallbackToOldStats: _use_v2_level=USE_V2_ALL, fallback=false
02-06-2024 20:25:14.069 INFO  SearchPhaseGenerator [21893 searchOrchestrator] - No need for RTWindowProcessor
02-06-2024 20:25:14.069 INFO  SearchPhaseGenerator [21893 searchOrchestrator] - Timeliner will not be executed
02-06-2024 20:25:14.069 INFO  SearchPhaseGenerator [21893 searchOrchestrator] - required fields list to add to different pipelines = AttackVessel,Infiltrators,prestats_reserved_*,psrsvd_*
02-06-2024 20:25:14.069 INFO  SearchPhaseGenerator [21893 searchOrchestrator] - Remote Timeliner=
02-06-2024 20:25:14.069 INFO  SearchPhaseGenerator [21893 searchOrchestrator] - Fileds=fields keepcolorder=t "AttackVessel" "Infiltrators" "prestats_reserved_*" "psrsvd_*"
02-06-2024 20:25:14.069 INFO  SearchPhaseGenerator [21893 searchOrchestrator] - REMOTE TIMELINER ADDED
02-06-2024 20:25:14.069 INFO  SearchParser [21893 searchOrchestrator] - PARSING: fields keepcolorder=t "AttackVessel" "Infiltrators" "prestats_reserved_*" "psrsvd_*"
02-06-2024 20:25:14.069 INFO  SearchPhaseGenerator [21893 searchOrchestrator] - Result collation will occur at proc=stats
02-06-2024 20:25:14.069 INFO  SearchPhaseGenerator [21893 searchOrchestrator] - Search Phases created.
02-06-2024 20:25:14.070 INFO  SearchOrchestrator [21893 searchOrchestrator] - Preview is enabled for Search Head only. (preview_algorithm=SEARCH_HEAD)
02-06-2024 20:25:14.070 INFO  UserManager [21893 searchOrchestrator] - Setting user context: admin
02-06-2024 20:25:14.070 INFO  UserManager [21893 searchOrchestrator] - Done setting user context: admin -> admin
02-06-2024 20:25:14.070 INFO  UserManager [21893 searchOrchestrator] - Unwound user context: admin -> admin
02-06-2024 20:25:14.070 INFO  DistributedSearchResultCollectionManager [21893 searchOrchestrator] - Stream search: litsearch (index=bcgames source=*dreamcrusher.xml* sourcetype=dreamcrusher_xml) | addinfo  type=count label=prereport_events track_fieldmeta_events=true | fields  keepcolorder=t "AttackVessel" "Infiltrators" "prestats_reserved_*" "psrsvd_*" | prestats  sum(Infiltrators) by AttackVessel
02-06-2024 20:25:14.070 INFO  ExternalResultProvider [21893 searchOrchestrator] - No external result providers are configured
02-06-2024 20:25:14.070 INFO  DistributedSearchResultCollectionManager [21893 searchOrchestrator] - ERP_FACTORY initialized, but zero external result provider, hence disabling _isERPCollectionEnabled
02-06-2024 20:25:14.070 INFO  DistributedSearchResultCollectionManager [21893 searchOrchestrator] - results_queue_read_timeout_sec=900.000 send_timeout=30.000 connect_timeout=10.000 receive_timeout=600.000
02-06-2024 20:25:14.070 INFO  DistributedSearchResultCollectionManager [21893 searchOrchestrator] - Default search group:*
02-06-2024 20:25:14.070 INFO  DistributedSearchResultCollectionManager [21893 searchOrchestrator] - Connecting to peer GOEL-Indexer1 connectAll 0 connectToSpecificPeer 1
02-06-2024 20:25:14.070 INFO  DistributedSearchResultCollectionManager [21893 searchOrchestrator] - Connecting to peer GOEL-Indexer2 connectAll 0 connectToSpecificPeer 1
02-06-2024 20:25:14.070 INFO  DistributedSearchResultCollectionManager [21893 searchOrchestrator] - Connecting to peer GOEL-Indexer3 connectAll 0 connectToSpecificPeer 1
02-06-2024 20:25:14.070 INFO  SearchTargeter [21893 searchOrchestrator] - Index list is not available for GOEL-SearchHead targeting based on splunk_server and splunk_server_group only
02-06-2024 20:25:14.070 INFO  DistributedSearchResultCollectionManager [21893 searchOrchestrator] - Connecting to peer GOEL-SearchHead connectAll 0 connectToSpecificPeer 1
02-06-2024 20:25:14.072 INFO  DistributedSearchResultCollectionManager [21893 searchOrchestrator] - Successfully created search result collector for peer=GOEL-Indexer1 in 0.002 seconds
02-06-2024 20:25:14.073 INFO  DistributedSearchResultCollectionManager [21893 searchOrchestrator] - Successfully created search result collector for peer=GOEL-Indexer2 in 0.002 seconds
02-06-2024 20:25:14.075 INFO  DistributedSearchResultCollectionManager [21893 searchOrchestrator] - Successfully created search result collector for peer=GOEL-Indexer3 in 0.002 seconds
02-06-2024 20:25:14.075 INFO  UserManager [21902 SearchResultExecutorThread] - Setting user context: admin
02-06-2024 20:25:14.075 INFO  SearchPhaseGenerator [21893 searchOrchestrator] - Time spends on creating distributed search results infrastructure; dispatchcreatedSearchResultInfrastructure=0.005044345 seconds.
02-06-2024 20:25:14.075 INFO  UserManager [21899 SearchResultExecutorThread] - Setting user context: admin
02-06-2024 20:25:14.075 INFO  SearchOrchestrator [21893 searchOrchestrator] - Starting the status control thread.
02-06-2024 20:25:14.075 INFO  SearchOrchestrator [21893 searchOrchestrator] - Starting phase=1
02-06-2024 20:25:14.075 INFO  UserManager [21896 StatusEnforcerThread] - Setting user context: admin
02-06-2024 20:25:14.075 INFO  UserManager [21896 StatusEnforcerThread] - Done setting user context: NULL -> admin
02-06-2024 20:25:14.075 INFO  SearchStatusEnforcer [21896 StatusEnforcerThread] - Enforcing disk quota = 10485760000
02-06-2024 20:25:14.075 INFO  UserManager [21900 SearchResultExecutorThread] - Setting user context: admin
02-06-2024 20:25:14.075 INFO  UserManager [21900 SearchResultExecutorThread] - Done setting user context: NULL -> admin
02-06-2024 20:25:14.075 INFO  UserManager [21902 SearchResultExecutorThread] - Done setting user context: NULL -> admin
02-06-2024 20:25:14.075 INFO  UserManager [21904 localCollectorThread] - Setting user context: admin
02-06-2024 20:25:14.075 INFO  PreviewExecutor [21896 StatusEnforcerThread] - Preview Enforcing initialization done
02-06-2024 20:25:14.075 INFO  UserManager [21904 localCollectorThread] - Done setting user context: NULL -> admin
02-06-2024 20:25:14.075 INFO  SearchParser [21904 localCollectorThread] - PARSING: litsearch (index=bcgames source=*dreamcrusher.xml* sourcetype=dreamcrusher_xml) | addinfo  type=count label=prereport_events track_fieldmeta_events=true | fields  keepcolorder=t "AttackVessel" "Infiltrators" "prestats_reserved_*" "psrsvd_*" | prestats  sum(Infiltrators) by AttackVessel
02-06-2024 20:25:14.075 INFO  UserManager [21899 SearchResultExecutorThread] - Done setting user context: NULL -> admin
02-06-2024 20:25:14.075 INFO  StatsContext [21904 localCollectorThread] -  Setting chunk size min=65536 max=1048576 double_every=100
02-06-2024 20:25:14.075 INFO  StatsContext [21904 localCollectorThread] -  Setting max memory usage to 209715200
02-06-2024 20:25:14.075 INFO  UserManager [21903 SearchResultExecutorThread] - Setting user context: admin
02-06-2024 20:25:14.075 INFO  UserManager [21903 SearchResultExecutorThread] - Done setting user context: NULL -> admin
02-06-2024 20:25:14.076 INFO  UserManager [21901 SearchResultExecutorThread] - Setting user context: admin
02-06-2024 20:25:14.076 INFO  UserManager [21901 SearchResultExecutorThread] - Done setting user context: NULL -> admin
02-06-2024 20:25:14.077 INFO  UserManager [21905 phase_1] - Setting user context: admin
02-06-2024 20:25:14.077 INFO  UserManager [21905 phase_1] - Done setting user context: NULL -> admin
02-06-2024 20:25:14.077 INFO  ReducePhaseExecutor [21905 phase_1] - Starting phase_1
02-06-2024 20:25:14.086 INFO  UnifiedSearch [21904 localCollectorThread] - No indexes to search
02-06-2024 20:25:14.086 INFO  SearchParser [21904 localCollectorThread] - PARSING: typer | tags
02-06-2024 20:25:14.087 INFO  FastTyper [21904 localCollectorThread] - found nodes count: comparisons=6, unique_comparisons=5, terms=4, unique_terms=4, phrases=12, unique_phrases=12, total leaves=22
02-06-2024 20:25:14.087 INFO  BatchSearch [21904 localCollectorThread] - Using Batch Search
02-06-2024 20:25:14.088 INFO  UnifiedSearch [21904 localCollectorThread] - Initialization of search data structures took 3 ms
02-06-2024 20:25:14.088 INFO  UnifiedSearch [21904 localCollectorThread] - Processed search targeting arguments
02-06-2024 20:25:14.088 INFO  StatsProcessorV2 [21904 localCollectorThread] - StatsV2 (stats) args: sum(Infiltrators), by, AttackVessel
02-06-2024 20:25:14.088 INFO  StatsProcessorV2 [21904 localCollectorThread] - StatsProcessorV2::processArguments: Unaligned accesses are free
02-06-2024 20:25:14.088 INFO  StatsAggregations [21904 localCollectorThread] - Instantiating Stats function sum for key=Infiltrators, alias=sum(Infiltrators)
02-06-2024 20:25:14.088 INFO  StatsContext [21904 localCollectorThread] - shouldFallbackToOldStats: _use_v2_level=USE_V2_ALL, fallback=false
02-06-2024 20:25:14.088 INFO  LocalCollector [21904 localCollectorThread] - Final required fields list = AttackVessel,Infiltrators,index,prestats_reserved_*,psrsvd_*,source,sourcetype
02-06-2024 20:25:14.088 INFO  UserManager [21904 localCollectorThread] - Unwound user context: admin -> NULL
02-06-2024 20:25:14.088 INFO  UserManager [21904 localCollectorThread] - Setting user context: admin
02-06-2024 20:25:14.088 INFO  UserManager [21904 localCollectorThread] - Done setting user context: NULL -> admin
02-06-2024 20:25:14.088 INFO  UserManager [21904 localCollectorThread] - Unwound user context: admin -> NULL
02-06-2024 20:25:14.116 INFO  UserManager [21902 SearchResultExecutorThread] - Unwound user context: admin -> NULL
02-06-2024 20:25:14.116 INFO  UserManager [21901 SearchResultExecutorThread] - Unwound user context: admin -> NULL
02-06-2024 20:25:14.116 INFO  UserManager [21900 SearchResultExecutorThread] - Unwound user context: admin -> NULL
02-06-2024 20:25:14.116 INFO  UserManager [21903 SearchResultExecutorThread] - Unwound user context: admin -> NULL
02-06-2024 20:25:14.116 INFO  UserManager [21899 SearchResultExecutorThread] - Unwound user context: admin -> NULL
02-06-2024 20:25:14.116 INFO  ResultsCollationProcessor [21905 phase_1] - Writing remote_event_providers.csv to disk
02-06-2024 20:25:14.117 INFO  DownloadRemoteDataTransaction [21905 phase_1] - Downloading logs from all remote event providers
02-06-2024 20:25:14.123 INFO  ReducePhaseExecutor [21905 phase_1] - Downloading all remote search.log files took 0.006 seconds
02-06-2024 20:25:14.123 INFO  DownloadRemoteDataTransaction [21905 phase_1] - Downloading logs from all remote event providers
02-06-2024 20:25:14.128 INFO  ReducePhaseExecutor [21905 phase_1] - Downloading all remote search_telemetry.json files took 0.006 seconds
02-06-2024 20:25:14.129 INFO  ReducePhaseExecutor [21905 phase_1] - Ending phase_1
02-06-2024 20:25:14.129 INFO  UserManager [21905 phase_1] - Unwound user context: admin -> NULL
02-06-2024 20:25:14.131 INFO  UserManager [21896 StatusEnforcerThread] - Unwound user context: admin -> NULL
02-06-2024 20:25:14.132 INFO  DispatchManager [21893 searchOrchestrator] - DispatchManager::dispatchHasFinished(id='1707251113.23', username='admin')
02-06-2024 20:25:14.132 INFO  UserManager [21893 searchOrchestrator] - Unwound user context: admin -> NULL
02-06-2024 20:25:14.133 INFO  SearchStatusEnforcer [21890 RunDispatch] - SearchStatusEnforcer is already terminated
02-06-2024 20:25:14.133 INFO  UserManager [21890 RunDispatch] - Unwound user context: admin -> NULL
02-06-2024 20:25:14.133 INFO  LookupDataProvider [21890 RunDispatch] - Clearing out lookup shared provider map
02-06-2024 20:25:14.137 INFO  dispatchRunner [29684 MainThread] - RunDispatch is done: sid=1707251113.23, exit=0
