02-06-2024 20:17:00.833 INFO  dispatchRunner [21298 MainThread] - Search process mode: preforked (first search in process) (build b985591d12fd).
02-06-2024 20:17:00.833 INFO  dispatchRunner [21298 MainThread] - initing LicenseMgr in search process: nonPro=0
02-06-2024 20:17:00.833 INFO  LMStackMgr [21298 MainThread] - Initializing CleMgr...
02-06-2024 20:17:00.833 INFO  LicenseMgr [21298 MainThread] - Initing LicenseMgr
02-06-2024 20:17:00.833 INFO  LMConfig [21298 MainThread] - serverName=GOEL-Indexer3 guid=A4B2739E-EC56-4B6D-9A88-3AA302EAA608
02-06-2024 20:17:00.835 INFO  LMConfig [21298 MainThread] - connection_timeout=30
02-06-2024 20:17:00.835 INFO  LMConfig [21298 MainThread] - send_timeout=30
02-06-2024 20:17:00.835 INFO  LMConfig [21298 MainThread] - receive_timeout=30
02-06-2024 20:17:00.835 INFO  LMConfig [21298 MainThread] - key=license_warnings_update_interval not found in licenser stanza of server.conf, defaulting=0
02-06-2024 20:17:00.835 INFO  LMConfig [21298 MainThread] - squash_threshold=2000
02-06-2024 20:17:00.835 INFO  LMConfig [21298 MainThread] - strict_pool_quota=1
02-06-2024 20:17:00.835 INFO  LMConfig [21298 MainThread] - key=pool_suggestion not found in licenser stanza of server.conf, defaulting=''
02-06-2024 20:17:00.835 INFO  LMConfig [21298 MainThread] - key=test_aws_metering not found in licenser stanza of server.conf, defaulting=0
02-06-2024 20:17:00.835 INFO  LMConfig [21298 MainThread] - key=test_aws_product_code not found in licenser stanza of server.conf, defaulting=0
02-06-2024 20:17:00.835 INFO  LicenseMgr [21298 MainThread] - Initing LicenseMgr runContext_splunkd=false
02-06-2024 20:17:00.835 INFO  LMStackMgr [21298 MainThread] - closing stack mgr
02-06-2024 20:17:00.835 INFO  LMSlaveInfo [21298 MainThread] - all slaves cleared
02-06-2024 20:17:00.835 INFO  LMStackMgr [21298 MainThread] - partial init only since node has remote master=https://10.0.3.7:8089
02-06-2024 20:17:00.835 INFO  LicenseMgr [21298 MainThread] - StackMgr init complete...
02-06-2024 20:17:00.835 INFO  LMTracker [21298 MainThread] - Setting default product type='enterprise'
02-06-2024 20:17:00.835 INFO  LMTracker [21298 MainThread] - this is not splunkd, will perform partial init
02-06-2024 20:17:00.835 INFO  LicenseMgr [21298 MainThread] - Tracker init complete...
02-06-2024 20:17:00.842 INFO  AdminManagerDispatch [21298 MainThread] - added factory for admin handler: 'licenses'
02-06-2024 20:17:00.842 INFO  AdminManagerDispatch [21298 MainThread] - added factory for admin handler: 'pools'
02-06-2024 20:17:00.842 INFO  AdminManagerDispatch [21298 MainThread] - added factory for admin handler: 'stacks'
02-06-2024 20:17:00.842 INFO  AdminManagerDispatch [21298 MainThread] - added factory for admin handler: 'groups'
02-06-2024 20:17:00.842 INFO  AdminManagerDispatch [21298 MainThread] - added factory for admin handler: 'slaves'
02-06-2024 20:17:00.842 INFO  AdminManagerDispatch [21298 MainThread] - added factory for admin handler: 'peers'
02-06-2024 20:17:00.842 INFO  AdminManagerDispatch [21298 MainThread] - added factory for admin handler: 'localslave'
02-06-2024 20:17:00.842 INFO  AdminManagerDispatch [21298 MainThread] - added factory for admin handler: 'localpeer'
02-06-2024 20:17:00.842 INFO  AdminManagerDispatch [21298 MainThread] - added factory for admin handler: 'licensermessages'
02-06-2024 20:17:00.842 INFO  AdminManagerDispatch [21298 MainThread] - added factory for admin handler: 'scriptedwarning'
02-06-2024 20:17:00.842 INFO  AdminManagerDispatch [21298 MainThread] - added factory for admin handler: 'licenseusage'
02-06-2024 20:17:00.842 INFO  LicenseMgr [21298 MainThread] - Initing LicenseMgr
02-06-2024 20:17:00.842 INFO  LMConfig [21298 MainThread] - serverName=GOEL-Indexer3 guid=A4B2739E-EC56-4B6D-9A88-3AA302EAA608
02-06-2024 20:17:00.842 INFO  LMConfig [21298 MainThread] - connection_timeout=30
02-06-2024 20:17:00.842 INFO  LMConfig [21298 MainThread] - send_timeout=30
02-06-2024 20:17:00.842 INFO  LMConfig [21298 MainThread] - receive_timeout=30
02-06-2024 20:17:00.842 INFO  LMConfig [21298 MainThread] - key=license_warnings_update_interval not found in licenser stanza of server.conf, defaulting=0
02-06-2024 20:17:00.842 INFO  LMConfig [21298 MainThread] - squash_threshold=2000
02-06-2024 20:17:00.842 INFO  LMConfig [21298 MainThread] - strict_pool_quota=1
02-06-2024 20:17:00.842 INFO  LMConfig [21298 MainThread] - key=pool_suggestion not found in licenser stanza of server.conf, defaulting=''
02-06-2024 20:17:00.842 INFO  LMConfig [21298 MainThread] - key=test_aws_metering not found in licenser stanza of server.conf, defaulting=0
02-06-2024 20:17:00.842 INFO  LMConfig [21298 MainThread] - key=test_aws_product_code not found in licenser stanza of server.conf, defaulting=0
02-06-2024 20:17:00.843 INFO  dispatchRunner [21298 MainThread] - registering build time modules, count=1
02-06-2024 20:17:00.843 INFO  dispatchRunner [21298 MainThread] - registering search time components of build time module name=vix
02-06-2024 20:17:00.843 INFO  dispatchRunner [21298 MainThread] - Getting search configuration data from: /opt/splunk/etc/modules/parsing/config.xml
02-06-2024 20:17:00.843 WARN  SSLOptions [21298 MainThread] - server.conf/[kvstore]/sslVerifyServerCert is false disabling certificate validation; must be set to "true" for increased security
02-06-2024 20:17:00.844 INFO  BundlesSetup [21298 MainThread] - Setup stats for /opt/splunk/etc: wallclock_elapsed_msec=9, cpu_time_used=0.00974496, shared_services_generation=2, shared_services_population=1
02-06-2024 20:17:00.854 INFO  UserManagerPro [21298 MainThread] - Load authentication: forcing roles="admin, power, splunk-system-role, user"
02-06-2024 20:17:00.854 INFO  PipelineComponent [21298 MainThread] - Ingestion pipeline sets have been configured to use pipeline set policy=round_robin for multiple pipeline sets.
02-06-2024 20:17:00.855 INFO  UserManager [4378 RunDispatch] - Setting user context: splunk-system-user
02-06-2024 20:17:00.855 INFO  UserManager [4378 RunDispatch] - Done setting user context: NULL -> splunk-system-user
02-06-2024 20:17:00.855 INFO  dispatchRunner [4378 RunDispatch] - search context: user="splunk-system-user", app="splunk_archiver", bs-pathname="/opt/splunk/etc"
02-06-2024 20:17:00.861 WARN  IndexConfig [4378 RunDispatch] - Max bucket size is larger than destination path size limit. Please check your index configuration. idx=bcgames; bucket size in (from maxDataSize) 750 MB, homePath.maxDataSizeMB=100,  coldPath.maxDataSizeMB=100
02-06-2024 20:17:00.861 WARN  IndexConfig [4378 RunDispatch] - Home path size limit cannot accomodate maximum number of hot buckets with specified bucket size because homePath.maxDataSizeMB is too small. Please check your index configuration: idx=bcgames maxDataSize=750 MB, homePath.maxDataSizeMB=100 MB
02-06-2024 20:17:00.861 WARN  IndexConfig [4378 RunDispatch] - Max bucket size is larger than destination path size limit. Please check your index configuration. idx=infra; bucket size in (from maxDataSize) 750 MB, homePath.maxDataSizeMB=100,  coldPath.maxDataSizeMB=100
02-06-2024 20:17:00.861 WARN  IndexConfig [4378 RunDispatch] - Home path size limit cannot accomodate maximum number of hot buckets with specified bucket size because homePath.maxDataSizeMB is too small. Please check your index configuration: idx=infra maxDataSize=750 MB, homePath.maxDataSizeMB=100 MB
02-06-2024 20:17:00.861 WARN  IndexConfig [4378 RunDispatch] - Max bucket size is larger than destination path size limit. Please check your index configuration. idx=soc; bucket size in (from maxDataSize) 750 MB, homePath.maxDataSizeMB=100,  coldPath.maxDataSizeMB=100
02-06-2024 20:17:00.861 WARN  IndexConfig [4378 RunDispatch] - Home path size limit cannot accomodate maximum number of hot buckets with specified bucket size because homePath.maxDataSizeMB is too small. Please check your index configuration: idx=soc maxDataSize=750 MB, homePath.maxDataSizeMB=100 MB
02-06-2024 20:17:00.862 INFO  SearchParser [4378 RunDispatch] - PARSING: | archivebuckets
02-06-2024 20:17:00.863 INFO  SearchParser [4378 RunDispatch] - PARSING: | archivebuckets
02-06-2024 20:17:00.863 WARN  DispatchCommandProcessor [4378 RunDispatch] - Could not find a set of indexes to search; defaulting to all
02-06-2024 20:17:00.863 INFO  IndexReaderIf [4378 RunDispatch] - Loading Clustering bucket manifest file=/opt/splunk/var/run/splunk/cluster/search-buckets/search_sitedefault_gen0.csv.gz
02-06-2024 20:17:00.864 INFO  DatabaseDirectoryManager [4378 RunDispatch] - initDDMsFromSearchBucketManifest path=/opt/splunk/var/run/splunk/cluster/search-buckets/search_sitedefault_gen0.csv.gz, indexWhiteList_size=1
02-06-2024 20:17:00.864 INFO  CMBucketId [4378 RunDispatch] - CMIndexId: New indexName=_telemetry inserted, mapping to id=1
02-06-2024 20:17:00.864 INFO  CMBucketId [4378 RunDispatch] - CMIndexId: New indexName=_audit inserted, mapping to id=2
02-06-2024 20:17:00.864 INFO  CMBucketId [4378 RunDispatch] - CMIndexId: New indexName=_internal inserted, mapping to id=3
02-06-2024 20:17:00.864 INFO  dispatchRunner [4378 RunDispatch] - SearchHeadInitSearchMs=9
02-06-2024 20:17:00.864 INFO  dispatchRunner [4378 RunDispatch] - Executing the Search orchestrator and iterator model (dfs=false).
02-06-2024 20:17:00.865 INFO  SearchOrchestrator [4378 RunDispatch] - SearchOrchestrator getting constructed
02-06-2024 20:17:00.865 INFO  SearchOrchestrator [4378 RunDispatch] -  Initialized the SRI
02-06-2024 20:17:00.865 INFO  SearchFeatureFlags [4378 RunDispatch] - Initializing feature flags from config. feature_seed=2445355805
02-06-2024 20:17:00.865 INFO  SearchFeatureFlags [4378 RunDispatch] - Setting feature_flag=parallelreduce:enablePreview:true
02-06-2024 20:17:00.865 INFO  SearchFeatureFlags [4378 RunDispatch] - Setting feature_flag=search:search_retry:false
02-06-2024 20:17:00.865 INFO  SearchFeatureFlags [4378 RunDispatch] - Setting feature_flag=search:search_retry_realtime:false
02-06-2024 20:17:00.865 INFO  SearchFeatureFlags [4378 RunDispatch] - Setting feature_flag=parallelreduce:autoAppliedPercentage:false
02-06-2024 20:17:00.865 INFO  SearchFeatureFlags [4378 RunDispatch] - Setting feature_flag=subsearch:enableConcurrentPipelineProcessing:false
02-06-2024 20:17:00.865 INFO  SearchFeatureFlags [4378 RunDispatch] - Setting feature_flag=stats:allow_stats_v2:true
02-06-2024 20:17:00.865 INFO  SearchFeatureFlags [4378 RunDispatch] - Setting feature_flag=search_optimization::set_required_fields:stats:false
02-06-2024 20:17:00.865 INFO  SearchFeatureFlags [4378 RunDispatch] - Setting feature_flag=searchresults:srs2:false
02-06-2024 20:17:00.865 INFO  SearchFeatureFlags [4378 RunDispatch] - Setting feature_flag=search:read_final_results_from_timeliner:true
02-06-2024 20:17:00.865 INFO  SearchOrchestrator [4378 RunDispatch] - Search feature_flags={"v":1,"enabledFeatures":["parallelreduce:enablePreview","stats:allow_stats_v2","search:read_final_results_from_timeliner"],"disabledFeatures":["search:search_retry","search:search_retry_realtime","parallelreduce:autoAppliedPercentage","subsearch:enableConcurrentPipelineProcessing","search_optimization::set_required_fields:stats","searchresults:srs2"]}
02-06-2024 20:17:00.865 INFO  ISplunkDispatch [4378 RunDispatch] - Not running in splunkd. Bundle replication not triggered.
02-06-2024 20:17:00.869 INFO  SearchOrchestrator [4385 searchOrchestrator] - Initialzing the run time settings for the orchestrator.
02-06-2024 20:17:00.869 INFO  UserManager [4385 searchOrchestrator] - Setting user context: splunk-system-user
02-06-2024 20:17:00.869 INFO  UserManager [4385 searchOrchestrator] - Done setting user context: NULL -> splunk-system-user
02-06-2024 20:17:00.869 INFO  AdaptiveSearchEngineSelector [4385 searchOrchestrator] - Search execution_plan=classic
02-06-2024 20:17:00.869 INFO  SearchOrchestrator [4385 searchOrchestrator] - Creating the search DAG.
02-06-2024 20:17:00.869 INFO  SearchParser [4385 searchOrchestrator] - PARSING: | archivebuckets
02-06-2024 20:17:00.869 INFO  DispatchStorageManagerInfo [4385 searchOrchestrator] - Successfully created new dispatch directory for search job. sid=079efd7d3afacc45_tmp dispatch_dir=/opt/splunk/var/run/splunk/dispatch/079efd7d3afacc45_tmp
02-06-2024 20:17:00.872 INFO  script [4385 searchOrchestrator] - found script file=/opt/splunk/etc/apps/splunk_archiver/bin/archivebuckets.py
02-06-2024 20:17:00.872 INFO  script [4385 searchOrchestrator] - stderr for script archivebuckets will be added to search.log
02-06-2024 20:17:00.872 INFO  DispatchThread [4385 searchOrchestrator] - BatchMode: allowBatchMode: 0, conf(1): 1, timeline/Status buckets(0):0, realtime(0):0, report pipe empty(0):1, reqTimeOrder(0):0, summarize(0):0, statefulStreaming(0):1
02-06-2024 20:17:00.872 INFO  DispatchThread [4385 searchOrchestrator] - Setup timeliner partialCommits=0
02-06-2024 20:17:00.872 INFO  DispatchThread [4385 searchOrchestrator] - Disabling usage of summaries for non-reporting search
02-06-2024 20:17:00.872 INFO  DispatchThread [4385 searchOrchestrator] - required fields list to add to remote search = *,_bkt,_cd,_si,host,index,linecount,source,sourcetype,splunk_server
02-06-2024 20:17:00.872 INFO  DispatchCommandProcessor [4385 searchOrchestrator] - summaryHash=NS3d9d854163f8f07a summaryId=A4B2739E-EC56-4B6D-9A88-3AA302EAA608_splunk_archiver_nobody_NS3d9d854163f8f07a remoteSearch=
02-06-2024 20:17:00.873 INFO  SearchParser [4385 searchOrchestrator] - PARSING: | archivebuckets
02-06-2024 20:17:00.873 INFO  script [4385 searchOrchestrator] - found script file=/opt/splunk/etc/apps/splunk_archiver/bin/archivebuckets.py
02-06-2024 20:17:00.873 INFO  script [4385 searchOrchestrator] - stderr for script archivebuckets will be added to search.log
02-06-2024 20:17:00.873 INFO  AstOptimizer [4385 searchOrchestrator] - SrchOptMetrics optimize_toJson=0.000087447
02-06-2024 20:17:00.873 INFO  SearchParser [4385 searchOrchestrator] - PARSING: | archivebuckets
02-06-2024 20:17:00.873 INFO  FederatedInfo [4385 searchOrchestrator] - No federated search providers defined.
02-06-2024 20:17:00.873 INFO  ProjElim [4385 searchOrchestrator] - Black listed processors=[addinfo]
02-06-2024 20:17:00.883 INFO  AstOptimizer [4385 searchOrchestrator] - SrchOptMetrics optimization=0.009824431
02-06-2024 20:17:00.883 INFO  SearchPhaseGenerator [4385 searchOrchestrator] - Optimized Search =| archivebuckets
02-06-2024 20:17:00.883 INFO  ScopedTimer [4385 searchOrchestrator] - search.optimize 0.010060360
02-06-2024 20:17:00.883 INFO  FederatedProviderVisitor [4385 searchOrchestrator] - Federated Whole Search Remote Execution Enabled: false
02-06-2024 20:17:00.925 INFO  SearchPhaseGenerator [4385 searchOrchestrator] - Number of involved federated deployments is 0.
02-06-2024 20:17:00.925 INFO  ParallelReducePolicy [4385 searchOrchestrator] - Current Search Head doesn't have any usable peers to use.
02-06-2024 20:17:00.925 INFO  PhaseNodeGenerationVisitor [4385 searchOrchestrator] - FallBackReason: Fallback to 2-phase mode because of empty split key of cmd: archivebuckets
02-06-2024 20:17:00.925 INFO  PhaseToPipelineVisitor [4385 searchOrchestrator] - Phase Search = | archivebuckets
02-06-2024 20:17:00.925 INFO  SearchParser [4385 searchOrchestrator] - PARSING: | archivebuckets
02-06-2024 20:17:00.925 INFO  script [4385 searchOrchestrator] - found script file=/opt/splunk/etc/apps/splunk_archiver/bin/archivebuckets.py
02-06-2024 20:17:00.925 INFO  script [4385 searchOrchestrator] - stderr for script archivebuckets will be added to search.log
02-06-2024 20:17:00.925 INFO  SearchPipeline [4385 searchOrchestrator] - ReportSearch=0 AllowBatchMode=0
02-06-2024 20:17:00.925 INFO  SearchPhaseGenerator [4385 searchOrchestrator] - No need for RTWindowProcessor
02-06-2024 20:17:00.925 INFO  SearchPhaseGenerator [4385 searchOrchestrator] - Adding timeliner to final phase
02-06-2024 20:17:00.926 INFO  SearchParser [4385 searchOrchestrator] - PARSING: | timeliner remote=0 partial_commits=0 max_events_per_bucket=500000 fieldstats_update_maxperiod=60 bucket=0
02-06-2024 20:17:00.926 INFO  TimelineCreator [4385 searchOrchestrator] - Creating timeline with remote=0 partialCommits=0 commitFreq=0 syncKSFreq=0 maxSyncKSPeriodTime=60000 bucket=0 latestTime=1707250620.000000 earliestTime=2147483647.000000
02-06-2024 20:17:00.926 INFO  SearchPhaseGenerator [4385 searchOrchestrator] - required fields list to add to different pipelines = *,_bkt,_cd,_si,host,index,linecount,source,sourcetype,splunk_server
02-06-2024 20:17:00.926 INFO  SearchPhaseGenerator [4385 searchOrchestrator] - Search Phases created.
02-06-2024 20:17:00.927 INFO  SearchOrchestrator [4385 searchOrchestrator] - Preview is not enabled. (preview_algorithm=NONE)
02-06-2024 20:17:00.927 INFO  UserManager [4385 searchOrchestrator] - Setting user context: splunk-system-user
02-06-2024 20:17:00.927 INFO  UserManager [4385 searchOrchestrator] - Done setting user context: splunk-system-user -> splunk-system-user
02-06-2024 20:17:00.927 INFO  UserManager [4385 searchOrchestrator] - Unwound user context: splunk-system-user -> splunk-system-user
02-06-2024 20:17:00.927 INFO  DistributedSearchResultCollectionManager [4385 searchOrchestrator] - Stream search: 
02-06-2024 20:17:00.927 INFO  UserManager [4397 SearchResultExecutorThread] - Setting user context: splunk-system-user
02-06-2024 20:17:00.927 INFO  UserManager [4397 SearchResultExecutorThread] - Done setting user context: NULL -> splunk-system-user
02-06-2024 20:17:00.927 INFO  UserManager [4397 SearchResultExecutorThread] - Unwound user context: splunk-system-user -> NULL
02-06-2024 20:17:00.928 INFO  UserManager [4395 SearchResultExecutorThread] - Setting user context: splunk-system-user
02-06-2024 20:17:00.928 INFO  UserManager [4395 SearchResultExecutorThread] - Done setting user context: NULL -> splunk-system-user
02-06-2024 20:17:00.928 INFO  UserManager [4395 SearchResultExecutorThread] - Unwound user context: splunk-system-user -> NULL
02-06-2024 20:17:00.928 INFO  UserManager [4393 SearchResultExecutorThread] - Setting user context: splunk-system-user
02-06-2024 20:17:00.928 INFO  UserManager [4393 SearchResultExecutorThread] - Done setting user context: NULL -> splunk-system-user
02-06-2024 20:17:00.928 INFO  UserManager [4393 SearchResultExecutorThread] - Unwound user context: splunk-system-user -> NULL
02-06-2024 20:17:00.928 INFO  UserManager [4396 SearchResultExecutorThread] - Setting user context: splunk-system-user
02-06-2024 20:17:00.928 INFO  UserManager [4396 SearchResultExecutorThread] - Done setting user context: NULL -> splunk-system-user
02-06-2024 20:17:00.928 INFO  UserManager [4396 SearchResultExecutorThread] - Unwound user context: splunk-system-user -> NULL
02-06-2024 20:17:00.928 INFO  UserManager [4394 SearchResultExecutorThread] - Setting user context: splunk-system-user
02-06-2024 20:17:00.928 INFO  UserManager [4394 SearchResultExecutorThread] - Done setting user context: NULL -> splunk-system-user
02-06-2024 20:17:00.928 INFO  UserManager [4394 SearchResultExecutorThread] - Unwound user context: splunk-system-user -> NULL
02-06-2024 20:17:00.932 INFO  SearchPhaseGenerator [4385 searchOrchestrator] - Time spends on creating distributed search results infrastructure; dispatchcreatedSearchResultInfrastructure=0.005219699 seconds.
02-06-2024 20:17:00.932 INFO  SearchOrchestrator [4385 searchOrchestrator] - Starting the status control thread.
02-06-2024 20:17:00.932 INFO  SearchOrchestrator [4385 searchOrchestrator] - Starting phase=1
02-06-2024 20:17:00.932 INFO  UserManager [4391 StatusEnforcerThread] - Setting user context: splunk-system-user
02-06-2024 20:17:00.932 INFO  UserManager [4391 StatusEnforcerThread] - Done setting user context: NULL -> splunk-system-user
02-06-2024 20:17:00.932 INFO  SearchStatusEnforcer [4391 StatusEnforcerThread] - Enforcing disk quota = 10485760000
02-06-2024 20:17:00.934 INFO  UserManager [4398 phase_1] - Setting user context: splunk-system-user
02-06-2024 20:17:00.934 INFO  UserManager [4398 phase_1] - Done setting user context: NULL -> splunk-system-user
02-06-2024 20:17:00.934 INFO  ReducePhaseExecutor [4398 phase_1] - Starting phase_1
02-06-2024 20:17:02.119 INFO  ReducePhaseExecutor [4398 phase_1] - Ending phase_1
02-06-2024 20:17:02.119 INFO  UserManager [4398 phase_1] - Unwound user context: splunk-system-user -> NULL
02-06-2024 20:17:02.121 INFO  ProxyConfig [4391 StatusEnforcerThread] - Failed to initialize http_proxy from server.conf for splunkd. Please make sure that the http_proxy property is set as http_proxy=http://host:port in case HTTP proxying needs to be enabled.
02-06-2024 20:17:02.121 INFO  ProxyConfig [4391 StatusEnforcerThread] - Failed to initialize https_proxy from server.conf for splunkd. Please make sure that the https_proxy property is set as https_proxy=http://host:port in case HTTP proxying needs to be enabled.
02-06-2024 20:17:02.121 INFO  ProxyConfig [4391 StatusEnforcerThread] - Failed to initialize the proxy_rules setting from server.conf for splunkd. Please provide a valid set of proxy_rules in case HTTP proxying needs to be enabled.
02-06-2024 20:17:02.121 INFO  ProxyConfig [4391 StatusEnforcerThread] - Failed to initialize the no_proxy setting from server.conf for splunkd. Please provide a valid set of no_proxy rules in case HTTP proxying needs to be enabled.
02-06-2024 20:17:02.122 WARN  SSLOptions [4391 StatusEnforcerThread] - <internal>.conf/[<internal>]/sslVerifyServerCert is false disabling certificate validation; must be set to "true" for increased security
02-06-2024 20:17:02.126 WARN  SSLOptions [4391 StatusEnforcerThread] - <internal>.conf/[<internal>]/sslVerifyServerCert is false disabling certificate validation; must be set to "true" for increased security
02-06-2024 20:17:02.133 INFO  SearchStatusEnforcer [4391 StatusEnforcerThread] - Triggered listener notification on state=onResults condition=1
02-06-2024 20:17:02.133 INFO  UserManager [4391 StatusEnforcerThread] - Unwound user context: splunk-system-user -> NULL
02-06-2024 20:17:02.134 INFO  DispatchStorageManager [4385 searchOrchestrator] - Remote storage disabled for search artifacts.
02-06-2024 20:17:02.134 INFO  DispatchManager [4385 searchOrchestrator] - DispatchManager::dispatchHasFinished(id='scheduler__nobody_c3BsdW5rX2FyY2hpdmVy__RMD5473cbac83d6c9db7_at_1707250620_1', username='splunk-system-user')
02-06-2024 20:17:02.134 INFO  UserManager [4385 searchOrchestrator] - Unwound user context: splunk-system-user -> NULL
02-06-2024 20:17:02.135 INFO  SearchStatusEnforcer [4378 RunDispatch] - SearchStatusEnforcer is already terminated
02-06-2024 20:17:02.135 INFO  UserManager [4378 RunDispatch] - Unwound user context: splunk-system-user -> NULL
02-06-2024 20:17:02.135 INFO  LookupDataProvider [4378 RunDispatch] - Clearing out lookup shared provider map
02-06-2024 20:17:02.138 INFO  dispatchRunner [21298 MainThread] - RunDispatch is done: sid=scheduler__nobody_c3BsdW5rX2FyY2hpdmVy__RMD5473cbac83d6c9db7_at_1707250620_1, exit=0
