02-06-2024 20:43:43.232 INFO  dispatchRunner [30550 MainThread] - Search process mode: preforked (first search in process) (build b985591d12fd).
02-06-2024 20:43:43.232 INFO  dispatchRunner [30550 MainThread] - initing LicenseMgr in search process: nonPro=0
02-06-2024 20:43:43.232 INFO  LMStackMgr [30550 MainThread] - Initializing CleMgr...
02-06-2024 20:43:43.232 INFO  LicenseMgr [30550 MainThread] - Initing LicenseMgr
02-06-2024 20:43:43.232 INFO  LMConfig [30550 MainThread] - serverName=GOEL-Indexer1 guid=A59E264B-EF37-4C05-A664-4B364D39C148
02-06-2024 20:43:43.234 INFO  LMConfig [30550 MainThread] - connection_timeout=30
02-06-2024 20:43:43.234 INFO  LMConfig [30550 MainThread] - send_timeout=30
02-06-2024 20:43:43.234 INFO  LMConfig [30550 MainThread] - receive_timeout=30
02-06-2024 20:43:43.234 INFO  LMConfig [30550 MainThread] - key=license_warnings_update_interval not found in licenser stanza of server.conf, defaulting=0
02-06-2024 20:43:43.234 INFO  LMConfig [30550 MainThread] - squash_threshold=2000
02-06-2024 20:43:43.234 INFO  LMConfig [30550 MainThread] - strict_pool_quota=1
02-06-2024 20:43:43.234 INFO  LMConfig [30550 MainThread] - key=pool_suggestion not found in licenser stanza of server.conf, defaulting=''
02-06-2024 20:43:43.234 INFO  LMConfig [30550 MainThread] - key=test_aws_metering not found in licenser stanza of server.conf, defaulting=0
02-06-2024 20:43:43.234 INFO  LMConfig [30550 MainThread] - key=test_aws_product_code not found in licenser stanza of server.conf, defaulting=0
02-06-2024 20:43:43.234 INFO  LicenseMgr [30550 MainThread] - Initing LicenseMgr runContext_splunkd=false
02-06-2024 20:43:43.234 INFO  LMStackMgr [30550 MainThread] - closing stack mgr
02-06-2024 20:43:43.234 INFO  LMSlaveInfo [30550 MainThread] - all slaves cleared
02-06-2024 20:43:43.234 INFO  LMStackMgr [30550 MainThread] - partial init only since node has remote master=https://10.0.3.7:8089
02-06-2024 20:43:43.234 INFO  LicenseMgr [30550 MainThread] - StackMgr init complete...
02-06-2024 20:43:43.234 INFO  LMTracker [30550 MainThread] - Setting default product type='enterprise'
02-06-2024 20:43:43.234 INFO  LMTracker [30550 MainThread] - this is not splunkd, will perform partial init
02-06-2024 20:43:43.234 INFO  LicenseMgr [30550 MainThread] - Tracker init complete...
02-06-2024 20:43:43.241 INFO  AdminManagerDispatch [30550 MainThread] - added factory for admin handler: 'licenses'
02-06-2024 20:43:43.241 INFO  AdminManagerDispatch [30550 MainThread] - added factory for admin handler: 'pools'
02-06-2024 20:43:43.241 INFO  AdminManagerDispatch [30550 MainThread] - added factory for admin handler: 'stacks'
02-06-2024 20:43:43.241 INFO  AdminManagerDispatch [30550 MainThread] - added factory for admin handler: 'groups'
02-06-2024 20:43:43.241 INFO  AdminManagerDispatch [30550 MainThread] - added factory for admin handler: 'slaves'
02-06-2024 20:43:43.241 INFO  AdminManagerDispatch [30550 MainThread] - added factory for admin handler: 'peers'
02-06-2024 20:43:43.241 INFO  AdminManagerDispatch [30550 MainThread] - added factory for admin handler: 'localslave'
02-06-2024 20:43:43.241 INFO  AdminManagerDispatch [30550 MainThread] - added factory for admin handler: 'localpeer'
02-06-2024 20:43:43.241 INFO  AdminManagerDispatch [30550 MainThread] - added factory for admin handler: 'licensermessages'
02-06-2024 20:43:43.242 INFO  AdminManagerDispatch [30550 MainThread] - added factory for admin handler: 'scriptedwarning'
02-06-2024 20:43:43.242 INFO  AdminManagerDispatch [30550 MainThread] - added factory for admin handler: 'licenseusage'
02-06-2024 20:43:43.242 INFO  LicenseMgr [30550 MainThread] - Initing LicenseMgr
02-06-2024 20:43:43.242 INFO  LMConfig [30550 MainThread] - serverName=GOEL-Indexer1 guid=A59E264B-EF37-4C05-A664-4B364D39C148
02-06-2024 20:43:43.242 INFO  LMConfig [30550 MainThread] - connection_timeout=30
02-06-2024 20:43:43.242 INFO  LMConfig [30550 MainThread] - send_timeout=30
02-06-2024 20:43:43.242 INFO  LMConfig [30550 MainThread] - receive_timeout=30
02-06-2024 20:43:43.242 INFO  LMConfig [30550 MainThread] - key=license_warnings_update_interval not found in licenser stanza of server.conf, defaulting=0
02-06-2024 20:43:43.242 INFO  LMConfig [30550 MainThread] - squash_threshold=2000
02-06-2024 20:43:43.242 INFO  LMConfig [30550 MainThread] - strict_pool_quota=1
02-06-2024 20:43:43.242 INFO  LMConfig [30550 MainThread] - key=pool_suggestion not found in licenser stanza of server.conf, defaulting=''
02-06-2024 20:43:43.242 INFO  LMConfig [30550 MainThread] - key=test_aws_metering not found in licenser stanza of server.conf, defaulting=0
02-06-2024 20:43:43.242 INFO  LMConfig [30550 MainThread] - key=test_aws_product_code not found in licenser stanza of server.conf, defaulting=0
02-06-2024 20:43:43.242 INFO  dispatchRunner [30550 MainThread] - Feature flag post-args={"v":1,"enabledFeatures":["stats:allow_stats_v2"],"disabledFeatures":["searchresults:srs2"]}
02-06-2024 20:43:43.242 INFO  SearchFeatureFlags [30550 MainThread] - Initializing feature flags from config. feature_seed=46947589
02-06-2024 20:43:43.242 INFO  SearchFeatureFlags [30550 MainThread] - Setting feature_flag=parallelreduce:enablePreview:true
02-06-2024 20:43:43.242 INFO  SearchFeatureFlags [30550 MainThread] - Setting feature_flag=search:search_retry:false
02-06-2024 20:43:43.242 INFO  SearchFeatureFlags [30550 MainThread] - Setting feature_flag=search:search_retry_realtime:false
02-06-2024 20:43:43.242 INFO  SearchFeatureFlags [30550 MainThread] - Setting feature_flag=parallelreduce:autoAppliedPercentage:false
02-06-2024 20:43:43.242 INFO  SearchFeatureFlags [30550 MainThread] - Setting feature_flag=subsearch:enableConcurrentPipelineProcessing:false
02-06-2024 20:43:43.242 INFO  SearchFeatureFlags [30550 MainThread] - Setting feature_flag=stats:allow_stats_v2:true
02-06-2024 20:43:43.242 INFO  SearchFeatureFlags [30550 MainThread] - Setting feature_flag=search_optimization::set_required_fields:stats:false
02-06-2024 20:43:43.242 INFO  SearchFeatureFlags [30550 MainThread] - Setting feature_flag=searchresults:srs2:false
02-06-2024 20:43:43.242 INFO  SearchFeatureFlags [30550 MainThread] - Setting feature_flag=search:read_final_results_from_timeliner:true
02-06-2024 20:43:43.242 INFO  SearchFeatureFlags [30550 MainThread] - Overlaying SearchFeatureFlags from jsonNode={"v":1,"enabledFeatures":["stats:allow_stats_v2"],"disabledFeatures":["searchresults:srs2"]}
02-06-2024 20:43:43.242 INFO  dispatchRunner [30550 MainThread] - registering build time modules, count=1
02-06-2024 20:43:43.242 INFO  dispatchRunner [30550 MainThread] - registering search time components of build time module name=vix
02-06-2024 20:43:43.242 INFO  dispatchRunner [30550 MainThread] - Getting search configuration data from: /opt/splunk/etc/modules/parsing/config.xml
02-06-2024 20:43:43.249 WARN  SSLOptions [30550 MainThread] - server.conf/[kvstore]/sslVerifyServerCert is false disabling certificate validation; must be set to "true" for increased security
02-06-2024 20:43:43.249 INFO  BundlesSetup [30550 MainThread] - Setup stats for /opt/splunk/var/run/searchpeers/GOEL-SearchHead-1707251292: wallclock_elapsed_msec=15, cpu_time_used=0.015219, shared_services_generation=2, shared_services_population=1
02-06-2024 20:43:43.265 INFO  UserManagerPro [30550 MainThread] - Load authentication: forcing roles="admin, can_delete, power, user"
02-06-2024 20:43:43.265 INFO  PipelineComponent [30550 MainThread] - Ingestion pipeline sets have been configured to use pipeline set policy=round_robin for multiple pipeline sets.
02-06-2024 20:43:43.266 INFO  UserManager [31159 RunDispatch] - Setting user context: splunk-system-user
02-06-2024 20:43:43.266 INFO  UserManager [31159 RunDispatch] - Done setting user context: NULL -> splunk-system-user
02-06-2024 20:43:43.266 INFO  UserManager [31159 RunDispatch] - Unwound user context: splunk-system-user -> NULL
02-06-2024 20:43:43.266 INFO  UserManager [31159 RunDispatch] - Setting user context: admin
02-06-2024 20:43:43.266 INFO  UserManager [31159 RunDispatch] - Done setting user context: NULL -> admin
02-06-2024 20:43:43.267 INFO  dispatchRunner [31159 RunDispatch] - search context: user="admin", app="search", bs-pathname="/opt/splunk/var/run/searchpeers/GOEL-SearchHead-1707251292"
02-06-2024 20:43:43.273 WARN  IndexConfig [31159 RunDispatch] - Home path size limit cannot accomodate maximum number of hot buckets with specified bucket size because homePath.maxDataSizeMB is too small. Please check your index configuration: idx=bcgames maxDataSize=750 MB, homePath.maxDataSizeMB=1000 MB
02-06-2024 20:43:43.273 WARN  IndexConfig [31159 RunDispatch] - Max bucket size is larger than destination path size limit. Please check your index configuration. idx=infra; bucket size in (from maxDataSize) 750 MB, homePath.maxDataSizeMB=100,  coldPath.maxDataSizeMB=100
02-06-2024 20:43:43.273 WARN  IndexConfig [31159 RunDispatch] - Home path size limit cannot accomodate maximum number of hot buckets with specified bucket size because homePath.maxDataSizeMB is too small. Please check your index configuration: idx=infra maxDataSize=750 MB, homePath.maxDataSizeMB=100 MB
02-06-2024 20:43:43.273 WARN  IndexConfig [31159 RunDispatch] - Max bucket size is larger than destination path size limit. Please check your index configuration. idx=soc; bucket size in (from maxDataSize) 750 MB, homePath.maxDataSizeMB=100,  coldPath.maxDataSizeMB=100
02-06-2024 20:43:43.273 WARN  IndexConfig [31159 RunDispatch] - Home path size limit cannot accomodate maximum number of hot buckets with specified bucket size because homePath.maxDataSizeMB is too small. Please check your index configuration: idx=soc maxDataSize=750 MB, homePath.maxDataSizeMB=100 MB
02-06-2024 20:43:43.274 INFO  SearchParser [31159 RunDispatch] - PARSING: litsearch (index=_* log_level=WARN bcgames bucket) | fields  keepcolorder=t "*" "_bkt" "_cd" "_si" "host" "index" "linecount" "source" "sourcetype" "splunk_server"  | remotetl  nb=300 et=1707248580.000000 lt=1707252223.000000 remove=true max_count=1000 max_prefetch=100
02-06-2024 20:43:43.274 INFO  SearchParser [31159 RunDispatch] - PARSING: litsearch (index=_* log_level=WARN bcgames bucket) | fields  keepcolorder=t "*" "_bkt" "_cd" "_si" "host" "index" "linecount" "source" "sourcetype" "splunk_server"  | remotetl  nb=300 et=1707248580.000000 lt=1707252223.000000 remove=true max_count=1000 max_prefetch=100
02-06-2024 20:43:43.274 INFO  UserManager [31159 RunDispatch] - Setting user context: splunk-system-user
02-06-2024 20:43:43.274 INFO  UserManager [31159 RunDispatch] - Done setting user context: admin -> splunk-system-user
02-06-2024 20:43:43.274 INFO  UserManager [31159 RunDispatch] - Setting user context: admin
02-06-2024 20:43:43.274 INFO  UserManager [31159 RunDispatch] - Done setting user context: splunk-system-user -> admin
02-06-2024 20:43:43.276 INFO  SearchProcessor [31159 RunDispatch] - Filtered out a metric type index '_metrics' because the command does not support it.
02-06-2024 20:43:43.276 INFO  SearchProcessor [31159 RunDispatch] - Filtered out a metric type index '_metrics_rollup' because the command does not support it.
02-06-2024 20:43:43.277 INFO  UserManager [31159 RunDispatch] - Unwound user context: admin -> splunk-system-user
02-06-2024 20:43:43.277 INFO  UserManager [31159 RunDispatch] - Unwound user context: splunk-system-user -> admin
02-06-2024 20:43:43.277 INFO  DispatchCommandProcessor [31159 RunDispatch] - Search requires the following indexes="[_audit,_configtracker,_internal,_introspection,_telemetry,_thefishbucket]"
02-06-2024 20:43:43.277 INFO  IndexReaderIf [31159 RunDispatch] - Loading Clustering bucket manifest file=/opt/splunk/var/run/splunk/cluster/search-buckets/search_sitedefault_gen115.csv.gz
02-06-2024 20:43:43.277 INFO  DatabaseDirectoryManager [31159 RunDispatch] - initDDMsFromSearchBucketManifest path=/opt/splunk/var/run/splunk/cluster/search-buckets/search_sitedefault_gen115.csv.gz, indexWhiteList_size=6
02-06-2024 20:43:43.277 INFO  CMBucketId [31159 RunDispatch] - CMIndexId: New indexName=_telemetry inserted, mapping to id=1
02-06-2024 20:43:43.277 INFO  CMBucketId [31159 RunDispatch] - CMIndexId: New indexName=_audit inserted, mapping to id=2
02-06-2024 20:43:43.277 INFO  CMBucketId [31159 RunDispatch] - CMIndexId: New indexName=_internal inserted, mapping to id=3
02-06-2024 20:43:43.277 INFO  dispatchRunner [31159 RunDispatch] - SearchPeerInitSearchMs=11
02-06-2024 20:43:43.277 INFO  dispatchRunner [31159 RunDispatch] - Serial search pipeline for streaming search being launched.
02-06-2024 20:43:43.277 INFO  SearchParser [31159 RunDispatch] - PARSING: litsearch (index=_* log_level=WARN bcgames bucket) | fields  keepcolorder=t "*" "_bkt" "_cd" "_si" "host" "index" "linecount" "source" "sourcetype" "splunk_server"  | remotetl  nb=300 et=1707248580.000000 lt=1707252223.000000 remove=true max_count=1000 max_prefetch=100
02-06-2024 20:43:43.321 INFO  SearchProcessor [31159 RunDispatch] - Filtered out a metric type index '_metrics' because the command does not support it.
02-06-2024 20:43:43.321 INFO  SearchProcessor [31159 RunDispatch] - Filtered out a metric type index '_metrics_rollup' because the command does not support it.
02-06-2024 20:43:43.321 INFO  SearchParser [31159 RunDispatch] - PARSING: typer | tags
02-06-2024 20:43:43.327 INFO  FastTyper [31159 RunDispatch] - found nodes count: comparisons=6, unique_comparisons=5, terms=4, unique_terms=4, phrases=12, unique_phrases=12, total leaves=22
02-06-2024 20:43:43.329 INFO  UserManager [31159 RunDispatch] - Setting user context: admin
02-06-2024 20:43:43.329 INFO  UserManager [31159 RunDispatch] - Done setting user context: admin -> admin
02-06-2024 20:43:43.329 INFO  FastSearchFilter [31159 RunDispatch] - Finished initializing IndexScopedFilter - trivial=0, nTerms=3, oTerms=0, host=0, source=0, sourcetype=0, linecount=0 exactCustomCmp=0
02-06-2024 20:43:43.329 INFO  UserManager [31159 RunDispatch] - Unwound user context: admin -> admin
02-06-2024 20:43:43.329 INFO  IndexScopedSearch [31159 RunDispatch] -  IndexScopedSearch is called for index = _audit, et = 1707248580.000000000, lt = 1707252223.000000000, index_et = -9223372036854775808.000000000, index_lt = 9223372036854775807.999999000, noRead = FALSE
02-06-2024 20:43:43.329 INFO  IndexScopedSearch [31159 RunDispatch] - ct=1707252223.000000 et=1707248580.000000 lt=1707252223.000000 dbsize=3
02-06-2024 20:43:43.329 INFO  UserManager [31159 RunDispatch] - Setting user context: admin
02-06-2024 20:43:43.329 INFO  UserManager [31159 RunDispatch] - Done setting user context: admin -> admin
02-06-2024 20:43:43.329 INFO  FastSearchFilter [31159 RunDispatch] - Finished initializing IndexScopedFilter - trivial=0, nTerms=3, oTerms=0, host=0, source=0, sourcetype=0, linecount=0 exactCustomCmp=0
02-06-2024 20:43:43.329 INFO  UserManager [31159 RunDispatch] - Unwound user context: admin -> admin
02-06-2024 20:43:43.329 INFO  IndexScopedSearch [31159 RunDispatch] -  IndexScopedSearch is called for index = _configtracker, et = 1707248580.000000000, lt = 1707252223.000000000, index_et = -9223372036854775808.000000000, index_lt = 9223372036854775807.999999000, noRead = FALSE
02-06-2024 20:43:43.330 INFO  CMBucketId [31159 RunDispatch] - CMIndexId: New indexName=_configtracker inserted, mapping to id=4
02-06-2024 20:43:43.330 INFO  IndexScopedSearch [31159 RunDispatch] - ct=1707252223.000000 et=1707248580.000000 lt=1707252223.000000 dbsize=3
02-06-2024 20:43:43.330 INFO  UserManager [31159 RunDispatch] - Setting user context: admin
02-06-2024 20:43:43.330 INFO  UserManager [31159 RunDispatch] - Done setting user context: admin -> admin
02-06-2024 20:43:43.330 INFO  FastSearchFilter [31159 RunDispatch] - Finished initializing IndexScopedFilter - trivial=0, nTerms=3, oTerms=0, host=0, source=0, sourcetype=0, linecount=0 exactCustomCmp=0
02-06-2024 20:43:43.330 INFO  UserManager [31159 RunDispatch] - Unwound user context: admin -> admin
02-06-2024 20:43:43.330 INFO  IndexScopedSearch [31159 RunDispatch] -  IndexScopedSearch is called for index = _internal, et = 1707248580.000000000, lt = 1707252223.000000000, index_et = -9223372036854775808.000000000, index_lt = 9223372036854775807.999999000, noRead = FALSE
02-06-2024 20:43:43.330 INFO  IndexScopedSearch [31159 RunDispatch] - ct=1707252223.000000 et=1707248580.000000 lt=1707252223.000000 dbsize=3
02-06-2024 20:43:43.331 INFO  UserManager [31159 RunDispatch] - Setting user context: admin
02-06-2024 20:43:43.331 INFO  UserManager [31159 RunDispatch] - Done setting user context: admin -> admin
02-06-2024 20:43:43.331 INFO  FastSearchFilter [31159 RunDispatch] - Finished initializing IndexScopedFilter - trivial=0, nTerms=3, oTerms=0, host=0, source=0, sourcetype=0, linecount=0 exactCustomCmp=0
02-06-2024 20:43:43.331 INFO  UserManager [31159 RunDispatch] - Unwound user context: admin -> admin
02-06-2024 20:43:43.331 INFO  IndexScopedSearch [31159 RunDispatch] -  IndexScopedSearch is called for index = _introspection, et = 1707248580.000000000, lt = 1707252223.000000000, index_et = -9223372036854775808.000000000, index_lt = 9223372036854775807.999999000, noRead = FALSE
02-06-2024 20:43:43.331 INFO  CMBucketId [31159 RunDispatch] - CMIndexId: New indexName=_introspection inserted, mapping to id=5
02-06-2024 20:43:43.331 INFO  IndexScopedSearch [31159 RunDispatch] - ct=1707252223.000000 et=1707248580.000000 lt=1707252223.000000 dbsize=3
02-06-2024 20:43:43.331 INFO  UserManager [31159 RunDispatch] - Setting user context: admin
02-06-2024 20:43:43.331 INFO  UserManager [31159 RunDispatch] - Done setting user context: admin -> admin
02-06-2024 20:43:43.332 INFO  FastSearchFilter [31159 RunDispatch] - Finished initializing IndexScopedFilter - trivial=0, nTerms=3, oTerms=0, host=0, source=0, sourcetype=0, linecount=0 exactCustomCmp=0
02-06-2024 20:43:43.332 INFO  UserManager [31159 RunDispatch] - Unwound user context: admin -> admin
02-06-2024 20:43:43.332 INFO  IndexScopedSearch [31159 RunDispatch] -  IndexScopedSearch is called for index = _telemetry, et = 1707248580.000000000, lt = 1707252223.000000000, index_et = -9223372036854775808.000000000, index_lt = 9223372036854775807.999999000, noRead = FALSE
02-06-2024 20:43:43.332 INFO  IndexScopedSearch [31159 RunDispatch] - ct=1707252223.000000 et=1707248580.000000 lt=1707252223.000000 dbsize=0
02-06-2024 20:43:43.332 INFO  UserManager [31159 RunDispatch] - Setting user context: admin
02-06-2024 20:43:43.332 INFO  UserManager [31159 RunDispatch] - Done setting user context: admin -> admin
02-06-2024 20:43:43.332 INFO  FastSearchFilter [31159 RunDispatch] - Finished initializing IndexScopedFilter - trivial=0, nTerms=3, oTerms=0, host=0, source=0, sourcetype=0, linecount=0 exactCustomCmp=0
02-06-2024 20:43:43.332 INFO  UserManager [31159 RunDispatch] - Unwound user context: admin -> admin
02-06-2024 20:43:43.332 INFO  IndexScopedSearch [31159 RunDispatch] -  IndexScopedSearch is called for index = _thefishbucket, et = 1707248580.000000000, lt = 1707252223.000000000, index_et = -9223372036854775808.000000000, index_lt = 9223372036854775807.999999000, noRead = FALSE
02-06-2024 20:43:43.332 INFO  IndexScopedSearch [31159 RunDispatch] - ct=1707252223.000000 et=1707248580.000000 lt=1707252223.000000 dbsize=0
02-06-2024 20:43:43.332 INFO  UnifiedSearch [31159 RunDispatch] - Initialization of search data structures took 12 ms
02-06-2024 20:43:43.333 INFO  UnifiedSearch [31159 RunDispatch] - Processed search targeting arguments
02-06-2024 20:43:43.360 INFO  SearchPipelineExecutor [31159 RunDispatch] - Number of StreamSearch pipelines launched=1
02-06-2024 20:43:43.360 INFO  SearchPipelineExecutor [31159 RunDispatch] - Starting to transmit serialized search results.
02-06-2024 20:43:43.360 INFO  SearchPipelineExecutor [31166 StreamSearch] - StreamSearch pipeline=0 is started in its own thread
02-06-2024 20:43:43.360 INFO  UserManager [31166 StreamSearch] - Setting user context: admin
02-06-2024 20:43:43.360 INFO  UserManager [31166 StreamSearch] - Done setting user context: NULL -> admin
02-06-2024 20:43:43.364 INFO  SearchPipelineExecutor [31168 NormSerializeExecutorThread] - NormSerializeExecutorThread pipeline=0 is started in its own thread.
02-06-2024 20:43:43.429 INFO  Timeliner [31166 StreamSearch] - Emitted 12 full events to info._remotetl_events
02-06-2024 20:43:43.429 WARN  SRSSerializer [31168 NormSerializeExecutorThread] - writing 0 cols! field list=0
02-06-2024 20:43:43.442 WARN  SearchOperator:kv [31166 StreamSearch] - buildRegexList provided empty conf key, ignoring.
02-06-2024 20:43:43.443 INFO  Timeliner [31166 StreamSearch] - Emitted 14 full events to info._remotetl_events
02-06-2024 20:43:43.443 WARN  SRSSerializer [31168 NormSerializeExecutorThread] - writing 0 cols! field list=0
02-06-2024 20:43:43.443 INFO  SearchPipelineExecutor [31166 StreamSearch] - Finished streaming: results.count=0
02-06-2024 20:43:43.443 INFO  UserManager [31166 StreamSearch] - Unwound user context: admin -> NULL
02-06-2024 20:43:43.443 INFO  SearchPipelineExecutor [31166 StreamSearch] - StreamSearch pipleine=0 is finished.
02-06-2024 20:43:43.443 WARN  SRSSerializer [31168 NormSerializeExecutorThread] - writing 0 cols! field list=0
02-06-2024 20:43:43.444 WARN  SRSSerializer [31168 NormSerializeExecutorThread] - writing 0 cols! field list=0
02-06-2024 20:43:43.444 INFO  SearchPipelineExecutor [31168 NormSerializeExecutorThread] - NormSerializeExecutorThread pipeline=0 is finished.
02-06-2024 20:43:43.444 INFO  SearchPipelineExecutor [31159 RunDispatch] - Done transmitting serialized search results, total bytes transmitted 63798.
02-06-2024 20:43:43.444 INFO  dispatchRunner [31159 RunDispatch] - Done with streaming search.
02-06-2024 20:43:43.444 INFO  SearchOperator:kv [31159 RunDispatch] - Extractor stats: name=_autoKvStats, probes=1, total_time_ms=0, max_time_ms=0
02-06-2024 20:43:43.444 INFO  SearchOperator:kv [31159 RunDispatch] - Extractor stats: name=(?i)^(?:[^ ]* ){2}(?:[+\-]\d+ )?(?P<log_level>[^ ]*)\s+(?P<component>[^ ]+) (?:\[(?P<thread_id>\d+)\s)?(?:(?P<thread_name>[^\]]+)\]\s)?- (?P<event_message>.+), probes=1, total_time_ms=0, max_time_ms=0
02-06-2024 20:43:43.444 INFO  SearchOperator:kv [31159 RunDispatch] - Extractor stats: name=remote_searches_extractions_terminated, probes=1, total_time_ms=0, max_time_ms=0
02-06-2024 20:43:43.445 INFO  ISearchOperator [31159 RunDispatch] - 0x7f4216303000 PREAD_HISTOGRAM: usec_1_8=135 usec_8_64=0 usec_64_512=0 usec_512_4096=0 usec_4096_32768=0 usec_32768_262144=0 usec_262144_INF=0 
02-06-2024 20:43:43.445 INFO  ISearchOperator [31159 RunDispatch] - 0x7f4216303800 PREAD_HISTOGRAM: usec_1_8=175 usec_8_64=0 usec_64_512=0 usec_512_4096=0 usec_4096_32768=0 usec_32768_262144=0 usec_262144_INF=0 
02-06-2024 20:43:43.449 INFO  SearchPipelineExecutor [31159 RunDispatch] - Streamed Search Index Orchestrator has been shutdown.
02-06-2024 20:43:43.449 INFO  UserManager [31159 RunDispatch] - Unwound user context: admin -> NULL
02-06-2024 20:43:43.449 INFO  LookupDataProvider [31159 RunDispatch] - Clearing out lookup shared provider map
02-06-2024 20:43:43.450 INFO  dispatchRunner [30550 MainThread] - RunDispatch is done: sid=remote_GOEL-SearchHead_1707252223.41, exit=0
