02-06-2024 20:46:23.348 INFO  dispatchRunner [30550 MainThread] - Search process mode: preforked (first search in process) (build b985591d12fd).
02-06-2024 20:46:23.348 INFO  dispatchRunner [30550 MainThread] - initing LicenseMgr in search process: nonPro=0
02-06-2024 20:46:23.348 INFO  LMStackMgr [30550 MainThread] - Initializing CleMgr...
02-06-2024 20:46:23.348 INFO  LicenseMgr [30550 MainThread] - Initing LicenseMgr
02-06-2024 20:46:23.348 INFO  LMConfig [30550 MainThread] - serverName=GOEL-Indexer1 guid=A59E264B-EF37-4C05-A664-4B364D39C148
02-06-2024 20:46:23.350 INFO  LMConfig [30550 MainThread] - connection_timeout=30
02-06-2024 20:46:23.350 INFO  LMConfig [30550 MainThread] - send_timeout=30
02-06-2024 20:46:23.350 INFO  LMConfig [30550 MainThread] - receive_timeout=30
02-06-2024 20:46:23.350 INFO  LMConfig [30550 MainThread] - key=license_warnings_update_interval not found in licenser stanza of server.conf, defaulting=0
02-06-2024 20:46:23.350 INFO  LMConfig [30550 MainThread] - squash_threshold=2000
02-06-2024 20:46:23.350 INFO  LMConfig [30550 MainThread] - strict_pool_quota=1
02-06-2024 20:46:23.350 INFO  LMConfig [30550 MainThread] - key=pool_suggestion not found in licenser stanza of server.conf, defaulting=''
02-06-2024 20:46:23.350 INFO  LMConfig [30550 MainThread] - key=test_aws_metering not found in licenser stanza of server.conf, defaulting=0
02-06-2024 20:46:23.350 INFO  LMConfig [30550 MainThread] - key=test_aws_product_code not found in licenser stanza of server.conf, defaulting=0
02-06-2024 20:46:23.350 INFO  LicenseMgr [30550 MainThread] - Initing LicenseMgr runContext_splunkd=false
02-06-2024 20:46:23.350 INFO  LMStackMgr [30550 MainThread] - closing stack mgr
02-06-2024 20:46:23.350 INFO  LMSlaveInfo [30550 MainThread] - all slaves cleared
02-06-2024 20:46:23.350 INFO  LMStackMgr [30550 MainThread] - partial init only since node has remote master=https://10.0.3.7:8089
02-06-2024 20:46:23.350 INFO  LicenseMgr [30550 MainThread] - StackMgr init complete...
02-06-2024 20:46:23.350 INFO  LMTracker [30550 MainThread] - Setting default product type='enterprise'
02-06-2024 20:46:23.350 INFO  LMTracker [30550 MainThread] - this is not splunkd, will perform partial init
02-06-2024 20:46:23.350 INFO  LicenseMgr [30550 MainThread] - Tracker init complete...
02-06-2024 20:46:23.357 INFO  AdminManagerDispatch [30550 MainThread] - added factory for admin handler: 'licenses'
02-06-2024 20:46:23.357 INFO  AdminManagerDispatch [30550 MainThread] - added factory for admin handler: 'pools'
02-06-2024 20:46:23.357 INFO  AdminManagerDispatch [30550 MainThread] - added factory for admin handler: 'stacks'
02-06-2024 20:46:23.357 INFO  AdminManagerDispatch [30550 MainThread] - added factory for admin handler: 'groups'
02-06-2024 20:46:23.357 INFO  AdminManagerDispatch [30550 MainThread] - added factory for admin handler: 'slaves'
02-06-2024 20:46:23.357 INFO  AdminManagerDispatch [30550 MainThread] - added factory for admin handler: 'peers'
02-06-2024 20:46:23.357 INFO  AdminManagerDispatch [30550 MainThread] - added factory for admin handler: 'localslave'
02-06-2024 20:46:23.357 INFO  AdminManagerDispatch [30550 MainThread] - added factory for admin handler: 'localpeer'
02-06-2024 20:46:23.357 INFO  AdminManagerDispatch [30550 MainThread] - added factory for admin handler: 'licensermessages'
02-06-2024 20:46:23.357 INFO  AdminManagerDispatch [30550 MainThread] - added factory for admin handler: 'scriptedwarning'
02-06-2024 20:46:23.357 INFO  AdminManagerDispatch [30550 MainThread] - added factory for admin handler: 'licenseusage'
02-06-2024 20:46:23.357 INFO  LicenseMgr [30550 MainThread] - Initing LicenseMgr
02-06-2024 20:46:23.357 INFO  LMConfig [30550 MainThread] - serverName=GOEL-Indexer1 guid=A59E264B-EF37-4C05-A664-4B364D39C148
02-06-2024 20:46:23.357 INFO  LMConfig [30550 MainThread] - connection_timeout=30
02-06-2024 20:46:23.357 INFO  LMConfig [30550 MainThread] - send_timeout=30
02-06-2024 20:46:23.357 INFO  LMConfig [30550 MainThread] - receive_timeout=30
02-06-2024 20:46:23.357 INFO  LMConfig [30550 MainThread] - key=license_warnings_update_interval not found in licenser stanza of server.conf, defaulting=0
02-06-2024 20:46:23.357 INFO  LMConfig [30550 MainThread] - squash_threshold=2000
02-06-2024 20:46:23.357 INFO  LMConfig [30550 MainThread] - strict_pool_quota=1
02-06-2024 20:46:23.357 INFO  LMConfig [30550 MainThread] - key=pool_suggestion not found in licenser stanza of server.conf, defaulting=''
02-06-2024 20:46:23.357 INFO  LMConfig [30550 MainThread] - key=test_aws_metering not found in licenser stanza of server.conf, defaulting=0
02-06-2024 20:46:23.357 INFO  LMConfig [30550 MainThread] - key=test_aws_product_code not found in licenser stanza of server.conf, defaulting=0
02-06-2024 20:46:23.357 INFO  dispatchRunner [30550 MainThread] - Feature flag post-args={"v":1,"enabledFeatures":["stats:allow_stats_v2"],"disabledFeatures":["searchresults:srs2"]}
02-06-2024 20:46:23.357 INFO  SearchFeatureFlags [30550 MainThread] - Initializing feature flags from config. feature_seed=46947589
02-06-2024 20:46:23.357 INFO  SearchFeatureFlags [30550 MainThread] - Setting feature_flag=parallelreduce:enablePreview:true
02-06-2024 20:46:23.357 INFO  SearchFeatureFlags [30550 MainThread] - Setting feature_flag=search:search_retry:false
02-06-2024 20:46:23.357 INFO  SearchFeatureFlags [30550 MainThread] - Setting feature_flag=search:search_retry_realtime:false
02-06-2024 20:46:23.357 INFO  SearchFeatureFlags [30550 MainThread] - Setting feature_flag=parallelreduce:autoAppliedPercentage:false
02-06-2024 20:46:23.357 INFO  SearchFeatureFlags [30550 MainThread] - Setting feature_flag=subsearch:enableConcurrentPipelineProcessing:false
02-06-2024 20:46:23.357 INFO  SearchFeatureFlags [30550 MainThread] - Setting feature_flag=stats:allow_stats_v2:true
02-06-2024 20:46:23.357 INFO  SearchFeatureFlags [30550 MainThread] - Setting feature_flag=search_optimization::set_required_fields:stats:false
02-06-2024 20:46:23.357 INFO  SearchFeatureFlags [30550 MainThread] - Setting feature_flag=searchresults:srs2:false
02-06-2024 20:46:23.357 INFO  SearchFeatureFlags [30550 MainThread] - Setting feature_flag=search:read_final_results_from_timeliner:true
02-06-2024 20:46:23.357 INFO  SearchFeatureFlags [30550 MainThread] - Overlaying SearchFeatureFlags from jsonNode={"v":1,"enabledFeatures":["stats:allow_stats_v2"],"disabledFeatures":["searchresults:srs2"]}
02-06-2024 20:46:23.358 INFO  dispatchRunner [30550 MainThread] - registering build time modules, count=1
02-06-2024 20:46:23.358 INFO  dispatchRunner [30550 MainThread] - registering search time components of build time module name=vix
02-06-2024 20:46:23.358 INFO  dispatchRunner [30550 MainThread] - Getting search configuration data from: /opt/splunk/etc/modules/parsing/config.xml
02-06-2024 20:46:23.364 WARN  SSLOptions [30550 MainThread] - server.conf/[kvstore]/sslVerifyServerCert is false disabling certificate validation; must be set to "true" for increased security
02-06-2024 20:46:23.365 INFO  BundlesSetup [30550 MainThread] - Setup stats for /opt/splunk/var/run/searchpeers/GOEL-ClusterMaster-1707215531: wallclock_elapsed_msec=15, cpu_time_used=0.0153827, shared_services_generation=2, shared_services_population=1
02-06-2024 20:46:23.381 INFO  UserManagerPro [30550 MainThread] - Load authentication: forcing roles="admin, power, splunk-system-role, user"
02-06-2024 20:46:23.381 INFO  PipelineComponent [30550 MainThread] - Ingestion pipeline sets have been configured to use pipeline set policy=round_robin for multiple pipeline sets.
02-06-2024 20:46:23.382 INFO  UserManager [32531 RunDispatch] - Setting user context: splunk-system-user
02-06-2024 20:46:23.382 INFO  UserManager [32531 RunDispatch] - Done setting user context: NULL -> splunk-system-user
02-06-2024 20:46:23.382 INFO  dispatchRunner [32531 RunDispatch] - search context: user="splunk-system-user", app="search", bs-pathname="/opt/splunk/var/run/searchpeers/GOEL-ClusterMaster-1707215531"
02-06-2024 20:46:23.389 WARN  IndexConfig [32531 RunDispatch] - Home path size limit cannot accomodate maximum number of hot buckets with specified bucket size because homePath.maxDataSizeMB is too small. Please check your index configuration: idx=bcgames maxDataSize=750 MB, homePath.maxDataSizeMB=1000 MB
02-06-2024 20:46:23.389 WARN  IndexConfig [32531 RunDispatch] - Max bucket size is larger than destination path size limit. Please check your index configuration. idx=infra; bucket size in (from maxDataSize) 750 MB, homePath.maxDataSizeMB=100,  coldPath.maxDataSizeMB=100
02-06-2024 20:46:23.389 WARN  IndexConfig [32531 RunDispatch] - Home path size limit cannot accomodate maximum number of hot buckets with specified bucket size because homePath.maxDataSizeMB is too small. Please check your index configuration: idx=infra maxDataSize=750 MB, homePath.maxDataSizeMB=100 MB
02-06-2024 20:46:23.389 WARN  IndexConfig [32531 RunDispatch] - Max bucket size is larger than destination path size limit. Please check your index configuration. idx=soc; bucket size in (from maxDataSize) 750 MB, homePath.maxDataSizeMB=100,  coldPath.maxDataSizeMB=100
02-06-2024 20:46:23.389 WARN  IndexConfig [32531 RunDispatch] - Home path size limit cannot accomodate maximum number of hot buckets with specified bucket size because homePath.maxDataSizeMB is too small. Please check your index configuration: idx=soc maxDataSize=750 MB, homePath.maxDataSizeMB=100 MB
02-06-2024 20:46:23.390 INFO  SearchParser [32531 RunDispatch] - PARSING: prerest  timeout=60 "services/server/info?count=0"
02-06-2024 20:46:23.390 INFO  SearchParser [32531 RunDispatch] - PARSING: prerest  timeout=60 "services/server/info?count=0"
02-06-2024 20:46:23.390 INFO  DispatchCommandProcessor [32531 RunDispatch] - Search requires the following indexes="[]"
02-06-2024 20:46:23.390 INFO  IndexReaderIf [32531 RunDispatch] - Loading Clustering bucket manifest file=/opt/splunk/var/run/splunk/cluster/search-buckets/search_sitedefault_gen120.csv.gz
02-06-2024 20:46:23.390 INFO  DatabaseDirectoryManager [32531 RunDispatch] - initDDMsFromSearchBucketManifest path=/opt/splunk/var/run/splunk/cluster/search-buckets/search_sitedefault_gen120.csv.gz, indexWhiteList_size=0
02-06-2024 20:46:23.390 INFO  dispatchRunner [32531 RunDispatch] - SearchPeerInitSearchMs=8
02-06-2024 20:46:23.390 INFO  dispatchRunner [32531 RunDispatch] - Serial search pipeline for streaming search being launched.
02-06-2024 20:46:23.390 INFO  SearchParser [32531 RunDispatch] - PARSING: prerest  timeout=60 "services/server/info?count=0"
02-06-2024 20:46:23.390 INFO  SearchOperator:rest [32531 RunDispatch] - built uri=services/server/info?count=0, server=https://127.0.0.1:8089
02-06-2024 20:46:23.390 INFO  SearchPipelineExecutor [32531 RunDispatch] - Number of StreamSearch pipelines launched=1
02-06-2024 20:46:23.390 INFO  SearchPipelineExecutor [32531 RunDispatch] - Starting to transmit serialized search results.
02-06-2024 20:46:23.390 INFO  SearchPipelineExecutor [32538 StreamSearch] - StreamSearch pipeline=0 is started in its own thread
02-06-2024 20:46:23.390 INFO  UserManager [32538 StreamSearch] - Setting user context: splunk-system-user
02-06-2024 20:46:23.390 INFO  UserManager [32538 StreamSearch] - Done setting user context: NULL -> splunk-system-user
02-06-2024 20:46:23.390 INFO  SearchOperator:rest [32538 StreamSearch] - in RestProcessor::execute
02-06-2024 20:46:23.390 INFO  ProxyConfig [32538 StreamSearch] - Failed to initialize http_proxy from server.conf for splunkd. Please make sure that the http_proxy property is set as http_proxy=http://host:port in case HTTP proxying needs to be enabled.
02-06-2024 20:46:23.390 INFO  ProxyConfig [32538 StreamSearch] - Failed to initialize https_proxy from server.conf for splunkd. Please make sure that the https_proxy property is set as https_proxy=http://host:port in case HTTP proxying needs to be enabled.
02-06-2024 20:46:23.390 INFO  ProxyConfig [32538 StreamSearch] - Failed to initialize the proxy_rules setting from server.conf for splunkd. Please provide a valid set of proxy_rules in case HTTP proxying needs to be enabled.
02-06-2024 20:46:23.390 INFO  ProxyConfig [32538 StreamSearch] - Failed to initialize the no_proxy setting from server.conf for splunkd. Please provide a valid set of no_proxy rules in case HTTP proxying needs to be enabled.
02-06-2024 20:46:23.391 WARN  SSLOptions [32538 StreamSearch] - <internal>.conf/[<internal>]/sslVerifyServerCert is false disabling certificate validation; must be set to "true" for increased security
02-06-2024 20:46:23.392 INFO  SearchPipelineExecutor [32539 NormSerializeExecutorThread] - NormSerializeExecutorThread pipeline=0 is started in its own thread.
02-06-2024 20:46:23.395 WARN  SSLOptions [32538 StreamSearch] - <internal>.conf/[<internal>]/sslVerifyServerCert is false disabling certificate validation; must be set to "true" for increased security
02-06-2024 20:46:23.398 INFO  SearchPipelineExecutor [32538 StreamSearch] - Finished streaming: results.count=1
02-06-2024 20:46:23.398 INFO  UserManager [32538 StreamSearch] - Unwound user context: splunk-system-user -> NULL
02-06-2024 20:46:23.398 INFO  SearchPipelineExecutor [32538 StreamSearch] - StreamSearch pipleine=0 is finished.
02-06-2024 20:46:23.401 WARN  SRSSerializer [32539 NormSerializeExecutorThread] - writing 0 cols! field list=0
02-06-2024 20:46:23.401 INFO  SearchPipelineExecutor [32539 NormSerializeExecutorThread] - NormSerializeExecutorThread pipeline=0 is finished.
02-06-2024 20:46:23.404 INFO  SearchPipelineExecutor [32531 RunDispatch] - Done transmitting serialized search results, total bytes transmitted 7653.
02-06-2024 20:46:23.404 INFO  dispatchRunner [32531 RunDispatch] - Done with streaming search.
02-06-2024 20:46:23.404 INFO  SearchPipelineExecutor [32531 RunDispatch] - Streamed Search Index Orchestrator has been shutdown.
02-06-2024 20:46:23.405 INFO  UserManager [32531 RunDispatch] - Unwound user context: splunk-system-user -> NULL
02-06-2024 20:46:23.405 INFO  LookupDataProvider [32531 RunDispatch] - Clearing out lookup shared provider map
02-06-2024 20:46:23.405 INFO  dispatchRunner [30550 MainThread] - RunDispatch is done: sid=remote_GOEL-ClusterMaster_1707252383.142, exit=0
