02-06-2024 03:49:47.323 +0000 INFO  HealthChangeReporter - feature="Real-time Reader-0" indicator="data_out_rate" previous_color=green color=yellow due_to_threshold_value=1 measured_value=1 reason="The monitor input cannot produce data because splunkd's processing queues are full.  This will be caused by inadequate indexing or forwarding rate, or a sudden burst of incoming data."
02-06-2024 03:49:52.323 +0000 INFO  HealthChangeReporter - feature="Real-time Reader-0" indicator="data_out_rate" previous_color=yellow color=red due_to_threshold_value=2 measured_value=2 reason="The monitor input cannot produce data because splunkd's processing queues are full.  This will be caused by inadequate indexing or forwarding rate, or a sudden burst of incoming data."
02-06-2024 03:51:11.692 +0000 INFO  HealthChangeReporter - feature="Ingestion Latency" indicator="ingestion_latency_gap_multiplier" previous_color=green color=yellow due_to_threshold_value=1 measured_value=90 reason="Events from tracker.log have not been seen for the last 90 seconds, which is more than the yellow threshold (45 seconds). This typically occurs when indexing or forwarding are falling behind or are blocked."
02-06-2024 03:53:26.692 +0000 INFO  HealthChangeReporter - feature="Ingestion Latency" indicator="ingestion_latency_gap_multiplier" previous_color=yellow color=red due_to_threshold_value=1 measured_value=225 reason="Events from tracker.log have not been seen for the last 225 seconds, which is more than the red threshold (210 seconds). This typically occurs when indexing or forwarding are falling behind or are blocked."
02-06-2024 04:19:41.081 +0000 INFO  PeriodicHealthReporter - product="splunkd" color=red due_to_sub_feature="File Monitor Input" node_type=product node_path=splunkd
02-06-2024 04:19:41.081 +0000 INFO  PeriodicHealthReporter - feature="File Monitor Input" color=red due_to_sub_feature="Ingestion Latency" due_to_sub_feature="Real-time Reader-0" node_type=category node_path=splunkd.file_monitor_input
02-06-2024 04:19:41.081 +0000 INFO  PeriodicHealthReporter - feature="Forwarder Ingestion Latency" color=green due_to_stanza="feature:ingestion_latency_reported" node_type=feature node_path=splunkd.file_monitor_input.forwarder_ingestion_latency
02-06-2024 04:19:41.081 +0000 INFO  PeriodicHealthReporter - feature="Ingestion Latency" color=red due_to_stanza="feature:ingestion_latency" due_to_indicator="ingestion_latency_gap_multiplier" node_type=feature node_path=splunkd.file_monitor_input.ingestion_latency
02-06-2024 04:19:41.081 +0000 INFO  PeriodicHealthReporter - feature="Ingestion Latency" color=red indicator="ingestion_latency_gap_multiplier" due_to_threshold_value=1 measured_value=1755 reason="Events from tracker.log have not been seen for the last 1755 seconds, which is more than the red threshold (210 seconds). This typically occurs when indexing or forwarding are falling behind or are blocked." node_type=indicator node_path=splunkd.file_monitor_input.ingestion_latency.ingestion_latency_gap_multiplier
02-06-2024 04:19:41.081 +0000 INFO  PeriodicHealthReporter - feature="Large and Archive File Reader-0" color=green due_to_stanza="feature:batchreader" node_type=feature node_path=splunkd.file_monitor_input.large_and_archive_file_reader-0
02-06-2024 04:19:41.081 +0000 INFO  PeriodicHealthReporter - feature="Real-time Reader-0" color=red due_to_stanza="feature:tailreader" due_to_indicator="data_out_rate" node_type=feature node_path=splunkd.file_monitor_input.real-time_reader-0
02-06-2024 04:19:41.081 +0000 INFO  PeriodicHealthReporter - feature="Real-time Reader-0" color=red indicator="data_out_rate" due_to_threshold_value=2 measured_value=359 reason="The monitor input cannot produce data because splunkd's processing queues are full.  This will be caused by inadequate indexing or forwarding rate, or a sudden burst of incoming data." node_type=indicator node_path=splunkd.file_monitor_input.real-time_reader-0.data_out_rate
02-06-2024 04:19:41.081 +0000 INFO  PeriodicHealthReporter - feature="Workload Management" color=green node_type=category node_path=splunkd.workload_management
02-06-2024 04:19:41.081 +0000 INFO  PeriodicHealthReporter - feature="Configuration Check" color=green due_to_stanza="feature:wlm_configuration_check" node_type=feature node_path=splunkd.workload_management.configuration_check
02-06-2024 04:19:41.081 +0000 INFO  PeriodicHealthReporter - feature="System Check" color=green due_to_stanza="feature:wlm_system_check" node_type=feature node_path=splunkd.workload_management.system_check
02-06-2024 04:49:41.080 +0000 INFO  PeriodicHealthReporter - product="splunkd" color=red due_to_sub_feature="File Monitor Input" node_type=product node_path=splunkd
02-06-2024 04:49:41.080 +0000 INFO  PeriodicHealthReporter - feature="File Monitor Input" color=red due_to_sub_feature="Ingestion Latency" due_to_sub_feature="Real-time Reader-0" node_type=category node_path=splunkd.file_monitor_input
02-06-2024 04:49:41.080 +0000 INFO  PeriodicHealthReporter - feature="Forwarder Ingestion Latency" color=green due_to_stanza="feature:ingestion_latency_reported" node_type=feature node_path=splunkd.file_monitor_input.forwarder_ingestion_latency
02-06-2024 04:49:41.080 +0000 INFO  PeriodicHealthReporter - feature="Ingestion Latency" color=red due_to_stanza="feature:ingestion_latency" due_to_indicator="ingestion_latency_gap_multiplier" node_type=feature node_path=splunkd.file_monitor_input.ingestion_latency
02-06-2024 04:49:41.080 +0000 INFO  PeriodicHealthReporter - feature="Ingestion Latency" color=red indicator="ingestion_latency_gap_multiplier" due_to_threshold_value=1 measured_value=3570 reason="Events from tracker.log have not been seen for the last 3570 seconds, which is more than the red threshold (210 seconds). This typically occurs when indexing or forwarding are falling behind or are blocked." node_type=indicator node_path=splunkd.file_monitor_input.ingestion_latency.ingestion_latency_gap_multiplier
02-06-2024 04:49:41.080 +0000 INFO  PeriodicHealthReporter - feature="Large and Archive File Reader-0" color=green due_to_stanza="feature:batchreader" node_type=feature node_path=splunkd.file_monitor_input.large_and_archive_file_reader-0
02-06-2024 04:49:41.080 +0000 INFO  PeriodicHealthReporter - feature="Real-time Reader-0" color=red due_to_stanza="feature:tailreader" due_to_indicator="data_out_rate" node_type=feature node_path=splunkd.file_monitor_input.real-time_reader-0
02-06-2024 04:49:41.080 +0000 INFO  PeriodicHealthReporter - feature="Real-time Reader-0" color=red indicator="data_out_rate" due_to_threshold_value=2 measured_value=719 reason="The monitor input cannot produce data because splunkd's processing queues are full.  This will be caused by inadequate indexing or forwarding rate, or a sudden burst of incoming data." node_type=indicator node_path=splunkd.file_monitor_input.real-time_reader-0.data_out_rate
02-06-2024 04:49:41.080 +0000 INFO  PeriodicHealthReporter - feature="Workload Management" color=green node_type=category node_path=splunkd.workload_management
02-06-2024 04:49:41.080 +0000 INFO  PeriodicHealthReporter - feature="Configuration Check" color=green due_to_stanza="feature:wlm_configuration_check" node_type=feature node_path=splunkd.workload_management.configuration_check
02-06-2024 04:49:41.080 +0000 INFO  PeriodicHealthReporter - feature="System Check" color=green due_to_stanza="feature:wlm_system_check" node_type=feature node_path=splunkd.workload_management.system_check
02-06-2024 05:19:41.080 +0000 INFO  PeriodicHealthReporter - product="splunkd" color=red due_to_sub_feature="File Monitor Input" node_type=product node_path=splunkd
02-06-2024 05:19:41.080 +0000 INFO  PeriodicHealthReporter - feature="File Monitor Input" color=red due_to_sub_feature="Ingestion Latency" due_to_sub_feature="Real-time Reader-0" node_type=category node_path=splunkd.file_monitor_input
02-06-2024 05:19:41.080 +0000 INFO  PeriodicHealthReporter - feature="Forwarder Ingestion Latency" color=green due_to_stanza="feature:ingestion_latency_reported" node_type=feature node_path=splunkd.file_monitor_input.forwarder_ingestion_latency
02-06-2024 05:19:41.080 +0000 INFO  PeriodicHealthReporter - feature="Ingestion Latency" color=red due_to_stanza="feature:ingestion_latency" due_to_indicator="ingestion_latency_gap_multiplier" node_type=feature node_path=splunkd.file_monitor_input.ingestion_latency
02-06-2024 05:19:41.081 +0000 INFO  PeriodicHealthReporter - feature="Ingestion Latency" color=red indicator="ingestion_latency_gap_multiplier" due_to_threshold_value=1 measured_value=5355 reason="Events from tracker.log have not been seen for the last 5355 seconds, which is more than the red threshold (210 seconds). This typically occurs when indexing or forwarding are falling behind or are blocked." node_type=indicator node_path=splunkd.file_monitor_input.ingestion_latency.ingestion_latency_gap_multiplier
02-06-2024 05:19:41.081 +0000 INFO  PeriodicHealthReporter - feature="Large and Archive File Reader-0" color=green due_to_stanza="feature:batchreader" node_type=feature node_path=splunkd.file_monitor_input.large_and_archive_file_reader-0
02-06-2024 05:19:41.081 +0000 INFO  PeriodicHealthReporter - feature="Real-time Reader-0" color=red due_to_stanza="feature:tailreader" due_to_indicator="data_out_rate" node_type=feature node_path=splunkd.file_monitor_input.real-time_reader-0
02-06-2024 05:19:41.081 +0000 INFO  PeriodicHealthReporter - feature="Real-time Reader-0" color=red indicator="data_out_rate" due_to_threshold_value=2 measured_value=1079 reason="The monitor input cannot produce data because splunkd's processing queues are full.  This will be caused by inadequate indexing or forwarding rate, or a sudden burst of incoming data." node_type=indicator node_path=splunkd.file_monitor_input.real-time_reader-0.data_out_rate
02-06-2024 05:19:41.081 +0000 INFO  PeriodicHealthReporter - feature="Workload Management" color=green node_type=category node_path=splunkd.workload_management
02-06-2024 05:19:41.081 +0000 INFO  PeriodicHealthReporter - feature="Configuration Check" color=green due_to_stanza="feature:wlm_configuration_check" node_type=feature node_path=splunkd.workload_management.configuration_check
02-06-2024 05:19:41.081 +0000 INFO  PeriodicHealthReporter - feature="System Check" color=green due_to_stanza="feature:wlm_system_check" node_type=feature node_path=splunkd.workload_management.system_check
02-06-2024 05:49:41.080 +0000 INFO  PeriodicHealthReporter - product="splunkd" color=red due_to_sub_feature="File Monitor Input" node_type=product node_path=splunkd
02-06-2024 05:49:41.080 +0000 INFO  PeriodicHealthReporter - feature="File Monitor Input" color=red due_to_sub_feature="Ingestion Latency" due_to_sub_feature="Real-time Reader-0" node_type=category node_path=splunkd.file_monitor_input
02-06-2024 05:49:41.080 +0000 INFO  PeriodicHealthReporter - feature="Forwarder Ingestion Latency" color=green due_to_stanza="feature:ingestion_latency_reported" node_type=feature node_path=splunkd.file_monitor_input.forwarder_ingestion_latency
02-06-2024 05:49:41.080 +0000 INFO  PeriodicHealthReporter - feature="Ingestion Latency" color=red due_to_stanza="feature:ingestion_latency" due_to_indicator="ingestion_latency_gap_multiplier" node_type=feature node_path=splunkd.file_monitor_input.ingestion_latency
02-06-2024 05:49:41.080 +0000 INFO  PeriodicHealthReporter - feature="Ingestion Latency" color=red indicator="ingestion_latency_gap_multiplier" due_to_threshold_value=1 measured_value=7155 reason="Events from tracker.log have not been seen for the last 7155 seconds, which is more than the red threshold (210 seconds). This typically occurs when indexing or forwarding are falling behind or are blocked." node_type=indicator node_path=splunkd.file_monitor_input.ingestion_latency.ingestion_latency_gap_multiplier
02-06-2024 05:49:41.080 +0000 INFO  PeriodicHealthReporter - feature="Large and Archive File Reader-0" color=green due_to_stanza="feature:batchreader" node_type=feature node_path=splunkd.file_monitor_input.large_and_archive_file_reader-0
02-06-2024 05:49:41.080 +0000 INFO  PeriodicHealthReporter - feature="Real-time Reader-0" color=red due_to_stanza="feature:tailreader" due_to_indicator="data_out_rate" node_type=feature node_path=splunkd.file_monitor_input.real-time_reader-0
02-06-2024 05:49:41.080 +0000 INFO  PeriodicHealthReporter - feature="Real-time Reader-0" color=red indicator="data_out_rate" due_to_threshold_value=2 measured_value=1439 reason="The monitor input cannot produce data because splunkd's processing queues are full.  This will be caused by inadequate indexing or forwarding rate, or a sudden burst of incoming data." node_type=indicator node_path=splunkd.file_monitor_input.real-time_reader-0.data_out_rate
02-06-2024 05:49:41.080 +0000 INFO  PeriodicHealthReporter - feature="Workload Management" color=green node_type=category node_path=splunkd.workload_management
02-06-2024 05:49:41.080 +0000 INFO  PeriodicHealthReporter - feature="Configuration Check" color=green due_to_stanza="feature:wlm_configuration_check" node_type=feature node_path=splunkd.workload_management.configuration_check
02-06-2024 05:49:41.080 +0000 INFO  PeriodicHealthReporter - feature="System Check" color=green due_to_stanza="feature:wlm_system_check" node_type=feature node_path=splunkd.workload_management.system_check
02-06-2024 06:19:41.080 +0000 INFO  PeriodicHealthReporter - product="splunkd" color=red due_to_sub_feature="File Monitor Input" node_type=product node_path=splunkd
02-06-2024 06:19:41.080 +0000 INFO  PeriodicHealthReporter - feature="File Monitor Input" color=red due_to_sub_feature="Ingestion Latency" due_to_sub_feature="Real-time Reader-0" node_type=category node_path=splunkd.file_monitor_input
02-06-2024 06:19:41.080 +0000 INFO  PeriodicHealthReporter - feature="Forwarder Ingestion Latency" color=green due_to_stanza="feature:ingestion_latency_reported" node_type=feature node_path=splunkd.file_monitor_input.forwarder_ingestion_latency
02-06-2024 06:19:41.080 +0000 INFO  PeriodicHealthReporter - feature="Ingestion Latency" color=red due_to_stanza="feature:ingestion_latency" due_to_indicator="ingestion_latency_gap_multiplier" node_type=feature node_path=splunkd.file_monitor_input.ingestion_latency
02-06-2024 06:19:41.080 +0000 INFO  PeriodicHealthReporter - feature="Ingestion Latency" color=red indicator="ingestion_latency_gap_multiplier" due_to_threshold_value=1 measured_value=8955 reason="Events from tracker.log have not been seen for the last 8955 seconds, which is more than the red threshold (210 seconds). This typically occurs when indexing or forwarding are falling behind or are blocked." node_type=indicator node_path=splunkd.file_monitor_input.ingestion_latency.ingestion_latency_gap_multiplier
02-06-2024 06:19:41.080 +0000 INFO  PeriodicHealthReporter - feature="Large and Archive File Reader-0" color=green due_to_stanza="feature:batchreader" node_type=feature node_path=splunkd.file_monitor_input.large_and_archive_file_reader-0
02-06-2024 06:19:41.080 +0000 INFO  PeriodicHealthReporter - feature="Real-time Reader-0" color=red due_to_stanza="feature:tailreader" due_to_indicator="data_out_rate" node_type=feature node_path=splunkd.file_monitor_input.real-time_reader-0
02-06-2024 06:19:41.080 +0000 INFO  PeriodicHealthReporter - feature="Real-time Reader-0" color=red indicator="data_out_rate" due_to_threshold_value=2 measured_value=1799 reason="The monitor input cannot produce data because splunkd's processing queues are full.  This will be caused by inadequate indexing or forwarding rate, or a sudden burst of incoming data." node_type=indicator node_path=splunkd.file_monitor_input.real-time_reader-0.data_out_rate
02-06-2024 06:19:41.080 +0000 INFO  PeriodicHealthReporter - feature="Workload Management" color=green node_type=category node_path=splunkd.workload_management
02-06-2024 06:19:41.080 +0000 INFO  PeriodicHealthReporter - feature="Configuration Check" color=green due_to_stanza="feature:wlm_configuration_check" node_type=feature node_path=splunkd.workload_management.configuration_check
02-06-2024 06:19:41.080 +0000 INFO  PeriodicHealthReporter - feature="System Check" color=green due_to_stanza="feature:wlm_system_check" node_type=feature node_path=splunkd.workload_management.system_check
02-06-2024 06:49:41.080 +0000 INFO  PeriodicHealthReporter - product="splunkd" color=red due_to_sub_feature="File Monitor Input" node_type=product node_path=splunkd
02-06-2024 06:49:41.080 +0000 INFO  PeriodicHealthReporter - feature="File Monitor Input" color=red due_to_sub_feature="Ingestion Latency" due_to_sub_feature="Real-time Reader-0" node_type=category node_path=splunkd.file_monitor_input
02-06-2024 06:49:41.080 +0000 INFO  PeriodicHealthReporter - feature="Forwarder Ingestion Latency" color=green due_to_stanza="feature:ingestion_latency_reported" node_type=feature node_path=splunkd.file_monitor_input.forwarder_ingestion_latency
02-06-2024 06:49:41.080 +0000 INFO  PeriodicHealthReporter - feature="Ingestion Latency" color=red due_to_stanza="feature:ingestion_latency" due_to_indicator="ingestion_latency_gap_multiplier" node_type=feature node_path=splunkd.file_monitor_input.ingestion_latency
02-06-2024 06:49:41.080 +0000 INFO  PeriodicHealthReporter - feature="Ingestion Latency" color=red indicator="ingestion_latency_gap_multiplier" due_to_threshold_value=1 measured_value=10755 reason="Events from tracker.log have not been seen for the last 10755 seconds, which is more than the red threshold (210 seconds). This typically occurs when indexing or forwarding are falling behind or are blocked." node_type=indicator node_path=splunkd.file_monitor_input.ingestion_latency.ingestion_latency_gap_multiplier
02-06-2024 06:49:41.080 +0000 INFO  PeriodicHealthReporter - feature="Large and Archive File Reader-0" color=green due_to_stanza="feature:batchreader" node_type=feature node_path=splunkd.file_monitor_input.large_and_archive_file_reader-0
02-06-2024 06:49:41.080 +0000 INFO  PeriodicHealthReporter - feature="Real-time Reader-0" color=red due_to_stanza="feature:tailreader" due_to_indicator="data_out_rate" node_type=feature node_path=splunkd.file_monitor_input.real-time_reader-0
02-06-2024 06:49:41.080 +0000 INFO  PeriodicHealthReporter - feature="Real-time Reader-0" color=red indicator="data_out_rate" due_to_threshold_value=2 measured_value=2159 reason="The monitor input cannot produce data because splunkd's processing queues are full.  This will be caused by inadequate indexing or forwarding rate, or a sudden burst of incoming data." node_type=indicator node_path=splunkd.file_monitor_input.real-time_reader-0.data_out_rate
02-06-2024 06:49:41.080 +0000 INFO  PeriodicHealthReporter - feature="Workload Management" color=green node_type=category node_path=splunkd.workload_management
02-06-2024 06:49:41.080 +0000 INFO  PeriodicHealthReporter - feature="Configuration Check" color=green due_to_stanza="feature:wlm_configuration_check" node_type=feature node_path=splunkd.workload_management.configuration_check
02-06-2024 06:49:41.080 +0000 INFO  PeriodicHealthReporter - feature="System Check" color=green due_to_stanza="feature:wlm_system_check" node_type=feature node_path=splunkd.workload_management.system_check
02-06-2024 07:19:41.080 +0000 INFO  PeriodicHealthReporter - product="splunkd" color=red due_to_sub_feature="File Monitor Input" node_type=product node_path=splunkd
02-06-2024 07:19:41.080 +0000 INFO  PeriodicHealthReporter - feature="File Monitor Input" color=red due_to_sub_feature="Ingestion Latency" due_to_sub_feature="Real-time Reader-0" node_type=category node_path=splunkd.file_monitor_input
02-06-2024 07:19:41.080 +0000 INFO  PeriodicHealthReporter - feature="Forwarder Ingestion Latency" color=green due_to_stanza="feature:ingestion_latency_reported" node_type=feature node_path=splunkd.file_monitor_input.forwarder_ingestion_latency
02-06-2024 07:19:41.080 +0000 INFO  PeriodicHealthReporter - feature="Ingestion Latency" color=red due_to_stanza="feature:ingestion_latency" due_to_indicator="ingestion_latency_gap_multiplier" node_type=feature node_path=splunkd.file_monitor_input.ingestion_latency
02-06-2024 07:19:41.080 +0000 INFO  PeriodicHealthReporter - feature="Ingestion Latency" color=red indicator="ingestion_latency_gap_multiplier" due_to_threshold_value=1 measured_value=12555 reason="Events from tracker.log have not been seen for the last 12555 seconds, which is more than the red threshold (210 seconds). This typically occurs when indexing or forwarding are falling behind or are blocked." node_type=indicator node_path=splunkd.file_monitor_input.ingestion_latency.ingestion_latency_gap_multiplier
02-06-2024 07:19:41.080 +0000 INFO  PeriodicHealthReporter - feature="Large and Archive File Reader-0" color=green due_to_stanza="feature:batchreader" node_type=feature node_path=splunkd.file_monitor_input.large_and_archive_file_reader-0
02-06-2024 07:19:41.080 +0000 INFO  PeriodicHealthReporter - feature="Real-time Reader-0" color=red due_to_stanza="feature:tailreader" due_to_indicator="data_out_rate" node_type=feature node_path=splunkd.file_monitor_input.real-time_reader-0
02-06-2024 07:19:41.080 +0000 INFO  PeriodicHealthReporter - feature="Real-time Reader-0" color=red indicator="data_out_rate" due_to_threshold_value=2 measured_value=2519 reason="The monitor input cannot produce data because splunkd's processing queues are full.  This will be caused by inadequate indexing or forwarding rate, or a sudden burst of incoming data." node_type=indicator node_path=splunkd.file_monitor_input.real-time_reader-0.data_out_rate
02-06-2024 07:19:41.080 +0000 INFO  PeriodicHealthReporter - feature="Workload Management" color=green node_type=category node_path=splunkd.workload_management
02-06-2024 07:19:41.080 +0000 INFO  PeriodicHealthReporter - feature="Configuration Check" color=green due_to_stanza="feature:wlm_configuration_check" node_type=feature node_path=splunkd.workload_management.configuration_check
02-06-2024 07:19:41.080 +0000 INFO  PeriodicHealthReporter - feature="System Check" color=green due_to_stanza="feature:wlm_system_check" node_type=feature node_path=splunkd.workload_management.system_check
02-06-2024 07:49:41.080 +0000 INFO  PeriodicHealthReporter - product="splunkd" color=red due_to_sub_feature="File Monitor Input" node_type=product node_path=splunkd
02-06-2024 07:49:41.080 +0000 INFO  PeriodicHealthReporter - feature="File Monitor Input" color=red due_to_sub_feature="Ingestion Latency" due_to_sub_feature="Real-time Reader-0" node_type=category node_path=splunkd.file_monitor_input
02-06-2024 07:49:41.080 +0000 INFO  PeriodicHealthReporter - feature="Forwarder Ingestion Latency" color=green due_to_stanza="feature:ingestion_latency_reported" node_type=feature node_path=splunkd.file_monitor_input.forwarder_ingestion_latency
02-06-2024 07:49:41.080 +0000 INFO  PeriodicHealthReporter - feature="Ingestion Latency" color=red due_to_stanza="feature:ingestion_latency" due_to_indicator="ingestion_latency_gap_multiplier" node_type=feature node_path=splunkd.file_monitor_input.ingestion_latency
02-06-2024 07:49:41.080 +0000 INFO  PeriodicHealthReporter - feature="Ingestion Latency" color=red indicator="ingestion_latency_gap_multiplier" due_to_threshold_value=1 measured_value=14355 reason="Events from tracker.log have not been seen for the last 14355 seconds, which is more than the red threshold (210 seconds). This typically occurs when indexing or forwarding are falling behind or are blocked." node_type=indicator node_path=splunkd.file_monitor_input.ingestion_latency.ingestion_latency_gap_multiplier
02-06-2024 07:49:41.080 +0000 INFO  PeriodicHealthReporter - feature="Large and Archive File Reader-0" color=green due_to_stanza="feature:batchreader" node_type=feature node_path=splunkd.file_monitor_input.large_and_archive_file_reader-0
02-06-2024 07:49:41.080 +0000 INFO  PeriodicHealthReporter - feature="Real-time Reader-0" color=red due_to_stanza="feature:tailreader" due_to_indicator="data_out_rate" node_type=feature node_path=splunkd.file_monitor_input.real-time_reader-0
02-06-2024 07:49:41.080 +0000 INFO  PeriodicHealthReporter - feature="Real-time Reader-0" color=red indicator="data_out_rate" due_to_threshold_value=2 measured_value=2879 reason="The monitor input cannot produce data because splunkd's processing queues are full.  This will be caused by inadequate indexing or forwarding rate, or a sudden burst of incoming data." node_type=indicator node_path=splunkd.file_monitor_input.real-time_reader-0.data_out_rate
02-06-2024 07:49:41.080 +0000 INFO  PeriodicHealthReporter - feature="Workload Management" color=green node_type=category node_path=splunkd.workload_management
02-06-2024 07:49:41.080 +0000 INFO  PeriodicHealthReporter - feature="Configuration Check" color=green due_to_stanza="feature:wlm_configuration_check" node_type=feature node_path=splunkd.workload_management.configuration_check
02-06-2024 07:49:41.080 +0000 INFO  PeriodicHealthReporter - feature="System Check" color=green due_to_stanza="feature:wlm_system_check" node_type=feature node_path=splunkd.workload_management.system_check
02-06-2024 08:19:41.079 +0000 INFO  PeriodicHealthReporter - product="splunkd" color=red due_to_sub_feature="File Monitor Input" node_type=product node_path=splunkd
02-06-2024 08:19:41.079 +0000 INFO  PeriodicHealthReporter - feature="File Monitor Input" color=red due_to_sub_feature="Ingestion Latency" due_to_sub_feature="Real-time Reader-0" node_type=category node_path=splunkd.file_monitor_input
02-06-2024 08:19:41.079 +0000 INFO  PeriodicHealthReporter - feature="Forwarder Ingestion Latency" color=green due_to_stanza="feature:ingestion_latency_reported" node_type=feature node_path=splunkd.file_monitor_input.forwarder_ingestion_latency
02-06-2024 08:19:41.079 +0000 INFO  PeriodicHealthReporter - feature="Ingestion Latency" color=red due_to_stanza="feature:ingestion_latency" due_to_indicator="ingestion_latency_gap_multiplier" node_type=feature node_path=splunkd.file_monitor_input.ingestion_latency
02-06-2024 08:19:41.079 +0000 INFO  PeriodicHealthReporter - feature="Ingestion Latency" color=red indicator="ingestion_latency_gap_multiplier" due_to_threshold_value=1 measured_value=16170 reason="Events from tracker.log have not been seen for the last 16170 seconds, which is more than the red threshold (210 seconds). This typically occurs when indexing or forwarding are falling behind or are blocked." node_type=indicator node_path=splunkd.file_monitor_input.ingestion_latency.ingestion_latency_gap_multiplier
02-06-2024 08:19:41.079 +0000 INFO  PeriodicHealthReporter - feature="Large and Archive File Reader-0" color=green due_to_stanza="feature:batchreader" node_type=feature node_path=splunkd.file_monitor_input.large_and_archive_file_reader-0
02-06-2024 08:19:41.079 +0000 INFO  PeriodicHealthReporter - feature="Real-time Reader-0" color=red due_to_stanza="feature:tailreader" due_to_indicator="data_out_rate" node_type=feature node_path=splunkd.file_monitor_input.real-time_reader-0
02-06-2024 08:19:41.079 +0000 INFO  PeriodicHealthReporter - feature="Real-time Reader-0" color=red indicator="data_out_rate" due_to_threshold_value=2 measured_value=3239 reason="The monitor input cannot produce data because splunkd's processing queues are full.  This will be caused by inadequate indexing or forwarding rate, or a sudden burst of incoming data." node_type=indicator node_path=splunkd.file_monitor_input.real-time_reader-0.data_out_rate
02-06-2024 08:19:41.079 +0000 INFO  PeriodicHealthReporter - feature="Workload Management" color=green node_type=category node_path=splunkd.workload_management
02-06-2024 08:19:41.079 +0000 INFO  PeriodicHealthReporter - feature="Configuration Check" color=green due_to_stanza="feature:wlm_configuration_check" node_type=feature node_path=splunkd.workload_management.configuration_check
02-06-2024 08:19:41.079 +0000 INFO  PeriodicHealthReporter - feature="System Check" color=green due_to_stanza="feature:wlm_system_check" node_type=feature node_path=splunkd.workload_management.system_check
02-06-2024 08:31:38.518 +0000 INFO  HealthChangeReporter - feature="Real-time Reader-0" indicator="data_out_rate" previous_color=red color=green measured_value=0
02-06-2024 08:31:51.069 +0000 INFO  HealthChangeReporter - feature="Real-time Reader-0" indicator="data_out_rate" previous_color=green color=yellow due_to_threshold_value=1 measured_value=1 reason="The monitor input cannot produce data because splunkd's processing queues are full.  This will be caused by inadequate indexing or forwarding rate, or a sudden burst of incoming data."
02-06-2024 08:31:56.069 +0000 INFO  HealthChangeReporter - feature="Real-time Reader-0" indicator="data_out_rate" previous_color=yellow color=red due_to_threshold_value=2 measured_value=2 reason="The monitor input cannot produce data because splunkd's processing queues are full.  This will be caused by inadequate indexing or forwarding rate, or a sudden burst of incoming data."
02-06-2024 08:33:15.666 +0000 INFO  HealthChangeReporter - feature="Ingestion Latency" indicator="ingestion_latency_gap_multiplier" previous_color=green color=yellow due_to_threshold_value=1 measured_value=90 reason="Events from tracker.log have not been seen for the last 90 seconds, which is more than the yellow threshold (45 seconds). This typically occurs when indexing or forwarding are falling behind or are blocked."
02-06-2024 08:35:30.665 +0000 INFO  HealthChangeReporter - feature="Ingestion Latency" indicator="ingestion_latency_gap_multiplier" previous_color=yellow color=red due_to_threshold_value=1 measured_value=225 reason="Events from tracker.log have not been seen for the last 225 seconds, which is more than the red threshold (210 seconds). This typically occurs when indexing or forwarding are falling behind or are blocked."
02-06-2024 08:43:50.060 +0000 INFO  HealthChangeReporter - feature="Real-time Reader-0" indicator="data_out_rate" previous_color=red color=green measured_value=0
02-06-2024 08:45:20.737 +0000 INFO  HealthChangeReporter - feature="Ingestion Latency" indicator="ingestion_latency_lag_sec" previous_color=green color=yellow due_to_threshold_value=15 measured_value=56 reason="Events from tracker.log are delayed for 56 seconds, which is more than the yellow threshold (15 seconds). This typically occurs when indexing or forwarding are falling behind or are blocked."
02-06-2024 08:45:25.028 +0000 INFO  HealthChangeReporter - feature="Ingestion Latency" indicator="ingestion_latency_lag_sec" previous_color=yellow color=green measured_value=1
02-06-2024 09:32:52.468 +0000 INFO  PeriodicHealthReporter - product="splunkd" color=green node_type=product node_path=splunkd
02-06-2024 09:32:52.468 +0000 INFO  PeriodicHealthReporter - feature="Data Forwarding" color=green node_type=category node_path=splunkd.data_forwarding
02-06-2024 09:32:52.468 +0000 INFO  PeriodicHealthReporter - feature="Splunk-2-Splunk Forwarding" color=green node_type=category node_path=splunkd.data_forwarding.splunk-2-splunk_forwarding
02-06-2024 09:32:52.468 +0000 INFO  PeriodicHealthReporter - feature="TCPOutAutoLB-0" color=green due_to_stanza="feature:s2s_autolb" node_type=feature node_path=splunkd.data_forwarding.splunk-2-splunk_forwarding.tcpoutautolb-0
02-06-2024 09:32:52.468 +0000 INFO  PeriodicHealthReporter - feature="File Monitor Input" color=green node_type=category node_path=splunkd.file_monitor_input
02-06-2024 09:32:52.468 +0000 INFO  PeriodicHealthReporter - feature="Forwarder Ingestion Latency" color=green due_to_stanza="feature:ingestion_latency_reported" node_type=feature node_path=splunkd.file_monitor_input.forwarder_ingestion_latency
02-06-2024 09:32:52.468 +0000 INFO  PeriodicHealthReporter - feature="Ingestion Latency" color=green due_to_stanza="feature:ingestion_latency" node_type=feature node_path=splunkd.file_monitor_input.ingestion_latency
02-06-2024 09:32:52.468 +0000 INFO  PeriodicHealthReporter - feature="Large and Archive File Reader-0" color=green due_to_stanza="feature:batchreader" node_type=feature node_path=splunkd.file_monitor_input.large_and_archive_file_reader-0
02-06-2024 09:32:52.468 +0000 INFO  PeriodicHealthReporter - feature="Real-time Reader-0" color=green due_to_stanza="feature:tailreader" node_type=feature node_path=splunkd.file_monitor_input.real-time_reader-0
02-06-2024 09:32:52.468 +0000 INFO  PeriodicHealthReporter - feature="Workload Management" color=green node_type=category node_path=splunkd.workload_management
02-06-2024 09:32:52.468 +0000 INFO  PeriodicHealthReporter - feature="Configuration Check" color=green due_to_stanza="feature:wlm_configuration_check" node_type=feature node_path=splunkd.workload_management.configuration_check
02-06-2024 09:32:52.468 +0000 INFO  PeriodicHealthReporter - feature="System Check" color=green due_to_stanza="feature:wlm_system_check" node_type=feature node_path=splunkd.workload_management.system_check
02-06-2024 10:02:52.467 +0000 INFO  PeriodicHealthReporter - product="splunkd" color=green node_type=product node_path=splunkd
02-06-2024 10:02:52.467 +0000 INFO  PeriodicHealthReporter - feature="Data Forwarding" color=green node_type=category node_path=splunkd.data_forwarding
02-06-2024 10:02:52.467 +0000 INFO  PeriodicHealthReporter - feature="Splunk-2-Splunk Forwarding" color=green node_type=category node_path=splunkd.data_forwarding.splunk-2-splunk_forwarding
02-06-2024 10:02:52.467 +0000 INFO  PeriodicHealthReporter - feature="TCPOutAutoLB-0" color=green due_to_stanza="feature:s2s_autolb" node_type=feature node_path=splunkd.data_forwarding.splunk-2-splunk_forwarding.tcpoutautolb-0
02-06-2024 10:02:52.467 +0000 INFO  PeriodicHealthReporter - feature="File Monitor Input" color=green node_type=category node_path=splunkd.file_monitor_input
02-06-2024 10:02:52.467 +0000 INFO  PeriodicHealthReporter - feature="Forwarder Ingestion Latency" color=green due_to_stanza="feature:ingestion_latency_reported" node_type=feature node_path=splunkd.file_monitor_input.forwarder_ingestion_latency
02-06-2024 10:02:52.467 +0000 INFO  PeriodicHealthReporter - feature="Ingestion Latency" color=green due_to_stanza="feature:ingestion_latency" node_type=feature node_path=splunkd.file_monitor_input.ingestion_latency
02-06-2024 10:02:52.467 +0000 INFO  PeriodicHealthReporter - feature="Large and Archive File Reader-0" color=green due_to_stanza="feature:batchreader" node_type=feature node_path=splunkd.file_monitor_input.large_and_archive_file_reader-0
02-06-2024 10:02:52.467 +0000 INFO  PeriodicHealthReporter - feature="Real-time Reader-0" color=green due_to_stanza="feature:tailreader" node_type=feature node_path=splunkd.file_monitor_input.real-time_reader-0
02-06-2024 10:02:52.467 +0000 INFO  PeriodicHealthReporter - feature="Workload Management" color=green node_type=category node_path=splunkd.workload_management
02-06-2024 10:02:52.467 +0000 INFO  PeriodicHealthReporter - feature="Configuration Check" color=green due_to_stanza="feature:wlm_configuration_check" node_type=feature node_path=splunkd.workload_management.configuration_check
02-06-2024 10:02:52.467 +0000 INFO  PeriodicHealthReporter - feature="System Check" color=green due_to_stanza="feature:wlm_system_check" node_type=feature node_path=splunkd.workload_management.system_check
02-06-2024 10:32:52.467 +0000 INFO  PeriodicHealthReporter - product="splunkd" color=green node_type=product node_path=splunkd
02-06-2024 10:32:52.467 +0000 INFO  PeriodicHealthReporter - feature="Data Forwarding" color=green node_type=category node_path=splunkd.data_forwarding
02-06-2024 10:32:52.467 +0000 INFO  PeriodicHealthReporter - feature="Splunk-2-Splunk Forwarding" color=green node_type=category node_path=splunkd.data_forwarding.splunk-2-splunk_forwarding
02-06-2024 10:32:52.467 +0000 INFO  PeriodicHealthReporter - feature="TCPOutAutoLB-0" color=green due_to_stanza="feature:s2s_autolb" node_type=feature node_path=splunkd.data_forwarding.splunk-2-splunk_forwarding.tcpoutautolb-0
02-06-2024 10:32:52.467 +0000 INFO  PeriodicHealthReporter - feature="File Monitor Input" color=green node_type=category node_path=splunkd.file_monitor_input
02-06-2024 10:32:52.467 +0000 INFO  PeriodicHealthReporter - feature="Forwarder Ingestion Latency" color=green due_to_stanza="feature:ingestion_latency_reported" node_type=feature node_path=splunkd.file_monitor_input.forwarder_ingestion_latency
02-06-2024 10:32:52.467 +0000 INFO  PeriodicHealthReporter - feature="Ingestion Latency" color=green due_to_stanza="feature:ingestion_latency" node_type=feature node_path=splunkd.file_monitor_input.ingestion_latency
02-06-2024 10:32:52.467 +0000 INFO  PeriodicHealthReporter - feature="Large and Archive File Reader-0" color=green due_to_stanza="feature:batchreader" node_type=feature node_path=splunkd.file_monitor_input.large_and_archive_file_reader-0
02-06-2024 10:32:52.467 +0000 INFO  PeriodicHealthReporter - feature="Real-time Reader-0" color=green due_to_stanza="feature:tailreader" node_type=feature node_path=splunkd.file_monitor_input.real-time_reader-0
02-06-2024 10:32:52.467 +0000 INFO  PeriodicHealthReporter - feature="Workload Management" color=green node_type=category node_path=splunkd.workload_management
02-06-2024 10:32:52.467 +0000 INFO  PeriodicHealthReporter - feature="Configuration Check" color=green due_to_stanza="feature:wlm_configuration_check" node_type=feature node_path=splunkd.workload_management.configuration_check
02-06-2024 10:32:52.467 +0000 INFO  PeriodicHealthReporter - feature="System Check" color=green due_to_stanza="feature:wlm_system_check" node_type=feature node_path=splunkd.workload_management.system_check
02-06-2024 10:35:01.147 +0000 INFO  HealthChangeReporter - feature="TCPOutAutoLB-0" indicator="s2s_connections" previous_color=green color=yellow due_to_threshold_value=20 measured_value=33 reason="More than 20% of forwarding destinations have failed.  Ensure your hosts and ports in outputs.conf are correct.  Also ensure that the indexers are all running, and that any SSL certificates being used for forwarding are correct."
02-06-2024 10:35:01.447 +0000 INFO  HealthChangeReporter - feature="TCPOutAutoLB-0" indicator="s2s_connections" previous_color=yellow color=red due_to_threshold_value=70 measured_value=100 suppressed_changes=2 reason="More than 70% of forwarding destinations have failed.  Ensure your hosts and ports in outputs.conf are correct.  Also ensure that the indexers are all running, and that any SSL certificates being used for forwarding are correct."
02-06-2024 10:39:32.883 +0000 INFO  HealthChangeReporter - feature="TCPOutAutoLB-0" indicator="s2s_connections" previous_color=red color=yellow due_to_threshold_value=20 measured_value=66 reason="More than 20% of forwarding destinations have failed.  Ensure your hosts and ports in outputs.conf are correct.  Also ensure that the indexers are all running, and that any SSL certificates being used for forwarding are correct."
02-06-2024 10:40:00.749 +0000 INFO  HealthChangeReporter - feature="TCPOutAutoLB-0" indicator="s2s_connections" previous_color=yellow color=green measured_value=0
02-06-2024 10:43:06.439 +0000 INFO  HealthChangeReporter - feature="TCPOutAutoLB-0" indicator="s2s_connections" previous_color=green color=yellow due_to_threshold_value=20 measured_value=33 reason="More than 20% of forwarding destinations have failed.  Ensure your hosts and ports in outputs.conf are correct.  Also ensure that the indexers are all running, and that any SSL certificates being used for forwarding are correct."
02-06-2024 10:43:06.682 +0000 INFO  HealthChangeReporter - feature="TCPOutAutoLB-0" indicator="s2s_connections" previous_color=yellow color=red due_to_threshold_value=70 measured_value=100 suppressed_changes=3 reason="More than 70% of forwarding destinations have failed.  Ensure your hosts and ports in outputs.conf are correct.  Also ensure that the indexers are all running, and that any SSL certificates being used for forwarding are correct."
02-06-2024 10:52:30.230 +0000 INFO  HealthChangeReporter - feature="TCPOutAutoLB-0" indicator="s2s_connections" previous_color=red color=yellow due_to_threshold_value=20 measured_value=66 reason="More than 20% of forwarding destinations have failed.  Ensure your hosts and ports in outputs.conf are correct.  Also ensure that the indexers are all running, and that any SSL certificates being used for forwarding are correct."
02-06-2024 10:53:30.065 +0000 INFO  HealthChangeReporter - feature="TCPOutAutoLB-0" indicator="s2s_connections" previous_color=yellow color=green measured_value=0
02-06-2024 11:00:28.562 +0000 INFO  HealthChangeReporter - feature="TCPOutAutoLB-0" indicator="s2s_connections" previous_color=green color=yellow due_to_threshold_value=20 measured_value=33 reason="More than 20% of forwarding destinations have failed.  Ensure your hosts and ports in outputs.conf are correct.  Also ensure that the indexers are all running, and that any SSL certificates being used for forwarding are correct."
02-06-2024 11:00:44.195 +0000 INFO  HealthChangeReporter - feature="TCPOutAutoLB-0" indicator="s2s_connections" previous_color=yellow color=green measured_value=0
02-06-2024 11:01:03.405 +0000 INFO  HealthChangeReporter - feature="TCPOutAutoLB-0" indicator="s2s_connections" previous_color=green color=yellow due_to_threshold_value=20 measured_value=33 reason="More than 20% of forwarding destinations have failed.  Ensure your hosts and ports in outputs.conf are correct.  Also ensure that the indexers are all running, and that any SSL certificates being used for forwarding are correct."
02-06-2024 11:01:58.282 +0000 INFO  HealthChangeReporter - feature="TCPOutAutoLB-0" indicator="s2s_connections" previous_color=yellow color=green measured_value=0
02-06-2024 11:02:52.466 +0000 INFO  PeriodicHealthReporter - product="splunkd" color=green node_type=product node_path=splunkd
02-06-2024 11:02:52.467 +0000 INFO  PeriodicHealthReporter - feature="Data Forwarding" color=green node_type=category node_path=splunkd.data_forwarding
02-06-2024 11:02:52.467 +0000 INFO  PeriodicHealthReporter - feature="Splunk-2-Splunk Forwarding" color=green node_type=category node_path=splunkd.data_forwarding.splunk-2-splunk_forwarding
02-06-2024 11:02:52.467 +0000 INFO  PeriodicHealthReporter - feature="TCPOutAutoLB-0" color=green due_to_stanza="feature:s2s_autolb" node_type=feature node_path=splunkd.data_forwarding.splunk-2-splunk_forwarding.tcpoutautolb-0
02-06-2024 11:02:52.467 +0000 INFO  PeriodicHealthReporter - feature="File Monitor Input" color=green node_type=category node_path=splunkd.file_monitor_input
02-06-2024 11:02:52.467 +0000 INFO  PeriodicHealthReporter - feature="Forwarder Ingestion Latency" color=green due_to_stanza="feature:ingestion_latency_reported" node_type=feature node_path=splunkd.file_monitor_input.forwarder_ingestion_latency
02-06-2024 11:02:52.467 +0000 INFO  PeriodicHealthReporter - feature="Ingestion Latency" color=green due_to_stanza="feature:ingestion_latency" node_type=feature node_path=splunkd.file_monitor_input.ingestion_latency
02-06-2024 11:02:52.467 +0000 INFO  PeriodicHealthReporter - feature="Large and Archive File Reader-0" color=green due_to_stanza="feature:batchreader" node_type=feature node_path=splunkd.file_monitor_input.large_and_archive_file_reader-0
02-06-2024 11:02:52.467 +0000 INFO  PeriodicHealthReporter - feature="Real-time Reader-0" color=green due_to_stanza="feature:tailreader" node_type=feature node_path=splunkd.file_monitor_input.real-time_reader-0
02-06-2024 11:02:52.467 +0000 INFO  PeriodicHealthReporter - feature="Workload Management" color=green node_type=category node_path=splunkd.workload_management
02-06-2024 11:02:52.467 +0000 INFO  PeriodicHealthReporter - feature="Configuration Check" color=green due_to_stanza="feature:wlm_configuration_check" node_type=feature node_path=splunkd.workload_management.configuration_check
02-06-2024 11:02:52.467 +0000 INFO  PeriodicHealthReporter - feature="System Check" color=green due_to_stanza="feature:wlm_system_check" node_type=feature node_path=splunkd.workload_management.system_check
02-06-2024 11:33:18.608 +0000 INFO  HealthChangeReporter - feature="Ingestion Latency" indicator="ingestion_latency_lag_sec" previous_color=green color=yellow due_to_threshold_value=15 measured_value=42 reason="Events from tracker.log are delayed for 42 seconds, which is more than the yellow threshold (15 seconds). This typically occurs when indexing or forwarding are falling behind or are blocked."
02-06-2024 12:03:38.728 +0000 INFO  PeriodicHealthReporter - product="splunkd" color=green node_type=product node_path=splunkd
02-06-2024 12:03:38.728 +0000 INFO  PeriodicHealthReporter - feature="Data Forwarding" color=green node_type=category node_path=splunkd.data_forwarding
02-06-2024 12:03:38.728 +0000 INFO  PeriodicHealthReporter - feature="Splunk-2-Splunk Forwarding" color=green node_type=category node_path=splunkd.data_forwarding.splunk-2-splunk_forwarding
02-06-2024 12:03:38.728 +0000 INFO  PeriodicHealthReporter - feature="TCPOutAutoLB-0" color=green due_to_stanza="feature:s2s_autolb" node_type=feature node_path=splunkd.data_forwarding.splunk-2-splunk_forwarding.tcpoutautolb-0
02-06-2024 12:03:38.728 +0000 INFO  PeriodicHealthReporter - feature="File Monitor Input" color=green node_type=category node_path=splunkd.file_monitor_input
02-06-2024 12:03:38.728 +0000 INFO  PeriodicHealthReporter - feature="Forwarder Ingestion Latency" color=green due_to_stanza="feature:ingestion_latency_reported" node_type=feature node_path=splunkd.file_monitor_input.forwarder_ingestion_latency
02-06-2024 12:03:38.728 +0000 INFO  PeriodicHealthReporter - feature="Ingestion Latency" color=green due_to_stanza="feature:ingestion_latency" node_type=feature node_path=splunkd.file_monitor_input.ingestion_latency
02-06-2024 12:03:38.728 +0000 INFO  PeriodicHealthReporter - feature="Large and Archive File Reader-0" color=green due_to_stanza="feature:batchreader" node_type=feature node_path=splunkd.file_monitor_input.large_and_archive_file_reader-0
02-06-2024 12:03:38.728 +0000 INFO  PeriodicHealthReporter - feature="Real-time Reader-0" color=green due_to_stanza="feature:tailreader" node_type=feature node_path=splunkd.file_monitor_input.real-time_reader-0
02-06-2024 12:03:38.728 +0000 INFO  PeriodicHealthReporter - feature="Workload Management" color=green node_type=category node_path=splunkd.workload_management
02-06-2024 12:03:38.728 +0000 INFO  PeriodicHealthReporter - feature="Configuration Check" color=green due_to_stanza="feature:wlm_configuration_check" node_type=feature node_path=splunkd.workload_management.configuration_check
02-06-2024 12:03:38.728 +0000 INFO  PeriodicHealthReporter - feature="System Check" color=green due_to_stanza="feature:wlm_system_check" node_type=feature node_path=splunkd.workload_management.system_check
02-06-2024 12:33:38.728 +0000 INFO  PeriodicHealthReporter - product="splunkd" color=green node_type=product node_path=splunkd
02-06-2024 12:33:38.728 +0000 INFO  PeriodicHealthReporter - feature="Data Forwarding" color=green node_type=category node_path=splunkd.data_forwarding
02-06-2024 12:33:38.728 +0000 INFO  PeriodicHealthReporter - feature="Splunk-2-Splunk Forwarding" color=green node_type=category node_path=splunkd.data_forwarding.splunk-2-splunk_forwarding
02-06-2024 12:33:38.728 +0000 INFO  PeriodicHealthReporter - feature="TCPOutAutoLB-0" color=green due_to_stanza="feature:s2s_autolb" node_type=feature node_path=splunkd.data_forwarding.splunk-2-splunk_forwarding.tcpoutautolb-0
02-06-2024 12:33:38.728 +0000 INFO  PeriodicHealthReporter - feature="File Monitor Input" color=green node_type=category node_path=splunkd.file_monitor_input
02-06-2024 12:33:38.728 +0000 INFO  PeriodicHealthReporter - feature="Forwarder Ingestion Latency" color=green due_to_stanza="feature:ingestion_latency_reported" node_type=feature node_path=splunkd.file_monitor_input.forwarder_ingestion_latency
02-06-2024 12:33:38.728 +0000 INFO  PeriodicHealthReporter - feature="Ingestion Latency" color=green due_to_stanza="feature:ingestion_latency" node_type=feature node_path=splunkd.file_monitor_input.ingestion_latency
02-06-2024 12:33:38.728 +0000 INFO  PeriodicHealthReporter - feature="Large and Archive File Reader-0" color=green due_to_stanza="feature:batchreader" node_type=feature node_path=splunkd.file_monitor_input.large_and_archive_file_reader-0
02-06-2024 12:33:38.728 +0000 INFO  PeriodicHealthReporter - feature="Real-time Reader-0" color=green due_to_stanza="feature:tailreader" node_type=feature node_path=splunkd.file_monitor_input.real-time_reader-0
02-06-2024 12:33:38.728 +0000 INFO  PeriodicHealthReporter - feature="Workload Management" color=green node_type=category node_path=splunkd.workload_management
02-06-2024 12:33:38.728 +0000 INFO  PeriodicHealthReporter - feature="Configuration Check" color=green due_to_stanza="feature:wlm_configuration_check" node_type=feature node_path=splunkd.workload_management.configuration_check
02-06-2024 12:33:38.728 +0000 INFO  PeriodicHealthReporter - feature="System Check" color=green due_to_stanza="feature:wlm_system_check" node_type=feature node_path=splunkd.workload_management.system_check
02-06-2024 12:50:15.677 +0000 INFO  HealthChangeReporter - feature="Ingestion Latency" indicator="ingestion_latency_gap_multiplier" previous_color=green color=yellow due_to_threshold_value=1 measured_value=90 reason="Events from tracker.log have not been seen for the last 90 seconds, which is more than the yellow threshold (45 seconds). This typically occurs when indexing or forwarding are falling behind or are blocked."
02-06-2024 12:50:15.877 +0000 INFO  HealthChangeReporter - feature="Ingestion Latency" indicator="ingestion_latency_gap_multiplier" previous_color=yellow color=green measured_value=0 suppressed_changes=1
02-06-2024 13:02:13.013 +0000 INFO  HealthChangeReporter - feature="TCPOutAutoLB-0" indicator="s2s_connections" previous_color=green color=yellow due_to_threshold_value=20 measured_value=33 reason="More than 20% of forwarding destinations have failed.  Ensure your hosts and ports in outputs.conf are correct.  Also ensure that the indexers are all running, and that any SSL certificates being used for forwarding are correct."
02-06-2024 13:03:42.697 +0000 INFO  HealthChangeReporter - feature="TCPOutAutoLB-0" indicator="s2s_connections" previous_color=yellow color=green measured_value=0
02-06-2024 13:18:45.249 +0000 INFO  PeriodicHealthReporter - product="splunkd" color=green node_type=product node_path=splunkd
02-06-2024 13:18:45.249 +0000 INFO  PeriodicHealthReporter - feature="Data Forwarding" color=green node_type=category node_path=splunkd.data_forwarding
02-06-2024 13:18:45.249 +0000 INFO  PeriodicHealthReporter - feature="Splunk-2-Splunk Forwarding" color=green node_type=category node_path=splunkd.data_forwarding.splunk-2-splunk_forwarding
02-06-2024 13:18:45.249 +0000 INFO  PeriodicHealthReporter - feature="TCPOutAutoLB-0" color=green due_to_stanza="feature:s2s_autolb" node_type=feature node_path=splunkd.data_forwarding.splunk-2-splunk_forwarding.tcpoutautolb-0
02-06-2024 13:18:45.249 +0000 INFO  PeriodicHealthReporter - feature="File Monitor Input" color=green node_type=category node_path=splunkd.file_monitor_input
02-06-2024 13:18:45.249 +0000 INFO  PeriodicHealthReporter - feature="Forwarder Ingestion Latency" color=green due_to_stanza="feature:ingestion_latency_reported" node_type=feature node_path=splunkd.file_monitor_input.forwarder_ingestion_latency
02-06-2024 13:18:45.249 +0000 INFO  PeriodicHealthReporter - feature="Ingestion Latency" color=green due_to_stanza="feature:ingestion_latency" node_type=feature node_path=splunkd.file_monitor_input.ingestion_latency
02-06-2024 13:18:45.249 +0000 INFO  PeriodicHealthReporter - feature="Large and Archive File Reader-0" color=green due_to_stanza="feature:batchreader" node_type=feature node_path=splunkd.file_monitor_input.large_and_archive_file_reader-0
02-06-2024 13:18:45.249 +0000 INFO  PeriodicHealthReporter - feature="Real-time Reader-0" color=green due_to_stanza="feature:tailreader" node_type=feature node_path=splunkd.file_monitor_input.real-time_reader-0
02-06-2024 13:18:45.249 +0000 INFO  PeriodicHealthReporter - feature="Workload Management" color=green node_type=category node_path=splunkd.workload_management
02-06-2024 13:18:45.249 +0000 INFO  PeriodicHealthReporter - feature="Configuration Check" color=green due_to_stanza="feature:wlm_configuration_check" node_type=feature node_path=splunkd.workload_management.configuration_check
02-06-2024 13:18:45.249 +0000 INFO  PeriodicHealthReporter - feature="System Check" color=green due_to_stanza="feature:wlm_system_check" node_type=feature node_path=splunkd.workload_management.system_check
02-06-2024 13:48:45.249 +0000 INFO  PeriodicHealthReporter - product="splunkd" color=green node_type=product node_path=splunkd
02-06-2024 13:48:45.249 +0000 INFO  PeriodicHealthReporter - feature="Data Forwarding" color=green node_type=category node_path=splunkd.data_forwarding
02-06-2024 13:48:45.249 +0000 INFO  PeriodicHealthReporter - feature="Splunk-2-Splunk Forwarding" color=green node_type=category node_path=splunkd.data_forwarding.splunk-2-splunk_forwarding
02-06-2024 13:48:45.249 +0000 INFO  PeriodicHealthReporter - feature="TCPOutAutoLB-0" color=green due_to_stanza="feature:s2s_autolb" node_type=feature node_path=splunkd.data_forwarding.splunk-2-splunk_forwarding.tcpoutautolb-0
02-06-2024 13:48:45.249 +0000 INFO  PeriodicHealthReporter - feature="File Monitor Input" color=green node_type=category node_path=splunkd.file_monitor_input
02-06-2024 13:48:45.249 +0000 INFO  PeriodicHealthReporter - feature="Forwarder Ingestion Latency" color=green due_to_stanza="feature:ingestion_latency_reported" node_type=feature node_path=splunkd.file_monitor_input.forwarder_ingestion_latency
02-06-2024 13:48:45.249 +0000 INFO  PeriodicHealthReporter - feature="Ingestion Latency" color=green due_to_stanza="feature:ingestion_latency" node_type=feature node_path=splunkd.file_monitor_input.ingestion_latency
02-06-2024 13:48:45.249 +0000 INFO  PeriodicHealthReporter - feature="Large and Archive File Reader-0" color=green due_to_stanza="feature:batchreader" node_type=feature node_path=splunkd.file_monitor_input.large_and_archive_file_reader-0
02-06-2024 13:48:45.249 +0000 INFO  PeriodicHealthReporter - feature="Real-time Reader-0" color=green due_to_stanza="feature:tailreader" node_type=feature node_path=splunkd.file_monitor_input.real-time_reader-0
02-06-2024 13:48:45.249 +0000 INFO  PeriodicHealthReporter - feature="Workload Management" color=green node_type=category node_path=splunkd.workload_management
02-06-2024 13:48:45.249 +0000 INFO  PeriodicHealthReporter - feature="Configuration Check" color=green due_to_stanza="feature:wlm_configuration_check" node_type=feature node_path=splunkd.workload_management.configuration_check
02-06-2024 13:48:45.249 +0000 INFO  PeriodicHealthReporter - feature="System Check" color=green due_to_stanza="feature:wlm_system_check" node_type=feature node_path=splunkd.workload_management.system_check
02-06-2024 14:18:45.248 +0000 INFO  PeriodicHealthReporter - product="splunkd" color=green node_type=product node_path=splunkd
02-06-2024 14:18:45.249 +0000 INFO  PeriodicHealthReporter - feature="Data Forwarding" color=green node_type=category node_path=splunkd.data_forwarding
02-06-2024 14:18:45.249 +0000 INFO  PeriodicHealthReporter - feature="Splunk-2-Splunk Forwarding" color=green node_type=category node_path=splunkd.data_forwarding.splunk-2-splunk_forwarding
02-06-2024 14:18:45.249 +0000 INFO  PeriodicHealthReporter - feature="TCPOutAutoLB-0" color=green due_to_stanza="feature:s2s_autolb" node_type=feature node_path=splunkd.data_forwarding.splunk-2-splunk_forwarding.tcpoutautolb-0
02-06-2024 14:18:45.249 +0000 INFO  PeriodicHealthReporter - feature="File Monitor Input" color=green node_type=category node_path=splunkd.file_monitor_input
02-06-2024 14:18:45.249 +0000 INFO  PeriodicHealthReporter - feature="Forwarder Ingestion Latency" color=green due_to_stanza="feature:ingestion_latency_reported" node_type=feature node_path=splunkd.file_monitor_input.forwarder_ingestion_latency
02-06-2024 14:18:45.249 +0000 INFO  PeriodicHealthReporter - feature="Ingestion Latency" color=green due_to_stanza="feature:ingestion_latency" node_type=feature node_path=splunkd.file_monitor_input.ingestion_latency
02-06-2024 14:18:45.249 +0000 INFO  PeriodicHealthReporter - feature="Large and Archive File Reader-0" color=green due_to_stanza="feature:batchreader" node_type=feature node_path=splunkd.file_monitor_input.large_and_archive_file_reader-0
02-06-2024 14:18:45.249 +0000 INFO  PeriodicHealthReporter - feature="Real-time Reader-0" color=green due_to_stanza="feature:tailreader" node_type=feature node_path=splunkd.file_monitor_input.real-time_reader-0
02-06-2024 14:18:45.249 +0000 INFO  PeriodicHealthReporter - feature="Workload Management" color=green node_type=category node_path=splunkd.workload_management
02-06-2024 14:18:45.249 +0000 INFO  PeriodicHealthReporter - feature="Configuration Check" color=green due_to_stanza="feature:wlm_configuration_check" node_type=feature node_path=splunkd.workload_management.configuration_check
02-06-2024 14:18:45.249 +0000 INFO  PeriodicHealthReporter - feature="System Check" color=green due_to_stanza="feature:wlm_system_check" node_type=feature node_path=splunkd.workload_management.system_check
02-06-2024 14:48:45.249 +0000 INFO  PeriodicHealthReporter - product="splunkd" color=green node_type=product node_path=splunkd
02-06-2024 14:48:45.249 +0000 INFO  PeriodicHealthReporter - feature="Data Forwarding" color=green node_type=category node_path=splunkd.data_forwarding
02-06-2024 14:48:45.249 +0000 INFO  PeriodicHealthReporter - feature="Splunk-2-Splunk Forwarding" color=green node_type=category node_path=splunkd.data_forwarding.splunk-2-splunk_forwarding
02-06-2024 14:48:45.249 +0000 INFO  PeriodicHealthReporter - feature="TCPOutAutoLB-0" color=green due_to_stanza="feature:s2s_autolb" node_type=feature node_path=splunkd.data_forwarding.splunk-2-splunk_forwarding.tcpoutautolb-0
02-06-2024 14:48:45.249 +0000 INFO  PeriodicHealthReporter - feature="File Monitor Input" color=green node_type=category node_path=splunkd.file_monitor_input
02-06-2024 14:48:45.249 +0000 INFO  PeriodicHealthReporter - feature="Forwarder Ingestion Latency" color=green due_to_stanza="feature:ingestion_latency_reported" node_type=feature node_path=splunkd.file_monitor_input.forwarder_ingestion_latency
02-06-2024 14:48:45.249 +0000 INFO  PeriodicHealthReporter - feature="Ingestion Latency" color=green due_to_stanza="feature:ingestion_latency" node_type=feature node_path=splunkd.file_monitor_input.ingestion_latency
02-06-2024 14:48:45.249 +0000 INFO  PeriodicHealthReporter - feature="Large and Archive File Reader-0" color=green due_to_stanza="feature:batchreader" node_type=feature node_path=splunkd.file_monitor_input.large_and_archive_file_reader-0
02-06-2024 14:48:45.249 +0000 INFO  PeriodicHealthReporter - feature="Real-time Reader-0" color=green due_to_stanza="feature:tailreader" node_type=feature node_path=splunkd.file_monitor_input.real-time_reader-0
02-06-2024 14:48:45.249 +0000 INFO  PeriodicHealthReporter - feature="Workload Management" color=green node_type=category node_path=splunkd.workload_management
02-06-2024 14:48:45.249 +0000 INFO  PeriodicHealthReporter - feature="Configuration Check" color=green due_to_stanza="feature:wlm_configuration_check" node_type=feature node_path=splunkd.workload_management.configuration_check
02-06-2024 14:48:45.249 +0000 INFO  PeriodicHealthReporter - feature="System Check" color=green due_to_stanza="feature:wlm_system_check" node_type=feature node_path=splunkd.workload_management.system_check
02-06-2024 15:18:45.245 +0000 INFO  PeriodicHealthReporter - product="splunkd" color=green node_type=product node_path=splunkd
02-06-2024 15:18:45.245 +0000 INFO  PeriodicHealthReporter - feature="Data Forwarding" color=green node_type=category node_path=splunkd.data_forwarding
02-06-2024 15:18:45.245 +0000 INFO  PeriodicHealthReporter - feature="Splunk-2-Splunk Forwarding" color=green node_type=category node_path=splunkd.data_forwarding.splunk-2-splunk_forwarding
02-06-2024 15:18:45.245 +0000 INFO  PeriodicHealthReporter - feature="TCPOutAutoLB-0" color=green due_to_stanza="feature:s2s_autolb" node_type=feature node_path=splunkd.data_forwarding.splunk-2-splunk_forwarding.tcpoutautolb-0
02-06-2024 15:18:45.245 +0000 INFO  PeriodicHealthReporter - feature="File Monitor Input" color=green node_type=category node_path=splunkd.file_monitor_input
02-06-2024 15:18:45.245 +0000 INFO  PeriodicHealthReporter - feature="Forwarder Ingestion Latency" color=green due_to_stanza="feature:ingestion_latency_reported" node_type=feature node_path=splunkd.file_monitor_input.forwarder_ingestion_latency
02-06-2024 15:18:45.245 +0000 INFO  PeriodicHealthReporter - feature="Ingestion Latency" color=green due_to_stanza="feature:ingestion_latency" node_type=feature node_path=splunkd.file_monitor_input.ingestion_latency
02-06-2024 15:18:45.245 +0000 INFO  PeriodicHealthReporter - feature="Large and Archive File Reader-0" color=green due_to_stanza="feature:batchreader" node_type=feature node_path=splunkd.file_monitor_input.large_and_archive_file_reader-0
02-06-2024 15:18:45.245 +0000 INFO  PeriodicHealthReporter - feature="Real-time Reader-0" color=green due_to_stanza="feature:tailreader" node_type=feature node_path=splunkd.file_monitor_input.real-time_reader-0
02-06-2024 15:18:45.245 +0000 INFO  PeriodicHealthReporter - feature="Workload Management" color=green node_type=category node_path=splunkd.workload_management
02-06-2024 15:18:45.245 +0000 INFO  PeriodicHealthReporter - feature="Configuration Check" color=green due_to_stanza="feature:wlm_configuration_check" node_type=feature node_path=splunkd.workload_management.configuration_check
02-06-2024 15:18:45.245 +0000 INFO  PeriodicHealthReporter - feature="System Check" color=green due_to_stanza="feature:wlm_system_check" node_type=feature node_path=splunkd.workload_management.system_check
02-06-2024 15:25:41.541 +0000 INFO  HealthChangeReporter - feature="TCPOutAutoLB-0" indicator="s2s_connections" previous_color=green color=yellow due_to_threshold_value=20 measured_value=33 reason="More than 20% of forwarding destinations have failed.  Ensure your hosts and ports in outputs.conf are correct.  Also ensure that the indexers are all running, and that any SSL certificates being used for forwarding are correct."
02-06-2024 15:27:41.074 +0000 INFO  HealthChangeReporter - feature="TCPOutAutoLB-0" indicator="s2s_connections" previous_color=yellow color=green measured_value=0
02-06-2024 15:33:11.974 +0000 INFO  HealthChangeReporter - feature="Ingestion Latency" indicator="ingestion_latency_lag_sec" previous_color=green color=yellow due_to_threshold_value=15 measured_value=43 reason="Events from tracker.log are delayed for 43 seconds, which is more than the yellow threshold (15 seconds). This typically occurs when indexing or forwarding are falling behind or are blocked."
02-06-2024 15:33:29.757 +0000 INFO  HealthChangeReporter - feature="Ingestion Latency" indicator="ingestion_latency_lag_sec" previous_color=yellow color=green measured_value=1
02-06-2024 16:01:59.341 +0000 INFO  PeriodicHealthReporter - product="splunkd" color=green node_type=product node_path=splunkd
02-06-2024 16:01:59.341 +0000 INFO  PeriodicHealthReporter - feature="Data Forwarding" color=green node_type=category node_path=splunkd.data_forwarding
02-06-2024 16:01:59.341 +0000 INFO  PeriodicHealthReporter - feature="Splunk-2-Splunk Forwarding" color=green node_type=category node_path=splunkd.data_forwarding.splunk-2-splunk_forwarding
02-06-2024 16:01:59.341 +0000 INFO  PeriodicHealthReporter - feature="TCPOutAutoLB-0" color=green due_to_stanza="feature:s2s_autolb" node_type=feature node_path=splunkd.data_forwarding.splunk-2-splunk_forwarding.tcpoutautolb-0
02-06-2024 16:01:59.341 +0000 INFO  PeriodicHealthReporter - feature="File Monitor Input" color=green node_type=category node_path=splunkd.file_monitor_input
02-06-2024 16:01:59.341 +0000 INFO  PeriodicHealthReporter - feature="Forwarder Ingestion Latency" color=green due_to_stanza="feature:ingestion_latency_reported" node_type=feature node_path=splunkd.file_monitor_input.forwarder_ingestion_latency
02-06-2024 16:01:59.341 +0000 INFO  PeriodicHealthReporter - feature="Ingestion Latency" color=green due_to_stanza="feature:ingestion_latency" node_type=feature node_path=splunkd.file_monitor_input.ingestion_latency
02-06-2024 16:01:59.341 +0000 INFO  PeriodicHealthReporter - feature="Large and Archive File Reader-0" color=green due_to_stanza="feature:batchreader" node_type=feature node_path=splunkd.file_monitor_input.large_and_archive_file_reader-0
02-06-2024 16:01:59.341 +0000 INFO  PeriodicHealthReporter - feature="Real-time Reader-0" color=green due_to_stanza="feature:tailreader" node_type=feature node_path=splunkd.file_monitor_input.real-time_reader-0
02-06-2024 16:01:59.341 +0000 INFO  PeriodicHealthReporter - feature="Workload Management" color=green node_type=category node_path=splunkd.workload_management
02-06-2024 16:01:59.341 +0000 INFO  PeriodicHealthReporter - feature="Configuration Check" color=green due_to_stanza="feature:wlm_configuration_check" node_type=feature node_path=splunkd.workload_management.configuration_check
02-06-2024 16:01:59.341 +0000 INFO  PeriodicHealthReporter - feature="System Check" color=green due_to_stanza="feature:wlm_system_check" node_type=feature node_path=splunkd.workload_management.system_check
02-06-2024 16:31:59.341 +0000 INFO  PeriodicHealthReporter - product="splunkd" color=green node_type=product node_path=splunkd
02-06-2024 16:31:59.341 +0000 INFO  PeriodicHealthReporter - feature="Data Forwarding" color=green node_type=category node_path=splunkd.data_forwarding
02-06-2024 16:31:59.341 +0000 INFO  PeriodicHealthReporter - feature="Splunk-2-Splunk Forwarding" color=green node_type=category node_path=splunkd.data_forwarding.splunk-2-splunk_forwarding
02-06-2024 16:31:59.341 +0000 INFO  PeriodicHealthReporter - feature="TCPOutAutoLB-0" color=green due_to_stanza="feature:s2s_autolb" node_type=feature node_path=splunkd.data_forwarding.splunk-2-splunk_forwarding.tcpoutautolb-0
02-06-2024 16:31:59.341 +0000 INFO  PeriodicHealthReporter - feature="File Monitor Input" color=green node_type=category node_path=splunkd.file_monitor_input
02-06-2024 16:31:59.341 +0000 INFO  PeriodicHealthReporter - feature="Forwarder Ingestion Latency" color=green due_to_stanza="feature:ingestion_latency_reported" node_type=feature node_path=splunkd.file_monitor_input.forwarder_ingestion_latency
02-06-2024 16:31:59.341 +0000 INFO  PeriodicHealthReporter - feature="Ingestion Latency" color=green due_to_stanza="feature:ingestion_latency" node_type=feature node_path=splunkd.file_monitor_input.ingestion_latency
02-06-2024 16:31:59.341 +0000 INFO  PeriodicHealthReporter - feature="Large and Archive File Reader-0" color=green due_to_stanza="feature:batchreader" node_type=feature node_path=splunkd.file_monitor_input.large_and_archive_file_reader-0
02-06-2024 16:31:59.341 +0000 INFO  PeriodicHealthReporter - feature="Real-time Reader-0" color=green due_to_stanza="feature:tailreader" node_type=feature node_path=splunkd.file_monitor_input.real-time_reader-0
02-06-2024 16:31:59.341 +0000 INFO  PeriodicHealthReporter - feature="Workload Management" color=green node_type=category node_path=splunkd.workload_management
02-06-2024 16:31:59.341 +0000 INFO  PeriodicHealthReporter - feature="Configuration Check" color=green due_to_stanza="feature:wlm_configuration_check" node_type=feature node_path=splunkd.workload_management.configuration_check
02-06-2024 16:31:59.341 +0000 INFO  PeriodicHealthReporter - feature="System Check" color=green due_to_stanza="feature:wlm_system_check" node_type=feature node_path=splunkd.workload_management.system_check
02-06-2024 17:01:59.341 +0000 INFO  PeriodicHealthReporter - product="splunkd" color=green node_type=product node_path=splunkd
02-06-2024 17:01:59.341 +0000 INFO  PeriodicHealthReporter - feature="Data Forwarding" color=green node_type=category node_path=splunkd.data_forwarding
02-06-2024 17:01:59.341 +0000 INFO  PeriodicHealthReporter - feature="Splunk-2-Splunk Forwarding" color=green node_type=category node_path=splunkd.data_forwarding.splunk-2-splunk_forwarding
02-06-2024 17:01:59.341 +0000 INFO  PeriodicHealthReporter - feature="TCPOutAutoLB-0" color=green due_to_stanza="feature:s2s_autolb" node_type=feature node_path=splunkd.data_forwarding.splunk-2-splunk_forwarding.tcpoutautolb-0
02-06-2024 17:01:59.341 +0000 INFO  PeriodicHealthReporter - feature="File Monitor Input" color=green node_type=category node_path=splunkd.file_monitor_input
02-06-2024 17:01:59.341 +0000 INFO  PeriodicHealthReporter - feature="Forwarder Ingestion Latency" color=green due_to_stanza="feature:ingestion_latency_reported" node_type=feature node_path=splunkd.file_monitor_input.forwarder_ingestion_latency
02-06-2024 17:01:59.341 +0000 INFO  PeriodicHealthReporter - feature="Ingestion Latency" color=green due_to_stanza="feature:ingestion_latency" node_type=feature node_path=splunkd.file_monitor_input.ingestion_latency
02-06-2024 17:01:59.341 +0000 INFO  PeriodicHealthReporter - feature="Large and Archive File Reader-0" color=green due_to_stanza="feature:batchreader" node_type=feature node_path=splunkd.file_monitor_input.large_and_archive_file_reader-0
02-06-2024 17:01:59.341 +0000 INFO  PeriodicHealthReporter - feature="Real-time Reader-0" color=green due_to_stanza="feature:tailreader" node_type=feature node_path=splunkd.file_monitor_input.real-time_reader-0
02-06-2024 17:01:59.341 +0000 INFO  PeriodicHealthReporter - feature="Workload Management" color=green node_type=category node_path=splunkd.workload_management
02-06-2024 17:01:59.341 +0000 INFO  PeriodicHealthReporter - feature="Configuration Check" color=green due_to_stanza="feature:wlm_configuration_check" node_type=feature node_path=splunkd.workload_management.configuration_check
02-06-2024 17:01:59.341 +0000 INFO  PeriodicHealthReporter - feature="System Check" color=green due_to_stanza="feature:wlm_system_check" node_type=feature node_path=splunkd.workload_management.system_check
02-06-2024 17:31:59.341 +0000 INFO  PeriodicHealthReporter - product="splunkd" color=green node_type=product node_path=splunkd
02-06-2024 17:31:59.341 +0000 INFO  PeriodicHealthReporter - feature="Data Forwarding" color=green node_type=category node_path=splunkd.data_forwarding
02-06-2024 17:31:59.341 +0000 INFO  PeriodicHealthReporter - feature="Splunk-2-Splunk Forwarding" color=green node_type=category node_path=splunkd.data_forwarding.splunk-2-splunk_forwarding
02-06-2024 17:31:59.341 +0000 INFO  PeriodicHealthReporter - feature="TCPOutAutoLB-0" color=green due_to_stanza="feature:s2s_autolb" node_type=feature node_path=splunkd.data_forwarding.splunk-2-splunk_forwarding.tcpoutautolb-0
02-06-2024 17:31:59.341 +0000 INFO  PeriodicHealthReporter - feature="File Monitor Input" color=green node_type=category node_path=splunkd.file_monitor_input
02-06-2024 17:31:59.341 +0000 INFO  PeriodicHealthReporter - feature="Forwarder Ingestion Latency" color=green due_to_stanza="feature:ingestion_latency_reported" node_type=feature node_path=splunkd.file_monitor_input.forwarder_ingestion_latency
02-06-2024 17:31:59.341 +0000 INFO  PeriodicHealthReporter - feature="Ingestion Latency" color=green due_to_stanza="feature:ingestion_latency" node_type=feature node_path=splunkd.file_monitor_input.ingestion_latency
02-06-2024 17:31:59.341 +0000 INFO  PeriodicHealthReporter - feature="Large and Archive File Reader-0" color=green due_to_stanza="feature:batchreader" node_type=feature node_path=splunkd.file_monitor_input.large_and_archive_file_reader-0
02-06-2024 17:31:59.341 +0000 INFO  PeriodicHealthReporter - feature="Real-time Reader-0" color=green due_to_stanza="feature:tailreader" node_type=feature node_path=splunkd.file_monitor_input.real-time_reader-0
02-06-2024 17:31:59.341 +0000 INFO  PeriodicHealthReporter - feature="Workload Management" color=green node_type=category node_path=splunkd.workload_management
02-06-2024 17:31:59.341 +0000 INFO  PeriodicHealthReporter - feature="Configuration Check" color=green due_to_stanza="feature:wlm_configuration_check" node_type=feature node_path=splunkd.workload_management.configuration_check
02-06-2024 17:31:59.341 +0000 INFO  PeriodicHealthReporter - feature="System Check" color=green due_to_stanza="feature:wlm_system_check" node_type=feature node_path=splunkd.workload_management.system_check
02-06-2024 18:01:59.341 +0000 INFO  PeriodicHealthReporter - product="splunkd" color=green node_type=product node_path=splunkd
02-06-2024 18:01:59.341 +0000 INFO  PeriodicHealthReporter - feature="Data Forwarding" color=green node_type=category node_path=splunkd.data_forwarding
02-06-2024 18:01:59.341 +0000 INFO  PeriodicHealthReporter - feature="Splunk-2-Splunk Forwarding" color=green node_type=category node_path=splunkd.data_forwarding.splunk-2-splunk_forwarding
02-06-2024 18:01:59.341 +0000 INFO  PeriodicHealthReporter - feature="TCPOutAutoLB-0" color=green due_to_stanza="feature:s2s_autolb" node_type=feature node_path=splunkd.data_forwarding.splunk-2-splunk_forwarding.tcpoutautolb-0
02-06-2024 18:01:59.341 +0000 INFO  PeriodicHealthReporter - feature="File Monitor Input" color=green node_type=category node_path=splunkd.file_monitor_input
02-06-2024 18:01:59.341 +0000 INFO  PeriodicHealthReporter - feature="Forwarder Ingestion Latency" color=green due_to_stanza="feature:ingestion_latency_reported" node_type=feature node_path=splunkd.file_monitor_input.forwarder_ingestion_latency
02-06-2024 18:01:59.341 +0000 INFO  PeriodicHealthReporter - feature="Ingestion Latency" color=green due_to_stanza="feature:ingestion_latency" node_type=feature node_path=splunkd.file_monitor_input.ingestion_latency
02-06-2024 18:01:59.341 +0000 INFO  PeriodicHealthReporter - feature="Large and Archive File Reader-0" color=green due_to_stanza="feature:batchreader" node_type=feature node_path=splunkd.file_monitor_input.large_and_archive_file_reader-0
02-06-2024 18:01:59.341 +0000 INFO  PeriodicHealthReporter - feature="Real-time Reader-0" color=green due_to_stanza="feature:tailreader" node_type=feature node_path=splunkd.file_monitor_input.real-time_reader-0
02-06-2024 18:01:59.341 +0000 INFO  PeriodicHealthReporter - feature="Workload Management" color=green node_type=category node_path=splunkd.workload_management
02-06-2024 18:01:59.341 +0000 INFO  PeriodicHealthReporter - feature="Configuration Check" color=green due_to_stanza="feature:wlm_configuration_check" node_type=feature node_path=splunkd.workload_management.configuration_check
02-06-2024 18:01:59.341 +0000 INFO  PeriodicHealthReporter - feature="System Check" color=green due_to_stanza="feature:wlm_system_check" node_type=feature node_path=splunkd.workload_management.system_check
02-06-2024 18:31:59.336 +0000 INFO  PeriodicHealthReporter - product="splunkd" color=green node_type=product node_path=splunkd
02-06-2024 18:31:59.337 +0000 INFO  PeriodicHealthReporter - feature="Data Forwarding" color=green node_type=category node_path=splunkd.data_forwarding
02-06-2024 18:31:59.337 +0000 INFO  PeriodicHealthReporter - feature="Splunk-2-Splunk Forwarding" color=green node_type=category node_path=splunkd.data_forwarding.splunk-2-splunk_forwarding
02-06-2024 18:31:59.337 +0000 INFO  PeriodicHealthReporter - feature="TCPOutAutoLB-0" color=green due_to_stanza="feature:s2s_autolb" node_type=feature node_path=splunkd.data_forwarding.splunk-2-splunk_forwarding.tcpoutautolb-0
02-06-2024 18:31:59.337 +0000 INFO  PeriodicHealthReporter - feature="File Monitor Input" color=green node_type=category node_path=splunkd.file_monitor_input
02-06-2024 18:31:59.337 +0000 INFO  PeriodicHealthReporter - feature="Forwarder Ingestion Latency" color=green due_to_stanza="feature:ingestion_latency_reported" node_type=feature node_path=splunkd.file_monitor_input.forwarder_ingestion_latency
02-06-2024 18:31:59.337 +0000 INFO  PeriodicHealthReporter - feature="Ingestion Latency" color=green due_to_stanza="feature:ingestion_latency" node_type=feature node_path=splunkd.file_monitor_input.ingestion_latency
02-06-2024 18:31:59.337 +0000 INFO  PeriodicHealthReporter - feature="Large and Archive File Reader-0" color=green due_to_stanza="feature:batchreader" node_type=feature node_path=splunkd.file_monitor_input.large_and_archive_file_reader-0
02-06-2024 18:31:59.337 +0000 INFO  PeriodicHealthReporter - feature="Real-time Reader-0" color=green due_to_stanza="feature:tailreader" node_type=feature node_path=splunkd.file_monitor_input.real-time_reader-0
02-06-2024 18:31:59.337 +0000 INFO  PeriodicHealthReporter - feature="Workload Management" color=green node_type=category node_path=splunkd.workload_management
02-06-2024 18:31:59.337 +0000 INFO  PeriodicHealthReporter - feature="Configuration Check" color=green due_to_stanza="feature:wlm_configuration_check" node_type=feature node_path=splunkd.workload_management.configuration_check
02-06-2024 18:31:59.337 +0000 INFO  PeriodicHealthReporter - feature="System Check" color=green due_to_stanza="feature:wlm_system_check" node_type=feature node_path=splunkd.workload_management.system_check
02-06-2024 19:01:59.327 +0000 INFO  PeriodicHealthReporter - product="splunkd" color=green node_type=product node_path=splunkd
02-06-2024 19:01:59.327 +0000 INFO  PeriodicHealthReporter - feature="Data Forwarding" color=green node_type=category node_path=splunkd.data_forwarding
02-06-2024 19:01:59.327 +0000 INFO  PeriodicHealthReporter - feature="Splunk-2-Splunk Forwarding" color=green node_type=category node_path=splunkd.data_forwarding.splunk-2-splunk_forwarding
02-06-2024 19:01:59.327 +0000 INFO  PeriodicHealthReporter - feature="TCPOutAutoLB-0" color=green due_to_stanza="feature:s2s_autolb" node_type=feature node_path=splunkd.data_forwarding.splunk-2-splunk_forwarding.tcpoutautolb-0
02-06-2024 19:01:59.327 +0000 INFO  PeriodicHealthReporter - feature="File Monitor Input" color=green node_type=category node_path=splunkd.file_monitor_input
02-06-2024 19:01:59.327 +0000 INFO  PeriodicHealthReporter - feature="Forwarder Ingestion Latency" color=green due_to_stanza="feature:ingestion_latency_reported" node_type=feature node_path=splunkd.file_monitor_input.forwarder_ingestion_latency
02-06-2024 19:01:59.327 +0000 INFO  PeriodicHealthReporter - feature="Ingestion Latency" color=green due_to_stanza="feature:ingestion_latency" node_type=feature node_path=splunkd.file_monitor_input.ingestion_latency
02-06-2024 19:01:59.327 +0000 INFO  PeriodicHealthReporter - feature="Large and Archive File Reader-0" color=green due_to_stanza="feature:batchreader" node_type=feature node_path=splunkd.file_monitor_input.large_and_archive_file_reader-0
02-06-2024 19:01:59.327 +0000 INFO  PeriodicHealthReporter - feature="Real-time Reader-0" color=green due_to_stanza="feature:tailreader" node_type=feature node_path=splunkd.file_monitor_input.real-time_reader-0
02-06-2024 19:01:59.327 +0000 INFO  PeriodicHealthReporter - feature="Workload Management" color=green node_type=category node_path=splunkd.workload_management
02-06-2024 19:01:59.327 +0000 INFO  PeriodicHealthReporter - feature="Configuration Check" color=green due_to_stanza="feature:wlm_configuration_check" node_type=feature node_path=splunkd.workload_management.configuration_check
02-06-2024 19:01:59.327 +0000 INFO  PeriodicHealthReporter - feature="System Check" color=green due_to_stanza="feature:wlm_system_check" node_type=feature node_path=splunkd.workload_management.system_check
02-06-2024 19:31:59.327 +0000 INFO  PeriodicHealthReporter - product="splunkd" color=green node_type=product node_path=splunkd
02-06-2024 19:31:59.327 +0000 INFO  PeriodicHealthReporter - feature="Data Forwarding" color=green node_type=category node_path=splunkd.data_forwarding
02-06-2024 19:31:59.327 +0000 INFO  PeriodicHealthReporter - feature="Splunk-2-Splunk Forwarding" color=green node_type=category node_path=splunkd.data_forwarding.splunk-2-splunk_forwarding
02-06-2024 19:31:59.327 +0000 INFO  PeriodicHealthReporter - feature="TCPOutAutoLB-0" color=green due_to_stanza="feature:s2s_autolb" node_type=feature node_path=splunkd.data_forwarding.splunk-2-splunk_forwarding.tcpoutautolb-0
02-06-2024 19:31:59.327 +0000 INFO  PeriodicHealthReporter - feature="File Monitor Input" color=green node_type=category node_path=splunkd.file_monitor_input
02-06-2024 19:31:59.327 +0000 INFO  PeriodicHealthReporter - feature="Forwarder Ingestion Latency" color=green due_to_stanza="feature:ingestion_latency_reported" node_type=feature node_path=splunkd.file_monitor_input.forwarder_ingestion_latency
02-06-2024 19:31:59.327 +0000 INFO  PeriodicHealthReporter - feature="Ingestion Latency" color=green due_to_stanza="feature:ingestion_latency" node_type=feature node_path=splunkd.file_monitor_input.ingestion_latency
02-06-2024 19:31:59.327 +0000 INFO  PeriodicHealthReporter - feature="Large and Archive File Reader-0" color=green due_to_stanza="feature:batchreader" node_type=feature node_path=splunkd.file_monitor_input.large_and_archive_file_reader-0
02-06-2024 19:31:59.327 +0000 INFO  PeriodicHealthReporter - feature="Real-time Reader-0" color=green due_to_stanza="feature:tailreader" node_type=feature node_path=splunkd.file_monitor_input.real-time_reader-0
02-06-2024 19:31:59.327 +0000 INFO  PeriodicHealthReporter - feature="Workload Management" color=green node_type=category node_path=splunkd.workload_management
02-06-2024 19:31:59.327 +0000 INFO  PeriodicHealthReporter - feature="Configuration Check" color=green due_to_stanza="feature:wlm_configuration_check" node_type=feature node_path=splunkd.workload_management.configuration_check
02-06-2024 19:31:59.327 +0000 INFO  PeriodicHealthReporter - feature="System Check" color=green due_to_stanza="feature:wlm_system_check" node_type=feature node_path=splunkd.workload_management.system_check
02-06-2024 20:01:59.326 +0000 INFO  PeriodicHealthReporter - product="splunkd" color=green node_type=product node_path=splunkd
02-06-2024 20:01:59.327 +0000 INFO  PeriodicHealthReporter - feature="Data Forwarding" color=green node_type=category node_path=splunkd.data_forwarding
02-06-2024 20:01:59.327 +0000 INFO  PeriodicHealthReporter - feature="Splunk-2-Splunk Forwarding" color=green node_type=category node_path=splunkd.data_forwarding.splunk-2-splunk_forwarding
02-06-2024 20:01:59.327 +0000 INFO  PeriodicHealthReporter - feature="TCPOutAutoLB-0" color=green due_to_stanza="feature:s2s_autolb" node_type=feature node_path=splunkd.data_forwarding.splunk-2-splunk_forwarding.tcpoutautolb-0
02-06-2024 20:01:59.327 +0000 INFO  PeriodicHealthReporter - feature="File Monitor Input" color=green node_type=category node_path=splunkd.file_monitor_input
02-06-2024 20:01:59.327 +0000 INFO  PeriodicHealthReporter - feature="Forwarder Ingestion Latency" color=green due_to_stanza="feature:ingestion_latency_reported" node_type=feature node_path=splunkd.file_monitor_input.forwarder_ingestion_latency
02-06-2024 20:01:59.327 +0000 INFO  PeriodicHealthReporter - feature="Ingestion Latency" color=green due_to_stanza="feature:ingestion_latency" node_type=feature node_path=splunkd.file_monitor_input.ingestion_latency
02-06-2024 20:01:59.327 +0000 INFO  PeriodicHealthReporter - feature="Large and Archive File Reader-0" color=green due_to_stanza="feature:batchreader" node_type=feature node_path=splunkd.file_monitor_input.large_and_archive_file_reader-0
02-06-2024 20:01:59.327 +0000 INFO  PeriodicHealthReporter - feature="Real-time Reader-0" color=green due_to_stanza="feature:tailreader" node_type=feature node_path=splunkd.file_monitor_input.real-time_reader-0
02-06-2024 20:01:59.327 +0000 INFO  PeriodicHealthReporter - feature="Workload Management" color=green node_type=category node_path=splunkd.workload_management
02-06-2024 20:01:59.327 +0000 INFO  PeriodicHealthReporter - feature="Configuration Check" color=green due_to_stanza="feature:wlm_configuration_check" node_type=feature node_path=splunkd.workload_management.configuration_check
02-06-2024 20:01:59.327 +0000 INFO  PeriodicHealthReporter - feature="System Check" color=green due_to_stanza="feature:wlm_system_check" node_type=feature node_path=splunkd.workload_management.system_check
