02-06-2024 03:49:40.126 +0000 WARN  SSLOptions - server.conf/[sslConfig]/sslVerifyServerCert is false disabling certificate validation; must be set to "true" for increased security
02-06-2024 03:49:40.127 +0000 INFO  ServerConfig - certificateStatusValidationMethod is not set, defaulting to none.
02-06-2024 03:49:40.127 +0000 INFO  ServerConfig - Splunk is starting with EC-SSC disabled
02-06-2024 03:49:40.757 +0000 INFO  loader - Getting configuration data from: /opt/splunkforwarder/etc/myinstall/splunkd.xml
02-06-2024 03:49:40.757 +0000 INFO  loader - SPLUNK_MODULE_PATH environment variable not found - defaulting to /opt/splunkforwarder/etc/modules
02-06-2024 03:49:40.757 +0000 INFO  loader - loading modules from /opt/splunkforwarder/etc/modules
02-06-2024 03:49:40.767 +0000 INFO  loader - Writing out composite configuration file: /opt/splunkforwarder/var/run/splunk/composite.xml
02-06-2024 08:31:44.470 +0000 WARN  SSLOptions - server.conf/[sslConfig]/sslVerifyServerCert is false disabling certificate validation; must be set to "true" for increased security
02-06-2024 08:31:44.471 +0000 INFO  ServerConfig - certificateStatusValidationMethod is not set, defaulting to none.
02-06-2024 08:31:44.471 +0000 INFO  ServerConfig - Splunk is starting with EC-SSC disabled
02-06-2024 08:31:44.972 +0000 INFO  loader - Getting configuration data from: /opt/splunkforwarder/etc/myinstall/splunkd.xml
02-06-2024 08:31:44.972 +0000 INFO  loader - SPLUNK_MODULE_PATH environment variable not found - defaulting to /opt/splunkforwarder/etc/modules
02-06-2024 08:31:44.973 +0000 INFO  loader - loading modules from /opt/splunkforwarder/etc/modules
02-06-2024 08:31:44.975 +0000 INFO  loader - Writing out composite configuration file: /opt/splunkforwarder/var/run/splunk/composite.xml
02-06-2024 08:43:53.680 +0000 WARN  SSLOptions - server.conf/[sslConfig]/sslVerifyServerCert is false disabling certificate validation; must be set to "true" for increased security
02-06-2024 08:43:53.681 +0000 INFO  ServerConfig - certificateStatusValidationMethod is not set, defaulting to none.
02-06-2024 08:43:53.681 +0000 INFO  ServerConfig - Splunk is starting with EC-SSC disabled
02-06-2024 08:43:54.270 +0000 INFO  loader - Getting configuration data from: /opt/splunkforwarder/etc/myinstall/splunkd.xml
02-06-2024 08:43:54.270 +0000 INFO  loader - SPLUNK_MODULE_PATH environment variable not found - defaulting to /opt/splunkforwarder/etc/modules
02-06-2024 08:43:54.270 +0000 INFO  loader - loading modules from /opt/splunkforwarder/etc/modules
02-06-2024 08:43:54.272 +0000 INFO  loader - Writing out composite configuration file: /opt/splunkforwarder/var/run/splunk/composite.xml
02-06-2024 08:54:26.094 +0000 WARN  SSLOptions - server.conf/[sslConfig]/sslVerifyServerCert is false disabling certificate validation; must be set to "true" for increased security
02-06-2024 08:54:26.094 +0000 INFO  ServerConfig - certificateStatusValidationMethod is not set, defaulting to none.
02-06-2024 08:54:26.094 +0000 INFO  ServerConfig - Splunk is starting with EC-SSC disabled
02-06-2024 08:54:26.698 +0000 INFO  loader - Getting configuration data from: /opt/splunkforwarder/etc/myinstall/splunkd.xml
02-06-2024 08:54:26.698 +0000 INFO  loader - SPLUNK_MODULE_PATH environment variable not found - defaulting to /opt/splunkforwarder/etc/modules
02-06-2024 08:54:26.698 +0000 INFO  loader - loading modules from /opt/splunkforwarder/etc/modules
02-06-2024 08:54:26.700 +0000 INFO  loader - Writing out composite configuration file: /opt/splunkforwarder/var/run/splunk/composite.xml
02-06-2024 08:55:43.530 +0000 WARN  SSLOptions - server.conf/[sslConfig]/sslVerifyServerCert is false disabling certificate validation; must be set to "true" for increased security
02-06-2024 08:55:43.530 +0000 INFO  ServerConfig - certificateStatusValidationMethod is not set, defaulting to none.
02-06-2024 08:55:43.530 +0000 INFO  ServerConfig - Splunk is starting with EC-SSC disabled
02-06-2024 08:55:44.038 +0000 INFO  loader - Getting configuration data from: /opt/splunkforwarder/etc/myinstall/splunkd.xml
02-06-2024 08:55:44.038 +0000 INFO  loader - SPLUNK_MODULE_PATH environment variable not found - defaulting to /opt/splunkforwarder/etc/modules
02-06-2024 08:55:44.038 +0000 INFO  loader - loading modules from /opt/splunkforwarder/etc/modules
02-06-2024 08:55:44.039 +0000 INFO  loader - Writing out composite configuration file: /opt/splunkforwarder/var/run/splunk/composite.xml
02-06-2024 08:56:16.208 +0000 WARN  SSLOptions - server.conf/[sslConfig]/sslVerifyServerCert is false disabling certificate validation; must be set to "true" for increased security
02-06-2024 08:56:16.209 +0000 INFO  ServerConfig - certificateStatusValidationMethod is not set, defaulting to none.
02-06-2024 08:56:16.209 +0000 INFO  ServerConfig - Splunk is starting with EC-SSC disabled
02-06-2024 08:56:16.723 +0000 INFO  loader - Getting configuration data from: /opt/splunkforwarder/etc/myinstall/splunkd.xml
02-06-2024 08:56:16.724 +0000 INFO  loader - SPLUNK_MODULE_PATH environment variable not found - defaulting to /opt/splunkforwarder/etc/modules
02-06-2024 08:56:16.724 +0000 INFO  loader - loading modules from /opt/splunkforwarder/etc/modules
02-06-2024 08:56:16.725 +0000 INFO  loader - Writing out composite configuration file: /opt/splunkforwarder/var/run/splunk/composite.xml
02-06-2024 08:59:07.563 +0000 WARN  SSLOptions - server.conf/[sslConfig]/sslVerifyServerCert is false disabling certificate validation; must be set to "true" for increased security
02-06-2024 08:59:07.564 +0000 INFO  ServerConfig - certificateStatusValidationMethod is not set, defaulting to none.
02-06-2024 08:59:07.564 +0000 INFO  ServerConfig - Splunk is starting with EC-SSC disabled
02-06-2024 08:59:08.085 +0000 INFO  loader - Getting configuration data from: /opt/splunkforwarder/etc/myinstall/splunkd.xml
02-06-2024 08:59:08.085 +0000 INFO  loader - SPLUNK_MODULE_PATH environment variable not found - defaulting to /opt/splunkforwarder/etc/modules
02-06-2024 08:59:08.085 +0000 INFO  loader - loading modules from /opt/splunkforwarder/etc/modules
02-06-2024 08:59:08.086 +0000 INFO  loader - Writing out composite configuration file: /opt/splunkforwarder/var/run/splunk/composite.xml
02-06-2024 09:02:51.661 +0000 WARN  SSLOptions - server.conf/[sslConfig]/sslVerifyServerCert is false disabling certificate validation; must be set to "true" for increased security
02-06-2024 09:02:51.661 +0000 INFO  ServerConfig - certificateStatusValidationMethod is not set, defaulting to none.
02-06-2024 09:02:51.661 +0000 INFO  ServerConfig - Splunk is starting with EC-SSC disabled
02-06-2024 09:02:52.167 +0000 INFO  loader - Getting configuration data from: /opt/splunkforwarder/etc/myinstall/splunkd.xml
02-06-2024 09:02:52.167 +0000 INFO  loader - SPLUNK_MODULE_PATH environment variable not found - defaulting to /opt/splunkforwarder/etc/modules
02-06-2024 09:02:52.167 +0000 INFO  loader - loading modules from /opt/splunkforwarder/etc/modules
02-06-2024 09:02:52.169 +0000 INFO  loader - Writing out composite configuration file: /opt/splunkforwarder/var/run/splunk/composite.xml
02-06-2024 11:32:06.017 +0000 WARN  SSLOptions - server.conf/[sslConfig]/sslVerifyServerCert is false disabling certificate validation; must be set to "true" for increased security
02-06-2024 11:32:06.018 +0000 INFO  ServerConfig - certificateStatusValidationMethod is not set, defaulting to none.
02-06-2024 11:32:06.018 +0000 INFO  ServerConfig - Splunk is starting with EC-SSC disabled
02-06-2024 11:32:06.539 +0000 INFO  loader - Getting configuration data from: /opt/splunkforwarder/etc/myinstall/splunkd.xml
02-06-2024 11:32:06.539 +0000 INFO  loader - SPLUNK_MODULE_PATH environment variable not found - defaulting to /opt/splunkforwarder/etc/modules
02-06-2024 11:32:06.539 +0000 INFO  loader - loading modules from /opt/splunkforwarder/etc/modules
02-06-2024 11:32:06.540 +0000 INFO  loader - Writing out composite configuration file: /opt/splunkforwarder/var/run/splunk/composite.xml
02-06-2024 11:33:37.919 +0000 WARN  SSLOptions - server.conf/[sslConfig]/sslVerifyServerCert is false disabling certificate validation; must be set to "true" for increased security
02-06-2024 11:33:37.920 +0000 INFO  ServerConfig - certificateStatusValidationMethod is not set, defaulting to none.
02-06-2024 11:33:37.920 +0000 INFO  ServerConfig - Splunk is starting with EC-SSC disabled
02-06-2024 11:33:38.427 +0000 INFO  loader - Getting configuration data from: /opt/splunkforwarder/etc/myinstall/splunkd.xml
02-06-2024 11:33:38.427 +0000 INFO  loader - SPLUNK_MODULE_PATH environment variable not found - defaulting to /opt/splunkforwarder/etc/modules
02-06-2024 11:33:38.427 +0000 INFO  loader - loading modules from /opt/splunkforwarder/etc/modules
02-06-2024 11:33:38.429 +0000 INFO  loader - Writing out composite configuration file: /opt/splunkforwarder/var/run/splunk/composite.xml
02-06-2024 12:48:44.450 +0000 WARN  SSLOptions - server.conf/[sslConfig]/sslVerifyServerCert is false disabling certificate validation; must be set to "true" for increased security
02-06-2024 12:48:44.451 +0000 INFO  ServerConfig - certificateStatusValidationMethod is not set, defaulting to none.
02-06-2024 12:48:44.451 +0000 INFO  ServerConfig - Splunk is starting with EC-SSC disabled
02-06-2024 12:48:44.952 +0000 INFO  loader - Getting configuration data from: /opt/splunkforwarder/etc/myinstall/splunkd.xml
02-06-2024 12:48:44.952 +0000 INFO  loader - SPLUNK_MODULE_PATH environment variable not found - defaulting to /opt/splunkforwarder/etc/modules
02-06-2024 12:48:44.952 +0000 INFO  loader - loading modules from /opt/splunkforwarder/etc/modules
02-06-2024 12:48:44.953 +0000 INFO  loader - Writing out composite configuration file: /opt/splunkforwarder/var/run/splunk/composite.xml
02-06-2024 15:30:05.241 +0000 WARN  SSLOptions - server.conf/[sslConfig]/sslVerifyServerCert is false disabling certificate validation; must be set to "true" for increased security
02-06-2024 15:30:05.242 +0000 INFO  ServerConfig - certificateStatusValidationMethod is not set, defaulting to none.
02-06-2024 15:30:05.242 +0000 INFO  ServerConfig - Splunk is starting with EC-SSC disabled
02-06-2024 15:30:05.755 +0000 INFO  loader - Getting configuration data from: /opt/splunkforwarder/etc/myinstall/splunkd.xml
02-06-2024 15:30:05.755 +0000 INFO  loader - SPLUNK_MODULE_PATH environment variable not found - defaulting to /opt/splunkforwarder/etc/modules
02-06-2024 15:30:05.755 +0000 INFO  loader - loading modules from /opt/splunkforwarder/etc/modules
02-06-2024 15:30:05.757 +0000 INFO  loader - Writing out composite configuration file: /opt/splunkforwarder/var/run/splunk/composite.xml
02-06-2024 15:31:58.534 +0000 WARN  SSLOptions - server.conf/[sslConfig]/sslVerifyServerCert is false disabling certificate validation; must be set to "true" for increased security
02-06-2024 15:31:58.535 +0000 INFO  ServerConfig - certificateStatusValidationMethod is not set, defaulting to none.
02-06-2024 15:31:58.535 +0000 INFO  ServerConfig - Splunk is starting with EC-SSC disabled
02-06-2024 15:31:59.042 +0000 INFO  loader - Getting configuration data from: /opt/splunkforwarder/etc/myinstall/splunkd.xml
02-06-2024 15:31:59.042 +0000 INFO  loader - SPLUNK_MODULE_PATH environment variable not found - defaulting to /opt/splunkforwarder/etc/modules
02-06-2024 15:31:59.042 +0000 INFO  loader - loading modules from /opt/splunkforwarder/etc/modules
02-06-2024 15:31:59.050 +0000 INFO  loader - Writing out composite configuration file: /opt/splunkforwarder/var/run/splunk/composite.xml
02-06-2024 20:29:04.997 +0000 WARN  SSLOptions - server.conf/[sslConfig]/sslVerifyServerCert is false disabling certificate validation; must be set to "true" for increased security
02-06-2024 20:29:04.998 +0000 INFO  ServerConfig - certificateStatusValidationMethod is not set, defaulting to none.
02-06-2024 20:29:04.998 +0000 INFO  ServerConfig - Splunk is starting with EC-SSC disabled
02-06-2024 20:29:05.502 +0000 INFO  loader - Getting configuration data from: /opt/splunkforwarder/etc/myinstall/splunkd.xml
02-06-2024 20:29:05.503 +0000 INFO  loader - SPLUNK_MODULE_PATH environment variable not found - defaulting to /opt/splunkforwarder/etc/modules
02-06-2024 20:29:05.503 +0000 INFO  loader - loading modules from /opt/splunkforwarder/etc/modules
02-06-2024 20:29:05.504 +0000 INFO  loader - Writing out composite configuration file: /opt/splunkforwarder/var/run/splunk/composite.xml
