02-06-2024 04:57:54.253 +0000 INFO  SavedSplunker - Starting SavedSearchFetcher thread
02-06-2024 04:57:54.264 +0000 INFO  SavedSplunker - async_saved_search_fetch has been activated with an interval of 30.000 seconds.
02-06-2024 04:58:24.853 +0000 INFO  SavedSplunker - savedsearch_id="nobody;splunk_monitoring_console;DMC Asset - Build Standalone Asset Table", search_type="scheduled", search_streaming=0, user="nobody", app="splunk_monitoring_console", savedsearch_name="DMC Asset - Build Standalone Asset Table", priority=default, status=success, digest_mode=1, durable_cursor=0, scheduled_time=1707195473, window_time=0, dispatch_time=1707195504, run_time=0.267, result_count=4, alert_actions="populate_lookup", sid="scheduler__nobody_c3BsdW5rX21vbml0b3JpbmdfY29uc29sZQ__RMD54740dfff07b17ef1_at_1707195473_0", suppressed=0, action_time_ms=28, thread_id="AlertNotifierWorker-0", workload_pool=""
02-06-2024 04:59:00.270 +0000 INFO  SavedSplunker - DCSS: completed reading history for continuous scheduled searches
02-06-2024 05:17:01.826 +0000 INFO  SavedSearchHistory - Thread started
02-06-2024 05:17:01.831 +0000 INFO  SavedSplunker - savedsearch_id="nobody;splunk_archiver;Bucket Copy Trigger", search_type="scheduled", search_streaming=0, user="nobody", app="splunk_archiver", savedsearch_name="Bucket Copy Trigger", priority=default, status=success, digest_mode=1, durable_cursor=0, scheduled_time=1707196620, window_time=0, dispatch_time=1707196620, run_time=1.424, result_count=0, alert_actions="", sid="scheduler__nobody_c3BsdW5rX2FyY2hpdmVy__RMD5473cbac83d6c9db7_at_1707196620_1", suppressed=0, action_time_ms=2, thread_id="AlertNotifierWorker-0", workload_pool=""
02-06-2024 05:28:29.655 +0000 INFO  SavedSearchHistory - Shut-down started
02-06-2024 05:28:29.655 +0000 INFO  SavedSearchHistory - Thread stopped
02-06-2024 05:28:29.655 +0000 INFO  SavedSearchHistory - Shut-down completed
02-06-2024 05:28:31.058 +0000 INFO  SavedSplunker - Shutting down the SavedSearchFetcher thread
02-06-2024 05:28:31.058 +0000 INFO  SavedSplunker - Ending SavedSearchFetcher thread
02-06-2024 05:28:45.908 +0000 INFO  SavedSplunker - Starting SavedSearchFetcher thread
02-06-2024 05:28:45.934 +0000 INFO  SavedSplunker - async_saved_search_fetch has been activated with an interval of 30.000 seconds.
02-06-2024 05:29:15.944 +0000 INFO  SavedSplunker - DCSS: completed reading history for continuous scheduled searches
02-06-2024 05:29:15.955 +0000 INFO  SavedSearchHistory - Thread started
02-06-2024 05:29:16.259 +0000 INFO  SavedSplunker - savedsearch_id="nobody;splunk_monitoring_console;DMC Asset - Build Standalone Asset Table", search_type="scheduled", search_streaming=0, user="nobody", app="splunk_monitoring_console", savedsearch_name="DMC Asset - Build Standalone Asset Table", priority=default, status=success, digest_mode=1, durable_cursor=0, scheduled_time=1707197324, window_time=0, dispatch_time=1707197355, run_time=0.117, result_count=4, alert_actions="populate_lookup", sid="scheduler__nobody_c3BsdW5rX21vbml0b3JpbmdfY29uc29sZQ__RMD54740dfff07b17ef1_at_1707197324_0", suppressed=0, action_time_ms=11, thread_id="AlertNotifierWorker-0", workload_pool=""
02-06-2024 05:56:23.157 +0000 INFO  SavedSearchHistory - Shut-down started
02-06-2024 05:56:23.157 +0000 INFO  SavedSearchHistory - Thread stopped
02-06-2024 05:56:23.157 +0000 INFO  SavedSearchHistory - Shut-down completed
02-06-2024 05:56:25.231 +0000 INFO  SavedSplunker - Shutting down the SavedSearchFetcher thread
02-06-2024 05:56:25.231 +0000 INFO  SavedSplunker - Ending SavedSearchFetcher thread
02-06-2024 06:03:30.400 +0000 INFO  SavedSplunker - Starting SavedSearchFetcher thread
02-06-2024 06:03:30.401 +0000 INFO  SavedSplunker - async_saved_search_fetch has been activated with an interval of 30.000 seconds.
02-06-2024 06:04:00.412 +0000 INFO  SavedSplunker - DCSS: completed reading history for continuous scheduled searches
02-06-2024 06:04:00.418 +0000 INFO  SavedSearchHistory - Thread started
02-06-2024 06:04:00.841 +0000 INFO  SavedSplunker - savedsearch_id="nobody;splunk_monitoring_console;DMC Asset - Build Standalone Asset Table", search_type="scheduled", search_streaming=0, user="nobody", app="splunk_monitoring_console", savedsearch_name="DMC Asset - Build Standalone Asset Table", priority=default, status=success, digest_mode=1, durable_cursor=0, scheduled_time=1707199409, window_time=0, dispatch_time=1707199440, run_time=0.137, result_count=4, alert_actions="populate_lookup", sid="scheduler__nobody_c3BsdW5rX21vbml0b3JpbmdfY29uc29sZQ__RMD54740dfff07b17ef1_at_1707199409_0", suppressed=0, action_time_ms=7, thread_id="AlertNotifierWorker-0", workload_pool=""
02-06-2024 06:17:01.811 +0000 INFO  SavedSplunker - savedsearch_id="nobody;splunk_archiver;Bucket Copy Trigger", search_type="scheduled", search_streaming=0, user="nobody", app="splunk_archiver", savedsearch_name="Bucket Copy Trigger", priority=default, status=success, digest_mode=1, durable_cursor=0, scheduled_time=1707200220, window_time=0, dispatch_time=1707200220, run_time=1.138, result_count=0, alert_actions="", sid="scheduler__nobody_c3BsdW5rX2FyY2hpdmVy__RMD5473cbac83d6c9db7_at_1707200220_1", suppressed=0, action_time_ms=2, thread_id="AlertNotifierWorker-0", workload_pool=""
02-06-2024 06:32:49.452 +0000 INFO  SavedSearchHistory - Shut-down started
02-06-2024 06:32:49.452 +0000 INFO  SavedSearchHistory - Thread stopped
02-06-2024 06:32:49.452 +0000 INFO  SavedSearchHistory - Shut-down completed
02-06-2024 06:32:51.745 +0000 INFO  SavedSplunker - Shutting down the SavedSearchFetcher thread
02-06-2024 06:32:51.745 +0000 INFO  SavedSplunker - Ending SavedSearchFetcher thread
02-06-2024 06:33:09.637 +0000 INFO  SavedSplunker - Starting SavedSearchFetcher thread
02-06-2024 06:33:09.637 +0000 INFO  SavedSplunker - async_saved_search_fetch has been activated with an interval of 30.000 seconds.
02-06-2024 06:33:39.650 +0000 INFO  SavedSplunker - DCSS: completed reading history for continuous scheduled searches
02-06-2024 06:33:39.653 +0000 INFO  SavedSearchHistory - Thread started
02-06-2024 06:33:39.965 +0000 INFO  SavedSplunker - savedsearch_id="nobody;splunk_monitoring_console;DMC Asset - Build Standalone Asset Table", search_type="scheduled", search_streaming=0, user="nobody", app="splunk_monitoring_console", savedsearch_name="DMC Asset - Build Standalone Asset Table", priority=default, status=success, digest_mode=1, durable_cursor=0, scheduled_time=1707201188, window_time=0, dispatch_time=1707201219, run_time=0.094, result_count=4, alert_actions="populate_lookup", sid="scheduler__nobody_c3BsdW5rX21vbml0b3JpbmdfY29uc29sZQ__RMD54740dfff07b17ef1_at_1707201188_0", suppressed=0, action_time_ms=7, thread_id="AlertNotifierWorker-0", workload_pool=""
02-06-2024 07:17:02.423 +0000 INFO  SavedSplunker - savedsearch_id="nobody;splunk_archiver;Bucket Copy Trigger", search_type="scheduled", search_streaming=0, user="nobody", app="splunk_archiver", savedsearch_name="Bucket Copy Trigger", priority=default, status=success, digest_mode=1, durable_cursor=0, scheduled_time=1707203820, window_time=0, dispatch_time=1707203820, run_time=1.578, result_count=0, alert_actions="", sid="scheduler__nobody_c3BsdW5rX2FyY2hpdmVy__RMD5473cbac83d6c9db7_at_1707203820_1", suppressed=0, action_time_ms=2, thread_id="AlertNotifierWorker-0", workload_pool=""
02-06-2024 08:17:02.364 +0000 INFO  SavedSplunker - savedsearch_id="nobody;splunk_archiver;Bucket Copy Trigger", search_type="scheduled", search_streaming=0, user="nobody", app="splunk_archiver", savedsearch_name="Bucket Copy Trigger", priority=default, status=success, digest_mode=1, durable_cursor=0, scheduled_time=1707207420, window_time=0, dispatch_time=1707207420, run_time=1.302, result_count=0, alert_actions="", sid="scheduler__nobody_c3BsdW5rX2FyY2hpdmVy__RMD5473cbac83d6c9db7_at_1707207420_2", suppressed=0, action_time_ms=3, thread_id="AlertNotifierWorker-0", workload_pool=""
02-06-2024 09:17:01.402 +0000 INFO  SavedSplunker - savedsearch_id="nobody;splunk_archiver;Bucket Copy Trigger", search_type="scheduled", search_streaming=0, user="nobody", app="splunk_archiver", savedsearch_name="Bucket Copy Trigger", priority=default, status=success, digest_mode=1, durable_cursor=0, scheduled_time=1707211020, window_time=0, dispatch_time=1707211020, run_time=1.065, result_count=0, alert_actions="", sid="scheduler__nobody_c3BsdW5rX2FyY2hpdmVy__RMD5473cbac83d6c9db7_at_1707211020_3", suppressed=0, action_time_ms=1, thread_id="AlertNotifierWorker-0", workload_pool=""
02-06-2024 10:17:01.506 +0000 INFO  SavedSplunker - savedsearch_id="nobody;splunk_archiver;Bucket Copy Trigger", search_type="scheduled", search_streaming=0, user="nobody", app="splunk_archiver", savedsearch_name="Bucket Copy Trigger", priority=default, status=success, digest_mode=1, durable_cursor=0, scheduled_time=1707214620, window_time=0, dispatch_time=1707214620, run_time=1.021, result_count=0, alert_actions="", sid="scheduler__nobody_c3BsdW5rX2FyY2hpdmVy__RMD5473cbac83d6c9db7_at_1707214620_4", suppressed=0, action_time_ms=1, thread_id="AlertNotifierWorker-0", workload_pool=""
02-06-2024 10:39:48.081 +0000 INFO  SavedSplunker - Starting SavedSearchFetcher thread
02-06-2024 10:39:48.082 +0000 INFO  SavedSplunker - async_saved_search_fetch has been activated with an interval of 30.000 seconds.
02-06-2024 10:40:18.092 +0000 INFO  SavedSplunker - DCSS: completed reading history for continuous scheduled searches
02-06-2024 10:40:18.093 +0000 INFO  SavedSearchHistory - Thread started
02-06-2024 10:40:18.316 +0000 INFO  SavedSplunker - savedsearch_id="nobody;splunk_monitoring_console;DMC Asset - Build Standalone Asset Table", search_type="scheduled", search_streaming=0, user="nobody", app="splunk_monitoring_console", savedsearch_name="DMC Asset - Build Standalone Asset Table", priority=default, status=success, digest_mode=1, durable_cursor=0, scheduled_time=1707215987, window_time=0, dispatch_time=1707216018, run_time=0.092, result_count=4, alert_actions="populate_lookup", sid="scheduler__nobody_c3BsdW5rX21vbml0b3JpbmdfY29uc29sZQ__RMD54740dfff07b17ef1_at_1707215987_0", suppressed=0, action_time_ms=11, thread_id="AlertNotifierWorker-0", workload_pool=""
02-06-2024 10:52:33.736 +0000 INFO  SavedSplunker - Starting SavedSearchFetcher thread
02-06-2024 10:52:33.760 +0000 INFO  SavedSplunker - async_saved_search_fetch has been activated with an interval of 30.000 seconds.
02-06-2024 10:53:03.783 +0000 INFO  SavedSplunker - DCSS: completed reading history for continuous scheduled searches
02-06-2024 10:53:03.785 +0000 INFO  SavedSearchHistory - Thread started
02-06-2024 10:53:03.986 +0000 INFO  SavedSplunker - savedsearch_id="nobody;splunk_monitoring_console;DMC Asset - Build Standalone Asset Table", search_type="scheduled", search_streaming=0, user="nobody", app="splunk_monitoring_console", savedsearch_name="DMC Asset - Build Standalone Asset Table", priority=default, status=success, digest_mode=1, durable_cursor=0, scheduled_time=1707216752, window_time=0, dispatch_time=1707216783, run_time=0.103, result_count=4, alert_actions="populate_lookup", sid="scheduler__nobody_c3BsdW5rX21vbml0b3JpbmdfY29uc29sZQ__RMD54740dfff07b17ef1_at_1707216752_0", suppressed=0, action_time_ms=6, thread_id="AlertNotifierWorker-0", workload_pool=""
02-06-2024 11:00:24.952 +0000 INFO  SavedSearchHistory - Shut-down started
02-06-2024 11:00:24.952 +0000 INFO  SavedSearchHistory - Thread stopped
02-06-2024 11:00:24.953 +0000 INFO  SavedSearchHistory - Shut-down completed
02-06-2024 11:00:26.984 +0000 INFO  SavedSplunker - Shutting down the SavedSearchFetcher thread
02-06-2024 11:00:26.984 +0000 INFO  SavedSplunker - Ending SavedSearchFetcher thread
02-06-2024 11:00:43.049 +0000 INFO  SavedSplunker - Starting SavedSearchFetcher thread
02-06-2024 11:00:43.052 +0000 INFO  SavedSplunker - async_saved_search_fetch has been activated with an interval of 30.000 seconds.
02-06-2024 11:01:13.064 +0000 INFO  SavedSplunker - DCSS: completed reading history for continuous scheduled searches
02-06-2024 11:01:13.064 +0000 INFO  SavedSearchHistory - Thread started
02-06-2024 11:01:13.264 +0000 INFO  SavedSplunker - savedsearch_id="nobody;splunk_monitoring_console;DMC Asset - Build Standalone Asset Table", search_type="scheduled", search_streaming=0, user="nobody", app="splunk_monitoring_console", savedsearch_name="DMC Asset - Build Standalone Asset Table", priority=default, status=success, digest_mode=1, durable_cursor=0, scheduled_time=1707217242, window_time=0, dispatch_time=1707217273, run_time=0.074, result_count=4, alert_actions="populate_lookup", sid="scheduler__nobody_c3BsdW5rX21vbml0b3JpbmdfY29uc29sZQ__RMD54740dfff07b17ef1_at_1707217242_0", suppressed=0, action_time_ms=10, thread_id="AlertNotifierWorker-0", workload_pool=""
02-06-2024 11:17:01.368 +0000 INFO  SavedSplunker - savedsearch_id="nobody;splunk_archiver;Bucket Copy Trigger", search_type="scheduled", search_streaming=0, user="nobody", app="splunk_archiver", savedsearch_name="Bucket Copy Trigger", priority=default, status=success, digest_mode=1, durable_cursor=0, scheduled_time=1707218220, window_time=0, dispatch_time=1707218220, run_time=1.129, result_count=0, alert_actions="", sid="scheduler__nobody_c3BsdW5rX2FyY2hpdmVy__RMD5473cbac83d6c9db7_at_1707218220_1", suppressed=0, action_time_ms=1, thread_id="AlertNotifierWorker-0", workload_pool=""
02-06-2024 12:17:01.346 +0000 INFO  SavedSplunker - savedsearch_id="nobody;splunk_archiver;Bucket Copy Trigger", search_type="scheduled", search_streaming=0, user="nobody", app="splunk_archiver", savedsearch_name="Bucket Copy Trigger", priority=default, status=success, digest_mode=1, durable_cursor=0, scheduled_time=1707221820, window_time=0, dispatch_time=1707221820, run_time=0.988, result_count=0, alert_actions="", sid="scheduler__nobody_c3BsdW5rX2FyY2hpdmVy__RMD5473cbac83d6c9db7_at_1707221820_2", suppressed=0, action_time_ms=5, thread_id="AlertNotifierWorker-0", workload_pool=""
02-06-2024 12:55:00.304 +0000 INFO  SavedSearchHistory - Shut-down started
02-06-2024 12:55:00.304 +0000 INFO  SavedSearchHistory - Thread stopped
02-06-2024 12:55:00.304 +0000 INFO  SavedSearchHistory - Shut-down completed
02-06-2024 12:55:01.684 +0000 INFO  SavedSplunker - Shutting down the SavedSearchFetcher thread
02-06-2024 12:55:01.684 +0000 INFO  SavedSplunker - Ending SavedSearchFetcher thread
02-06-2024 12:55:17.643 +0000 INFO  SavedSplunker - Starting SavedSearchFetcher thread
02-06-2024 12:55:17.660 +0000 INFO  SavedSplunker - async_saved_search_fetch has been activated with an interval of 30.000 seconds.
02-06-2024 12:55:47.672 +0000 INFO  SavedSplunker - DCSS: completed reading history for continuous scheduled searches
02-06-2024 12:55:47.685 +0000 INFO  SavedSearchHistory - Thread started
02-06-2024 12:55:47.943 +0000 INFO  SavedSplunker - savedsearch_id="nobody;splunk_monitoring_console;DMC Asset - Build Standalone Asset Table", search_type="scheduled", search_streaming=0, user="nobody", app="splunk_monitoring_console", savedsearch_name="DMC Asset - Build Standalone Asset Table", priority=default, status=success, digest_mode=1, durable_cursor=0, scheduled_time=1707224116, window_time=0, dispatch_time=1707224147, run_time=0.092, result_count=4, alert_actions="populate_lookup", sid="scheduler__nobody_c3BsdW5rX21vbml0b3JpbmdfY29uc29sZQ__RMD54740dfff07b17ef1_at_1707224116_0", suppressed=0, action_time_ms=4, thread_id="AlertNotifierWorker-0", workload_pool=""
02-06-2024 13:01:29.005 +0000 INFO  SavedSearchHistory - Shut-down started
02-06-2024 13:01:29.005 +0000 INFO  SavedSearchHistory - Thread stopped
02-06-2024 13:01:29.006 +0000 INFO  SavedSearchHistory - Shut-down completed
02-06-2024 13:01:30.956 +0000 INFO  SavedSplunker - Shutting down the SavedSearchFetcher thread
02-06-2024 13:01:30.956 +0000 INFO  SavedSplunker - Ending SavedSearchFetcher thread
02-06-2024 13:01:46.843 +0000 INFO  SavedSplunker - Starting SavedSearchFetcher thread
02-06-2024 13:01:46.844 +0000 INFO  SavedSplunker - async_saved_search_fetch has been activated with an interval of 30.000 seconds.
02-06-2024 13:02:16.856 +0000 INFO  SavedSplunker - DCSS: completed reading history for continuous scheduled searches
02-06-2024 13:02:16.857 +0000 INFO  SavedSearchHistory - Thread started
02-06-2024 13:02:17.071 +0000 INFO  SavedSplunker - savedsearch_id="nobody;splunk_monitoring_console;DMC Asset - Build Standalone Asset Table", search_type="scheduled", search_streaming=0, user="nobody", app="splunk_monitoring_console", savedsearch_name="DMC Asset - Build Standalone Asset Table", priority=default, status=success, digest_mode=1, durable_cursor=0, scheduled_time=1707224505, window_time=0, dispatch_time=1707224536, run_time=0.074, result_count=4, alert_actions="populate_lookup", sid="scheduler__nobody_c3BsdW5rX21vbml0b3JpbmdfY29uc29sZQ__RMD54740dfff07b17ef1_at_1707224505_0", suppressed=0, action_time_ms=4, thread_id="AlertNotifierWorker-0", workload_pool=""
02-06-2024 13:17:03.474 +0000 INFO  SavedSplunker - savedsearch_id="nobody;splunk_archiver;Bucket Copy Trigger", search_type="scheduled", search_streaming=0, user="nobody", app="splunk_archiver", savedsearch_name="Bucket Copy Trigger", priority=default, status=success, digest_mode=1, durable_cursor=0, scheduled_time=1707225420, window_time=0, dispatch_time=1707225420, run_time=2.273, result_count=0, alert_actions="", sid="scheduler__nobody_c3BsdW5rX2FyY2hpdmVy__RMD5473cbac83d6c9db7_at_1707225420_1", suppressed=0, action_time_ms=1, thread_id="AlertNotifierWorker-0", workload_pool=""
02-06-2024 14:17:03.070 +0000 INFO  SavedSplunker - savedsearch_id="nobody;splunk_archiver;Bucket Copy Trigger", search_type="scheduled", search_streaming=0, user="nobody", app="splunk_archiver", savedsearch_name="Bucket Copy Trigger", priority=default, status=success, digest_mode=1, durable_cursor=0, scheduled_time=1707229020, window_time=0, dispatch_time=1707229020, run_time=2.661, result_count=0, alert_actions="", sid="scheduler__nobody_c3BsdW5rX2FyY2hpdmVy__RMD5473cbac83d6c9db7_at_1707229020_2", suppressed=0, action_time_ms=3, thread_id="AlertNotifierWorker-0", workload_pool=""
02-06-2024 15:17:02.624 +0000 INFO  SavedSplunker - savedsearch_id="nobody;splunk_archiver;Bucket Copy Trigger", search_type="scheduled", search_streaming=0, user="nobody", app="splunk_archiver", savedsearch_name="Bucket Copy Trigger", priority=default, status=success, digest_mode=1, durable_cursor=0, scheduled_time=1707232620, window_time=0, dispatch_time=1707232620, run_time=2.296, result_count=0, alert_actions="", sid="scheduler__nobody_c3BsdW5rX2FyY2hpdmVy__RMD5473cbac83d6c9db7_at_1707232620_3", suppressed=0, action_time_ms=3, thread_id="AlertNotifierWorker-0", workload_pool=""
02-06-2024 15:25:31.116 +0000 INFO  SavedSearchHistory - Shut-down started
02-06-2024 15:25:31.116 +0000 INFO  SavedSearchHistory - Thread stopped
02-06-2024 15:25:31.116 +0000 INFO  SavedSearchHistory - Shut-down completed
02-06-2024 15:25:31.615 +0000 INFO  SavedSplunker - Shutting down the SavedSearchFetcher thread
02-06-2024 15:25:31.615 +0000 INFO  SavedSplunker - Ending SavedSearchFetcher thread
02-06-2024 15:25:46.713 +0000 INFO  SavedSplunker - Starting SavedSearchFetcher thread
02-06-2024 15:25:46.732 +0000 INFO  SavedSplunker - async_saved_search_fetch has been activated with an interval of 30.000 seconds.
02-06-2024 15:26:16.745 +0000 INFO  SavedSplunker - DCSS: completed reading history for continuous scheduled searches
02-06-2024 15:26:16.751 +0000 INFO  SavedSearchHistory - Thread started
02-06-2024 15:26:17.013 +0000 INFO  SavedSplunker - savedsearch_id="nobody;splunk_monitoring_console;DMC Asset - Build Standalone Asset Table", search_type="scheduled", search_streaming=0, user="nobody", app="splunk_monitoring_console", savedsearch_name="DMC Asset - Build Standalone Asset Table", priority=default, status=success, digest_mode=1, durable_cursor=0, scheduled_time=1707233145, window_time=0, dispatch_time=1707233176, run_time=0.075, result_count=4, alert_actions="populate_lookup", sid="scheduler__nobody_c3BsdW5rX21vbml0b3JpbmdfY29uc29sZQ__RMD54740dfff07b17ef1_at_1707233145_0", suppressed=0, action_time_ms=7, thread_id="AlertNotifierWorker-0", workload_pool=""
02-06-2024 16:17:03.052 +0000 INFO  SavedSplunker - savedsearch_id="nobody;splunk_archiver;Bucket Copy Trigger", search_type="scheduled", search_streaming=0, user="nobody", app="splunk_archiver", savedsearch_name="Bucket Copy Trigger", priority=default, status=success, digest_mode=1, durable_cursor=0, scheduled_time=1707236220, window_time=0, dispatch_time=1707236220, run_time=1.803, result_count=0, alert_actions="", sid="scheduler__nobody_c3BsdW5rX2FyY2hpdmVy__RMD5473cbac83d6c9db7_at_1707236220_1", suppressed=0, action_time_ms=1, thread_id="AlertNotifierWorker-0", workload_pool=""
02-06-2024 17:17:02.952 +0000 INFO  SavedSplunker - savedsearch_id="nobody;splunk_archiver;Bucket Copy Trigger", search_type="scheduled", search_streaming=0, user="nobody", app="splunk_archiver", savedsearch_name="Bucket Copy Trigger", priority=default, status=success, digest_mode=1, durable_cursor=0, scheduled_time=1707239820, window_time=0, dispatch_time=1707239820, run_time=2.474, result_count=0, alert_actions="", sid="scheduler__nobody_c3BsdW5rX2FyY2hpdmVy__RMD5473cbac83d6c9db7_at_1707239820_2", suppressed=0, action_time_ms=1, thread_id="AlertNotifierWorker-0", workload_pool=""
02-06-2024 18:17:02.882 +0000 INFO  SavedSplunker - savedsearch_id="nobody;splunk_archiver;Bucket Copy Trigger", search_type="scheduled", search_streaming=0, user="nobody", app="splunk_archiver", savedsearch_name="Bucket Copy Trigger", priority=default, status=success, digest_mode=1, durable_cursor=0, scheduled_time=1707243420, window_time=0, dispatch_time=1707243420, run_time=2.147, result_count=0, alert_actions="", sid="scheduler__nobody_c3BsdW5rX2FyY2hpdmVy__RMD5473cbac83d6c9db7_at_1707243420_3", suppressed=0, action_time_ms=1, thread_id="AlertNotifierWorker-0", workload_pool=""
02-06-2024 19:17:01.611 +0000 INFO  SavedSplunker - savedsearch_id="nobody;splunk_archiver;Bucket Copy Trigger", search_type="scheduled", search_streaming=0, user="nobody", app="splunk_archiver", savedsearch_name="Bucket Copy Trigger", priority=default, status=success, digest_mode=1, durable_cursor=0, scheduled_time=1707247020, window_time=0, dispatch_time=1707247020, run_time=1.414, result_count=0, alert_actions="", sid="scheduler__nobody_c3BsdW5rX2FyY2hpdmVy__RMD5473cbac83d6c9db7_at_1707247020_4", suppressed=0, action_time_ms=1, thread_id="AlertNotifierWorker-0", workload_pool=""
02-06-2024 19:49:33.087 +0000 INFO  SavedSearchHistory - Shut-down started
02-06-2024 19:49:33.087 +0000 INFO  SavedSearchHistory - Thread stopped
02-06-2024 19:49:33.087 +0000 INFO  SavedSearchHistory - Shut-down completed
02-06-2024 19:49:35.054 +0000 INFO  SavedSplunker - Shutting down the SavedSearchFetcher thread
02-06-2024 19:49:35.054 +0000 INFO  SavedSplunker - Ending SavedSearchFetcher thread
02-06-2024 19:49:52.796 +0000 INFO  SavedSplunker - Starting SavedSearchFetcher thread
02-06-2024 19:49:52.796 +0000 INFO  SavedSplunker - async_saved_search_fetch has been activated with an interval of 30.000 seconds.
02-06-2024 19:50:22.808 +0000 INFO  SavedSplunker - DCSS: completed reading history for continuous scheduled searches
02-06-2024 19:50:22.809 +0000 INFO  SavedSearchHistory - Thread started
02-06-2024 19:50:23.157 +0000 INFO  SavedSplunker - savedsearch_id="nobody;splunk_monitoring_console;DMC Asset - Build Standalone Asset Table", search_type="scheduled", search_streaming=0, user="nobody", app="splunk_monitoring_console", savedsearch_name="DMC Asset - Build Standalone Asset Table", priority=default, status=success, digest_mode=1, durable_cursor=0, scheduled_time=1707248991, window_time=0, dispatch_time=1707249022, run_time=0.121, result_count=4, alert_actions="populate_lookup", sid="scheduler__nobody_c3BsdW5rX21vbml0b3JpbmdfY29uc29sZQ__RMD54740dfff07b17ef1_at_1707248991_0", suppressed=0, action_time_ms=7, thread_id="AlertNotifierWorker-0", workload_pool=""
02-06-2024 20:17:02.137 +0000 INFO  SavedSplunker - savedsearch_id="nobody;splunk_archiver;Bucket Copy Trigger", search_type="scheduled", search_streaming=0, user="nobody", app="splunk_archiver", savedsearch_name="Bucket Copy Trigger", priority=default, status=success, digest_mode=1, durable_cursor=0, scheduled_time=1707250620, window_time=0, dispatch_time=1707250620, run_time=1.252, result_count=0, alert_actions="", sid="scheduler__nobody_c3BsdW5rX2FyY2hpdmVy__RMD5473cbac83d6c9db7_at_1707250620_1", suppressed=0, action_time_ms=4, thread_id="AlertNotifierWorker-0", workload_pool=""
02-06-2024 20:42:53.994 +0000 INFO  SavedSearchHistory - Shut-down started
02-06-2024 20:42:53.994 +0000 INFO  SavedSearchHistory - Thread stopped
02-06-2024 20:42:53.994 +0000 INFO  SavedSearchHistory - Shut-down completed
02-06-2024 20:42:55.160 +0000 INFO  SavedSplunker - Shutting down the SavedSearchFetcher thread
02-06-2024 20:42:55.160 +0000 INFO  SavedSplunker - Ending SavedSearchFetcher thread
02-06-2024 20:43:11.014 +0000 INFO  SavedSplunker - Starting SavedSearchFetcher thread
02-06-2024 20:43:11.014 +0000 INFO  SavedSplunker - async_saved_search_fetch has been activated with an interval of 30.000 seconds.
02-06-2024 20:43:41.036 +0000 INFO  SavedSplunker - DCSS: completed reading history for continuous scheduled searches
02-06-2024 20:43:41.040 +0000 INFO  SavedSearchHistory - Thread started
02-06-2024 20:43:41.254 +0000 INFO  SavedSplunker - savedsearch_id="nobody;splunk_monitoring_console;DMC Asset - Build Standalone Asset Table", search_type="scheduled", search_streaming=0, user="nobody", app="splunk_monitoring_console", savedsearch_name="DMC Asset - Build Standalone Asset Table", priority=default, status=success, digest_mode=1, durable_cursor=0, scheduled_time=1707252190, window_time=0, dispatch_time=1707252221, run_time=0.079, result_count=4, alert_actions="populate_lookup", sid="scheduler__nobody_c3BsdW5rX21vbml0b3JpbmdfY29uc29sZQ__RMD54740dfff07b17ef1_at_1707252190_0", suppressed=0, action_time_ms=7, thread_id="AlertNotifierWorker-0", workload_pool=""
02-06-2024 20:49:10.360 +0000 INFO  SavedSearchHistory - Shut-down started
02-06-2024 20:49:10.360 +0000 INFO  SavedSearchHistory - Thread stopped
02-06-2024 20:49:10.361 +0000 INFO  SavedSearchHistory - Shut-down completed
02-06-2024 20:49:11.295 +0000 INFO  SavedSplunker - Shutting down the SavedSearchFetcher thread
02-06-2024 20:49:11.296 +0000 INFO  SavedSplunker - Ending SavedSearchFetcher thread
02-06-2024 20:49:26.560 +0000 INFO  SavedSplunker - Starting SavedSearchFetcher thread
02-06-2024 20:49:26.584 +0000 INFO  SavedSplunker - async_saved_search_fetch has been activated with an interval of 30.000 seconds.
02-06-2024 20:49:56.596 +0000 INFO  SavedSplunker - DCSS: completed reading history for continuous scheduled searches
02-06-2024 20:49:56.608 +0000 INFO  SavedSearchHistory - Thread started
02-06-2024 20:49:56.921 +0000 INFO  SavedSplunker - savedsearch_id="nobody;splunk_monitoring_console;DMC Asset - Build Standalone Asset Table", search_type="scheduled", search_streaming=0, user="nobody", app="splunk_monitoring_console", savedsearch_name="DMC Asset - Build Standalone Asset Table", priority=default, status=success, digest_mode=1, durable_cursor=0, scheduled_time=1707252565, window_time=0, dispatch_time=1707252596, run_time=0.094, result_count=4, alert_actions="populate_lookup", sid="scheduler__nobody_c3BsdW5rX21vbml0b3JpbmdfY29uc29sZQ__RMD54740dfff07b17ef1_at_1707252565_0", suppressed=0, action_time_ms=4, thread_id="AlertNotifierWorker-0", workload_pool=""
