02-06-2024 04:57:43.803 +0000 WARN  SSLOptions - server.conf/[sslConfig]/sslVerifyServerCert is false disabling certificate validation; must be set to "true" for increased security
02-06-2024 04:57:43.803 +0000 INFO  ServerConfig - No '/opt/splunk/etc/auth/server.pem' certificate found.  Splunkd communication will not work without this.  If this is a fresh installation, this should be OK.
02-06-2024 04:57:43.803 +0000 INFO  ServerConfig - certificateStatusValidationMethod is not set, defaulting to none.
02-06-2024 04:57:43.803 +0000 INFO  ServerConfig - Splunk is starting with EC-SSC disabled
02-06-2024 04:57:44.602 +0000 INFO  loader - Getting configuration data from: /opt/splunk/etc/myinstall/splunkd.xml
02-06-2024 04:57:44.602 +0000 INFO  loader - SPLUNK_MODULE_PATH environment variable not found - defaulting to /opt/splunk/etc/modules
02-06-2024 04:57:44.602 +0000 INFO  loader - loading modules from /opt/splunk/etc/modules
02-06-2024 04:57:44.603 +0000 INFO  loader - Writing out composite configuration file: /opt/splunk/var/run/splunk/composite.xml
02-06-2024 04:57:44.614 +0000 INFO  loader - Validated 11 indexes in 4.656 milliseconds
02-06-2024 04:57:44.671 +0000 WARN  SSLOptions - server.conf/[sslConfig]/sslVerifyServerCert is false disabling certificate validation; must be set to "true" for increased security
02-06-2024 04:57:44.671 +0000 INFO  ServerConfig - certificateStatusValidationMethod is not set, defaulting to none.
02-06-2024 04:57:44.671 +0000 INFO  ServerConfig - Splunk is starting with EC-SSC disabled
02-06-2024 04:57:45.033 +0000 INFO  loader - Getting configuration data from: /opt/splunk/etc/myinstall/splunkd.xml
02-06-2024 04:57:45.033 +0000 INFO  loader - SPLUNK_MODULE_PATH environment variable not found - defaulting to /opt/splunk/etc/modules
02-06-2024 04:57:45.033 +0000 INFO  loader - loading modules from /opt/splunk/etc/modules
02-06-2024 04:57:45.034 +0000 INFO  loader - Writing out composite configuration file: /opt/splunk/var/run/splunk/composite.xml
02-06-2024 05:28:34.831 +0000 WARN  SSLOptions - server.conf/[sslConfig]/sslVerifyServerCert is false disabling certificate validation; must be set to "true" for increased security
02-06-2024 05:28:34.831 +0000 INFO  ServerConfig - certificateStatusValidationMethod is not set, defaulting to none.
02-06-2024 05:28:34.832 +0000 INFO  ServerConfig - Splunk is starting with EC-SSC disabled
02-06-2024 05:28:35.404 +0000 INFO  loader - Getting configuration data from: /opt/splunk/etc/myinstall/splunkd.xml
02-06-2024 05:28:35.404 +0000 INFO  loader - SPLUNK_MODULE_PATH environment variable not found - defaulting to /opt/splunk/etc/modules
02-06-2024 05:28:35.404 +0000 INFO  loader - loading modules from /opt/splunk/etc/modules
02-06-2024 05:28:35.405 +0000 INFO  loader - Writing out composite configuration file: /opt/splunk/var/run/splunk/composite.xml
02-06-2024 05:28:35.416 +0000 INFO  loader - Validated 11 indexes in 4.447 milliseconds
02-06-2024 05:28:35.474 +0000 WARN  SSLOptions - server.conf/[sslConfig]/sslVerifyServerCert is false disabling certificate validation; must be set to "true" for increased security
02-06-2024 05:28:35.474 +0000 INFO  ServerConfig - certificateStatusValidationMethod is not set, defaulting to none.
02-06-2024 05:28:35.474 +0000 INFO  ServerConfig - Splunk is starting with EC-SSC disabled
02-06-2024 05:28:35.839 +0000 INFO  loader - Getting configuration data from: /opt/splunk/etc/myinstall/splunkd.xml
02-06-2024 05:28:35.839 +0000 INFO  loader - SPLUNK_MODULE_PATH environment variable not found - defaulting to /opt/splunk/etc/modules
02-06-2024 05:28:35.839 +0000 INFO  loader - loading modules from /opt/splunk/etc/modules
02-06-2024 05:28:35.840 +0000 INFO  loader - Writing out composite configuration file: /opt/splunk/var/run/splunk/composite.xml
02-06-2024 05:56:32.334 +0000 WARN  SSLOptions - server.conf/[sslConfig]/sslVerifyServerCert is false disabling certificate validation; must be set to "true" for increased security
02-06-2024 05:56:32.335 +0000 INFO  ServerConfig - certificateStatusValidationMethod is not set, defaulting to none.
02-06-2024 05:56:32.335 +0000 INFO  ServerConfig - Splunk is starting with EC-SSC disabled
02-06-2024 05:56:32.918 +0000 INFO  loader - Getting configuration data from: /opt/splunk/etc/myinstall/splunkd.xml
02-06-2024 05:56:32.918 +0000 INFO  loader - SPLUNK_MODULE_PATH environment variable not found - defaulting to /opt/splunk/etc/modules
02-06-2024 05:56:32.918 +0000 INFO  loader - loading modules from /opt/splunk/etc/modules
02-06-2024 05:56:32.919 +0000 INFO  loader - Writing out composite configuration file: /opt/splunk/var/run/splunk/composite.xml
02-06-2024 05:56:32.929 +0000 INFO  loader - Validated 11 indexes in 4.405 milliseconds
02-06-2024 05:56:32.988 +0000 WARN  SSLOptions - server.conf/[sslConfig]/sslVerifyServerCert is false disabling certificate validation; must be set to "true" for increased security
02-06-2024 05:56:32.988 +0000 INFO  ServerConfig - certificateStatusValidationMethod is not set, defaulting to none.
02-06-2024 05:56:32.988 +0000 INFO  ServerConfig - Splunk is starting with EC-SSC disabled
02-06-2024 05:56:33.355 +0000 INFO  loader - Getting configuration data from: /opt/splunk/etc/myinstall/splunkd.xml
02-06-2024 05:56:33.355 +0000 INFO  loader - SPLUNK_MODULE_PATH environment variable not found - defaulting to /opt/splunk/etc/modules
02-06-2024 05:56:33.355 +0000 INFO  loader - loading modules from /opt/splunk/etc/modules
02-06-2024 05:56:33.357 +0000 INFO  loader - Writing out composite configuration file: /opt/splunk/var/run/splunk/composite.xml
02-06-2024 05:58:42.009 +0000 WARN  SSLOptions - server.conf/[sslConfig]/sslVerifyServerCert is false disabling certificate validation; must be set to "true" for increased security
02-06-2024 05:58:42.009 +0000 INFO  ServerConfig - certificateStatusValidationMethod is not set, defaulting to none.
02-06-2024 05:58:42.009 +0000 INFO  ServerConfig - Splunk is starting with EC-SSC disabled
02-06-2024 05:58:42.587 +0000 INFO  loader - Getting configuration data from: /opt/splunk/etc/myinstall/splunkd.xml
02-06-2024 05:58:42.587 +0000 INFO  loader - SPLUNK_MODULE_PATH environment variable not found - defaulting to /opt/splunk/etc/modules
02-06-2024 05:58:42.587 +0000 INFO  loader - loading modules from /opt/splunk/etc/modules
02-06-2024 05:58:42.588 +0000 INFO  loader - Writing out composite configuration file: /opt/splunk/var/run/splunk/composite.xml
02-06-2024 05:58:42.598 +0000 INFO  loader - Validated 11 indexes in 4.404 milliseconds
02-06-2024 05:58:42.656 +0000 WARN  SSLOptions - server.conf/[sslConfig]/sslVerifyServerCert is false disabling certificate validation; must be set to "true" for increased security
02-06-2024 05:58:42.656 +0000 INFO  ServerConfig - certificateStatusValidationMethod is not set, defaulting to none.
02-06-2024 05:58:42.656 +0000 INFO  ServerConfig - Splunk is starting with EC-SSC disabled
02-06-2024 05:58:43.019 +0000 INFO  loader - Getting configuration data from: /opt/splunk/etc/myinstall/splunkd.xml
02-06-2024 05:58:43.019 +0000 INFO  loader - SPLUNK_MODULE_PATH environment variable not found - defaulting to /opt/splunk/etc/modules
02-06-2024 05:58:43.019 +0000 INFO  loader - loading modules from /opt/splunk/etc/modules
02-06-2024 05:58:43.020 +0000 INFO  loader - Writing out composite configuration file: /opt/splunk/var/run/splunk/composite.xml
02-06-2024 06:02:58.559 +0000 WARN  SSLOptions - server.conf/[sslConfig]/sslVerifyServerCert is false disabling certificate validation; must be set to "true" for increased security
02-06-2024 06:02:58.559 +0000 INFO  ServerConfig - certificateStatusValidationMethod is not set, defaulting to none.
02-06-2024 06:02:58.559 +0000 INFO  ServerConfig - Splunk is starting with EC-SSC disabled
02-06-2024 06:02:59.131 +0000 INFO  loader - Getting configuration data from: /opt/splunk/etc/myinstall/splunkd.xml
02-06-2024 06:02:59.131 +0000 INFO  loader - SPLUNK_MODULE_PATH environment variable not found - defaulting to /opt/splunk/etc/modules
02-06-2024 06:02:59.131 +0000 INFO  loader - loading modules from /opt/splunk/etc/modules
02-06-2024 06:02:59.132 +0000 INFO  loader - Writing out composite configuration file: /opt/splunk/var/run/splunk/composite.xml
02-06-2024 06:02:59.142 +0000 INFO  loader - Validated 11 indexes in 4.366 milliseconds
02-06-2024 06:02:59.201 +0000 WARN  SSLOptions - server.conf/[sslConfig]/sslVerifyServerCert is false disabling certificate validation; must be set to "true" for increased security
02-06-2024 06:02:59.201 +0000 INFO  ServerConfig - certificateStatusValidationMethod is not set, defaulting to none.
02-06-2024 06:02:59.201 +0000 INFO  ServerConfig - Splunk is starting with EC-SSC disabled
02-06-2024 06:02:59.564 +0000 INFO  loader - Getting configuration data from: /opt/splunk/etc/myinstall/splunkd.xml
02-06-2024 06:02:59.564 +0000 INFO  loader - SPLUNK_MODULE_PATH environment variable not found - defaulting to /opt/splunk/etc/modules
02-06-2024 06:02:59.564 +0000 INFO  loader - loading modules from /opt/splunk/etc/modules
02-06-2024 06:02:59.565 +0000 INFO  loader - Writing out composite configuration file: /opt/splunk/var/run/splunk/composite.xml
02-06-2024 06:03:07.985 +0000 WARN  SSLOptions - server.conf/[sslConfig]/sslVerifyServerCert is false disabling certificate validation; must be set to "true" for increased security
02-06-2024 06:03:07.985 +0000 INFO  ServerConfig - certificateStatusValidationMethod is not set, defaulting to none.
02-06-2024 06:03:07.985 +0000 INFO  ServerConfig - Splunk is starting with EC-SSC disabled
02-06-2024 06:03:08.567 +0000 INFO  loader - Getting configuration data from: /opt/splunk/etc/myinstall/splunkd.xml
02-06-2024 06:03:08.568 +0000 INFO  loader - SPLUNK_MODULE_PATH environment variable not found - defaulting to /opt/splunk/etc/modules
02-06-2024 06:03:08.568 +0000 INFO  loader - loading modules from /opt/splunk/etc/modules
02-06-2024 06:03:08.569 +0000 INFO  loader - Writing out composite configuration file: /opt/splunk/var/run/splunk/composite.xml
02-06-2024 06:03:08.579 +0000 INFO  loader - Validated 11 indexes in 4.500 milliseconds
02-06-2024 06:03:08.642 +0000 WARN  SSLOptions - server.conf/[sslConfig]/sslVerifyServerCert is false disabling certificate validation; must be set to "true" for increased security
02-06-2024 06:03:08.642 +0000 INFO  ServerConfig - certificateStatusValidationMethod is not set, defaulting to none.
02-06-2024 06:03:08.642 +0000 INFO  ServerConfig - Splunk is starting with EC-SSC disabled
02-06-2024 06:03:09.017 +0000 INFO  loader - Getting configuration data from: /opt/splunk/etc/myinstall/splunkd.xml
02-06-2024 06:03:09.017 +0000 INFO  loader - SPLUNK_MODULE_PATH environment variable not found - defaulting to /opt/splunk/etc/modules
02-06-2024 06:03:09.017 +0000 INFO  loader - loading modules from /opt/splunk/etc/modules
02-06-2024 06:03:09.018 +0000 INFO  loader - Writing out composite configuration file: /opt/splunk/var/run/splunk/composite.xml
02-06-2024 06:32:58.635 +0000 WARN  SSLOptions - server.conf/[sslConfig]/sslVerifyServerCert is false disabling certificate validation; must be set to "true" for increased security
02-06-2024 06:32:58.635 +0000 INFO  ServerConfig - certificateStatusValidationMethod is not set, defaulting to none.
02-06-2024 06:32:58.635 +0000 INFO  ServerConfig - Splunk is starting with EC-SSC disabled
02-06-2024 06:32:59.203 +0000 INFO  loader - Getting configuration data from: /opt/splunk/etc/myinstall/splunkd.xml
02-06-2024 06:32:59.203 +0000 INFO  loader - SPLUNK_MODULE_PATH environment variable not found - defaulting to /opt/splunk/etc/modules
02-06-2024 06:32:59.203 +0000 INFO  loader - loading modules from /opt/splunk/etc/modules
02-06-2024 06:32:59.204 +0000 INFO  loader - Writing out composite configuration file: /opt/splunk/var/run/splunk/composite.xml
02-06-2024 06:32:59.214 +0000 INFO  loader - Validated 11 indexes in 4.495 milliseconds
02-06-2024 06:32:59.271 +0000 WARN  SSLOptions - server.conf/[sslConfig]/sslVerifyServerCert is false disabling certificate validation; must be set to "true" for increased security
02-06-2024 06:32:59.272 +0000 INFO  ServerConfig - certificateStatusValidationMethod is not set, defaulting to none.
02-06-2024 06:32:59.272 +0000 INFO  ServerConfig - Splunk is starting with EC-SSC disabled
02-06-2024 06:32:59.642 +0000 INFO  loader - Getting configuration data from: /opt/splunk/etc/myinstall/splunkd.xml
02-06-2024 06:32:59.642 +0000 INFO  loader - SPLUNK_MODULE_PATH environment variable not found - defaulting to /opt/splunk/etc/modules
02-06-2024 06:32:59.642 +0000 INFO  loader - loading modules from /opt/splunk/etc/modules
02-06-2024 06:32:59.643 +0000 INFO  loader - Writing out composite configuration file: /opt/splunk/var/run/splunk/composite.xml
02-06-2024 10:39:34.912 +0000 WARN  SSLOptions - server.conf/[sslConfig]/sslVerifyServerCert is false disabling certificate validation; must be set to "true" for increased security
02-06-2024 10:39:34.912 +0000 INFO  ServerConfig - certificateStatusValidationMethod is not set, defaulting to none.
02-06-2024 10:39:34.912 +0000 INFO  ServerConfig - Splunk is starting with EC-SSC disabled
02-06-2024 10:39:35.500 +0000 INFO  loader - Getting configuration data from: /opt/splunk/etc/myinstall/splunkd.xml
02-06-2024 10:39:35.500 +0000 INFO  loader - SPLUNK_MODULE_PATH environment variable not found - defaulting to /opt/splunk/etc/modules
02-06-2024 10:39:35.500 +0000 INFO  loader - loading modules from /opt/splunk/etc/modules
02-06-2024 10:39:35.501 +0000 INFO  loader - Writing out composite configuration file: /opt/splunk/var/run/splunk/composite.xml
02-06-2024 10:39:35.518 +0000 INFO  loader - Validated 11 indexes in 10.46 milliseconds
02-06-2024 10:39:35.575 +0000 WARN  SSLOptions - server.conf/[sslConfig]/sslVerifyServerCert is false disabling certificate validation; must be set to "true" for increased security
02-06-2024 10:39:35.575 +0000 INFO  ServerConfig - certificateStatusValidationMethod is not set, defaulting to none.
02-06-2024 10:39:35.576 +0000 INFO  ServerConfig - Splunk is starting with EC-SSC disabled
02-06-2024 10:39:36.030 +0000 INFO  loader - Getting configuration data from: /opt/splunk/etc/myinstall/splunkd.xml
02-06-2024 10:39:36.031 +0000 INFO  loader - SPLUNK_MODULE_PATH environment variable not found - defaulting to /opt/splunk/etc/modules
02-06-2024 10:39:36.031 +0000 INFO  loader - loading modules from /opt/splunk/etc/modules
02-06-2024 10:39:36.032 +0000 INFO  loader - Writing out composite configuration file: /opt/splunk/var/run/splunk/composite.xml
02-06-2024 10:52:23.131 +0000 WARN  SSLOptions - server.conf/[sslConfig]/sslVerifyServerCert is false disabling certificate validation; must be set to "true" for increased security
02-06-2024 10:52:23.131 +0000 INFO  ServerConfig - certificateStatusValidationMethod is not set, defaulting to none.
02-06-2024 10:52:23.131 +0000 INFO  ServerConfig - Splunk is starting with EC-SSC disabled
02-06-2024 10:52:23.698 +0000 INFO  loader - Getting configuration data from: /opt/splunk/etc/myinstall/splunkd.xml
02-06-2024 10:52:23.698 +0000 INFO  loader - SPLUNK_MODULE_PATH environment variable not found - defaulting to /opt/splunk/etc/modules
02-06-2024 10:52:23.698 +0000 INFO  loader - loading modules from /opt/splunk/etc/modules
02-06-2024 10:52:23.700 +0000 INFO  loader - Writing out composite configuration file: /opt/splunk/var/run/splunk/composite.xml
02-06-2024 10:52:23.710 +0000 INFO  loader - Validated 11 indexes in 4.528 milliseconds
02-06-2024 10:52:23.767 +0000 WARN  SSLOptions - server.conf/[sslConfig]/sslVerifyServerCert is false disabling certificate validation; must be set to "true" for increased security
02-06-2024 10:52:23.768 +0000 INFO  ServerConfig - certificateStatusValidationMethod is not set, defaulting to none.
02-06-2024 10:52:23.768 +0000 INFO  ServerConfig - Splunk is starting with EC-SSC disabled
02-06-2024 10:52:24.140 +0000 INFO  loader - Getting configuration data from: /opt/splunk/etc/myinstall/splunkd.xml
02-06-2024 10:52:24.140 +0000 INFO  loader - SPLUNK_MODULE_PATH environment variable not found - defaulting to /opt/splunk/etc/modules
02-06-2024 10:52:24.140 +0000 INFO  loader - loading modules from /opt/splunk/etc/modules
02-06-2024 10:52:24.141 +0000 INFO  loader - Writing out composite configuration file: /opt/splunk/var/run/splunk/composite.xml
02-06-2024 11:00:32.465 +0000 WARN  SSLOptions - server.conf/[sslConfig]/sslVerifyServerCert is false disabling certificate validation; must be set to "true" for increased security
02-06-2024 11:00:32.465 +0000 INFO  ServerConfig - certificateStatusValidationMethod is not set, defaulting to none.
02-06-2024 11:00:32.465 +0000 INFO  ServerConfig - Splunk is starting with EC-SSC disabled
02-06-2024 11:00:33.061 +0000 INFO  loader - Getting configuration data from: /opt/splunk/etc/myinstall/splunkd.xml
02-06-2024 11:00:33.061 +0000 INFO  loader - SPLUNK_MODULE_PATH environment variable not found - defaulting to /opt/splunk/etc/modules
02-06-2024 11:00:33.061 +0000 INFO  loader - loading modules from /opt/splunk/etc/modules
02-06-2024 11:00:33.062 +0000 INFO  loader - Writing out composite configuration file: /opt/splunk/var/run/splunk/composite.xml
02-06-2024 11:00:33.070 +0000 WARN  IndexConfig - Max bucket size is larger than destination path size limit. Please check your index configuration. idx=bcgames; bucket size in (from maxDataSize) 750 MB, homePath.maxDataSizeMB=100,  coldPath.maxDataSizeMB=100
02-06-2024 11:00:33.070 +0000 WARN  IndexConfig - Home path size limit cannot accomodate maximum number of hot buckets with specified bucket size because homePath.maxDataSizeMB is too small. Please check your index configuration: idx=bcgames maxDataSize=750 MB, homePath.maxDataSizeMB=100 MB
02-06-2024 11:00:33.070 +0000 WARN  IndexConfig - Max bucket size is larger than destination path size limit. Please check your index configuration. idx=infra; bucket size in (from maxDataSize) 750 MB, homePath.maxDataSizeMB=100,  coldPath.maxDataSizeMB=100
02-06-2024 11:00:33.070 +0000 WARN  IndexConfig - Home path size limit cannot accomodate maximum number of hot buckets with specified bucket size because homePath.maxDataSizeMB is too small. Please check your index configuration: idx=infra maxDataSize=750 MB, homePath.maxDataSizeMB=100 MB
02-06-2024 11:00:33.071 +0000 WARN  IndexConfig - Max bucket size is larger than destination path size limit. Please check your index configuration. idx=soc; bucket size in (from maxDataSize) 750 MB, homePath.maxDataSizeMB=100,  coldPath.maxDataSizeMB=100
02-06-2024 11:00:33.071 +0000 WARN  IndexConfig - Home path size limit cannot accomodate maximum number of hot buckets with specified bucket size because homePath.maxDataSizeMB is too small. Please check your index configuration: idx=soc maxDataSize=750 MB, homePath.maxDataSizeMB=100 MB
02-06-2024 11:00:33.073 +0000 INFO  loader - Validated 14 indexes in 5.481 milliseconds
02-06-2024 11:00:33.134 +0000 WARN  SSLOptions - server.conf/[sslConfig]/sslVerifyServerCert is false disabling certificate validation; must be set to "true" for increased security
02-06-2024 11:00:33.135 +0000 INFO  ServerConfig - certificateStatusValidationMethod is not set, defaulting to none.
02-06-2024 11:00:33.135 +0000 INFO  ServerConfig - Splunk is starting with EC-SSC disabled
02-06-2024 11:00:33.508 +0000 INFO  loader - Getting configuration data from: /opt/splunk/etc/myinstall/splunkd.xml
02-06-2024 11:00:33.509 +0000 INFO  loader - SPLUNK_MODULE_PATH environment variable not found - defaulting to /opt/splunk/etc/modules
02-06-2024 11:00:33.509 +0000 INFO  loader - loading modules from /opt/splunk/etc/modules
02-06-2024 11:00:33.510 +0000 INFO  loader - Writing out composite configuration file: /opt/splunk/var/run/splunk/composite.xml
02-06-2024 12:55:07.169 +0000 WARN  SSLOptions - server.conf/[sslConfig]/sslVerifyServerCert is false disabling certificate validation; must be set to "true" for increased security
02-06-2024 12:55:07.169 +0000 INFO  ServerConfig - certificateStatusValidationMethod is not set, defaulting to none.
02-06-2024 12:55:07.169 +0000 INFO  ServerConfig - Splunk is starting with EC-SSC disabled
02-06-2024 12:55:07.755 +0000 INFO  loader - Getting configuration data from: /opt/splunk/etc/myinstall/splunkd.xml
02-06-2024 12:55:07.755 +0000 INFO  loader - SPLUNK_MODULE_PATH environment variable not found - defaulting to /opt/splunk/etc/modules
02-06-2024 12:55:07.755 +0000 INFO  loader - loading modules from /opt/splunk/etc/modules
02-06-2024 12:55:07.756 +0000 INFO  loader - Writing out composite configuration file: /opt/splunk/var/run/splunk/composite.xml
02-06-2024 12:55:07.765 +0000 WARN  IndexConfig - Max bucket size is larger than destination path size limit. Please check your index configuration. idx=bcgames; bucket size in (from maxDataSize) 750 MB, homePath.maxDataSizeMB=100,  coldPath.maxDataSizeMB=100
02-06-2024 12:55:07.765 +0000 WARN  IndexConfig - Home path size limit cannot accomodate maximum number of hot buckets with specified bucket size because homePath.maxDataSizeMB is too small. Please check your index configuration: idx=bcgames maxDataSize=750 MB, homePath.maxDataSizeMB=100 MB
02-06-2024 12:55:07.765 +0000 WARN  IndexConfig - Max bucket size is larger than destination path size limit. Please check your index configuration. idx=infra; bucket size in (from maxDataSize) 750 MB, homePath.maxDataSizeMB=100,  coldPath.maxDataSizeMB=100
02-06-2024 12:55:07.765 +0000 WARN  IndexConfig - Home path size limit cannot accomodate maximum number of hot buckets with specified bucket size because homePath.maxDataSizeMB is too small. Please check your index configuration: idx=infra maxDataSize=750 MB, homePath.maxDataSizeMB=100 MB
02-06-2024 12:55:07.765 +0000 WARN  IndexConfig - Max bucket size is larger than destination path size limit. Please check your index configuration. idx=soc; bucket size in (from maxDataSize) 750 MB, homePath.maxDataSizeMB=100,  coldPath.maxDataSizeMB=100
02-06-2024 12:55:07.765 +0000 WARN  IndexConfig - Home path size limit cannot accomodate maximum number of hot buckets with specified bucket size because homePath.maxDataSizeMB is too small. Please check your index configuration: idx=soc maxDataSize=750 MB, homePath.maxDataSizeMB=100 MB
02-06-2024 12:55:07.768 +0000 INFO  loader - Validated 14 indexes in 5.527 milliseconds
02-06-2024 12:55:07.829 +0000 WARN  SSLOptions - server.conf/[sslConfig]/sslVerifyServerCert is false disabling certificate validation; must be set to "true" for increased security
02-06-2024 12:55:07.829 +0000 INFO  ServerConfig - certificateStatusValidationMethod is not set, defaulting to none.
02-06-2024 12:55:07.829 +0000 INFO  ServerConfig - Splunk is starting with EC-SSC disabled
02-06-2024 12:55:08.199 +0000 INFO  loader - Getting configuration data from: /opt/splunk/etc/myinstall/splunkd.xml
02-06-2024 12:55:08.200 +0000 INFO  loader - SPLUNK_MODULE_PATH environment variable not found - defaulting to /opt/splunk/etc/modules
02-06-2024 12:55:08.200 +0000 INFO  loader - loading modules from /opt/splunk/etc/modules
02-06-2024 12:55:08.201 +0000 INFO  loader - Writing out composite configuration file: /opt/splunk/var/run/splunk/composite.xml
02-06-2024 13:01:35.390 +0000 WARN  SSLOptions - server.conf/[sslConfig]/sslVerifyServerCert is false disabling certificate validation; must be set to "true" for increased security
02-06-2024 13:01:35.390 +0000 INFO  ServerConfig - certificateStatusValidationMethod is not set, defaulting to none.
02-06-2024 13:01:35.390 +0000 INFO  ServerConfig - Splunk is starting with EC-SSC disabled
02-06-2024 13:01:35.974 +0000 INFO  loader - Getting configuration data from: /opt/splunk/etc/myinstall/splunkd.xml
02-06-2024 13:01:35.974 +0000 INFO  loader - SPLUNK_MODULE_PATH environment variable not found - defaulting to /opt/splunk/etc/modules
02-06-2024 13:01:35.974 +0000 INFO  loader - loading modules from /opt/splunk/etc/modules
02-06-2024 13:01:35.975 +0000 INFO  loader - Writing out composite configuration file: /opt/splunk/var/run/splunk/composite.xml
02-06-2024 13:01:35.983 +0000 WARN  IndexConfig - Max bucket size is larger than destination path size limit. Please check your index configuration. idx=bcgames; bucket size in (from maxDataSize) 750 MB, homePath.maxDataSizeMB=100,  coldPath.maxDataSizeMB=100
02-06-2024 13:01:35.983 +0000 WARN  IndexConfig - Home path size limit cannot accomodate maximum number of hot buckets with specified bucket size because homePath.maxDataSizeMB is too small. Please check your index configuration: idx=bcgames maxDataSize=750 MB, homePath.maxDataSizeMB=100 MB
02-06-2024 13:01:35.983 +0000 WARN  IndexConfig - Max bucket size is larger than destination path size limit. Please check your index configuration. idx=infra; bucket size in (from maxDataSize) 750 MB, homePath.maxDataSizeMB=100,  coldPath.maxDataSizeMB=100
02-06-2024 13:01:35.983 +0000 WARN  IndexConfig - Home path size limit cannot accomodate maximum number of hot buckets with specified bucket size because homePath.maxDataSizeMB is too small. Please check your index configuration: idx=infra maxDataSize=750 MB, homePath.maxDataSizeMB=100 MB
02-06-2024 13:01:35.983 +0000 WARN  IndexConfig - Max bucket size is larger than destination path size limit. Please check your index configuration. idx=soc; bucket size in (from maxDataSize) 750 MB, homePath.maxDataSizeMB=100,  coldPath.maxDataSizeMB=100
02-06-2024 13:01:35.983 +0000 WARN  IndexConfig - Home path size limit cannot accomodate maximum number of hot buckets with specified bucket size because homePath.maxDataSizeMB is too small. Please check your index configuration: idx=soc maxDataSize=750 MB, homePath.maxDataSizeMB=100 MB
02-06-2024 13:01:35.986 +0000 INFO  loader - Validated 14 indexes in 5.507 milliseconds
02-06-2024 13:01:36.052 +0000 WARN  SSLOptions - server.conf/[sslConfig]/sslVerifyServerCert is false disabling certificate validation; must be set to "true" for increased security
02-06-2024 13:01:36.052 +0000 INFO  ServerConfig - certificateStatusValidationMethod is not set, defaulting to none.
02-06-2024 13:01:36.052 +0000 INFO  ServerConfig - Splunk is starting with EC-SSC disabled
02-06-2024 13:01:36.422 +0000 INFO  loader - Getting configuration data from: /opt/splunk/etc/myinstall/splunkd.xml
02-06-2024 13:01:36.422 +0000 INFO  loader - SPLUNK_MODULE_PATH environment variable not found - defaulting to /opt/splunk/etc/modules
02-06-2024 13:01:36.422 +0000 INFO  loader - loading modules from /opt/splunk/etc/modules
02-06-2024 13:01:36.423 +0000 INFO  loader - Writing out composite configuration file: /opt/splunk/var/run/splunk/composite.xml
02-06-2024 15:25:36.258 +0000 WARN  SSLOptions - server.conf/[sslConfig]/sslVerifyServerCert is false disabling certificate validation; must be set to "true" for increased security
02-06-2024 15:25:36.259 +0000 INFO  ServerConfig - certificateStatusValidationMethod is not set, defaulting to none.
02-06-2024 15:25:36.259 +0000 INFO  ServerConfig - Splunk is starting with EC-SSC disabled
02-06-2024 15:25:36.837 +0000 INFO  loader - Getting configuration data from: /opt/splunk/etc/myinstall/splunkd.xml
02-06-2024 15:25:36.837 +0000 INFO  loader - SPLUNK_MODULE_PATH environment variable not found - defaulting to /opt/splunk/etc/modules
02-06-2024 15:25:36.837 +0000 INFO  loader - loading modules from /opt/splunk/etc/modules
02-06-2024 15:25:36.838 +0000 INFO  loader - Writing out composite configuration file: /opt/splunk/var/run/splunk/composite.xml
02-06-2024 15:25:36.846 +0000 WARN  IndexConfig - Max bucket size is larger than destination path size limit. Please check your index configuration. idx=bcgames; bucket size in (from maxDataSize) 750 MB, homePath.maxDataSizeMB=100,  coldPath.maxDataSizeMB=100
02-06-2024 15:25:36.846 +0000 WARN  IndexConfig - Home path size limit cannot accomodate maximum number of hot buckets with specified bucket size because homePath.maxDataSizeMB is too small. Please check your index configuration: idx=bcgames maxDataSize=750 MB, homePath.maxDataSizeMB=100 MB
02-06-2024 15:25:36.847 +0000 WARN  IndexConfig - Max bucket size is larger than destination path size limit. Please check your index configuration. idx=infra; bucket size in (from maxDataSize) 750 MB, homePath.maxDataSizeMB=100,  coldPath.maxDataSizeMB=100
02-06-2024 15:25:36.847 +0000 WARN  IndexConfig - Home path size limit cannot accomodate maximum number of hot buckets with specified bucket size because homePath.maxDataSizeMB is too small. Please check your index configuration: idx=infra maxDataSize=750 MB, homePath.maxDataSizeMB=100 MB
02-06-2024 15:25:36.847 +0000 WARN  IndexConfig - Max bucket size is larger than destination path size limit. Please check your index configuration. idx=soc; bucket size in (from maxDataSize) 750 MB, homePath.maxDataSizeMB=100,  coldPath.maxDataSizeMB=100
02-06-2024 15:25:36.847 +0000 WARN  IndexConfig - Home path size limit cannot accomodate maximum number of hot buckets with specified bucket size because homePath.maxDataSizeMB is too small. Please check your index configuration: idx=soc maxDataSize=750 MB, homePath.maxDataSizeMB=100 MB
02-06-2024 15:25:36.850 +0000 INFO  loader - Validated 14 indexes in 5.535 milliseconds
02-06-2024 15:25:36.911 +0000 WARN  SSLOptions - server.conf/[sslConfig]/sslVerifyServerCert is false disabling certificate validation; must be set to "true" for increased security
02-06-2024 15:25:36.911 +0000 INFO  ServerConfig - certificateStatusValidationMethod is not set, defaulting to none.
02-06-2024 15:25:36.911 +0000 INFO  ServerConfig - Splunk is starting with EC-SSC disabled
02-06-2024 15:25:37.289 +0000 INFO  loader - Getting configuration data from: /opt/splunk/etc/myinstall/splunkd.xml
02-06-2024 15:25:37.289 +0000 INFO  loader - SPLUNK_MODULE_PATH environment variable not found - defaulting to /opt/splunk/etc/modules
02-06-2024 15:25:37.289 +0000 INFO  loader - loading modules from /opt/splunk/etc/modules
02-06-2024 15:25:37.290 +0000 INFO  loader - Writing out composite configuration file: /opt/splunk/var/run/splunk/composite.xml
02-06-2024 19:49:40.567 +0000 WARN  SSLOptions - server.conf/[sslConfig]/sslVerifyServerCert is false disabling certificate validation; must be set to "true" for increased security
02-06-2024 19:49:40.567 +0000 INFO  ServerConfig - certificateStatusValidationMethod is not set, defaulting to none.
02-06-2024 19:49:40.567 +0000 INFO  ServerConfig - Splunk is starting with EC-SSC disabled
02-06-2024 19:49:41.158 +0000 INFO  loader - Getting configuration data from: /opt/splunk/etc/myinstall/splunkd.xml
02-06-2024 19:49:41.158 +0000 INFO  loader - SPLUNK_MODULE_PATH environment variable not found - defaulting to /opt/splunk/etc/modules
02-06-2024 19:49:41.158 +0000 INFO  loader - loading modules from /opt/splunk/etc/modules
02-06-2024 19:49:41.159 +0000 INFO  loader - Writing out composite configuration file: /opt/splunk/var/run/splunk/composite.xml
02-06-2024 19:49:41.168 +0000 WARN  IndexConfig - Max bucket size is larger than destination path size limit. Please check your index configuration. idx=bcgames; bucket size in (from maxDataSize) 750 MB, homePath.maxDataSizeMB=100,  coldPath.maxDataSizeMB=100
02-06-2024 19:49:41.168 +0000 WARN  IndexConfig - Home path size limit cannot accomodate maximum number of hot buckets with specified bucket size because homePath.maxDataSizeMB is too small. Please check your index configuration: idx=bcgames maxDataSize=750 MB, homePath.maxDataSizeMB=100 MB
02-06-2024 19:49:41.168 +0000 WARN  IndexConfig - Max bucket size is larger than destination path size limit. Please check your index configuration. idx=infra; bucket size in (from maxDataSize) 750 MB, homePath.maxDataSizeMB=100,  coldPath.maxDataSizeMB=100
02-06-2024 19:49:41.168 +0000 WARN  IndexConfig - Home path size limit cannot accomodate maximum number of hot buckets with specified bucket size because homePath.maxDataSizeMB is too small. Please check your index configuration: idx=infra maxDataSize=750 MB, homePath.maxDataSizeMB=100 MB
02-06-2024 19:49:41.168 +0000 WARN  IndexConfig - Max bucket size is larger than destination path size limit. Please check your index configuration. idx=soc; bucket size in (from maxDataSize) 750 MB, homePath.maxDataSizeMB=100,  coldPath.maxDataSizeMB=100
02-06-2024 19:49:41.168 +0000 WARN  IndexConfig - Home path size limit cannot accomodate maximum number of hot buckets with specified bucket size because homePath.maxDataSizeMB is too small. Please check your index configuration: idx=soc maxDataSize=750 MB, homePath.maxDataSizeMB=100 MB
02-06-2024 19:49:41.171 +0000 INFO  loader - Validated 14 indexes in 5.526 milliseconds
02-06-2024 19:49:41.232 +0000 WARN  SSLOptions - server.conf/[sslConfig]/sslVerifyServerCert is false disabling certificate validation; must be set to "true" for increased security
02-06-2024 19:49:41.232 +0000 INFO  ServerConfig - certificateStatusValidationMethod is not set, defaulting to none.
02-06-2024 19:49:41.232 +0000 INFO  ServerConfig - Splunk is starting with EC-SSC disabled
02-06-2024 19:49:41.606 +0000 INFO  loader - Getting configuration data from: /opt/splunk/etc/myinstall/splunkd.xml
02-06-2024 19:49:41.606 +0000 INFO  loader - SPLUNK_MODULE_PATH environment variable not found - defaulting to /opt/splunk/etc/modules
02-06-2024 19:49:41.606 +0000 INFO  loader - loading modules from /opt/splunk/etc/modules
02-06-2024 19:49:41.607 +0000 INFO  loader - Writing out composite configuration file: /opt/splunk/var/run/splunk/composite.xml
02-06-2024 20:42:58.954 +0000 WARN  SSLOptions - server.conf/[sslConfig]/sslVerifyServerCert is false disabling certificate validation; must be set to "true" for increased security
02-06-2024 20:42:58.955 +0000 INFO  ServerConfig - certificateStatusValidationMethod is not set, defaulting to none.
02-06-2024 20:42:58.955 +0000 INFO  ServerConfig - Splunk is starting with EC-SSC disabled
02-06-2024 20:42:59.533 +0000 INFO  loader - Getting configuration data from: /opt/splunk/etc/myinstall/splunkd.xml
02-06-2024 20:42:59.533 +0000 INFO  loader - SPLUNK_MODULE_PATH environment variable not found - defaulting to /opt/splunk/etc/modules
02-06-2024 20:42:59.533 +0000 INFO  loader - loading modules from /opt/splunk/etc/modules
02-06-2024 20:42:59.534 +0000 INFO  loader - Writing out composite configuration file: /opt/splunk/var/run/splunk/composite.xml
02-06-2024 20:42:59.542 +0000 WARN  IndexConfig - Home path size limit cannot accomodate maximum number of hot buckets with specified bucket size because homePath.maxDataSizeMB is too small. Please check your index configuration: idx=bcgames maxDataSize=750 MB, homePath.maxDataSizeMB=1000 MB
02-06-2024 20:42:59.542 +0000 WARN  IndexConfig - Max bucket size is larger than destination path size limit. Please check your index configuration. idx=infra; bucket size in (from maxDataSize) 750 MB, homePath.maxDataSizeMB=100,  coldPath.maxDataSizeMB=100
02-06-2024 20:42:59.542 +0000 WARN  IndexConfig - Home path size limit cannot accomodate maximum number of hot buckets with specified bucket size because homePath.maxDataSizeMB is too small. Please check your index configuration: idx=infra maxDataSize=750 MB, homePath.maxDataSizeMB=100 MB
02-06-2024 20:42:59.543 +0000 WARN  IndexConfig - Max bucket size is larger than destination path size limit. Please check your index configuration. idx=soc; bucket size in (from maxDataSize) 750 MB, homePath.maxDataSizeMB=100,  coldPath.maxDataSizeMB=100
02-06-2024 20:42:59.543 +0000 WARN  IndexConfig - Home path size limit cannot accomodate maximum number of hot buckets with specified bucket size because homePath.maxDataSizeMB is too small. Please check your index configuration: idx=soc maxDataSize=750 MB, homePath.maxDataSizeMB=100 MB
02-06-2024 20:42:59.545 +0000 INFO  loader - Validated 14 indexes in 5.475 milliseconds
02-06-2024 20:42:59.607 +0000 WARN  SSLOptions - server.conf/[sslConfig]/sslVerifyServerCert is false disabling certificate validation; must be set to "true" for increased security
02-06-2024 20:42:59.607 +0000 INFO  ServerConfig - certificateStatusValidationMethod is not set, defaulting to none.
02-06-2024 20:42:59.607 +0000 INFO  ServerConfig - Splunk is starting with EC-SSC disabled
02-06-2024 20:42:59.979 +0000 INFO  loader - Getting configuration data from: /opt/splunk/etc/myinstall/splunkd.xml
02-06-2024 20:42:59.979 +0000 INFO  loader - SPLUNK_MODULE_PATH environment variable not found - defaulting to /opt/splunk/etc/modules
02-06-2024 20:42:59.979 +0000 INFO  loader - loading modules from /opt/splunk/etc/modules
02-06-2024 20:42:59.981 +0000 INFO  loader - Writing out composite configuration file: /opt/splunk/var/run/splunk/composite.xml
02-06-2024 20:49:16.265 +0000 WARN  SSLOptions - server.conf/[sslConfig]/sslVerifyServerCert is false disabling certificate validation; must be set to "true" for increased security
02-06-2024 20:49:16.265 +0000 INFO  ServerConfig - certificateStatusValidationMethod is not set, defaulting to none.
02-06-2024 20:49:16.265 +0000 INFO  ServerConfig - Splunk is starting with EC-SSC disabled
02-06-2024 20:49:16.849 +0000 INFO  loader - Getting configuration data from: /opt/splunk/etc/myinstall/splunkd.xml
02-06-2024 20:49:16.850 +0000 INFO  loader - SPLUNK_MODULE_PATH environment variable not found - defaulting to /opt/splunk/etc/modules
02-06-2024 20:49:16.850 +0000 INFO  loader - loading modules from /opt/splunk/etc/modules
02-06-2024 20:49:16.851 +0000 INFO  loader - Writing out composite configuration file: /opt/splunk/var/run/splunk/composite.xml
02-06-2024 20:49:16.859 +0000 WARN  IndexConfig - Max bucket size is larger than destination path size limit. Please check your index configuration. idx=infra; bucket size in (from maxDataSize) 750 MB, homePath.maxDataSizeMB=100,  coldPath.maxDataSizeMB=100
02-06-2024 20:49:16.859 +0000 WARN  IndexConfig - Home path size limit cannot accomodate maximum number of hot buckets with specified bucket size because homePath.maxDataSizeMB is too small. Please check your index configuration: idx=infra maxDataSize=750 MB, homePath.maxDataSizeMB=100 MB
02-06-2024 20:49:16.859 +0000 WARN  IndexConfig - Max bucket size is larger than destination path size limit. Please check your index configuration. idx=soc; bucket size in (from maxDataSize) 750 MB, homePath.maxDataSizeMB=100,  coldPath.maxDataSizeMB=100
02-06-2024 20:49:16.859 +0000 WARN  IndexConfig - Home path size limit cannot accomodate maximum number of hot buckets with specified bucket size because homePath.maxDataSizeMB is too small. Please check your index configuration: idx=soc maxDataSize=750 MB, homePath.maxDataSizeMB=100 MB
02-06-2024 20:49:16.862 +0000 INFO  loader - Validated 14 indexes in 5.491 milliseconds
02-06-2024 20:49:16.923 +0000 WARN  SSLOptions - server.conf/[sslConfig]/sslVerifyServerCert is false disabling certificate validation; must be set to "true" for increased security
02-06-2024 20:49:16.923 +0000 INFO  ServerConfig - certificateStatusValidationMethod is not set, defaulting to none.
02-06-2024 20:49:16.923 +0000 INFO  ServerConfig - Splunk is starting with EC-SSC disabled
02-06-2024 20:49:17.294 +0000 INFO  loader - Getting configuration data from: /opt/splunk/etc/myinstall/splunkd.xml
02-06-2024 20:49:17.294 +0000 INFO  loader - SPLUNK_MODULE_PATH environment variable not found - defaulting to /opt/splunk/etc/modules
02-06-2024 20:49:17.294 +0000 INFO  loader - loading modules from /opt/splunk/etc/modules
02-06-2024 20:49:17.295 +0000 INFO  loader - Writing out composite configuration file: /opt/splunk/var/run/splunk/composite.xml
