02-06-2024 20:20:52.208 INFO  dispatchRunner [21298 MainThread] - Search process mode: preforked (reused process) (build b985591d12fd).
02-06-2024 20:20:52.208 INFO  dispatchRunner [21298 MainThread] - Feature flag post-args={"v":1,"enabledFeatures":["stats:allow_stats_v2"],"disabledFeatures":["searchresults:srs2"]}
02-06-2024 20:20:52.208 INFO  SearchFeatureFlags [21298 MainThread] - Initializing feature flags from config. feature_seed=46947589
02-06-2024 20:20:52.208 INFO  SearchFeatureFlags [21298 MainThread] - Setting feature_flag=parallelreduce:enablePreview:true
02-06-2024 20:20:52.208 INFO  SearchFeatureFlags [21298 MainThread] - Setting feature_flag=search:search_retry:false
02-06-2024 20:20:52.208 INFO  SearchFeatureFlags [21298 MainThread] - Setting feature_flag=search:search_retry_realtime:false
02-06-2024 20:20:52.208 INFO  SearchFeatureFlags [21298 MainThread] - Setting feature_flag=parallelreduce:autoAppliedPercentage:false
02-06-2024 20:20:52.208 INFO  SearchFeatureFlags [21298 MainThread] - Setting feature_flag=subsearch:enableConcurrentPipelineProcessing:false
02-06-2024 20:20:52.208 INFO  SearchFeatureFlags [21298 MainThread] - Setting feature_flag=stats:allow_stats_v2:true
02-06-2024 20:20:52.208 INFO  SearchFeatureFlags [21298 MainThread] - Setting feature_flag=search_optimization::set_required_fields:stats:false
02-06-2024 20:20:52.208 INFO  SearchFeatureFlags [21298 MainThread] - Setting feature_flag=searchresults:srs2:false
02-06-2024 20:20:52.208 INFO  SearchFeatureFlags [21298 MainThread] - Setting feature_flag=search:read_final_results_from_timeliner:true
02-06-2024 20:20:52.208 INFO  SearchFeatureFlags [21298 MainThread] - Overlaying SearchFeatureFlags from jsonNode={"v":1,"enabledFeatures":["stats:allow_stats_v2"],"disabledFeatures":["searchresults:srs2"]}
02-06-2024 20:20:52.208 INFO  dispatchRunner [21298 MainThread] - registering build time modules, count=1
02-06-2024 20:20:52.208 INFO  dispatchRunner [21298 MainThread] - registering search time components of build time module name=vix
02-06-2024 20:20:52.209 INFO  BundlesSetup [21298 MainThread] - Setup stats for /opt/splunk/var/run/searchpeers/GOEL-SearchHead-1707250705: wallclock_elapsed_msec=38, cpu_time_used=0.0195973, shared_services_generation=2, shared_services_population=1
02-06-2024 20:20:52.218 INFO  UserManagerPro [21298 MainThread] - Load authentication: forcing roles="admin, can_delete, power, user"
02-06-2024 20:20:52.222 INFO  UserManager [6562 RunDispatch] - Setting user context: admin
02-06-2024 20:20:52.222 INFO  UserManager [6562 RunDispatch] - Done setting user context: NULL -> admin
02-06-2024 20:20:52.223 INFO  dispatchRunner [6562 RunDispatch] - search context: user="admin", app="search", bs-pathname="/opt/splunk/var/run/searchpeers/GOEL-SearchHead-1707250705"
02-06-2024 20:20:52.223 INFO  SearchParser [6562 RunDispatch] - PARSING: litsearch (index=infra source=*cisco_ironport_mail.log* _time>=1707164452.000) | fields  keepcolorder=t "DCID" "ICID" "MID" "_bkt" "_cd" "_raw" "_si" "_time" "_txn_ends_with" "_txn_filter_match" "_txn_starts_with" "host" "index" "linecount" "source" "sourcetype" "splunk_server" | pretransaction  MID DCID ICID
02-06-2024 20:20:52.223 INFO  SortOperator [6562 RunDispatch] - Fallback to old Sort
02-06-2024 20:20:52.223 INFO  SortOperator [6562 RunDispatch] - maxmem = 209715200
02-06-2024 20:20:52.223 INFO  SearchParser [6562 RunDispatch] - PARSING: litsearch (index=infra source=*cisco_ironport_mail.log* _time>=1707164452.000) | fields  keepcolorder=t "DCID" "ICID" "MID" "_bkt" "_cd" "_raw" "_si" "_time" "_txn_ends_with" "_txn_filter_match" "_txn_starts_with" "host" "index" "linecount" "source" "sourcetype" "splunk_server" | pretransaction  MID DCID ICID
02-06-2024 20:20:52.223 INFO  SortOperator [6562 RunDispatch] - Fallback to old Sort
02-06-2024 20:20:52.223 INFO  SortOperator [6562 RunDispatch] - maxmem = 209715200
02-06-2024 20:20:52.223 INFO  UserManager [6562 RunDispatch] - Setting user context: splunk-system-user
02-06-2024 20:20:52.223 INFO  UserManager [6562 RunDispatch] - Done setting user context: admin -> splunk-system-user
02-06-2024 20:20:52.223 INFO  UserManager [6562 RunDispatch] - Setting user context: admin
02-06-2024 20:20:52.223 INFO  UserManager [6562 RunDispatch] - Done setting user context: splunk-system-user -> admin
02-06-2024 20:20:52.225 INFO  UserManager [6562 RunDispatch] - Unwound user context: admin -> splunk-system-user
02-06-2024 20:20:52.225 INFO  UserManager [6562 RunDispatch] - Unwound user context: splunk-system-user -> admin
02-06-2024 20:20:52.225 INFO  DispatchCommandProcessor [6562 RunDispatch] - Search requires the following indexes="[infra]"
02-06-2024 20:20:52.225 INFO  IndexReaderIf [6562 RunDispatch] - Loading Clustering bucket manifest file=/opt/splunk/var/run/splunk/cluster/search-buckets/search_sitedefault_gen106.csv.gz
02-06-2024 20:20:52.225 INFO  DatabaseDirectoryManager [6562 RunDispatch] - initDDMsFromSearchBucketManifest path=/opt/splunk/var/run/splunk/cluster/search-buckets/search_sitedefault_gen106.csv.gz, indexWhiteList_size=1
02-06-2024 20:20:52.232 INFO  dispatchRunner [6562 RunDispatch] - SearchPeerInitSearchMs=9
02-06-2024 20:20:52.232 INFO  dispatchRunner [6562 RunDispatch] - Serial search pipeline for streaming search being launched.
02-06-2024 20:20:52.233 INFO  SearchParser [6562 RunDispatch] - PARSING: litsearch (index=infra source=*cisco_ironport_mail.log* _time>=1707164452.000) | fields  keepcolorder=t "DCID" "ICID" "MID" "_bkt" "_cd" "_raw" "_si" "_time" "_txn_ends_with" "_txn_filter_match" "_txn_starts_with" "host" "index" "linecount" "source" "sourcetype" "splunk_server" | pretransaction  MID DCID ICID
02-06-2024 20:20:52.233 INFO  SortOperator [6562 RunDispatch] - Fallback to old Sort
02-06-2024 20:20:52.233 INFO  SortOperator [6562 RunDispatch] - maxmem = 209715200
02-06-2024 20:20:52.263 INFO  SearchParser [6562 RunDispatch] - PARSING: typer | tags
02-06-2024 20:20:52.267 INFO  FastTyper [6562 RunDispatch] - found nodes count: comparisons=6, unique_comparisons=5, terms=4, unique_terms=4, phrases=12, unique_phrases=12, total leaves=22
02-06-2024 20:20:52.280 INFO  UserManager [6562 RunDispatch] - Setting user context: admin
02-06-2024 20:20:52.281 INFO  UserManager [6562 RunDispatch] - Done setting user context: admin -> admin
02-06-2024 20:20:52.281 INFO  FastSearchFilter [6562 RunDispatch] - Finished initializing IndexScopedFilter - trivial=0, nTerms=0, oTerms=0, host=0, source=1, sourcetype=0, linecount=0 exactCustomCmp=0
02-06-2024 20:20:52.281 INFO  UserManager [6562 RunDispatch] - Unwound user context: admin -> admin
02-06-2024 20:20:52.281 INFO  IndexScopedSearch [6562 RunDispatch] -  IndexScopedSearch is called for index = infra, et = 1707164452.000000000, lt = 1707250852.260467000, index_et = -9223372036854775808.000000000, index_lt = 9223372036854775807.999999000, noRead = FALSE
02-06-2024 20:20:52.281 INFO  IndexScopedSearch [6562 RunDispatch] - ct=1707250853.000000 et=1707164452.000000 lt=1707250852.260467 dbsize=6
02-06-2024 20:20:52.281 INFO  UnifiedSearch [6562 RunDispatch] - Initialization of search data structures took 19 ms
02-06-2024 20:20:52.282 INFO  UnifiedSearch [6562 RunDispatch] - Processed search targeting arguments
02-06-2024 20:20:52.282 INFO  NewTransam [6562 RunDispatch] - txnName=no_name, maxopentxn=5000, maxopenevents=100000
02-06-2024 20:20:52.304 INFO  SearchPipelineExecutor [6562 RunDispatch] - Number of StreamSearch pipelines launched=1
02-06-2024 20:20:52.304 INFO  SearchPipelineExecutor [6565 StreamSearch] - StreamSearch pipeline=0 is started in its own thread
02-06-2024 20:20:52.304 INFO  UserManager [6565 StreamSearch] - Setting user context: admin
02-06-2024 20:20:52.304 INFO  UserManager [6565 StreamSearch] - Done setting user context: NULL -> admin
02-06-2024 20:20:52.304 INFO  SearchPipelineExecutor [6562 RunDispatch] - Starting to transmit serialized search results.
02-06-2024 20:20:52.314 INFO  SearchPipelineExecutor [6568 NormSerializeExecutorThread] - NormSerializeExecutorThread pipeline=0 is started in its own thread.
02-06-2024 20:20:52.318 INFO  SearchOperator:kv [6565 StreamSearch] - Trying to disable extractor name="DCID (?<DCID>\d+)"
02-06-2024 20:20:52.319 INFO  SearchOperator:kv [6565 StreamSearch] - Trying to disable extractor name="ICID (?<ICID>\d+)"
02-06-2024 20:20:52.319 INFO  SearchOperator:kv [6565 StreamSearch] - Trying to disable extractor name="MID (?<MID>\d+)"
02-06-2024 20:20:52.397 INFO  SearchPipelineExecutor [6565 StreamSearch] - Finished streaming: results.count=1805
02-06-2024 20:20:52.397 INFO  UserManager [6565 StreamSearch] - Unwound user context: admin -> NULL
02-06-2024 20:20:52.397 INFO  SearchPipelineExecutor [6565 StreamSearch] - StreamSearch pipleine=0 is finished.
02-06-2024 20:20:52.398 WARN  SRSSerializer [6568 NormSerializeExecutorThread] - writing 0 cols! field list=0
02-06-2024 20:20:52.398 INFO  SearchPipelineExecutor [6568 NormSerializeExecutorThread] - NormSerializeExecutorThread pipeline=0 is finished.
02-06-2024 20:20:52.398 INFO  SearchPipelineExecutor [6562 RunDispatch] - Done transmitting serialized search results, total bytes transmitted 152710.
02-06-2024 20:20:52.398 INFO  dispatchRunner [6562 RunDispatch] - Done with streaming search.
02-06-2024 20:20:52.398 INFO  SearchOperator:kv [6562 RunDispatch] - Extractor stats: name=_autoKvStats, probes=49, total_time_ms=0, max_time_ms=0
02-06-2024 20:20:52.398 INFO  SearchOperator:kv [6562 RunDispatch] - Extractor stats: name=DCID (?<DCID>\d+), probes=42, total_time_ms=0, max_time_ms=0
02-06-2024 20:20:52.398 INFO  SearchOperator:kv [6562 RunDispatch] - Extractor stats: name=ICID (?<ICID>\d+), probes=45, total_time_ms=0, max_time_ms=0
02-06-2024 20:20:52.398 INFO  SearchOperator:kv [6562 RunDispatch] - Extractor stats: name=MID (?<MID>\d+), probes=37, total_time_ms=0, max_time_ms=0
02-06-2024 20:20:52.399 INFO  ISearchOperator [6562 RunDispatch] - 0x7f9707839800 PREAD_HISTOGRAM: usec_1_8=230 usec_8_64=1 usec_64_512=3 usec_512_4096=0 usec_4096_32768=0 usec_32768_262144=0 usec_262144_INF=0 
02-06-2024 20:20:52.400 INFO  SearchPipelineExecutor [6562 RunDispatch] - Streamed Search Index Orchestrator has been shutdown.
02-06-2024 20:20:52.400 INFO  UserManager [6562 RunDispatch] - Unwound user context: admin -> NULL
02-06-2024 20:20:52.400 INFO  LookupDataProvider [6562 RunDispatch] - Clearing out lookup shared provider map
02-06-2024 20:20:52.401 INFO  dispatchRunner [21298 MainThread] - RunDispatch is done: sid=remote_GOEL-SearchHead_admin__admin__search__search3_1707250852.6, exit=0
