02-06-2024 20:20:52.207 INFO  dispatchRunner [19050 MainThread] - Search process mode: preforked (reused process) (build b985591d12fd).
02-06-2024 20:20:52.207 INFO  dispatchRunner [19050 MainThread] - Feature flag post-args={"v":1,"enabledFeatures":["stats:allow_stats_v2"],"disabledFeatures":["searchresults:srs2"]}
02-06-2024 20:20:52.207 INFO  SearchFeatureFlags [19050 MainThread] - Initializing feature flags from config. feature_seed=46947589
02-06-2024 20:20:52.207 INFO  SearchFeatureFlags [19050 MainThread] - Setting feature_flag=parallelreduce:enablePreview:true
02-06-2024 20:20:52.207 INFO  SearchFeatureFlags [19050 MainThread] - Setting feature_flag=search:search_retry:false
02-06-2024 20:20:52.207 INFO  SearchFeatureFlags [19050 MainThread] - Setting feature_flag=search:search_retry_realtime:false
02-06-2024 20:20:52.207 INFO  SearchFeatureFlags [19050 MainThread] - Setting feature_flag=parallelreduce:autoAppliedPercentage:false
02-06-2024 20:20:52.207 INFO  SearchFeatureFlags [19050 MainThread] - Setting feature_flag=subsearch:enableConcurrentPipelineProcessing:false
02-06-2024 20:20:52.207 INFO  SearchFeatureFlags [19050 MainThread] - Setting feature_flag=stats:allow_stats_v2:true
02-06-2024 20:20:52.207 INFO  SearchFeatureFlags [19050 MainThread] - Setting feature_flag=search_optimization::set_required_fields:stats:false
02-06-2024 20:20:52.207 INFO  SearchFeatureFlags [19050 MainThread] - Setting feature_flag=searchresults:srs2:false
02-06-2024 20:20:52.207 INFO  SearchFeatureFlags [19050 MainThread] - Setting feature_flag=search:read_final_results_from_timeliner:true
02-06-2024 20:20:52.207 INFO  SearchFeatureFlags [19050 MainThread] - Overlaying SearchFeatureFlags from jsonNode={"v":1,"enabledFeatures":["stats:allow_stats_v2"],"disabledFeatures":["searchresults:srs2"]}
02-06-2024 20:20:52.207 INFO  dispatchRunner [19050 MainThread] - registering build time modules, count=1
02-06-2024 20:20:52.207 INFO  dispatchRunner [19050 MainThread] - registering search time components of build time module name=vix
02-06-2024 20:20:52.208 INFO  BundlesSetup [19050 MainThread] - Setup stats for /opt/splunk/var/run/searchpeers/GOEL-SearchHead-1707250705: wallclock_elapsed_msec=29, cpu_time_used=0.0199489, shared_services_generation=2, shared_services_population=1
02-06-2024 20:20:52.215 INFO  UserManagerPro [19050 MainThread] - Load authentication: forcing roles="admin, can_delete, power, user"
02-06-2024 20:20:52.215 INFO  UserManager [4249 RunDispatch] - Setting user context: admin
02-06-2024 20:20:52.215 INFO  UserManager [4249 RunDispatch] - Done setting user context: NULL -> admin
02-06-2024 20:20:52.216 INFO  dispatchRunner [4249 RunDispatch] - search context: user="admin", app="search", bs-pathname="/opt/splunk/var/run/searchpeers/GOEL-SearchHead-1707250705"
02-06-2024 20:20:52.216 INFO  SearchParser [4249 RunDispatch] - PARSING: litsearch (index=infra source=*cisco_ironport_mail.log* _time>=1707164452.000) | fields  keepcolorder=t "DCID" "ICID" "MID" "_bkt" "_cd" "_raw" "_si" "_time" "_txn_ends_with" "_txn_filter_match" "_txn_starts_with" "host" "index" "linecount" "source" "sourcetype" "splunk_server" | pretransaction  MID DCID ICID
02-06-2024 20:20:52.216 INFO  SortOperator [4249 RunDispatch] - Fallback to old Sort
02-06-2024 20:20:52.216 INFO  SortOperator [4249 RunDispatch] - maxmem = 209715200
02-06-2024 20:20:52.216 INFO  SearchParser [4249 RunDispatch] - PARSING: litsearch (index=infra source=*cisco_ironport_mail.log* _time>=1707164452.000) | fields  keepcolorder=t "DCID" "ICID" "MID" "_bkt" "_cd" "_raw" "_si" "_time" "_txn_ends_with" "_txn_filter_match" "_txn_starts_with" "host" "index" "linecount" "source" "sourcetype" "splunk_server" | pretransaction  MID DCID ICID
02-06-2024 20:20:52.216 INFO  SortOperator [4249 RunDispatch] - Fallback to old Sort
02-06-2024 20:20:52.216 INFO  SortOperator [4249 RunDispatch] - maxmem = 209715200
02-06-2024 20:20:52.216 INFO  UserManager [4249 RunDispatch] - Setting user context: splunk-system-user
02-06-2024 20:20:52.216 INFO  UserManager [4249 RunDispatch] - Done setting user context: admin -> splunk-system-user
02-06-2024 20:20:52.216 INFO  UserManager [4249 RunDispatch] - Setting user context: admin
02-06-2024 20:20:52.216 INFO  UserManager [4249 RunDispatch] - Done setting user context: splunk-system-user -> admin
02-06-2024 20:20:52.217 INFO  UserManager [4249 RunDispatch] - Unwound user context: admin -> splunk-system-user
02-06-2024 20:20:52.217 INFO  UserManager [4249 RunDispatch] - Unwound user context: splunk-system-user -> admin
02-06-2024 20:20:52.217 INFO  DispatchCommandProcessor [4249 RunDispatch] - Search requires the following indexes="[infra]"
02-06-2024 20:20:52.217 INFO  IndexReaderIf [4249 RunDispatch] - Loading Clustering bucket manifest file=/opt/splunk/var/run/splunk/cluster/search-buckets/search_sitedefault_gen106.csv.gz
02-06-2024 20:20:52.217 INFO  DatabaseDirectoryManager [4249 RunDispatch] - initDDMsFromSearchBucketManifest path=/opt/splunk/var/run/splunk/cluster/search-buckets/search_sitedefault_gen106.csv.gz, indexWhiteList_size=1
02-06-2024 20:20:52.217 INFO  dispatchRunner [4249 RunDispatch] - SearchPeerInitSearchMs=1
02-06-2024 20:20:52.217 INFO  dispatchRunner [4249 RunDispatch] - Serial search pipeline for streaming search being launched.
02-06-2024 20:20:52.217 INFO  SearchParser [4249 RunDispatch] - PARSING: litsearch (index=infra source=*cisco_ironport_mail.log* _time>=1707164452.000) | fields  keepcolorder=t "DCID" "ICID" "MID" "_bkt" "_cd" "_raw" "_si" "_time" "_txn_ends_with" "_txn_filter_match" "_txn_starts_with" "host" "index" "linecount" "source" "sourcetype" "splunk_server" | pretransaction  MID DCID ICID
02-06-2024 20:20:52.217 INFO  SortOperator [4249 RunDispatch] - Fallback to old Sort
02-06-2024 20:20:52.217 INFO  SortOperator [4249 RunDispatch] - maxmem = 209715200
02-06-2024 20:20:52.227 INFO  SearchParser [4249 RunDispatch] - PARSING: typer | tags
02-06-2024 20:20:52.229 INFO  FastTyper [4249 RunDispatch] - found nodes count: comparisons=6, unique_comparisons=5, terms=4, unique_terms=4, phrases=12, unique_phrases=12, total leaves=22
02-06-2024 20:20:52.229 INFO  UserManager [4249 RunDispatch] - Setting user context: admin
02-06-2024 20:20:52.229 INFO  UserManager [4249 RunDispatch] - Done setting user context: admin -> admin
02-06-2024 20:20:52.230 INFO  FastSearchFilter [4249 RunDispatch] - Finished initializing IndexScopedFilter - trivial=0, nTerms=0, oTerms=0, host=0, source=1, sourcetype=0, linecount=0 exactCustomCmp=0
02-06-2024 20:20:52.230 INFO  UserManager [4249 RunDispatch] - Unwound user context: admin -> admin
02-06-2024 20:20:52.230 INFO  IndexScopedSearch [4249 RunDispatch] -  IndexScopedSearch is called for index = infra, et = 1707164452.000000000, lt = 1707250852.227355000, index_et = -9223372036854775808.000000000, index_lt = 9223372036854775807.999999000, noRead = FALSE
02-06-2024 20:20:52.230 INFO  IndexScopedSearch [4249 RunDispatch] - ct=1707250853.000000 et=1707164452.000000 lt=1707250852.227355 dbsize=7
02-06-2024 20:20:52.230 INFO  UnifiedSearch [4249 RunDispatch] - Initialization of search data structures took 3 ms
02-06-2024 20:20:52.230 INFO  UnifiedSearch [4249 RunDispatch] - Processed search targeting arguments
02-06-2024 20:20:52.230 INFO  NewTransam [4249 RunDispatch] - txnName=no_name, maxopentxn=5000, maxopenevents=100000
02-06-2024 20:20:52.235 INFO  SearchPipelineExecutor [4249 RunDispatch] - Number of StreamSearch pipelines launched=1
02-06-2024 20:20:52.235 INFO  SearchPipelineExecutor [4249 RunDispatch] - Starting to transmit serialized search results.
02-06-2024 20:20:52.235 INFO  SearchPipelineExecutor [4252 StreamSearch] - StreamSearch pipeline=0 is started in its own thread
02-06-2024 20:20:52.235 INFO  UserManager [4252 StreamSearch] - Setting user context: admin
02-06-2024 20:20:52.235 INFO  UserManager [4252 StreamSearch] - Done setting user context: NULL -> admin
02-06-2024 20:20:52.237 INFO  SearchPipelineExecutor [4254 NormSerializeExecutorThread] - NormSerializeExecutorThread pipeline=0 is started in its own thread.
02-06-2024 20:20:52.240 INFO  SearchOperator:kv [4252 StreamSearch] - Trying to disable extractor name="DCID (?<DCID>\d+)"
02-06-2024 20:20:52.240 INFO  SearchOperator:kv [4252 StreamSearch] - Trying to disable extractor name="ICID (?<ICID>\d+)"
02-06-2024 20:20:52.240 INFO  SearchOperator:kv [4252 StreamSearch] - Trying to disable extractor name="MID (?<MID>\d+)"
02-06-2024 20:20:52.245 INFO  SearchPipelineExecutor [4252 StreamSearch] - Finished streaming: results.count=245
02-06-2024 20:20:52.245 INFO  UserManager [4252 StreamSearch] - Unwound user context: admin -> NULL
02-06-2024 20:20:52.245 INFO  SearchPipelineExecutor [4252 StreamSearch] - StreamSearch pipleine=0 is finished.
02-06-2024 20:20:52.245 WARN  SRSSerializer [4254 NormSerializeExecutorThread] - writing 0 cols! field list=0
02-06-2024 20:20:52.245 INFO  SearchPipelineExecutor [4254 NormSerializeExecutorThread] - NormSerializeExecutorThread pipeline=0 is finished.
02-06-2024 20:20:52.246 INFO  SearchPipelineExecutor [4249 RunDispatch] - Done transmitting serialized search results, total bytes transmitted 46585.
02-06-2024 20:20:52.246 INFO  dispatchRunner [4249 RunDispatch] - Done with streaming search.
02-06-2024 20:20:52.246 INFO  SearchOperator:kv [4249 RunDispatch] - Extractor stats: name=_autoKvStats, probes=6, total_time_ms=0, max_time_ms=0
02-06-2024 20:20:52.246 INFO  SearchOperator:kv [4249 RunDispatch] - Extractor stats: name=DCID (?<DCID>\d+), probes=6, total_time_ms=0, max_time_ms=0
02-06-2024 20:20:52.246 INFO  SearchOperator:kv [4249 RunDispatch] - Extractor stats: name=ICID (?<ICID>\d+), probes=4, total_time_ms=0, max_time_ms=0
02-06-2024 20:20:52.246 INFO  SearchOperator:kv [4249 RunDispatch] - Extractor stats: name=MID (?<MID>\d+), probes=4, total_time_ms=0, max_time_ms=0
02-06-2024 20:20:52.246 INFO  ISearchOperator [4249 RunDispatch] - 0x7f0f44987800 PREAD_HISTOGRAM: usec_1_8=263 usec_8_64=4 usec_64_512=0 usec_512_4096=0 usec_4096_32768=0 usec_32768_262144=0 usec_262144_INF=0 
02-06-2024 20:20:52.246 INFO  SearchPipelineExecutor [4249 RunDispatch] - Streamed Search Index Orchestrator has been shutdown.
02-06-2024 20:20:52.247 INFO  UserManager [4249 RunDispatch] - Unwound user context: admin -> NULL
02-06-2024 20:20:52.247 INFO  LookupDataProvider [4249 RunDispatch] - Clearing out lookup shared provider map
02-06-2024 20:20:52.247 INFO  dispatchRunner [19050 MainThread] - RunDispatch is done: sid=remote_GOEL-SearchHead_admin__admin__search__search3_1707250852.6, exit=0
