02-06-2024 20:24:06.035 INFO  dispatchRunner [21298 MainThread] - Search process mode: preforked (reused process) (build b985591d12fd).
02-06-2024 20:24:06.035 INFO  dispatchRunner [21298 MainThread] - Feature flag post-args={"v":1,"enabledFeatures":["stats:allow_stats_v2"],"disabledFeatures":["searchresults:srs2"]}
02-06-2024 20:24:06.035 INFO  SearchFeatureFlags [21298 MainThread] - Initializing feature flags from config. feature_seed=46947589
02-06-2024 20:24:06.035 INFO  SearchFeatureFlags [21298 MainThread] - Setting feature_flag=parallelreduce:enablePreview:true
02-06-2024 20:24:06.035 INFO  SearchFeatureFlags [21298 MainThread] - Setting feature_flag=search:search_retry:false
02-06-2024 20:24:06.035 INFO  SearchFeatureFlags [21298 MainThread] - Setting feature_flag=search:search_retry_realtime:false
02-06-2024 20:24:06.035 INFO  SearchFeatureFlags [21298 MainThread] - Setting feature_flag=parallelreduce:autoAppliedPercentage:false
02-06-2024 20:24:06.035 INFO  SearchFeatureFlags [21298 MainThread] - Setting feature_flag=subsearch:enableConcurrentPipelineProcessing:false
02-06-2024 20:24:06.035 INFO  SearchFeatureFlags [21298 MainThread] - Setting feature_flag=stats:allow_stats_v2:true
02-06-2024 20:24:06.035 INFO  SearchFeatureFlags [21298 MainThread] - Setting feature_flag=search_optimization::set_required_fields:stats:false
02-06-2024 20:24:06.035 INFO  SearchFeatureFlags [21298 MainThread] - Setting feature_flag=searchresults:srs2:false
02-06-2024 20:24:06.035 INFO  SearchFeatureFlags [21298 MainThread] - Setting feature_flag=search:read_final_results_from_timeliner:true
02-06-2024 20:24:06.035 INFO  SearchFeatureFlags [21298 MainThread] - Overlaying SearchFeatureFlags from jsonNode={"v":1,"enabledFeatures":["stats:allow_stats_v2"],"disabledFeatures":["searchresults:srs2"]}
02-06-2024 20:24:06.035 INFO  dispatchRunner [21298 MainThread] - registering build time modules, count=1
02-06-2024 20:24:06.035 INFO  dispatchRunner [21298 MainThread] - registering search time components of build time module name=vix
02-06-2024 20:24:06.035 INFO  BundlesSetup [21298 MainThread] - Setup stats for /opt/splunk/var/run/searchpeers/GOEL-SearchHead-1707250902: wallclock_elapsed_msec=14, cpu_time_used=0.0147489, shared_services_generation=2, shared_services_population=1
02-06-2024 20:24:06.042 INFO  UserManagerPro [21298 MainThread] - Load authentication: forcing roles="admin, can_delete, power, user"
02-06-2024 20:24:06.043 INFO  UserManager [8320 RunDispatch] - Setting user context: splunk-system-user
02-06-2024 20:24:06.043 INFO  UserManager [8320 RunDispatch] - Done setting user context: NULL -> splunk-system-user
02-06-2024 20:24:06.043 INFO  UserManager [8320 RunDispatch] - Unwound user context: splunk-system-user -> NULL
02-06-2024 20:24:06.043 INFO  UserManager [8320 RunDispatch] - Setting user context: admin
02-06-2024 20:24:06.043 INFO  UserManager [8320 RunDispatch] - Done setting user context: NULL -> admin
02-06-2024 20:24:06.043 INFO  dispatchRunner [8320 RunDispatch] - search context: user="admin", app="search", bs-pathname="/opt/splunk/var/run/searchpeers/GOEL-SearchHead-1707250902"
02-06-2024 20:24:06.043 INFO  SearchParser [8320 RunDispatch] - PARSING: litsearch (host=www* index=infra source="/opt/log/www*/access.log" status>399 _time>=1707164645.000) | addinfo  type=count label=prereport_events track_fieldmeta_events=true | fields  keepcolorder=t "host" "prestats_reserved_*" "psrsvd_*" "status" | prestats  count by host status
02-06-2024 20:24:06.043 INFO  StatsContext [8320 RunDispatch] -  Setting chunk size min=65536 max=1048576 double_every=100
02-06-2024 20:24:06.043 INFO  StatsContext [8320 RunDispatch] -  Setting max memory usage to 209715200
02-06-2024 20:24:06.043 INFO  SearchParser [8320 RunDispatch] - PARSING: litsearch (host=www* index=infra source="/opt/log/www*/access.log" status>399 _time>=1707164645.000) | addinfo  type=count label=prereport_events track_fieldmeta_events=true | fields  keepcolorder=t "host" "prestats_reserved_*" "psrsvd_*" "status" | prestats  count by host status
02-06-2024 20:24:06.043 INFO  StatsContext [8320 RunDispatch] -  Setting chunk size min=65536 max=1048576 double_every=100
02-06-2024 20:24:06.043 INFO  StatsContext [8320 RunDispatch] -  Setting max memory usage to 209715200
02-06-2024 20:24:06.043 INFO  UserManager [8320 RunDispatch] - Setting user context: splunk-system-user
02-06-2024 20:24:06.043 INFO  UserManager [8320 RunDispatch] - Done setting user context: admin -> splunk-system-user
02-06-2024 20:24:06.043 INFO  UserManager [8320 RunDispatch] - Setting user context: admin
02-06-2024 20:24:06.043 INFO  UserManager [8320 RunDispatch] - Done setting user context: splunk-system-user -> admin
02-06-2024 20:24:06.045 INFO  UserManager [8320 RunDispatch] - Unwound user context: admin -> splunk-system-user
02-06-2024 20:24:06.045 INFO  UserManager [8320 RunDispatch] - Unwound user context: splunk-system-user -> admin
02-06-2024 20:24:06.045 INFO  DispatchCommandProcessor [8320 RunDispatch] - Search requires the following indexes="[infra]"
02-06-2024 20:24:06.045 INFO  IndexReaderIf [8320 RunDispatch] - Loading Clustering bucket manifest file=/opt/splunk/var/run/splunk/cluster/search-buckets/search_sitedefault_gen106.csv.gz
02-06-2024 20:24:06.045 INFO  DatabaseDirectoryManager [8320 RunDispatch] - initDDMsFromSearchBucketManifest path=/opt/splunk/var/run/splunk/cluster/search-buckets/search_sitedefault_gen106.csv.gz, indexWhiteList_size=1
02-06-2024 20:24:06.045 INFO  dispatchRunner [8320 RunDispatch] - SearchPeerInitSearchMs=2
02-06-2024 20:24:06.045 INFO  dispatchRunner [8320 RunDispatch] - BSOrchestrator launching the parallel pipelines.
02-06-2024 20:24:06.045 INFO  SearchPipelineExecutor [8320 RunDispatch] - Number of BatchSearch pipelines launched=1
02-06-2024 20:24:06.045 INFO  SearchPipelineExecutor [8320 RunDispatch] - Starting to transmit serialized search results.
02-06-2024 20:24:06.045 INFO  SearchPipelineExecutor [8323 BatchSearch] - BatchSearch pipeline=0 is started in its own thread
02-06-2024 20:24:06.045 INFO  UserManager [8323 BatchSearch] - Setting user context: admin
02-06-2024 20:24:06.045 INFO  UserManager [8323 BatchSearch] - Done setting user context: NULL -> admin
02-06-2024 20:24:06.045 INFO  SearchPipelineExecutor [8324 NormSerializeExecutorThread] - NormSerializeExecutorThread pipeline=0 is started in its own thread.
02-06-2024 20:24:06.045 INFO  SearchParser [8323 BatchSearch] - PARSING: litsearch (host=www* index=infra source="/opt/log/www*/access.log" status>399 _time>=1707164645.000) | addinfo  type=count label=prereport_events track_fieldmeta_events=true | fields  keepcolorder=t "host" "prestats_reserved_*" "psrsvd_*" "status" | prestats  count by host status
02-06-2024 20:24:06.045 INFO  StatsContext [8323 BatchSearch] -  Setting chunk size min=65536 max=1048576 double_every=100
02-06-2024 20:24:06.045 INFO  StatsContext [8323 BatchSearch] -  Setting max memory usage to 209715200
02-06-2024 20:24:06.056 INFO  SearchParser [8323 BatchSearch] - PARSING: typer | tags
02-06-2024 20:24:06.057 INFO  FastTyper [8323 BatchSearch] - found nodes count: comparisons=6, unique_comparisons=5, terms=4, unique_terms=4, phrases=12, unique_phrases=12, total leaves=22
02-06-2024 20:24:06.057 INFO  BatchSearch [8323 BatchSearch] - Using Batch Search
02-06-2024 20:24:06.058 INFO  UserManager [8323 BatchSearch] - Setting user context: admin
02-06-2024 20:24:06.058 INFO  UserManager [8323 BatchSearch] - Done setting user context: admin -> admin
02-06-2024 20:24:06.058 INFO  FastSearchFilter [8323 BatchSearch] - Finished initializing IndexScopedFilter - trivial=0, nTerms=0, oTerms=0, host=1, source=1, sourcetype=0, linecount=0 exactCustomCmp=0
02-06-2024 20:24:06.058 INFO  UserManager [8323 BatchSearch] - Unwound user context: admin -> admin
02-06-2024 20:24:06.058 INFO  BatchSearch [8323 BatchSearch] -  BatchSearch is initialized for indexes = {infra}, et = 1707164645.000000000, lt = 1707251046.055816000, index_et = -9223372036854775808.000000000, index_lt = 9223372036854775807.999999000, noRead = FALSE
02-06-2024 20:24:06.058 INFO  BatchSearch [8323 BatchSearch] - Clearing any DDM references
02-06-2024 20:24:06.058 INFO  BatchSearch [8323 BatchSearch] - index: infra dbsize=6
02-06-2024 20:24:06.058 INFO  UnifiedSearch [8323 BatchSearch] - Initialization of search data structures took 3 ms
02-06-2024 20:24:06.059 INFO  UnifiedSearch [8323 BatchSearch] - Processed search targeting arguments
02-06-2024 20:24:06.059 INFO  StatsProcessorV2 [8323 BatchSearch] - StatsV2 (stats) args: count, by, host, status
02-06-2024 20:24:06.059 INFO  StatsProcessorV2 [8323 BatchSearch] - StatsProcessorV2::processArguments: Unaligned accesses are free
02-06-2024 20:24:06.059 INFO  StatsAggregations [8323 BatchSearch] - Instantiating Stats function group_count for key=, alias=count
02-06-2024 20:24:06.059 INFO  StatsContext [8323 BatchSearch] - shouldFallbackToOldStats: _use_v2_level=USE_V2_ALL, fallback=false
02-06-2024 20:24:06.064 INFO  BatchSearch [8323 BatchSearch] - Searching index:infra with LISPY:'[ AND host::www* source::/opt/log/www*/access.log ]'
02-06-2024 20:24:06.067 INFO  SearchOperator:kv [8323 BatchSearch] - Trying to disable extractor name="HTTP 1.1\" (?<status>\d+)"
02-06-2024 20:24:06.069 INFO  BatchSearch [8323 BatchSearch] - Setting up cache file for bkt=infra~5~A4B2739E-EC56-4B6D-9A88-3AA302EAA608
02-06-2024 20:24:06.069 INFO  BatchSearch [8323 BatchSearch] - Setting up cache file for bkt=infra~4~A4B2739E-EC56-4B6D-9A88-3AA302EAA608
02-06-2024 20:24:06.070 INFO  BatchSearch [8323 BatchSearch] - Setting up cache file for bkt=infra~2~A4B2739E-EC56-4B6D-9A88-3AA302EAA608
02-06-2024 20:24:06.070 INFO  BatchSearch [8323 BatchSearch] - Setting up cache file for bkt=infra~0~A4B2739E-EC56-4B6D-9A88-3AA302EAA608
02-06-2024 20:24:06.070 INFO  UserManager [8323 BatchSearch] - Unwound user context: admin -> NULL
02-06-2024 20:24:06.070 INFO  SearchPipelineExecutor [8323 BatchSearch] - BatchSearch pipleine=0 is finished.
02-06-2024 20:24:06.070 INFO  SearchPipelineExecutor [8324 NormSerializeExecutorThread] - NormSerializeExecutorThread pipeline=0 is finished.
02-06-2024 20:24:06.070 INFO  SearchPipelineExecutor [8320 RunDispatch] - Done transmitting serialized search results, total bytes transmitted 22236.
02-06-2024 20:24:06.070 INFO  dispatchRunner [8320 RunDispatch] - Finished parallel pipeline processing.
02-06-2024 20:24:06.070 INFO  SearchOperator:kv [8320 RunDispatch] - Extractor stats: name=_autoKvStats, probes=10, total_time_ms=0, max_time_ms=0
02-06-2024 20:24:06.070 INFO  SearchOperator:kv [8320 RunDispatch] - Extractor stats: name=HTTP 1.1\" (?<status>\d+), probes=9, total_time_ms=0, max_time_ms=0
02-06-2024 20:24:06.071 INFO  ISearchOperator [8320 RunDispatch] - 0x7f97076e0400 PREAD_HISTOGRAM: usec_1_8=101 usec_8_64=2 usec_64_512=0 usec_512_4096=0 usec_4096_32768=0 usec_32768_262144=0 usec_262144_INF=0 
02-06-2024 20:24:06.071 INFO  SearchPipelineExecutor [8320 RunDispatch] - Batch Search Index Orchestrator has been shutdown.
02-06-2024 20:24:06.071 INFO  UserManager [8320 RunDispatch] - Unwound user context: admin -> NULL
02-06-2024 20:24:06.071 INFO  LookupDataProvider [8320 RunDispatch] - Clearing out lookup shared provider map
02-06-2024 20:24:06.072 INFO  dispatchRunner [21298 MainThread] - RunDispatch is done: sid=remote_GOEL-SearchHead_admin__admin__search__search4_1707251045.18, exit=0
