4.1.2 2024-02-06 07:00:00,832 INFO 140572651001664 - Starting to get apps
4.1.2 2024-02-06 07:00:01,417 ERROR 140572651001664 - Could not make request to Splunk: [HTTP 404] https://127.0.0.1:8089/services/eura_app_list?type=deployment
Traceback (most recent call last):
  File "/opt/splunk/etc/apps/python_upgrade_readiness_app/bin/eura_remote_latest_report.py", line 104, in get_all_apps
    response, content = sr.simpleRequest(path=endpoint, sessionKey=self.session_key, method="GET")
  File "/opt/splunk/lib/python3.7/site-packages/splunk/rest/__init__.py", line 661, in simpleRequest
    raise splunk.ResourceNotFound(uri)
splunk.ResourceNotFound: [HTTP 404] https://127.0.0.1:8089/services/eura_app_list?type=deployment
4.1.2 2024-02-06 07:00:02,487 INFO 140572651001664 - merged_file_path = /opt/splunk/etc/apps/python_upgrade_readiness_app/local/emerald_merged/merged_report.json
4.1.2 2024-02-06 07:00:02,487 INFO 140572651001664 - remote_file_path = /opt/splunk/etc/apps/python_upgrade_readiness_app/local/emerald_remote/GOEL-Indexer1.json
4.1.2 2024-02-06 07:00:02,487 INFO 140572651001664 - Skipping to write report from indexer: GOEL-Indexer1 as it is empty.Trying to fetch result from another indexer
4.1.2 2024-02-06 07:00:02,487 INFO 140572651001664 - remote_file_path = /opt/splunk/etc/apps/python_upgrade_readiness_app/local/emerald_remote/GOEL-Indexer2.json
4.1.2 2024-02-06 07:00:02,487 INFO 140572651001664 - Skipping to write report from indexer: GOEL-Indexer2 as it is empty.Trying to fetch result from another indexer
4.1.2 2024-02-06 07:00:02,487 INFO 140572651001664 - remote_file_path = /opt/splunk/etc/apps/python_upgrade_readiness_app/local/emerald_remote/GOEL-Indexer3.json
4.1.2 2024-02-06 07:00:02,487 INFO 140572651001664 - Skipping to write report from indexer: GOEL-Indexer3 as it is empty.Trying to fetch result from another indexer
4.1.2 2024-02-06 07:00:02,487 INFO 140572651001664 - Writing local report as merged report could not be generated.
4.1.2 2024-02-06 07:00:02,487 INFO 140572651001664 - splunk-system-user file does not exists.
4.1.2 2024-02-06 19:00:00,848 INFO 140131028678464 - Starting to get apps
4.1.2 2024-02-06 19:00:01,542 ERROR 140131028678464 - Could not make request to Splunk: [HTTP 404] https://127.0.0.1:8089/services/eura_app_list?type=deployment
Traceback (most recent call last):
  File "/opt/splunk/etc/apps/python_upgrade_readiness_app/bin/eura_remote_latest_report.py", line 104, in get_all_apps
    response, content = sr.simpleRequest(path=endpoint, sessionKey=self.session_key, method="GET")
  File "/opt/splunk/lib/python3.7/site-packages/splunk/rest/__init__.py", line 661, in simpleRequest
    raise splunk.ResourceNotFound(uri)
splunk.ResourceNotFound: [HTTP 404] https://127.0.0.1:8089/services/eura_app_list?type=deployment
4.1.2 2024-02-06 19:00:02,454 INFO 140131028678464 - merged_file_path = /opt/splunk/etc/apps/python_upgrade_readiness_app/local/emerald_merged/merged_report.json
4.1.2 2024-02-06 19:00:02,454 INFO 140131028678464 - remote_file_path = /opt/splunk/etc/apps/python_upgrade_readiness_app/local/emerald_remote/GOEL-Indexer1.json
4.1.2 2024-02-06 19:00:02,454 INFO 140131028678464 - Skipping to write report from indexer: GOEL-Indexer1 as it is empty.Trying to fetch result from another indexer
4.1.2 2024-02-06 19:00:02,454 INFO 140131028678464 - remote_file_path = /opt/splunk/etc/apps/python_upgrade_readiness_app/local/emerald_remote/GOEL-Indexer2.json
4.1.2 2024-02-06 19:00:02,454 INFO 140131028678464 - Skipping to write report from indexer: GOEL-Indexer2 as it is empty.Trying to fetch result from another indexer
4.1.2 2024-02-06 19:00:02,454 INFO 140131028678464 - remote_file_path = /opt/splunk/etc/apps/python_upgrade_readiness_app/local/emerald_remote/GOEL-Indexer3.json
4.1.2 2024-02-06 19:00:02,455 INFO 140131028678464 - Skipping to write report from indexer: GOEL-Indexer3 as it is empty.Trying to fetch result from another indexer
4.1.2 2024-02-06 19:00:02,455 INFO 140131028678464 - Writing local report as merged report could not be generated.
4.1.2 2024-02-06 19:00:02,455 INFO 140131028678464 - splunk-system-user file does not exists.
