02-06-2024 03:57:07.988 +0000 INFO  SavedSplunker - Starting SavedSearchFetcher thread
02-06-2024 03:57:07.991 +0000 INFO  SavedSplunker - async_saved_search_fetch has been activated with an interval of 30.000 seconds.
02-06-2024 03:57:38.203 +0000 INFO  SavedSplunker - savedsearch_id="nobody;splunk_monitoring_console;DMC Asset - Build Standalone Asset Table", search_type="scheduled", search_streaming=0, user="nobody", app="splunk_monitoring_console", savedsearch_name="DMC Asset - Build Standalone Asset Table", priority=default, status=success, digest_mode=1, durable_cursor=0, scheduled_time=1707191826, window_time=0, dispatch_time=1707191858, run_time=0.083, result_count=4, alert_actions="populate_lookup", sid="scheduler__nobody_c3BsdW5rX21vbml0b3JpbmdfY29uc29sZQ__RMD54740dfff07b17ef1_at_1707191826_0", suppressed=0, action_time_ms=6, thread_id="AlertNotifierWorker-0", workload_pool=""
02-06-2024 03:58:00.998 +0000 INFO  SavedSplunker - DCSS: completed reading history for continuous scheduled searches
02-06-2024 03:59:39.766 +0000 INFO  SavedSplunker - Shutting down the SavedSearchFetcher thread
02-06-2024 03:59:39.766 +0000 INFO  SavedSplunker - Ending SavedSearchFetcher thread
02-06-2024 03:59:53.969 +0000 INFO  SavedSplunker - Starting SavedSearchFetcher thread
02-06-2024 03:59:53.986 +0000 INFO  SavedSplunker - async_saved_search_fetch has been activated with an interval of 30.000 seconds.
02-06-2024 04:00:23.995 +0000 INFO  SavedSplunker - DCSS: completed reading history for continuous scheduled searches
02-06-2024 04:00:24.180 +0000 INFO  SavedSearchHistory - Thread started
02-06-2024 04:00:24.201 +0000 INFO  SavedSplunker - savedsearch_id="nobody;splunk_monitoring_console;DMC Asset - Build Standalone Asset Table", search_type="scheduled", search_streaming=0, user="nobody", app="splunk_monitoring_console", savedsearch_name="DMC Asset - Build Standalone Asset Table", priority=default, status=success, digest_mode=1, durable_cursor=0, scheduled_time=1707191992, window_time=0, dispatch_time=1707192024, run_time=0.077, result_count=4, alert_actions="populate_lookup", sid="scheduler__nobody_c3BsdW5rX21vbml0b3JpbmdfY29uc29sZQ__RMD54740dfff07b17ef1_at_1707191992_0", suppressed=0, action_time_ms=6, thread_id="AlertNotifierWorker-0", workload_pool=""
02-06-2024 04:17:01.915 +0000 INFO  SavedSplunker - savedsearch_id="nobody;splunk_archiver;Bucket Copy Trigger", search_type="scheduled", search_streaming=0, user="nobody", app="splunk_archiver", savedsearch_name="Bucket Copy Trigger", priority=default, status=success, digest_mode=1, durable_cursor=0, scheduled_time=1707193020, window_time=0, dispatch_time=1707193020, run_time=0.871, result_count=0, alert_actions="", sid="scheduler__nobody_c3BsdW5rX2FyY2hpdmVy__RMD5473cbac83d6c9db7_at_1707193020_1", suppressed=0, action_time_ms=2, thread_id="AlertNotifierWorker-0", workload_pool=""
02-06-2024 05:17:01.714 +0000 INFO  SavedSplunker - savedsearch_id="nobody;splunk_archiver;Bucket Copy Trigger", search_type="scheduled", search_streaming=0, user="nobody", app="splunk_archiver", savedsearch_name="Bucket Copy Trigger", priority=default, status=success, digest_mode=1, durable_cursor=0, scheduled_time=1707196620, window_time=0, dispatch_time=1707196620, run_time=1.463, result_count=0, alert_actions="", sid="scheduler__nobody_c3BsdW5rX2FyY2hpdmVy__RMD5473cbac83d6c9db7_at_1707196620_2", suppressed=0, action_time_ms=2, thread_id="AlertNotifierWorker-0", workload_pool=""
02-06-2024 05:31:10.035 +0000 INFO  SavedSearchHistory - Shut-down started
02-06-2024 05:31:10.035 +0000 INFO  SavedSearchHistory - Thread stopped
02-06-2024 05:31:10.035 +0000 INFO  SavedSearchHistory - Shut-down completed
02-06-2024 05:31:11.538 +0000 INFO  SavedSplunker - Shutting down the SavedSearchFetcher thread
02-06-2024 05:31:11.538 +0000 INFO  SavedSplunker - Ending SavedSearchFetcher thread
02-06-2024 05:31:26.667 +0000 INFO  SavedSplunker - Starting SavedSearchFetcher thread
02-06-2024 05:31:26.670 +0000 INFO  SavedSplunker - async_saved_search_fetch has been activated with an interval of 30.000 seconds.
02-06-2024 05:31:56.681 +0000 INFO  SavedSplunker - DCSS: completed reading history for continuous scheduled searches
02-06-2024 05:31:56.683 +0000 INFO  SavedSearchHistory - Thread started
02-06-2024 05:31:56.895 +0000 INFO  SavedSplunker - savedsearch_id="nobody;splunk_monitoring_console;DMC Asset - Build Standalone Asset Table", search_type="scheduled", search_streaming=0, user="nobody", app="splunk_monitoring_console", savedsearch_name="DMC Asset - Build Standalone Asset Table", priority=default, status=success, digest_mode=1, durable_cursor=0, scheduled_time=1707197485, window_time=0, dispatch_time=1707197516, run_time=0.080, result_count=4, alert_actions="populate_lookup", sid="scheduler__nobody_c3BsdW5rX21vbml0b3JpbmdfY29uc29sZQ__RMD54740dfff07b17ef1_at_1707197485_0", suppressed=0, action_time_ms=5, thread_id="AlertNotifierWorker-0", workload_pool=""
02-06-2024 06:17:03.159 +0000 INFO  SavedSplunker - savedsearch_id="nobody;splunk_archiver;Bucket Copy Trigger", search_type="scheduled", search_streaming=0, user="nobody", app="splunk_archiver", savedsearch_name="Bucket Copy Trigger", priority=default, status=success, digest_mode=1, durable_cursor=0, scheduled_time=1707200220, window_time=0, dispatch_time=1707200220, run_time=2.187, result_count=0, alert_actions="", sid="scheduler__nobody_c3BsdW5rX2FyY2hpdmVy__RMD5473cbac83d6c9db7_at_1707200220_1", suppressed=0, action_time_ms=2, thread_id="AlertNotifierWorker-0", workload_pool=""
02-06-2024 07:17:02.108 +0000 INFO  SavedSplunker - savedsearch_id="nobody;splunk_archiver;Bucket Copy Trigger", search_type="scheduled", search_streaming=0, user="nobody", app="splunk_archiver", savedsearch_name="Bucket Copy Trigger", priority=default, status=success, digest_mode=1, durable_cursor=0, scheduled_time=1707203820, window_time=0, dispatch_time=1707203820, run_time=1.844, result_count=0, alert_actions="", sid="scheduler__nobody_c3BsdW5rX2FyY2hpdmVy__RMD5473cbac83d6c9db7_at_1707203820_2", suppressed=0, action_time_ms=3, thread_id="AlertNotifierWorker-0", workload_pool=""
02-06-2024 07:31:41.880 +0000 INFO  SavedSearchHistory - Shut-down started
02-06-2024 07:31:41.880 +0000 INFO  SavedSearchHistory - Thread stopped
02-06-2024 07:31:41.881 +0000 INFO  SavedSearchHistory - Shut-down completed
02-06-2024 07:31:44.274 +0000 INFO  SavedSplunker - Shutting down the SavedSearchFetcher thread
02-06-2024 07:31:44.274 +0000 INFO  SavedSplunker - Ending SavedSearchFetcher thread
02-06-2024 07:32:02.062 +0000 INFO  SavedSplunker - Starting SavedSearchFetcher thread
02-06-2024 07:32:02.074 +0000 INFO  SavedSplunker - async_saved_search_fetch has been activated with an interval of 30.000 seconds.
02-06-2024 07:32:32.086 +0000 INFO  SavedSplunker - DCSS: completed reading history for continuous scheduled searches
02-06-2024 07:32:32.096 +0000 INFO  SavedSearchHistory - Thread started
02-06-2024 07:32:32.321 +0000 INFO  SavedSplunker - savedsearch_id="nobody;splunk_monitoring_console;DMC Asset - Build Standalone Asset Table", search_type="scheduled", search_streaming=0, user="nobody", app="splunk_monitoring_console", savedsearch_name="DMC Asset - Build Standalone Asset Table", priority=default, status=success, digest_mode=1, durable_cursor=0, scheduled_time=1707204721, window_time=0, dispatch_time=1707204752, run_time=0.102, result_count=4, alert_actions="populate_lookup", sid="scheduler__nobody_c3BsdW5rX21vbml0b3JpbmdfY29uc29sZQ__RMD54740dfff07b17ef1_at_1707204721_0", suppressed=0, action_time_ms=4, thread_id="AlertNotifierWorker-0", workload_pool=""
02-06-2024 08:17:03.317 +0000 INFO  SavedSplunker - savedsearch_id="nobody;splunk_archiver;Bucket Copy Trigger", search_type="scheduled", search_streaming=0, user="nobody", app="splunk_archiver", savedsearch_name="Bucket Copy Trigger", priority=default, status=success, digest_mode=1, durable_cursor=0, scheduled_time=1707207420, window_time=0, dispatch_time=1707207420, run_time=2.851, result_count=0, alert_actions="", sid="scheduler__nobody_c3BsdW5rX2FyY2hpdmVy__RMD5473cbac83d6c9db7_at_1707207420_1", suppressed=0, action_time_ms=7, thread_id="AlertNotifierWorker-0", workload_pool=""
02-06-2024 09:17:03.739 +0000 INFO  SavedSplunker - savedsearch_id="nobody;splunk_archiver;Bucket Copy Trigger", search_type="scheduled", search_streaming=0, user="nobody", app="splunk_archiver", savedsearch_name="Bucket Copy Trigger", priority=default, status=success, digest_mode=1, durable_cursor=0, scheduled_time=1707211020, window_time=0, dispatch_time=1707211020, run_time=3.088, result_count=0, alert_actions="", sid="scheduler__nobody_c3BsdW5rX2FyY2hpdmVy__RMD5473cbac83d6c9db7_at_1707211020_2", suppressed=0, action_time_ms=3, thread_id="AlertNotifierWorker-0", workload_pool=""
02-06-2024 10:17:04.821 +0000 INFO  SavedSplunker - savedsearch_id="nobody;splunk_archiver;Bucket Copy Trigger", search_type="scheduled", search_streaming=0, user="nobody", app="splunk_archiver", savedsearch_name="Bucket Copy Trigger", priority=default, status=success, digest_mode=1, durable_cursor=0, scheduled_time=1707214620, window_time=0, dispatch_time=1707214620, run_time=3.806, result_count=0, alert_actions="", sid="scheduler__nobody_c3BsdW5rX2FyY2hpdmVy__RMD5473cbac83d6c9db7_at_1707214620_3", suppressed=0, action_time_ms=4, thread_id="AlertNotifierWorker-0", workload_pool=""
02-06-2024 11:17:04.420 +0000 INFO  SavedSplunker - savedsearch_id="nobody;splunk_archiver;Bucket Copy Trigger", search_type="scheduled", search_streaming=0, user="nobody", app="splunk_archiver", savedsearch_name="Bucket Copy Trigger", priority=default, status=success, digest_mode=1, durable_cursor=0, scheduled_time=1707218220, window_time=0, dispatch_time=1707218220, run_time=3.074, result_count=0, alert_actions="", sid="scheduler__nobody_c3BsdW5rX2FyY2hpdmVy__RMD5473cbac83d6c9db7_at_1707218220_4", suppressed=0, action_time_ms=1, thread_id="AlertNotifierWorker-0", workload_pool=""
02-06-2024 12:17:03.517 +0000 INFO  SavedSplunker - savedsearch_id="nobody;splunk_archiver;Bucket Copy Trigger", search_type="scheduled", search_streaming=0, user="nobody", app="splunk_archiver", savedsearch_name="Bucket Copy Trigger", priority=default, status=success, digest_mode=1, durable_cursor=0, scheduled_time=1707221820, window_time=0, dispatch_time=1707221820, run_time=3.012, result_count=0, alert_actions="", sid="scheduler__nobody_c3BsdW5rX2FyY2hpdmVy__RMD5473cbac83d6c9db7_at_1707221820_5", suppressed=0, action_time_ms=2, thread_id="AlertNotifierWorker-0", workload_pool=""
02-06-2024 12:58:13.799 +0000 INFO  SavedSearchHistory - Shut-down started
02-06-2024 12:58:13.800 +0000 INFO  SavedSearchHistory - Thread stopped
02-06-2024 12:58:13.800 +0000 INFO  SavedSearchHistory - Shut-down completed
02-06-2024 12:58:15.636 +0000 INFO  SavedSplunker - Shutting down the SavedSearchFetcher thread
02-06-2024 12:58:15.636 +0000 INFO  SavedSplunker - Ending SavedSearchFetcher thread
02-06-2024 12:58:36.004 +0000 INFO  SavedSplunker - Starting SavedSearchFetcher thread
02-06-2024 12:58:36.004 +0000 INFO  SavedSplunker - async_saved_search_fetch has been activated with an interval of 30.000 seconds.
02-06-2024 12:59:06.014 +0000 INFO  SavedSplunker - DCSS: completed reading history for continuous scheduled searches
02-06-2024 12:59:06.020 +0000 INFO  SavedSearchHistory - Thread started
02-06-2024 12:59:06.461 +0000 INFO  SavedSplunker - savedsearch_id="nobody;splunk_monitoring_console;DMC Asset - Build Standalone Asset Table", search_type="scheduled", search_streaming=0, user="nobody", app="splunk_monitoring_console", savedsearch_name="DMC Asset - Build Standalone Asset Table", priority=default, status=success, digest_mode=1, durable_cursor=0, scheduled_time=1707224315, window_time=0, dispatch_time=1707224346, run_time=0.154, result_count=4, alert_actions="populate_lookup", sid="scheduler__nobody_c3BsdW5rX21vbml0b3JpbmdfY29uc29sZQ__RMD54740dfff07b17ef1_at_1707224315_0", suppressed=0, action_time_ms=7, thread_id="AlertNotifierWorker-0", workload_pool=""
02-06-2024 13:17:03.037 +0000 INFO  SavedSplunker - savedsearch_id="nobody;splunk_archiver;Bucket Copy Trigger", search_type="scheduled", search_streaming=0, user="nobody", app="splunk_archiver", savedsearch_name="Bucket Copy Trigger", priority=default, status=success, digest_mode=1, durable_cursor=0, scheduled_time=1707225420, window_time=0, dispatch_time=1707225420, run_time=2.783, result_count=0, alert_actions="", sid="scheduler__nobody_c3BsdW5rX2FyY2hpdmVy__RMD5473cbac83d6c9db7_at_1707225420_1", suppressed=0, action_time_ms=1, thread_id="AlertNotifierWorker-0", workload_pool=""
02-06-2024 14:17:02.752 +0000 INFO  SavedSplunker - savedsearch_id="nobody;splunk_archiver;Bucket Copy Trigger", search_type="scheduled", search_streaming=0, user="nobody", app="splunk_archiver", savedsearch_name="Bucket Copy Trigger", priority=default, status=success, digest_mode=1, durable_cursor=0, scheduled_time=1707229020, window_time=0, dispatch_time=1707229020, run_time=2.402, result_count=0, alert_actions="", sid="scheduler__nobody_c3BsdW5rX2FyY2hpdmVy__RMD5473cbac83d6c9db7_at_1707229020_2", suppressed=0, action_time_ms=1, thread_id="AlertNotifierWorker-0", workload_pool=""
02-06-2024 15:17:02.467 +0000 INFO  SavedSplunker - savedsearch_id="nobody;splunk_archiver;Bucket Copy Trigger", search_type="scheduled", search_streaming=0, user="nobody", app="splunk_archiver", savedsearch_name="Bucket Copy Trigger", priority=default, status=success, digest_mode=1, durable_cursor=0, scheduled_time=1707232620, window_time=0, dispatch_time=1707232620, run_time=1.946, result_count=0, alert_actions="", sid="scheduler__nobody_c3BsdW5rX2FyY2hpdmVy__RMD5473cbac83d6c9db7_at_1707232620_3", suppressed=0, action_time_ms=2, thread_id="AlertNotifierWorker-0", workload_pool=""
02-06-2024 15:26:24.668 +0000 INFO  SavedSearchHistory - Shut-down started
02-06-2024 15:26:24.668 +0000 INFO  SavedSearchHistory - Thread stopped
02-06-2024 15:26:24.668 +0000 INFO  SavedSearchHistory - Shut-down completed
02-06-2024 15:26:25.838 +0000 INFO  SavedSplunker - Shutting down the SavedSearchFetcher thread
02-06-2024 15:26:25.838 +0000 INFO  SavedSplunker - Ending SavedSearchFetcher thread
02-06-2024 15:26:40.158 +0000 INFO  SavedSplunker - Starting SavedSearchFetcher thread
02-06-2024 15:26:40.158 +0000 INFO  SavedSplunker - async_saved_search_fetch has been activated with an interval of 30.000 seconds.
02-06-2024 15:27:10.170 +0000 INFO  SavedSplunker - DCSS: completed reading history for continuous scheduled searches
02-06-2024 15:27:10.180 +0000 INFO  SavedSearchHistory - Thread started
02-06-2024 15:27:10.526 +0000 INFO  SavedSplunker - savedsearch_id="nobody;splunk_monitoring_console;DMC Asset - Build Standalone Asset Table", search_type="scheduled", search_streaming=0, user="nobody", app="splunk_monitoring_console", savedsearch_name="DMC Asset - Build Standalone Asset Table", priority=default, status=success, digest_mode=1, durable_cursor=0, scheduled_time=1707233199, window_time=0, dispatch_time=1707233230, run_time=0.108, result_count=4, alert_actions="populate_lookup", sid="scheduler__nobody_c3BsdW5rX21vbml0b3JpbmdfY29uc29sZQ__RMD54740dfff07b17ef1_at_1707233199_0", suppressed=0, action_time_ms=4, thread_id="AlertNotifierWorker-0", workload_pool=""
02-06-2024 16:17:02.484 +0000 INFO  SavedSplunker - savedsearch_id="nobody;splunk_archiver;Bucket Copy Trigger", search_type="scheduled", search_streaming=0, user="nobody", app="splunk_archiver", savedsearch_name="Bucket Copy Trigger", priority=default, status=success, digest_mode=1, durable_cursor=0, scheduled_time=1707236220, window_time=0, dispatch_time=1707236220, run_time=2.163, result_count=0, alert_actions="", sid="scheduler__nobody_c3BsdW5rX2FyY2hpdmVy__RMD5473cbac83d6c9db7_at_1707236220_1", suppressed=0, action_time_ms=2, thread_id="AlertNotifierWorker-0", workload_pool=""
02-06-2024 17:17:02.607 +0000 INFO  SavedSplunker - savedsearch_id="nobody;splunk_archiver;Bucket Copy Trigger", search_type="scheduled", search_streaming=0, user="nobody", app="splunk_archiver", savedsearch_name="Bucket Copy Trigger", priority=default, status=success, digest_mode=1, durable_cursor=0, scheduled_time=1707239820, window_time=0, dispatch_time=1707239820, run_time=2.054, result_count=0, alert_actions="", sid="scheduler__nobody_c3BsdW5rX2FyY2hpdmVy__RMD5473cbac83d6c9db7_at_1707239820_2", suppressed=0, action_time_ms=1, thread_id="AlertNotifierWorker-0", workload_pool=""
02-06-2024 17:34:02.758 +0000 INFO  SavedSearchHistory - Shut-down started
02-06-2024 17:34:02.758 +0000 INFO  SavedSearchHistory - Thread stopped
02-06-2024 17:34:02.759 +0000 INFO  SavedSearchHistory - Shut-down completed
02-06-2024 17:34:04.792 +0000 INFO  SavedSplunker - Shutting down the SavedSearchFetcher thread
02-06-2024 17:34:04.792 +0000 INFO  SavedSplunker - Ending SavedSearchFetcher thread
02-06-2024 17:34:22.938 +0000 INFO  SavedSplunker - Starting SavedSearchFetcher thread
02-06-2024 17:34:22.981 +0000 INFO  SavedSplunker - async_saved_search_fetch has been activated with an interval of 30.000 seconds.
02-06-2024 17:34:52.995 +0000 INFO  SavedSplunker - DCSS: completed reading history for continuous scheduled searches
02-06-2024 17:34:53.007 +0000 INFO  SavedSearchHistory - Thread started
02-06-2024 17:34:53.275 +0000 INFO  SavedSplunker - savedsearch_id="nobody;splunk_monitoring_console;DMC Asset - Build Standalone Asset Table", search_type="scheduled", search_streaming=0, user="nobody", app="splunk_monitoring_console", savedsearch_name="DMC Asset - Build Standalone Asset Table", priority=default, status=success, digest_mode=1, durable_cursor=0, scheduled_time=1707240861, window_time=0, dispatch_time=1707240893, run_time=0.102, result_count=4, alert_actions="populate_lookup", sid="scheduler__nobody_c3BsdW5rX21vbml0b3JpbmdfY29uc29sZQ__RMD54740dfff07b17ef1_at_1707240861_0", suppressed=0, action_time_ms=5, thread_id="AlertNotifierWorker-0", workload_pool=""
02-06-2024 18:17:02.409 +0000 INFO  SavedSplunker - savedsearch_id="nobody;splunk_archiver;Bucket Copy Trigger", search_type="scheduled", search_streaming=0, user="nobody", app="splunk_archiver", savedsearch_name="Bucket Copy Trigger", priority=default, status=success, digest_mode=1, durable_cursor=0, scheduled_time=1707243420, window_time=0, dispatch_time=1707243420, run_time=2.090, result_count=0, alert_actions="", sid="scheduler__nobody_c3BsdW5rX2FyY2hpdmVy__RMD5473cbac83d6c9db7_at_1707243420_1", suppressed=0, action_time_ms=1, thread_id="AlertNotifierWorker-0", workload_pool=""
02-06-2024 19:17:02.134 +0000 INFO  SavedSplunker - savedsearch_id="nobody;splunk_archiver;Bucket Copy Trigger", search_type="scheduled", search_streaming=0, user="nobody", app="splunk_archiver", savedsearch_name="Bucket Copy Trigger", priority=default, status=success, digest_mode=1, durable_cursor=0, scheduled_time=1707247020, window_time=0, dispatch_time=1707247020, run_time=1.759, result_count=0, alert_actions="", sid="scheduler__nobody_c3BsdW5rX2FyY2hpdmVy__RMD5473cbac83d6c9db7_at_1707247020_11", suppressed=0, action_time_ms=2, thread_id="AlertNotifierWorker-0", workload_pool=""
02-06-2024 20:14:43.797 +0000 INFO  SavedSearchHistory - Shut-down started
02-06-2024 20:14:43.797 +0000 INFO  SavedSearchHistory - Thread stopped
02-06-2024 20:14:43.797 +0000 INFO  SavedSearchHistory - Shut-down completed
02-06-2024 20:14:45.739 +0000 INFO  SavedSplunker - Shutting down the SavedSearchFetcher thread
02-06-2024 20:14:45.739 +0000 INFO  SavedSplunker - Ending SavedSearchFetcher thread
02-06-2024 20:15:00.061 +0000 INFO  SavedSplunker - Starting SavedSearchFetcher thread
02-06-2024 20:15:00.061 +0000 INFO  SavedSplunker - async_saved_search_fetch has been activated with an interval of 30.000 seconds.
02-06-2024 20:15:30.070 +0000 INFO  SavedSplunker - DCSS: completed reading history for continuous scheduled searches
02-06-2024 20:15:30.078 +0000 INFO  SavedSearchHistory - Thread started
02-06-2024 20:15:30.300 +0000 INFO  SavedSplunker - savedsearch_id="nobody;splunk_monitoring_console;DMC Asset - Build Standalone Asset Table", search_type="scheduled", search_streaming=0, user="nobody", app="splunk_monitoring_console", savedsearch_name="DMC Asset - Build Standalone Asset Table", priority=default, status=success, digest_mode=1, durable_cursor=0, scheduled_time=1707250499, window_time=0, dispatch_time=1707250530, run_time=0.107, result_count=4, alert_actions="populate_lookup", sid="scheduler__nobody_c3BsdW5rX21vbml0b3JpbmdfY29uc29sZQ__RMD54740dfff07b17ef1_at_1707250499_0", suppressed=0, action_time_ms=6, thread_id="AlertNotifierWorker-0", workload_pool=""
02-06-2024 20:16:50.383 +0000 INFO  SavedSearchHistory - Shut-down started
02-06-2024 20:16:50.383 +0000 INFO  SavedSearchHistory - Thread stopped
02-06-2024 20:16:50.383 +0000 INFO  SavedSearchHistory - Shut-down completed
02-06-2024 20:16:52.216 +0000 INFO  SavedSplunker - Shutting down the SavedSearchFetcher thread
02-06-2024 20:16:52.216 +0000 INFO  SavedSplunker - Ending SavedSearchFetcher thread
02-06-2024 20:17:09.530 +0000 INFO  SavedSplunker - Starting SavedSearchFetcher thread
02-06-2024 20:17:09.530 +0000 INFO  SavedSplunker - async_saved_search_fetch has been activated with an interval of 30.000 seconds.
02-06-2024 20:17:39.545 +0000 INFO  SavedSearchHistory - Thread started
02-06-2024 20:17:39.545 +0000 INFO  SavedSplunker - DCSS: completed reading history for continuous scheduled searches
02-06-2024 20:17:39.760 +0000 INFO  SavedSplunker - savedsearch_id="nobody;splunk_monitoring_console;DMC Asset - Build Standalone Asset Table", search_type="scheduled", search_streaming=0, user="nobody", app="splunk_monitoring_console", savedsearch_name="DMC Asset - Build Standalone Asset Table", priority=default, status=success, digest_mode=1, durable_cursor=0, scheduled_time=1707250628, window_time=0, dispatch_time=1707250659, run_time=0.097, result_count=4, alert_actions="populate_lookup", sid="scheduler__nobody_c3BsdW5rX21vbml0b3JpbmdfY29uc29sZQ__RMD54740dfff07b17ef1_at_1707250628_0", suppressed=0, action_time_ms=6, thread_id="AlertNotifierWorker-0", workload_pool=""
02-06-2024 20:20:09.539 +0000 INFO  SavedSearchHistory - Shut-down started
02-06-2024 20:20:09.539 +0000 INFO  SavedSearchHistory - Thread stopped
02-06-2024 20:20:09.539 +0000 INFO  SavedSearchHistory - Shut-down completed
02-06-2024 20:20:11.670 +0000 INFO  SavedSplunker - Shutting down the SavedSearchFetcher thread
02-06-2024 20:20:11.671 +0000 INFO  SavedSplunker - Ending SavedSearchFetcher thread
02-06-2024 20:20:27.618 +0000 INFO  SavedSplunker - Starting SavedSearchFetcher thread
02-06-2024 20:20:27.641 +0000 INFO  SavedSplunker - async_saved_search_fetch has been activated with an interval of 30.000 seconds.
02-06-2024 20:20:57.654 +0000 INFO  SavedSplunker - DCSS: completed reading history for continuous scheduled searches
02-06-2024 20:20:57.655 +0000 INFO  SavedSearchHistory - Thread started
02-06-2024 20:20:58.219 +0000 INFO  SavedSplunker - savedsearch_id="nobody;splunk_monitoring_console;DMC Asset - Build Standalone Asset Table", search_type="scheduled", search_streaming=0, user="nobody", app="splunk_monitoring_console", savedsearch_name="DMC Asset - Build Standalone Asset Table", priority=default, status=success, digest_mode=1, durable_cursor=0, scheduled_time=1707250826, window_time=0, dispatch_time=1707250857, run_time=0.290, result_count=4, alert_actions="populate_lookup", sid="scheduler__nobody_c3BsdW5rX21vbml0b3JpbmdfY29uc29sZQ__RMD54740dfff07b17ef1_at_1707250826_0", suppressed=0, action_time_ms=8, thread_id="AlertNotifierWorker-0", workload_pool=""
