02-06-2024 03:56:57.721 +0000 WARN  SSLOptions - server.conf/[sslConfig]/sslVerifyServerCert is false disabling certificate validation; must be set to "true" for increased security
02-06-2024 03:56:57.721 +0000 INFO  ServerConfig - No '/opt/splunk/etc/auth/server.pem' certificate found.  Splunkd communication will not work without this.  If this is a fresh installation, this should be OK.
02-06-2024 03:56:57.721 +0000 INFO  ServerConfig - certificateStatusValidationMethod is not set, defaulting to none.
02-06-2024 03:56:57.721 +0000 INFO  ServerConfig - Splunk is starting with EC-SSC disabled
02-06-2024 03:56:58.516 +0000 INFO  loader - Getting configuration data from: /opt/splunk/etc/myinstall/splunkd.xml
02-06-2024 03:56:58.517 +0000 INFO  loader - SPLUNK_MODULE_PATH environment variable not found - defaulting to /opt/splunk/etc/modules
02-06-2024 03:56:58.517 +0000 INFO  loader - loading modules from /opt/splunk/etc/modules
02-06-2024 03:56:58.518 +0000 INFO  loader - Writing out composite configuration file: /opt/splunk/var/run/splunk/composite.xml
02-06-2024 03:56:58.528 +0000 INFO  loader - Validated 11 indexes in 4.700 milliseconds
02-06-2024 03:56:58.585 +0000 WARN  SSLOptions - server.conf/[sslConfig]/sslVerifyServerCert is false disabling certificate validation; must be set to "true" for increased security
02-06-2024 03:56:58.586 +0000 INFO  ServerConfig - certificateStatusValidationMethod is not set, defaulting to none.
02-06-2024 03:56:58.586 +0000 INFO  ServerConfig - Splunk is starting with EC-SSC disabled
02-06-2024 03:56:58.955 +0000 INFO  loader - Getting configuration data from: /opt/splunk/etc/myinstall/splunkd.xml
02-06-2024 03:56:58.955 +0000 INFO  loader - SPLUNK_MODULE_PATH environment variable not found - defaulting to /opt/splunk/etc/modules
02-06-2024 03:56:58.955 +0000 INFO  loader - loading modules from /opt/splunk/etc/modules
02-06-2024 03:56:58.956 +0000 INFO  loader - Writing out composite configuration file: /opt/splunk/var/run/splunk/composite.xml
02-06-2024 03:59:43.903 +0000 WARN  SSLOptions - server.conf/[sslConfig]/sslVerifyServerCert is false disabling certificate validation; must be set to "true" for increased security
02-06-2024 03:59:43.903 +0000 INFO  ServerConfig - certificateStatusValidationMethod is not set, defaulting to none.
02-06-2024 03:59:43.903 +0000 INFO  ServerConfig - Splunk is starting with EC-SSC disabled
02-06-2024 03:59:44.480 +0000 INFO  loader - Getting configuration data from: /opt/splunk/etc/myinstall/splunkd.xml
02-06-2024 03:59:44.480 +0000 INFO  loader - SPLUNK_MODULE_PATH environment variable not found - defaulting to /opt/splunk/etc/modules
02-06-2024 03:59:44.480 +0000 INFO  loader - loading modules from /opt/splunk/etc/modules
02-06-2024 03:59:44.481 +0000 INFO  loader - Writing out composite configuration file: /opt/splunk/var/run/splunk/composite.xml
02-06-2024 03:59:44.491 +0000 INFO  loader - Validated 11 indexes in 4.494 milliseconds
02-06-2024 03:59:44.550 +0000 WARN  SSLOptions - server.conf/[sslConfig]/sslVerifyServerCert is false disabling certificate validation; must be set to "true" for increased security
02-06-2024 03:59:44.550 +0000 INFO  ServerConfig - certificateStatusValidationMethod is not set, defaulting to none.
02-06-2024 03:59:44.550 +0000 INFO  ServerConfig - Splunk is starting with EC-SSC disabled
02-06-2024 03:59:44.917 +0000 INFO  loader - Getting configuration data from: /opt/splunk/etc/myinstall/splunkd.xml
02-06-2024 03:59:44.917 +0000 INFO  loader - SPLUNK_MODULE_PATH environment variable not found - defaulting to /opt/splunk/etc/modules
02-06-2024 03:59:44.917 +0000 INFO  loader - loading modules from /opt/splunk/etc/modules
02-06-2024 03:59:44.918 +0000 INFO  loader - Writing out composite configuration file: /opt/splunk/var/run/splunk/composite.xml
02-06-2024 05:31:16.311 +0000 WARN  SSLOptions - server.conf/[sslConfig]/sslVerifyServerCert is false disabling certificate validation; must be set to "true" for increased security
02-06-2024 05:31:16.311 +0000 INFO  ServerConfig - certificateStatusValidationMethod is not set, defaulting to none.
02-06-2024 05:31:16.311 +0000 INFO  ServerConfig - Splunk is starting with EC-SSC disabled
02-06-2024 05:31:16.891 +0000 INFO  loader - Getting configuration data from: /opt/splunk/etc/myinstall/splunkd.xml
02-06-2024 05:31:16.891 +0000 INFO  loader - SPLUNK_MODULE_PATH environment variable not found - defaulting to /opt/splunk/etc/modules
02-06-2024 05:31:16.891 +0000 INFO  loader - loading modules from /opt/splunk/etc/modules
02-06-2024 05:31:16.892 +0000 INFO  loader - Writing out composite configuration file: /opt/splunk/var/run/splunk/composite.xml
02-06-2024 05:31:16.902 +0000 INFO  loader - Validated 11 indexes in 4.380 milliseconds
02-06-2024 05:31:16.961 +0000 WARN  SSLOptions - server.conf/[sslConfig]/sslVerifyServerCert is false disabling certificate validation; must be set to "true" for increased security
02-06-2024 05:31:16.962 +0000 INFO  ServerConfig - certificateStatusValidationMethod is not set, defaulting to none.
02-06-2024 05:31:16.962 +0000 INFO  ServerConfig - Splunk is starting with EC-SSC disabled
02-06-2024 05:31:17.338 +0000 INFO  loader - Getting configuration data from: /opt/splunk/etc/myinstall/splunkd.xml
02-06-2024 05:31:17.338 +0000 INFO  loader - SPLUNK_MODULE_PATH environment variable not found - defaulting to /opt/splunk/etc/modules
02-06-2024 05:31:17.338 +0000 INFO  loader - loading modules from /opt/splunk/etc/modules
02-06-2024 05:31:17.339 +0000 INFO  loader - Writing out composite configuration file: /opt/splunk/var/run/splunk/composite.xml
02-06-2024 07:31:51.159 +0000 WARN  SSLOptions - server.conf/[sslConfig]/sslVerifyServerCert is false disabling certificate validation; must be set to "true" for increased security
02-06-2024 07:31:51.160 +0000 INFO  ServerConfig - certificateStatusValidationMethod is not set, defaulting to none.
02-06-2024 07:31:51.160 +0000 INFO  ServerConfig - Splunk is starting with EC-SSC disabled
02-06-2024 07:31:51.740 +0000 INFO  loader - Getting configuration data from: /opt/splunk/etc/myinstall/splunkd.xml
02-06-2024 07:31:51.740 +0000 INFO  loader - SPLUNK_MODULE_PATH environment variable not found - defaulting to /opt/splunk/etc/modules
02-06-2024 07:31:51.740 +0000 INFO  loader - loading modules from /opt/splunk/etc/modules
02-06-2024 07:31:51.741 +0000 INFO  loader - Writing out composite configuration file: /opt/splunk/var/run/splunk/composite.xml
02-06-2024 07:31:51.752 +0000 INFO  loader - Validated 11 indexes in 4.509 milliseconds
02-06-2024 07:31:51.810 +0000 WARN  SSLOptions - server.conf/[sslConfig]/sslVerifyServerCert is false disabling certificate validation; must be set to "true" for increased security
02-06-2024 07:31:51.811 +0000 INFO  ServerConfig - certificateStatusValidationMethod is not set, defaulting to none.
02-06-2024 07:31:51.811 +0000 INFO  ServerConfig - Splunk is starting with EC-SSC disabled
02-06-2024 07:31:52.179 +0000 INFO  loader - Getting configuration data from: /opt/splunk/etc/myinstall/splunkd.xml
02-06-2024 07:31:52.180 +0000 INFO  loader - SPLUNK_MODULE_PATH environment variable not found - defaulting to /opt/splunk/etc/modules
02-06-2024 07:31:52.180 +0000 INFO  loader - loading modules from /opt/splunk/etc/modules
02-06-2024 07:31:52.181 +0000 INFO  loader - Writing out composite configuration file: /opt/splunk/var/run/splunk/composite.xml
02-06-2024 12:58:22.078 +0000 WARN  SSLOptions - server.conf/[sslConfig]/sslVerifyServerCert is false disabling certificate validation; must be set to "true" for increased security
02-06-2024 12:58:22.079 +0000 INFO  ServerConfig - certificateStatusValidationMethod is not set, defaulting to none.
02-06-2024 12:58:22.079 +0000 INFO  ServerConfig - Splunk is starting with EC-SSC disabled
02-06-2024 12:58:22.701 +0000 INFO  loader - Getting configuration data from: /opt/splunk/etc/myinstall/splunkd.xml
02-06-2024 12:58:22.701 +0000 INFO  loader - SPLUNK_MODULE_PATH environment variable not found - defaulting to /opt/splunk/etc/modules
02-06-2024 12:58:22.701 +0000 INFO  loader - loading modules from /opt/splunk/etc/modules
02-06-2024 12:58:22.703 +0000 INFO  loader - Writing out composite configuration file: /opt/splunk/var/run/splunk/composite.xml
02-06-2024 12:58:22.713 +0000 INFO  loader - Validated 11 indexes in 4.457 milliseconds
02-06-2024 12:58:22.772 +0000 WARN  SSLOptions - server.conf/[sslConfig]/sslVerifyServerCert is false disabling certificate validation; must be set to "true" for increased security
02-06-2024 12:58:22.772 +0000 INFO  ServerConfig - certificateStatusValidationMethod is not set, defaulting to none.
02-06-2024 12:58:22.772 +0000 INFO  ServerConfig - Splunk is starting with EC-SSC disabled
02-06-2024 12:58:23.142 +0000 INFO  loader - Getting configuration data from: /opt/splunk/etc/myinstall/splunkd.xml
02-06-2024 12:58:23.142 +0000 INFO  loader - SPLUNK_MODULE_PATH environment variable not found - defaulting to /opt/splunk/etc/modules
02-06-2024 12:58:23.142 +0000 INFO  loader - loading modules from /opt/splunk/etc/modules
02-06-2024 12:58:23.143 +0000 INFO  loader - Writing out composite configuration file: /opt/splunk/var/run/splunk/composite.xml
02-06-2024 15:26:29.943 +0000 WARN  SSLOptions - server.conf/[sslConfig]/sslVerifyServerCert is false disabling certificate validation; must be set to "true" for increased security
02-06-2024 15:26:29.943 +0000 INFO  ServerConfig - certificateStatusValidationMethod is not set, defaulting to none.
02-06-2024 15:26:29.943 +0000 INFO  ServerConfig - Splunk is starting with EC-SSC disabled
02-06-2024 15:26:30.548 +0000 INFO  loader - Getting configuration data from: /opt/splunk/etc/myinstall/splunkd.xml
02-06-2024 15:26:30.548 +0000 INFO  loader - SPLUNK_MODULE_PATH environment variable not found - defaulting to /opt/splunk/etc/modules
02-06-2024 15:26:30.548 +0000 INFO  loader - loading modules from /opt/splunk/etc/modules
02-06-2024 15:26:30.549 +0000 INFO  loader - Writing out composite configuration file: /opt/splunk/var/run/splunk/composite.xml
02-06-2024 15:26:30.560 +0000 INFO  loader - Validated 11 indexes in 4.489 milliseconds
02-06-2024 15:26:30.618 +0000 WARN  SSLOptions - server.conf/[sslConfig]/sslVerifyServerCert is false disabling certificate validation; must be set to "true" for increased security
02-06-2024 15:26:30.619 +0000 INFO  ServerConfig - certificateStatusValidationMethod is not set, defaulting to none.
02-06-2024 15:26:30.619 +0000 INFO  ServerConfig - Splunk is starting with EC-SSC disabled
02-06-2024 15:26:30.992 +0000 INFO  loader - Getting configuration data from: /opt/splunk/etc/myinstall/splunkd.xml
02-06-2024 15:26:30.992 +0000 INFO  loader - SPLUNK_MODULE_PATH environment variable not found - defaulting to /opt/splunk/etc/modules
02-06-2024 15:26:30.992 +0000 INFO  loader - loading modules from /opt/splunk/etc/modules
02-06-2024 15:26:30.993 +0000 INFO  loader - Writing out composite configuration file: /opt/splunk/var/run/splunk/composite.xml
02-06-2024 17:34:12.028 +0000 WARN  SSLOptions - server.conf/[sslConfig]/sslVerifyServerCert is false disabling certificate validation; must be set to "true" for increased security
02-06-2024 17:34:12.030 +0000 INFO  ServerConfig - certificateStatusValidationMethod is not set, defaulting to none.
02-06-2024 17:34:12.030 +0000 INFO  ServerConfig - Splunk is starting with EC-SSC disabled
02-06-2024 17:34:12.600 +0000 INFO  loader - Getting configuration data from: /opt/splunk/etc/myinstall/splunkd.xml
02-06-2024 17:34:12.601 +0000 INFO  loader - SPLUNK_MODULE_PATH environment variable not found - defaulting to /opt/splunk/etc/modules
02-06-2024 17:34:12.601 +0000 INFO  loader - loading modules from /opt/splunk/etc/modules
02-06-2024 17:34:12.602 +0000 INFO  loader - Writing out composite configuration file: /opt/splunk/var/run/splunk/composite.xml
02-06-2024 17:34:12.612 +0000 INFO  loader - Validated 11 indexes in 4.478 milliseconds
02-06-2024 17:34:12.677 +0000 WARN  SSLOptions - server.conf/[sslConfig]/sslVerifyServerCert is false disabling certificate validation; must be set to "true" for increased security
02-06-2024 17:34:12.677 +0000 INFO  ServerConfig - certificateStatusValidationMethod is not set, defaulting to none.
02-06-2024 17:34:12.677 +0000 INFO  ServerConfig - Splunk is starting with EC-SSC disabled
02-06-2024 17:34:13.045 +0000 INFO  loader - Getting configuration data from: /opt/splunk/etc/myinstall/splunkd.xml
02-06-2024 17:34:13.045 +0000 INFO  loader - SPLUNK_MODULE_PATH environment variable not found - defaulting to /opt/splunk/etc/modules
02-06-2024 17:34:13.045 +0000 INFO  loader - loading modules from /opt/splunk/etc/modules
02-06-2024 17:34:13.046 +0000 INFO  loader - Writing out composite configuration file: /opt/splunk/var/run/splunk/composite.xml
02-06-2024 20:14:49.083 +0000 WARN  SSLOptions - server.conf/[sslConfig]/sslVerifyServerCert is false disabling certificate validation; must be set to "true" for increased security
02-06-2024 20:14:49.083 +0000 INFO  ServerConfig - certificateStatusValidationMethod is not set, defaulting to none.
02-06-2024 20:14:49.083 +0000 INFO  ServerConfig - Splunk is starting with EC-SSC disabled
02-06-2024 20:14:49.657 +0000 INFO  loader - Getting configuration data from: /opt/splunk/etc/myinstall/splunkd.xml
02-06-2024 20:14:49.658 +0000 INFO  loader - SPLUNK_MODULE_PATH environment variable not found - defaulting to /opt/splunk/etc/modules
02-06-2024 20:14:49.658 +0000 INFO  loader - loading modules from /opt/splunk/etc/modules
02-06-2024 20:14:49.659 +0000 INFO  loader - Writing out composite configuration file: /opt/splunk/var/run/splunk/composite.xml
02-06-2024 20:14:49.669 +0000 INFO  loader - Validated 11 indexes in 4.433 milliseconds
02-06-2024 20:14:49.728 +0000 WARN  SSLOptions - server.conf/[sslConfig]/sslVerifyServerCert is false disabling certificate validation; must be set to "true" for increased security
02-06-2024 20:14:49.728 +0000 INFO  ServerConfig - certificateStatusValidationMethod is not set, defaulting to none.
02-06-2024 20:14:49.728 +0000 INFO  ServerConfig - Splunk is starting with EC-SSC disabled
02-06-2024 20:14:50.106 +0000 INFO  loader - Getting configuration data from: /opt/splunk/etc/myinstall/splunkd.xml
02-06-2024 20:14:50.106 +0000 INFO  loader - SPLUNK_MODULE_PATH environment variable not found - defaulting to /opt/splunk/etc/modules
02-06-2024 20:14:50.106 +0000 INFO  loader - loading modules from /opt/splunk/etc/modules
02-06-2024 20:14:50.107 +0000 INFO  loader - Writing out composite configuration file: /opt/splunk/var/run/splunk/composite.xml
02-06-2024 20:16:59.199 +0000 WARN  SSLOptions - server.conf/[sslConfig]/sslVerifyServerCert is false disabling certificate validation; must be set to "true" for increased security
02-06-2024 20:16:59.200 +0000 INFO  ServerConfig - certificateStatusValidationMethod is not set, defaulting to none.
02-06-2024 20:16:59.200 +0000 INFO  ServerConfig - Splunk is starting with EC-SSC disabled
02-06-2024 20:16:59.780 +0000 INFO  loader - Getting configuration data from: /opt/splunk/etc/myinstall/splunkd.xml
02-06-2024 20:16:59.780 +0000 INFO  loader - SPLUNK_MODULE_PATH environment variable not found - defaulting to /opt/splunk/etc/modules
02-06-2024 20:16:59.780 +0000 INFO  loader - loading modules from /opt/splunk/etc/modules
02-06-2024 20:16:59.782 +0000 INFO  loader - Writing out composite configuration file: /opt/splunk/var/run/splunk/composite.xml
02-06-2024 20:16:59.792 +0000 INFO  loader - Validated 11 indexes in 4.478 milliseconds
02-06-2024 20:16:59.850 +0000 WARN  SSLOptions - server.conf/[sslConfig]/sslVerifyServerCert is false disabling certificate validation; must be set to "true" for increased security
02-06-2024 20:16:59.851 +0000 INFO  ServerConfig - certificateStatusValidationMethod is not set, defaulting to none.
02-06-2024 20:16:59.851 +0000 INFO  ServerConfig - Splunk is starting with EC-SSC disabled
02-06-2024 20:17:00.223 +0000 INFO  loader - Getting configuration data from: /opt/splunk/etc/myinstall/splunkd.xml
02-06-2024 20:17:00.223 +0000 INFO  loader - SPLUNK_MODULE_PATH environment variable not found - defaulting to /opt/splunk/etc/modules
02-06-2024 20:17:00.223 +0000 INFO  loader - loading modules from /opt/splunk/etc/modules
02-06-2024 20:17:00.224 +0000 INFO  loader - Writing out composite configuration file: /opt/splunk/var/run/splunk/composite.xml
02-06-2024 20:20:18.045 +0000 WARN  SSLOptions - server.conf/[sslConfig]/sslVerifyServerCert is false disabling certificate validation; must be set to "true" for increased security
02-06-2024 20:20:18.046 +0000 INFO  ServerConfig - certificateStatusValidationMethod is not set, defaulting to none.
02-06-2024 20:20:18.046 +0000 INFO  ServerConfig - Splunk is starting with EC-SSC disabled
02-06-2024 20:20:18.624 +0000 INFO  loader - Getting configuration data from: /opt/splunk/etc/myinstall/splunkd.xml
02-06-2024 20:20:18.624 +0000 INFO  loader - SPLUNK_MODULE_PATH environment variable not found - defaulting to /opt/splunk/etc/modules
02-06-2024 20:20:18.624 +0000 INFO  loader - loading modules from /opt/splunk/etc/modules
02-06-2024 20:20:18.625 +0000 INFO  loader - Writing out composite configuration file: /opt/splunk/var/run/splunk/composite.xml
02-06-2024 20:20:18.636 +0000 INFO  loader - Validated 11 indexes in 4.398 milliseconds
02-06-2024 20:20:18.693 +0000 WARN  SSLOptions - server.conf/[sslConfig]/sslVerifyServerCert is false disabling certificate validation; must be set to "true" for increased security
02-06-2024 20:20:18.694 +0000 INFO  ServerConfig - certificateStatusValidationMethod is not set, defaulting to none.
02-06-2024 20:20:18.694 +0000 INFO  ServerConfig - Splunk is starting with EC-SSC disabled
02-06-2024 20:20:19.061 +0000 INFO  loader - Getting configuration data from: /opt/splunk/etc/myinstall/splunkd.xml
02-06-2024 20:20:19.061 +0000 INFO  loader - SPLUNK_MODULE_PATH environment variable not found - defaulting to /opt/splunk/etc/modules
02-06-2024 20:20:19.061 +0000 INFO  loader - loading modules from /opt/splunk/etc/modules
02-06-2024 20:20:19.062 +0000 INFO  loader - Writing out composite configuration file: /opt/splunk/var/run/splunk/composite.xml
