02-06-2024 20:43:33.657 INFO  dispatchRunner [30550 MainThread] - Search process mode: preforked (first search in process) (build b985591d12fd).
02-06-2024 20:43:33.657 INFO  dispatchRunner [30550 MainThread] - initing LicenseMgr in search process: nonPro=0
02-06-2024 20:43:33.657 INFO  LMStackMgr [30550 MainThread] - Initializing CleMgr...
02-06-2024 20:43:33.657 INFO  LicenseMgr [30550 MainThread] - Initing LicenseMgr
02-06-2024 20:43:33.657 INFO  LMConfig [30550 MainThread] - serverName=GOEL-Indexer1 guid=A59E264B-EF37-4C05-A664-4B364D39C148
02-06-2024 20:43:33.659 INFO  LMConfig [30550 MainThread] - connection_timeout=30
02-06-2024 20:43:33.659 INFO  LMConfig [30550 MainThread] - send_timeout=30
02-06-2024 20:43:33.659 INFO  LMConfig [30550 MainThread] - receive_timeout=30
02-06-2024 20:43:33.659 INFO  LMConfig [30550 MainThread] - key=license_warnings_update_interval not found in licenser stanza of server.conf, defaulting=0
02-06-2024 20:43:33.659 INFO  LMConfig [30550 MainThread] - squash_threshold=2000
02-06-2024 20:43:33.659 INFO  LMConfig [30550 MainThread] - strict_pool_quota=1
02-06-2024 20:43:33.659 INFO  LMConfig [30550 MainThread] - key=pool_suggestion not found in licenser stanza of server.conf, defaulting=''
02-06-2024 20:43:33.659 INFO  LMConfig [30550 MainThread] - key=test_aws_metering not found in licenser stanza of server.conf, defaulting=0
02-06-2024 20:43:33.659 INFO  LMConfig [30550 MainThread] - key=test_aws_product_code not found in licenser stanza of server.conf, defaulting=0
02-06-2024 20:43:33.659 INFO  LicenseMgr [30550 MainThread] - Initing LicenseMgr runContext_splunkd=false
02-06-2024 20:43:33.659 INFO  LMStackMgr [30550 MainThread] - closing stack mgr
02-06-2024 20:43:33.659 INFO  LMSlaveInfo [30550 MainThread] - all slaves cleared
02-06-2024 20:43:33.659 INFO  LMStackMgr [30550 MainThread] - partial init only since node has remote master=https://10.0.3.7:8089
02-06-2024 20:43:33.659 INFO  LicenseMgr [30550 MainThread] - StackMgr init complete...
02-06-2024 20:43:33.659 INFO  LMTracker [30550 MainThread] - Setting default product type='enterprise'
02-06-2024 20:43:33.660 INFO  LMTracker [30550 MainThread] - this is not splunkd, will perform partial init
02-06-2024 20:43:33.660 INFO  LicenseMgr [30550 MainThread] - Tracker init complete...
02-06-2024 20:43:33.667 INFO  AdminManagerDispatch [30550 MainThread] - added factory for admin handler: 'licenses'
02-06-2024 20:43:33.667 INFO  AdminManagerDispatch [30550 MainThread] - added factory for admin handler: 'pools'
02-06-2024 20:43:33.667 INFO  AdminManagerDispatch [30550 MainThread] - added factory for admin handler: 'stacks'
02-06-2024 20:43:33.667 INFO  AdminManagerDispatch [30550 MainThread] - added factory for admin handler: 'groups'
02-06-2024 20:43:33.667 INFO  AdminManagerDispatch [30550 MainThread] - added factory for admin handler: 'slaves'
02-06-2024 20:43:33.667 INFO  AdminManagerDispatch [30550 MainThread] - added factory for admin handler: 'peers'
02-06-2024 20:43:33.667 INFO  AdminManagerDispatch [30550 MainThread] - added factory for admin handler: 'localslave'
02-06-2024 20:43:33.667 INFO  AdminManagerDispatch [30550 MainThread] - added factory for admin handler: 'localpeer'
02-06-2024 20:43:33.667 INFO  AdminManagerDispatch [30550 MainThread] - added factory for admin handler: 'licensermessages'
02-06-2024 20:43:33.667 INFO  AdminManagerDispatch [30550 MainThread] - added factory for admin handler: 'scriptedwarning'
02-06-2024 20:43:33.667 INFO  AdminManagerDispatch [30550 MainThread] - added factory for admin handler: 'licenseusage'
02-06-2024 20:43:33.667 INFO  LicenseMgr [30550 MainThread] - Initing LicenseMgr
02-06-2024 20:43:33.667 INFO  LMConfig [30550 MainThread] - serverName=GOEL-Indexer1 guid=A59E264B-EF37-4C05-A664-4B364D39C148
02-06-2024 20:43:33.667 INFO  LMConfig [30550 MainThread] - connection_timeout=30
02-06-2024 20:43:33.667 INFO  LMConfig [30550 MainThread] - send_timeout=30
02-06-2024 20:43:33.667 INFO  LMConfig [30550 MainThread] - receive_timeout=30
02-06-2024 20:43:33.667 INFO  LMConfig [30550 MainThread] - key=license_warnings_update_interval not found in licenser stanza of server.conf, defaulting=0
02-06-2024 20:43:33.667 INFO  LMConfig [30550 MainThread] - squash_threshold=2000
02-06-2024 20:43:33.667 INFO  LMConfig [30550 MainThread] - strict_pool_quota=1
02-06-2024 20:43:33.667 INFO  LMConfig [30550 MainThread] - key=pool_suggestion not found in licenser stanza of server.conf, defaulting=''
02-06-2024 20:43:33.667 INFO  LMConfig [30550 MainThread] - key=test_aws_metering not found in licenser stanza of server.conf, defaulting=0
02-06-2024 20:43:33.667 INFO  LMConfig [30550 MainThread] - key=test_aws_product_code not found in licenser stanza of server.conf, defaulting=0
02-06-2024 20:43:33.667 INFO  dispatchRunner [30550 MainThread] - Feature flag post-args={"v":1,"enabledFeatures":["stats:allow_stats_v2"],"disabledFeatures":["searchresults:srs2"]}
02-06-2024 20:43:33.667 INFO  SearchFeatureFlags [30550 MainThread] - Initializing feature flags from config. feature_seed=46947589
02-06-2024 20:43:33.667 INFO  SearchFeatureFlags [30550 MainThread] - Setting feature_flag=parallelreduce:enablePreview:true
02-06-2024 20:43:33.667 INFO  SearchFeatureFlags [30550 MainThread] - Setting feature_flag=search:search_retry:false
02-06-2024 20:43:33.667 INFO  SearchFeatureFlags [30550 MainThread] - Setting feature_flag=search:search_retry_realtime:false
02-06-2024 20:43:33.667 INFO  SearchFeatureFlags [30550 MainThread] - Setting feature_flag=parallelreduce:autoAppliedPercentage:false
02-06-2024 20:43:33.667 INFO  SearchFeatureFlags [30550 MainThread] - Setting feature_flag=subsearch:enableConcurrentPipelineProcessing:false
02-06-2024 20:43:33.667 INFO  SearchFeatureFlags [30550 MainThread] - Setting feature_flag=stats:allow_stats_v2:true
02-06-2024 20:43:33.667 INFO  SearchFeatureFlags [30550 MainThread] - Setting feature_flag=search_optimization::set_required_fields:stats:false
02-06-2024 20:43:33.667 INFO  SearchFeatureFlags [30550 MainThread] - Setting feature_flag=searchresults:srs2:false
02-06-2024 20:43:33.667 INFO  SearchFeatureFlags [30550 MainThread] - Setting feature_flag=search:read_final_results_from_timeliner:true
02-06-2024 20:43:33.667 INFO  SearchFeatureFlags [30550 MainThread] - Overlaying SearchFeatureFlags from jsonNode={"v":1,"enabledFeatures":["stats:allow_stats_v2"],"disabledFeatures":["searchresults:srs2"]}
02-06-2024 20:43:33.667 INFO  dispatchRunner [30550 MainThread] - registering build time modules, count=1
02-06-2024 20:43:33.667 INFO  dispatchRunner [30550 MainThread] - registering search time components of build time module name=vix
02-06-2024 20:43:33.667 INFO  dispatchRunner [30550 MainThread] - Getting search configuration data from: /opt/splunk/etc/modules/parsing/config.xml
02-06-2024 20:43:33.674 WARN  SSLOptions [30550 MainThread] - server.conf/[kvstore]/sslVerifyServerCert is false disabling certificate validation; must be set to "true" for increased security
02-06-2024 20:43:33.674 INFO  BundlesSetup [30550 MainThread] - Setup stats for /opt/splunk/var/run/searchpeers/GOEL-SearchHead-1707251292: wallclock_elapsed_msec=14, cpu_time_used=0.0148985, shared_services_generation=2, shared_services_population=1
02-06-2024 20:43:33.689 INFO  UserManagerPro [30550 MainThread] - Load authentication: forcing roles="admin, can_delete, power, user"
02-06-2024 20:43:33.689 INFO  PipelineComponent [30550 MainThread] - Ingestion pipeline sets have been configured to use pipeline set policy=round_robin for multiple pipeline sets.
02-06-2024 20:43:33.701 INFO  UserManager [30921 RunDispatch] - Setting user context: splunk-system-user
02-06-2024 20:43:33.701 INFO  UserManager [30921 RunDispatch] - Done setting user context: NULL -> splunk-system-user
02-06-2024 20:43:33.701 INFO  UserManager [30921 RunDispatch] - Unwound user context: splunk-system-user -> NULL
02-06-2024 20:43:33.701 INFO  UserManager [30921 RunDispatch] - Setting user context: admin
02-06-2024 20:43:33.701 INFO  UserManager [30921 RunDispatch] - Done setting user context: NULL -> admin
02-06-2024 20:43:33.702 INFO  dispatchRunner [30921 RunDispatch] - search context: user="admin", app="search", bs-pathname="/opt/splunk/var/run/searchpeers/GOEL-SearchHead-1707251292"
02-06-2024 20:43:33.709 WARN  IndexConfig [30921 RunDispatch] - Home path size limit cannot accomodate maximum number of hot buckets with specified bucket size because homePath.maxDataSizeMB is too small. Please check your index configuration: idx=bcgames maxDataSize=750 MB, homePath.maxDataSizeMB=1000 MB
02-06-2024 20:43:33.709 WARN  IndexConfig [30921 RunDispatch] - Max bucket size is larger than destination path size limit. Please check your index configuration. idx=infra; bucket size in (from maxDataSize) 750 MB, homePath.maxDataSizeMB=100,  coldPath.maxDataSizeMB=100
02-06-2024 20:43:33.709 WARN  IndexConfig [30921 RunDispatch] - Home path size limit cannot accomodate maximum number of hot buckets with specified bucket size because homePath.maxDataSizeMB is too small. Please check your index configuration: idx=infra maxDataSize=750 MB, homePath.maxDataSizeMB=100 MB
02-06-2024 20:43:33.709 WARN  IndexConfig [30921 RunDispatch] - Max bucket size is larger than destination path size limit. Please check your index configuration. idx=soc; bucket size in (from maxDataSize) 750 MB, homePath.maxDataSizeMB=100,  coldPath.maxDataSizeMB=100
02-06-2024 20:43:33.709 WARN  IndexConfig [30921 RunDispatch] - Home path size limit cannot accomodate maximum number of hot buckets with specified bucket size because homePath.maxDataSizeMB is too small. Please check your index configuration: idx=soc maxDataSize=750 MB, homePath.maxDataSizeMB=100 MB
02-06-2024 20:43:33.710 INFO  SearchParser [30921 RunDispatch] - PARSING: litsearch (index=_* log_level=WARN bcgames bucket) | fields  keepcolorder=t "*" "_bkt" "_cd" "_si" "host" "index" "linecount" "source" "sourcetype" "splunk_server"  | remotetl  nb=300 et=1707248580.000000 lt=1707252213.000000 remove=true max_count=1000 max_prefetch=100
02-06-2024 20:43:33.710 INFO  SearchParser [30921 RunDispatch] - PARSING: litsearch (index=_* log_level=WARN bcgames bucket) | fields  keepcolorder=t "*" "_bkt" "_cd" "_si" "host" "index" "linecount" "source" "sourcetype" "splunk_server"  | remotetl  nb=300 et=1707248580.000000 lt=1707252213.000000 remove=true max_count=1000 max_prefetch=100
02-06-2024 20:43:33.710 INFO  UserManager [30921 RunDispatch] - Setting user context: splunk-system-user
02-06-2024 20:43:33.710 INFO  UserManager [30921 RunDispatch] - Done setting user context: admin -> splunk-system-user
02-06-2024 20:43:33.710 INFO  UserManager [30921 RunDispatch] - Setting user context: admin
02-06-2024 20:43:33.710 INFO  UserManager [30921 RunDispatch] - Done setting user context: splunk-system-user -> admin
02-06-2024 20:43:33.712 INFO  SearchProcessor [30921 RunDispatch] - Filtered out a metric type index '_metrics' because the command does not support it.
02-06-2024 20:43:33.712 INFO  SearchProcessor [30921 RunDispatch] - Filtered out a metric type index '_metrics_rollup' because the command does not support it.
02-06-2024 20:43:33.712 INFO  UserManager [30921 RunDispatch] - Unwound user context: admin -> splunk-system-user
02-06-2024 20:43:33.712 INFO  UserManager [30921 RunDispatch] - Unwound user context: splunk-system-user -> admin
02-06-2024 20:43:33.712 INFO  DispatchCommandProcessor [30921 RunDispatch] - Search requires the following indexes="[_audit,_configtracker,_internal,_introspection,_telemetry,_thefishbucket]"
02-06-2024 20:43:33.712 INFO  IndexReaderIf [30921 RunDispatch] - Loading Clustering bucket manifest file=/opt/splunk/var/run/splunk/cluster/search-buckets/search_sitedefault_gen113.csv.gz
02-06-2024 20:43:33.712 INFO  DatabaseDirectoryManager [30921 RunDispatch] - initDDMsFromSearchBucketManifest path=/opt/splunk/var/run/splunk/cluster/search-buckets/search_sitedefault_gen113.csv.gz, indexWhiteList_size=6
02-06-2024 20:43:33.713 INFO  CMBucketId [30921 RunDispatch] - CMIndexId: New indexName=_audit inserted, mapping to id=1
02-06-2024 20:43:33.713 INFO  CMBucketId [30921 RunDispatch] - CMIndexId: New indexName=_internal inserted, mapping to id=2
02-06-2024 20:43:33.713 INFO  dispatchRunner [30921 RunDispatch] - SearchPeerInitSearchMs=12
02-06-2024 20:43:33.713 INFO  dispatchRunner [30921 RunDispatch] - Serial search pipeline for streaming search being launched.
02-06-2024 20:43:33.713 INFO  SearchParser [30921 RunDispatch] - PARSING: litsearch (index=_* log_level=WARN bcgames bucket) | fields  keepcolorder=t "*" "_bkt" "_cd" "_si" "host" "index" "linecount" "source" "sourcetype" "splunk_server"  | remotetl  nb=300 et=1707248580.000000 lt=1707252213.000000 remove=true max_count=1000 max_prefetch=100
02-06-2024 20:43:33.754 INFO  SearchProcessor [30921 RunDispatch] - Filtered out a metric type index '_metrics' because the command does not support it.
02-06-2024 20:43:33.754 INFO  SearchProcessor [30921 RunDispatch] - Filtered out a metric type index '_metrics_rollup' because the command does not support it.
02-06-2024 20:43:33.755 INFO  SearchParser [30921 RunDispatch] - PARSING: typer | tags
02-06-2024 20:43:33.761 INFO  FastTyper [30921 RunDispatch] - found nodes count: comparisons=6, unique_comparisons=5, terms=4, unique_terms=4, phrases=12, unique_phrases=12, total leaves=22
02-06-2024 20:43:33.762 INFO  UserManager [30921 RunDispatch] - Setting user context: admin
02-06-2024 20:43:33.762 INFO  UserManager [30921 RunDispatch] - Done setting user context: admin -> admin
02-06-2024 20:43:33.762 INFO  FastSearchFilter [30921 RunDispatch] - Finished initializing IndexScopedFilter - trivial=0, nTerms=3, oTerms=0, host=0, source=0, sourcetype=0, linecount=0 exactCustomCmp=0
02-06-2024 20:43:33.762 INFO  UserManager [30921 RunDispatch] - Unwound user context: admin -> admin
02-06-2024 20:43:33.762 INFO  IndexScopedSearch [30921 RunDispatch] -  IndexScopedSearch is called for index = _audit, et = 1707248580.000000000, lt = 1707252213.000000000, index_et = -9223372036854775808.000000000, index_lt = 9223372036854775807.999999000, noRead = FALSE
02-06-2024 20:43:33.762 INFO  IndexScopedSearch [30921 RunDispatch] - ct=1707252213.000000 et=1707248580.000000 lt=1707252213.000000 dbsize=1
02-06-2024 20:43:33.762 INFO  UserManager [30921 RunDispatch] - Setting user context: admin
02-06-2024 20:43:33.762 INFO  UserManager [30921 RunDispatch] - Done setting user context: admin -> admin
02-06-2024 20:43:33.763 INFO  FastSearchFilter [30921 RunDispatch] - Finished initializing IndexScopedFilter - trivial=0, nTerms=3, oTerms=0, host=0, source=0, sourcetype=0, linecount=0 exactCustomCmp=0
02-06-2024 20:43:33.763 INFO  UserManager [30921 RunDispatch] - Unwound user context: admin -> admin
02-06-2024 20:43:33.763 INFO  IndexScopedSearch [30921 RunDispatch] -  IndexScopedSearch is called for index = _configtracker, et = 1707248580.000000000, lt = 1707252213.000000000, index_et = -9223372036854775808.000000000, index_lt = 9223372036854775807.999999000, noRead = FALSE
02-06-2024 20:43:33.763 INFO  CMBucketId [30921 RunDispatch] - CMIndexId: New indexName=_configtracker inserted, mapping to id=3
02-06-2024 20:43:33.763 INFO  IndexScopedSearch [30921 RunDispatch] - ct=1707252213.000000 et=1707248580.000000 lt=1707252213.000000 dbsize=3
02-06-2024 20:43:33.763 INFO  UserManager [30921 RunDispatch] - Setting user context: admin
02-06-2024 20:43:33.763 INFO  UserManager [30921 RunDispatch] - Done setting user context: admin -> admin
02-06-2024 20:43:33.764 INFO  FastSearchFilter [30921 RunDispatch] - Finished initializing IndexScopedFilter - trivial=0, nTerms=3, oTerms=0, host=0, source=0, sourcetype=0, linecount=0 exactCustomCmp=0
02-06-2024 20:43:33.764 INFO  UserManager [30921 RunDispatch] - Unwound user context: admin -> admin
02-06-2024 20:43:33.764 INFO  IndexScopedSearch [30921 RunDispatch] -  IndexScopedSearch is called for index = _internal, et = 1707248580.000000000, lt = 1707252213.000000000, index_et = -9223372036854775808.000000000, index_lt = 9223372036854775807.999999000, noRead = FALSE
02-06-2024 20:43:33.764 INFO  IndexScopedSearch [30921 RunDispatch] - ct=1707252213.000000 et=1707248580.000000 lt=1707252213.000000 dbsize=1
02-06-2024 20:43:33.764 INFO  UserManager [30921 RunDispatch] - Setting user context: admin
02-06-2024 20:43:33.764 INFO  UserManager [30921 RunDispatch] - Done setting user context: admin -> admin
02-06-2024 20:43:33.764 INFO  FastSearchFilter [30921 RunDispatch] - Finished initializing IndexScopedFilter - trivial=0, nTerms=3, oTerms=0, host=0, source=0, sourcetype=0, linecount=0 exactCustomCmp=0
02-06-2024 20:43:33.764 INFO  UserManager [30921 RunDispatch] - Unwound user context: admin -> admin
02-06-2024 20:43:33.764 INFO  IndexScopedSearch [30921 RunDispatch] -  IndexScopedSearch is called for index = _introspection, et = 1707248580.000000000, lt = 1707252213.000000000, index_et = -9223372036854775808.000000000, index_lt = 9223372036854775807.999999000, noRead = FALSE
02-06-2024 20:43:33.764 INFO  CMBucketId [30921 RunDispatch] - CMIndexId: New indexName=_introspection inserted, mapping to id=4
02-06-2024 20:43:33.764 INFO  IndexScopedSearch [30921 RunDispatch] - ct=1707252213.000000 et=1707248580.000000 lt=1707252213.000000 dbsize=3
02-06-2024 20:43:33.765 INFO  UserManager [30921 RunDispatch] - Setting user context: admin
02-06-2024 20:43:33.765 INFO  UserManager [30921 RunDispatch] - Done setting user context: admin -> admin
02-06-2024 20:43:33.765 INFO  FastSearchFilter [30921 RunDispatch] - Finished initializing IndexScopedFilter - trivial=0, nTerms=3, oTerms=0, host=0, source=0, sourcetype=0, linecount=0 exactCustomCmp=0
02-06-2024 20:43:33.765 INFO  UserManager [30921 RunDispatch] - Unwound user context: admin -> admin
02-06-2024 20:43:33.765 INFO  IndexScopedSearch [30921 RunDispatch] -  IndexScopedSearch is called for index = _telemetry, et = 1707248580.000000000, lt = 1707252213.000000000, index_et = -9223372036854775808.000000000, index_lt = 9223372036854775807.999999000, noRead = FALSE
02-06-2024 20:43:33.765 INFO  CMBucketId [30921 RunDispatch] - CMIndexId: New indexName=_telemetry inserted, mapping to id=5
02-06-2024 20:43:33.765 INFO  IndexScopedSearch [30921 RunDispatch] - ct=1707252213.000000 et=1707248580.000000 lt=1707252213.000000 dbsize=0
02-06-2024 20:43:33.765 INFO  UserManager [30921 RunDispatch] - Setting user context: admin
02-06-2024 20:43:33.765 INFO  UserManager [30921 RunDispatch] - Done setting user context: admin -> admin
02-06-2024 20:43:33.766 INFO  FastSearchFilter [30921 RunDispatch] - Finished initializing IndexScopedFilter - trivial=0, nTerms=3, oTerms=0, host=0, source=0, sourcetype=0, linecount=0 exactCustomCmp=0
02-06-2024 20:43:33.766 INFO  UserManager [30921 RunDispatch] - Unwound user context: admin -> admin
02-06-2024 20:43:33.766 INFO  IndexScopedSearch [30921 RunDispatch] -  IndexScopedSearch is called for index = _thefishbucket, et = 1707248580.000000000, lt = 1707252213.000000000, index_et = -9223372036854775808.000000000, index_lt = 9223372036854775807.999999000, noRead = FALSE
02-06-2024 20:43:33.766 INFO  IndexScopedSearch [30921 RunDispatch] - ct=1707252213.000000 et=1707248580.000000 lt=1707252213.000000 dbsize=0
02-06-2024 20:43:33.766 INFO  UnifiedSearch [30921 RunDispatch] - Initialization of search data structures took 11 ms
02-06-2024 20:43:33.766 INFO  UnifiedSearch [30921 RunDispatch] - Processed search targeting arguments
02-06-2024 20:43:33.792 INFO  SearchPipelineExecutor [30921 RunDispatch] - Number of StreamSearch pipelines launched=1
02-06-2024 20:43:33.792 INFO  SearchPipelineExecutor [30921 RunDispatch] - Starting to transmit serialized search results.
02-06-2024 20:43:33.792 INFO  SearchPipelineExecutor [30928 StreamSearch] - StreamSearch pipeline=0 is started in its own thread
02-06-2024 20:43:33.792 INFO  UserManager [30928 StreamSearch] - Setting user context: admin
02-06-2024 20:43:33.792 INFO  UserManager [30928 StreamSearch] - Done setting user context: NULL -> admin
02-06-2024 20:43:33.796 INFO  SearchPipelineExecutor [30930 NormSerializeExecutorThread] - NormSerializeExecutorThread pipeline=0 is started in its own thread.
02-06-2024 20:43:33.846 INFO  Timeliner [30928 StreamSearch] - Emitted 3 full events to info._remotetl_events
02-06-2024 20:43:33.846 WARN  SRSSerializer [30930 NormSerializeExecutorThread] - writing 0 cols! field list=0
02-06-2024 20:43:33.857 WARN  SearchOperator:kv [30928 StreamSearch] - buildRegexList provided empty conf key, ignoring.
02-06-2024 20:43:33.857 INFO  Timeliner [30928 StreamSearch] - Emitted 1 full events to info._remotetl_events
02-06-2024 20:43:33.858 WARN  SRSSerializer [30930 NormSerializeExecutorThread] - writing 0 cols! field list=0
02-06-2024 20:43:33.859 WARN  SRSSerializer [30930 NormSerializeExecutorThread] - writing 0 cols! field list=0
02-06-2024 20:43:33.859 INFO  SearchPipelineExecutor [30928 StreamSearch] - Finished streaming: results.count=0
02-06-2024 20:43:33.859 INFO  UserManager [30928 StreamSearch] - Unwound user context: admin -> NULL
02-06-2024 20:43:33.859 INFO  SearchPipelineExecutor [30928 StreamSearch] - StreamSearch pipleine=0 is finished.
02-06-2024 20:43:33.860 WARN  SRSSerializer [30930 NormSerializeExecutorThread] - writing 0 cols! field list=0
02-06-2024 20:43:33.860 WARN  SRSSerializer [30930 NormSerializeExecutorThread] - writing 0 cols! field list=0
02-06-2024 20:43:33.860 INFO  SearchPipelineExecutor [30930 NormSerializeExecutorThread] - NormSerializeExecutorThread pipeline=0 is finished.
02-06-2024 20:43:33.860 INFO  SearchPipelineExecutor [30921 RunDispatch] - Done transmitting serialized search results, total bytes transmitted 38239.
02-06-2024 20:43:33.860 INFO  dispatchRunner [30921 RunDispatch] - Done with streaming search.
02-06-2024 20:43:33.860 INFO  SearchOperator:kv [30921 RunDispatch] - Extractor stats: name=_autoKvStats, probes=1, total_time_ms=0, max_time_ms=0
02-06-2024 20:43:33.860 INFO  ISearchOperator [30921 RunDispatch] - 0x7f4216868800 PREAD_HISTOGRAM: usec_1_8=360 usec_8_64=0 usec_64_512=0 usec_512_4096=0 usec_4096_32768=0 usec_32768_262144=0 usec_262144_INF=0 
02-06-2024 20:43:33.861 INFO  ISearchOperator [30921 RunDispatch] - 0x7f4216868000 PREAD_HISTOGRAM: usec_1_8=63 usec_8_64=0 usec_64_512=0 usec_512_4096=0 usec_4096_32768=0 usec_32768_262144=0 usec_262144_INF=0 
02-06-2024 20:43:33.861 INFO  SearchPipelineExecutor [30921 RunDispatch] - Streamed Search Index Orchestrator has been shutdown.
02-06-2024 20:43:33.862 INFO  UserManager [30921 RunDispatch] - Unwound user context: admin -> NULL
02-06-2024 20:43:33.862 INFO  LookupDataProvider [30921 RunDispatch] - Clearing out lookup shared provider map
02-06-2024 20:43:33.862 INFO  dispatchRunner [30550 MainThread] - RunDispatch is done: sid=remote_GOEL-SearchHead_1707252213.39, exit=0
