02-06-2024 20:20:51.941 INFO  dispatchRunner [2864 MainThread] - Search process mode: preforked (reused process) (build b985591d12fd).
02-06-2024 20:20:51.941 INFO  dispatchRunner [2864 MainThread] - Feature flag post-args={"v":1,"enabledFeatures":["stats:allow_stats_v2"],"disabledFeatures":["searchresults:srs2"]}
02-06-2024 20:20:51.941 INFO  SearchFeatureFlags [2864 MainThread] - Initializing feature flags from config. feature_seed=46947589
02-06-2024 20:20:51.941 INFO  SearchFeatureFlags [2864 MainThread] - Setting feature_flag=parallelreduce:enablePreview:true
02-06-2024 20:20:51.941 INFO  SearchFeatureFlags [2864 MainThread] - Setting feature_flag=search:search_retry:false
02-06-2024 20:20:51.941 INFO  SearchFeatureFlags [2864 MainThread] - Setting feature_flag=search:search_retry_realtime:false
02-06-2024 20:20:51.941 INFO  SearchFeatureFlags [2864 MainThread] - Setting feature_flag=parallelreduce:autoAppliedPercentage:false
02-06-2024 20:20:51.941 INFO  SearchFeatureFlags [2864 MainThread] - Setting feature_flag=subsearch:enableConcurrentPipelineProcessing:false
02-06-2024 20:20:51.941 INFO  SearchFeatureFlags [2864 MainThread] - Setting feature_flag=stats:allow_stats_v2:true
02-06-2024 20:20:51.941 INFO  SearchFeatureFlags [2864 MainThread] - Setting feature_flag=search_optimization::set_required_fields:stats:false
02-06-2024 20:20:51.941 INFO  SearchFeatureFlags [2864 MainThread] - Setting feature_flag=searchresults:srs2:false
02-06-2024 20:20:51.941 INFO  SearchFeatureFlags [2864 MainThread] - Setting feature_flag=search:read_final_results_from_timeliner:true
02-06-2024 20:20:51.941 INFO  SearchFeatureFlags [2864 MainThread] - Overlaying SearchFeatureFlags from jsonNode={"v":1,"enabledFeatures":["stats:allow_stats_v2"],"disabledFeatures":["searchresults:srs2"]}
02-06-2024 20:20:51.941 INFO  dispatchRunner [2864 MainThread] - registering build time modules, count=1
02-06-2024 20:20:51.941 INFO  dispatchRunner [2864 MainThread] - registering search time components of build time module name=vix
02-06-2024 20:20:51.941 INFO  BundlesSetup [2864 MainThread] - Setup stats for /opt/splunk/var/run/searchpeers/GOEL-SearchHead-1707250705: wallclock_elapsed_msec=41, cpu_time_used=0.0192474, shared_services_generation=2, shared_services_population=1
02-06-2024 20:20:51.948 INFO  UserManagerPro [2864 MainThread] - Load authentication: forcing roles="admin, can_delete, power, user"
02-06-2024 20:20:51.949 INFO  UserManager [19257 RunDispatch] - Setting user context: admin
02-06-2024 20:20:51.949 INFO  UserManager [19257 RunDispatch] - Done setting user context: NULL -> admin
02-06-2024 20:20:51.949 INFO  dispatchRunner [19257 RunDispatch] - search context: user="admin", app="search", bs-pathname="/opt/splunk/var/run/searchpeers/GOEL-SearchHead-1707250705"
02-06-2024 20:20:51.949 INFO  SearchParser [19257 RunDispatch] - PARSING: litsearch (index=infra source=*cisco_ironport_web.log* (url="*.bat*" OR url="*.exe*")) | fields  keepcolorder=t "_bkt" "_cd" "_si" "host" "index" "linecount" "source" "sourcetype" "splunk_server"  | remotetl  nb=300 et=1707163200.000000 lt=1707250851.000000 remove=true max_count=1000 max_prefetch=100
02-06-2024 20:20:51.949 INFO  SearchParser [19257 RunDispatch] - PARSING: litsearch (index=infra source=*cisco_ironport_web.log* (url="*.bat*" OR url="*.exe*")) | fields  keepcolorder=t "_bkt" "_cd" "_si" "host" "index" "linecount" "source" "sourcetype" "splunk_server"  | remotetl  nb=300 et=1707163200.000000 lt=1707250851.000000 remove=true max_count=1000 max_prefetch=100
02-06-2024 20:20:51.949 INFO  UserManager [19257 RunDispatch] - Setting user context: splunk-system-user
02-06-2024 20:20:51.949 INFO  UserManager [19257 RunDispatch] - Done setting user context: admin -> splunk-system-user
02-06-2024 20:20:51.949 INFO  UserManager [19257 RunDispatch] - Setting user context: admin
02-06-2024 20:20:51.949 INFO  UserManager [19257 RunDispatch] - Done setting user context: splunk-system-user -> admin
02-06-2024 20:20:51.950 INFO  UserManager [19257 RunDispatch] - Unwound user context: admin -> splunk-system-user
02-06-2024 20:20:51.950 INFO  UserManager [19257 RunDispatch] - Unwound user context: splunk-system-user -> admin
02-06-2024 20:20:51.950 INFO  DispatchCommandProcessor [19257 RunDispatch] - Search requires the following indexes="[infra]"
02-06-2024 20:20:51.950 INFO  IndexReaderIf [19257 RunDispatch] - Loading Clustering bucket manifest file=/opt/splunk/var/run/splunk/cluster/search-buckets/search_sitedefault_gen106.csv.gz
02-06-2024 20:20:51.950 INFO  DatabaseDirectoryManager [19257 RunDispatch] - initDDMsFromSearchBucketManifest path=/opt/splunk/var/run/splunk/cluster/search-buckets/search_sitedefault_gen106.csv.gz, indexWhiteList_size=1
02-06-2024 20:20:51.950 INFO  dispatchRunner [19257 RunDispatch] - SearchPeerInitSearchMs=1
02-06-2024 20:20:51.950 INFO  dispatchRunner [19257 RunDispatch] - Serial search pipeline for streaming search being launched.
02-06-2024 20:20:51.950 INFO  SearchParser [19257 RunDispatch] - PARSING: litsearch (index=infra source=*cisco_ironport_web.log* (url="*.bat*" OR url="*.exe*")) | fields  keepcolorder=t "_bkt" "_cd" "_si" "host" "index" "linecount" "source" "sourcetype" "splunk_server"  | remotetl  nb=300 et=1707163200.000000 lt=1707250851.000000 remove=true max_count=1000 max_prefetch=100
02-06-2024 20:20:51.963 INFO  SearchParser [19257 RunDispatch] - PARSING: typer | tags
02-06-2024 20:20:51.965 INFO  FastTyper [19257 RunDispatch] - found nodes count: comparisons=6, unique_comparisons=5, terms=4, unique_terms=4, phrases=12, unique_phrases=12, total leaves=22
02-06-2024 20:20:51.969 INFO  UserManager [19257 RunDispatch] - Setting user context: admin
02-06-2024 20:20:51.969 INFO  UserManager [19257 RunDispatch] - Done setting user context: admin -> admin
02-06-2024 20:20:51.969 INFO  FastSearchFilter [19257 RunDispatch] - Finished initializing IndexScopedFilter - trivial=0, nTerms=0, oTerms=2, host=0, source=1, sourcetype=0, linecount=0 exactCustomCmp=0
02-06-2024 20:20:51.969 INFO  UserManager [19257 RunDispatch] - Unwound user context: admin -> admin
02-06-2024 20:20:51.969 INFO  IndexScopedSearch [19257 RunDispatch] -  IndexScopedSearch is called for index = infra, et = 1707163200.000000000, lt = 1707250851.000000000, index_et = -9223372036854775808.000000000, index_lt = 9223372036854775807.999999000, noRead = FALSE
02-06-2024 20:20:51.970 INFO  IndexScopedSearch [19257 RunDispatch] - ct=1707250851.000000 et=1707163200.000000 lt=1707250851.000000 dbsize=6
02-06-2024 20:20:51.970 INFO  UnifiedSearch [19257 RunDispatch] - Initialization of search data structures took 7 ms
02-06-2024 20:20:51.970 INFO  UnifiedSearch [19257 RunDispatch] - Processed search targeting arguments
02-06-2024 20:20:51.978 INFO  SearchPipelineExecutor [19257 RunDispatch] - Number of StreamSearch pipelines launched=1
02-06-2024 20:20:51.978 INFO  SearchPipelineExecutor [19260 StreamSearch] - StreamSearch pipeline=0 is started in its own thread
02-06-2024 20:20:51.978 INFO  UserManager [19260 StreamSearch] - Setting user context: admin
02-06-2024 20:20:51.978 INFO  UserManager [19260 StreamSearch] - Done setting user context: NULL -> admin
02-06-2024 20:20:51.981 INFO  SearchPipelineExecutor [19257 RunDispatch] - Starting to transmit serialized search results.
02-06-2024 20:20:51.986 INFO  SearchPipelineExecutor [19262 NormSerializeExecutorThread] - NormSerializeExecutorThread pipeline=0 is started in its own thread.
02-06-2024 20:20:51.987 INFO  SearchOperator:kv [19260 StreamSearch] - Trying to disable extractor name="(?<domain>www.[^:\/\s]+)"
02-06-2024 20:20:51.987 INFO  SearchOperator:kv [19260 StreamSearch] - Disabling extractor name="(?<domain>www.[^:\/\s]+)" - it does not extract any of the required fields
02-06-2024 20:20:51.987 INFO  SearchOperator:kv [19260 StreamSearch] - Trying to disable extractor name="(?<url>(http|https):\/\/www.[^\s]+)"
02-06-2024 20:20:51.987 INFO  SearchOperator:kv [19260 StreamSearch] - Trying to disable extractor name="(?<user>[\w\d\.\-]+\@[\w\d\.]+)"
02-06-2024 20:20:51.987 INFO  SearchOperator:kv [19260 StreamSearch] - Disabling extractor name="(?<user>[\w\d\.\-]+\@[\w\d\.]+)" - it does not extract any of the required fields
02-06-2024 20:20:51.987 INFO  Timeliner [19260 StreamSearch] - Emitted 2 full events to info._remotetl_events
02-06-2024 20:20:51.987 WARN  SRSSerializer [19262 NormSerializeExecutorThread] - writing 0 cols! field list=0
02-06-2024 20:20:51.987 INFO  SearchPipelineExecutor [19260 StreamSearch] - Finished streaming: results.count=0
02-06-2024 20:20:51.987 INFO  UserManager [19260 StreamSearch] - Unwound user context: admin -> NULL
02-06-2024 20:20:51.987 INFO  SearchPipelineExecutor [19260 StreamSearch] - StreamSearch pipleine=0 is finished.
02-06-2024 20:20:51.988 WARN  SRSSerializer [19262 NormSerializeExecutorThread] - writing 0 cols! field list=0
02-06-2024 20:20:51.988 WARN  SRSSerializer [19262 NormSerializeExecutorThread] - writing 0 cols! field list=0
02-06-2024 20:20:51.988 INFO  SearchPipelineExecutor [19262 NormSerializeExecutorThread] - NormSerializeExecutorThread pipeline=0 is finished.
02-06-2024 20:20:51.988 INFO  SearchPipelineExecutor [19257 RunDispatch] - Done transmitting serialized search results, total bytes transmitted 15290.
02-06-2024 20:20:51.988 INFO  dispatchRunner [19257 RunDispatch] - Done with streaming search.
02-06-2024 20:20:51.988 INFO  SearchOperator:kv [19257 RunDispatch] - Extractor stats: name=_autoKvStats, probes=1, total_time_ms=0, max_time_ms=0
02-06-2024 20:20:51.988 INFO  ISearchOperator [19257 RunDispatch] - 0x7f0bd4187000 PREAD_HISTOGRAM: usec_1_8=629 usec_8_64=2 usec_64_512=0 usec_512_4096=0 usec_4096_32768=0 usec_32768_262144=0 usec_262144_INF=0 
02-06-2024 20:20:51.989 INFO  SearchPipelineExecutor [19257 RunDispatch] - Streamed Search Index Orchestrator has been shutdown.
02-06-2024 20:20:51.989 INFO  UserManager [19257 RunDispatch] - Unwound user context: admin -> NULL
02-06-2024 20:20:51.989 INFO  LookupDataProvider [19257 RunDispatch] - Clearing out lookup shared provider map
02-06-2024 20:20:51.990 INFO  dispatchRunner [2864 MainThread] - RunDispatch is done: sid=remote_GOEL-SearchHead_admin__admin__search__search1_1707250851.5, exit=0
