02-06-2024 20:25:04.691 INFO  dispatchRunner [29684 MainThread] - Search process mode: preforked (first search in process) (build b985591d12fd).
02-06-2024 20:25:04.691 INFO  dispatchRunner [29684 MainThread] - initing LicenseMgr in search process: nonPro=0
02-06-2024 20:25:04.691 INFO  LMStackMgr [29684 MainThread] - Initializing CleMgr...
02-06-2024 20:25:04.691 INFO  LicenseMgr [29684 MainThread] - Initing LicenseMgr
02-06-2024 20:25:04.691 INFO  LMConfig [29684 MainThread] - serverName=GOEL-SearchHead guid=51367ECF-193E-4082-849C-4DF59054FDA5
02-06-2024 20:25:04.693 INFO  LMConfig [29684 MainThread] - connection_timeout=30
02-06-2024 20:25:04.693 INFO  LMConfig [29684 MainThread] - send_timeout=30
02-06-2024 20:25:04.693 INFO  LMConfig [29684 MainThread] - receive_timeout=30
02-06-2024 20:25:04.693 INFO  LMConfig [29684 MainThread] - key=license_warnings_update_interval not found in licenser stanza of server.conf, defaulting=0
02-06-2024 20:25:04.693 INFO  LMConfig [29684 MainThread] - squash_threshold=2000
02-06-2024 20:25:04.693 INFO  LMConfig [29684 MainThread] - strict_pool_quota=1
02-06-2024 20:25:04.693 INFO  LMConfig [29684 MainThread] - key=pool_suggestion not found in licenser stanza of server.conf, defaulting=''
02-06-2024 20:25:04.693 INFO  LMConfig [29684 MainThread] - key=test_aws_metering not found in licenser stanza of server.conf, defaulting=0
02-06-2024 20:25:04.693 INFO  LMConfig [29684 MainThread] - key=test_aws_product_code not found in licenser stanza of server.conf, defaulting=0
02-06-2024 20:25:04.693 INFO  LicenseMgr [29684 MainThread] - Initing LicenseMgr runContext_splunkd=false
02-06-2024 20:25:04.693 INFO  LMStackMgr [29684 MainThread] - closing stack mgr
02-06-2024 20:25:04.693 INFO  LMSlaveInfo [29684 MainThread] - all slaves cleared
02-06-2024 20:25:04.693 INFO  LMStackMgr [29684 MainThread] - Initalized license_warnings_update_interval=auto
02-06-2024 20:25:04.693 INFO  LMStackMgr [29684 MainThread] - License Manager supports Conditional Licensing Enforcement. For baked in CLE policies, window_period=60 days, max_violations=45, for stack size below 107374182400 bytes
02-06-2024 20:25:04.693 INFO  LMLicense [29684 MainThread] - Applying default enforcement policy for free
02-06-2024 20:25:04.693 INFO  LMStackMgr [29684 MainThread] - Added policy WinSz=30 Warnings=3 MaxSize=0 isDefault=1 features= for free
02-06-2024 20:25:04.693 INFO  LMLicense [29684 MainThread] - Applying default enforcement policy for forwarder
02-06-2024 20:25:04.693 INFO  LMStackMgr [29684 MainThread] - Added policy WinSz=30 Warnings=5 MaxSize=0 isDefault=1 features= for forwarder
02-06-2024 20:25:04.694 INFO  LMStack [29684 MainThread] - Added type=download-trial license, from file=enttrial.lic, to stack=download-trial of group=Trial
02-06-2024 20:25:04.694 INFO  LMLicense [29684 MainThread] - Applying default enforcement policy for download-trial
02-06-2024 20:25:04.694 INFO  LMStackMgr [29684 MainThread] - created stack='download-trial'
02-06-2024 20:25:04.694 INFO  LMStackMgr [29684 MainThread] - Added policy WinSz=30 Warnings=5 MaxSize=0 isDefault=1 features= for download-trial
02-06-2024 20:25:04.694 INFO  LMStackMgr [29684 MainThread] - have to auto-set active stack group='Trial' reason='invalid/missing group id' gidStr='' oldGid=Invalid
02-06-2024 20:25:04.694 INFO  LMStackMgr [29684 MainThread] - added pool auto_generated_pool_download-trial to stack download-trial
02-06-2024 20:25:04.694 INFO  LMStackMgr [29684 MainThread] - added pool auto_generated_pool_forwarder to stack forwarder
02-06-2024 20:25:04.694 INFO  LMStackMgr [29684 MainThread] - added pool auto_generated_pool_free to stack free
02-06-2024 20:25:04.694 INFO  LMStackMgr [29684 MainThread] - Initialized hideQuotaWarning = "0"
02-06-2024 20:25:04.694 INFO  LMStackMgr [29684 MainThread] - init completed [51367ECF-193E-4082-849C-4DF59054FDA5,Trial,runContext_splunkd=false]
02-06-2024 20:25:04.694 INFO  LicenseMgr [29684 MainThread] - StackMgr init complete...
02-06-2024 20:25:04.694 INFO  LMTracker [29684 MainThread] - Setting default product type='enterprise'
02-06-2024 20:25:04.694 INFO  LMTracker [29684 MainThread] - this is not splunkd, will perform partial init
02-06-2024 20:25:04.694 INFO  LicenseMgr [29684 MainThread] - Tracker init complete...
02-06-2024 20:25:04.702 INFO  AdminManagerDispatch [29684 MainThread] - added factory for admin handler: 'licenses'
02-06-2024 20:25:04.702 INFO  AdminManagerDispatch [29684 MainThread] - added factory for admin handler: 'pools'
02-06-2024 20:25:04.702 INFO  AdminManagerDispatch [29684 MainThread] - added factory for admin handler: 'stacks'
02-06-2024 20:25:04.702 INFO  AdminManagerDispatch [29684 MainThread] - added factory for admin handler: 'groups'
02-06-2024 20:25:04.702 INFO  AdminManagerDispatch [29684 MainThread] - added factory for admin handler: 'slaves'
02-06-2024 20:25:04.702 INFO  AdminManagerDispatch [29684 MainThread] - added factory for admin handler: 'peers'
02-06-2024 20:25:04.702 INFO  AdminManagerDispatch [29684 MainThread] - added factory for admin handler: 'localslave'
02-06-2024 20:25:04.702 INFO  AdminManagerDispatch [29684 MainThread] - added factory for admin handler: 'localpeer'
02-06-2024 20:25:04.702 INFO  AdminManagerDispatch [29684 MainThread] - added factory for admin handler: 'licensermessages'
02-06-2024 20:25:04.702 INFO  AdminManagerDispatch [29684 MainThread] - added factory for admin handler: 'scriptedwarning'
02-06-2024 20:25:04.702 INFO  AdminManagerDispatch [29684 MainThread] - added factory for admin handler: 'licenseusage'
02-06-2024 20:25:04.702 INFO  LicenseMgr [29684 MainThread] - Initing LicenseMgr
02-06-2024 20:25:04.702 INFO  LMConfig [29684 MainThread] - serverName=GOEL-SearchHead guid=51367ECF-193E-4082-849C-4DF59054FDA5
02-06-2024 20:25:04.702 INFO  LMConfig [29684 MainThread] - connection_timeout=30
02-06-2024 20:25:04.702 INFO  LMConfig [29684 MainThread] - send_timeout=30
02-06-2024 20:25:04.702 INFO  LMConfig [29684 MainThread] - receive_timeout=30
02-06-2024 20:25:04.702 INFO  LMConfig [29684 MainThread] - key=license_warnings_update_interval not found in licenser stanza of server.conf, defaulting=0
02-06-2024 20:25:04.702 INFO  LMConfig [29684 MainThread] - squash_threshold=2000
02-06-2024 20:25:04.702 INFO  LMConfig [29684 MainThread] - strict_pool_quota=1
02-06-2024 20:25:04.702 INFO  LMConfig [29684 MainThread] - key=pool_suggestion not found in licenser stanza of server.conf, defaulting=''
02-06-2024 20:25:04.702 INFO  LMConfig [29684 MainThread] - key=test_aws_metering not found in licenser stanza of server.conf, defaulting=0
02-06-2024 20:25:04.702 INFO  LMConfig [29684 MainThread] - key=test_aws_product_code not found in licenser stanza of server.conf, defaulting=0
02-06-2024 20:25:04.702 INFO  dispatchRunner [29684 MainThread] - Feature flag post-args={"v":1,"enabledFeatures":["stats:allow_stats_v2"],"disabledFeatures":["searchresults:srs2"]}
02-06-2024 20:25:04.702 INFO  SearchFeatureFlags [29684 MainThread] - Initializing feature flags from config. feature_seed=46947589
02-06-2024 20:25:04.702 INFO  SearchFeatureFlags [29684 MainThread] - Setting feature_flag=parallelreduce:enablePreview:true
02-06-2024 20:25:04.702 INFO  SearchFeatureFlags [29684 MainThread] - Setting feature_flag=search:search_retry:false
02-06-2024 20:25:04.702 INFO  SearchFeatureFlags [29684 MainThread] - Setting feature_flag=search:search_retry_realtime:false
02-06-2024 20:25:04.702 INFO  SearchFeatureFlags [29684 MainThread] - Setting feature_flag=parallelreduce:autoAppliedPercentage:false
02-06-2024 20:25:04.702 INFO  SearchFeatureFlags [29684 MainThread] - Setting feature_flag=subsearch:enableConcurrentPipelineProcessing:false
02-06-2024 20:25:04.702 INFO  SearchFeatureFlags [29684 MainThread] - Setting feature_flag=stats:allow_stats_v2:true
02-06-2024 20:25:04.702 INFO  SearchFeatureFlags [29684 MainThread] - Setting feature_flag=search_optimization::set_required_fields:stats:false
02-06-2024 20:25:04.702 INFO  SearchFeatureFlags [29684 MainThread] - Setting feature_flag=searchresults:srs2:false
02-06-2024 20:25:04.702 INFO  SearchFeatureFlags [29684 MainThread] - Setting feature_flag=search:read_final_results_from_timeliner:true
02-06-2024 20:25:04.702 INFO  SearchFeatureFlags [29684 MainThread] - Overlaying SearchFeatureFlags from jsonNode={"v":1,"enabledFeatures":["stats:allow_stats_v2"],"disabledFeatures":["searchresults:srs2"]}
02-06-2024 20:25:04.702 INFO  dispatchRunner [29684 MainThread] - registering build time modules, count=1
02-06-2024 20:25:04.702 INFO  dispatchRunner [29684 MainThread] - registering search time components of build time module name=vix
02-06-2024 20:25:04.702 INFO  dispatchRunner [29684 MainThread] - Getting search configuration data from: /opt/splunk/etc/modules/parsing/config.xml
02-06-2024 20:25:04.708 WARN  SSLOptions [29684 MainThread] - server.conf/[kvstore]/sslVerifyServerCert is false disabling certificate validation; must be set to "true" for increased security
02-06-2024 20:25:04.709 INFO  BundlesSetup [29684 MainThread] - Setup stats for /opt/splunk/var/run/searchpeers/GOEL-DS-LM-MC-1707249233: wallclock_elapsed_msec=14, cpu_time_used=0.0148569, shared_services_generation=2, shared_services_population=1
02-06-2024 20:25:04.724 INFO  UserManagerPro [29684 MainThread] - Load authentication: forcing roles="admin, power, splunk-system-role, user"
02-06-2024 20:25:04.724 INFO  PipelineComponent [29684 MainThread] - Ingestion pipeline sets have been configured to use pipeline set policy=round_robin for multiple pipeline sets.
02-06-2024 20:25:04.725 INFO  UserManager [21595 RunDispatch] - Setting user context: splunk-system-user
02-06-2024 20:25:04.725 INFO  UserManager [21595 RunDispatch] - Done setting user context: NULL -> splunk-system-user
02-06-2024 20:25:04.725 INFO  dispatchRunner [21595 RunDispatch] - search context: user="splunk-system-user", app="search", bs-pathname="/opt/splunk/var/run/searchpeers/GOEL-DS-LM-MC-1707249233"
02-06-2024 20:25:04.732 INFO  SearchParser [21595 RunDispatch] - PARSING: prerest  timeout=60 "services/server/info?count=0"
02-06-2024 20:25:04.732 INFO  dispatchRunner [21595 RunDispatch] - Search running in non-clustered mode
02-06-2024 20:25:04.732 INFO  dispatchRunner [21595 RunDispatch] - SearchPeerInitSearchMs=7
02-06-2024 20:25:04.732 INFO  dispatchRunner [21595 RunDispatch] - Serial search pipeline for streaming search being launched.
02-06-2024 20:25:04.732 INFO  SearchParser [21595 RunDispatch] - PARSING: prerest  timeout=60 "services/server/info?count=0"
02-06-2024 20:25:04.733 INFO  SearchOperator:rest [21595 RunDispatch] - built uri=services/server/info?count=0, server=https://127.0.0.1:8089
02-06-2024 20:25:04.733 INFO  SearchPipelineExecutor [21595 RunDispatch] - Number of StreamSearch pipelines launched=1
02-06-2024 20:25:04.733 INFO  SearchPipelineExecutor [21595 RunDispatch] - Starting to transmit serialized search results.
02-06-2024 20:25:04.733 INFO  SearchPipelineExecutor [21602 StreamSearch] - StreamSearch pipeline=0 is started in its own thread
02-06-2024 20:25:04.733 INFO  UserManager [21602 StreamSearch] - Setting user context: splunk-system-user
02-06-2024 20:25:04.733 INFO  UserManager [21602 StreamSearch] - Done setting user context: NULL -> splunk-system-user
02-06-2024 20:25:04.733 INFO  SearchOperator:rest [21602 StreamSearch] - in RestProcessor::execute
02-06-2024 20:25:04.733 INFO  ProxyConfig [21602 StreamSearch] - Failed to initialize http_proxy from server.conf for splunkd. Please make sure that the http_proxy property is set as http_proxy=http://host:port in case HTTP proxying needs to be enabled.
02-06-2024 20:25:04.733 INFO  ProxyConfig [21602 StreamSearch] - Failed to initialize https_proxy from server.conf for splunkd. Please make sure that the https_proxy property is set as https_proxy=http://host:port in case HTTP proxying needs to be enabled.
02-06-2024 20:25:04.733 INFO  ProxyConfig [21602 StreamSearch] - Failed to initialize the proxy_rules setting from server.conf for splunkd. Please provide a valid set of proxy_rules in case HTTP proxying needs to be enabled.
02-06-2024 20:25:04.733 INFO  ProxyConfig [21602 StreamSearch] - Failed to initialize the no_proxy setting from server.conf for splunkd. Please provide a valid set of no_proxy rules in case HTTP proxying needs to be enabled.
02-06-2024 20:25:04.733 INFO  SearchPipelineExecutor [21603 NormSerializeExecutorThread] - NormSerializeExecutorThread pipeline=0 is started in its own thread.
02-06-2024 20:25:04.734 WARN  SSLOptions [21602 StreamSearch] - <internal>.conf/[<internal>]/sslVerifyServerCert is false disabling certificate validation; must be set to "true" for increased security
02-06-2024 20:25:04.737 WARN  SSLOptions [21602 StreamSearch] - <internal>.conf/[<internal>]/sslVerifyServerCert is false disabling certificate validation; must be set to "true" for increased security
02-06-2024 20:25:04.760 INFO  SearchPipelineExecutor [21602 StreamSearch] - Finished streaming: results.count=1
02-06-2024 20:25:04.760 INFO  UserManager [21602 StreamSearch] - Unwound user context: splunk-system-user -> NULL
02-06-2024 20:25:04.760 INFO  SearchPipelineExecutor [21602 StreamSearch] - StreamSearch pipleine=0 is finished.
02-06-2024 20:25:04.760 WARN  SRSSerializer [21603 NormSerializeExecutorThread] - writing 0 cols! field list=0
02-06-2024 20:25:04.760 INFO  SearchPipelineExecutor [21603 NormSerializeExecutorThread] - NormSerializeExecutorThread pipeline=0 is finished.
02-06-2024 20:25:04.761 INFO  SearchPipelineExecutor [21595 RunDispatch] - Done transmitting serialized search results, total bytes transmitted 7858.
02-06-2024 20:25:04.761 INFO  dispatchRunner [21595 RunDispatch] - Done with streaming search.
02-06-2024 20:25:04.761 INFO  SearchPipelineExecutor [21595 RunDispatch] - Streamed Search Index Orchestrator has been shutdown.
02-06-2024 20:25:04.761 INFO  UserManager [21595 RunDispatch] - Unwound user context: splunk-system-user -> NULL
02-06-2024 20:25:04.762 INFO  LookupDataProvider [21595 RunDispatch] - Clearing out lookup shared provider map
02-06-2024 20:25:04.762 INFO  dispatchRunner [29684 MainThread] - RunDispatch is done: sid=remote_GOEL-DS-LM-MC_1707251104.11, exit=0
