02-06-2024 20:43:13.474 INFO  dispatchRunner [19050 MainThread] - Search process mode: preforked (first search in process) (build b985591d12fd).
02-06-2024 20:43:13.474 INFO  dispatchRunner [19050 MainThread] - initing LicenseMgr in search process: nonPro=0
02-06-2024 20:43:13.474 INFO  LMStackMgr [19050 MainThread] - Initializing CleMgr...
02-06-2024 20:43:13.474 INFO  LicenseMgr [19050 MainThread] - Initing LicenseMgr
02-06-2024 20:43:13.474 INFO  LMConfig [19050 MainThread] - serverName=GOEL-Indexer2 guid=A7E1805D-45C6-44A6-8F41-DCD62F97B6BC
02-06-2024 20:43:13.476 INFO  LMConfig [19050 MainThread] - connection_timeout=30
02-06-2024 20:43:13.476 INFO  LMConfig [19050 MainThread] - send_timeout=30
02-06-2024 20:43:13.476 INFO  LMConfig [19050 MainThread] - receive_timeout=30
02-06-2024 20:43:13.476 INFO  LMConfig [19050 MainThread] - key=license_warnings_update_interval not found in licenser stanza of server.conf, defaulting=0
02-06-2024 20:43:13.476 INFO  LMConfig [19050 MainThread] - squash_threshold=2000
02-06-2024 20:43:13.476 INFO  LMConfig [19050 MainThread] - strict_pool_quota=1
02-06-2024 20:43:13.476 INFO  LMConfig [19050 MainThread] - key=pool_suggestion not found in licenser stanza of server.conf, defaulting=''
02-06-2024 20:43:13.476 INFO  LMConfig [19050 MainThread] - key=test_aws_metering not found in licenser stanza of server.conf, defaulting=0
02-06-2024 20:43:13.476 INFO  LMConfig [19050 MainThread] - key=test_aws_product_code not found in licenser stanza of server.conf, defaulting=0
02-06-2024 20:43:13.476 INFO  LicenseMgr [19050 MainThread] - Initing LicenseMgr runContext_splunkd=false
02-06-2024 20:43:13.476 INFO  LMStackMgr [19050 MainThread] - closing stack mgr
02-06-2024 20:43:13.476 INFO  LMSlaveInfo [19050 MainThread] - all slaves cleared
02-06-2024 20:43:13.476 INFO  LMStackMgr [19050 MainThread] - partial init only since node has remote master=https://10.0.3.7:8089
02-06-2024 20:43:13.476 INFO  LicenseMgr [19050 MainThread] - StackMgr init complete...
02-06-2024 20:43:13.476 INFO  LMTracker [19050 MainThread] - Setting default product type='enterprise'
02-06-2024 20:43:13.476 INFO  LMTracker [19050 MainThread] - this is not splunkd, will perform partial init
02-06-2024 20:43:13.476 INFO  LicenseMgr [19050 MainThread] - Tracker init complete...
02-06-2024 20:43:13.483 INFO  AdminManagerDispatch [19050 MainThread] - added factory for admin handler: 'licenses'
02-06-2024 20:43:13.483 INFO  AdminManagerDispatch [19050 MainThread] - added factory for admin handler: 'pools'
02-06-2024 20:43:13.483 INFO  AdminManagerDispatch [19050 MainThread] - added factory for admin handler: 'stacks'
02-06-2024 20:43:13.483 INFO  AdminManagerDispatch [19050 MainThread] - added factory for admin handler: 'groups'
02-06-2024 20:43:13.483 INFO  AdminManagerDispatch [19050 MainThread] - added factory for admin handler: 'slaves'
02-06-2024 20:43:13.483 INFO  AdminManagerDispatch [19050 MainThread] - added factory for admin handler: 'peers'
02-06-2024 20:43:13.483 INFO  AdminManagerDispatch [19050 MainThread] - added factory for admin handler: 'localslave'
02-06-2024 20:43:13.483 INFO  AdminManagerDispatch [19050 MainThread] - added factory for admin handler: 'localpeer'
02-06-2024 20:43:13.483 INFO  AdminManagerDispatch [19050 MainThread] - added factory for admin handler: 'licensermessages'
02-06-2024 20:43:13.483 INFO  AdminManagerDispatch [19050 MainThread] - added factory for admin handler: 'scriptedwarning'
02-06-2024 20:43:13.483 INFO  AdminManagerDispatch [19050 MainThread] - added factory for admin handler: 'licenseusage'
02-06-2024 20:43:13.483 INFO  LicenseMgr [19050 MainThread] - Initing LicenseMgr
02-06-2024 20:43:13.483 INFO  LMConfig [19050 MainThread] - serverName=GOEL-Indexer2 guid=A7E1805D-45C6-44A6-8F41-DCD62F97B6BC
02-06-2024 20:43:13.483 INFO  LMConfig [19050 MainThread] - connection_timeout=30
02-06-2024 20:43:13.483 INFO  LMConfig [19050 MainThread] - send_timeout=30
02-06-2024 20:43:13.483 INFO  LMConfig [19050 MainThread] - receive_timeout=30
02-06-2024 20:43:13.483 INFO  LMConfig [19050 MainThread] - key=license_warnings_update_interval not found in licenser stanza of server.conf, defaulting=0
02-06-2024 20:43:13.483 INFO  LMConfig [19050 MainThread] - squash_threshold=2000
02-06-2024 20:43:13.483 INFO  LMConfig [19050 MainThread] - strict_pool_quota=1
02-06-2024 20:43:13.483 INFO  LMConfig [19050 MainThread] - key=pool_suggestion not found in licenser stanza of server.conf, defaulting=''
02-06-2024 20:43:13.483 INFO  LMConfig [19050 MainThread] - key=test_aws_metering not found in licenser stanza of server.conf, defaulting=0
02-06-2024 20:43:13.483 INFO  LMConfig [19050 MainThread] - key=test_aws_product_code not found in licenser stanza of server.conf, defaulting=0
02-06-2024 20:43:13.483 INFO  dispatchRunner [19050 MainThread] - Feature flag post-args={"v":1,"enabledFeatures":["stats:allow_stats_v2"],"disabledFeatures":["searchresults:srs2"]}
02-06-2024 20:43:13.483 INFO  SearchFeatureFlags [19050 MainThread] - Initializing feature flags from config. feature_seed=46947589
02-06-2024 20:43:13.483 INFO  SearchFeatureFlags [19050 MainThread] - Setting feature_flag=parallelreduce:enablePreview:true
02-06-2024 20:43:13.483 INFO  SearchFeatureFlags [19050 MainThread] - Setting feature_flag=search:search_retry:false
02-06-2024 20:43:13.483 INFO  SearchFeatureFlags [19050 MainThread] - Setting feature_flag=search:search_retry_realtime:false
02-06-2024 20:43:13.483 INFO  SearchFeatureFlags [19050 MainThread] - Setting feature_flag=parallelreduce:autoAppliedPercentage:false
02-06-2024 20:43:13.483 INFO  SearchFeatureFlags [19050 MainThread] - Setting feature_flag=subsearch:enableConcurrentPipelineProcessing:false
02-06-2024 20:43:13.483 INFO  SearchFeatureFlags [19050 MainThread] - Setting feature_flag=stats:allow_stats_v2:true
02-06-2024 20:43:13.483 INFO  SearchFeatureFlags [19050 MainThread] - Setting feature_flag=search_optimization::set_required_fields:stats:false
02-06-2024 20:43:13.483 INFO  SearchFeatureFlags [19050 MainThread] - Setting feature_flag=searchresults:srs2:false
02-06-2024 20:43:13.483 INFO  SearchFeatureFlags [19050 MainThread] - Setting feature_flag=search:read_final_results_from_timeliner:true
02-06-2024 20:43:13.483 INFO  SearchFeatureFlags [19050 MainThread] - Overlaying SearchFeatureFlags from jsonNode={"v":1,"enabledFeatures":["stats:allow_stats_v2"],"disabledFeatures":["searchresults:srs2"]}
02-06-2024 20:43:13.483 INFO  dispatchRunner [19050 MainThread] - registering build time modules, count=1
02-06-2024 20:43:13.483 INFO  dispatchRunner [19050 MainThread] - registering search time components of build time module name=vix
02-06-2024 20:43:13.484 INFO  dispatchRunner [19050 MainThread] - Getting search configuration data from: /opt/splunk/etc/modules/parsing/config.xml
02-06-2024 20:43:13.490 WARN  SSLOptions [19050 MainThread] - server.conf/[kvstore]/sslVerifyServerCert is false disabling certificate validation; must be set to "true" for increased security
02-06-2024 20:43:13.490 INFO  BundlesSetup [19050 MainThread] - Setup stats for /opt/splunk/var/run/searchpeers/GOEL-SearchHead-1707251292: wallclock_elapsed_msec=14, cpu_time_used=0.0148286, shared_services_generation=2, shared_services_population=1
02-06-2024 20:43:13.505 INFO  UserManagerPro [19050 MainThread] - Load authentication: forcing roles="admin, can_delete, power, user"
02-06-2024 20:43:13.505 INFO  PipelineComponent [19050 MainThread] - Ingestion pipeline sets have been configured to use pipeline set policy=round_robin for multiple pipeline sets.
02-06-2024 20:43:13.506 INFO  UserManager [15947 RunDispatch] - Setting user context: splunk-system-user
02-06-2024 20:43:13.506 INFO  UserManager [15947 RunDispatch] - Done setting user context: NULL -> splunk-system-user
02-06-2024 20:43:13.507 INFO  UserManager [15947 RunDispatch] - Unwound user context: splunk-system-user -> NULL
02-06-2024 20:43:13.507 INFO  UserManager [15947 RunDispatch] - Setting user context: admin
02-06-2024 20:43:13.507 INFO  UserManager [15947 RunDispatch] - Done setting user context: NULL -> admin
02-06-2024 20:43:13.507 INFO  dispatchRunner [15947 RunDispatch] - search context: user="admin", app="search", bs-pathname="/opt/splunk/var/run/searchpeers/GOEL-SearchHead-1707251292"
02-06-2024 20:43:13.513 WARN  IndexConfig [15947 RunDispatch] - Home path size limit cannot accomodate maximum number of hot buckets with specified bucket size because homePath.maxDataSizeMB is too small. Please check your index configuration: idx=bcgames maxDataSize=750 MB, homePath.maxDataSizeMB=1000 MB
02-06-2024 20:43:13.514 WARN  IndexConfig [15947 RunDispatch] - Max bucket size is larger than destination path size limit. Please check your index configuration. idx=infra; bucket size in (from maxDataSize) 750 MB, homePath.maxDataSizeMB=100,  coldPath.maxDataSizeMB=100
02-06-2024 20:43:13.514 WARN  IndexConfig [15947 RunDispatch] - Home path size limit cannot accomodate maximum number of hot buckets with specified bucket size because homePath.maxDataSizeMB is too small. Please check your index configuration: idx=infra maxDataSize=750 MB, homePath.maxDataSizeMB=100 MB
02-06-2024 20:43:13.514 WARN  IndexConfig [15947 RunDispatch] - Max bucket size is larger than destination path size limit. Please check your index configuration. idx=soc; bucket size in (from maxDataSize) 750 MB, homePath.maxDataSizeMB=100,  coldPath.maxDataSizeMB=100
02-06-2024 20:43:13.514 WARN  IndexConfig [15947 RunDispatch] - Home path size limit cannot accomodate maximum number of hot buckets with specified bucket size because homePath.maxDataSizeMB is too small. Please check your index configuration: idx=soc maxDataSize=750 MB, homePath.maxDataSizeMB=100 MB
02-06-2024 20:43:13.515 INFO  SearchParser [15947 RunDispatch] - PARSING: litsearch (index=_* log_level=WARN bcgames bucket) | fields  keepcolorder=t "*" "_bkt" "_cd" "_si" "host" "index" "linecount" "source" "sourcetype" "splunk_server"  | remotetl  nb=300 et=1707248580.000000 lt=1707252192.000000 remove=true max_count=1000 max_prefetch=100
02-06-2024 20:43:13.515 INFO  SearchParser [15947 RunDispatch] - PARSING: litsearch (index=_* log_level=WARN bcgames bucket) | fields  keepcolorder=t "*" "_bkt" "_cd" "_si" "host" "index" "linecount" "source" "sourcetype" "splunk_server"  | remotetl  nb=300 et=1707248580.000000 lt=1707252192.000000 remove=true max_count=1000 max_prefetch=100
02-06-2024 20:43:13.515 INFO  UserManager [15947 RunDispatch] - Setting user context: splunk-system-user
02-06-2024 20:43:13.515 INFO  UserManager [15947 RunDispatch] - Done setting user context: admin -> splunk-system-user
02-06-2024 20:43:13.515 INFO  UserManager [15947 RunDispatch] - Setting user context: admin
02-06-2024 20:43:13.515 INFO  UserManager [15947 RunDispatch] - Done setting user context: splunk-system-user -> admin
02-06-2024 20:43:13.517 INFO  SearchProcessor [15947 RunDispatch] - Filtered out a metric type index '_metrics' because the command does not support it.
02-06-2024 20:43:13.517 INFO  SearchProcessor [15947 RunDispatch] - Filtered out a metric type index '_metrics_rollup' because the command does not support it.
02-06-2024 20:43:13.517 INFO  UserManager [15947 RunDispatch] - Unwound user context: admin -> splunk-system-user
02-06-2024 20:43:13.517 INFO  UserManager [15947 RunDispatch] - Unwound user context: splunk-system-user -> admin
02-06-2024 20:43:13.517 INFO  DispatchCommandProcessor [15947 RunDispatch] - Search requires the following indexes="[_audit,_configtracker,_internal,_introspection,_telemetry,_thefishbucket]"
02-06-2024 20:43:13.517 INFO  IndexReaderIf [15947 RunDispatch] - Loading Clustering bucket manifest file=/opt/splunk/var/run/splunk/cluster/search-buckets/search_sitedefault_gen109.csv.gz
02-06-2024 20:43:13.517 INFO  DatabaseDirectoryManager [15947 RunDispatch] - initDDMsFromSearchBucketManifest path=/opt/splunk/var/run/splunk/cluster/search-buckets/search_sitedefault_gen109.csv.gz, indexWhiteList_size=6
02-06-2024 20:43:13.517 INFO  CMBucketId [15947 RunDispatch] - CMIndexId: New indexName=_telemetry inserted, mapping to id=1
02-06-2024 20:43:13.517 INFO  CMBucketId [15947 RunDispatch] - CMIndexId: New indexName=_audit inserted, mapping to id=2
02-06-2024 20:43:13.517 INFO  CMBucketId [15947 RunDispatch] - CMIndexId: New indexName=_internal inserted, mapping to id=3
02-06-2024 20:43:13.518 INFO  dispatchRunner [15947 RunDispatch] - SearchPeerInitSearchMs=11
02-06-2024 20:43:13.518 INFO  dispatchRunner [15947 RunDispatch] - Serial search pipeline for streaming search being launched.
02-06-2024 20:43:13.518 INFO  SearchParser [15947 RunDispatch] - PARSING: litsearch (index=_* log_level=WARN bcgames bucket) | fields  keepcolorder=t "*" "_bkt" "_cd" "_si" "host" "index" "linecount" "source" "sourcetype" "splunk_server"  | remotetl  nb=300 et=1707248580.000000 lt=1707252192.000000 remove=true max_count=1000 max_prefetch=100
02-06-2024 20:43:13.559 INFO  SearchProcessor [15947 RunDispatch] - Filtered out a metric type index '_metrics' because the command does not support it.
02-06-2024 20:43:13.559 INFO  SearchProcessor [15947 RunDispatch] - Filtered out a metric type index '_metrics_rollup' because the command does not support it.
02-06-2024 20:43:13.560 INFO  SearchParser [15947 RunDispatch] - PARSING: typer | tags
02-06-2024 20:43:13.565 INFO  FastTyper [15947 RunDispatch] - found nodes count: comparisons=6, unique_comparisons=5, terms=4, unique_terms=4, phrases=12, unique_phrases=12, total leaves=22
02-06-2024 20:43:13.567 INFO  UserManager [15947 RunDispatch] - Setting user context: admin
02-06-2024 20:43:13.567 INFO  UserManager [15947 RunDispatch] - Done setting user context: admin -> admin
02-06-2024 20:43:13.567 INFO  FastSearchFilter [15947 RunDispatch] - Finished initializing IndexScopedFilter - trivial=0, nTerms=3, oTerms=0, host=0, source=0, sourcetype=0, linecount=0 exactCustomCmp=0
02-06-2024 20:43:13.567 INFO  UserManager [15947 RunDispatch] - Unwound user context: admin -> admin
02-06-2024 20:43:13.567 INFO  IndexScopedSearch [15947 RunDispatch] -  IndexScopedSearch is called for index = _audit, et = 1707248580.000000000, lt = 1707252192.000000000, index_et = -9223372036854775808.000000000, index_lt = 9223372036854775807.999999000, noRead = FALSE
02-06-2024 20:43:13.567 INFO  IndexScopedSearch [15947 RunDispatch] - ct=1707252192.000000 et=1707248580.000000 lt=1707252192.000000 dbsize=5
02-06-2024 20:43:13.567 INFO  UserManager [15947 RunDispatch] - Setting user context: admin
02-06-2024 20:43:13.567 INFO  UserManager [15947 RunDispatch] - Done setting user context: admin -> admin
02-06-2024 20:43:13.567 INFO  FastSearchFilter [15947 RunDispatch] - Finished initializing IndexScopedFilter - trivial=0, nTerms=3, oTerms=0, host=0, source=0, sourcetype=0, linecount=0 exactCustomCmp=0
02-06-2024 20:43:13.567 INFO  UserManager [15947 RunDispatch] - Unwound user context: admin -> admin
02-06-2024 20:43:13.567 INFO  IndexScopedSearch [15947 RunDispatch] -  IndexScopedSearch is called for index = _configtracker, et = 1707248580.000000000, lt = 1707252192.000000000, index_et = -9223372036854775808.000000000, index_lt = 9223372036854775807.999999000, noRead = FALSE
02-06-2024 20:43:13.568 INFO  CMBucketId [15947 RunDispatch] - CMIndexId: New indexName=_configtracker inserted, mapping to id=4
02-06-2024 20:43:13.568 INFO  IndexScopedSearch [15947 RunDispatch] - ct=1707252192.000000 et=1707248580.000000 lt=1707252192.000000 dbsize=2
02-06-2024 20:43:13.568 INFO  UserManager [15947 RunDispatch] - Setting user context: admin
02-06-2024 20:43:13.568 INFO  UserManager [15947 RunDispatch] - Done setting user context: admin -> admin
02-06-2024 20:43:13.568 INFO  FastSearchFilter [15947 RunDispatch] - Finished initializing IndexScopedFilter - trivial=0, nTerms=3, oTerms=0, host=0, source=0, sourcetype=0, linecount=0 exactCustomCmp=0
02-06-2024 20:43:13.568 INFO  UserManager [15947 RunDispatch] - Unwound user context: admin -> admin
02-06-2024 20:43:13.568 INFO  IndexScopedSearch [15947 RunDispatch] -  IndexScopedSearch is called for index = _internal, et = 1707248580.000000000, lt = 1707252192.000000000, index_et = -9223372036854775808.000000000, index_lt = 9223372036854775807.999999000, noRead = FALSE
02-06-2024 20:43:13.568 INFO  IndexScopedSearch [15947 RunDispatch] - ct=1707252192.000000 et=1707248580.000000 lt=1707252192.000000 dbsize=6
02-06-2024 20:43:13.568 INFO  UserManager [15947 RunDispatch] - Setting user context: admin
02-06-2024 20:43:13.569 INFO  UserManager [15947 RunDispatch] - Done setting user context: admin -> admin
02-06-2024 20:43:13.569 INFO  FastSearchFilter [15947 RunDispatch] - Finished initializing IndexScopedFilter - trivial=0, nTerms=3, oTerms=0, host=0, source=0, sourcetype=0, linecount=0 exactCustomCmp=0
02-06-2024 20:43:13.569 INFO  UserManager [15947 RunDispatch] - Unwound user context: admin -> admin
02-06-2024 20:43:13.569 INFO  IndexScopedSearch [15947 RunDispatch] -  IndexScopedSearch is called for index = _introspection, et = 1707248580.000000000, lt = 1707252192.000000000, index_et = -9223372036854775808.000000000, index_lt = 9223372036854775807.999999000, noRead = FALSE
02-06-2024 20:43:13.569 INFO  CMBucketId [15947 RunDispatch] - CMIndexId: New indexName=_introspection inserted, mapping to id=5
02-06-2024 20:43:13.569 INFO  IndexScopedSearch [15947 RunDispatch] - ct=1707252192.000000 et=1707248580.000000 lt=1707252192.000000 dbsize=2
02-06-2024 20:43:13.569 INFO  UserManager [15947 RunDispatch] - Setting user context: admin
02-06-2024 20:43:13.569 INFO  UserManager [15947 RunDispatch] - Done setting user context: admin -> admin
02-06-2024 20:43:13.570 INFO  FastSearchFilter [15947 RunDispatch] - Finished initializing IndexScopedFilter - trivial=0, nTerms=3, oTerms=0, host=0, source=0, sourcetype=0, linecount=0 exactCustomCmp=0
02-06-2024 20:43:13.570 INFO  UserManager [15947 RunDispatch] - Unwound user context: admin -> admin
02-06-2024 20:43:13.570 INFO  IndexScopedSearch [15947 RunDispatch] -  IndexScopedSearch is called for index = _telemetry, et = 1707248580.000000000, lt = 1707252192.000000000, index_et = -9223372036854775808.000000000, index_lt = 9223372036854775807.999999000, noRead = FALSE
02-06-2024 20:43:13.570 INFO  IndexScopedSearch [15947 RunDispatch] - ct=1707252192.000000 et=1707248580.000000 lt=1707252192.000000 dbsize=2
02-06-2024 20:43:13.570 INFO  UserManager [15947 RunDispatch] - Setting user context: admin
02-06-2024 20:43:13.570 INFO  UserManager [15947 RunDispatch] - Done setting user context: admin -> admin
02-06-2024 20:43:13.570 INFO  FastSearchFilter [15947 RunDispatch] - Finished initializing IndexScopedFilter - trivial=0, nTerms=3, oTerms=0, host=0, source=0, sourcetype=0, linecount=0 exactCustomCmp=0
02-06-2024 20:43:13.570 INFO  UserManager [15947 RunDispatch] - Unwound user context: admin -> admin
02-06-2024 20:43:13.570 INFO  IndexScopedSearch [15947 RunDispatch] -  IndexScopedSearch is called for index = _thefishbucket, et = 1707248580.000000000, lt = 1707252192.000000000, index_et = -9223372036854775808.000000000, index_lt = 9223372036854775807.999999000, noRead = FALSE
02-06-2024 20:43:13.570 INFO  IndexScopedSearch [15947 RunDispatch] - ct=1707252192.000000 et=1707248580.000000 lt=1707252192.000000 dbsize=0
02-06-2024 20:43:13.570 INFO  UnifiedSearch [15947 RunDispatch] - Initialization of search data structures took 11 ms
02-06-2024 20:43:13.571 INFO  UnifiedSearch [15947 RunDispatch] - Processed search targeting arguments
02-06-2024 20:43:13.596 INFO  SearchPipelineExecutor [15947 RunDispatch] - Number of StreamSearch pipelines launched=1
02-06-2024 20:43:13.596 INFO  SearchPipelineExecutor [15954 StreamSearch] - StreamSearch pipeline=0 is started in its own thread
02-06-2024 20:43:13.597 INFO  UserManager [15954 StreamSearch] - Setting user context: admin
02-06-2024 20:43:13.596 INFO  SearchPipelineExecutor [15947 RunDispatch] - Starting to transmit serialized search results.
02-06-2024 20:43:13.597 INFO  UserManager [15954 StreamSearch] - Done setting user context: NULL -> admin
02-06-2024 20:43:13.599 INFO  SearchPipelineExecutor [15956 NormSerializeExecutorThread] - NormSerializeExecutorThread pipeline=0 is started in its own thread.
02-06-2024 20:43:13.599 WARN  SRSSerializer [15956 NormSerializeExecutorThread] - writing 0 cols! field list=0
02-06-2024 20:43:13.679 INFO  Timeliner [15954 StreamSearch] - Emitted 35 full events to info._remotetl_events
02-06-2024 20:43:13.679 WARN  SRSSerializer [15956 NormSerializeExecutorThread] - writing 0 cols! field list=0
02-06-2024 20:43:13.695 WARN  SearchOperator:kv [15954 StreamSearch] - buildRegexList provided empty conf key, ignoring.
02-06-2024 20:43:13.695 INFO  Timeliner [15954 StreamSearch] - Emitted 52 full events to info._remotetl_events
02-06-2024 20:43:13.695 WARN  SRSSerializer [15956 NormSerializeExecutorThread] - writing 0 cols! field list=0
02-06-2024 20:43:13.696 INFO  SearchPipelineExecutor [15954 StreamSearch] - Finished streaming: results.count=0
02-06-2024 20:43:13.696 INFO  UserManager [15954 StreamSearch] - Unwound user context: admin -> NULL
02-06-2024 20:43:13.696 INFO  SearchPipelineExecutor [15954 StreamSearch] - StreamSearch pipleine=0 is finished.
02-06-2024 20:43:13.696 WARN  SRSSerializer [15956 NormSerializeExecutorThread] - writing 0 cols! field list=0
02-06-2024 20:43:13.697 WARN  SRSSerializer [15956 NormSerializeExecutorThread] - writing 0 cols! field list=0
02-06-2024 20:43:13.697 INFO  SearchPipelineExecutor [15956 NormSerializeExecutorThread] - NormSerializeExecutorThread pipeline=0 is finished.
02-06-2024 20:43:13.697 INFO  SearchPipelineExecutor [15947 RunDispatch] - Done transmitting serialized search results, total bytes transmitted 151957.
02-06-2024 20:43:13.697 INFO  dispatchRunner [15947 RunDispatch] - Done with streaming search.
02-06-2024 20:43:13.697 INFO  SearchOperator:kv [15947 RunDispatch] - Extractor stats: name=_autoKvStats, probes=8, total_time_ms=0, max_time_ms=0
02-06-2024 20:43:13.697 INFO  SearchOperator:kv [15947 RunDispatch] - Extractor stats: name=(?i)^(?:[^ ]* ){2}(?:[+\-]\d+ )?(?P<log_level>[^ ]*)\s+(?P<component>[^ ]+) (?:\[(?P<thread_id>\d+)\s)?(?:(?P<thread_name>[^\]]+)\]\s)?- (?P<event_message>.+), probes=1, total_time_ms=0, max_time_ms=0
02-06-2024 20:43:13.697 INFO  SearchOperator:kv [15947 RunDispatch] - Extractor stats: name=remote_searches_extractions_starting, probes=1, total_time_ms=0, max_time_ms=0
02-06-2024 20:43:13.697 INFO  SearchOperator:kv [15947 RunDispatch] - Extractor stats: name=remote_searches_extractions_starting_fallback, probes=1, total_time_ms=0, max_time_ms=0
02-06-2024 20:43:13.697 INFO  SearchOperator:kv [15947 RunDispatch] - Extractor stats: name=remote_searches_extractions_terminated, probes=1, total_time_ms=0, max_time_ms=0
02-06-2024 20:43:13.697 WARN  SearchOperator:kv [15947 RunDispatch] - Exceeded the maximum number of field extractions configured in limits.conf / [kv] / limit=100. Skipped extraction of fields="app,avg_age,bundleId,conf,eps,ev,event,group,hot_buckets,interval_sec,kb,kbps,max,max_age,path_crc32,series,setting,stanza,timestamp"
02-06-2024 20:43:13.698 INFO  ISearchOperator [15947 RunDispatch] - 0x7f0f4290e000 PREAD_HISTOGRAM: usec_1_8=317 usec_8_64=3 usec_64_512=4 usec_512_4096=0 usec_4096_32768=0 usec_32768_262144=0 usec_262144_INF=0 
02-06-2024 20:43:13.698 INFO  ISearchOperator [15947 RunDispatch] - 0x7f0f4290e800 PREAD_HISTOGRAM: usec_1_8=228 usec_8_64=1 usec_64_512=0 usec_512_4096=0 usec_4096_32768=0 usec_32768_262144=0 usec_262144_INF=0 
02-06-2024 20:43:13.699 INFO  SearchPipelineExecutor [15947 RunDispatch] - Streamed Search Index Orchestrator has been shutdown.
02-06-2024 20:43:13.699 INFO  UserManager [15947 RunDispatch] - Unwound user context: admin -> NULL
02-06-2024 20:43:13.699 INFO  LookupDataProvider [15947 RunDispatch] - Clearing out lookup shared provider map
02-06-2024 20:43:13.700 INFO  dispatchRunner [19050 MainThread] - RunDispatch is done: sid=remote_GOEL-SearchHead_1707252192.35, exit=0
