02-06-2024 20:45:09.579 INFO  dispatchRunner [30550 MainThread] - Search process mode: preforked (first search in process) (build b985591d12fd).
02-06-2024 20:45:09.579 INFO  dispatchRunner [30550 MainThread] - initing LicenseMgr in search process: nonPro=0
02-06-2024 20:45:09.579 INFO  LMStackMgr [30550 MainThread] - Initializing CleMgr...
02-06-2024 20:45:09.579 INFO  LicenseMgr [30550 MainThread] - Initing LicenseMgr
02-06-2024 20:45:09.579 INFO  LMConfig [30550 MainThread] - serverName=GOEL-Indexer1 guid=A59E264B-EF37-4C05-A664-4B364D39C148
02-06-2024 20:45:09.581 INFO  LMConfig [30550 MainThread] - connection_timeout=30
02-06-2024 20:45:09.581 INFO  LMConfig [30550 MainThread] - send_timeout=30
02-06-2024 20:45:09.581 INFO  LMConfig [30550 MainThread] - receive_timeout=30
02-06-2024 20:45:09.581 INFO  LMConfig [30550 MainThread] - key=license_warnings_update_interval not found in licenser stanza of server.conf, defaulting=0
02-06-2024 20:45:09.581 INFO  LMConfig [30550 MainThread] - squash_threshold=2000
02-06-2024 20:45:09.581 INFO  LMConfig [30550 MainThread] - strict_pool_quota=1
02-06-2024 20:45:09.581 INFO  LMConfig [30550 MainThread] - key=pool_suggestion not found in licenser stanza of server.conf, defaulting=''
02-06-2024 20:45:09.581 INFO  LMConfig [30550 MainThread] - key=test_aws_metering not found in licenser stanza of server.conf, defaulting=0
02-06-2024 20:45:09.581 INFO  LMConfig [30550 MainThread] - key=test_aws_product_code not found in licenser stanza of server.conf, defaulting=0
02-06-2024 20:45:09.581 INFO  LicenseMgr [30550 MainThread] - Initing LicenseMgr runContext_splunkd=false
02-06-2024 20:45:09.581 INFO  LMStackMgr [30550 MainThread] - closing stack mgr
02-06-2024 20:45:09.581 INFO  LMSlaveInfo [30550 MainThread] - all slaves cleared
02-06-2024 20:45:09.581 INFO  LMStackMgr [30550 MainThread] - partial init only since node has remote master=https://10.0.3.7:8089
02-06-2024 20:45:09.581 INFO  LicenseMgr [30550 MainThread] - StackMgr init complete...
02-06-2024 20:45:09.581 INFO  LMTracker [30550 MainThread] - Setting default product type='enterprise'
02-06-2024 20:45:09.581 INFO  LMTracker [30550 MainThread] - this is not splunkd, will perform partial init
02-06-2024 20:45:09.581 INFO  LicenseMgr [30550 MainThread] - Tracker init complete...
02-06-2024 20:45:09.592 INFO  AdminManagerDispatch [30550 MainThread] - added factory for admin handler: 'licenses'
02-06-2024 20:45:09.592 INFO  AdminManagerDispatch [30550 MainThread] - added factory for admin handler: 'pools'
02-06-2024 20:45:09.592 INFO  AdminManagerDispatch [30550 MainThread] - added factory for admin handler: 'stacks'
02-06-2024 20:45:09.592 INFO  AdminManagerDispatch [30550 MainThread] - added factory for admin handler: 'groups'
02-06-2024 20:45:09.592 INFO  AdminManagerDispatch [30550 MainThread] - added factory for admin handler: 'slaves'
02-06-2024 20:45:09.592 INFO  AdminManagerDispatch [30550 MainThread] - added factory for admin handler: 'peers'
02-06-2024 20:45:09.592 INFO  AdminManagerDispatch [30550 MainThread] - added factory for admin handler: 'localslave'
02-06-2024 20:45:09.592 INFO  AdminManagerDispatch [30550 MainThread] - added factory for admin handler: 'localpeer'
02-06-2024 20:45:09.592 INFO  AdminManagerDispatch [30550 MainThread] - added factory for admin handler: 'licensermessages'
02-06-2024 20:45:09.592 INFO  AdminManagerDispatch [30550 MainThread] - added factory for admin handler: 'scriptedwarning'
02-06-2024 20:45:09.592 INFO  AdminManagerDispatch [30550 MainThread] - added factory for admin handler: 'licenseusage'
02-06-2024 20:45:09.592 INFO  LicenseMgr [30550 MainThread] - Initing LicenseMgr
02-06-2024 20:45:09.592 INFO  LMConfig [30550 MainThread] - serverName=GOEL-Indexer1 guid=A59E264B-EF37-4C05-A664-4B364D39C148
02-06-2024 20:45:09.592 INFO  LMConfig [30550 MainThread] - connection_timeout=30
02-06-2024 20:45:09.592 INFO  LMConfig [30550 MainThread] - send_timeout=30
02-06-2024 20:45:09.592 INFO  LMConfig [30550 MainThread] - receive_timeout=30
02-06-2024 20:45:09.592 INFO  LMConfig [30550 MainThread] - key=license_warnings_update_interval not found in licenser stanza of server.conf, defaulting=0
02-06-2024 20:45:09.592 INFO  LMConfig [30550 MainThread] - squash_threshold=2000
02-06-2024 20:45:09.592 INFO  LMConfig [30550 MainThread] - strict_pool_quota=1
02-06-2024 20:45:09.592 INFO  LMConfig [30550 MainThread] - key=pool_suggestion not found in licenser stanza of server.conf, defaulting=''
02-06-2024 20:45:09.592 INFO  LMConfig [30550 MainThread] - key=test_aws_metering not found in licenser stanza of server.conf, defaulting=0
02-06-2024 20:45:09.592 INFO  LMConfig [30550 MainThread] - key=test_aws_product_code not found in licenser stanza of server.conf, defaulting=0
02-06-2024 20:45:09.592 INFO  dispatchRunner [30550 MainThread] - Feature flag post-args={"v":1,"enabledFeatures":["stats:allow_stats_v2"],"disabledFeatures":["searchresults:srs2"]}
02-06-2024 20:45:09.592 INFO  SearchFeatureFlags [30550 MainThread] - Initializing feature flags from config. feature_seed=46947589
02-06-2024 20:45:09.592 INFO  SearchFeatureFlags [30550 MainThread] - Setting feature_flag=parallelreduce:enablePreview:true
02-06-2024 20:45:09.592 INFO  SearchFeatureFlags [30550 MainThread] - Setting feature_flag=search:search_retry:false
02-06-2024 20:45:09.592 INFO  SearchFeatureFlags [30550 MainThread] - Setting feature_flag=search:search_retry_realtime:false
02-06-2024 20:45:09.592 INFO  SearchFeatureFlags [30550 MainThread] - Setting feature_flag=parallelreduce:autoAppliedPercentage:false
02-06-2024 20:45:09.592 INFO  SearchFeatureFlags [30550 MainThread] - Setting feature_flag=subsearch:enableConcurrentPipelineProcessing:false
02-06-2024 20:45:09.592 INFO  SearchFeatureFlags [30550 MainThread] - Setting feature_flag=stats:allow_stats_v2:true
02-06-2024 20:45:09.592 INFO  SearchFeatureFlags [30550 MainThread] - Setting feature_flag=search_optimization::set_required_fields:stats:false
02-06-2024 20:45:09.592 INFO  SearchFeatureFlags [30550 MainThread] - Setting feature_flag=searchresults:srs2:false
02-06-2024 20:45:09.592 INFO  SearchFeatureFlags [30550 MainThread] - Setting feature_flag=search:read_final_results_from_timeliner:true
02-06-2024 20:45:09.592 INFO  SearchFeatureFlags [30550 MainThread] - Overlaying SearchFeatureFlags from jsonNode={"v":1,"enabledFeatures":["stats:allow_stats_v2"],"disabledFeatures":["searchresults:srs2"]}
02-06-2024 20:45:09.592 INFO  dispatchRunner [30550 MainThread] - registering build time modules, count=1
02-06-2024 20:45:09.592 INFO  dispatchRunner [30550 MainThread] - registering search time components of build time module name=vix
02-06-2024 20:45:09.592 INFO  dispatchRunner [30550 MainThread] - Getting search configuration data from: /opt/splunk/etc/modules/parsing/config.xml
02-06-2024 20:45:09.601 WARN  SSLOptions [30550 MainThread] - server.conf/[kvstore]/sslVerifyServerCert is false disabling certificate validation; must be set to "true" for increased security
02-06-2024 20:45:09.602 INFO  BundlesSetup [30550 MainThread] - Setup stats for /opt/splunk/var/run/searchpeers/GOEL-SearchHead-1707251292: wallclock_elapsed_msec=17, cpu_time_used=0.0169997, shared_services_generation=2, shared_services_population=1
02-06-2024 20:45:09.625 INFO  UserManagerPro [30550 MainThread] - Load authentication: forcing roles="admin, can_delete, power, user"
02-06-2024 20:45:09.625 INFO  PipelineComponent [30550 MainThread] - Ingestion pipeline sets have been configured to use pipeline set policy=round_robin for multiple pipeline sets.
02-06-2024 20:45:09.626 INFO  UserManager [31923 RunDispatch] - Setting user context: splunk-system-user
02-06-2024 20:45:09.626 INFO  UserManager [31923 RunDispatch] - Done setting user context: NULL -> splunk-system-user
02-06-2024 20:45:09.626 INFO  UserManager [31923 RunDispatch] - Unwound user context: splunk-system-user -> NULL
02-06-2024 20:45:09.626 INFO  UserManager [31923 RunDispatch] - Setting user context: admin
02-06-2024 20:45:09.626 INFO  UserManager [31923 RunDispatch] - Done setting user context: NULL -> admin
02-06-2024 20:45:09.626 INFO  dispatchRunner [31923 RunDispatch] - search context: user="admin", app="search", bs-pathname="/opt/splunk/var/run/searchpeers/GOEL-SearchHead-1707251292"
02-06-2024 20:45:09.633 WARN  IndexConfig [31923 RunDispatch] - Home path size limit cannot accomodate maximum number of hot buckets with specified bucket size because homePath.maxDataSizeMB is too small. Please check your index configuration: idx=bcgames maxDataSize=750 MB, homePath.maxDataSizeMB=1000 MB
02-06-2024 20:45:09.633 WARN  IndexConfig [31923 RunDispatch] - Max bucket size is larger than destination path size limit. Please check your index configuration. idx=infra; bucket size in (from maxDataSize) 750 MB, homePath.maxDataSizeMB=100,  coldPath.maxDataSizeMB=100
02-06-2024 20:45:09.633 WARN  IndexConfig [31923 RunDispatch] - Home path size limit cannot accomodate maximum number of hot buckets with specified bucket size because homePath.maxDataSizeMB is too small. Please check your index configuration: idx=infra maxDataSize=750 MB, homePath.maxDataSizeMB=100 MB
02-06-2024 20:45:09.633 WARN  IndexConfig [31923 RunDispatch] - Max bucket size is larger than destination path size limit. Please check your index configuration. idx=soc; bucket size in (from maxDataSize) 750 MB, homePath.maxDataSizeMB=100,  coldPath.maxDataSizeMB=100
02-06-2024 20:45:09.633 WARN  IndexConfig [31923 RunDispatch] - Home path size limit cannot accomodate maximum number of hot buckets with specified bucket size because homePath.maxDataSizeMB is too small. Please check your index configuration: idx=soc maxDataSize=750 MB, homePath.maxDataSizeMB=100 MB
02-06-2024 20:45:09.634 INFO  SearchParser [31923 RunDispatch] - PARSING: litsearch (index=bcgames source=*dreamcrusher.xml* sourcetype=dreamcrusher_xml) | addinfo  type=count label=prereport_events track_fieldmeta_events=true | fields  keepcolorder=t "*" "AttackVessel" "Infiltrators" "_bkt" "_cd" "_si" "host" "index" "linecount" "prestats_reserved_*" "psrsvd_*" "source" "sourcetype" "splunk_server"  | remotetl  nb=300 et=2147483647.000000 lt=0.000000 max_count=1000 max_prefetch=100 | prestats  sum(Infiltrators) by AttackVessel
02-06-2024 20:45:09.634 INFO  StatsContext [31923 RunDispatch] -  Setting chunk size min=65536 max=1048576 double_every=100
02-06-2024 20:45:09.634 INFO  StatsContext [31923 RunDispatch] -  Setting max memory usage to 209715200
02-06-2024 20:45:09.634 INFO  SearchParser [31923 RunDispatch] - PARSING: litsearch (index=bcgames source=*dreamcrusher.xml* sourcetype=dreamcrusher_xml) | addinfo  type=count label=prereport_events track_fieldmeta_events=true | fields  keepcolorder=t "*" "AttackVessel" "Infiltrators" "_bkt" "_cd" "_si" "host" "index" "linecount" "prestats_reserved_*" "psrsvd_*" "source" "sourcetype" "splunk_server"  | remotetl  nb=300 et=2147483647.000000 lt=0.000000 max_count=1000 max_prefetch=100 | prestats  sum(Infiltrators) by AttackVessel
02-06-2024 20:45:09.634 INFO  StatsContext [31923 RunDispatch] -  Setting chunk size min=65536 max=1048576 double_every=100
02-06-2024 20:45:09.634 INFO  StatsContext [31923 RunDispatch] -  Setting max memory usage to 209715200
02-06-2024 20:45:09.634 INFO  UserManager [31923 RunDispatch] - Setting user context: splunk-system-user
02-06-2024 20:45:09.634 INFO  UserManager [31923 RunDispatch] - Done setting user context: admin -> splunk-system-user
02-06-2024 20:45:09.634 INFO  UserManager [31923 RunDispatch] - Setting user context: admin
02-06-2024 20:45:09.634 INFO  UserManager [31923 RunDispatch] - Done setting user context: splunk-system-user -> admin
02-06-2024 20:45:09.636 INFO  UserManager [31923 RunDispatch] - Unwound user context: admin -> splunk-system-user
02-06-2024 20:45:09.636 INFO  UserManager [31923 RunDispatch] - Unwound user context: splunk-system-user -> admin
02-06-2024 20:45:09.636 INFO  DispatchCommandProcessor [31923 RunDispatch] - Search requires the following indexes="[bcgames]"
02-06-2024 20:45:09.636 INFO  IndexReaderIf [31923 RunDispatch] - Loading Clustering bucket manifest file=/opt/splunk/var/run/splunk/cluster/search-buckets/search_sitedefault_gen120.csv.gz
02-06-2024 20:45:09.636 INFO  DatabaseDirectoryManager [31923 RunDispatch] - initDDMsFromSearchBucketManifest path=/opt/splunk/var/run/splunk/cluster/search-buckets/search_sitedefault_gen120.csv.gz, indexWhiteList_size=1
02-06-2024 20:45:09.636 INFO  CMBucketId [31923 RunDispatch] - CMIndexId: New indexName=_telemetry inserted, mapping to id=1
02-06-2024 20:45:09.636 INFO  CMBucketId [31923 RunDispatch] - CMIndexId: New indexName=_audit inserted, mapping to id=2
02-06-2024 20:45:09.636 INFO  CMBucketId [31923 RunDispatch] - CMIndexId: New indexName=_internal inserted, mapping to id=3
02-06-2024 20:45:09.636 INFO  dispatchRunner [31923 RunDispatch] - SearchPeerInitSearchMs=10
02-06-2024 20:45:09.636 INFO  dispatchRunner [31923 RunDispatch] - Serial search pipeline for streaming search being launched.
02-06-2024 20:45:09.636 INFO  SearchParser [31923 RunDispatch] - PARSING: litsearch (index=bcgames source=*dreamcrusher.xml* sourcetype=dreamcrusher_xml) | addinfo  type=count label=prereport_events track_fieldmeta_events=true | fields  keepcolorder=t "*" "AttackVessel" "Infiltrators" "_bkt" "_cd" "_si" "host" "index" "linecount" "prestats_reserved_*" "psrsvd_*" "source" "sourcetype" "splunk_server"  | remotetl  nb=300 et=2147483647.000000 lt=0.000000 max_count=1000 max_prefetch=100 | prestats  sum(Infiltrators) by AttackVessel
02-06-2024 20:45:09.637 INFO  StatsContext [31923 RunDispatch] -  Setting chunk size min=65536 max=1048576 double_every=100
02-06-2024 20:45:09.637 INFO  StatsContext [31923 RunDispatch] -  Setting max memory usage to 209715200
02-06-2024 20:45:09.678 INFO  SearchParser [31923 RunDispatch] - PARSING: typer | tags
02-06-2024 20:45:09.684 INFO  FastTyper [31923 RunDispatch] - found nodes count: comparisons=6, unique_comparisons=5, terms=4, unique_terms=4, phrases=12, unique_phrases=12, total leaves=22
02-06-2024 20:45:09.685 INFO  UserManager [31923 RunDispatch] - Setting user context: admin
02-06-2024 20:45:09.685 INFO  UserManager [31923 RunDispatch] - Done setting user context: admin -> admin
02-06-2024 20:45:09.685 INFO  FastSearchFilter [31923 RunDispatch] - Finished initializing IndexScopedFilter - trivial=0, nTerms=0, oTerms=0, host=0, source=1, sourcetype=1, linecount=0 exactCustomCmp=0
02-06-2024 20:45:09.685 INFO  UserManager [31923 RunDispatch] - Unwound user context: admin -> admin
02-06-2024 20:45:09.685 INFO  IndexScopedSearch [31923 RunDispatch] -  IndexScopedSearch is called for index = bcgames, et = 0.000000000, lt = 2147483647.000000000, index_et = -9223372036854775808.000000000, index_lt = 9223372036854775807.999999000, noRead = FALSE
02-06-2024 20:45:09.686 INFO  IndexScopedSearch [31923 RunDispatch] - ct=2147483647.000000 et=0.000000 lt=2147483647.000000 dbsize=0
02-06-2024 20:45:09.686 INFO  UnifiedSearch [31923 RunDispatch] - Initialization of search data structures took 8 ms
02-06-2024 20:45:09.686 INFO  UnifiedSearch [31923 RunDispatch] - Processed search targeting arguments
02-06-2024 20:45:09.686 INFO  StatsProcessorV2 [31923 RunDispatch] - StatsV2 (stats) args: sum(Infiltrators), by, AttackVessel
02-06-2024 20:45:09.686 INFO  StatsProcessorV2 [31923 RunDispatch] - StatsProcessorV2::processArguments: Unaligned accesses are free
02-06-2024 20:45:09.686 INFO  StatsAggregations [31923 RunDispatch] - Instantiating Stats function sum for key=Infiltrators, alias=sum(Infiltrators)
02-06-2024 20:45:09.686 INFO  StatsContext [31923 RunDispatch] - shouldFallbackToOldStats: _use_v2_level=USE_V2_ALL, fallback=false
02-06-2024 20:45:09.693 INFO  SearchPipelineExecutor [31923 RunDispatch] - Number of StreamSearch pipelines launched=1
02-06-2024 20:45:09.693 INFO  SearchPipelineExecutor [31923 RunDispatch] - Starting to transmit serialized search results.
02-06-2024 20:45:09.693 INFO  SearchPipelineExecutor [31930 StreamSearch] - StreamSearch pipeline=0 is started in its own thread
02-06-2024 20:45:09.693 INFO  UserManager [31930 StreamSearch] - Setting user context: admin
02-06-2024 20:45:09.693 INFO  UserManager [31930 StreamSearch] - Done setting user context: NULL -> admin
02-06-2024 20:45:09.693 INFO  SearchPipelineExecutor [31930 StreamSearch] - Finished streaming: results.count=0
02-06-2024 20:45:09.693 INFO  UserManager [31930 StreamSearch] - Unwound user context: admin -> NULL
02-06-2024 20:45:09.693 INFO  SearchPipelineExecutor [31930 StreamSearch] - StreamSearch pipleine=0 is finished.
02-06-2024 20:45:09.693 INFO  SearchPipelineExecutor [31932 NormSerializeExecutorThread] - NormSerializeExecutorThread pipeline=0 is started in its own thread.
02-06-2024 20:45:09.694 INFO  SearchPipelineExecutor [31932 NormSerializeExecutorThread] - NormSerializeExecutorThread pipeline=0 is finished.
02-06-2024 20:45:09.694 INFO  SearchPipelineExecutor [31923 RunDispatch] - Done transmitting serialized search results, total bytes transmitted 7962.
02-06-2024 20:45:09.694 INFO  dispatchRunner [31923 RunDispatch] - Done with streaming search.
02-06-2024 20:45:09.694 INFO  SearchPipelineExecutor [31923 RunDispatch] - Streamed Search Index Orchestrator has been shutdown.
02-06-2024 20:45:09.695 INFO  UserManager [31923 RunDispatch] - Unwound user context: admin -> NULL
02-06-2024 20:45:09.695 INFO  LookupDataProvider [31923 RunDispatch] - Clearing out lookup shared provider map
02-06-2024 20:45:09.695 INFO  dispatchRunner [30550 MainThread] - RunDispatch is done: sid=remote_GOEL-SearchHead_1707252309.42, exit=0
