4.1.2 2024-02-06 07:00:01,356 INFO 140123711547200 - Could not find synced splunkbase apps so using the constant file
4.1.2 2024-02-06 07:00:01,356 INFO 140123711547200 - splunkbase_path- /opt/splunk/etc/apps/python_upgrade_readiness_app/bin/libs_py3/pura_libs_utils/splunkbaseapps.csv
4.1.2 2024-02-06 07:00:01,382 INFO 140123711547200 - Starting to get apps
4.1.2 2024-02-06 07:00:02,449 ERROR 140123711547200 - Could not make request to Splunk: [HTTP 404] https://127.0.0.1:8089/services/pura_app_list?type=deployment
Traceback (most recent call last):
  File "/opt/splunk/etc/apps/python_upgrade_readiness_app/bin/jura_remote_latest_report.py", line 229, in get_all_apps
    response, content = sr.simpleRequest(path=endpoint, sessionKey=self.session_key, method="GET")
  File "/opt/splunk/lib/python3.7/site-packages/splunk/rest/__init__.py", line 661, in simpleRequest
    raise splunk.ResourceNotFound(uri)
splunk.ResourceNotFound: [HTTP 404] https://127.0.0.1:8089/services/pura_app_list?type=deployment
4.1.2 2024-02-06 07:00:02,756 INFO 140123711547200 - merged_file_path = /opt/splunk/etc/apps/python_upgrade_readiness_app/local/jquery_merged/merged_report.json
4.1.2 2024-02-06 07:00:02,756 INFO 140123711547200 - Writing local report as merged report could not be generated.
4.1.2 2024-02-06 07:00:02,756 INFO 140123711547200 - splunk-system-user file does not exists.
4.1.2 2024-02-06 19:00:01,271 INFO 140588080674624 - Could not find synced splunkbase apps so using the constant file
4.1.2 2024-02-06 19:00:01,271 INFO 140588080674624 - splunkbase_path- /opt/splunk/etc/apps/python_upgrade_readiness_app/bin/libs_py3/pura_libs_utils/splunkbaseapps.csv
4.1.2 2024-02-06 19:00:01,297 INFO 140588080674624 - Starting to get apps
4.1.2 2024-02-06 19:00:02,181 ERROR 140588080674624 - Could not make request to Splunk: [HTTP 404] https://127.0.0.1:8089/services/pura_app_list?type=deployment
Traceback (most recent call last):
  File "/opt/splunk/etc/apps/python_upgrade_readiness_app/bin/jura_remote_latest_report.py", line 229, in get_all_apps
    response, content = sr.simpleRequest(path=endpoint, sessionKey=self.session_key, method="GET")
  File "/opt/splunk/lib/python3.7/site-packages/splunk/rest/__init__.py", line 661, in simpleRequest
    raise splunk.ResourceNotFound(uri)
splunk.ResourceNotFound: [HTTP 404] https://127.0.0.1:8089/services/pura_app_list?type=deployment
4.1.2 2024-02-06 19:00:02,672 INFO 140588080674624 - merged_file_path = /opt/splunk/etc/apps/python_upgrade_readiness_app/local/jquery_merged/merged_report.json
4.1.2 2024-02-06 19:00:02,672 INFO 140588080674624 - Writing local report as merged report could not be generated.
4.1.2 2024-02-06 19:00:02,672 INFO 140588080674624 - splunk-system-user file does not exists.
