02-06-2024 05:01:54.903 +0000 INFO  SavedSplunker - Starting SavedSearchFetcher thread
02-06-2024 05:01:54.904 +0000 INFO  SavedSplunker - async_saved_search_fetch has been activated with an interval of 30.000 seconds.
02-06-2024 05:02:25.293 +0000 INFO  SavedSplunker - savedsearch_id="nobody;splunk_monitoring_console;DMC Asset - Build Standalone Asset Table", search_type="scheduled", search_streaming=0, user="nobody", app="splunk_monitoring_console", savedsearch_name="DMC Asset - Build Standalone Asset Table", priority=default, status=success, digest_mode=1, durable_cursor=0, scheduled_time=1707195713, window_time=0, dispatch_time=1707195744, run_time=0.212, result_count=4, alert_actions="populate_lookup", sid="scheduler__nobody_c3BsdW5rX21vbml0b3JpbmdfY29uc29sZQ__RMD54740dfff07b17ef1_at_1707195713_0", suppressed=0, action_time_ms=30, thread_id="AlertNotifierWorker-0", workload_pool=""
02-06-2024 05:03:00.823 +0000 INFO  SavedSplunker - DCSS: completed reading history for continuous scheduled searches
02-06-2024 05:17:02.382 +0000 INFO  SavedSearchHistory - Thread started
02-06-2024 05:17:02.385 +0000 INFO  SavedSplunker - savedsearch_id="nobody;splunk_archiver;Bucket Copy Trigger", search_type="scheduled", search_streaming=0, user="nobody", app="splunk_archiver", savedsearch_name="Bucket Copy Trigger", priority=default, status=success, digest_mode=1, durable_cursor=0, scheduled_time=1707196620, window_time=0, dispatch_time=1707196620, run_time=1.365, result_count=0, alert_actions="", sid="scheduler__nobody_c3BsdW5rX2FyY2hpdmVy__RMD5473cbac83d6c9db7_at_1707196620_1", suppressed=0, action_time_ms=1, thread_id="AlertNotifierWorker-0", workload_pool=""
02-06-2024 05:28:27.664 +0000 INFO  SavedSearchHistory - Shut-down started
02-06-2024 05:28:27.664 +0000 INFO  SavedSearchHistory - Thread stopped
02-06-2024 05:28:27.664 +0000 INFO  SavedSearchHistory - Shut-down completed
02-06-2024 05:28:29.787 +0000 INFO  SavedSplunker - Shutting down the SavedSearchFetcher thread
02-06-2024 05:28:29.787 +0000 INFO  SavedSplunker - Ending SavedSearchFetcher thread
02-06-2024 05:28:48.156 +0000 INFO  SavedSplunker - Starting SavedSearchFetcher thread
02-06-2024 05:28:48.172 +0000 INFO  SavedSplunker - async_saved_search_fetch has been activated with an interval of 30.000 seconds.
02-06-2024 05:29:18.182 +0000 INFO  SavedSplunker - DCSS: completed reading history for continuous scheduled searches
02-06-2024 05:29:18.185 +0000 INFO  SavedSearchHistory - Thread started
02-06-2024 05:29:18.403 +0000 INFO  SavedSplunker - savedsearch_id="nobody;splunk_monitoring_console;DMC Asset - Build Standalone Asset Table", search_type="scheduled", search_streaming=0, user="nobody", app="splunk_monitoring_console", savedsearch_name="DMC Asset - Build Standalone Asset Table", priority=default, status=success, digest_mode=1, durable_cursor=0, scheduled_time=1707197327, window_time=0, dispatch_time=1707197358, run_time=0.091, result_count=4, alert_actions="populate_lookup", sid="scheduler__nobody_c3BsdW5rX21vbml0b3JpbmdfY29uc29sZQ__RMD54740dfff07b17ef1_at_1707197327_0", suppressed=0, action_time_ms=16, thread_id="AlertNotifierWorker-0", workload_pool=""
02-06-2024 05:56:03.314 +0000 INFO  SavedSearchHistory - Shut-down started
02-06-2024 05:56:03.315 +0000 INFO  SavedSearchHistory - Thread stopped
02-06-2024 05:56:03.315 +0000 INFO  SavedSearchHistory - Shut-down completed
02-06-2024 05:56:05.503 +0000 INFO  SavedSplunker - Shutting down the SavedSearchFetcher thread
02-06-2024 05:56:05.503 +0000 INFO  SavedSplunker - Ending SavedSearchFetcher thread
02-06-2024 06:03:02.729 +0000 INFO  SavedSplunker - Starting SavedSearchFetcher thread
02-06-2024 06:03:02.755 +0000 INFO  SavedSplunker - async_saved_search_fetch has been activated with an interval of 30.000 seconds.
02-06-2024 06:03:32.766 +0000 INFO  SavedSplunker - DCSS: completed reading history for continuous scheduled searches
02-06-2024 06:03:32.771 +0000 INFO  SavedSearchHistory - Thread started
02-06-2024 06:03:33.439 +0000 INFO  SavedSplunker - savedsearch_id="nobody;splunk_monitoring_console;DMC Asset - Build Standalone Asset Table", search_type="scheduled", search_streaming=0, user="nobody", app="splunk_monitoring_console", savedsearch_name="DMC Asset - Build Standalone Asset Table", priority=default, status=success, digest_mode=1, durable_cursor=0, scheduled_time=1707199381, window_time=0, dispatch_time=1707199412, run_time=0.315, result_count=4, alert_actions="populate_lookup", sid="scheduler__nobody_c3BsdW5rX21vbml0b3JpbmdfY29uc29sZQ__RMD54740dfff07b17ef1_at_1707199381_0", suppressed=0, action_time_ms=12, thread_id="AlertNotifierWorker-0", workload_pool=""
02-06-2024 06:17:02.344 +0000 INFO  SavedSplunker - savedsearch_id="nobody;splunk_archiver;Bucket Copy Trigger", search_type="scheduled", search_streaming=0, user="nobody", app="splunk_archiver", savedsearch_name="Bucket Copy Trigger", priority=default, status=success, digest_mode=1, durable_cursor=0, scheduled_time=1707200220, window_time=0, dispatch_time=1707200220, run_time=1.418, result_count=0, alert_actions="", sid="scheduler__nobody_c3BsdW5rX2FyY2hpdmVy__RMD5473cbac83d6c9db7_at_1707200220_1", suppressed=0, action_time_ms=1, thread_id="AlertNotifierWorker-0", workload_pool=""
02-06-2024 06:32:34.626 +0000 INFO  SavedSearchHistory - Shut-down started
02-06-2024 06:32:34.626 +0000 INFO  SavedSearchHistory - Thread stopped
02-06-2024 06:32:34.626 +0000 INFO  SavedSearchHistory - Shut-down completed
02-06-2024 06:32:36.140 +0000 INFO  SavedSplunker - Shutting down the SavedSearchFetcher thread
02-06-2024 06:32:36.140 +0000 INFO  SavedSplunker - Ending SavedSearchFetcher thread
02-06-2024 06:32:52.956 +0000 INFO  SavedSplunker - Starting SavedSearchFetcher thread
02-06-2024 06:32:52.959 +0000 INFO  SavedSplunker - async_saved_search_fetch has been activated with an interval of 30.000 seconds.
02-06-2024 06:33:22.970 +0000 INFO  SavedSplunker - DCSS: completed reading history for continuous scheduled searches
02-06-2024 06:33:22.979 +0000 INFO  SavedSearchHistory - Thread started
02-06-2024 06:33:23.287 +0000 INFO  SavedSplunker - savedsearch_id="nobody;splunk_monitoring_console;DMC Asset - Build Standalone Asset Table", search_type="scheduled", search_streaming=0, user="nobody", app="splunk_monitoring_console", savedsearch_name="DMC Asset - Build Standalone Asset Table", priority=default, status=success, digest_mode=1, durable_cursor=0, scheduled_time=1707201171, window_time=0, dispatch_time=1707201203, run_time=0.087, result_count=4, alert_actions="populate_lookup", sid="scheduler__nobody_c3BsdW5rX21vbml0b3JpbmdfY29uc29sZQ__RMD54740dfff07b17ef1_at_1707201171_0", suppressed=0, action_time_ms=4, thread_id="AlertNotifierWorker-0", workload_pool=""
02-06-2024 07:17:02.304 +0000 INFO  SavedSplunker - savedsearch_id="nobody;splunk_archiver;Bucket Copy Trigger", search_type="scheduled", search_streaming=0, user="nobody", app="splunk_archiver", savedsearch_name="Bucket Copy Trigger", priority=default, status=success, digest_mode=1, durable_cursor=0, scheduled_time=1707203820, window_time=0, dispatch_time=1707203820, run_time=1.551, result_count=0, alert_actions="", sid="scheduler__nobody_c3BsdW5rX2FyY2hpdmVy__RMD5473cbac83d6c9db7_at_1707203820_1", suppressed=0, action_time_ms=1, thread_id="AlertNotifierWorker-0", workload_pool=""
02-06-2024 08:17:02.261 +0000 INFO  SavedSplunker - savedsearch_id="nobody;splunk_archiver;Bucket Copy Trigger", search_type="scheduled", search_streaming=0, user="nobody", app="splunk_archiver", savedsearch_name="Bucket Copy Trigger", priority=default, status=success, digest_mode=1, durable_cursor=0, scheduled_time=1707207420, window_time=0, dispatch_time=1707207420, run_time=1.322, result_count=0, alert_actions="", sid="scheduler__nobody_c3BsdW5rX2FyY2hpdmVy__RMD5473cbac83d6c9db7_at_1707207420_2", suppressed=0, action_time_ms=2, thread_id="AlertNotifierWorker-0", workload_pool=""
02-06-2024 09:17:01.959 +0000 INFO  SavedSplunker - savedsearch_id="nobody;splunk_archiver;Bucket Copy Trigger", search_type="scheduled", search_streaming=0, user="nobody", app="splunk_archiver", savedsearch_name="Bucket Copy Trigger", priority=default, status=success, digest_mode=1, durable_cursor=0, scheduled_time=1707211020, window_time=0, dispatch_time=1707211020, run_time=1.027, result_count=0, alert_actions="", sid="scheduler__nobody_c3BsdW5rX2FyY2hpdmVy__RMD5473cbac83d6c9db7_at_1707211020_3", suppressed=0, action_time_ms=2, thread_id="AlertNotifierWorker-0", workload_pool=""
02-06-2024 10:17:02.095 +0000 INFO  SavedSplunker - savedsearch_id="nobody;splunk_archiver;Bucket Copy Trigger", search_type="scheduled", search_streaming=0, user="nobody", app="splunk_archiver", savedsearch_name="Bucket Copy Trigger", priority=default, status=success, digest_mode=1, durable_cursor=0, scheduled_time=1707214620, window_time=0, dispatch_time=1707214621, run_time=1.014, result_count=0, alert_actions="", sid="scheduler__nobody_c3BsdW5rX2FyY2hpdmVy__RMD5473cbac83d6c9db7_at_1707214620_4", suppressed=0, action_time_ms=1, thread_id="AlertNotifierWorker-0", workload_pool=""
02-06-2024 10:39:35.834 +0000 INFO  SavedSplunker - Starting SavedSearchFetcher thread
02-06-2024 10:39:35.847 +0000 INFO  SavedSplunker - async_saved_search_fetch has been activated with an interval of 30.000 seconds.
02-06-2024 10:40:04.109 +0000 INFO  SavedSplunker - Shutting down the SavedSearchFetcher thread
02-06-2024 10:40:04.109 +0000 INFO  SavedSplunker - Ending SavedSearchFetcher thread
02-06-2024 10:40:19.294 +0000 INFO  SavedSplunker - Starting SavedSearchFetcher thread
02-06-2024 10:40:19.324 +0000 INFO  SavedSplunker - async_saved_search_fetch has been activated with an interval of 30.000 seconds.
02-06-2024 10:40:49.336 +0000 INFO  SavedSplunker - DCSS: completed reading history for continuous scheduled searches
02-06-2024 10:40:49.340 +0000 INFO  SavedSearchHistory - Thread started
02-06-2024 10:40:49.558 +0000 INFO  SavedSplunker - savedsearch_id="nobody;splunk_monitoring_console;DMC Asset - Build Standalone Asset Table", search_type="scheduled", search_streaming=0, user="nobody", app="splunk_monitoring_console", savedsearch_name="DMC Asset - Build Standalone Asset Table", priority=default, status=success, digest_mode=1, durable_cursor=0, scheduled_time=1707216018, window_time=0, dispatch_time=1707216049, run_time=0.092, result_count=4, alert_actions="populate_lookup", sid="scheduler__nobody_c3BsdW5rX21vbml0b3JpbmdfY29uc29sZQ__RMD54740dfff07b17ef1_at_1707216018_0", suppressed=0, action_time_ms=11, thread_id="AlertNotifierWorker-0", workload_pool=""
02-06-2024 10:52:31.302 +0000 INFO  SavedSplunker - Starting SavedSearchFetcher thread
02-06-2024 10:52:31.303 +0000 INFO  SavedSplunker - async_saved_search_fetch has been activated with an interval of 30.000 seconds.
02-06-2024 10:53:01.330 +0000 INFO  SavedSplunker - DCSS: completed reading history for continuous scheduled searches
02-06-2024 10:53:01.343 +0000 INFO  SavedSearchHistory - Thread started
02-06-2024 10:53:01.652 +0000 INFO  SavedSplunker - savedsearch_id="nobody;splunk_monitoring_console;DMC Asset - Build Standalone Asset Table", search_type="scheduled", search_streaming=0, user="nobody", app="splunk_monitoring_console", savedsearch_name="DMC Asset - Build Standalone Asset Table", priority=default, status=success, digest_mode=1, durable_cursor=0, scheduled_time=1707216750, window_time=0, dispatch_time=1707216781, run_time=0.118, result_count=4, alert_actions="populate_lookup", sid="scheduler__nobody_c3BsdW5rX21vbml0b3JpbmdfY29uc29sZQ__RMD54740dfff07b17ef1_at_1707216750_0", suppressed=0, action_time_ms=8, thread_id="AlertNotifierWorker-0", workload_pool=""
02-06-2024 11:01:05.319 +0000 INFO  SavedSearchHistory - Shut-down started
02-06-2024 11:01:05.319 +0000 INFO  SavedSearchHistory - Thread stopped
02-06-2024 11:01:05.319 +0000 INFO  SavedSearchHistory - Shut-down completed
02-06-2024 11:01:06.545 +0000 INFO  SavedSplunker - Shutting down the SavedSearchFetcher thread
02-06-2024 11:01:06.545 +0000 INFO  SavedSplunker - Ending SavedSearchFetcher thread
02-06-2024 11:01:20.847 +0000 INFO  SavedSplunker - Starting SavedSearchFetcher thread
02-06-2024 11:01:20.847 +0000 INFO  SavedSplunker - async_saved_search_fetch has been activated with an interval of 30.000 seconds.
02-06-2024 11:01:50.859 +0000 INFO  SavedSplunker - DCSS: completed reading history for continuous scheduled searches
02-06-2024 11:01:50.862 +0000 INFO  SavedSearchHistory - Thread started
02-06-2024 11:01:51.143 +0000 INFO  SavedSplunker - savedsearch_id="nobody;splunk_monitoring_console;DMC Asset - Build Standalone Asset Table", search_type="scheduled", search_streaming=0, user="nobody", app="splunk_monitoring_console", savedsearch_name="DMC Asset - Build Standalone Asset Table", priority=default, status=success, digest_mode=1, durable_cursor=0, scheduled_time=1707217279, window_time=0, dispatch_time=1707217310, run_time=0.093, result_count=4, alert_actions="populate_lookup", sid="scheduler__nobody_c3BsdW5rX21vbml0b3JpbmdfY29uc29sZQ__RMD54740dfff07b17ef1_at_1707217279_0", suppressed=0, action_time_ms=8, thread_id="AlertNotifierWorker-0", workload_pool=""
02-06-2024 11:17:01.996 +0000 INFO  SavedSplunker - savedsearch_id="nobody;splunk_archiver;Bucket Copy Trigger", search_type="scheduled", search_streaming=0, user="nobody", app="splunk_archiver", savedsearch_name="Bucket Copy Trigger", priority=default, status=success, digest_mode=1, durable_cursor=0, scheduled_time=1707218220, window_time=0, dispatch_time=1707218220, run_time=1.034, result_count=0, alert_actions="", sid="scheduler__nobody_c3BsdW5rX2FyY2hpdmVy__RMD5473cbac83d6c9db7_at_1707218220_1", suppressed=0, action_time_ms=1, thread_id="AlertNotifierWorker-0", workload_pool=""
02-06-2024 12:17:01.361 +0000 INFO  SavedSplunker - savedsearch_id="nobody;splunk_archiver;Bucket Copy Trigger", search_type="scheduled", search_streaming=0, user="nobody", app="splunk_archiver", savedsearch_name="Bucket Copy Trigger", priority=default, status=success, digest_mode=1, durable_cursor=0, scheduled_time=1707221820, window_time=0, dispatch_time=1707221820, run_time=1.168, result_count=0, alert_actions="", sid="scheduler__nobody_c3BsdW5rX2FyY2hpdmVy__RMD5473cbac83d6c9db7_at_1707221820_2", suppressed=0, action_time_ms=2, thread_id="AlertNotifierWorker-0", workload_pool=""
02-06-2024 12:55:38.293 +0000 INFO  SavedSearchHistory - Shut-down started
02-06-2024 12:55:38.293 +0000 INFO  SavedSearchHistory - Thread stopped
02-06-2024 12:55:38.294 +0000 INFO  SavedSearchHistory - Shut-down completed
02-06-2024 12:55:39.572 +0000 INFO  SavedSplunker - Shutting down the SavedSearchFetcher thread
02-06-2024 12:55:39.573 +0000 INFO  SavedSplunker - Ending SavedSearchFetcher thread
02-06-2024 12:55:54.755 +0000 INFO  SavedSplunker - Starting SavedSearchFetcher thread
02-06-2024 12:55:54.759 +0000 INFO  SavedSplunker - async_saved_search_fetch has been activated with an interval of 30.000 seconds.
02-06-2024 12:56:24.771 +0000 INFO  SavedSplunker - DCSS: completed reading history for continuous scheduled searches
02-06-2024 12:56:24.779 +0000 INFO  SavedSearchHistory - Thread started
02-06-2024 12:56:25.030 +0000 INFO  SavedSplunker - savedsearch_id="nobody;splunk_monitoring_console;DMC Asset - Build Standalone Asset Table", search_type="scheduled", search_streaming=0, user="nobody", app="splunk_monitoring_console", savedsearch_name="DMC Asset - Build Standalone Asset Table", priority=default, status=success, digest_mode=1, durable_cursor=0, scheduled_time=1707224153, window_time=0, dispatch_time=1707224184, run_time=0.076, result_count=4, alert_actions="populate_lookup", sid="scheduler__nobody_c3BsdW5rX21vbml0b3JpbmdfY29uc29sZQ__RMD54740dfff07b17ef1_at_1707224153_0", suppressed=0, action_time_ms=4, thread_id="AlertNotifierWorker-0", workload_pool=""
02-06-2024 13:02:08.169 +0000 INFO  SavedSearchHistory - Shut-down started
02-06-2024 13:02:08.170 +0000 INFO  SavedSearchHistory - Thread stopped
02-06-2024 13:02:08.170 +0000 INFO  SavedSearchHistory - Shut-down completed
02-06-2024 13:02:09.947 +0000 INFO  SavedSplunker - Shutting down the SavedSearchFetcher thread
02-06-2024 13:02:09.947 +0000 INFO  SavedSplunker - Ending SavedSearchFetcher thread
02-06-2024 13:02:26.782 +0000 INFO  SavedSplunker - Starting SavedSearchFetcher thread
02-06-2024 13:02:26.807 +0000 INFO  SavedSplunker - async_saved_search_fetch has been activated with an interval of 30.000 seconds.
02-06-2024 13:02:56.820 +0000 INFO  SavedSplunker - DCSS: completed reading history for continuous scheduled searches
02-06-2024 13:02:56.835 +0000 INFO  SavedSearchHistory - Thread started
02-06-2024 13:02:57.073 +0000 INFO  SavedSplunker - savedsearch_id="nobody;splunk_monitoring_console;DMC Asset - Build Standalone Asset Table", search_type="scheduled", search_streaming=0, user="nobody", app="splunk_monitoring_console", savedsearch_name="DMC Asset - Build Standalone Asset Table", priority=default, status=success, digest_mode=1, durable_cursor=0, scheduled_time=1707224545, window_time=0, dispatch_time=1707224576, run_time=0.100, result_count=4, alert_actions="populate_lookup", sid="scheduler__nobody_c3BsdW5rX21vbml0b3JpbmdfY29uc29sZQ__RMD54740dfff07b17ef1_at_1707224545_0", suppressed=0, action_time_ms=13, thread_id="AlertNotifierWorker-0", workload_pool=""
02-06-2024 13:17:02.603 +0000 INFO  SavedSplunker - savedsearch_id="nobody;splunk_archiver;Bucket Copy Trigger", search_type="scheduled", search_streaming=0, user="nobody", app="splunk_archiver", savedsearch_name="Bucket Copy Trigger", priority=default, status=success, digest_mode=1, durable_cursor=0, scheduled_time=1707225420, window_time=0, dispatch_time=1707225420, run_time=1.682, result_count=0, alert_actions="", sid="scheduler__nobody_c3BsdW5rX2FyY2hpdmVy__RMD5473cbac83d6c9db7_at_1707225420_1", suppressed=0, action_time_ms=1, thread_id="AlertNotifierWorker-0", workload_pool=""
02-06-2024 14:17:01.620 +0000 INFO  SavedSplunker - savedsearch_id="nobody;splunk_archiver;Bucket Copy Trigger", search_type="scheduled", search_streaming=0, user="nobody", app="splunk_archiver", savedsearch_name="Bucket Copy Trigger", priority=default, status=success, digest_mode=1, durable_cursor=0, scheduled_time=1707229020, window_time=0, dispatch_time=1707229020, run_time=1.387, result_count=0, alert_actions="", sid="scheduler__nobody_c3BsdW5rX2FyY2hpdmVy__RMD5473cbac83d6c9db7_at_1707229020_2", suppressed=0, action_time_ms=2, thread_id="AlertNotifierWorker-0", workload_pool=""
02-06-2024 15:17:01.333 +0000 INFO  SavedSplunker - savedsearch_id="nobody;splunk_archiver;Bucket Copy Trigger", search_type="scheduled", search_streaming=0, user="nobody", app="splunk_archiver", savedsearch_name="Bucket Copy Trigger", priority=default, status=success, digest_mode=1, durable_cursor=0, scheduled_time=1707232620, window_time=0, dispatch_time=1707232620, run_time=1.148, result_count=0, alert_actions="", sid="scheduler__nobody_c3BsdW5rX2FyY2hpdmVy__RMD5473cbac83d6c9db7_at_1707232620_3", suppressed=0, action_time_ms=3, thread_id="AlertNotifierWorker-0", workload_pool=""
02-06-2024 15:26:08.129 +0000 INFO  SavedSearchHistory - Shut-down started
02-06-2024 15:26:08.129 +0000 INFO  SavedSearchHistory - Thread stopped
02-06-2024 15:26:08.131 +0000 INFO  SavedSearchHistory - Shut-down completed
02-06-2024 15:26:09.594 +0000 INFO  SavedSplunker - Shutting down the SavedSearchFetcher thread
02-06-2024 15:26:09.594 +0000 INFO  SavedSplunker - Ending SavedSearchFetcher thread
02-06-2024 15:26:25.769 +0000 INFO  SavedSplunker - Starting SavedSearchFetcher thread
02-06-2024 15:26:25.771 +0000 INFO  SavedSplunker - async_saved_search_fetch has been activated with an interval of 30.000 seconds.
02-06-2024 15:26:55.783 +0000 INFO  SavedSplunker - DCSS: completed reading history for continuous scheduled searches
02-06-2024 15:26:55.783 +0000 INFO  SavedSearchHistory - Thread started
02-06-2024 15:26:56.031 +0000 INFO  SavedSplunker - savedsearch_id="nobody;splunk_monitoring_console;DMC Asset - Build Standalone Asset Table", search_type="scheduled", search_streaming=0, user="nobody", app="splunk_monitoring_console", savedsearch_name="DMC Asset - Build Standalone Asset Table", priority=default, status=success, digest_mode=1, durable_cursor=0, scheduled_time=1707233184, window_time=0, dispatch_time=1707233215, run_time=0.096, result_count=4, alert_actions="populate_lookup", sid="scheduler__nobody_c3BsdW5rX21vbml0b3JpbmdfY29uc29sZQ__RMD54740dfff07b17ef1_at_1707233184_0", suppressed=0, action_time_ms=13, thread_id="AlertNotifierWorker-0", workload_pool=""
02-06-2024 16:17:01.761 +0000 INFO  SavedSplunker - savedsearch_id="nobody;splunk_archiver;Bucket Copy Trigger", search_type="scheduled", search_streaming=0, user="nobody", app="splunk_archiver", savedsearch_name="Bucket Copy Trigger", priority=default, status=success, digest_mode=1, durable_cursor=0, scheduled_time=1707236220, window_time=0, dispatch_time=1707236220, run_time=1.357, result_count=0, alert_actions="", sid="scheduler__nobody_c3BsdW5rX2FyY2hpdmVy__RMD5473cbac83d6c9db7_at_1707236220_1", suppressed=0, action_time_ms=1, thread_id="AlertNotifierWorker-0", workload_pool=""
02-06-2024 17:17:01.816 +0000 INFO  SavedSplunker - savedsearch_id="nobody;splunk_archiver;Bucket Copy Trigger", search_type="scheduled", search_streaming=0, user="nobody", app="splunk_archiver", savedsearch_name="Bucket Copy Trigger", priority=default, status=success, digest_mode=1, durable_cursor=0, scheduled_time=1707239820, window_time=0, dispatch_time=1707239820, run_time=1.283, result_count=0, alert_actions="", sid="scheduler__nobody_c3BsdW5rX2FyY2hpdmVy__RMD5473cbac83d6c9db7_at_1707239820_2", suppressed=0, action_time_ms=1, thread_id="AlertNotifierWorker-0", workload_pool=""
02-06-2024 18:17:02.192 +0000 INFO  SavedSplunker - savedsearch_id="nobody;splunk_archiver;Bucket Copy Trigger", search_type="scheduled", search_streaming=0, user="nobody", app="splunk_archiver", savedsearch_name="Bucket Copy Trigger", priority=default, status=success, digest_mode=1, durable_cursor=0, scheduled_time=1707243420, window_time=0, dispatch_time=1707243420, run_time=1.401, result_count=0, alert_actions="", sid="scheduler__nobody_c3BsdW5rX2FyY2hpdmVy__RMD5473cbac83d6c9db7_at_1707243420_3", suppressed=0, action_time_ms=4, thread_id="AlertNotifierWorker-0", workload_pool=""
02-06-2024 19:17:02.537 +0000 INFO  SavedSplunker - savedsearch_id="nobody;splunk_archiver;Bucket Copy Trigger", search_type="scheduled", search_streaming=0, user="nobody", app="splunk_archiver", savedsearch_name="Bucket Copy Trigger", priority=default, status=success, digest_mode=1, durable_cursor=0, scheduled_time=1707247020, window_time=0, dispatch_time=1707247020, run_time=1.595, result_count=0, alert_actions="", sid="scheduler__nobody_c3BsdW5rX2FyY2hpdmVy__RMD5473cbac83d6c9db7_at_1707247020_4", suppressed=0, action_time_ms=3, thread_id="AlertNotifierWorker-0", workload_pool=""
02-06-2024 19:50:15.075 +0000 INFO  SavedSearchHistory - Shut-down started
02-06-2024 19:50:15.075 +0000 INFO  SavedSearchHistory - Thread stopped
02-06-2024 19:50:15.075 +0000 INFO  SavedSearchHistory - Shut-down completed
02-06-2024 19:50:17.025 +0000 INFO  SavedSplunker - Shutting down the SavedSearchFetcher thread
02-06-2024 19:50:17.027 +0000 INFO  SavedSplunker - Ending SavedSearchFetcher thread
02-06-2024 19:50:34.911 +0000 INFO  SavedSplunker - Starting SavedSearchFetcher thread
02-06-2024 19:50:34.911 +0000 INFO  SavedSplunker - async_saved_search_fetch has been activated with an interval of 30.000 seconds.
02-06-2024 19:51:04.922 +0000 INFO  SavedSplunker - DCSS: completed reading history for continuous scheduled searches
02-06-2024 19:51:04.925 +0000 INFO  SavedSearchHistory - Thread started
02-06-2024 19:51:05.147 +0000 INFO  SavedSplunker - savedsearch_id="nobody;splunk_monitoring_console;DMC Asset - Build Standalone Asset Table", search_type="scheduled", search_streaming=0, user="nobody", app="splunk_monitoring_console", savedsearch_name="DMC Asset - Build Standalone Asset Table", priority=default, status=success, digest_mode=1, durable_cursor=0, scheduled_time=1707249033, window_time=0, dispatch_time=1707249064, run_time=0.103, result_count=4, alert_actions="populate_lookup", sid="scheduler__nobody_c3BsdW5rX21vbml0b3JpbmdfY29uc29sZQ__RMD54740dfff07b17ef1_at_1707249033_0", suppressed=0, action_time_ms=4, thread_id="AlertNotifierWorker-0", workload_pool=""
02-06-2024 20:17:02.289 +0000 INFO  SavedSplunker - savedsearch_id="nobody;splunk_archiver;Bucket Copy Trigger", search_type="scheduled", search_streaming=0, user="nobody", app="splunk_archiver", savedsearch_name="Bucket Copy Trigger", priority=default, status=success, digest_mode=1, durable_cursor=0, scheduled_time=1707250620, window_time=0, dispatch_time=1707250620, run_time=1.183, result_count=0, alert_actions="", sid="scheduler__nobody_c3BsdW5rX2FyY2hpdmVy__RMD5473cbac83d6c9db7_at_1707250620_1", suppressed=0, action_time_ms=1, thread_id="AlertNotifierWorker-0", workload_pool=""
02-06-2024 20:43:33.087 +0000 INFO  SavedSearchHistory - Shut-down started
02-06-2024 20:43:33.087 +0000 INFO  SavedSearchHistory - Thread stopped
02-06-2024 20:43:33.087 +0000 INFO  SavedSearchHistory - Shut-down completed
02-06-2024 20:43:34.303 +0000 INFO  SavedSplunker - Shutting down the SavedSearchFetcher thread
02-06-2024 20:43:34.303 +0000 INFO  SavedSplunker - Ending SavedSearchFetcher thread
02-06-2024 20:43:50.190 +0000 INFO  SavedSplunker - Starting SavedSearchFetcher thread
02-06-2024 20:43:50.192 +0000 INFO  SavedSplunker - async_saved_search_fetch has been activated with an interval of 30.000 seconds.
02-06-2024 20:44:20.205 +0000 INFO  SavedSplunker - DCSS: completed reading history for continuous scheduled searches
02-06-2024 20:44:20.213 +0000 INFO  SavedSearchHistory - Thread started
02-06-2024 20:44:20.561 +0000 INFO  SavedSplunker - savedsearch_id="nobody;splunk_monitoring_console;DMC Asset - Build Standalone Asset Table", search_type="scheduled", search_streaming=0, user="nobody", app="splunk_monitoring_console", savedsearch_name="DMC Asset - Build Standalone Asset Table", priority=default, status=success, digest_mode=1, durable_cursor=0, scheduled_time=1707252229, window_time=0, dispatch_time=1707252260, run_time=0.082, result_count=4, alert_actions="populate_lookup", sid="scheduler__nobody_c3BsdW5rX21vbml0b3JpbmdfY29uc29sZQ__RMD54740dfff07b17ef1_at_1707252229_0", suppressed=0, action_time_ms=5, thread_id="AlertNotifierWorker-0", workload_pool=""
02-06-2024 20:49:47.614 +0000 INFO  SavedSearchHistory - Shut-down started
02-06-2024 20:49:47.614 +0000 INFO  SavedSearchHistory - Thread stopped
02-06-2024 20:49:47.615 +0000 INFO  SavedSearchHistory - Shut-down completed
02-06-2024 20:49:49.507 +0000 INFO  SavedSplunker - Shutting down the SavedSearchFetcher thread
02-06-2024 20:49:49.507 +0000 INFO  SavedSplunker - Ending SavedSearchFetcher thread
02-06-2024 20:50:04.803 +0000 INFO  SavedSplunker - Starting SavedSearchFetcher thread
02-06-2024 20:50:04.803 +0000 INFO  SavedSplunker - async_saved_search_fetch has been activated with an interval of 30.000 seconds.
