02-06-2024 05:01:44.721 +0000 WARN  SSLOptions - server.conf/[sslConfig]/sslVerifyServerCert is false disabling certificate validation; must be set to "true" for increased security
02-06-2024 05:01:44.721 +0000 INFO  ServerConfig - No '/opt/splunk/etc/auth/server.pem' certificate found.  Splunkd communication will not work without this.  If this is a fresh installation, this should be OK.
02-06-2024 05:01:44.722 +0000 INFO  ServerConfig - certificateStatusValidationMethod is not set, defaulting to none.
02-06-2024 05:01:44.722 +0000 INFO  ServerConfig - Splunk is starting with EC-SSC disabled
02-06-2024 05:01:45.559 +0000 INFO  loader - Getting configuration data from: /opt/splunk/etc/myinstall/splunkd.xml
02-06-2024 05:01:45.560 +0000 INFO  loader - SPLUNK_MODULE_PATH environment variable not found - defaulting to /opt/splunk/etc/modules
02-06-2024 05:01:45.560 +0000 INFO  loader - loading modules from /opt/splunk/etc/modules
02-06-2024 05:01:45.561 +0000 INFO  loader - Writing out composite configuration file: /opt/splunk/var/run/splunk/composite.xml
02-06-2024 05:01:45.571 +0000 INFO  loader - Validated 11 indexes in 4.635 milliseconds
02-06-2024 05:01:45.628 +0000 WARN  SSLOptions - server.conf/[sslConfig]/sslVerifyServerCert is false disabling certificate validation; must be set to "true" for increased security
02-06-2024 05:01:45.628 +0000 INFO  ServerConfig - certificateStatusValidationMethod is not set, defaulting to none.
02-06-2024 05:01:45.628 +0000 INFO  ServerConfig - Splunk is starting with EC-SSC disabled
02-06-2024 05:01:45.996 +0000 INFO  loader - Getting configuration data from: /opt/splunk/etc/myinstall/splunkd.xml
02-06-2024 05:01:45.996 +0000 INFO  loader - SPLUNK_MODULE_PATH environment variable not found - defaulting to /opt/splunk/etc/modules
02-06-2024 05:01:45.996 +0000 INFO  loader - loading modules from /opt/splunk/etc/modules
02-06-2024 05:01:45.997 +0000 INFO  loader - Writing out composite configuration file: /opt/splunk/var/run/splunk/composite.xml
02-06-2024 05:28:36.842 +0000 WARN  SSLOptions - server.conf/[sslConfig]/sslVerifyServerCert is false disabling certificate validation; must be set to "true" for increased security
02-06-2024 05:28:36.843 +0000 INFO  ServerConfig - certificateStatusValidationMethod is not set, defaulting to none.
02-06-2024 05:28:36.843 +0000 INFO  ServerConfig - Splunk is starting with EC-SSC disabled
02-06-2024 05:28:37.415 +0000 INFO  loader - Getting configuration data from: /opt/splunk/etc/myinstall/splunkd.xml
02-06-2024 05:28:37.415 +0000 INFO  loader - SPLUNK_MODULE_PATH environment variable not found - defaulting to /opt/splunk/etc/modules
02-06-2024 05:28:37.415 +0000 INFO  loader - loading modules from /opt/splunk/etc/modules
02-06-2024 05:28:37.416 +0000 INFO  loader - Writing out composite configuration file: /opt/splunk/var/run/splunk/composite.xml
02-06-2024 05:28:37.426 +0000 INFO  loader - Validated 11 indexes in 4.422 milliseconds
02-06-2024 05:28:37.484 +0000 WARN  SSLOptions - server.conf/[sslConfig]/sslVerifyServerCert is false disabling certificate validation; must be set to "true" for increased security
02-06-2024 05:28:37.484 +0000 INFO  ServerConfig - certificateStatusValidationMethod is not set, defaulting to none.
02-06-2024 05:28:37.484 +0000 INFO  ServerConfig - Splunk is starting with EC-SSC disabled
02-06-2024 05:28:37.847 +0000 INFO  loader - Getting configuration data from: /opt/splunk/etc/myinstall/splunkd.xml
02-06-2024 05:28:37.847 +0000 INFO  loader - SPLUNK_MODULE_PATH environment variable not found - defaulting to /opt/splunk/etc/modules
02-06-2024 05:28:37.847 +0000 INFO  loader - loading modules from /opt/splunk/etc/modules
02-06-2024 05:28:37.848 +0000 INFO  loader - Writing out composite configuration file: /opt/splunk/var/run/splunk/composite.xml
02-06-2024 05:56:12.491 +0000 WARN  SSLOptions - server.conf/[sslConfig]/sslVerifyServerCert is false disabling certificate validation; must be set to "true" for increased security
02-06-2024 05:56:12.491 +0000 INFO  ServerConfig - certificateStatusValidationMethod is not set, defaulting to none.
02-06-2024 05:56:12.491 +0000 INFO  ServerConfig - Splunk is starting with EC-SSC disabled
02-06-2024 05:56:13.065 +0000 INFO  loader - Getting configuration data from: /opt/splunk/etc/myinstall/splunkd.xml
02-06-2024 05:56:13.065 +0000 INFO  loader - SPLUNK_MODULE_PATH environment variable not found - defaulting to /opt/splunk/etc/modules
02-06-2024 05:56:13.065 +0000 INFO  loader - loading modules from /opt/splunk/etc/modules
02-06-2024 05:56:13.067 +0000 INFO  loader - Writing out composite configuration file: /opt/splunk/var/run/splunk/composite.xml
02-06-2024 05:56:13.078 +0000 INFO  loader - Validated 11 indexes in 4.464 milliseconds
02-06-2024 05:56:13.136 +0000 WARN  SSLOptions - server.conf/[sslConfig]/sslVerifyServerCert is false disabling certificate validation; must be set to "true" for increased security
02-06-2024 05:56:13.136 +0000 INFO  ServerConfig - certificateStatusValidationMethod is not set, defaulting to none.
02-06-2024 05:56:13.136 +0000 INFO  ServerConfig - Splunk is starting with EC-SSC disabled
02-06-2024 05:56:13.504 +0000 INFO  loader - Getting configuration data from: /opt/splunk/etc/myinstall/splunkd.xml
02-06-2024 05:56:13.504 +0000 INFO  loader - SPLUNK_MODULE_PATH environment variable not found - defaulting to /opt/splunk/etc/modules
02-06-2024 05:56:13.504 +0000 INFO  loader - loading modules from /opt/splunk/etc/modules
02-06-2024 05:56:13.505 +0000 INFO  loader - Writing out composite configuration file: /opt/splunk/var/run/splunk/composite.xml
02-06-2024 05:58:39.117 +0000 WARN  SSLOptions - server.conf/[sslConfig]/sslVerifyServerCert is false disabling certificate validation; must be set to "true" for increased security
02-06-2024 05:58:39.118 +0000 INFO  ServerConfig - certificateStatusValidationMethod is not set, defaulting to none.
02-06-2024 05:58:39.118 +0000 INFO  ServerConfig - Splunk is starting with EC-SSC disabled
02-06-2024 05:58:39.690 +0000 INFO  loader - Getting configuration data from: /opt/splunk/etc/myinstall/splunkd.xml
02-06-2024 05:58:39.690 +0000 INFO  loader - SPLUNK_MODULE_PATH environment variable not found - defaulting to /opt/splunk/etc/modules
02-06-2024 05:58:39.690 +0000 INFO  loader - loading modules from /opt/splunk/etc/modules
02-06-2024 05:58:39.691 +0000 INFO  loader - Writing out composite configuration file: /opt/splunk/var/run/splunk/composite.xml
02-06-2024 05:58:39.701 +0000 INFO  loader - Validated 11 indexes in 4.380 milliseconds
02-06-2024 05:58:39.759 +0000 WARN  SSLOptions - server.conf/[sslConfig]/sslVerifyServerCert is false disabling certificate validation; must be set to "true" for increased security
02-06-2024 05:58:39.759 +0000 INFO  ServerConfig - certificateStatusValidationMethod is not set, defaulting to none.
02-06-2024 05:58:39.759 +0000 INFO  ServerConfig - Splunk is starting with EC-SSC disabled
02-06-2024 05:58:40.121 +0000 INFO  loader - Getting configuration data from: /opt/splunk/etc/myinstall/splunkd.xml
02-06-2024 05:58:40.121 +0000 INFO  loader - SPLUNK_MODULE_PATH environment variable not found - defaulting to /opt/splunk/etc/modules
02-06-2024 05:58:40.121 +0000 INFO  loader - loading modules from /opt/splunk/etc/modules
02-06-2024 05:58:40.122 +0000 INFO  loader - Writing out composite configuration file: /opt/splunk/var/run/splunk/composite.xml
02-06-2024 06:02:41.918 +0000 WARN  SSLOptions - server.conf/[sslConfig]/sslVerifyServerCert is false disabling certificate validation; must be set to "true" for increased security
02-06-2024 06:02:41.919 +0000 INFO  ServerConfig - certificateStatusValidationMethod is not set, defaulting to none.
02-06-2024 06:02:41.919 +0000 INFO  ServerConfig - Splunk is starting with EC-SSC disabled
02-06-2024 06:02:42.485 +0000 INFO  loader - Getting configuration data from: /opt/splunk/etc/myinstall/splunkd.xml
02-06-2024 06:02:42.485 +0000 INFO  loader - SPLUNK_MODULE_PATH environment variable not found - defaulting to /opt/splunk/etc/modules
02-06-2024 06:02:42.486 +0000 INFO  loader - loading modules from /opt/splunk/etc/modules
02-06-2024 06:02:42.487 +0000 INFO  loader - Writing out composite configuration file: /opt/splunk/var/run/splunk/composite.xml
02-06-2024 06:02:42.497 +0000 INFO  loader - Validated 11 indexes in 4.442 milliseconds
02-06-2024 06:02:42.554 +0000 WARN  SSLOptions - server.conf/[sslConfig]/sslVerifyServerCert is false disabling certificate validation; must be set to "true" for increased security
02-06-2024 06:02:42.555 +0000 INFO  ServerConfig - certificateStatusValidationMethod is not set, defaulting to none.
02-06-2024 06:02:42.555 +0000 INFO  ServerConfig - Splunk is starting with EC-SSC disabled
02-06-2024 06:02:42.924 +0000 INFO  loader - Getting configuration data from: /opt/splunk/etc/myinstall/splunkd.xml
02-06-2024 06:02:42.925 +0000 INFO  loader - SPLUNK_MODULE_PATH environment variable not found - defaulting to /opt/splunk/etc/modules
02-06-2024 06:02:42.925 +0000 INFO  loader - loading modules from /opt/splunk/etc/modules
02-06-2024 06:02:42.926 +0000 INFO  loader - Writing out composite configuration file: /opt/splunk/var/run/splunk/composite.xml
02-06-2024 06:02:51.524 +0000 WARN  SSLOptions - server.conf/[sslConfig]/sslVerifyServerCert is false disabling certificate validation; must be set to "true" for increased security
02-06-2024 06:02:51.524 +0000 INFO  ServerConfig - certificateStatusValidationMethod is not set, defaulting to none.
02-06-2024 06:02:51.524 +0000 INFO  ServerConfig - Splunk is starting with EC-SSC disabled
02-06-2024 06:02:52.109 +0000 INFO  loader - Getting configuration data from: /opt/splunk/etc/myinstall/splunkd.xml
02-06-2024 06:02:52.109 +0000 INFO  loader - SPLUNK_MODULE_PATH environment variable not found - defaulting to /opt/splunk/etc/modules
02-06-2024 06:02:52.109 +0000 INFO  loader - loading modules from /opt/splunk/etc/modules
02-06-2024 06:02:52.110 +0000 INFO  loader - Writing out composite configuration file: /opt/splunk/var/run/splunk/composite.xml
02-06-2024 06:02:52.121 +0000 INFO  loader - Validated 11 indexes in 4.477 milliseconds
02-06-2024 06:02:52.181 +0000 WARN  SSLOptions - server.conf/[sslConfig]/sslVerifyServerCert is false disabling certificate validation; must be set to "true" for increased security
02-06-2024 06:02:52.182 +0000 INFO  ServerConfig - certificateStatusValidationMethod is not set, defaulting to none.
02-06-2024 06:02:52.182 +0000 INFO  ServerConfig - Splunk is starting with EC-SSC disabled
02-06-2024 06:02:52.546 +0000 INFO  loader - Getting configuration data from: /opt/splunk/etc/myinstall/splunkd.xml
02-06-2024 06:02:52.547 +0000 INFO  loader - SPLUNK_MODULE_PATH environment variable not found - defaulting to /opt/splunk/etc/modules
02-06-2024 06:02:52.547 +0000 INFO  loader - loading modules from /opt/splunk/etc/modules
02-06-2024 06:02:52.548 +0000 INFO  loader - Writing out composite configuration file: /opt/splunk/var/run/splunk/composite.xml
02-06-2024 06:32:41.803 +0000 WARN  SSLOptions - server.conf/[sslConfig]/sslVerifyServerCert is false disabling certificate validation; must be set to "true" for increased security
02-06-2024 06:32:41.804 +0000 INFO  ServerConfig - certificateStatusValidationMethod is not set, defaulting to none.
02-06-2024 06:32:41.804 +0000 INFO  ServerConfig - Splunk is starting with EC-SSC disabled
02-06-2024 06:32:42.385 +0000 INFO  loader - Getting configuration data from: /opt/splunk/etc/myinstall/splunkd.xml
02-06-2024 06:32:42.385 +0000 INFO  loader - SPLUNK_MODULE_PATH environment variable not found - defaulting to /opt/splunk/etc/modules
02-06-2024 06:32:42.385 +0000 INFO  loader - loading modules from /opt/splunk/etc/modules
02-06-2024 06:32:42.386 +0000 INFO  loader - Writing out composite configuration file: /opt/splunk/var/run/splunk/composite.xml
02-06-2024 06:32:42.396 +0000 INFO  loader - Validated 11 indexes in 4.494 milliseconds
02-06-2024 06:32:42.454 +0000 WARN  SSLOptions - server.conf/[sslConfig]/sslVerifyServerCert is false disabling certificate validation; must be set to "true" for increased security
02-06-2024 06:32:42.454 +0000 INFO  ServerConfig - certificateStatusValidationMethod is not set, defaulting to none.
02-06-2024 06:32:42.454 +0000 INFO  ServerConfig - Splunk is starting with EC-SSC disabled
02-06-2024 06:32:42.818 +0000 INFO  loader - Getting configuration data from: /opt/splunk/etc/myinstall/splunkd.xml
02-06-2024 06:32:42.818 +0000 INFO  loader - SPLUNK_MODULE_PATH environment variable not found - defaulting to /opt/splunk/etc/modules
02-06-2024 06:32:42.818 +0000 INFO  loader - loading modules from /opt/splunk/etc/modules
02-06-2024 06:32:42.819 +0000 INFO  loader - Writing out composite configuration file: /opt/splunk/var/run/splunk/composite.xml
02-06-2024 10:39:21.836 +0000 INFO  loader - Splunkd starting (build b985591d12fd).
02-06-2024 10:39:21.836 +0000 INFO  loader - System info: Linux, ip-10-0-3-3, 4.14.238-125.422.amzn1.x86_64, #1 SMP Tue Jul 20 20:51:46 UTC 2021, x86_64.
02-06-2024 10:39:21.855 +0000 INFO  loader - Detected 2 (virtual) CPUs, 1 CPU cores, and 3734MB RAM
02-06-2024 10:39:21.855 +0000 INFO  loader - Maximum number of threads (approximate): 1867
02-06-2024 10:39:21.855 +0000 INFO  loader - Getting configuration data from: /opt/splunk/etc/myinstall/splunkd.xml
02-06-2024 10:39:21.855 +0000 INFO  loader - SPLUNK_MODULE_PATH environment variable not found - defaulting to /opt/splunk/etc/modules
02-06-2024 10:39:21.855 +0000 INFO  loader - loading modules from /opt/splunk/etc/modules
02-06-2024 10:39:21.861 +0000 INFO  loader - Writing out composite configuration file: /opt/splunk/var/run/splunk/composite.xml
02-06-2024 10:39:21.869 +0000 INFO  loader - remote ui state feature is disabled
02-06-2024 10:39:21.877 +0000 WARN  SSLOptions - server.conf/[sslConfig]/sslVerifyServerCert is false disabling certificate validation; must be set to "true" for increased security
02-06-2024 10:39:21.877 +0000 INFO  ServerConfig - certificateStatusValidationMethod is not set, defaulting to none.
02-06-2024 10:39:21.877 +0000 INFO  ServerConfig - Splunk is starting with EC-SSC disabled
02-06-2024 10:39:21.882 +0000 WARN  SSLCommon - PYTHONHTTPSVERIFY is set to 0 in splunk-launch.conf disabling certificate validation for the httplib and urllib libraries shipped with the embedded Python interpreter; must be set to "1" for increased security
02-06-2024 10:39:21.883 +0000 WARN  SSLOptions - <internal>.conf/[<internal>]/sslVerifyServerCert is false disabling certificate validation; must be set to "true" for increased security
02-06-2024 10:39:21.886 +0000 WARN  SSLOptions - <internal>.conf/[<internal>]/sslVerifyServerCert is false disabling certificate validation; must be set to "true" for increased security
02-06-2024 10:39:21.887 +0000 ERROR LMTracker - failed to send rows, reason='Unable to connect to license manager=https://10.0.3.7:8089 Error connecting: SSL not configured on client'
02-06-2024 10:39:21.887 +0000 WARN  LMTracker - attempting to contact master=https://10.0.3.7:8089 from slave=A7E1805D-45C6-44A6-8F41-DCD62F97B6BC failed. err==Unable to connect to license manager=https://10.0.3.7:8089 Error connecting: SSL not configured on client
02-06-2024 10:39:21.887 +0000 ERROR LMTracker - failed to ping master=https://10.0.3.7:8089, check server.conf for master_uri setting, this may lead to search being disabled for this machine err='Unable to connect to license manager=https://10.0.3.7:8089 Error connecting: SSL not configured on client'
02-06-2024 10:39:21.900 +0000 WARN  DistributedBundleReplicationManager - replicationBlacklist in distsearch.conf is deprecated, use replicationDenylist instead.
02-06-2024 10:39:21.901 +0000 WARN  HTTPAuthManager - pass4SymmKey length is too short. See pass4SymmKey_minLength under the clustering stanza in server.conf.
02-06-2024 10:39:21.984 +0000 WARN  SSLOptions - server.conf/[kvstore]/sslVerifyServerCert is false disabling certificate validation; must be set to "true" for increased security
02-06-2024 10:39:22.006 +0000 INFO  AuditLogger - Audit:[timestamp=02-06-2024 10:39:22.006, user=n/a, action=splunkShuttingDown, info=n/a]
02-06-2024 10:39:22.728 +0000 WARN  SSLOptions - server.conf/[sslConfig]/sslVerifyServerCert is false disabling certificate validation; must be set to "true" for increased security
02-06-2024 10:39:22.729 +0000 INFO  ServerConfig - certificateStatusValidationMethod is not set, defaulting to none.
02-06-2024 10:39:22.729 +0000 INFO  ServerConfig - Splunk is starting with EC-SSC disabled
02-06-2024 10:39:23.306 +0000 INFO  loader - Getting configuration data from: /opt/splunk/etc/myinstall/splunkd.xml
02-06-2024 10:39:23.307 +0000 INFO  loader - SPLUNK_MODULE_PATH environment variable not found - defaulting to /opt/splunk/etc/modules
02-06-2024 10:39:23.307 +0000 INFO  loader - loading modules from /opt/splunk/etc/modules
02-06-2024 10:39:23.308 +0000 INFO  loader - Writing out composite configuration file: /opt/splunk/var/run/splunk/composite.xml
02-06-2024 10:39:23.323 +0000 INFO  loader - Validated 11 indexes in 9.044 milliseconds
02-06-2024 10:39:23.381 +0000 WARN  SSLOptions - server.conf/[sslConfig]/sslVerifyServerCert is false disabling certificate validation; must be set to "true" for increased security
02-06-2024 10:39:23.381 +0000 INFO  ServerConfig - certificateStatusValidationMethod is not set, defaulting to none.
02-06-2024 10:39:23.381 +0000 INFO  ServerConfig - Splunk is starting with EC-SSC disabled
02-06-2024 10:39:23.783 +0000 INFO  loader - Getting configuration data from: /opt/splunk/etc/myinstall/splunkd.xml
02-06-2024 10:39:23.783 +0000 INFO  loader - SPLUNK_MODULE_PATH environment variable not found - defaulting to /opt/splunk/etc/modules
02-06-2024 10:39:23.783 +0000 INFO  loader - loading modules from /opt/splunk/etc/modules
02-06-2024 10:39:23.784 +0000 INFO  loader - Writing out composite configuration file: /opt/splunk/var/run/splunk/composite.xml
02-06-2024 10:40:08.837 +0000 WARN  SSLOptions - server.conf/[sslConfig]/sslVerifyServerCert is false disabling certificate validation; must be set to "true" for increased security
02-06-2024 10:40:08.838 +0000 INFO  ServerConfig - certificateStatusValidationMethod is not set, defaulting to none.
02-06-2024 10:40:08.838 +0000 INFO  ServerConfig - Splunk is starting with EC-SSC disabled
02-06-2024 10:40:09.424 +0000 INFO  loader - Getting configuration data from: /opt/splunk/etc/myinstall/splunkd.xml
02-06-2024 10:40:09.424 +0000 INFO  loader - SPLUNK_MODULE_PATH environment variable not found - defaulting to /opt/splunk/etc/modules
02-06-2024 10:40:09.424 +0000 INFO  loader - loading modules from /opt/splunk/etc/modules
02-06-2024 10:40:09.425 +0000 INFO  loader - Writing out composite configuration file: /opt/splunk/var/run/splunk/composite.xml
02-06-2024 10:40:09.436 +0000 INFO  loader - Validated 11 indexes in 4.550 milliseconds
02-06-2024 10:40:09.496 +0000 WARN  SSLOptions - server.conf/[sslConfig]/sslVerifyServerCert is false disabling certificate validation; must be set to "true" for increased security
02-06-2024 10:40:09.496 +0000 INFO  ServerConfig - certificateStatusValidationMethod is not set, defaulting to none.
02-06-2024 10:40:09.496 +0000 INFO  ServerConfig - Splunk is starting with EC-SSC disabled
02-06-2024 10:40:09.867 +0000 INFO  loader - Getting configuration data from: /opt/splunk/etc/myinstall/splunkd.xml
02-06-2024 10:40:09.867 +0000 INFO  loader - SPLUNK_MODULE_PATH environment variable not found - defaulting to /opt/splunk/etc/modules
02-06-2024 10:40:09.867 +0000 INFO  loader - loading modules from /opt/splunk/etc/modules
02-06-2024 10:40:09.868 +0000 INFO  loader - Writing out composite configuration file: /opt/splunk/var/run/splunk/composite.xml
02-06-2024 10:52:20.399 +0000 WARN  SSLOptions - server.conf/[sslConfig]/sslVerifyServerCert is false disabling certificate validation; must be set to "true" for increased security
02-06-2024 10:52:20.399 +0000 INFO  ServerConfig - certificateStatusValidationMethod is not set, defaulting to none.
02-06-2024 10:52:20.399 +0000 INFO  ServerConfig - Splunk is starting with EC-SSC disabled
02-06-2024 10:52:20.978 +0000 INFO  loader - Getting configuration data from: /opt/splunk/etc/myinstall/splunkd.xml
02-06-2024 10:52:20.978 +0000 INFO  loader - SPLUNK_MODULE_PATH environment variable not found - defaulting to /opt/splunk/etc/modules
02-06-2024 10:52:20.978 +0000 INFO  loader - loading modules from /opt/splunk/etc/modules
02-06-2024 10:52:20.979 +0000 INFO  loader - Writing out composite configuration file: /opt/splunk/var/run/splunk/composite.xml
02-06-2024 10:52:20.990 +0000 INFO  loader - Validated 11 indexes in 4.542 milliseconds
02-06-2024 10:52:21.047 +0000 WARN  SSLOptions - server.conf/[sslConfig]/sslVerifyServerCert is false disabling certificate validation; must be set to "true" for increased security
02-06-2024 10:52:21.047 +0000 INFO  ServerConfig - certificateStatusValidationMethod is not set, defaulting to none.
02-06-2024 10:52:21.047 +0000 INFO  ServerConfig - Splunk is starting with EC-SSC disabled
02-06-2024 10:52:21.412 +0000 INFO  loader - Getting configuration data from: /opt/splunk/etc/myinstall/splunkd.xml
02-06-2024 10:52:21.412 +0000 INFO  loader - SPLUNK_MODULE_PATH environment variable not found - defaulting to /opt/splunk/etc/modules
02-06-2024 10:52:21.412 +0000 INFO  loader - loading modules from /opt/splunk/etc/modules
02-06-2024 10:52:21.413 +0000 INFO  loader - Writing out composite configuration file: /opt/splunk/var/run/splunk/composite.xml
02-06-2024 11:01:10.434 +0000 WARN  SSLOptions - server.conf/[sslConfig]/sslVerifyServerCert is false disabling certificate validation; must be set to "true" for increased security
02-06-2024 11:01:10.434 +0000 INFO  ServerConfig - certificateStatusValidationMethod is not set, defaulting to none.
02-06-2024 11:01:10.434 +0000 INFO  ServerConfig - Splunk is starting with EC-SSC disabled
02-06-2024 11:01:11.044 +0000 INFO  loader - Getting configuration data from: /opt/splunk/etc/myinstall/splunkd.xml
02-06-2024 11:01:11.044 +0000 INFO  loader - SPLUNK_MODULE_PATH environment variable not found - defaulting to /opt/splunk/etc/modules
02-06-2024 11:01:11.044 +0000 INFO  loader - loading modules from /opt/splunk/etc/modules
02-06-2024 11:01:11.045 +0000 INFO  loader - Writing out composite configuration file: /opt/splunk/var/run/splunk/composite.xml
02-06-2024 11:01:11.054 +0000 WARN  IndexConfig - Max bucket size is larger than destination path size limit. Please check your index configuration. idx=bcgames; bucket size in (from maxDataSize) 750 MB, homePath.maxDataSizeMB=100,  coldPath.maxDataSizeMB=100
02-06-2024 11:01:11.054 +0000 WARN  IndexConfig - Home path size limit cannot accomodate maximum number of hot buckets with specified bucket size because homePath.maxDataSizeMB is too small. Please check your index configuration: idx=bcgames maxDataSize=750 MB, homePath.maxDataSizeMB=100 MB
02-06-2024 11:01:11.054 +0000 WARN  IndexConfig - Max bucket size is larger than destination path size limit. Please check your index configuration. idx=infra; bucket size in (from maxDataSize) 750 MB, homePath.maxDataSizeMB=100,  coldPath.maxDataSizeMB=100
02-06-2024 11:01:11.054 +0000 WARN  IndexConfig - Home path size limit cannot accomodate maximum number of hot buckets with specified bucket size because homePath.maxDataSizeMB is too small. Please check your index configuration: idx=infra maxDataSize=750 MB, homePath.maxDataSizeMB=100 MB
02-06-2024 11:01:11.054 +0000 WARN  IndexConfig - Max bucket size is larger than destination path size limit. Please check your index configuration. idx=soc; bucket size in (from maxDataSize) 750 MB, homePath.maxDataSizeMB=100,  coldPath.maxDataSizeMB=100
02-06-2024 11:01:11.054 +0000 WARN  IndexConfig - Home path size limit cannot accomodate maximum number of hot buckets with specified bucket size because homePath.maxDataSizeMB is too small. Please check your index configuration: idx=soc maxDataSize=750 MB, homePath.maxDataSizeMB=100 MB
02-06-2024 11:01:11.057 +0000 INFO  loader - Validated 14 indexes in 5.479 milliseconds
02-06-2024 11:01:11.119 +0000 WARN  SSLOptions - server.conf/[sslConfig]/sslVerifyServerCert is false disabling certificate validation; must be set to "true" for increased security
02-06-2024 11:01:11.119 +0000 INFO  ServerConfig - certificateStatusValidationMethod is not set, defaulting to none.
02-06-2024 11:01:11.119 +0000 INFO  ServerConfig - Splunk is starting with EC-SSC disabled
02-06-2024 11:01:11.487 +0000 INFO  loader - Getting configuration data from: /opt/splunk/etc/myinstall/splunkd.xml
02-06-2024 11:01:11.487 +0000 INFO  loader - SPLUNK_MODULE_PATH environment variable not found - defaulting to /opt/splunk/etc/modules
02-06-2024 11:01:11.487 +0000 INFO  loader - loading modules from /opt/splunk/etc/modules
02-06-2024 11:01:11.488 +0000 INFO  loader - Writing out composite configuration file: /opt/splunk/var/run/splunk/composite.xml
02-06-2024 12:55:44.102 +0000 WARN  SSLOptions - server.conf/[sslConfig]/sslVerifyServerCert is false disabling certificate validation; must be set to "true" for increased security
02-06-2024 12:55:44.103 +0000 INFO  ServerConfig - certificateStatusValidationMethod is not set, defaulting to none.
02-06-2024 12:55:44.103 +0000 INFO  ServerConfig - Splunk is starting with EC-SSC disabled
02-06-2024 12:55:44.701 +0000 INFO  loader - Getting configuration data from: /opt/splunk/etc/myinstall/splunkd.xml
02-06-2024 12:55:44.701 +0000 INFO  loader - SPLUNK_MODULE_PATH environment variable not found - defaulting to /opt/splunk/etc/modules
02-06-2024 12:55:44.701 +0000 INFO  loader - loading modules from /opt/splunk/etc/modules
02-06-2024 12:55:44.702 +0000 INFO  loader - Writing out composite configuration file: /opt/splunk/var/run/splunk/composite.xml
02-06-2024 12:55:44.710 +0000 WARN  IndexConfig - Max bucket size is larger than destination path size limit. Please check your index configuration. idx=bcgames; bucket size in (from maxDataSize) 750 MB, homePath.maxDataSizeMB=100,  coldPath.maxDataSizeMB=100
02-06-2024 12:55:44.710 +0000 WARN  IndexConfig - Home path size limit cannot accomodate maximum number of hot buckets with specified bucket size because homePath.maxDataSizeMB is too small. Please check your index configuration: idx=bcgames maxDataSize=750 MB, homePath.maxDataSizeMB=100 MB
02-06-2024 12:55:44.710 +0000 WARN  IndexConfig - Max bucket size is larger than destination path size limit. Please check your index configuration. idx=infra; bucket size in (from maxDataSize) 750 MB, homePath.maxDataSizeMB=100,  coldPath.maxDataSizeMB=100
02-06-2024 12:55:44.710 +0000 WARN  IndexConfig - Home path size limit cannot accomodate maximum number of hot buckets with specified bucket size because homePath.maxDataSizeMB is too small. Please check your index configuration: idx=infra maxDataSize=750 MB, homePath.maxDataSizeMB=100 MB
02-06-2024 12:55:44.711 +0000 WARN  IndexConfig - Max bucket size is larger than destination path size limit. Please check your index configuration. idx=soc; bucket size in (from maxDataSize) 750 MB, homePath.maxDataSizeMB=100,  coldPath.maxDataSizeMB=100
02-06-2024 12:55:44.711 +0000 WARN  IndexConfig - Home path size limit cannot accomodate maximum number of hot buckets with specified bucket size because homePath.maxDataSizeMB is too small. Please check your index configuration: idx=soc maxDataSize=750 MB, homePath.maxDataSizeMB=100 MB
02-06-2024 12:55:44.713 +0000 INFO  loader - Validated 14 indexes in 5.557 milliseconds
02-06-2024 12:55:44.776 +0000 WARN  SSLOptions - server.conf/[sslConfig]/sslVerifyServerCert is false disabling certificate validation; must be set to "true" for increased security
02-06-2024 12:55:44.777 +0000 INFO  ServerConfig - certificateStatusValidationMethod is not set, defaulting to none.
02-06-2024 12:55:44.777 +0000 INFO  ServerConfig - Splunk is starting with EC-SSC disabled
02-06-2024 12:55:45.150 +0000 INFO  loader - Getting configuration data from: /opt/splunk/etc/myinstall/splunkd.xml
02-06-2024 12:55:45.150 +0000 INFO  loader - SPLUNK_MODULE_PATH environment variable not found - defaulting to /opt/splunk/etc/modules
02-06-2024 12:55:45.150 +0000 INFO  loader - loading modules from /opt/splunk/etc/modules
02-06-2024 12:55:45.151 +0000 INFO  loader - Writing out composite configuration file: /opt/splunk/var/run/splunk/composite.xml
02-06-2024 13:02:15.415 +0000 WARN  SSLOptions - server.conf/[sslConfig]/sslVerifyServerCert is false disabling certificate validation; must be set to "true" for increased security
02-06-2024 13:02:15.415 +0000 INFO  ServerConfig - certificateStatusValidationMethod is not set, defaulting to none.
02-06-2024 13:02:15.415 +0000 INFO  ServerConfig - Splunk is starting with EC-SSC disabled
02-06-2024 13:02:16.001 +0000 INFO  loader - Getting configuration data from: /opt/splunk/etc/myinstall/splunkd.xml
02-06-2024 13:02:16.001 +0000 INFO  loader - SPLUNK_MODULE_PATH environment variable not found - defaulting to /opt/splunk/etc/modules
02-06-2024 13:02:16.001 +0000 INFO  loader - loading modules from /opt/splunk/etc/modules
02-06-2024 13:02:16.002 +0000 INFO  loader - Writing out composite configuration file: /opt/splunk/var/run/splunk/composite.xml
02-06-2024 13:02:16.010 +0000 WARN  IndexConfig - Max bucket size is larger than destination path size limit. Please check your index configuration. idx=bcgames; bucket size in (from maxDataSize) 750 MB, homePath.maxDataSizeMB=100,  coldPath.maxDataSizeMB=100
02-06-2024 13:02:16.010 +0000 WARN  IndexConfig - Home path size limit cannot accomodate maximum number of hot buckets with specified bucket size because homePath.maxDataSizeMB is too small. Please check your index configuration: idx=bcgames maxDataSize=750 MB, homePath.maxDataSizeMB=100 MB
02-06-2024 13:02:16.010 +0000 WARN  IndexConfig - Max bucket size is larger than destination path size limit. Please check your index configuration. idx=infra; bucket size in (from maxDataSize) 750 MB, homePath.maxDataSizeMB=100,  coldPath.maxDataSizeMB=100
02-06-2024 13:02:16.010 +0000 WARN  IndexConfig - Home path size limit cannot accomodate maximum number of hot buckets with specified bucket size because homePath.maxDataSizeMB is too small. Please check your index configuration: idx=infra maxDataSize=750 MB, homePath.maxDataSizeMB=100 MB
02-06-2024 13:02:16.010 +0000 WARN  IndexConfig - Max bucket size is larger than destination path size limit. Please check your index configuration. idx=soc; bucket size in (from maxDataSize) 750 MB, homePath.maxDataSizeMB=100,  coldPath.maxDataSizeMB=100
02-06-2024 13:02:16.010 +0000 WARN  IndexConfig - Home path size limit cannot accomodate maximum number of hot buckets with specified bucket size because homePath.maxDataSizeMB is too small. Please check your index configuration: idx=soc maxDataSize=750 MB, homePath.maxDataSizeMB=100 MB
02-06-2024 13:02:16.013 +0000 INFO  loader - Validated 14 indexes in 5.484 milliseconds
02-06-2024 13:02:16.075 +0000 WARN  SSLOptions - server.conf/[sslConfig]/sslVerifyServerCert is false disabling certificate validation; must be set to "true" for increased security
02-06-2024 13:02:16.076 +0000 INFO  ServerConfig - certificateStatusValidationMethod is not set, defaulting to none.
02-06-2024 13:02:16.076 +0000 INFO  ServerConfig - Splunk is starting with EC-SSC disabled
02-06-2024 13:02:16.444 +0000 INFO  loader - Getting configuration data from: /opt/splunk/etc/myinstall/splunkd.xml
02-06-2024 13:02:16.444 +0000 INFO  loader - SPLUNK_MODULE_PATH environment variable not found - defaulting to /opt/splunk/etc/modules
02-06-2024 13:02:16.444 +0000 INFO  loader - loading modules from /opt/splunk/etc/modules
02-06-2024 13:02:16.445 +0000 INFO  loader - Writing out composite configuration file: /opt/splunk/var/run/splunk/composite.xml
02-06-2024 15:26:15.249 +0000 WARN  SSLOptions - server.conf/[sslConfig]/sslVerifyServerCert is false disabling certificate validation; must be set to "true" for increased security
02-06-2024 15:26:15.250 +0000 INFO  ServerConfig - certificateStatusValidationMethod is not set, defaulting to none.
02-06-2024 15:26:15.250 +0000 INFO  ServerConfig - Splunk is starting with EC-SSC disabled
02-06-2024 15:26:15.833 +0000 INFO  loader - Getting configuration data from: /opt/splunk/etc/myinstall/splunkd.xml
02-06-2024 15:26:15.833 +0000 INFO  loader - SPLUNK_MODULE_PATH environment variable not found - defaulting to /opt/splunk/etc/modules
02-06-2024 15:26:15.833 +0000 INFO  loader - loading modules from /opt/splunk/etc/modules
02-06-2024 15:26:15.834 +0000 INFO  loader - Writing out composite configuration file: /opt/splunk/var/run/splunk/composite.xml
02-06-2024 15:26:15.843 +0000 WARN  IndexConfig - Max bucket size is larger than destination path size limit. Please check your index configuration. idx=bcgames; bucket size in (from maxDataSize) 750 MB, homePath.maxDataSizeMB=100,  coldPath.maxDataSizeMB=100
02-06-2024 15:26:15.843 +0000 WARN  IndexConfig - Home path size limit cannot accomodate maximum number of hot buckets with specified bucket size because homePath.maxDataSizeMB is too small. Please check your index configuration: idx=bcgames maxDataSize=750 MB, homePath.maxDataSizeMB=100 MB
02-06-2024 15:26:15.843 +0000 WARN  IndexConfig - Max bucket size is larger than destination path size limit. Please check your index configuration. idx=infra; bucket size in (from maxDataSize) 750 MB, homePath.maxDataSizeMB=100,  coldPath.maxDataSizeMB=100
02-06-2024 15:26:15.843 +0000 WARN  IndexConfig - Home path size limit cannot accomodate maximum number of hot buckets with specified bucket size because homePath.maxDataSizeMB is too small. Please check your index configuration: idx=infra maxDataSize=750 MB, homePath.maxDataSizeMB=100 MB
02-06-2024 15:26:15.843 +0000 WARN  IndexConfig - Max bucket size is larger than destination path size limit. Please check your index configuration. idx=soc; bucket size in (from maxDataSize) 750 MB, homePath.maxDataSizeMB=100,  coldPath.maxDataSizeMB=100
02-06-2024 15:26:15.843 +0000 WARN  IndexConfig - Home path size limit cannot accomodate maximum number of hot buckets with specified bucket size because homePath.maxDataSizeMB is too small. Please check your index configuration: idx=soc maxDataSize=750 MB, homePath.maxDataSizeMB=100 MB
02-06-2024 15:26:15.846 +0000 INFO  loader - Validated 14 indexes in 5.610 milliseconds
02-06-2024 15:26:15.909 +0000 WARN  SSLOptions - server.conf/[sslConfig]/sslVerifyServerCert is false disabling certificate validation; must be set to "true" for increased security
02-06-2024 15:26:15.910 +0000 INFO  ServerConfig - certificateStatusValidationMethod is not set, defaulting to none.
02-06-2024 15:26:15.910 +0000 INFO  ServerConfig - Splunk is starting with EC-SSC disabled
02-06-2024 15:26:16.284 +0000 INFO  loader - Getting configuration data from: /opt/splunk/etc/myinstall/splunkd.xml
02-06-2024 15:26:16.284 +0000 INFO  loader - SPLUNK_MODULE_PATH environment variable not found - defaulting to /opt/splunk/etc/modules
02-06-2024 15:26:16.284 +0000 INFO  loader - loading modules from /opt/splunk/etc/modules
02-06-2024 15:26:16.286 +0000 INFO  loader - Writing out composite configuration file: /opt/splunk/var/run/splunk/composite.xml
02-06-2024 19:50:22.491 +0000 WARN  SSLOptions - server.conf/[sslConfig]/sslVerifyServerCert is false disabling certificate validation; must be set to "true" for increased security
02-06-2024 19:50:22.492 +0000 INFO  ServerConfig - certificateStatusValidationMethod is not set, defaulting to none.
02-06-2024 19:50:22.492 +0000 INFO  ServerConfig - Splunk is starting with EC-SSC disabled
02-06-2024 19:50:23.076 +0000 INFO  loader - Getting configuration data from: /opt/splunk/etc/myinstall/splunkd.xml
02-06-2024 19:50:23.077 +0000 INFO  loader - SPLUNK_MODULE_PATH environment variable not found - defaulting to /opt/splunk/etc/modules
02-06-2024 19:50:23.077 +0000 INFO  loader - loading modules from /opt/splunk/etc/modules
02-06-2024 19:50:23.078 +0000 INFO  loader - Writing out composite configuration file: /opt/splunk/var/run/splunk/composite.xml
02-06-2024 19:50:23.086 +0000 WARN  IndexConfig - Max bucket size is larger than destination path size limit. Please check your index configuration. idx=bcgames; bucket size in (from maxDataSize) 750 MB, homePath.maxDataSizeMB=100,  coldPath.maxDataSizeMB=100
02-06-2024 19:50:23.086 +0000 WARN  IndexConfig - Home path size limit cannot accomodate maximum number of hot buckets with specified bucket size because homePath.maxDataSizeMB is too small. Please check your index configuration: idx=bcgames maxDataSize=750 MB, homePath.maxDataSizeMB=100 MB
02-06-2024 19:50:23.086 +0000 WARN  IndexConfig - Max bucket size is larger than destination path size limit. Please check your index configuration. idx=infra; bucket size in (from maxDataSize) 750 MB, homePath.maxDataSizeMB=100,  coldPath.maxDataSizeMB=100
02-06-2024 19:50:23.086 +0000 WARN  IndexConfig - Home path size limit cannot accomodate maximum number of hot buckets with specified bucket size because homePath.maxDataSizeMB is too small. Please check your index configuration: idx=infra maxDataSize=750 MB, homePath.maxDataSizeMB=100 MB
02-06-2024 19:50:23.086 +0000 WARN  IndexConfig - Max bucket size is larger than destination path size limit. Please check your index configuration. idx=soc; bucket size in (from maxDataSize) 750 MB, homePath.maxDataSizeMB=100,  coldPath.maxDataSizeMB=100
02-06-2024 19:50:23.086 +0000 WARN  IndexConfig - Home path size limit cannot accomodate maximum number of hot buckets with specified bucket size because homePath.maxDataSizeMB is too small. Please check your index configuration: idx=soc maxDataSize=750 MB, homePath.maxDataSizeMB=100 MB
02-06-2024 19:50:23.089 +0000 INFO  loader - Validated 14 indexes in 5.583 milliseconds
02-06-2024 19:50:23.150 +0000 WARN  SSLOptions - server.conf/[sslConfig]/sslVerifyServerCert is false disabling certificate validation; must be set to "true" for increased security
02-06-2024 19:50:23.150 +0000 INFO  ServerConfig - certificateStatusValidationMethod is not set, defaulting to none.
02-06-2024 19:50:23.150 +0000 INFO  ServerConfig - Splunk is starting with EC-SSC disabled
02-06-2024 19:50:23.520 +0000 INFO  loader - Getting configuration data from: /opt/splunk/etc/myinstall/splunkd.xml
02-06-2024 19:50:23.521 +0000 INFO  loader - SPLUNK_MODULE_PATH environment variable not found - defaulting to /opt/splunk/etc/modules
02-06-2024 19:50:23.521 +0000 INFO  loader - loading modules from /opt/splunk/etc/modules
02-06-2024 19:50:23.522 +0000 INFO  loader - Writing out composite configuration file: /opt/splunk/var/run/splunk/composite.xml
02-06-2024 20:43:38.204 +0000 WARN  SSLOptions - server.conf/[sslConfig]/sslVerifyServerCert is false disabling certificate validation; must be set to "true" for increased security
02-06-2024 20:43:38.204 +0000 INFO  ServerConfig - certificateStatusValidationMethod is not set, defaulting to none.
02-06-2024 20:43:38.204 +0000 INFO  ServerConfig - Splunk is starting with EC-SSC disabled
02-06-2024 20:43:38.795 +0000 INFO  loader - Getting configuration data from: /opt/splunk/etc/myinstall/splunkd.xml
02-06-2024 20:43:38.795 +0000 INFO  loader - SPLUNK_MODULE_PATH environment variable not found - defaulting to /opt/splunk/etc/modules
02-06-2024 20:43:38.795 +0000 INFO  loader - loading modules from /opt/splunk/etc/modules
02-06-2024 20:43:38.796 +0000 INFO  loader - Writing out composite configuration file: /opt/splunk/var/run/splunk/composite.xml
02-06-2024 20:43:38.804 +0000 WARN  IndexConfig - Home path size limit cannot accomodate maximum number of hot buckets with specified bucket size because homePath.maxDataSizeMB is too small. Please check your index configuration: idx=bcgames maxDataSize=750 MB, homePath.maxDataSizeMB=1000 MB
02-06-2024 20:43:38.805 +0000 WARN  IndexConfig - Max bucket size is larger than destination path size limit. Please check your index configuration. idx=infra; bucket size in (from maxDataSize) 750 MB, homePath.maxDataSizeMB=100,  coldPath.maxDataSizeMB=100
02-06-2024 20:43:38.805 +0000 WARN  IndexConfig - Home path size limit cannot accomodate maximum number of hot buckets with specified bucket size because homePath.maxDataSizeMB is too small. Please check your index configuration: idx=infra maxDataSize=750 MB, homePath.maxDataSizeMB=100 MB
02-06-2024 20:43:38.805 +0000 WARN  IndexConfig - Max bucket size is larger than destination path size limit. Please check your index configuration. idx=soc; bucket size in (from maxDataSize) 750 MB, homePath.maxDataSizeMB=100,  coldPath.maxDataSizeMB=100
02-06-2024 20:43:38.805 +0000 WARN  IndexConfig - Home path size limit cannot accomodate maximum number of hot buckets with specified bucket size because homePath.maxDataSizeMB is too small. Please check your index configuration: idx=soc maxDataSize=750 MB, homePath.maxDataSizeMB=100 MB
02-06-2024 20:43:38.808 +0000 INFO  loader - Validated 14 indexes in 5.567 milliseconds
02-06-2024 20:43:38.868 +0000 WARN  SSLOptions - server.conf/[sslConfig]/sslVerifyServerCert is false disabling certificate validation; must be set to "true" for increased security
02-06-2024 20:43:38.869 +0000 INFO  ServerConfig - certificateStatusValidationMethod is not set, defaulting to none.
02-06-2024 20:43:38.869 +0000 INFO  ServerConfig - Splunk is starting with EC-SSC disabled
02-06-2024 20:43:39.237 +0000 INFO  loader - Getting configuration data from: /opt/splunk/etc/myinstall/splunkd.xml
02-06-2024 20:43:39.237 +0000 INFO  loader - SPLUNK_MODULE_PATH environment variable not found - defaulting to /opt/splunk/etc/modules
02-06-2024 20:43:39.237 +0000 INFO  loader - loading modules from /opt/splunk/etc/modules
02-06-2024 20:43:39.239 +0000 INFO  loader - Writing out composite configuration file: /opt/splunk/var/run/splunk/composite.xml
02-06-2024 20:49:54.392 +0000 WARN  SSLOptions - server.conf/[sslConfig]/sslVerifyServerCert is false disabling certificate validation; must be set to "true" for increased security
02-06-2024 20:49:54.393 +0000 INFO  ServerConfig - certificateStatusValidationMethod is not set, defaulting to none.
02-06-2024 20:49:54.393 +0000 INFO  ServerConfig - Splunk is starting with EC-SSC disabled
02-06-2024 20:49:54.996 +0000 INFO  loader - Getting configuration data from: /opt/splunk/etc/myinstall/splunkd.xml
02-06-2024 20:49:54.996 +0000 INFO  loader - SPLUNK_MODULE_PATH environment variable not found - defaulting to /opt/splunk/etc/modules
02-06-2024 20:49:54.996 +0000 INFO  loader - loading modules from /opt/splunk/etc/modules
02-06-2024 20:49:54.997 +0000 INFO  loader - Writing out composite configuration file: /opt/splunk/var/run/splunk/composite.xml
02-06-2024 20:49:55.005 +0000 WARN  IndexConfig - Max bucket size is larger than destination path size limit. Please check your index configuration. idx=infra; bucket size in (from maxDataSize) 750 MB, homePath.maxDataSizeMB=100,  coldPath.maxDataSizeMB=100
02-06-2024 20:49:55.005 +0000 WARN  IndexConfig - Home path size limit cannot accomodate maximum number of hot buckets with specified bucket size because homePath.maxDataSizeMB is too small. Please check your index configuration: idx=infra maxDataSize=750 MB, homePath.maxDataSizeMB=100 MB
02-06-2024 20:49:55.005 +0000 WARN  IndexConfig - Max bucket size is larger than destination path size limit. Please check your index configuration. idx=soc; bucket size in (from maxDataSize) 750 MB, homePath.maxDataSizeMB=100,  coldPath.maxDataSizeMB=100
02-06-2024 20:49:55.005 +0000 WARN  IndexConfig - Home path size limit cannot accomodate maximum number of hot buckets with specified bucket size because homePath.maxDataSizeMB is too small. Please check your index configuration: idx=soc maxDataSize=750 MB, homePath.maxDataSizeMB=100 MB
02-06-2024 20:49:55.008 +0000 INFO  loader - Validated 14 indexes in 5.494 milliseconds
02-06-2024 20:49:55.068 +0000 WARN  SSLOptions - server.conf/[sslConfig]/sslVerifyServerCert is false disabling certificate validation; must be set to "true" for increased security
02-06-2024 20:49:55.069 +0000 INFO  ServerConfig - certificateStatusValidationMethod is not set, defaulting to none.
02-06-2024 20:49:55.069 +0000 INFO  ServerConfig - Splunk is starting with EC-SSC disabled
02-06-2024 20:49:55.437 +0000 INFO  loader - Getting configuration data from: /opt/splunk/etc/myinstall/splunkd.xml
02-06-2024 20:49:55.437 +0000 INFO  loader - SPLUNK_MODULE_PATH environment variable not found - defaulting to /opt/splunk/etc/modules
02-06-2024 20:49:55.437 +0000 INFO  loader - loading modules from /opt/splunk/etc/modules
02-06-2024 20:49:55.438 +0000 INFO  loader - Writing out composite configuration file: /opt/splunk/var/run/splunk/composite.xml
