02-06-2024 20:45:19.300 INFO  dispatchRunner [30550 MainThread] - Search process mode: preforked (reused process) (build b985591d12fd).
02-06-2024 20:45:19.300 INFO  dispatchRunner [30550 MainThread] - Feature flag post-args={"v":1,"enabledFeatures":["stats:allow_stats_v2"],"disabledFeatures":["searchresults:srs2"]}
02-06-2024 20:45:19.300 INFO  SearchFeatureFlags [30550 MainThread] - Initializing feature flags from config. feature_seed=46947589
02-06-2024 20:45:19.300 INFO  SearchFeatureFlags [30550 MainThread] - Setting feature_flag=parallelreduce:enablePreview:true
02-06-2024 20:45:19.300 INFO  SearchFeatureFlags [30550 MainThread] - Setting feature_flag=search:search_retry:false
02-06-2024 20:45:19.300 INFO  SearchFeatureFlags [30550 MainThread] - Setting feature_flag=search:search_retry_realtime:false
02-06-2024 20:45:19.300 INFO  SearchFeatureFlags [30550 MainThread] - Setting feature_flag=parallelreduce:autoAppliedPercentage:false
02-06-2024 20:45:19.300 INFO  SearchFeatureFlags [30550 MainThread] - Setting feature_flag=subsearch:enableConcurrentPipelineProcessing:false
02-06-2024 20:45:19.300 INFO  SearchFeatureFlags [30550 MainThread] - Setting feature_flag=stats:allow_stats_v2:true
02-06-2024 20:45:19.300 INFO  SearchFeatureFlags [30550 MainThread] - Setting feature_flag=search_optimization::set_required_fields:stats:false
02-06-2024 20:45:19.300 INFO  SearchFeatureFlags [30550 MainThread] - Setting feature_flag=searchresults:srs2:false
02-06-2024 20:45:19.300 INFO  SearchFeatureFlags [30550 MainThread] - Setting feature_flag=search:read_final_results_from_timeliner:true
02-06-2024 20:45:19.300 INFO  SearchFeatureFlags [30550 MainThread] - Overlaying SearchFeatureFlags from jsonNode={"v":1,"enabledFeatures":["stats:allow_stats_v2"],"disabledFeatures":["searchresults:srs2"]}
02-06-2024 20:45:19.300 INFO  dispatchRunner [30550 MainThread] - registering build time modules, count=1
02-06-2024 20:45:19.300 INFO  dispatchRunner [30550 MainThread] - registering search time components of build time module name=vix
02-06-2024 20:45:19.301 INFO  BundlesSetup [30550 MainThread] - Setup stats for /opt/splunk/var/run/searchpeers/GOEL-SearchHead-1707251292: wallclock_elapsed_msec=17, cpu_time_used=0.0169997, shared_services_generation=2, shared_services_population=1
02-06-2024 20:45:19.308 INFO  UserManagerPro [30550 MainThread] - Load authentication: forcing roles="admin, can_delete, power, user"
02-06-2024 20:45:19.308 INFO  UserManager [32018 RunDispatch] - Setting user context: splunk-system-user
02-06-2024 20:45:19.308 INFO  UserManager [32018 RunDispatch] - Done setting user context: NULL -> splunk-system-user
02-06-2024 20:45:19.308 INFO  UserManager [32018 RunDispatch] - Unwound user context: splunk-system-user -> NULL
02-06-2024 20:45:19.308 INFO  UserManager [32018 RunDispatch] - Setting user context: admin
02-06-2024 20:45:19.308 INFO  UserManager [32018 RunDispatch] - Done setting user context: NULL -> admin
02-06-2024 20:45:19.309 INFO  dispatchRunner [32018 RunDispatch] - search context: user="admin", app="search", bs-pathname="/opt/splunk/var/run/searchpeers/GOEL-SearchHead-1707251292"
02-06-2024 20:45:19.309 INFO  SearchParser [32018 RunDispatch] - PARSING: litsearch (index=_* log_level=WARN bcgames bucket) | fields  keepcolorder=t "*" "_bkt" "_cd" "_si" "host" "index" "linecount" "source" "sourcetype" "splunk_server"  | remotetl  nb=300 et=1707248700.000000 lt=1707252319.000000 remove=true max_count=1000 max_prefetch=100
02-06-2024 20:45:19.309 INFO  SearchParser [32018 RunDispatch] - PARSING: litsearch (index=_* log_level=WARN bcgames bucket) | fields  keepcolorder=t "*" "_bkt" "_cd" "_si" "host" "index" "linecount" "source" "sourcetype" "splunk_server"  | remotetl  nb=300 et=1707248700.000000 lt=1707252319.000000 remove=true max_count=1000 max_prefetch=100
02-06-2024 20:45:19.309 INFO  UserManager [32018 RunDispatch] - Setting user context: splunk-system-user
02-06-2024 20:45:19.309 INFO  UserManager [32018 RunDispatch] - Done setting user context: admin -> splunk-system-user
02-06-2024 20:45:19.309 INFO  UserManager [32018 RunDispatch] - Setting user context: admin
02-06-2024 20:45:19.309 INFO  UserManager [32018 RunDispatch] - Done setting user context: splunk-system-user -> admin
02-06-2024 20:45:19.310 INFO  SearchProcessor [32018 RunDispatch] - Filtered out a metric type index '_metrics' because the command does not support it.
02-06-2024 20:45:19.310 INFO  SearchProcessor [32018 RunDispatch] - Filtered out a metric type index '_metrics_rollup' because the command does not support it.
02-06-2024 20:45:19.311 INFO  UserManager [32018 RunDispatch] - Unwound user context: admin -> splunk-system-user
02-06-2024 20:45:19.311 INFO  UserManager [32018 RunDispatch] - Unwound user context: splunk-system-user -> admin
02-06-2024 20:45:19.311 INFO  DispatchCommandProcessor [32018 RunDispatch] - Search requires the following indexes="[_audit,_configtracker,_internal,_introspection,_telemetry,_thefishbucket]"
02-06-2024 20:45:19.311 INFO  IndexReaderIf [32018 RunDispatch] - Loading Clustering bucket manifest file=/opt/splunk/var/run/splunk/cluster/search-buckets/search_sitedefault_gen120.csv.gz
02-06-2024 20:45:19.311 INFO  DatabaseDirectoryManager [32018 RunDispatch] - initDDMsFromSearchBucketManifest path=/opt/splunk/var/run/splunk/cluster/search-buckets/search_sitedefault_gen120.csv.gz, indexWhiteList_size=6
02-06-2024 20:45:19.311 INFO  dispatchRunner [32018 RunDispatch] - SearchPeerInitSearchMs=2
02-06-2024 20:45:19.311 INFO  dispatchRunner [32018 RunDispatch] - Serial search pipeline for streaming search being launched.
02-06-2024 20:45:19.311 INFO  SearchParser [32018 RunDispatch] - PARSING: litsearch (index=_* log_level=WARN bcgames bucket) | fields  keepcolorder=t "*" "_bkt" "_cd" "_si" "host" "index" "linecount" "source" "sourcetype" "splunk_server"  | remotetl  nb=300 et=1707248700.000000 lt=1707252319.000000 remove=true max_count=1000 max_prefetch=100
02-06-2024 20:45:19.322 INFO  SearchProcessor [32018 RunDispatch] - Filtered out a metric type index '_metrics' because the command does not support it.
02-06-2024 20:45:19.322 INFO  SearchProcessor [32018 RunDispatch] - Filtered out a metric type index '_metrics_rollup' because the command does not support it.
02-06-2024 20:45:19.322 INFO  SearchParser [32018 RunDispatch] - PARSING: typer | tags
02-06-2024 20:45:19.323 INFO  FastTyper [32018 RunDispatch] - found nodes count: comparisons=6, unique_comparisons=5, terms=4, unique_terms=4, phrases=12, unique_phrases=12, total leaves=22
02-06-2024 20:45:19.324 INFO  UserManager [32018 RunDispatch] - Setting user context: admin
02-06-2024 20:45:19.324 INFO  UserManager [32018 RunDispatch] - Done setting user context: admin -> admin
02-06-2024 20:45:19.324 INFO  FastSearchFilter [32018 RunDispatch] - Finished initializing IndexScopedFilter - trivial=0, nTerms=3, oTerms=0, host=0, source=0, sourcetype=0, linecount=0 exactCustomCmp=0
02-06-2024 20:45:19.324 INFO  UserManager [32018 RunDispatch] - Unwound user context: admin -> admin
02-06-2024 20:45:19.324 INFO  IndexScopedSearch [32018 RunDispatch] -  IndexScopedSearch is called for index = _audit, et = 1707248700.000000000, lt = 1707252319.000000000, index_et = -9223372036854775808.000000000, index_lt = 9223372036854775807.999999000, noRead = FALSE
02-06-2024 20:45:19.325 INFO  IndexScopedSearch [32018 RunDispatch] - ct=1707252319.000000 et=1707248700.000000 lt=1707252319.000000 dbsize=4
02-06-2024 20:45:19.325 INFO  UserManager [32018 RunDispatch] - Setting user context: admin
02-06-2024 20:45:19.325 INFO  UserManager [32018 RunDispatch] - Done setting user context: admin -> admin
02-06-2024 20:45:19.325 INFO  FastSearchFilter [32018 RunDispatch] - Finished initializing IndexScopedFilter - trivial=0, nTerms=3, oTerms=0, host=0, source=0, sourcetype=0, linecount=0 exactCustomCmp=0
02-06-2024 20:45:19.325 INFO  UserManager [32018 RunDispatch] - Unwound user context: admin -> admin
02-06-2024 20:45:19.325 INFO  IndexScopedSearch [32018 RunDispatch] -  IndexScopedSearch is called for index = _configtracker, et = 1707248700.000000000, lt = 1707252319.000000000, index_et = -9223372036854775808.000000000, index_lt = 9223372036854775807.999999000, noRead = FALSE
02-06-2024 20:45:19.325 INFO  CMBucketId [32018 RunDispatch] - CMIndexId: New indexName=_configtracker inserted, mapping to id=4
02-06-2024 20:45:19.325 INFO  IndexScopedSearch [32018 RunDispatch] - ct=1707252319.000000 et=1707248700.000000 lt=1707252319.000000 dbsize=3
02-06-2024 20:45:19.325 INFO  UserManager [32018 RunDispatch] - Setting user context: admin
02-06-2024 20:45:19.325 INFO  UserManager [32018 RunDispatch] - Done setting user context: admin -> admin
02-06-2024 20:45:19.326 INFO  FastSearchFilter [32018 RunDispatch] - Finished initializing IndexScopedFilter - trivial=0, nTerms=3, oTerms=0, host=0, source=0, sourcetype=0, linecount=0 exactCustomCmp=0
02-06-2024 20:45:19.326 INFO  UserManager [32018 RunDispatch] - Unwound user context: admin -> admin
02-06-2024 20:45:19.326 INFO  IndexScopedSearch [32018 RunDispatch] -  IndexScopedSearch is called for index = _internal, et = 1707248700.000000000, lt = 1707252319.000000000, index_et = -9223372036854775808.000000000, index_lt = 9223372036854775807.999999000, noRead = FALSE
02-06-2024 20:45:19.326 INFO  IndexScopedSearch [32018 RunDispatch] - ct=1707252319.000000 et=1707248700.000000 lt=1707252319.000000 dbsize=5
02-06-2024 20:45:19.326 INFO  UserManager [32018 RunDispatch] - Setting user context: admin
02-06-2024 20:45:19.326 INFO  UserManager [32018 RunDispatch] - Done setting user context: admin -> admin
02-06-2024 20:45:19.326 INFO  FastSearchFilter [32018 RunDispatch] - Finished initializing IndexScopedFilter - trivial=0, nTerms=3, oTerms=0, host=0, source=0, sourcetype=0, linecount=0 exactCustomCmp=0
02-06-2024 20:45:19.326 INFO  UserManager [32018 RunDispatch] - Unwound user context: admin -> admin
02-06-2024 20:45:19.326 INFO  IndexScopedSearch [32018 RunDispatch] -  IndexScopedSearch is called for index = _introspection, et = 1707248700.000000000, lt = 1707252319.000000000, index_et = -9223372036854775808.000000000, index_lt = 9223372036854775807.999999000, noRead = FALSE
02-06-2024 20:45:19.326 INFO  CMBucketId [32018 RunDispatch] - CMIndexId: New indexName=_introspection inserted, mapping to id=5
02-06-2024 20:45:19.327 INFO  IndexScopedSearch [32018 RunDispatch] - ct=1707252319.000000 et=1707248700.000000 lt=1707252319.000000 dbsize=3
02-06-2024 20:45:19.327 INFO  UserManager [32018 RunDispatch] - Setting user context: admin
02-06-2024 20:45:19.327 INFO  UserManager [32018 RunDispatch] - Done setting user context: admin -> admin
02-06-2024 20:45:19.327 INFO  FastSearchFilter [32018 RunDispatch] - Finished initializing IndexScopedFilter - trivial=0, nTerms=3, oTerms=0, host=0, source=0, sourcetype=0, linecount=0 exactCustomCmp=0
02-06-2024 20:45:19.327 INFO  UserManager [32018 RunDispatch] - Unwound user context: admin -> admin
02-06-2024 20:45:19.327 INFO  IndexScopedSearch [32018 RunDispatch] -  IndexScopedSearch is called for index = _telemetry, et = 1707248700.000000000, lt = 1707252319.000000000, index_et = -9223372036854775808.000000000, index_lt = 9223372036854775807.999999000, noRead = FALSE
02-06-2024 20:45:19.327 INFO  IndexScopedSearch [32018 RunDispatch] - ct=1707252319.000000 et=1707248700.000000 lt=1707252319.000000 dbsize=0
02-06-2024 20:45:19.327 INFO  UserManager [32018 RunDispatch] - Setting user context: admin
02-06-2024 20:45:19.327 INFO  UserManager [32018 RunDispatch] - Done setting user context: admin -> admin
02-06-2024 20:45:19.328 INFO  FastSearchFilter [32018 RunDispatch] - Finished initializing IndexScopedFilter - trivial=0, nTerms=3, oTerms=0, host=0, source=0, sourcetype=0, linecount=0 exactCustomCmp=0
02-06-2024 20:45:19.328 INFO  UserManager [32018 RunDispatch] - Unwound user context: admin -> admin
02-06-2024 20:45:19.328 INFO  IndexScopedSearch [32018 RunDispatch] -  IndexScopedSearch is called for index = _thefishbucket, et = 1707248700.000000000, lt = 1707252319.000000000, index_et = -9223372036854775808.000000000, index_lt = 9223372036854775807.999999000, noRead = FALSE
02-06-2024 20:45:19.328 INFO  IndexScopedSearch [32018 RunDispatch] - ct=1707252319.000000 et=1707248700.000000 lt=1707252319.000000 dbsize=0
02-06-2024 20:45:19.328 INFO  UnifiedSearch [32018 RunDispatch] - Initialization of search data structures took 6 ms
02-06-2024 20:45:19.328 INFO  UnifiedSearch [32018 RunDispatch] - Processed search targeting arguments
02-06-2024 20:45:19.353 INFO  SearchPipelineExecutor [32018 RunDispatch] - Number of StreamSearch pipelines launched=1
02-06-2024 20:45:19.353 INFO  SearchPipelineExecutor [32021 StreamSearch] - StreamSearch pipeline=0 is started in its own thread
02-06-2024 20:45:19.353 INFO  SearchPipelineExecutor [32018 RunDispatch] - Starting to transmit serialized search results.
02-06-2024 20:45:19.353 INFO  UserManager [32021 StreamSearch] - Setting user context: admin
02-06-2024 20:45:19.353 INFO  UserManager [32021 StreamSearch] - Done setting user context: NULL -> admin
02-06-2024 20:45:19.356 INFO  SearchPipelineExecutor [32023 NormSerializeExecutorThread] - NormSerializeExecutorThread pipeline=0 is started in its own thread.
02-06-2024 20:45:19.423 INFO  Timeliner [32021 StreamSearch] - Emitted 12 full events to info._remotetl_events
02-06-2024 20:45:19.423 WARN  SRSSerializer [32023 NormSerializeExecutorThread] - writing 0 cols! field list=0
02-06-2024 20:45:19.448 WARN  SearchOperator:kv [32021 StreamSearch] - buildRegexList provided empty conf key, ignoring.
02-06-2024 20:45:19.449 INFO  Timeliner [32021 StreamSearch] - Emitted 54 full events to info._remotetl_events
02-06-2024 20:45:19.449 WARN  SRSSerializer [32023 NormSerializeExecutorThread] - writing 0 cols! field list=0
02-06-2024 20:45:19.449 INFO  SearchPipelineExecutor [32021 StreamSearch] - Finished streaming: results.count=0
02-06-2024 20:45:19.449 INFO  UserManager [32021 StreamSearch] - Unwound user context: admin -> NULL
02-06-2024 20:45:19.449 INFO  SearchPipelineExecutor [32021 StreamSearch] - StreamSearch pipleine=0 is finished.
02-06-2024 20:45:19.450 WARN  SRSSerializer [32023 NormSerializeExecutorThread] - writing 0 cols! field list=0
02-06-2024 20:45:19.451 WARN  SRSSerializer [32023 NormSerializeExecutorThread] - writing 0 cols! field list=0
02-06-2024 20:45:19.451 INFO  SearchPipelineExecutor [32023 NormSerializeExecutorThread] - NormSerializeExecutorThread pipeline=0 is finished.
02-06-2024 20:45:19.451 INFO  SearchPipelineExecutor [32018 RunDispatch] - Done transmitting serialized search results, total bytes transmitted 119973.
02-06-2024 20:45:19.451 INFO  dispatchRunner [32018 RunDispatch] - Done with streaming search.
02-06-2024 20:45:19.451 INFO  SearchOperator:kv [32018 RunDispatch] - Extractor stats: name=_autoKvStats, probes=1, total_time_ms=0, max_time_ms=0
02-06-2024 20:45:19.451 INFO  SearchOperator:kv [32018 RunDispatch] - Extractor stats: name=(?i)^(?:[^ ]* ){2}(?:[+\-]\d+ )?(?P<log_level>[^ ]*)\s+(?P<component>[^ ]+) (?:\[(?P<thread_id>\d+)\s)?(?:(?P<thread_name>[^\]]+)\]\s)?- (?P<event_message>.+), probes=1, total_time_ms=0, max_time_ms=0
02-06-2024 20:45:19.452 INFO  ISearchOperator [32018 RunDispatch] - 0x7f421674c000 PREAD_HISTOGRAM: usec_1_8=382 usec_8_64=1 usec_64_512=1 usec_512_4096=0 usec_4096_32768=0 usec_32768_262144=0 usec_262144_INF=0 
02-06-2024 20:45:19.452 INFO  ISearchOperator [32018 RunDispatch] - 0x7f421674c800 PREAD_HISTOGRAM: usec_1_8=45 usec_8_64=0 usec_64_512=0 usec_512_4096=0 usec_4096_32768=0 usec_32768_262144=0 usec_262144_INF=0 
02-06-2024 20:45:19.453 INFO  SearchPipelineExecutor [32018 RunDispatch] - Streamed Search Index Orchestrator has been shutdown.
02-06-2024 20:45:19.453 INFO  UserManager [32018 RunDispatch] - Unwound user context: admin -> NULL
02-06-2024 20:45:19.453 INFO  LookupDataProvider [32018 RunDispatch] - Clearing out lookup shared provider map
02-06-2024 20:45:19.454 INFO  dispatchRunner [30550 MainThread] - RunDispatch is done: sid=remote_GOEL-SearchHead_1707252319.45, exit=0
