02-06-2024 20:20:47.963 INFO  dispatchRunner [29684 MainThread] - Search process mode: preforked (first search in process) (build b985591d12fd).
02-06-2024 20:20:47.963 INFO  dispatchRunner [29684 MainThread] - initing LicenseMgr in search process: nonPro=0
02-06-2024 20:20:47.963 INFO  LMStackMgr [29684 MainThread] - Initializing CleMgr...
02-06-2024 20:20:47.963 INFO  LicenseMgr [29684 MainThread] - Initing LicenseMgr
02-06-2024 20:20:47.963 INFO  LMConfig [29684 MainThread] - serverName=GOEL-SearchHead guid=51367ECF-193E-4082-849C-4DF59054FDA5
02-06-2024 20:20:47.971 INFO  LMConfig [29684 MainThread] - connection_timeout=30
02-06-2024 20:20:47.971 INFO  LMConfig [29684 MainThread] - send_timeout=30
02-06-2024 20:20:47.971 INFO  LMConfig [29684 MainThread] - receive_timeout=30
02-06-2024 20:20:47.971 INFO  LMConfig [29684 MainThread] - key=license_warnings_update_interval not found in licenser stanza of server.conf, defaulting=0
02-06-2024 20:20:47.971 INFO  LMConfig [29684 MainThread] - squash_threshold=2000
02-06-2024 20:20:47.971 INFO  LMConfig [29684 MainThread] - strict_pool_quota=1
02-06-2024 20:20:47.971 INFO  LMConfig [29684 MainThread] - key=pool_suggestion not found in licenser stanza of server.conf, defaulting=''
02-06-2024 20:20:47.971 INFO  LMConfig [29684 MainThread] - key=test_aws_metering not found in licenser stanza of server.conf, defaulting=0
02-06-2024 20:20:47.971 INFO  LMConfig [29684 MainThread] - key=test_aws_product_code not found in licenser stanza of server.conf, defaulting=0
02-06-2024 20:20:47.971 INFO  LicenseMgr [29684 MainThread] - Initing LicenseMgr runContext_splunkd=false
02-06-2024 20:20:47.971 INFO  LMStackMgr [29684 MainThread] - closing stack mgr
02-06-2024 20:20:47.971 INFO  LMSlaveInfo [29684 MainThread] - all slaves cleared
02-06-2024 20:20:47.971 INFO  LMStackMgr [29684 MainThread] - Initalized license_warnings_update_interval=auto
02-06-2024 20:20:47.971 INFO  LMStackMgr [29684 MainThread] - License Manager supports Conditional Licensing Enforcement. For baked in CLE policies, window_period=60 days, max_violations=45, for stack size below 107374182400 bytes
02-06-2024 20:20:47.971 INFO  LMLicense [29684 MainThread] - Applying default enforcement policy for free
02-06-2024 20:20:47.971 INFO  LMStackMgr [29684 MainThread] - Added policy WinSz=30 Warnings=3 MaxSize=0 isDefault=1 features= for free
02-06-2024 20:20:47.971 INFO  LMLicense [29684 MainThread] - Applying default enforcement policy for forwarder
02-06-2024 20:20:47.971 INFO  LMStackMgr [29684 MainThread] - Added policy WinSz=30 Warnings=5 MaxSize=0 isDefault=1 features= for forwarder
02-06-2024 20:20:47.975 INFO  LMStack [29684 MainThread] - Added type=download-trial license, from file=enttrial.lic, to stack=download-trial of group=Trial
02-06-2024 20:20:47.975 INFO  LMLicense [29684 MainThread] - Applying default enforcement policy for download-trial
02-06-2024 20:20:47.975 INFO  LMStackMgr [29684 MainThread] - created stack='download-trial'
02-06-2024 20:20:47.975 INFO  LMStackMgr [29684 MainThread] - Added policy WinSz=30 Warnings=5 MaxSize=0 isDefault=1 features= for download-trial
02-06-2024 20:20:47.975 INFO  LMStackMgr [29684 MainThread] - have to auto-set active stack group='Trial' reason='invalid/missing group id' gidStr='' oldGid=Invalid
02-06-2024 20:20:47.975 INFO  LMStackMgr [29684 MainThread] - added pool auto_generated_pool_download-trial to stack download-trial
02-06-2024 20:20:47.975 INFO  LMStackMgr [29684 MainThread] - added pool auto_generated_pool_forwarder to stack forwarder
02-06-2024 20:20:47.975 INFO  LMStackMgr [29684 MainThread] - added pool auto_generated_pool_free to stack free
02-06-2024 20:20:47.977 INFO  LMStackMgr [29684 MainThread] - Initialized hideQuotaWarning = "0"
02-06-2024 20:20:47.977 INFO  LMStackMgr [29684 MainThread] - init completed [51367ECF-193E-4082-849C-4DF59054FDA5,Trial,runContext_splunkd=false]
02-06-2024 20:20:47.977 INFO  LicenseMgr [29684 MainThread] - StackMgr init complete...
02-06-2024 20:20:47.977 INFO  LMTracker [29684 MainThread] - Setting default product type='enterprise'
02-06-2024 20:20:47.977 INFO  LMTracker [29684 MainThread] - this is not splunkd, will perform partial init
02-06-2024 20:20:47.977 INFO  LicenseMgr [29684 MainThread] - Tracker init complete...
02-06-2024 20:20:48.010 INFO  AdminManagerDispatch [29684 MainThread] - added factory for admin handler: 'licenses'
02-06-2024 20:20:48.010 INFO  AdminManagerDispatch [29684 MainThread] - added factory for admin handler: 'pools'
02-06-2024 20:20:48.010 INFO  AdminManagerDispatch [29684 MainThread] - added factory for admin handler: 'stacks'
02-06-2024 20:20:48.010 INFO  AdminManagerDispatch [29684 MainThread] - added factory for admin handler: 'groups'
02-06-2024 20:20:48.010 INFO  AdminManagerDispatch [29684 MainThread] - added factory for admin handler: 'slaves'
02-06-2024 20:20:48.010 INFO  AdminManagerDispatch [29684 MainThread] - added factory for admin handler: 'peers'
02-06-2024 20:20:48.010 INFO  AdminManagerDispatch [29684 MainThread] - added factory for admin handler: 'localslave'
02-06-2024 20:20:48.010 INFO  AdminManagerDispatch [29684 MainThread] - added factory for admin handler: 'localpeer'
02-06-2024 20:20:48.010 INFO  AdminManagerDispatch [29684 MainThread] - added factory for admin handler: 'licensermessages'
02-06-2024 20:20:48.010 INFO  AdminManagerDispatch [29684 MainThread] - added factory for admin handler: 'scriptedwarning'
02-06-2024 20:20:48.010 INFO  AdminManagerDispatch [29684 MainThread] - added factory for admin handler: 'licenseusage'
02-06-2024 20:20:48.010 INFO  LicenseMgr [29684 MainThread] - Initing LicenseMgr
02-06-2024 20:20:48.010 INFO  LMConfig [29684 MainThread] - serverName=GOEL-SearchHead guid=51367ECF-193E-4082-849C-4DF59054FDA5
02-06-2024 20:20:48.010 INFO  LMConfig [29684 MainThread] - connection_timeout=30
02-06-2024 20:20:48.010 INFO  LMConfig [29684 MainThread] - send_timeout=30
02-06-2024 20:20:48.010 INFO  LMConfig [29684 MainThread] - receive_timeout=30
02-06-2024 20:20:48.010 INFO  LMConfig [29684 MainThread] - key=license_warnings_update_interval not found in licenser stanza of server.conf, defaulting=0
02-06-2024 20:20:48.010 INFO  LMConfig [29684 MainThread] - squash_threshold=2000
02-06-2024 20:20:48.010 INFO  LMConfig [29684 MainThread] - strict_pool_quota=1
02-06-2024 20:20:48.010 INFO  LMConfig [29684 MainThread] - key=pool_suggestion not found in licenser stanza of server.conf, defaulting=''
02-06-2024 20:20:48.010 INFO  LMConfig [29684 MainThread] - key=test_aws_metering not found in licenser stanza of server.conf, defaulting=0
02-06-2024 20:20:48.010 INFO  LMConfig [29684 MainThread] - key=test_aws_product_code not found in licenser stanza of server.conf, defaulting=0
02-06-2024 20:20:48.011 INFO  dispatchRunner [29684 MainThread] - registering build time modules, count=1
02-06-2024 20:20:48.011 INFO  dispatchRunner [29684 MainThread] - registering search time components of build time module name=vix
02-06-2024 20:20:48.011 INFO  dispatchRunner [29684 MainThread] - Getting search configuration data from: /opt/splunk/etc/modules/parsing/config.xml
02-06-2024 20:20:48.012 WARN  SSLOptions [29684 MainThread] - server.conf/[kvstore]/sslVerifyServerCert is false disabling certificate validation; must be set to "true" for increased security
02-06-2024 20:20:48.015 INFO  BundlesSetup [29684 MainThread] - Setup stats for /opt/splunk/etc: wallclock_elapsed_msec=24, cpu_time_used=0.0126211, shared_services_generation=2, shared_services_population=1
02-06-2024 20:20:48.048 INFO  UserManagerPro [29684 MainThread] - Load authentication: forcing roles="admin, can_delete, power, user"
02-06-2024 20:20:48.048 INFO  PipelineComponent [29684 MainThread] - Ingestion pipeline sets have been configured to use pipeline set policy=round_robin for multiple pipeline sets.
02-06-2024 20:20:48.054 INFO  UserManager [30492 RunDispatch] - Setting user context: splunk-system-user
02-06-2024 20:20:48.054 INFO  UserManager [30492 RunDispatch] - Done setting user context: NULL -> splunk-system-user
02-06-2024 20:20:48.059 INFO  UserManager [30492 RunDispatch] - Unwound user context: splunk-system-user -> NULL
02-06-2024 20:20:48.059 INFO  UserManager [30492 RunDispatch] - Setting user context: admin
02-06-2024 20:20:48.059 INFO  UserManager [30492 RunDispatch] - Done setting user context: NULL -> admin
02-06-2024 20:20:48.059 INFO  dispatchRunner [30492 RunDispatch] - search context: user="admin", app="search", bs-pathname="/opt/splunk/etc"
02-06-2024 20:20:48.083 INFO  SearchParser [30492 RunDispatch] - PARSING: search index=infra source=*cisco_ironport_web.log* url="*.exe*" OR url="*.bat*" earliest=-24h|stats count by user
02-06-2024 20:20:48.083 INFO  StatsContext [30492 RunDispatch] -  Setting chunk size min=65536 max=1048576 double_every=100
02-06-2024 20:20:48.083 INFO  StatsContext [30492 RunDispatch] -  Setting max memory usage to 209715200
02-06-2024 20:20:48.083 INFO  dispatchRunner [30492 RunDispatch] - Search running in non-clustered mode
02-06-2024 20:20:48.083 INFO  dispatchRunner [30492 RunDispatch] - SearchHeadInitSearchMs=29
02-06-2024 20:20:48.083 INFO  dispatchRunner [30492 RunDispatch] - Executing the Search orchestrator and iterator model (dfs=false).
02-06-2024 20:20:48.083 INFO  SearchOrchestrator [30492 RunDispatch] - SearchOrchestrator getting constructed
02-06-2024 20:20:48.084 INFO  SearchOrchestrator [30492 RunDispatch] -  Initialized the SRI
02-06-2024 20:20:48.084 INFO  SearchFeatureFlags [30492 RunDispatch] - Initializing feature flags from config. feature_seed=2650379660
02-06-2024 20:20:48.084 INFO  SearchFeatureFlags [30492 RunDispatch] - Setting feature_flag=parallelreduce:enablePreview:true
02-06-2024 20:20:48.084 INFO  SearchFeatureFlags [30492 RunDispatch] - Setting feature_flag=search:search_retry:false
02-06-2024 20:20:48.084 INFO  SearchFeatureFlags [30492 RunDispatch] - Setting feature_flag=search:search_retry_realtime:false
02-06-2024 20:20:48.084 INFO  SearchFeatureFlags [30492 RunDispatch] - Setting feature_flag=parallelreduce:autoAppliedPercentage:false
02-06-2024 20:20:48.084 INFO  SearchFeatureFlags [30492 RunDispatch] - Setting feature_flag=subsearch:enableConcurrentPipelineProcessing:false
02-06-2024 20:20:48.084 INFO  SearchFeatureFlags [30492 RunDispatch] - Setting feature_flag=stats:allow_stats_v2:true
02-06-2024 20:20:48.084 INFO  SearchFeatureFlags [30492 RunDispatch] - Setting feature_flag=search_optimization::set_required_fields:stats:false
02-06-2024 20:20:48.084 INFO  SearchFeatureFlags [30492 RunDispatch] - Setting feature_flag=searchresults:srs2:false
02-06-2024 20:20:48.084 INFO  SearchFeatureFlags [30492 RunDispatch] - Setting feature_flag=search:read_final_results_from_timeliner:true
02-06-2024 20:20:48.084 INFO  SearchOrchestrator [30492 RunDispatch] - Search feature_flags={"v":1,"enabledFeatures":["parallelreduce:enablePreview","stats:allow_stats_v2","search:read_final_results_from_timeliner"],"disabledFeatures":["search:search_retry","search:search_retry_realtime","parallelreduce:autoAppliedPercentage","subsearch:enableConcurrentPipelineProcessing","search_optimization::set_required_fields:stats","searchresults:srs2"]}
02-06-2024 20:20:48.085 INFO  ISplunkDispatch [30492 RunDispatch] - Not running in splunkd. Bundle replication not triggered.
02-06-2024 20:20:48.088 INFO  SearchOrchestrator [30508 searchOrchestrator] - Initialzing the run time settings for the orchestrator.
02-06-2024 20:20:48.088 INFO  UserManager [30508 searchOrchestrator] - Setting user context: admin
02-06-2024 20:20:48.088 INFO  UserManager [30508 searchOrchestrator] - Done setting user context: NULL -> admin
02-06-2024 20:20:48.089 INFO  AdaptiveSearchEngineSelector [30508 searchOrchestrator] - Search execution_plan=classic
02-06-2024 20:20:48.089 INFO  SearchOrchestrator [30508 searchOrchestrator] - Creating the search DAG.
02-06-2024 20:20:48.089 INFO  SearchParser [30508 searchOrchestrator] - PARSING: search index=infra source=*cisco_ironport_web.log* url="*.exe*" OR url="*.bat*" earliest=-24h|stats count by user
02-06-2024 20:20:48.089 INFO  StatsContext [30508 searchOrchestrator] -  Setting chunk size min=65536 max=1048576 double_every=100
02-06-2024 20:20:48.089 INFO  StatsContext [30508 searchOrchestrator] -  Setting max memory usage to 209715200
02-06-2024 20:20:48.089 INFO  DispatchStorageManagerInfo [30508 searchOrchestrator] - Successfully created new dispatch directory for search job. sid=6f3b5fa5fca90a3f_tmp dispatch_dir=/opt/splunk/var/run/splunk/dispatch/6f3b5fa5fca90a3f_tmp
02-06-2024 20:20:48.216 INFO  SearchProcessor [30508 searchOrchestrator] - Building search filter
02-06-2024 20:20:48.280 INFO  SearchEvaluatorBasedExpander [30508 searchOrchestrator] -  Performing lookup expansions
02-06-2024 20:20:48.280 INFO  SearchEvaluatorBasedExpander [30508 searchOrchestrator] -  Lookup expansion took 0 ms
02-06-2024 20:20:48.280 INFO  SearchEvaluatorBasedExpander [30508 searchOrchestrator] -  Performing calculated field expansions
02-06-2024 20:20:48.280 INFO  SearchEvaluatorBasedExpander [30508 searchOrchestrator] -  Calculated field expansion took 0 ms
02-06-2024 20:20:48.280 INFO  SearchEvaluatorBasedExpander [30508 searchOrchestrator] -  Performing field alias expansions
02-06-2024 20:20:48.280 INFO  SearchEvaluatorBasedExpander [30508 searchOrchestrator] -  field alias expansions took 0 ms
02-06-2024 20:20:48.280 INFO  SearchEvaluatorBasedExpander [30508 searchOrchestrator] -  Performing kvfield expansions
02-06-2024 20:20:48.280 INFO  SearchEvaluatorBasedExpander [30508 searchOrchestrator] -  kvfield expansions took 0 ms
02-06-2024 20:20:48.280 INFO  SearchEvaluatorBasedExpander [30508 searchOrchestrator] -  Performing indexed fields expansions
02-06-2024 20:20:48.280 INFO  SearchEvaluatorBasedExpander [30508 searchOrchestrator] -  indexed fields expansions took 0 ms
02-06-2024 20:20:48.280 INFO  SearchEvaluatorBasedExpander [30508 searchOrchestrator] -  Performing reverse sourcetype expansions
02-06-2024 20:20:48.281 INFO  SearchEvaluatorBasedExpander [30508 searchOrchestrator] -  sourcetype expansions took 0 ms
02-06-2024 20:20:48.281 INFO  UnifiedSearch [30508 searchOrchestrator] - Expanded index search = (index=infra source=*cisco_ironport_web.log* (url="*.exe*" OR url="*.bat*") earliest=-24h)
02-06-2024 20:20:48.281 INFO  UnifiedSearch [30508 searchOrchestrator] - base lispy: [ AND index::infra source::*cisco_ironport_web.log* [ OR bat* exe* url::*.bat* url::*.exe* ] [ OR 24h earliest::-24h ] ]
02-06-2024 20:20:48.282 INFO  UnifiedSearch [30508 searchOrchestrator] - No indexes to search
02-06-2024 20:20:48.282 INFO  UnifiedSearch [30508 searchOrchestrator] - Processed search targeting arguments
02-06-2024 20:20:48.282 INFO  StatsProcessorV2 [30508 searchOrchestrator] - StatsV2 (stats) args: count, by, user
02-06-2024 20:20:48.282 INFO  StatsProcessorV2 [30508 searchOrchestrator] - StatsProcessorV2::processArguments: Unaligned accesses are free
02-06-2024 20:20:48.282 INFO  StatsAggregations [30508 searchOrchestrator] - Instantiating Stats function group_count for key=, alias=count
02-06-2024 20:20:48.282 INFO  StatsContext [30508 searchOrchestrator] - shouldFallbackToOldStats: _use_v2_level=USE_V2_ALL, fallback=false
02-06-2024 20:20:48.282 INFO  SearchParser [30508 searchOrchestrator] - PARSING: prestats count by user
02-06-2024 20:20:48.282 INFO  StatsContext [30508 searchOrchestrator] -  Setting chunk size min=65536 max=1048576 double_every=100
02-06-2024 20:20:48.282 INFO  StatsContext [30508 searchOrchestrator] -  Setting max memory usage to 209715200
02-06-2024 20:20:48.282 INFO  SearchParser [30508 searchOrchestrator] - PARSING: addinfo type=count label=prereport_events
02-06-2024 20:20:48.282 INFO  StatsProcessorV2 [30508 searchOrchestrator] - StatsV2 (stats) args: count, by, user
02-06-2024 20:20:48.282 INFO  StatsProcessorV2 [30508 searchOrchestrator] - StatsProcessorV2::processArguments: Unaligned accesses are free
02-06-2024 20:20:48.282 INFO  StatsAggregations [30508 searchOrchestrator] - Instantiating Stats function group_count for key=, alias=count
02-06-2024 20:20:48.282 INFO  StatsContext [30508 searchOrchestrator] - shouldFallbackToOldStats: _use_v2_level=USE_V2_ALL, fallback=false
02-06-2024 20:20:48.282 INFO  DispatchThread [30508 searchOrchestrator] - BatchMode: allowBatchMode: 1, conf(1): 1, timeline/Status buckets(0):0, realtime(0):0, report pipe empty(0):0, reqTimeOrder(0):0, summarize(0):0, statefulStreaming(0):0
02-06-2024 20:20:48.282 INFO  DispatchThread [30508 searchOrchestrator] - required fields list to add to remote search = prestats_reserved_*,psrsvd_*,user
02-06-2024 20:20:48.282 INFO  SearchParser [30508 searchOrchestrator] - PARSING: fields keepcolorder=t "prestats_reserved_*" "psrsvd_*" "user"
02-06-2024 20:20:48.282 INFO  DispatchCommandProcessor [30508 searchOrchestrator] - summaryHash=6dd666c1a82eb0ce summaryId=51367ECF-193E-4082-849C-4DF59054FDA5_search_admin_6dd666c1a82eb0ce remoteSearch=litsearch (index=infra source=*cisco_ironport_web.log* (url="*.exe*" OR url="*.bat*") earliest=-24h) | addinfo  type=count label=prereport_events | fields  keepcolorder=t "prestats_reserved_*" "psrsvd_*" "user" | prestats  count by user
02-06-2024 20:20:48.282 INFO  DispatchCommandProcessor [30508 searchOrchestrator] - summaryHash=NSd24d8870bf822d8f summaryId=51367ECF-193E-4082-849C-4DF59054FDA5_search_admin_NSd24d8870bf822d8f remoteSearch=litsearch (index=infra source=*cisco_ironport_web.log* (url="*.exe*" OR url="*.bat*") earliest=-24h) | addinfo type=count label=prereport_events | fields keepcolorder=t "prestats_reserved_*" "psrsvd_*" "user" | prestats count by user
02-06-2024 20:20:48.282 INFO  DispatchThread [30508 searchOrchestrator] - Getting summary ID for summaryHash=NSd24d8870bf822d8f
02-06-2024 20:20:48.288 INFO  DispatchThread [30508 searchOrchestrator] - Did not find a usable summary_id, setting info._summary_mode=none, not modifying input summary_id=51367ECF-193E-4082-849C-4DF59054FDA5_search_admin_NSd24d8870bf822d8f
02-06-2024 20:20:48.289 INFO  SearchParser [30508 searchOrchestrator] - PARSING: search index=infra source=*cisco_ironport_web.log* url="*.exe*" OR url="*.bat*" earliest=-24h|stats count by user
02-06-2024 20:20:48.289 INFO  StatsContext [30508 searchOrchestrator] -  Setting chunk size min=65536 max=1048576 double_every=100
02-06-2024 20:20:48.289 INFO  StatsContext [30508 searchOrchestrator] -  Setting max memory usage to 209715200
02-06-2024 20:20:48.289 INFO  UnifiedSearch [30508 searchOrchestrator] - Processed search targeting arguments
02-06-2024 20:20:48.289 INFO  StatsProcessorV2 [30508 searchOrchestrator] - StatsV2 (stats) args: count, by, user
02-06-2024 20:20:48.289 INFO  StatsProcessorV2 [30508 searchOrchestrator] - StatsProcessorV2::processArguments: Unaligned accesses are free
02-06-2024 20:20:48.289 INFO  StatsAggregations [30508 searchOrchestrator] - Instantiating Stats function group_count for key=, alias=count
02-06-2024 20:20:48.289 INFO  StatsContext [30508 searchOrchestrator] - shouldFallbackToOldStats: _use_v2_level=USE_V2_ALL, fallback=false
02-06-2024 20:20:48.290 INFO  AstOptimizer [30508 searchOrchestrator] - SrchOptMetrics optimize_toJson=0.000944842
02-06-2024 20:20:48.290 INFO  StatsContext [30508 searchOrchestrator] -  Setting chunk size min=65536 max=1048576 double_every=100
02-06-2024 20:20:48.290 INFO  StatsContext [30508 searchOrchestrator] -  Setting max memory usage to 209715200
02-06-2024 20:20:48.290 INFO  SearchParser [30508 searchOrchestrator] - PARSING: | stats count by user
02-06-2024 20:20:48.290 INFO  StatsContext [30508 searchOrchestrator] -  Setting chunk size min=65536 max=1048576 double_every=100
02-06-2024 20:20:48.290 INFO  StatsContext [30508 searchOrchestrator] -  Setting max memory usage to 209715200
02-06-2024 20:20:48.291 INFO  SearchParser [30508 searchOrchestrator] - PARSING: | search (index=infra source=*cisco_ironport_web.log* (url="*.exe*" OR url="*.bat*") earliest=-24h)
02-06-2024 20:20:48.291 INFO  FederatedInfo [30508 searchOrchestrator] - No federated search providers defined.
02-06-2024 20:20:48.291 INFO  ProjElim [30508 searchOrchestrator] - Black listed processors=[addinfo]
02-06-2024 20:20:48.313 INFO  AstOptimizer [30508 searchOrchestrator] - SrchOptMetrics optimization=0.023137653
02-06-2024 20:20:48.313 INFO  StatsContext [30508 searchOrchestrator] -  Setting chunk size min=65536 max=1048576 double_every=100
02-06-2024 20:20:48.313 INFO  StatsContext [30508 searchOrchestrator] -  Setting max memory usage to 209715200
02-06-2024 20:20:48.313 INFO  SearchPhaseGenerator [30508 searchOrchestrator] - Optimized Search =| search (earliest=-24h index=infra source=*cisco_ironport_web.log* (url="*.bat*" OR url="*.exe*")) | stats count by user
02-06-2024 20:20:48.313 INFO  ScopedTimer [30508 searchOrchestrator] - search.optimize 0.024683154
02-06-2024 20:20:48.313 INFO  FederatedProviderVisitor [30508 searchOrchestrator] - Federated Whole Search Remote Execution Enabled: false
02-06-2024 20:20:48.314 INFO  SearchPhaseGenerator [30508 searchOrchestrator] - Number of involved federated deployments is 0.
02-06-2024 20:20:48.314 INFO  PhaseToPipelineVisitor [30508 searchOrchestrator] - Phase Search = | search (earliest=-24h index=infra source=*cisco_ironport_web.log* (url="*.bat*" OR url="*.exe*"))
02-06-2024 20:20:48.314 INFO  SearchParser [30508 searchOrchestrator] - PARSING: | search (earliest=-24h index=infra source=*cisco_ironport_web.log* (url="*.bat*" OR url="*.exe*"))
02-06-2024 20:20:48.324 INFO  SearchProcessor [30508 searchOrchestrator] - Building search filter
02-06-2024 20:20:48.338 INFO  SearchEvaluatorBasedExpander [30508 searchOrchestrator] -  Performing lookup expansions
02-06-2024 20:20:48.338 INFO  SearchEvaluatorBasedExpander [30508 searchOrchestrator] -  Lookup expansion took 0 ms
02-06-2024 20:20:48.338 INFO  SearchEvaluatorBasedExpander [30508 searchOrchestrator] -  Performing calculated field expansions
02-06-2024 20:20:48.338 INFO  SearchEvaluatorBasedExpander [30508 searchOrchestrator] -  Calculated field expansion took 0 ms
02-06-2024 20:20:48.338 INFO  SearchEvaluatorBasedExpander [30508 searchOrchestrator] -  Performing field alias expansions
02-06-2024 20:20:48.338 INFO  SearchEvaluatorBasedExpander [30508 searchOrchestrator] -  field alias expansions took 0 ms
02-06-2024 20:20:48.338 INFO  SearchEvaluatorBasedExpander [30508 searchOrchestrator] -  Performing kvfield expansions
02-06-2024 20:20:48.338 INFO  SearchEvaluatorBasedExpander [30508 searchOrchestrator] -  kvfield expansions took 0 ms
02-06-2024 20:20:48.338 INFO  SearchEvaluatorBasedExpander [30508 searchOrchestrator] -  Performing indexed fields expansions
02-06-2024 20:20:48.338 INFO  SearchEvaluatorBasedExpander [30508 searchOrchestrator] -  indexed fields expansions took 0 ms
02-06-2024 20:20:48.338 INFO  SearchEvaluatorBasedExpander [30508 searchOrchestrator] -  Performing reverse sourcetype expansions
02-06-2024 20:20:48.338 INFO  SearchEvaluatorBasedExpander [30508 searchOrchestrator] -  sourcetype expansions took 0 ms
02-06-2024 20:20:48.338 INFO  UnifiedSearch [30508 searchOrchestrator] - Expanded index search = (index=infra source=*cisco_ironport_web.log* (url="*.bat*" OR url="*.exe*") _time>=1707164447.000)
02-06-2024 20:20:48.339 INFO  UnifiedSearch [30508 searchOrchestrator] - base lispy: [ AND index::infra source::*cisco_ironport_web.log* [ OR bat* exe* url::*.bat* url::*.exe* ] ]
02-06-2024 20:20:48.339 INFO  UnifiedSearch [30508 searchOrchestrator] - No indexes to search
02-06-2024 20:20:48.339 INFO  UnifiedSearch [30508 searchOrchestrator] - Processed search targeting arguments
02-06-2024 20:20:48.340 INFO  StatsContext [30508 searchOrchestrator] -  Setting chunk size min=65536 max=1048576 double_every=100
02-06-2024 20:20:48.340 INFO  StatsContext [30508 searchOrchestrator] -  Setting max memory usage to 209715200
02-06-2024 20:20:48.340 INFO  PhaseToPipelineVisitor [30508 searchOrchestrator] - Phase Search = | stats count by user
02-06-2024 20:20:48.340 INFO  SearchParser [30508 searchOrchestrator] - PARSING: | stats count by user
02-06-2024 20:20:48.340 INFO  StatsContext [30508 searchOrchestrator] -  Setting chunk size min=65536 max=1048576 double_every=100
02-06-2024 20:20:48.340 INFO  StatsContext [30508 searchOrchestrator] -  Setting max memory usage to 209715200
02-06-2024 20:20:48.340 INFO  StatsProcessorV2 [30508 searchOrchestrator] - StatsV2 (stats) args: count, by, user
02-06-2024 20:20:48.340 INFO  StatsProcessorV2 [30508 searchOrchestrator] - StatsProcessorV2::processArguments: Unaligned accesses are free
02-06-2024 20:20:48.340 INFO  StatsAggregations [30508 searchOrchestrator] - Instantiating Stats function group_count for key=, alias=count
02-06-2024 20:20:48.340 INFO  StatsContext [30508 searchOrchestrator] - shouldFallbackToOldStats: _use_v2_level=USE_V2_ALL, fallback=false
02-06-2024 20:20:48.340 INFO  SearchPipeline [30508 searchOrchestrator] - ReportSearch=1 AllowBatchMode=1
02-06-2024 20:20:48.340 INFO  SearchParser [30508 searchOrchestrator] - PARSING: addinfo type=count label=prereport_events track_fieldmeta_events=true
02-06-2024 20:20:48.340 INFO  SearchParser [30508 searchOrchestrator] - PARSING: prestats count by user
02-06-2024 20:20:48.340 INFO  StatsContext [30508 searchOrchestrator] -  Setting chunk size min=65536 max=1048576 double_every=100
02-06-2024 20:20:48.340 INFO  StatsContext [30508 searchOrchestrator] -  Setting max memory usage to 209715200
02-06-2024 20:20:48.340 INFO  StatsProcessorV2 [30508 searchOrchestrator] - StatsV2 (stats) args: count, by, user
02-06-2024 20:20:48.340 INFO  StatsProcessorV2 [30508 searchOrchestrator] - StatsProcessorV2::processArguments: Unaligned accesses are free
02-06-2024 20:20:48.340 INFO  StatsAggregations [30508 searchOrchestrator] - Instantiating Stats function group_count for key=, alias=count
02-06-2024 20:20:48.340 INFO  StatsContext [30508 searchOrchestrator] - shouldFallbackToOldStats: _use_v2_level=USE_V2_ALL, fallback=false
02-06-2024 20:20:48.340 INFO  SearchPhaseGenerator [30508 searchOrchestrator] - No need for RTWindowProcessor
02-06-2024 20:20:48.340 INFO  SearchPhaseGenerator [30508 searchOrchestrator] - Timeliner will not be executed
02-06-2024 20:20:48.340 INFO  SearchPhaseGenerator [30508 searchOrchestrator] - required fields list to add to different pipelines = prestats_reserved_*,psrsvd_*,user
02-06-2024 20:20:48.340 INFO  SearchPhaseGenerator [30508 searchOrchestrator] - Remote Timeliner=
02-06-2024 20:20:48.340 INFO  SearchPhaseGenerator [30508 searchOrchestrator] - Fileds=fields keepcolorder=t "prestats_reserved_*" "psrsvd_*" "user"
02-06-2024 20:20:48.340 INFO  SearchPhaseGenerator [30508 searchOrchestrator] - REMOTE TIMELINER ADDED
02-06-2024 20:20:48.340 INFO  SearchParser [30508 searchOrchestrator] - PARSING: fields keepcolorder=t "prestats_reserved_*" "psrsvd_*" "user"
02-06-2024 20:20:48.340 INFO  SearchPhaseGenerator [30508 searchOrchestrator] - Result collation will occur at proc=stats
02-06-2024 20:20:48.340 INFO  SearchPhaseGenerator [30508 searchOrchestrator] - Search Phases created.
02-06-2024 20:20:48.360 INFO  SearchOrchestrator [30508 searchOrchestrator] - Preview is enabled for Search Head only. (preview_algorithm=SEARCH_HEAD)
02-06-2024 20:20:48.362 INFO  UserManager [30508 searchOrchestrator] - Setting user context: admin
02-06-2024 20:20:48.362 INFO  UserManager [30508 searchOrchestrator] - Done setting user context: admin -> admin
02-06-2024 20:20:48.362 INFO  UserManager [30508 searchOrchestrator] - Unwound user context: admin -> admin
02-06-2024 20:20:48.362 INFO  DistributedSearchResultCollectionManager [30508 searchOrchestrator] - Stream search: litsearch (index=infra source=*cisco_ironport_web.log* (url="*.bat*" OR url="*.exe*") _time>=1707164447.000) | addinfo  type=count label=prereport_events track_fieldmeta_events=true | fields  keepcolorder=t "prestats_reserved_*" "psrsvd_*" "user" | prestats  count by user
02-06-2024 20:20:48.362 INFO  ExternalResultProvider [30508 searchOrchestrator] - No external result providers are configured
02-06-2024 20:20:48.362 INFO  DistributedSearchResultCollectionManager [30508 searchOrchestrator] - ERP_FACTORY initialized, but zero external result provider, hence disabling _isERPCollectionEnabled
02-06-2024 20:20:48.362 INFO  DistributedSearchResultCollectionManager [30508 searchOrchestrator] - results_queue_read_timeout_sec=900.000 send_timeout=30.000 connect_timeout=10.000 receive_timeout=600.000
02-06-2024 20:20:48.362 INFO  DistributedSearchResultCollectionManager [30508 searchOrchestrator] - Default search group:*
02-06-2024 20:20:48.362 INFO  SearchTargeter [30508 searchOrchestrator] - Index list is not available for GOEL-Indexer1 targeting based on splunk_server and splunk_server_group only
02-06-2024 20:20:48.362 INFO  DistributedSearchResultCollectionManager [30508 searchOrchestrator] - Connecting to peer GOEL-Indexer1 connectAll 0 connectToSpecificPeer 1
02-06-2024 20:20:48.362 INFO  SearchTargeter [30508 searchOrchestrator] - Index list is not available for GOEL-Indexer2 targeting based on splunk_server and splunk_server_group only
02-06-2024 20:20:48.362 INFO  DistributedSearchResultCollectionManager [30508 searchOrchestrator] - Connecting to peer GOEL-Indexer2 connectAll 0 connectToSpecificPeer 1
02-06-2024 20:20:48.362 INFO  SearchTargeter [30508 searchOrchestrator] - Index list is not available for GOEL-Indexer3 targeting based on splunk_server and splunk_server_group only
02-06-2024 20:20:48.362 INFO  DistributedSearchResultCollectionManager [30508 searchOrchestrator] - Connecting to peer GOEL-Indexer3 connectAll 0 connectToSpecificPeer 1
02-06-2024 20:20:48.362 INFO  SearchTargeter [30508 searchOrchestrator] - Index list is not available for GOEL-SearchHead targeting based on splunk_server and splunk_server_group only
02-06-2024 20:20:48.362 INFO  DistributedSearchResultCollectionManager [30508 searchOrchestrator] - Connecting to peer GOEL-SearchHead connectAll 0 connectToSpecificPeer 1
02-06-2024 20:20:48.362 INFO  ProxyConfig [30508 searchOrchestrator] - Failed to initialize http_proxy from server.conf for splunkd. Please make sure that the http_proxy property is set as http_proxy=http://host:port in case HTTP proxying needs to be enabled.
02-06-2024 20:20:48.362 INFO  ProxyConfig [30508 searchOrchestrator] - Failed to initialize https_proxy from server.conf for splunkd. Please make sure that the https_proxy property is set as https_proxy=http://host:port in case HTTP proxying needs to be enabled.
02-06-2024 20:20:48.362 INFO  ProxyConfig [30508 searchOrchestrator] - Failed to initialize the proxy_rules setting from server.conf for splunkd. Please provide a valid set of proxy_rules in case HTTP proxying needs to be enabled.
02-06-2024 20:20:48.362 INFO  ProxyConfig [30508 searchOrchestrator] - Failed to initialize the no_proxy setting from server.conf for splunkd. Please provide a valid set of no_proxy rules in case HTTP proxying needs to be enabled.
02-06-2024 20:20:48.369 WARN  SSLOptions [30508 searchOrchestrator] - <internal>.conf/[<internal>]/sslVerifyServerCert is false disabling certificate validation; must be set to "true" for increased security
02-06-2024 20:20:48.380 WARN  SSLOptions [30508 searchOrchestrator] - <internal>.conf/[<internal>]/sslVerifyServerCert is false disabling certificate validation; must be set to "true" for increased security
02-06-2024 20:20:48.380 INFO  ServerConfig [30508 searchOrchestrator] - Using REMOTE_SERVER_NAME=GOEL-SearchHead
02-06-2024 20:20:48.380 INFO  KeyManagerLocalhost [30508 searchOrchestrator] - Checking for localhost key pair
02-06-2024 20:20:48.381 INFO  KeyManagerLocalhost [30508 searchOrchestrator] - Public key already exists: /opt/splunk/etc/auth/distServerKeys/trusted.pem
02-06-2024 20:20:48.381 INFO  KeyManagerLocalhost [30508 searchOrchestrator] - Reading public key for localhost: /opt/splunk/etc/auth/distServerKeys/trusted.pem
02-06-2024 20:20:48.381 INFO  KeyManagerLocalhost [30508 searchOrchestrator] - Finished reading public key for localhost: /opt/splunk/etc/auth/distServerKeys/trusted.pem
02-06-2024 20:20:48.381 INFO  KeyManagerLocalhost [30508 searchOrchestrator] - Reading private key for localhost: /opt/splunk/etc/auth/distServerKeys/private.pem
02-06-2024 20:20:48.381 INFO  KeyManagerLocalhost [30508 searchOrchestrator] - Finished reading private key for localhost: /opt/splunk/etc/auth/distServerKeys/private.pem
02-06-2024 20:20:48.382 INFO  DistributedSearchResultCollectionManager [30508 searchOrchestrator] - Successfully created search result collector for peer=GOEL-Indexer1 in 0.020 seconds
02-06-2024 20:20:48.383 INFO  DistributedSearchResultCollectionManager [30508 searchOrchestrator] - Successfully created search result collector for peer=GOEL-Indexer2 in 0.002 seconds
02-06-2024 20:20:48.385 INFO  DistributedSearchResultCollectionManager [30508 searchOrchestrator] - Successfully created search result collector for peer=GOEL-Indexer3 in 0.002 seconds
02-06-2024 20:20:48.385 INFO  UserManager [30537 SearchResultExecutorThread] - Setting user context: admin
02-06-2024 20:20:48.385 INFO  UserManager [30537 SearchResultExecutorThread] - Done setting user context: NULL -> admin
02-06-2024 20:20:48.385 INFO  UserManager [30538 SearchResultExecutorThread] - Setting user context: admin
02-06-2024 20:20:48.385 INFO  UserManager [30538 SearchResultExecutorThread] - Done setting user context: NULL -> admin
02-06-2024 20:20:48.385 INFO  UserManager [30539 SearchResultExecutorThread] - Setting user context: admin
02-06-2024 20:20:48.385 INFO  UserManager [30539 SearchResultExecutorThread] - Done setting user context: NULL -> admin
02-06-2024 20:20:48.386 INFO  UserManager [30540 SearchResultExecutorThread] - Setting user context: admin
02-06-2024 20:20:48.386 INFO  UserManager [30540 SearchResultExecutorThread] - Done setting user context: NULL -> admin
02-06-2024 20:20:48.386 INFO  UserManager [30541 SearchResultExecutorThread] - Setting user context: admin
02-06-2024 20:20:48.386 INFO  UserManager [30541 SearchResultExecutorThread] - Done setting user context: NULL -> admin
02-06-2024 20:20:48.386 INFO  UserManager [30542 localCollectorThread] - Setting user context: admin
02-06-2024 20:20:48.386 INFO  UserManager [30542 localCollectorThread] - Done setting user context: NULL -> admin
02-06-2024 20:20:48.386 INFO  SearchParser [30542 localCollectorThread] - PARSING: litsearch (index=infra source=*cisco_ironport_web.log* (url="*.bat*" OR url="*.exe*") _time>=1707164447.000) | addinfo  type=count label=prereport_events track_fieldmeta_events=true | fields  keepcolorder=t "prestats_reserved_*" "psrsvd_*" "user" | prestats  count by user
02-06-2024 20:20:48.386 INFO  SearchPhaseGenerator [30508 searchOrchestrator] - Time spends on creating distributed search results infrastructure; dispatchcreatedSearchResultInfrastructure=0.026027729 seconds.
02-06-2024 20:20:48.386 INFO  StatsContext [30542 localCollectorThread] -  Setting chunk size min=65536 max=1048576 double_every=100
02-06-2024 20:20:48.386 INFO  StatsContext [30542 localCollectorThread] -  Setting max memory usage to 209715200
02-06-2024 20:20:48.386 INFO  SearchOrchestrator [30508 searchOrchestrator] - Starting the status control thread.
02-06-2024 20:20:48.386 INFO  SearchOrchestrator [30508 searchOrchestrator] - Starting phase=1
02-06-2024 20:20:48.386 INFO  UserManager [30529 StatusEnforcerThread] - Setting user context: admin
02-06-2024 20:20:48.386 INFO  UserManager [30529 StatusEnforcerThread] - Done setting user context: NULL -> admin
02-06-2024 20:20:48.386 INFO  SearchStatusEnforcer [30529 StatusEnforcerThread] - Enforcing disk quota = 10485760000
02-06-2024 20:20:48.387 INFO  PreviewExecutor [30529 StatusEnforcerThread] - Preview Enforcing initialization done
02-06-2024 20:20:48.387 INFO  UserManager [30543 phase_1] - Setting user context: admin
02-06-2024 20:20:48.387 INFO  UserManager [30543 phase_1] - Done setting user context: NULL -> admin
02-06-2024 20:20:48.387 INFO  ReducePhaseExecutor [30543 phase_1] - Starting phase_1
02-06-2024 20:20:48.398 INFO  UnifiedSearch [30542 localCollectorThread] - No indexes to search
02-06-2024 20:20:48.398 INFO  SearchParser [30542 localCollectorThread] - PARSING: typer | tags
02-06-2024 20:20:48.404 INFO  FastTyper [30542 localCollectorThread] - found nodes count: comparisons=6, unique_comparisons=5, terms=4, unique_terms=4, phrases=12, unique_phrases=12, total leaves=22
02-06-2024 20:20:48.404 INFO  BatchSearch [30542 localCollectorThread] - Using Batch Search
02-06-2024 20:20:48.405 INFO  UnifiedSearch [30542 localCollectorThread] - Initialization of search data structures took 7 ms
02-06-2024 20:20:48.405 INFO  UnifiedSearch [30542 localCollectorThread] - Processed search targeting arguments
02-06-2024 20:20:48.405 INFO  StatsProcessorV2 [30542 localCollectorThread] - StatsV2 (stats) args: count, by, user
02-06-2024 20:20:48.405 INFO  StatsProcessorV2 [30542 localCollectorThread] - StatsProcessorV2::processArguments: Unaligned accesses are free
02-06-2024 20:20:48.405 INFO  StatsAggregations [30542 localCollectorThread] - Instantiating Stats function group_count for key=, alias=count
02-06-2024 20:20:48.405 INFO  StatsContext [30542 localCollectorThread] - shouldFallbackToOldStats: _use_v2_level=USE_V2_ALL, fallback=false
02-06-2024 20:20:48.405 INFO  LocalCollector [30542 localCollectorThread] - Final required fields list = _time,index,prestats_reserved_*,psrsvd_*,source,url,user
02-06-2024 20:20:48.405 INFO  UserManager [30542 localCollectorThread] - Unwound user context: admin -> NULL
02-06-2024 20:20:48.405 INFO  UserManager [30542 localCollectorThread] - Setting user context: admin
02-06-2024 20:20:48.405 INFO  UserManager [30542 localCollectorThread] - Done setting user context: NULL -> admin
02-06-2024 20:20:48.405 INFO  UserManager [30542 localCollectorThread] - Unwound user context: admin -> NULL
02-06-2024 20:20:48.692 INFO  CMBucketId [30537 SearchResultExecutorThread] - CMIndexId: New indexName=infra inserted, mapping to id=1
02-06-2024 20:20:48.858 INFO  UserManager [30538 SearchResultExecutorThread] - Unwound user context: admin -> NULL
02-06-2024 20:20:48.858 INFO  UserManager [30537 SearchResultExecutorThread] - Unwound user context: admin -> NULL
02-06-2024 20:20:48.859 INFO  UserManager [30540 SearchResultExecutorThread] - Unwound user context: admin -> NULL
02-06-2024 20:20:48.859 INFO  UserManager [30541 SearchResultExecutorThread] - Unwound user context: admin -> NULL
02-06-2024 20:20:48.859 INFO  UserManager [30539 SearchResultExecutorThread] - Unwound user context: admin -> NULL
02-06-2024 20:20:48.859 INFO  ResultsCollationProcessor [30543 phase_1] - Writing remote_event_providers.csv to disk
02-06-2024 20:20:48.869 INFO  DownloadRemoteDataTransaction [30543 phase_1] - Downloading logs from all remote event providers
02-06-2024 20:20:48.875 INFO  ReducePhaseExecutor [30543 phase_1] - Downloading all remote search.log files took 0.007 seconds
02-06-2024 20:20:48.875 INFO  DownloadRemoteDataTransaction [30543 phase_1] - Downloading logs from all remote event providers
02-06-2024 20:20:48.880 INFO  ReducePhaseExecutor [30543 phase_1] - Downloading all remote search_telemetry.json files took 0.006 seconds
02-06-2024 20:20:48.881 INFO  ReducePhaseExecutor [30543 phase_1] - Ending phase_1
02-06-2024 20:20:48.881 INFO  UserManager [30543 phase_1] - Unwound user context: admin -> NULL
02-06-2024 20:20:48.884 INFO  UserManager [30529 StatusEnforcerThread] - Unwound user context: admin -> NULL
02-06-2024 20:20:48.885 INFO  DispatchStorageManager [30508 searchOrchestrator] - Remote storage disabled for search artifacts.
02-06-2024 20:20:48.885 INFO  DispatchManager [30508 searchOrchestrator] - DispatchManager::dispatchHasFinished(id='admin__admin__search__search2_1707250847.2', username='admin')
02-06-2024 20:20:48.885 INFO  UserManager [30508 searchOrchestrator] - Unwound user context: admin -> NULL
02-06-2024 20:20:48.886 INFO  SearchStatusEnforcer [30492 RunDispatch] - SearchStatusEnforcer is already terminated
02-06-2024 20:20:48.886 INFO  UserManager [30492 RunDispatch] - Unwound user context: admin -> NULL
02-06-2024 20:20:48.886 INFO  LookupDataProvider [30492 RunDispatch] - Clearing out lookup shared provider map
02-06-2024 20:20:48.887 INFO  dispatchRunner [29684 MainThread] - RunDispatch is done: sid=admin__admin__search__search2_1707250847.2, exit=0
