02-06-2024 20:20:48.429 INFO  dispatchRunner [19050 MainThread] - Search process mode: preforked (first search in process) (build b985591d12fd).
02-06-2024 20:20:48.429 INFO  dispatchRunner [19050 MainThread] - initing LicenseMgr in search process: nonPro=0
02-06-2024 20:20:48.429 INFO  LMStackMgr [19050 MainThread] - Initializing CleMgr...
02-06-2024 20:20:48.429 INFO  LicenseMgr [19050 MainThread] - Initing LicenseMgr
02-06-2024 20:20:48.429 INFO  LMConfig [19050 MainThread] - serverName=GOEL-Indexer2 guid=A7E1805D-45C6-44A6-8F41-DCD62F97B6BC
02-06-2024 20:20:48.432 INFO  LMConfig [19050 MainThread] - connection_timeout=30
02-06-2024 20:20:48.433 INFO  LMConfig [19050 MainThread] - send_timeout=30
02-06-2024 20:20:48.433 INFO  LMConfig [19050 MainThread] - receive_timeout=30
02-06-2024 20:20:48.433 INFO  LMConfig [19050 MainThread] - key=license_warnings_update_interval not found in licenser stanza of server.conf, defaulting=0
02-06-2024 20:20:48.433 INFO  LMConfig [19050 MainThread] - squash_threshold=2000
02-06-2024 20:20:48.433 INFO  LMConfig [19050 MainThread] - strict_pool_quota=1
02-06-2024 20:20:48.433 INFO  LMConfig [19050 MainThread] - key=pool_suggestion not found in licenser stanza of server.conf, defaulting=''
02-06-2024 20:20:48.433 INFO  LMConfig [19050 MainThread] - key=test_aws_metering not found in licenser stanza of server.conf, defaulting=0
02-06-2024 20:20:48.433 INFO  LMConfig [19050 MainThread] - key=test_aws_product_code not found in licenser stanza of server.conf, defaulting=0
02-06-2024 20:20:48.433 INFO  LicenseMgr [19050 MainThread] - Initing LicenseMgr runContext_splunkd=false
02-06-2024 20:20:48.433 INFO  LMStackMgr [19050 MainThread] - closing stack mgr
02-06-2024 20:20:48.433 INFO  LMSlaveInfo [19050 MainThread] - all slaves cleared
02-06-2024 20:20:48.433 INFO  LMStackMgr [19050 MainThread] - partial init only since node has remote master=https://10.0.3.7:8089
02-06-2024 20:20:48.433 INFO  LicenseMgr [19050 MainThread] - StackMgr init complete...
02-06-2024 20:20:48.433 INFO  LMTracker [19050 MainThread] - Setting default product type='enterprise'
02-06-2024 20:20:48.433 INFO  LMTracker [19050 MainThread] - this is not splunkd, will perform partial init
02-06-2024 20:20:48.433 INFO  LicenseMgr [19050 MainThread] - Tracker init complete...
02-06-2024 20:20:48.446 INFO  AdminManagerDispatch [19050 MainThread] - added factory for admin handler: 'licenses'
02-06-2024 20:20:48.446 INFO  AdminManagerDispatch [19050 MainThread] - added factory for admin handler: 'pools'
02-06-2024 20:20:48.446 INFO  AdminManagerDispatch [19050 MainThread] - added factory for admin handler: 'stacks'
02-06-2024 20:20:48.446 INFO  AdminManagerDispatch [19050 MainThread] - added factory for admin handler: 'groups'
02-06-2024 20:20:48.446 INFO  AdminManagerDispatch [19050 MainThread] - added factory for admin handler: 'slaves'
02-06-2024 20:20:48.446 INFO  AdminManagerDispatch [19050 MainThread] - added factory for admin handler: 'peers'
02-06-2024 20:20:48.446 INFO  AdminManagerDispatch [19050 MainThread] - added factory for admin handler: 'localslave'
02-06-2024 20:20:48.446 INFO  AdminManagerDispatch [19050 MainThread] - added factory for admin handler: 'localpeer'
02-06-2024 20:20:48.446 INFO  AdminManagerDispatch [19050 MainThread] - added factory for admin handler: 'licensermessages'
02-06-2024 20:20:48.446 INFO  AdminManagerDispatch [19050 MainThread] - added factory for admin handler: 'scriptedwarning'
02-06-2024 20:20:48.446 INFO  AdminManagerDispatch [19050 MainThread] - added factory for admin handler: 'licenseusage'
02-06-2024 20:20:48.446 INFO  LicenseMgr [19050 MainThread] - Initing LicenseMgr
02-06-2024 20:20:48.446 INFO  LMConfig [19050 MainThread] - serverName=GOEL-Indexer2 guid=A7E1805D-45C6-44A6-8F41-DCD62F97B6BC
02-06-2024 20:20:48.446 INFO  LMConfig [19050 MainThread] - connection_timeout=30
02-06-2024 20:20:48.446 INFO  LMConfig [19050 MainThread] - send_timeout=30
02-06-2024 20:20:48.446 INFO  LMConfig [19050 MainThread] - receive_timeout=30
02-06-2024 20:20:48.446 INFO  LMConfig [19050 MainThread] - key=license_warnings_update_interval not found in licenser stanza of server.conf, defaulting=0
02-06-2024 20:20:48.446 INFO  LMConfig [19050 MainThread] - squash_threshold=2000
02-06-2024 20:20:48.446 INFO  LMConfig [19050 MainThread] - strict_pool_quota=1
02-06-2024 20:20:48.446 INFO  LMConfig [19050 MainThread] - key=pool_suggestion not found in licenser stanza of server.conf, defaulting=''
02-06-2024 20:20:48.446 INFO  LMConfig [19050 MainThread] - key=test_aws_metering not found in licenser stanza of server.conf, defaulting=0
02-06-2024 20:20:48.446 INFO  LMConfig [19050 MainThread] - key=test_aws_product_code not found in licenser stanza of server.conf, defaulting=0
02-06-2024 20:20:48.446 INFO  dispatchRunner [19050 MainThread] - Feature flag post-args={"v":1,"enabledFeatures":["stats:allow_stats_v2"],"disabledFeatures":["searchresults:srs2"]}
02-06-2024 20:20:48.446 INFO  SearchFeatureFlags [19050 MainThread] - Initializing feature flags from config. feature_seed=46947589
02-06-2024 20:20:48.446 INFO  SearchFeatureFlags [19050 MainThread] - Setting feature_flag=parallelreduce:enablePreview:true
02-06-2024 20:20:48.446 INFO  SearchFeatureFlags [19050 MainThread] - Setting feature_flag=search:search_retry:false
02-06-2024 20:20:48.446 INFO  SearchFeatureFlags [19050 MainThread] - Setting feature_flag=search:search_retry_realtime:false
02-06-2024 20:20:48.446 INFO  SearchFeatureFlags [19050 MainThread] - Setting feature_flag=parallelreduce:autoAppliedPercentage:false
02-06-2024 20:20:48.446 INFO  SearchFeatureFlags [19050 MainThread] - Setting feature_flag=subsearch:enableConcurrentPipelineProcessing:false
02-06-2024 20:20:48.446 INFO  SearchFeatureFlags [19050 MainThread] - Setting feature_flag=stats:allow_stats_v2:true
02-06-2024 20:20:48.446 INFO  SearchFeatureFlags [19050 MainThread] - Setting feature_flag=search_optimization::set_required_fields:stats:false
02-06-2024 20:20:48.446 INFO  SearchFeatureFlags [19050 MainThread] - Setting feature_flag=searchresults:srs2:false
02-06-2024 20:20:48.446 INFO  SearchFeatureFlags [19050 MainThread] - Setting feature_flag=search:read_final_results_from_timeliner:true
02-06-2024 20:20:48.446 INFO  SearchFeatureFlags [19050 MainThread] - Overlaying SearchFeatureFlags from jsonNode={"v":1,"enabledFeatures":["stats:allow_stats_v2"],"disabledFeatures":["searchresults:srs2"]}
02-06-2024 20:20:48.447 INFO  dispatchRunner [19050 MainThread] - registering build time modules, count=1
02-06-2024 20:20:48.447 INFO  dispatchRunner [19050 MainThread] - registering search time components of build time module name=vix
02-06-2024 20:20:48.447 INFO  dispatchRunner [19050 MainThread] - Getting search configuration data from: /opt/splunk/etc/modules/parsing/config.xml
02-06-2024 20:20:48.460 WARN  SSLOptions [19050 MainThread] - server.conf/[kvstore]/sslVerifyServerCert is false disabling certificate validation; must be set to "true" for increased security
02-06-2024 20:20:48.460 INFO  BundlesSetup [19050 MainThread] - Setup stats for /opt/splunk/var/run/searchpeers/GOEL-SearchHead-1707250705: wallclock_elapsed_msec=29, cpu_time_used=0.0199489, shared_services_generation=2, shared_services_population=1
02-06-2024 20:20:48.496 INFO  UserManagerPro [19050 MainThread] - Load authentication: forcing roles="admin, can_delete, power, user"
02-06-2024 20:20:48.496 INFO  PipelineComponent [19050 MainThread] - Ingestion pipeline sets have been configured to use pipeline set policy=round_robin for multiple pipeline sets.
02-06-2024 20:20:48.498 INFO  UserManager [4173 RunDispatch] - Setting user context: splunk-system-user
02-06-2024 20:20:48.498 INFO  UserManager [4173 RunDispatch] - Done setting user context: NULL -> splunk-system-user
02-06-2024 20:20:48.498 INFO  UserManager [4173 RunDispatch] - Unwound user context: splunk-system-user -> NULL
02-06-2024 20:20:48.498 INFO  UserManager [4173 RunDispatch] - Setting user context: admin
02-06-2024 20:20:48.498 INFO  UserManager [4173 RunDispatch] - Done setting user context: NULL -> admin
02-06-2024 20:20:48.499 INFO  dispatchRunner [4173 RunDispatch] - search context: user="admin", app="search", bs-pathname="/opt/splunk/var/run/searchpeers/GOEL-SearchHead-1707250705"
02-06-2024 20:20:48.506 WARN  IndexConfig [4173 RunDispatch] - Max bucket size is larger than destination path size limit. Please check your index configuration. idx=bcgames; bucket size in (from maxDataSize) 750 MB, homePath.maxDataSizeMB=100,  coldPath.maxDataSizeMB=100
02-06-2024 20:20:48.506 WARN  IndexConfig [4173 RunDispatch] - Home path size limit cannot accomodate maximum number of hot buckets with specified bucket size because homePath.maxDataSizeMB is too small. Please check your index configuration: idx=bcgames maxDataSize=750 MB, homePath.maxDataSizeMB=100 MB
02-06-2024 20:20:48.506 WARN  IndexConfig [4173 RunDispatch] - Max bucket size is larger than destination path size limit. Please check your index configuration. idx=infra; bucket size in (from maxDataSize) 750 MB, homePath.maxDataSizeMB=100,  coldPath.maxDataSizeMB=100
02-06-2024 20:20:48.506 WARN  IndexConfig [4173 RunDispatch] - Home path size limit cannot accomodate maximum number of hot buckets with specified bucket size because homePath.maxDataSizeMB is too small. Please check your index configuration: idx=infra maxDataSize=750 MB, homePath.maxDataSizeMB=100 MB
02-06-2024 20:20:48.506 WARN  IndexConfig [4173 RunDispatch] - Max bucket size is larger than destination path size limit. Please check your index configuration. idx=soc; bucket size in (from maxDataSize) 750 MB, homePath.maxDataSizeMB=100,  coldPath.maxDataSizeMB=100
02-06-2024 20:20:48.506 WARN  IndexConfig [4173 RunDispatch] - Home path size limit cannot accomodate maximum number of hot buckets with specified bucket size because homePath.maxDataSizeMB is too small. Please check your index configuration: idx=soc maxDataSize=750 MB, homePath.maxDataSizeMB=100 MB
02-06-2024 20:20:48.508 INFO  SearchParser [4173 RunDispatch] - PARSING: litsearch (index=infra source=*cisco_ironport_web.log* (url="*.bat*" OR url="*.exe*") _time>=1707164447.000) | addinfo  type=count label=prereport_events track_fieldmeta_events=true | fields  keepcolorder=t "prestats_reserved_*" "psrsvd_*" "user" | prestats  count by user
02-06-2024 20:20:48.509 INFO  StatsContext [4173 RunDispatch] -  Setting chunk size min=65536 max=1048576 double_every=100
02-06-2024 20:20:48.509 INFO  StatsContext [4173 RunDispatch] -  Setting max memory usage to 209715200
02-06-2024 20:20:48.509 INFO  SearchParser [4173 RunDispatch] - PARSING: litsearch (index=infra source=*cisco_ironport_web.log* (url="*.bat*" OR url="*.exe*") _time>=1707164447.000) | addinfo  type=count label=prereport_events track_fieldmeta_events=true | fields  keepcolorder=t "prestats_reserved_*" "psrsvd_*" "user" | prestats  count by user
02-06-2024 20:20:48.509 INFO  StatsContext [4173 RunDispatch] -  Setting chunk size min=65536 max=1048576 double_every=100
02-06-2024 20:20:48.509 INFO  StatsContext [4173 RunDispatch] -  Setting max memory usage to 209715200
02-06-2024 20:20:48.509 INFO  UserManager [4173 RunDispatch] - Setting user context: splunk-system-user
02-06-2024 20:20:48.509 INFO  UserManager [4173 RunDispatch] - Done setting user context: admin -> splunk-system-user
02-06-2024 20:20:48.509 INFO  UserManager [4173 RunDispatch] - Setting user context: admin
02-06-2024 20:20:48.509 INFO  UserManager [4173 RunDispatch] - Done setting user context: splunk-system-user -> admin
02-06-2024 20:20:48.512 INFO  UserManager [4173 RunDispatch] - Unwound user context: admin -> splunk-system-user
02-06-2024 20:20:48.512 INFO  UserManager [4173 RunDispatch] - Unwound user context: splunk-system-user -> admin
02-06-2024 20:20:48.512 INFO  DispatchCommandProcessor [4173 RunDispatch] - Search requires the following indexes="[infra]"
02-06-2024 20:20:48.512 INFO  IndexReaderIf [4173 RunDispatch] - Loading Clustering bucket manifest file=/opt/splunk/var/run/splunk/cluster/search-buckets/search_sitedefault_gen106.csv.gz
02-06-2024 20:20:48.512 INFO  DatabaseDirectoryManager [4173 RunDispatch] - initDDMsFromSearchBucketManifest path=/opt/splunk/var/run/splunk/cluster/search-buckets/search_sitedefault_gen106.csv.gz, indexWhiteList_size=1
02-06-2024 20:20:48.513 INFO  CMBucketId [4173 RunDispatch] - CMIndexId: New indexName=_telemetry inserted, mapping to id=1
02-06-2024 20:20:48.513 INFO  CMBucketId [4173 RunDispatch] - CMIndexId: New indexName=_audit inserted, mapping to id=2
02-06-2024 20:20:48.513 INFO  CMBucketId [4173 RunDispatch] - CMIndexId: New indexName=_internal inserted, mapping to id=3
02-06-2024 20:20:48.513 INFO  dispatchRunner [4173 RunDispatch] - SearchPeerInitSearchMs=14
02-06-2024 20:20:48.513 INFO  dispatchRunner [4173 RunDispatch] - BSOrchestrator launching the parallel pipelines.
02-06-2024 20:20:48.513 INFO  SearchPipelineExecutor [4173 RunDispatch] - Number of BatchSearch pipelines launched=1
02-06-2024 20:20:48.513 INFO  SearchPipelineExecutor [4173 RunDispatch] - Starting to transmit serialized search results.
02-06-2024 20:20:48.513 INFO  SearchPipelineExecutor [4186 NormSerializeExecutorThread] - NormSerializeExecutorThread pipeline=0 is started in its own thread.
02-06-2024 20:20:48.513 INFO  SearchPipelineExecutor [4185 BatchSearch] - BatchSearch pipeline=0 is started in its own thread
02-06-2024 20:20:48.513 INFO  UserManager [4185 BatchSearch] - Setting user context: admin
02-06-2024 20:20:48.513 INFO  UserManager [4185 BatchSearch] - Done setting user context: NULL -> admin
02-06-2024 20:20:48.513 INFO  SearchParser [4185 BatchSearch] - PARSING: litsearch (index=infra source=*cisco_ironport_web.log* (url="*.bat*" OR url="*.exe*") _time>=1707164447.000) | addinfo  type=count label=prereport_events track_fieldmeta_events=true | fields  keepcolorder=t "prestats_reserved_*" "psrsvd_*" "user" | prestats  count by user
02-06-2024 20:20:48.513 INFO  StatsContext [4185 BatchSearch] -  Setting chunk size min=65536 max=1048576 double_every=100
02-06-2024 20:20:48.513 INFO  StatsContext [4185 BatchSearch] -  Setting max memory usage to 209715200
02-06-2024 20:20:48.620 INFO  SearchParser [4185 BatchSearch] - PARSING: typer | tags
02-06-2024 20:20:48.649 INFO  FastTyper [4185 BatchSearch] - found nodes count: comparisons=6, unique_comparisons=5, terms=4, unique_terms=4, phrases=12, unique_phrases=12, total leaves=22
02-06-2024 20:20:48.671 INFO  BatchSearch [4185 BatchSearch] - Using Batch Search
02-06-2024 20:20:48.672 INFO  UserManager [4185 BatchSearch] - Setting user context: admin
02-06-2024 20:20:48.672 INFO  UserManager [4185 BatchSearch] - Done setting user context: admin -> admin
02-06-2024 20:20:48.673 INFO  FastSearchFilter [4185 BatchSearch] - Finished initializing IndexScopedFilter - trivial=0, nTerms=0, oTerms=2, host=0, source=1, sourcetype=0, linecount=0 exactCustomCmp=0
02-06-2024 20:20:48.673 INFO  UserManager [4185 BatchSearch] - Unwound user context: admin -> admin
02-06-2024 20:20:48.673 INFO  BatchSearch [4185 BatchSearch] -  BatchSearch is initialized for indexes = {infra}, et = 1707164447.000000000, lt = 1707250848.620133000, index_et = -9223372036854775808.000000000, index_lt = 9223372036854775807.999999000, noRead = FALSE
02-06-2024 20:20:48.673 INFO  BatchSearch [4185 BatchSearch] - Clearing any DDM references
02-06-2024 20:20:48.673 INFO  CMBucketId [4185 BatchSearch] - CMIndexId: New indexName=infra inserted, mapping to id=4
02-06-2024 20:20:48.673 INFO  BatchSearch [4185 BatchSearch] - index: infra dbsize=7
02-06-2024 20:20:48.673 INFO  UnifiedSearch [4185 BatchSearch] - Initialization of search data structures took 53 ms
02-06-2024 20:20:48.673 INFO  UnifiedSearch [4185 BatchSearch] - Processed search targeting arguments
02-06-2024 20:20:48.674 INFO  StatsProcessorV2 [4185 BatchSearch] - StatsV2 (stats) args: count, by, user
02-06-2024 20:20:48.674 INFO  StatsProcessorV2 [4185 BatchSearch] - StatsProcessorV2::processArguments: Unaligned accesses are free
02-06-2024 20:20:48.674 INFO  StatsAggregations [4185 BatchSearch] - Instantiating Stats function group_count for key=, alias=count
02-06-2024 20:20:48.674 INFO  StatsContext [4185 BatchSearch] - shouldFallbackToOldStats: _use_v2_level=USE_V2_ALL, fallback=false
02-06-2024 20:20:48.710 INFO  BatchSearch [4185 BatchSearch] - Searching index:infra with LISPY:'[ AND source::*cisco_ironport_web.log* [ OR bat* exe* url::*.bat* url::*.exe* ] ]'
02-06-2024 20:20:48.830 INFO  SearchOperator:kv [4185 BatchSearch] - Trying to disable extractor name="(?<domain>www.[^:\/\s]+)"
02-06-2024 20:20:48.830 INFO  SearchOperator:kv [4185 BatchSearch] - Disabling extractor name="(?<domain>www.[^:\/\s]+)" - it does not extract any of the required fields
02-06-2024 20:20:48.830 INFO  SearchOperator:kv [4185 BatchSearch] - Trying to disable extractor name="(?<url>(http|https):\/\/www.[^\s]+)"
02-06-2024 20:20:48.830 INFO  SearchOperator:kv [4185 BatchSearch] - Trying to disable extractor name="(?<user>[\w\d\.\-]+\@[\w\d\.]+)"
02-06-2024 20:20:48.839 INFO  BatchSearch [4185 BatchSearch] - Setting up cache file for bkt=infra~7~A7E1805D-45C6-44A6-8F41-DCD62F97B6BC
02-06-2024 20:20:48.841 INFO  BatchSearch [4185 BatchSearch] - Setting up cache file for bkt=infra~6~A7E1805D-45C6-44A6-8F41-DCD62F97B6BC
02-06-2024 20:20:48.842 INFO  BatchSearch [4185 BatchSearch] - Setting up cache file for bkt=infra~5~A7E1805D-45C6-44A6-8F41-DCD62F97B6BC
02-06-2024 20:20:48.842 INFO  BatchSearch [4185 BatchSearch] - Setting up cache file for bkt=infra~2~A7E1805D-45C6-44A6-8F41-DCD62F97B6BC
02-06-2024 20:20:48.851 INFO  BatchSearch [4185 BatchSearch] - Setting up cache file for bkt=infra~0~A7E1805D-45C6-44A6-8F41-DCD62F97B6BC
02-06-2024 20:20:48.852 INFO  UserManager [4185 BatchSearch] - Unwound user context: admin -> NULL
02-06-2024 20:20:48.852 INFO  SearchPipelineExecutor [4185 BatchSearch] - BatchSearch pipleine=0 is finished.
02-06-2024 20:20:48.853 INFO  SearchPipelineExecutor [4186 NormSerializeExecutorThread] - NormSerializeExecutorThread pipeline=0 is finished.
02-06-2024 20:20:48.853 INFO  SearchPipelineExecutor [4173 RunDispatch] - Done transmitting serialized search results, total bytes transmitted 19844.
02-06-2024 20:20:48.853 INFO  dispatchRunner [4173 RunDispatch] - Finished parallel pipeline processing.
02-06-2024 20:20:48.854 INFO  ISearchOperator [4173 RunDispatch] - 0x7f0f42dc8400 PREAD_HISTOGRAM: usec_1_8=924 usec_8_64=2 usec_64_512=2 usec_512_4096=1 usec_4096_32768=0 usec_32768_262144=0 usec_262144_INF=0 
02-06-2024 20:20:48.854 INFO  SearchPipelineExecutor [4173 RunDispatch] - Batch Search Index Orchestrator has been shutdown.
02-06-2024 20:20:48.854 INFO  UserManager [4173 RunDispatch] - Unwound user context: admin -> NULL
02-06-2024 20:20:48.854 INFO  LookupDataProvider [4173 RunDispatch] - Clearing out lookup shared provider map
02-06-2024 20:20:48.855 INFO  dispatchRunner [19050 MainThread] - RunDispatch is done: sid=remote_GOEL-SearchHead_admin__admin__search__search2_1707250847.2, exit=0
