02-06-2024 20:20:48.448 INFO  dispatchRunner [21298 MainThread] - Search process mode: preforked (first search in process) (build b985591d12fd).
02-06-2024 20:20:48.448 INFO  dispatchRunner [21298 MainThread] - initing LicenseMgr in search process: nonPro=0
02-06-2024 20:20:48.448 INFO  LMStackMgr [21298 MainThread] - Initializing CleMgr...
02-06-2024 20:20:48.448 INFO  LicenseMgr [21298 MainThread] - Initing LicenseMgr
02-06-2024 20:20:48.448 INFO  LMConfig [21298 MainThread] - serverName=GOEL-Indexer3 guid=A4B2739E-EC56-4B6D-9A88-3AA302EAA608
02-06-2024 20:20:48.451 INFO  LMConfig [21298 MainThread] - connection_timeout=30
02-06-2024 20:20:48.451 INFO  LMConfig [21298 MainThread] - send_timeout=30
02-06-2024 20:20:48.451 INFO  LMConfig [21298 MainThread] - receive_timeout=30
02-06-2024 20:20:48.451 INFO  LMConfig [21298 MainThread] - key=license_warnings_update_interval not found in licenser stanza of server.conf, defaulting=0
02-06-2024 20:20:48.451 INFO  LMConfig [21298 MainThread] - squash_threshold=2000
02-06-2024 20:20:48.451 INFO  LMConfig [21298 MainThread] - strict_pool_quota=1
02-06-2024 20:20:48.451 INFO  LMConfig [21298 MainThread] - key=pool_suggestion not found in licenser stanza of server.conf, defaulting=''
02-06-2024 20:20:48.451 INFO  LMConfig [21298 MainThread] - key=test_aws_metering not found in licenser stanza of server.conf, defaulting=0
02-06-2024 20:20:48.451 INFO  LMConfig [21298 MainThread] - key=test_aws_product_code not found in licenser stanza of server.conf, defaulting=0
02-06-2024 20:20:48.452 INFO  LicenseMgr [21298 MainThread] - Initing LicenseMgr runContext_splunkd=false
02-06-2024 20:20:48.452 INFO  LMStackMgr [21298 MainThread] - closing stack mgr
02-06-2024 20:20:48.452 INFO  LMSlaveInfo [21298 MainThread] - all slaves cleared
02-06-2024 20:20:48.452 INFO  LMStackMgr [21298 MainThread] - partial init only since node has remote master=https://10.0.3.7:8089
02-06-2024 20:20:48.452 INFO  LicenseMgr [21298 MainThread] - StackMgr init complete...
02-06-2024 20:20:48.452 INFO  LMTracker [21298 MainThread] - Setting default product type='enterprise'
02-06-2024 20:20:48.452 INFO  LMTracker [21298 MainThread] - this is not splunkd, will perform partial init
02-06-2024 20:20:48.452 INFO  LicenseMgr [21298 MainThread] - Tracker init complete...
02-06-2024 20:20:48.466 INFO  AdminManagerDispatch [21298 MainThread] - added factory for admin handler: 'licenses'
02-06-2024 20:20:48.466 INFO  AdminManagerDispatch [21298 MainThread] - added factory for admin handler: 'pools'
02-06-2024 20:20:48.466 INFO  AdminManagerDispatch [21298 MainThread] - added factory for admin handler: 'stacks'
02-06-2024 20:20:48.466 INFO  AdminManagerDispatch [21298 MainThread] - added factory for admin handler: 'groups'
02-06-2024 20:20:48.466 INFO  AdminManagerDispatch [21298 MainThread] - added factory for admin handler: 'slaves'
02-06-2024 20:20:48.466 INFO  AdminManagerDispatch [21298 MainThread] - added factory for admin handler: 'peers'
02-06-2024 20:20:48.466 INFO  AdminManagerDispatch [21298 MainThread] - added factory for admin handler: 'localslave'
02-06-2024 20:20:48.466 INFO  AdminManagerDispatch [21298 MainThread] - added factory for admin handler: 'localpeer'
02-06-2024 20:20:48.466 INFO  AdminManagerDispatch [21298 MainThread] - added factory for admin handler: 'licensermessages'
02-06-2024 20:20:48.466 INFO  AdminManagerDispatch [21298 MainThread] - added factory for admin handler: 'scriptedwarning'
02-06-2024 20:20:48.466 INFO  AdminManagerDispatch [21298 MainThread] - added factory for admin handler: 'licenseusage'
02-06-2024 20:20:48.466 INFO  LicenseMgr [21298 MainThread] - Initing LicenseMgr
02-06-2024 20:20:48.466 INFO  LMConfig [21298 MainThread] - serverName=GOEL-Indexer3 guid=A4B2739E-EC56-4B6D-9A88-3AA302EAA608
02-06-2024 20:20:48.466 INFO  LMConfig [21298 MainThread] - connection_timeout=30
02-06-2024 20:20:48.466 INFO  LMConfig [21298 MainThread] - send_timeout=30
02-06-2024 20:20:48.466 INFO  LMConfig [21298 MainThread] - receive_timeout=30
02-06-2024 20:20:48.466 INFO  LMConfig [21298 MainThread] - key=license_warnings_update_interval not found in licenser stanza of server.conf, defaulting=0
02-06-2024 20:20:48.466 INFO  LMConfig [21298 MainThread] - squash_threshold=2000
02-06-2024 20:20:48.466 INFO  LMConfig [21298 MainThread] - strict_pool_quota=1
02-06-2024 20:20:48.466 INFO  LMConfig [21298 MainThread] - key=pool_suggestion not found in licenser stanza of server.conf, defaulting=''
02-06-2024 20:20:48.466 INFO  LMConfig [21298 MainThread] - key=test_aws_metering not found in licenser stanza of server.conf, defaulting=0
02-06-2024 20:20:48.466 INFO  LMConfig [21298 MainThread] - key=test_aws_product_code not found in licenser stanza of server.conf, defaulting=0
02-06-2024 20:20:48.466 INFO  dispatchRunner [21298 MainThread] - Feature flag post-args={"v":1,"enabledFeatures":["stats:allow_stats_v2"],"disabledFeatures":["searchresults:srs2"]}
02-06-2024 20:20:48.466 INFO  SearchFeatureFlags [21298 MainThread] - Initializing feature flags from config. feature_seed=46947589
02-06-2024 20:20:48.466 INFO  SearchFeatureFlags [21298 MainThread] - Setting feature_flag=parallelreduce:enablePreview:true
02-06-2024 20:20:48.466 INFO  SearchFeatureFlags [21298 MainThread] - Setting feature_flag=search:search_retry:false
02-06-2024 20:20:48.466 INFO  SearchFeatureFlags [21298 MainThread] - Setting feature_flag=search:search_retry_realtime:false
02-06-2024 20:20:48.466 INFO  SearchFeatureFlags [21298 MainThread] - Setting feature_flag=parallelreduce:autoAppliedPercentage:false
02-06-2024 20:20:48.466 INFO  SearchFeatureFlags [21298 MainThread] - Setting feature_flag=subsearch:enableConcurrentPipelineProcessing:false
02-06-2024 20:20:48.466 INFO  SearchFeatureFlags [21298 MainThread] - Setting feature_flag=stats:allow_stats_v2:true
02-06-2024 20:20:48.466 INFO  SearchFeatureFlags [21298 MainThread] - Setting feature_flag=search_optimization::set_required_fields:stats:false
02-06-2024 20:20:48.466 INFO  SearchFeatureFlags [21298 MainThread] - Setting feature_flag=searchresults:srs2:false
02-06-2024 20:20:48.466 INFO  SearchFeatureFlags [21298 MainThread] - Setting feature_flag=search:read_final_results_from_timeliner:true
02-06-2024 20:20:48.466 INFO  SearchFeatureFlags [21298 MainThread] - Overlaying SearchFeatureFlags from jsonNode={"v":1,"enabledFeatures":["stats:allow_stats_v2"],"disabledFeatures":["searchresults:srs2"]}
02-06-2024 20:20:48.466 INFO  dispatchRunner [21298 MainThread] - registering build time modules, count=1
02-06-2024 20:20:48.466 INFO  dispatchRunner [21298 MainThread] - registering search time components of build time module name=vix
02-06-2024 20:20:48.466 INFO  dispatchRunner [21298 MainThread] - Getting search configuration data from: /opt/splunk/etc/modules/parsing/config.xml
02-06-2024 20:20:48.477 WARN  SSLOptions [21298 MainThread] - server.conf/[kvstore]/sslVerifyServerCert is false disabling certificate validation; must be set to "true" for increased security
02-06-2024 20:20:48.478 INFO  BundlesSetup [21298 MainThread] - Setup stats for /opt/splunk/var/run/searchpeers/GOEL-SearchHead-1707250705: wallclock_elapsed_msec=38, cpu_time_used=0.0195973, shared_services_generation=2, shared_services_population=1
02-06-2024 20:20:48.507 INFO  UserManagerPro [21298 MainThread] - Load authentication: forcing roles="admin, can_delete, power, user"
02-06-2024 20:20:48.507 INFO  PipelineComponent [21298 MainThread] - Ingestion pipeline sets have been configured to use pipeline set policy=round_robin for multiple pipeline sets.
02-06-2024 20:20:48.513 INFO  UserManager [6488 RunDispatch] - Setting user context: splunk-system-user
02-06-2024 20:20:48.513 INFO  UserManager [6488 RunDispatch] - Done setting user context: NULL -> splunk-system-user
02-06-2024 20:20:48.513 INFO  UserManager [6488 RunDispatch] - Unwound user context: splunk-system-user -> NULL
02-06-2024 20:20:48.513 INFO  UserManager [6488 RunDispatch] - Setting user context: admin
02-06-2024 20:20:48.513 INFO  UserManager [6488 RunDispatch] - Done setting user context: NULL -> admin
02-06-2024 20:20:48.514 INFO  dispatchRunner [6488 RunDispatch] - search context: user="admin", app="search", bs-pathname="/opt/splunk/var/run/searchpeers/GOEL-SearchHead-1707250705"
02-06-2024 20:20:48.527 WARN  IndexConfig [6488 RunDispatch] - Max bucket size is larger than destination path size limit. Please check your index configuration. idx=bcgames; bucket size in (from maxDataSize) 750 MB, homePath.maxDataSizeMB=100,  coldPath.maxDataSizeMB=100
02-06-2024 20:20:48.527 WARN  IndexConfig [6488 RunDispatch] - Home path size limit cannot accomodate maximum number of hot buckets with specified bucket size because homePath.maxDataSizeMB is too small. Please check your index configuration: idx=bcgames maxDataSize=750 MB, homePath.maxDataSizeMB=100 MB
02-06-2024 20:20:48.527 WARN  IndexConfig [6488 RunDispatch] - Max bucket size is larger than destination path size limit. Please check your index configuration. idx=infra; bucket size in (from maxDataSize) 750 MB, homePath.maxDataSizeMB=100,  coldPath.maxDataSizeMB=100
02-06-2024 20:20:48.527 WARN  IndexConfig [6488 RunDispatch] - Home path size limit cannot accomodate maximum number of hot buckets with specified bucket size because homePath.maxDataSizeMB is too small. Please check your index configuration: idx=infra maxDataSize=750 MB, homePath.maxDataSizeMB=100 MB
02-06-2024 20:20:48.527 WARN  IndexConfig [6488 RunDispatch] - Max bucket size is larger than destination path size limit. Please check your index configuration. idx=soc; bucket size in (from maxDataSize) 750 MB, homePath.maxDataSizeMB=100,  coldPath.maxDataSizeMB=100
02-06-2024 20:20:48.527 WARN  IndexConfig [6488 RunDispatch] - Home path size limit cannot accomodate maximum number of hot buckets with specified bucket size because homePath.maxDataSizeMB is too small. Please check your index configuration: idx=soc maxDataSize=750 MB, homePath.maxDataSizeMB=100 MB
02-06-2024 20:20:48.528 INFO  SearchParser [6488 RunDispatch] - PARSING: litsearch (index=infra source=*cisco_ironport_web.log* (url="*.bat*" OR url="*.exe*") _time>=1707164447.000) | addinfo  type=count label=prereport_events track_fieldmeta_events=true | fields  keepcolorder=t "prestats_reserved_*" "psrsvd_*" "user" | prestats  count by user
02-06-2024 20:20:48.528 INFO  StatsContext [6488 RunDispatch] -  Setting chunk size min=65536 max=1048576 double_every=100
02-06-2024 20:20:48.528 INFO  StatsContext [6488 RunDispatch] -  Setting max memory usage to 209715200
02-06-2024 20:20:48.529 INFO  SearchParser [6488 RunDispatch] - PARSING: litsearch (index=infra source=*cisco_ironport_web.log* (url="*.bat*" OR url="*.exe*") _time>=1707164447.000) | addinfo  type=count label=prereport_events track_fieldmeta_events=true | fields  keepcolorder=t "prestats_reserved_*" "psrsvd_*" "user" | prestats  count by user
02-06-2024 20:20:48.529 INFO  StatsContext [6488 RunDispatch] -  Setting chunk size min=65536 max=1048576 double_every=100
02-06-2024 20:20:48.529 INFO  StatsContext [6488 RunDispatch] -  Setting max memory usage to 209715200
02-06-2024 20:20:48.529 INFO  UserManager [6488 RunDispatch] - Setting user context: splunk-system-user
02-06-2024 20:20:48.529 INFO  UserManager [6488 RunDispatch] - Done setting user context: admin -> splunk-system-user
02-06-2024 20:20:48.529 INFO  UserManager [6488 RunDispatch] - Setting user context: admin
02-06-2024 20:20:48.529 INFO  UserManager [6488 RunDispatch] - Done setting user context: splunk-system-user -> admin
02-06-2024 20:20:48.535 INFO  UserManager [6488 RunDispatch] - Unwound user context: admin -> splunk-system-user
02-06-2024 20:20:48.535 INFO  UserManager [6488 RunDispatch] - Unwound user context: splunk-system-user -> admin
02-06-2024 20:20:48.535 INFO  DispatchCommandProcessor [6488 RunDispatch] - Search requires the following indexes="[infra]"
02-06-2024 20:20:48.535 INFO  IndexReaderIf [6488 RunDispatch] - Loading Clustering bucket manifest file=/opt/splunk/var/run/splunk/cluster/search-buckets/search_sitedefault_gen106.csv.gz
02-06-2024 20:20:48.535 INFO  DatabaseDirectoryManager [6488 RunDispatch] - initDDMsFromSearchBucketManifest path=/opt/splunk/var/run/splunk/cluster/search-buckets/search_sitedefault_gen106.csv.gz, indexWhiteList_size=1
02-06-2024 20:20:48.536 INFO  CMBucketId [6488 RunDispatch] - CMIndexId: New indexName=_telemetry inserted, mapping to id=1
02-06-2024 20:20:48.536 INFO  CMBucketId [6488 RunDispatch] - CMIndexId: New indexName=_audit inserted, mapping to id=2
02-06-2024 20:20:48.536 INFO  CMBucketId [6488 RunDispatch] - CMIndexId: New indexName=_internal inserted, mapping to id=3
02-06-2024 20:20:48.536 INFO  dispatchRunner [6488 RunDispatch] - SearchPeerInitSearchMs=23
02-06-2024 20:20:48.536 INFO  dispatchRunner [6488 RunDispatch] - BSOrchestrator launching the parallel pipelines.
02-06-2024 20:20:48.536 INFO  SearchPipelineExecutor [6488 RunDispatch] - Number of BatchSearch pipelines launched=1
02-06-2024 20:20:48.536 INFO  SearchPipelineExecutor [6488 RunDispatch] - Starting to transmit serialized search results.
02-06-2024 20:20:48.544 INFO  SearchPipelineExecutor [6498 BatchSearch] - BatchSearch pipeline=0 is started in its own thread
02-06-2024 20:20:48.544 INFO  UserManager [6498 BatchSearch] - Setting user context: admin
02-06-2024 20:20:48.544 INFO  UserManager [6498 BatchSearch] - Done setting user context: NULL -> admin
02-06-2024 20:20:48.544 INFO  SearchParser [6498 BatchSearch] - PARSING: litsearch (index=infra source=*cisco_ironport_web.log* (url="*.bat*" OR url="*.exe*") _time>=1707164447.000) | addinfo  type=count label=prereport_events track_fieldmeta_events=true | fields  keepcolorder=t "prestats_reserved_*" "psrsvd_*" "user" | prestats  count by user
02-06-2024 20:20:48.544 INFO  StatsContext [6498 BatchSearch] -  Setting chunk size min=65536 max=1048576 double_every=100
02-06-2024 20:20:48.544 INFO  StatsContext [6498 BatchSearch] -  Setting max memory usage to 209715200
02-06-2024 20:20:48.546 INFO  SearchPipelineExecutor [6499 NormSerializeExecutorThread] - NormSerializeExecutorThread pipeline=0 is started in its own thread.
02-06-2024 20:20:48.634 INFO  SearchParser [6498 BatchSearch] - PARSING: typer | tags
02-06-2024 20:20:48.643 INFO  FastTyper [6498 BatchSearch] - found nodes count: comparisons=6, unique_comparisons=5, terms=4, unique_terms=4, phrases=12, unique_phrases=12, total leaves=22
02-06-2024 20:20:48.644 INFO  BatchSearch [6498 BatchSearch] - Using Batch Search
02-06-2024 20:20:48.645 INFO  UserManager [6498 BatchSearch] - Setting user context: admin
02-06-2024 20:20:48.645 INFO  UserManager [6498 BatchSearch] - Done setting user context: admin -> admin
02-06-2024 20:20:48.645 INFO  FastSearchFilter [6498 BatchSearch] - Finished initializing IndexScopedFilter - trivial=0, nTerms=0, oTerms=2, host=0, source=1, sourcetype=0, linecount=0 exactCustomCmp=0
02-06-2024 20:20:48.645 INFO  UserManager [6498 BatchSearch] - Unwound user context: admin -> admin
02-06-2024 20:20:48.645 INFO  BatchSearch [6498 BatchSearch] -  BatchSearch is initialized for indexes = {infra}, et = 1707164447.000000000, lt = 1707250848.633428000, index_et = -9223372036854775808.000000000, index_lt = 9223372036854775807.999999000, noRead = FALSE
02-06-2024 20:20:48.645 INFO  BatchSearch [6498 BatchSearch] - Clearing any DDM references
02-06-2024 20:20:48.646 INFO  CMBucketId [6498 BatchSearch] - CMIndexId: New indexName=infra inserted, mapping to id=4
02-06-2024 20:20:48.646 INFO  BatchSearch [6498 BatchSearch] - index: infra dbsize=6
02-06-2024 20:20:48.646 INFO  UnifiedSearch [6498 BatchSearch] - Initialization of search data structures took 13 ms
02-06-2024 20:20:48.646 INFO  UnifiedSearch [6498 BatchSearch] - Processed search targeting arguments
02-06-2024 20:20:48.646 INFO  StatsProcessorV2 [6498 BatchSearch] - StatsV2 (stats) args: count, by, user
02-06-2024 20:20:48.646 INFO  StatsProcessorV2 [6498 BatchSearch] - StatsProcessorV2::processArguments: Unaligned accesses are free
02-06-2024 20:20:48.646 INFO  StatsAggregations [6498 BatchSearch] - Instantiating Stats function group_count for key=, alias=count
02-06-2024 20:20:48.646 INFO  StatsContext [6498 BatchSearch] - shouldFallbackToOldStats: _use_v2_level=USE_V2_ALL, fallback=false
02-06-2024 20:20:48.655 INFO  BatchSearch [6498 BatchSearch] - Searching index:infra with LISPY:'[ AND source::*cisco_ironport_web.log* [ OR bat* exe* url::*.bat* url::*.exe* ] ]'
02-06-2024 20:20:48.684 INFO  SearchOperator:kv [6498 BatchSearch] - Trying to disable extractor name="(?<domain>www.[^:\/\s]+)"
02-06-2024 20:20:48.684 INFO  SearchOperator:kv [6498 BatchSearch] - Disabling extractor name="(?<domain>www.[^:\/\s]+)" - it does not extract any of the required fields
02-06-2024 20:20:48.684 INFO  SearchOperator:kv [6498 BatchSearch] - Trying to disable extractor name="(?<url>(http|https):\/\/www.[^\s]+)"
02-06-2024 20:20:48.685 INFO  SearchOperator:kv [6498 BatchSearch] - Trying to disable extractor name="(?<user>[\w\d\.\-]+\@[\w\d\.]+)"
02-06-2024 20:20:48.685 INFO  BatchSearch [6498 BatchSearch] - Setting up cache file for bkt=infra~5~A4B2739E-EC56-4B6D-9A88-3AA302EAA608
02-06-2024 20:20:48.687 INFO  BatchSearch [6498 BatchSearch] - Setting up cache file for bkt=infra~4~A4B2739E-EC56-4B6D-9A88-3AA302EAA608
02-06-2024 20:20:48.688 INFO  BatchSearch [6498 BatchSearch] - Setting up cache file for bkt=infra~2~A4B2739E-EC56-4B6D-9A88-3AA302EAA608
02-06-2024 20:20:48.689 INFO  BatchSearch [6498 BatchSearch] - Setting up cache file for bkt=infra~0~A4B2739E-EC56-4B6D-9A88-3AA302EAA608
02-06-2024 20:20:48.691 INFO  UserManager [6498 BatchSearch] - Unwound user context: admin -> NULL
02-06-2024 20:20:48.691 INFO  SearchPipelineExecutor [6498 BatchSearch] - BatchSearch pipleine=0 is finished.
02-06-2024 20:20:48.692 INFO  SearchPipelineExecutor [6499 NormSerializeExecutorThread] - NormSerializeExecutorThread pipeline=0 is finished.
02-06-2024 20:20:48.692 INFO  SearchPipelineExecutor [6488 RunDispatch] - Done transmitting serialized search results, total bytes transmitted 34536.
02-06-2024 20:20:48.692 INFO  dispatchRunner [6488 RunDispatch] - Finished parallel pipeline processing.
02-06-2024 20:20:48.692 INFO  ISearchOperator [6488 RunDispatch] - 0x7f97069c8400 PREAD_HISTOGRAM: usec_1_8=823 usec_8_64=0 usec_64_512=1 usec_512_4096=0 usec_4096_32768=0 usec_32768_262144=0 usec_262144_INF=0 
02-06-2024 20:20:48.693 INFO  SearchPipelineExecutor [6488 RunDispatch] - Batch Search Index Orchestrator has been shutdown.
02-06-2024 20:20:48.693 INFO  UserManager [6488 RunDispatch] - Unwound user context: admin -> NULL
02-06-2024 20:20:48.693 INFO  LookupDataProvider [6488 RunDispatch] - Clearing out lookup shared provider map
02-06-2024 20:20:48.694 INFO  dispatchRunner [21298 MainThread] - RunDispatch is done: sid=remote_GOEL-SearchHead_admin__admin__search__search2_1707250847.2, exit=0
