02-06-2024 19:17:00.293 INFO  dispatchRunner [28406 MainThread] - Search process mode: preforked (first search in process) (build b985591d12fd).
02-06-2024 19:17:00.293 INFO  dispatchRunner [28406 MainThread] - initing LicenseMgr in search process: nonPro=0
02-06-2024 19:17:00.293 INFO  LMStackMgr [28406 MainThread] - Initializing CleMgr...
02-06-2024 19:17:00.293 INFO  LicenseMgr [28406 MainThread] - Initing LicenseMgr
02-06-2024 19:17:00.293 INFO  LMConfig [28406 MainThread] - serverName=GOEL-SearchHead guid=51367ECF-193E-4082-849C-4DF59054FDA5
02-06-2024 19:17:00.296 INFO  LMConfig [28406 MainThread] - connection_timeout=30
02-06-2024 19:17:00.296 INFO  LMConfig [28406 MainThread] - send_timeout=30
02-06-2024 19:17:00.296 INFO  LMConfig [28406 MainThread] - receive_timeout=30
02-06-2024 19:17:00.296 INFO  LMConfig [28406 MainThread] - key=license_warnings_update_interval not found in licenser stanza of server.conf, defaulting=0
02-06-2024 19:17:00.296 INFO  LMConfig [28406 MainThread] - squash_threshold=2000
02-06-2024 19:17:00.296 INFO  LMConfig [28406 MainThread] - strict_pool_quota=1
02-06-2024 19:17:00.296 INFO  LMConfig [28406 MainThread] - key=pool_suggestion not found in licenser stanza of server.conf, defaulting=''
02-06-2024 19:17:00.296 INFO  LMConfig [28406 MainThread] - key=test_aws_metering not found in licenser stanza of server.conf, defaulting=0
02-06-2024 19:17:00.296 INFO  LMConfig [28406 MainThread] - key=test_aws_product_code not found in licenser stanza of server.conf, defaulting=0
02-06-2024 19:17:00.296 INFO  LicenseMgr [28406 MainThread] - Initing LicenseMgr runContext_splunkd=false
02-06-2024 19:17:00.296 INFO  LMStackMgr [28406 MainThread] - closing stack mgr
02-06-2024 19:17:00.296 INFO  LMSlaveInfo [28406 MainThread] - all slaves cleared
02-06-2024 19:17:00.297 INFO  LMStackMgr [28406 MainThread] - Initalized license_warnings_update_interval=auto
02-06-2024 19:17:00.297 INFO  LMStackMgr [28406 MainThread] - License Manager supports Conditional Licensing Enforcement. For baked in CLE policies, window_period=60 days, max_violations=45, for stack size below 107374182400 bytes
02-06-2024 19:17:00.297 INFO  LMLicense [28406 MainThread] - Applying default enforcement policy for free
02-06-2024 19:17:00.297 INFO  LMStackMgr [28406 MainThread] - Added policy WinSz=30 Warnings=3 MaxSize=0 isDefault=1 features= for free
02-06-2024 19:17:00.297 INFO  LMLicense [28406 MainThread] - Applying default enforcement policy for forwarder
02-06-2024 19:17:00.297 INFO  LMStackMgr [28406 MainThread] - Added policy WinSz=30 Warnings=5 MaxSize=0 isDefault=1 features= for forwarder
02-06-2024 19:17:00.298 INFO  LMStack [28406 MainThread] - Added type=download-trial license, from file=enttrial.lic, to stack=download-trial of group=Trial
02-06-2024 19:17:00.298 INFO  LMLicense [28406 MainThread] - Applying default enforcement policy for download-trial
02-06-2024 19:17:00.298 INFO  LMStackMgr [28406 MainThread] - created stack='download-trial'
02-06-2024 19:17:00.298 INFO  LMStackMgr [28406 MainThread] - Added policy WinSz=30 Warnings=5 MaxSize=0 isDefault=1 features= for download-trial
02-06-2024 19:17:00.298 INFO  LMStackMgr [28406 MainThread] - have to auto-set active stack group='Trial' reason='invalid/missing group id' gidStr='' oldGid=Invalid
02-06-2024 19:17:00.298 INFO  LMStackMgr [28406 MainThread] - added pool auto_generated_pool_download-trial to stack download-trial
02-06-2024 19:17:00.298 INFO  LMStackMgr [28406 MainThread] - added pool auto_generated_pool_forwarder to stack forwarder
02-06-2024 19:17:00.298 INFO  LMStackMgr [28406 MainThread] - added pool auto_generated_pool_free to stack free
02-06-2024 19:17:00.298 INFO  LMStackMgr [28406 MainThread] - Initialized hideQuotaWarning = "0"
02-06-2024 19:17:00.298 INFO  LMStackMgr [28406 MainThread] - init completed [51367ECF-193E-4082-849C-4DF59054FDA5,Trial,runContext_splunkd=false]
02-06-2024 19:17:00.298 INFO  LicenseMgr [28406 MainThread] - StackMgr init complete...
02-06-2024 19:17:00.298 INFO  LMTracker [28406 MainThread] - Setting default product type='enterprise'
02-06-2024 19:17:00.298 INFO  LMTracker [28406 MainThread] - this is not splunkd, will perform partial init
02-06-2024 19:17:00.298 INFO  LicenseMgr [28406 MainThread] - Tracker init complete...
02-06-2024 19:17:00.310 INFO  AdminManagerDispatch [28406 MainThread] - added factory for admin handler: 'licenses'
02-06-2024 19:17:00.310 INFO  AdminManagerDispatch [28406 MainThread] - added factory for admin handler: 'pools'
02-06-2024 19:17:00.310 INFO  AdminManagerDispatch [28406 MainThread] - added factory for admin handler: 'stacks'
02-06-2024 19:17:00.310 INFO  AdminManagerDispatch [28406 MainThread] - added factory for admin handler: 'groups'
02-06-2024 19:17:00.310 INFO  AdminManagerDispatch [28406 MainThread] - added factory for admin handler: 'slaves'
02-06-2024 19:17:00.310 INFO  AdminManagerDispatch [28406 MainThread] - added factory for admin handler: 'peers'
02-06-2024 19:17:00.310 INFO  AdminManagerDispatch [28406 MainThread] - added factory for admin handler: 'localslave'
02-06-2024 19:17:00.310 INFO  AdminManagerDispatch [28406 MainThread] - added factory for admin handler: 'localpeer'
02-06-2024 19:17:00.310 INFO  AdminManagerDispatch [28406 MainThread] - added factory for admin handler: 'licensermessages'
02-06-2024 19:17:00.310 INFO  AdminManagerDispatch [28406 MainThread] - added factory for admin handler: 'scriptedwarning'
02-06-2024 19:17:00.310 INFO  AdminManagerDispatch [28406 MainThread] - added factory for admin handler: 'licenseusage'
02-06-2024 19:17:00.310 INFO  LicenseMgr [28406 MainThread] - Initing LicenseMgr
02-06-2024 19:17:00.310 INFO  LMConfig [28406 MainThread] - serverName=GOEL-SearchHead guid=51367ECF-193E-4082-849C-4DF59054FDA5
02-06-2024 19:17:00.310 INFO  LMConfig [28406 MainThread] - connection_timeout=30
02-06-2024 19:17:00.310 INFO  LMConfig [28406 MainThread] - send_timeout=30
02-06-2024 19:17:00.310 INFO  LMConfig [28406 MainThread] - receive_timeout=30
02-06-2024 19:17:00.310 INFO  LMConfig [28406 MainThread] - key=license_warnings_update_interval not found in licenser stanza of server.conf, defaulting=0
02-06-2024 19:17:00.310 INFO  LMConfig [28406 MainThread] - squash_threshold=2000
02-06-2024 19:17:00.310 INFO  LMConfig [28406 MainThread] - strict_pool_quota=1
02-06-2024 19:17:00.310 INFO  LMConfig [28406 MainThread] - key=pool_suggestion not found in licenser stanza of server.conf, defaulting=''
02-06-2024 19:17:00.310 INFO  LMConfig [28406 MainThread] - key=test_aws_metering not found in licenser stanza of server.conf, defaulting=0
02-06-2024 19:17:00.310 INFO  LMConfig [28406 MainThread] - key=test_aws_product_code not found in licenser stanza of server.conf, defaulting=0
02-06-2024 19:17:00.311 INFO  dispatchRunner [28406 MainThread] - registering build time modules, count=1
02-06-2024 19:17:00.311 INFO  dispatchRunner [28406 MainThread] - registering search time components of build time module name=vix
02-06-2024 19:17:00.311 INFO  dispatchRunner [28406 MainThread] - Getting search configuration data from: /opt/splunk/etc/modules/parsing/config.xml
02-06-2024 19:17:00.313 WARN  SSLOptions [28406 MainThread] - server.conf/[kvstore]/sslVerifyServerCert is false disabling certificate validation; must be set to "true" for increased security
02-06-2024 19:17:00.314 INFO  BundlesSetup [28406 MainThread] - Setup stats for /opt/splunk/etc: wallclock_elapsed_msec=21, cpu_time_used=0.0129603, shared_services_generation=2, shared_services_population=1
02-06-2024 19:17:00.332 INFO  UserManagerPro [28406 MainThread] - Load authentication: forcing roles="admin, can_delete, power, splunk-system-role, user"
02-06-2024 19:17:00.333 INFO  PipelineComponent [28406 MainThread] - Ingestion pipeline sets have been configured to use pipeline set policy=round_robin for multiple pipeline sets.
02-06-2024 19:17:00.334 INFO  UserManager [28036 RunDispatch] - Setting user context: splunk-system-user
02-06-2024 19:17:00.334 INFO  UserManager [28036 RunDispatch] - Done setting user context: NULL -> splunk-system-user
02-06-2024 19:17:00.335 INFO  dispatchRunner [28036 RunDispatch] - search context: user="splunk-system-user", app="splunk_archiver", bs-pathname="/opt/splunk/etc"
02-06-2024 19:17:00.349 INFO  SearchParser [28036 RunDispatch] - PARSING: | archivebuckets
02-06-2024 19:17:00.351 INFO  dispatchRunner [28036 RunDispatch] - Search running in non-clustered mode
02-06-2024 19:17:00.351 INFO  dispatchRunner [28036 RunDispatch] - SearchHeadInitSearchMs=17
02-06-2024 19:17:00.351 INFO  dispatchRunner [28036 RunDispatch] - Executing the Search orchestrator and iterator model (dfs=false).
02-06-2024 19:17:00.352 INFO  SearchOrchestrator [28036 RunDispatch] - SearchOrchestrator getting constructed
02-06-2024 19:17:00.352 INFO  SearchOrchestrator [28036 RunDispatch] -  Initialized the SRI
02-06-2024 19:17:00.353 INFO  SearchFeatureFlags [28036 RunDispatch] - Initializing feature flags from config. feature_seed=3678288560
02-06-2024 19:17:00.353 INFO  SearchFeatureFlags [28036 RunDispatch] - Setting feature_flag=parallelreduce:enablePreview:true
02-06-2024 19:17:00.353 INFO  SearchFeatureFlags [28036 RunDispatch] - Setting feature_flag=search:search_retry:false
02-06-2024 19:17:00.353 INFO  SearchFeatureFlags [28036 RunDispatch] - Setting feature_flag=search:search_retry_realtime:false
02-06-2024 19:17:00.353 INFO  SearchFeatureFlags [28036 RunDispatch] - Setting feature_flag=parallelreduce:autoAppliedPercentage:false
02-06-2024 19:17:00.353 INFO  SearchFeatureFlags [28036 RunDispatch] - Setting feature_flag=subsearch:enableConcurrentPipelineProcessing:false
02-06-2024 19:17:00.353 INFO  SearchFeatureFlags [28036 RunDispatch] - Setting feature_flag=stats:allow_stats_v2:true
02-06-2024 19:17:00.353 INFO  SearchFeatureFlags [28036 RunDispatch] - Setting feature_flag=search_optimization::set_required_fields:stats:false
02-06-2024 19:17:00.353 INFO  SearchFeatureFlags [28036 RunDispatch] - Setting feature_flag=searchresults:srs2:false
02-06-2024 19:17:00.353 INFO  SearchFeatureFlags [28036 RunDispatch] - Setting feature_flag=search:read_final_results_from_timeliner:true
02-06-2024 19:17:00.353 INFO  SearchOrchestrator [28036 RunDispatch] - Search feature_flags={"v":1,"enabledFeatures":["parallelreduce:enablePreview","stats:allow_stats_v2","search:read_final_results_from_timeliner"],"disabledFeatures":["search:search_retry","search:search_retry_realtime","parallelreduce:autoAppliedPercentage","subsearch:enableConcurrentPipelineProcessing","search_optimization::set_required_fields:stats","searchresults:srs2"]}
02-06-2024 19:17:00.353 INFO  ISplunkDispatch [28036 RunDispatch] - Not running in splunkd. Bundle replication not triggered.
02-06-2024 19:17:00.361 INFO  SearchOrchestrator [28043 searchOrchestrator] - Initialzing the run time settings for the orchestrator.
02-06-2024 19:17:00.361 INFO  UserManager [28043 searchOrchestrator] - Setting user context: splunk-system-user
02-06-2024 19:17:00.361 INFO  UserManager [28043 searchOrchestrator] - Done setting user context: NULL -> splunk-system-user
02-06-2024 19:17:00.362 INFO  AdaptiveSearchEngineSelector [28043 searchOrchestrator] - Search execution_plan=classic
02-06-2024 19:17:00.362 INFO  SearchOrchestrator [28043 searchOrchestrator] - Creating the search DAG.
02-06-2024 19:17:00.362 INFO  SearchParser [28043 searchOrchestrator] - PARSING: | archivebuckets
02-06-2024 19:17:00.362 INFO  DispatchStorageManagerInfo [28043 searchOrchestrator] - Successfully created new dispatch directory for search job. sid=e5332381f8933d27_tmp dispatch_dir=/opt/splunk/var/run/splunk/dispatch/e5332381f8933d27_tmp
02-06-2024 19:17:00.367 INFO  script [28043 searchOrchestrator] - found script file=/opt/splunk/etc/apps/splunk_archiver/bin/archivebuckets.py
02-06-2024 19:17:00.367 INFO  script [28043 searchOrchestrator] - stderr for script archivebuckets will be added to search.log
02-06-2024 19:17:00.367 INFO  DispatchThread [28043 searchOrchestrator] - BatchMode: allowBatchMode: 0, conf(1): 1, timeline/Status buckets(0):0, realtime(0):0, report pipe empty(0):1, reqTimeOrder(0):0, summarize(0):0, statefulStreaming(0):1
02-06-2024 19:17:00.367 INFO  DispatchThread [28043 searchOrchestrator] - Setup timeliner partialCommits=0
02-06-2024 19:17:00.367 INFO  DispatchThread [28043 searchOrchestrator] - Disabling usage of summaries for non-reporting search
02-06-2024 19:17:00.367 INFO  DispatchThread [28043 searchOrchestrator] - required fields list to add to remote search = *,_bkt,_cd,_si,host,index,linecount,source,sourcetype,splunk_server
02-06-2024 19:17:00.367 INFO  DispatchCommandProcessor [28043 searchOrchestrator] - summaryHash=NS3d9d854163f8f07a summaryId=51367ECF-193E-4082-849C-4DF59054FDA5_splunk_archiver_nobody_NS3d9d854163f8f07a remoteSearch=
02-06-2024 19:17:00.367 INFO  SearchParser [28043 searchOrchestrator] - PARSING: | archivebuckets
02-06-2024 19:17:00.367 INFO  script [28043 searchOrchestrator] - found script file=/opt/splunk/etc/apps/splunk_archiver/bin/archivebuckets.py
02-06-2024 19:17:00.367 INFO  script [28043 searchOrchestrator] - stderr for script archivebuckets will be added to search.log
02-06-2024 19:17:00.368 INFO  AstOptimizer [28043 searchOrchestrator] - SrchOptMetrics optimize_toJson=0.000133636
02-06-2024 19:17:00.368 INFO  SearchParser [28043 searchOrchestrator] - PARSING: | archivebuckets
02-06-2024 19:17:00.368 INFO  FederatedInfo [28043 searchOrchestrator] - No federated search providers defined.
02-06-2024 19:17:00.368 INFO  ProjElim [28043 searchOrchestrator] - Black listed processors=[addinfo]
02-06-2024 19:17:00.384 INFO  AstOptimizer [28043 searchOrchestrator] - SrchOptMetrics optimization=0.016081958
02-06-2024 19:17:00.384 INFO  SearchPhaseGenerator [28043 searchOrchestrator] - Optimized Search =| archivebuckets
02-06-2024 19:17:00.384 INFO  ScopedTimer [28043 searchOrchestrator] - search.optimize 0.016454008
02-06-2024 19:17:00.384 INFO  FederatedProviderVisitor [28043 searchOrchestrator] - Federated Whole Search Remote Execution Enabled: false
02-06-2024 19:17:00.425 INFO  SearchPhaseGenerator [28043 searchOrchestrator] - Number of involved federated deployments is 0.
02-06-2024 19:17:00.425 INFO  PhaseNodeGenerationVisitor [28043 searchOrchestrator] - FallBackReason: Fallback to 2-phase mode because of empty split key of cmd: archivebuckets
02-06-2024 19:17:00.425 INFO  PhaseToPipelineVisitor [28043 searchOrchestrator] - Phase Search = | archivebuckets
02-06-2024 19:17:00.425 INFO  SearchParser [28043 searchOrchestrator] - PARSING: | archivebuckets
02-06-2024 19:17:00.425 INFO  script [28043 searchOrchestrator] - found script file=/opt/splunk/etc/apps/splunk_archiver/bin/archivebuckets.py
02-06-2024 19:17:00.425 INFO  script [28043 searchOrchestrator] - stderr for script archivebuckets will be added to search.log
02-06-2024 19:17:00.425 INFO  SearchPipeline [28043 searchOrchestrator] - ReportSearch=0 AllowBatchMode=0
02-06-2024 19:17:00.425 INFO  SearchPhaseGenerator [28043 searchOrchestrator] - No need for RTWindowProcessor
02-06-2024 19:17:00.425 INFO  SearchPhaseGenerator [28043 searchOrchestrator] - Adding timeliner to final phase
02-06-2024 19:17:00.425 INFO  SearchParser [28043 searchOrchestrator] - PARSING: | timeliner remote=0 partial_commits=0 max_events_per_bucket=500000 fieldstats_update_maxperiod=60 bucket=0
02-06-2024 19:17:00.426 INFO  TimelineCreator [28043 searchOrchestrator] - Creating timeline with remote=0 partialCommits=0 commitFreq=0 syncKSFreq=0 maxSyncKSPeriodTime=60000 bucket=0 latestTime=1707247020.000000 earliestTime=2147483647.000000
02-06-2024 19:17:00.426 INFO  SearchPhaseGenerator [28043 searchOrchestrator] - required fields list to add to different pipelines = *,_bkt,_cd,_si,host,index,linecount,source,sourcetype,splunk_server
02-06-2024 19:17:00.426 INFO  SearchPhaseGenerator [28043 searchOrchestrator] - Search Phases created.
02-06-2024 19:17:00.428 INFO  SearchOrchestrator [28043 searchOrchestrator] - Preview is not enabled. (preview_algorithm=NONE)
02-06-2024 19:17:00.428 INFO  UserManager [28043 searchOrchestrator] - Setting user context: splunk-system-user
02-06-2024 19:17:00.428 INFO  UserManager [28043 searchOrchestrator] - Done setting user context: splunk-system-user -> splunk-system-user
02-06-2024 19:17:00.428 INFO  UserManager [28043 searchOrchestrator] - Unwound user context: splunk-system-user -> splunk-system-user
02-06-2024 19:17:00.428 INFO  DistributedSearchResultCollectionManager [28043 searchOrchestrator] - Stream search: 
02-06-2024 19:17:00.428 INFO  UserManager [28051 SearchResultExecutorThread] - Setting user context: splunk-system-user
02-06-2024 19:17:00.428 INFO  UserManager [28051 SearchResultExecutorThread] - Done setting user context: NULL -> splunk-system-user
02-06-2024 19:17:00.428 INFO  UserManager [28051 SearchResultExecutorThread] - Unwound user context: splunk-system-user -> NULL
02-06-2024 19:17:00.429 INFO  UserManager [28049 SearchResultExecutorThread] - Setting user context: splunk-system-user
02-06-2024 19:17:00.429 INFO  UserManager [28049 SearchResultExecutorThread] - Done setting user context: NULL -> splunk-system-user
02-06-2024 19:17:00.429 INFO  UserManager [28049 SearchResultExecutorThread] - Unwound user context: splunk-system-user -> NULL
02-06-2024 19:17:00.429 INFO  UserManager [28052 SearchResultExecutorThread] - Setting user context: splunk-system-user
02-06-2024 19:17:00.429 INFO  UserManager [28052 SearchResultExecutorThread] - Done setting user context: NULL -> splunk-system-user
02-06-2024 19:17:00.429 INFO  UserManager [28052 SearchResultExecutorThread] - Unwound user context: splunk-system-user -> NULL
02-06-2024 19:17:00.429 INFO  UserManager [28050 SearchResultExecutorThread] - Setting user context: splunk-system-user
02-06-2024 19:17:00.429 INFO  UserManager [28050 SearchResultExecutorThread] - Done setting user context: NULL -> splunk-system-user
02-06-2024 19:17:00.429 INFO  UserManager [28050 SearchResultExecutorThread] - Unwound user context: splunk-system-user -> NULL
02-06-2024 19:17:00.429 INFO  UserManager [28048 SearchResultExecutorThread] - Setting user context: splunk-system-user
02-06-2024 19:17:00.429 INFO  UserManager [28048 SearchResultExecutorThread] - Done setting user context: NULL -> splunk-system-user
02-06-2024 19:17:00.429 INFO  UserManager [28048 SearchResultExecutorThread] - Unwound user context: splunk-system-user -> NULL
02-06-2024 19:17:00.429 INFO  SearchPhaseGenerator [28043 searchOrchestrator] - Time spends on creating distributed search results infrastructure; dispatchcreatedSearchResultInfrastructure=0.000854277 seconds.
02-06-2024 19:17:00.429 INFO  SearchOrchestrator [28043 searchOrchestrator] - Starting the status control thread.
02-06-2024 19:17:00.429 INFO  SearchOrchestrator [28043 searchOrchestrator] - Starting phase=1
02-06-2024 19:17:00.429 INFO  UserManager [28053 phase_1] - Setting user context: splunk-system-user
02-06-2024 19:17:00.429 INFO  UserManager [28053 phase_1] - Done setting user context: NULL -> splunk-system-user
02-06-2024 19:17:00.429 INFO  ReducePhaseExecutor [28053 phase_1] - Starting phase_1
02-06-2024 19:17:00.437 INFO  UserManager [28046 StatusEnforcerThread] - Setting user context: splunk-system-user
02-06-2024 19:17:00.437 INFO  UserManager [28046 StatusEnforcerThread] - Done setting user context: NULL -> splunk-system-user
02-06-2024 19:17:00.437 INFO  SearchStatusEnforcer [28046 StatusEnforcerThread] - Enforcing disk quota = 10485760000
02-06-2024 19:17:02.119 INFO  ReducePhaseExecutor [28053 phase_1] - Ending phase_1
02-06-2024 19:17:02.119 INFO  UserManager [28053 phase_1] - Unwound user context: splunk-system-user -> NULL
02-06-2024 19:17:02.121 INFO  ProxyConfig [28046 StatusEnforcerThread] - Failed to initialize http_proxy from server.conf for splunkd. Please make sure that the http_proxy property is set as http_proxy=http://host:port in case HTTP proxying needs to be enabled.
02-06-2024 19:17:02.121 INFO  ProxyConfig [28046 StatusEnforcerThread] - Failed to initialize https_proxy from server.conf for splunkd. Please make sure that the https_proxy property is set as https_proxy=http://host:port in case HTTP proxying needs to be enabled.
02-06-2024 19:17:02.121 INFO  ProxyConfig [28046 StatusEnforcerThread] - Failed to initialize the proxy_rules setting from server.conf for splunkd. Please provide a valid set of proxy_rules in case HTTP proxying needs to be enabled.
02-06-2024 19:17:02.121 INFO  ProxyConfig [28046 StatusEnforcerThread] - Failed to initialize the no_proxy setting from server.conf for splunkd. Please provide a valid set of no_proxy rules in case HTTP proxying needs to be enabled.
02-06-2024 19:17:02.122 WARN  SSLOptions [28046 StatusEnforcerThread] - <internal>.conf/[<internal>]/sslVerifyServerCert is false disabling certificate validation; must be set to "true" for increased security
02-06-2024 19:17:02.126 WARN  SSLOptions [28046 StatusEnforcerThread] - <internal>.conf/[<internal>]/sslVerifyServerCert is false disabling certificate validation; must be set to "true" for increased security
02-06-2024 19:17:02.130 INFO  SearchStatusEnforcer [28046 StatusEnforcerThread] - Triggered listener notification on state=onResults condition=1
02-06-2024 19:17:02.131 INFO  UserManager [28046 StatusEnforcerThread] - Unwound user context: splunk-system-user -> NULL
02-06-2024 19:17:02.132 INFO  DispatchStorageManager [28043 searchOrchestrator] - Remote storage disabled for search artifacts.
02-06-2024 19:17:02.132 INFO  DispatchManager [28043 searchOrchestrator] - DispatchManager::dispatchHasFinished(id='scheduler__nobody_c3BsdW5rX2FyY2hpdmVy__RMD5473cbac83d6c9db7_at_1707247020_11', username='splunk-system-user')
02-06-2024 19:17:02.132 INFO  UserManager [28043 searchOrchestrator] - Unwound user context: splunk-system-user -> NULL
02-06-2024 19:17:02.133 INFO  SearchStatusEnforcer [28036 RunDispatch] - SearchStatusEnforcer is already terminated
02-06-2024 19:17:02.133 INFO  UserManager [28036 RunDispatch] - Unwound user context: splunk-system-user -> NULL
02-06-2024 19:17:02.133 INFO  LookupDataProvider [28036 RunDispatch] - Clearing out lookup shared provider map
02-06-2024 19:17:02.135 INFO  dispatchRunner [28406 MainThread] - RunDispatch is done: sid=scheduler__nobody_c3BsdW5rX2FyY2hpdmVy__RMD5473cbac83d6c9db7_at_1707247020_11, exit=0
