02-06-2024 20:43:36.997 INFO  dispatchRunner [18274 MainThread] - Search process mode: preforked (reused process) (build b985591d12fd).
02-06-2024 20:43:36.997 INFO  dispatchRunner [18274 MainThread] - Feature flag post-args={"v":1,"enabledFeatures":["stats:allow_stats_v2"],"disabledFeatures":["searchresults:srs2"]}
02-06-2024 20:43:36.997 INFO  SearchFeatureFlags [18274 MainThread] - Initializing feature flags from config. feature_seed=46947589
02-06-2024 20:43:36.997 INFO  SearchFeatureFlags [18274 MainThread] - Setting feature_flag=parallelreduce:enablePreview:true
02-06-2024 20:43:36.997 INFO  SearchFeatureFlags [18274 MainThread] - Setting feature_flag=search:search_retry:false
02-06-2024 20:43:36.997 INFO  SearchFeatureFlags [18274 MainThread] - Setting feature_flag=search:search_retry_realtime:false
02-06-2024 20:43:36.997 INFO  SearchFeatureFlags [18274 MainThread] - Setting feature_flag=parallelreduce:autoAppliedPercentage:false
02-06-2024 20:43:36.997 INFO  SearchFeatureFlags [18274 MainThread] - Setting feature_flag=subsearch:enableConcurrentPipelineProcessing:false
02-06-2024 20:43:36.997 INFO  SearchFeatureFlags [18274 MainThread] - Setting feature_flag=stats:allow_stats_v2:true
02-06-2024 20:43:36.997 INFO  SearchFeatureFlags [18274 MainThread] - Setting feature_flag=search_optimization::set_required_fields:stats:false
02-06-2024 20:43:36.997 INFO  SearchFeatureFlags [18274 MainThread] - Setting feature_flag=searchresults:srs2:false
02-06-2024 20:43:36.997 INFO  SearchFeatureFlags [18274 MainThread] - Setting feature_flag=search:read_final_results_from_timeliner:true
02-06-2024 20:43:36.997 INFO  SearchFeatureFlags [18274 MainThread] - Overlaying SearchFeatureFlags from jsonNode={"v":1,"enabledFeatures":["stats:allow_stats_v2"],"disabledFeatures":["searchresults:srs2"]}
02-06-2024 20:43:36.997 INFO  dispatchRunner [18274 MainThread] - registering build time modules, count=1
02-06-2024 20:43:36.997 INFO  dispatchRunner [18274 MainThread] - registering search time components of build time module name=vix
02-06-2024 20:43:36.997 INFO  BundlesSetup [18274 MainThread] - Setup stats for /opt/splunk/var/run/searchpeers/GOEL-SearchHead-1707251292: wallclock_elapsed_msec=14, cpu_time_used=0.0148345, shared_services_generation=2, shared_services_population=1
02-06-2024 20:43:37.005 INFO  UserManagerPro [18274 MainThread] - Load authentication: forcing roles="admin, can_delete, power, user"
02-06-2024 20:43:37.005 INFO  UserManager [19116 RunDispatch] - Setting user context: admin
02-06-2024 20:43:37.005 INFO  UserManager [19116 RunDispatch] - Done setting user context: NULL -> admin
02-06-2024 20:43:37.006 INFO  dispatchRunner [19116 RunDispatch] - search context: user="admin", app="search", bs-pathname="/opt/splunk/var/run/searchpeers/GOEL-SearchHead-1707251292"
02-06-2024 20:43:37.006 INFO  SearchParser [19116 RunDispatch] - PARSING: litsearch (index=_* log_level=WARN bcgames bucket) | fields  keepcolorder=t "*" "_bkt" "_cd" "_si" "host" "index" "linecount" "source" "sourcetype" "splunk_server"  | remotetl  nb=300 et=1707248580.000000 lt=1707252216.000000 remove=true max_count=1000 max_prefetch=100
02-06-2024 20:43:37.006 INFO  SearchParser [19116 RunDispatch] - PARSING: litsearch (index=_* log_level=WARN bcgames bucket) | fields  keepcolorder=t "*" "_bkt" "_cd" "_si" "host" "index" "linecount" "source" "sourcetype" "splunk_server"  | remotetl  nb=300 et=1707248580.000000 lt=1707252216.000000 remove=true max_count=1000 max_prefetch=100
02-06-2024 20:43:37.006 INFO  UserManager [19116 RunDispatch] - Setting user context: splunk-system-user
02-06-2024 20:43:37.006 INFO  UserManager [19116 RunDispatch] - Done setting user context: admin -> splunk-system-user
02-06-2024 20:43:37.006 INFO  UserManager [19116 RunDispatch] - Setting user context: admin
02-06-2024 20:43:37.006 INFO  UserManager [19116 RunDispatch] - Done setting user context: splunk-system-user -> admin
02-06-2024 20:43:37.007 INFO  SearchProcessor [19116 RunDispatch] - Filtered out a metric type index '_metrics' because the command does not support it.
02-06-2024 20:43:37.007 INFO  SearchProcessor [19116 RunDispatch] - Filtered out a metric type index '_metrics_rollup' because the command does not support it.
02-06-2024 20:43:37.007 INFO  UserManager [19116 RunDispatch] - Unwound user context: admin -> splunk-system-user
02-06-2024 20:43:37.007 INFO  UserManager [19116 RunDispatch] - Unwound user context: splunk-system-user -> admin
02-06-2024 20:43:37.007 INFO  DispatchCommandProcessor [19116 RunDispatch] - Search requires the following indexes="[_audit,_configtracker,_internal,_introspection,_telemetry,_thefishbucket]"
02-06-2024 20:43:37.007 INFO  IndexReaderIf [19116 RunDispatch] - Loading Clustering bucket manifest file=/opt/splunk/var/run/splunk/cluster/search-buckets/search_sitedefault_gen115.csv.gz
02-06-2024 20:43:37.007 INFO  DatabaseDirectoryManager [19116 RunDispatch] - initDDMsFromSearchBucketManifest path=/opt/splunk/var/run/splunk/cluster/search-buckets/search_sitedefault_gen115.csv.gz, indexWhiteList_size=6
02-06-2024 20:43:37.008 INFO  dispatchRunner [19116 RunDispatch] - SearchPeerInitSearchMs=2
02-06-2024 20:43:37.008 INFO  dispatchRunner [19116 RunDispatch] - Serial search pipeline for streaming search being launched.
02-06-2024 20:43:37.008 INFO  SearchParser [19116 RunDispatch] - PARSING: litsearch (index=_* log_level=WARN bcgames bucket) | fields  keepcolorder=t "*" "_bkt" "_cd" "_si" "host" "index" "linecount" "source" "sourcetype" "splunk_server"  | remotetl  nb=300 et=1707248580.000000 lt=1707252216.000000 remove=true max_count=1000 max_prefetch=100
02-06-2024 20:43:37.018 INFO  SearchProcessor [19116 RunDispatch] - Filtered out a metric type index '_metrics' because the command does not support it.
02-06-2024 20:43:37.018 INFO  SearchProcessor [19116 RunDispatch] - Filtered out a metric type index '_metrics_rollup' because the command does not support it.
02-06-2024 20:43:37.019 INFO  SearchParser [19116 RunDispatch] - PARSING: typer | tags
02-06-2024 20:43:37.020 INFO  FastTyper [19116 RunDispatch] - found nodes count: comparisons=6, unique_comparisons=5, terms=4, unique_terms=4, phrases=12, unique_phrases=12, total leaves=22
02-06-2024 20:43:37.021 INFO  UserManager [19116 RunDispatch] - Setting user context: admin
02-06-2024 20:43:37.021 INFO  UserManager [19116 RunDispatch] - Done setting user context: admin -> admin
02-06-2024 20:43:37.021 INFO  FastSearchFilter [19116 RunDispatch] - Finished initializing IndexScopedFilter - trivial=0, nTerms=3, oTerms=0, host=0, source=0, sourcetype=0, linecount=0 exactCustomCmp=0
02-06-2024 20:43:37.021 INFO  UserManager [19116 RunDispatch] - Unwound user context: admin -> admin
02-06-2024 20:43:37.021 INFO  IndexScopedSearch [19116 RunDispatch] -  IndexScopedSearch is called for index = _audit, et = 1707248580.000000000, lt = 1707252216.000000000, index_et = -9223372036854775808.000000000, index_lt = 9223372036854775807.999999000, noRead = FALSE
02-06-2024 20:43:37.021 INFO  IndexScopedSearch [19116 RunDispatch] - ct=1707252216.000000 et=1707248580.000000 lt=1707252216.000000 dbsize=7
02-06-2024 20:43:37.021 INFO  UserManager [19116 RunDispatch] - Setting user context: admin
02-06-2024 20:43:37.021 INFO  UserManager [19116 RunDispatch] - Done setting user context: admin -> admin
02-06-2024 20:43:37.021 INFO  FastSearchFilter [19116 RunDispatch] - Finished initializing IndexScopedFilter - trivial=0, nTerms=3, oTerms=0, host=0, source=0, sourcetype=0, linecount=0 exactCustomCmp=0
02-06-2024 20:43:37.021 INFO  UserManager [19116 RunDispatch] - Unwound user context: admin -> admin
02-06-2024 20:43:37.021 INFO  IndexScopedSearch [19116 RunDispatch] -  IndexScopedSearch is called for index = _configtracker, et = 1707248580.000000000, lt = 1707252216.000000000, index_et = -9223372036854775808.000000000, index_lt = 9223372036854775807.999999000, noRead = FALSE
02-06-2024 20:43:37.022 INFO  IndexScopedSearch [19116 RunDispatch] - ct=1707252216.000000 et=1707248580.000000 lt=1707252216.000000 dbsize=2
02-06-2024 20:43:37.022 INFO  UserManager [19116 RunDispatch] - Setting user context: admin
02-06-2024 20:43:37.022 INFO  UserManager [19116 RunDispatch] - Done setting user context: admin -> admin
02-06-2024 20:43:37.022 INFO  FastSearchFilter [19116 RunDispatch] - Finished initializing IndexScopedFilter - trivial=0, nTerms=3, oTerms=0, host=0, source=0, sourcetype=0, linecount=0 exactCustomCmp=0
02-06-2024 20:43:37.022 INFO  UserManager [19116 RunDispatch] - Unwound user context: admin -> admin
02-06-2024 20:43:37.022 INFO  IndexScopedSearch [19116 RunDispatch] -  IndexScopedSearch is called for index = _internal, et = 1707248580.000000000, lt = 1707252216.000000000, index_et = -9223372036854775808.000000000, index_lt = 9223372036854775807.999999000, noRead = FALSE
02-06-2024 20:43:37.022 INFO  IndexScopedSearch [19116 RunDispatch] - ct=1707252216.000000 et=1707248580.000000 lt=1707252216.000000 dbsize=11
02-06-2024 20:43:37.022 INFO  UserManager [19116 RunDispatch] - Setting user context: admin
02-06-2024 20:43:37.022 INFO  UserManager [19116 RunDispatch] - Done setting user context: admin -> admin
02-06-2024 20:43:37.023 INFO  FastSearchFilter [19116 RunDispatch] - Finished initializing IndexScopedFilter - trivial=0, nTerms=3, oTerms=0, host=0, source=0, sourcetype=0, linecount=0 exactCustomCmp=0
02-06-2024 20:43:37.023 INFO  UserManager [19116 RunDispatch] - Unwound user context: admin -> admin
02-06-2024 20:43:37.023 INFO  IndexScopedSearch [19116 RunDispatch] -  IndexScopedSearch is called for index = _introspection, et = 1707248580.000000000, lt = 1707252216.000000000, index_et = -9223372036854775808.000000000, index_lt = 9223372036854775807.999999000, noRead = FALSE
02-06-2024 20:43:37.023 INFO  IndexScopedSearch [19116 RunDispatch] - ct=1707252216.000000 et=1707248580.000000 lt=1707252216.000000 dbsize=3
02-06-2024 20:43:37.023 INFO  UserManager [19116 RunDispatch] - Setting user context: admin
02-06-2024 20:43:37.023 INFO  UserManager [19116 RunDispatch] - Done setting user context: admin -> admin
02-06-2024 20:43:37.023 INFO  FastSearchFilter [19116 RunDispatch] - Finished initializing IndexScopedFilter - trivial=0, nTerms=3, oTerms=0, host=0, source=0, sourcetype=0, linecount=0 exactCustomCmp=0
02-06-2024 20:43:37.023 INFO  UserManager [19116 RunDispatch] - Unwound user context: admin -> admin
02-06-2024 20:43:37.023 INFO  IndexScopedSearch [19116 RunDispatch] -  IndexScopedSearch is called for index = _telemetry, et = 1707248580.000000000, lt = 1707252216.000000000, index_et = -9223372036854775808.000000000, index_lt = 9223372036854775807.999999000, noRead = FALSE
02-06-2024 20:43:37.023 INFO  IndexScopedSearch [19116 RunDispatch] - ct=1707252216.000000 et=1707248580.000000 lt=1707252216.000000 dbsize=2
02-06-2024 20:43:37.024 INFO  UserManager [19116 RunDispatch] - Setting user context: admin
02-06-2024 20:43:37.024 INFO  UserManager [19116 RunDispatch] - Done setting user context: admin -> admin
02-06-2024 20:43:37.024 INFO  FastSearchFilter [19116 RunDispatch] - Finished initializing IndexScopedFilter - trivial=0, nTerms=3, oTerms=0, host=0, source=0, sourcetype=0, linecount=0 exactCustomCmp=0
02-06-2024 20:43:37.024 INFO  UserManager [19116 RunDispatch] - Unwound user context: admin -> admin
02-06-2024 20:43:37.024 INFO  IndexScopedSearch [19116 RunDispatch] -  IndexScopedSearch is called for index = _thefishbucket, et = 1707248580.000000000, lt = 1707252216.000000000, index_et = -9223372036854775808.000000000, index_lt = 9223372036854775807.999999000, noRead = FALSE
02-06-2024 20:43:37.024 INFO  IndexScopedSearch [19116 RunDispatch] - ct=1707252216.000000 et=1707248580.000000 lt=1707252216.000000 dbsize=0
02-06-2024 20:43:37.024 INFO  UnifiedSearch [19116 RunDispatch] - Initialization of search data structures took 6 ms
02-06-2024 20:43:37.024 INFO  UnifiedSearch [19116 RunDispatch] - Processed search targeting arguments
02-06-2024 20:43:37.049 INFO  SearchPipelineExecutor [19116 RunDispatch] - Number of StreamSearch pipelines launched=1
02-06-2024 20:43:37.049 INFO  SearchPipelineExecutor [19116 RunDispatch] - Starting to transmit serialized search results.
02-06-2024 20:43:37.049 INFO  SearchPipelineExecutor [19119 StreamSearch] - StreamSearch pipeline=0 is started in its own thread
02-06-2024 20:43:37.049 INFO  UserManager [19119 StreamSearch] - Setting user context: admin
02-06-2024 20:43:37.049 INFO  UserManager [19119 StreamSearch] - Done setting user context: NULL -> admin
02-06-2024 20:43:37.051 INFO  SearchPipelineExecutor [19121 NormSerializeExecutorThread] - NormSerializeExecutorThread pipeline=0 is started in its own thread.
02-06-2024 20:43:37.071 INFO  Timeliner [19119 StreamSearch] - Emitted 18 full events to info._remotetl_events
02-06-2024 20:43:37.072 WARN  SRSSerializer [19121 NormSerializeExecutorThread] - writing 0 cols! field list=0
02-06-2024 20:43:37.088 WARN  SearchOperator:kv [19119 StreamSearch] - buildRegexList provided empty conf key, ignoring.
02-06-2024 20:43:37.089 INFO  Timeliner [19119 StreamSearch] - Emitted 82 full events to info._remotetl_events
02-06-2024 20:43:37.091 WARN  SRSSerializer [19121 NormSerializeExecutorThread] - writing 0 cols! field list=0
02-06-2024 20:43:37.091 INFO  SearchPipelineExecutor [19119 StreamSearch] - Finished streaming: results.count=0
02-06-2024 20:43:37.091 INFO  UserManager [19119 StreamSearch] - Unwound user context: admin -> NULL
02-06-2024 20:43:37.091 INFO  SearchPipelineExecutor [19119 StreamSearch] - StreamSearch pipleine=0 is finished.
02-06-2024 20:43:37.091 WARN  SRSSerializer [19121 NormSerializeExecutorThread] - writing 0 cols! field list=0
02-06-2024 20:43:37.092 WARN  SRSSerializer [19121 NormSerializeExecutorThread] - writing 0 cols! field list=0
02-06-2024 20:43:37.093 INFO  SearchPipelineExecutor [19121 NormSerializeExecutorThread] - NormSerializeExecutorThread pipeline=0 is finished.
02-06-2024 20:43:37.093 INFO  SearchPipelineExecutor [19116 RunDispatch] - Done transmitting serialized search results, total bytes transmitted 185583.
02-06-2024 20:43:37.093 INFO  dispatchRunner [19116 RunDispatch] - Done with streaming search.
02-06-2024 20:43:37.093 INFO  SearchOperator:kv [19116 RunDispatch] - Extractor stats: name=_autoKvStats, probes=6, total_time_ms=0, max_time_ms=0
02-06-2024 20:43:37.093 INFO  SearchOperator:kv [19116 RunDispatch] - Extractor stats: name=(?i)^(?:[^ ]* ){2}(?:[+\-]\d+ )?(?P<log_level>[^ ]*)\s+(?P<component>[^ ]+) (?:\[(?P<thread_id>\d+)\s)?(?:(?P<thread_name>[^\]]+)\]\s)?- (?P<event_message>.+), probes=3, total_time_ms=0, max_time_ms=0
02-06-2024 20:43:37.093 INFO  SearchOperator:kv [19116 RunDispatch] - Extractor stats: name=remote_searches_extractions_starting_fallback, probes=1, total_time_ms=0, max_time_ms=0
02-06-2024 20:43:37.093 INFO  SearchOperator:kv [19116 RunDispatch] - Extractor stats: name=remote_searches_extractions_terminated, probes=3, total_time_ms=0, max_time_ms=0
02-06-2024 20:43:37.093 WARN  SearchOperator:kv [19116 RunDispatch] - Exceeded the maximum number of field extractions configured in limits.conf / [kv] / limit=100. Skipped extraction of fields="b,pool,poolsz"
02-06-2024 20:43:37.094 INFO  ISearchOperator [19116 RunDispatch] - 0x7fb482a1c000 PREAD_HISTOGRAM: usec_1_8=724 usec_8_64=5 usec_64_512=4 usec_512_4096=1 usec_4096_32768=0 usec_32768_262144=0 usec_262144_INF=0 
02-06-2024 20:43:37.094 INFO  ISearchOperator [19116 RunDispatch] - 0x7fb482a1c800 PREAD_HISTOGRAM: usec_1_8=107 usec_8_64=0 usec_64_512=0 usec_512_4096=0 usec_4096_32768=0 usec_32768_262144=0 usec_262144_INF=0 
02-06-2024 20:43:37.095 INFO  SearchPipelineExecutor [19116 RunDispatch] - Streamed Search Index Orchestrator has been shutdown.
02-06-2024 20:43:37.095 INFO  UserManager [19116 RunDispatch] - Unwound user context: admin -> NULL
02-06-2024 20:43:37.095 INFO  LookupDataProvider [19116 RunDispatch] - Clearing out lookup shared provider map
02-06-2024 20:43:37.095 INFO  dispatchRunner [18274 MainThread] - RunDispatch is done: sid=remote_GOEL-SearchHead_1707252216.40, exit=0
