02-06-2024 20:43:36.998 INFO  dispatchRunner [30550 MainThread] - Search process mode: preforked (reused process) (build b985591d12fd).
02-06-2024 20:43:36.998 INFO  dispatchRunner [30550 MainThread] - Feature flag post-args={"v":1,"enabledFeatures":["stats:allow_stats_v2"],"disabledFeatures":["searchresults:srs2"]}
02-06-2024 20:43:36.998 INFO  SearchFeatureFlags [30550 MainThread] - Initializing feature flags from config. feature_seed=46947589
02-06-2024 20:43:36.998 INFO  SearchFeatureFlags [30550 MainThread] - Setting feature_flag=parallelreduce:enablePreview:true
02-06-2024 20:43:36.998 INFO  SearchFeatureFlags [30550 MainThread] - Setting feature_flag=search:search_retry:false
02-06-2024 20:43:36.998 INFO  SearchFeatureFlags [30550 MainThread] - Setting feature_flag=search:search_retry_realtime:false
02-06-2024 20:43:36.998 INFO  SearchFeatureFlags [30550 MainThread] - Setting feature_flag=parallelreduce:autoAppliedPercentage:false
02-06-2024 20:43:36.998 INFO  SearchFeatureFlags [30550 MainThread] - Setting feature_flag=subsearch:enableConcurrentPipelineProcessing:false
02-06-2024 20:43:36.998 INFO  SearchFeatureFlags [30550 MainThread] - Setting feature_flag=stats:allow_stats_v2:true
02-06-2024 20:43:36.998 INFO  SearchFeatureFlags [30550 MainThread] - Setting feature_flag=search_optimization::set_required_fields:stats:false
02-06-2024 20:43:36.998 INFO  SearchFeatureFlags [30550 MainThread] - Setting feature_flag=searchresults:srs2:false
02-06-2024 20:43:36.998 INFO  SearchFeatureFlags [30550 MainThread] - Setting feature_flag=search:read_final_results_from_timeliner:true
02-06-2024 20:43:36.998 INFO  SearchFeatureFlags [30550 MainThread] - Overlaying SearchFeatureFlags from jsonNode={"v":1,"enabledFeatures":["stats:allow_stats_v2"],"disabledFeatures":["searchresults:srs2"]}
02-06-2024 20:43:36.998 INFO  dispatchRunner [30550 MainThread] - registering build time modules, count=1
02-06-2024 20:43:36.998 INFO  dispatchRunner [30550 MainThread] - registering search time components of build time module name=vix
02-06-2024 20:43:36.999 INFO  BundlesSetup [30550 MainThread] - Setup stats for /opt/splunk/var/run/searchpeers/GOEL-SearchHead-1707251292: wallclock_elapsed_msec=14, cpu_time_used=0.0148985, shared_services_generation=2, shared_services_population=1
02-06-2024 20:43:37.008 INFO  UserManagerPro [30550 MainThread] - Load authentication: forcing roles="admin, can_delete, power, user"
02-06-2024 20:43:37.008 INFO  UserManager [30995 RunDispatch] - Setting user context: admin
02-06-2024 20:43:37.008 INFO  UserManager [30995 RunDispatch] - Done setting user context: NULL -> admin
02-06-2024 20:43:37.009 INFO  dispatchRunner [30995 RunDispatch] - search context: user="admin", app="search", bs-pathname="/opt/splunk/var/run/searchpeers/GOEL-SearchHead-1707251292"
02-06-2024 20:43:37.009 INFO  SearchParser [30995 RunDispatch] - PARSING: litsearch (index=_* log_level=WARN bcgames bucket) | fields  keepcolorder=t "*" "_bkt" "_cd" "_si" "host" "index" "linecount" "source" "sourcetype" "splunk_server"  | remotetl  nb=300 et=1707248580.000000 lt=1707252216.000000 remove=true max_count=1000 max_prefetch=100
02-06-2024 20:43:37.009 INFO  SearchParser [30995 RunDispatch] - PARSING: litsearch (index=_* log_level=WARN bcgames bucket) | fields  keepcolorder=t "*" "_bkt" "_cd" "_si" "host" "index" "linecount" "source" "sourcetype" "splunk_server"  | remotetl  nb=300 et=1707248580.000000 lt=1707252216.000000 remove=true max_count=1000 max_prefetch=100
02-06-2024 20:43:37.009 INFO  UserManager [30995 RunDispatch] - Setting user context: splunk-system-user
02-06-2024 20:43:37.009 INFO  UserManager [30995 RunDispatch] - Done setting user context: admin -> splunk-system-user
02-06-2024 20:43:37.009 INFO  UserManager [30995 RunDispatch] - Setting user context: admin
02-06-2024 20:43:37.009 INFO  UserManager [30995 RunDispatch] - Done setting user context: splunk-system-user -> admin
02-06-2024 20:43:37.011 INFO  SearchProcessor [30995 RunDispatch] - Filtered out a metric type index '_metrics' because the command does not support it.
02-06-2024 20:43:37.011 INFO  SearchProcessor [30995 RunDispatch] - Filtered out a metric type index '_metrics_rollup' because the command does not support it.
02-06-2024 20:43:37.011 INFO  UserManager [30995 RunDispatch] - Unwound user context: admin -> splunk-system-user
02-06-2024 20:43:37.011 INFO  UserManager [30995 RunDispatch] - Unwound user context: splunk-system-user -> admin
02-06-2024 20:43:37.011 INFO  DispatchCommandProcessor [30995 RunDispatch] - Search requires the following indexes="[_audit,_configtracker,_internal,_introspection,_telemetry,_thefishbucket]"
02-06-2024 20:43:37.011 INFO  IndexReaderIf [30995 RunDispatch] - Loading Clustering bucket manifest file=/opt/splunk/var/run/splunk/cluster/search-buckets/search_sitedefault_gen115.csv.gz
02-06-2024 20:43:37.011 INFO  DatabaseDirectoryManager [30995 RunDispatch] - initDDMsFromSearchBucketManifest path=/opt/splunk/var/run/splunk/cluster/search-buckets/search_sitedefault_gen115.csv.gz, indexWhiteList_size=6
02-06-2024 20:43:37.012 INFO  dispatchRunner [30995 RunDispatch] - SearchPeerInitSearchMs=3
02-06-2024 20:43:37.012 INFO  dispatchRunner [30995 RunDispatch] - Serial search pipeline for streaming search being launched.
02-06-2024 20:43:37.012 INFO  SearchParser [30995 RunDispatch] - PARSING: litsearch (index=_* log_level=WARN bcgames bucket) | fields  keepcolorder=t "*" "_bkt" "_cd" "_si" "host" "index" "linecount" "source" "sourcetype" "splunk_server"  | remotetl  nb=300 et=1707248580.000000 lt=1707252216.000000 remove=true max_count=1000 max_prefetch=100
02-06-2024 20:43:37.030 INFO  SearchProcessor [30995 RunDispatch] - Filtered out a metric type index '_metrics' because the command does not support it.
02-06-2024 20:43:37.030 INFO  SearchProcessor [30995 RunDispatch] - Filtered out a metric type index '_metrics_rollup' because the command does not support it.
02-06-2024 20:43:37.031 INFO  SearchParser [30995 RunDispatch] - PARSING: typer | tags
02-06-2024 20:43:37.033 INFO  FastTyper [30995 RunDispatch] - found nodes count: comparisons=6, unique_comparisons=5, terms=4, unique_terms=4, phrases=12, unique_phrases=12, total leaves=22
02-06-2024 20:43:37.034 INFO  UserManager [30995 RunDispatch] - Setting user context: admin
02-06-2024 20:43:37.034 INFO  UserManager [30995 RunDispatch] - Done setting user context: admin -> admin
02-06-2024 20:43:37.034 INFO  FastSearchFilter [30995 RunDispatch] - Finished initializing IndexScopedFilter - trivial=0, nTerms=3, oTerms=0, host=0, source=0, sourcetype=0, linecount=0 exactCustomCmp=0
02-06-2024 20:43:37.034 INFO  UserManager [30995 RunDispatch] - Unwound user context: admin -> admin
02-06-2024 20:43:37.035 INFO  IndexScopedSearch [30995 RunDispatch] -  IndexScopedSearch is called for index = _audit, et = 1707248580.000000000, lt = 1707252216.000000000, index_et = -9223372036854775808.000000000, index_lt = 9223372036854775807.999999000, noRead = FALSE
02-06-2024 20:43:37.035 INFO  IndexScopedSearch [30995 RunDispatch] - ct=1707252216.000000 et=1707248580.000000 lt=1707252216.000000 dbsize=3
02-06-2024 20:43:37.035 INFO  UserManager [30995 RunDispatch] - Setting user context: admin
02-06-2024 20:43:37.035 INFO  UserManager [30995 RunDispatch] - Done setting user context: admin -> admin
02-06-2024 20:43:37.035 INFO  FastSearchFilter [30995 RunDispatch] - Finished initializing IndexScopedFilter - trivial=0, nTerms=3, oTerms=0, host=0, source=0, sourcetype=0, linecount=0 exactCustomCmp=0
02-06-2024 20:43:37.035 INFO  UserManager [30995 RunDispatch] - Unwound user context: admin -> admin
02-06-2024 20:43:37.035 INFO  IndexScopedSearch [30995 RunDispatch] -  IndexScopedSearch is called for index = _configtracker, et = 1707248580.000000000, lt = 1707252216.000000000, index_et = -9223372036854775808.000000000, index_lt = 9223372036854775807.999999000, noRead = FALSE
02-06-2024 20:43:37.036 INFO  IndexScopedSearch [30995 RunDispatch] - ct=1707252216.000000 et=1707248580.000000 lt=1707252216.000000 dbsize=3
02-06-2024 20:43:37.036 INFO  UserManager [30995 RunDispatch] - Setting user context: admin
02-06-2024 20:43:37.036 INFO  UserManager [30995 RunDispatch] - Done setting user context: admin -> admin
02-06-2024 20:43:37.036 INFO  FastSearchFilter [30995 RunDispatch] - Finished initializing IndexScopedFilter - trivial=0, nTerms=3, oTerms=0, host=0, source=0, sourcetype=0, linecount=0 exactCustomCmp=0
02-06-2024 20:43:37.036 INFO  UserManager [30995 RunDispatch] - Unwound user context: admin -> admin
02-06-2024 20:43:37.036 INFO  IndexScopedSearch [30995 RunDispatch] -  IndexScopedSearch is called for index = _internal, et = 1707248580.000000000, lt = 1707252216.000000000, index_et = -9223372036854775808.000000000, index_lt = 9223372036854775807.999999000, noRead = FALSE
02-06-2024 20:43:37.037 INFO  IndexScopedSearch [30995 RunDispatch] - ct=1707252216.000000 et=1707248580.000000 lt=1707252216.000000 dbsize=3
02-06-2024 20:43:37.037 INFO  UserManager [30995 RunDispatch] - Setting user context: admin
02-06-2024 20:43:37.037 INFO  UserManager [30995 RunDispatch] - Done setting user context: admin -> admin
02-06-2024 20:43:37.037 INFO  FastSearchFilter [30995 RunDispatch] - Finished initializing IndexScopedFilter - trivial=0, nTerms=3, oTerms=0, host=0, source=0, sourcetype=0, linecount=0 exactCustomCmp=0
02-06-2024 20:43:37.037 INFO  UserManager [30995 RunDispatch] - Unwound user context: admin -> admin
02-06-2024 20:43:37.037 INFO  IndexScopedSearch [30995 RunDispatch] -  IndexScopedSearch is called for index = _introspection, et = 1707248580.000000000, lt = 1707252216.000000000, index_et = -9223372036854775808.000000000, index_lt = 9223372036854775807.999999000, noRead = FALSE
02-06-2024 20:43:37.038 INFO  IndexScopedSearch [30995 RunDispatch] - ct=1707252216.000000 et=1707248580.000000 lt=1707252216.000000 dbsize=3
02-06-2024 20:43:37.038 INFO  UserManager [30995 RunDispatch] - Setting user context: admin
02-06-2024 20:43:37.038 INFO  UserManager [30995 RunDispatch] - Done setting user context: admin -> admin
02-06-2024 20:43:37.038 INFO  FastSearchFilter [30995 RunDispatch] - Finished initializing IndexScopedFilter - trivial=0, nTerms=3, oTerms=0, host=0, source=0, sourcetype=0, linecount=0 exactCustomCmp=0
02-06-2024 20:43:37.039 INFO  UserManager [30995 RunDispatch] - Unwound user context: admin -> admin
02-06-2024 20:43:37.039 INFO  IndexScopedSearch [30995 RunDispatch] -  IndexScopedSearch is called for index = _telemetry, et = 1707248580.000000000, lt = 1707252216.000000000, index_et = -9223372036854775808.000000000, index_lt = 9223372036854775807.999999000, noRead = FALSE
02-06-2024 20:43:37.039 INFO  IndexScopedSearch [30995 RunDispatch] - ct=1707252216.000000 et=1707248580.000000 lt=1707252216.000000 dbsize=0
02-06-2024 20:43:37.039 INFO  UserManager [30995 RunDispatch] - Setting user context: admin
02-06-2024 20:43:37.039 INFO  UserManager [30995 RunDispatch] - Done setting user context: admin -> admin
02-06-2024 20:43:37.039 INFO  FastSearchFilter [30995 RunDispatch] - Finished initializing IndexScopedFilter - trivial=0, nTerms=3, oTerms=0, host=0, source=0, sourcetype=0, linecount=0 exactCustomCmp=0
02-06-2024 20:43:37.039 INFO  UserManager [30995 RunDispatch] - Unwound user context: admin -> admin
02-06-2024 20:43:37.039 INFO  IndexScopedSearch [30995 RunDispatch] -  IndexScopedSearch is called for index = _thefishbucket, et = 1707248580.000000000, lt = 1707252216.000000000, index_et = -9223372036854775808.000000000, index_lt = 9223372036854775807.999999000, noRead = FALSE
02-06-2024 20:43:37.039 INFO  IndexScopedSearch [30995 RunDispatch] - ct=1707252216.000000 et=1707248580.000000 lt=1707252216.000000 dbsize=0
02-06-2024 20:43:37.040 INFO  UnifiedSearch [30995 RunDispatch] - Initialization of search data structures took 9 ms
02-06-2024 20:43:37.040 INFO  UnifiedSearch [30995 RunDispatch] - Processed search targeting arguments
02-06-2024 20:43:37.076 INFO  SearchPipelineExecutor [30995 RunDispatch] - Number of StreamSearch pipelines launched=1
02-06-2024 20:43:37.076 INFO  SearchPipelineExecutor [30998 StreamSearch] - StreamSearch pipeline=0 is started in its own thread
02-06-2024 20:43:37.076 INFO  UserManager [30998 StreamSearch] - Setting user context: admin
02-06-2024 20:43:37.076 INFO  SearchPipelineExecutor [31005 NormSerializeExecutorThread] - NormSerializeExecutorThread pipeline=0 is started in its own thread.
02-06-2024 20:43:37.076 INFO  UserManager [30998 StreamSearch] - Done setting user context: NULL -> admin
02-06-2024 20:43:37.076 INFO  SearchPipelineExecutor [30995 RunDispatch] - Starting to transmit serialized search results.
02-06-2024 20:43:37.099 INFO  Timeliner [30998 StreamSearch] - Emitted 6 full events to info._remotetl_events
02-06-2024 20:43:37.099 WARN  SRSSerializer [31005 NormSerializeExecutorThread] - writing 0 cols! field list=0
02-06-2024 20:43:37.102 WARN  SearchOperator:kv [30998 StreamSearch] - buildRegexList provided empty conf key, ignoring.
02-06-2024 20:43:37.102 INFO  Timeliner [30998 StreamSearch] - Emitted 14 full events to info._remotetl_events
02-06-2024 20:43:37.102 WARN  SRSSerializer [31005 NormSerializeExecutorThread] - writing 0 cols! field list=0
02-06-2024 20:43:37.102 INFO  SearchPipelineExecutor [30998 StreamSearch] - Finished streaming: results.count=0
02-06-2024 20:43:37.102 INFO  UserManager [30998 StreamSearch] - Unwound user context: admin -> NULL
02-06-2024 20:43:37.102 INFO  SearchPipelineExecutor [30998 StreamSearch] - StreamSearch pipleine=0 is finished.
02-06-2024 20:43:37.103 WARN  SRSSerializer [31005 NormSerializeExecutorThread] - writing 0 cols! field list=0
02-06-2024 20:43:37.103 WARN  SRSSerializer [31005 NormSerializeExecutorThread] - writing 0 cols! field list=0
02-06-2024 20:43:37.103 INFO  SearchPipelineExecutor [31005 NormSerializeExecutorThread] - NormSerializeExecutorThread pipeline=0 is finished.
02-06-2024 20:43:37.103 INFO  SearchPipelineExecutor [30995 RunDispatch] - Done transmitting serialized search results, total bytes transmitted 55725.
02-06-2024 20:43:37.103 INFO  dispatchRunner [30995 RunDispatch] - Done with streaming search.
02-06-2024 20:43:37.104 INFO  ISearchOperator [30995 RunDispatch] - 0x7f421771a000 PREAD_HISTOGRAM: usec_1_8=247 usec_8_64=0 usec_64_512=0 usec_512_4096=0 usec_4096_32768=0 usec_32768_262144=0 usec_262144_INF=0 
02-06-2024 20:43:37.104 INFO  ISearchOperator [30995 RunDispatch] - 0x7f421771a800 PREAD_HISTOGRAM: usec_1_8=106 usec_8_64=0 usec_64_512=0 usec_512_4096=0 usec_4096_32768=0 usec_32768_262144=0 usec_262144_INF=0 
02-06-2024 20:43:37.104 INFO  SearchPipelineExecutor [30995 RunDispatch] - Streamed Search Index Orchestrator has been shutdown.
02-06-2024 20:43:37.105 INFO  UserManager [30995 RunDispatch] - Unwound user context: admin -> NULL
02-06-2024 20:43:37.105 INFO  LookupDataProvider [30995 RunDispatch] - Clearing out lookup shared provider map
02-06-2024 20:43:37.105 INFO  dispatchRunner [30550 MainThread] - RunDispatch is done: sid=remote_GOEL-SearchHead_1707252216.40, exit=0
