02-06-2024 20:43:33.639 INFO  dispatchRunner [18274 MainThread] - Search process mode: preforked (reused process) (build b985591d12fd).
02-06-2024 20:43:33.639 INFO  dispatchRunner [18274 MainThread] - Feature flag post-args={"v":1,"enabledFeatures":["stats:allow_stats_v2"],"disabledFeatures":["searchresults:srs2"]}
02-06-2024 20:43:33.639 INFO  SearchFeatureFlags [18274 MainThread] - Initializing feature flags from config. feature_seed=46947589
02-06-2024 20:43:33.639 INFO  SearchFeatureFlags [18274 MainThread] - Setting feature_flag=parallelreduce:enablePreview:true
02-06-2024 20:43:33.639 INFO  SearchFeatureFlags [18274 MainThread] - Setting feature_flag=search:search_retry:false
02-06-2024 20:43:33.639 INFO  SearchFeatureFlags [18274 MainThread] - Setting feature_flag=search:search_retry_realtime:false
02-06-2024 20:43:33.639 INFO  SearchFeatureFlags [18274 MainThread] - Setting feature_flag=parallelreduce:autoAppliedPercentage:false
02-06-2024 20:43:33.639 INFO  SearchFeatureFlags [18274 MainThread] - Setting feature_flag=subsearch:enableConcurrentPipelineProcessing:false
02-06-2024 20:43:33.639 INFO  SearchFeatureFlags [18274 MainThread] - Setting feature_flag=stats:allow_stats_v2:true
02-06-2024 20:43:33.639 INFO  SearchFeatureFlags [18274 MainThread] - Setting feature_flag=search_optimization::set_required_fields:stats:false
02-06-2024 20:43:33.639 INFO  SearchFeatureFlags [18274 MainThread] - Setting feature_flag=searchresults:srs2:false
02-06-2024 20:43:33.639 INFO  SearchFeatureFlags [18274 MainThread] - Setting feature_flag=search:read_final_results_from_timeliner:true
02-06-2024 20:43:33.639 INFO  SearchFeatureFlags [18274 MainThread] - Overlaying SearchFeatureFlags from jsonNode={"v":1,"enabledFeatures":["stats:allow_stats_v2"],"disabledFeatures":["searchresults:srs2"]}
02-06-2024 20:43:33.639 INFO  dispatchRunner [18274 MainThread] - registering build time modules, count=1
02-06-2024 20:43:33.639 INFO  dispatchRunner [18274 MainThread] - registering search time components of build time module name=vix
02-06-2024 20:43:33.639 INFO  BundlesSetup [18274 MainThread] - Setup stats for /opt/splunk/var/run/searchpeers/GOEL-SearchHead-1707251292: wallclock_elapsed_msec=14, cpu_time_used=0.0148345, shared_services_generation=2, shared_services_population=1
02-06-2024 20:43:33.646 INFO  UserManagerPro [18274 MainThread] - Load authentication: forcing roles="admin, can_delete, power, user"
02-06-2024 20:43:33.647 INFO  UserManager [19051 RunDispatch] - Setting user context: splunk-system-user
02-06-2024 20:43:33.647 INFO  UserManager [19051 RunDispatch] - Done setting user context: NULL -> splunk-system-user
02-06-2024 20:43:33.647 INFO  UserManager [19051 RunDispatch] - Unwound user context: splunk-system-user -> NULL
02-06-2024 20:43:33.647 INFO  UserManager [19051 RunDispatch] - Setting user context: admin
02-06-2024 20:43:33.647 INFO  UserManager [19051 RunDispatch] - Done setting user context: NULL -> admin
02-06-2024 20:43:33.647 INFO  dispatchRunner [19051 RunDispatch] - search context: user="admin", app="search", bs-pathname="/opt/splunk/var/run/searchpeers/GOEL-SearchHead-1707251292"
02-06-2024 20:43:33.647 INFO  SearchParser [19051 RunDispatch] - PARSING: litsearch (index=_* log_level=WARN bcgames bucket) | fields  keepcolorder=t "*" "_bkt" "_cd" "_si" "host" "index" "linecount" "source" "sourcetype" "splunk_server"  | remotetl  nb=300 et=1707248580.000000 lt=1707252213.000000 remove=true max_count=1000 max_prefetch=100
02-06-2024 20:43:33.647 INFO  SearchParser [19051 RunDispatch] - PARSING: litsearch (index=_* log_level=WARN bcgames bucket) | fields  keepcolorder=t "*" "_bkt" "_cd" "_si" "host" "index" "linecount" "source" "sourcetype" "splunk_server"  | remotetl  nb=300 et=1707248580.000000 lt=1707252213.000000 remove=true max_count=1000 max_prefetch=100
02-06-2024 20:43:33.647 INFO  UserManager [19051 RunDispatch] - Setting user context: splunk-system-user
02-06-2024 20:43:33.647 INFO  UserManager [19051 RunDispatch] - Done setting user context: admin -> splunk-system-user
02-06-2024 20:43:33.647 INFO  UserManager [19051 RunDispatch] - Setting user context: admin
02-06-2024 20:43:33.647 INFO  UserManager [19051 RunDispatch] - Done setting user context: splunk-system-user -> admin
02-06-2024 20:43:33.648 INFO  SearchProcessor [19051 RunDispatch] - Filtered out a metric type index '_metrics' because the command does not support it.
02-06-2024 20:43:33.648 INFO  SearchProcessor [19051 RunDispatch] - Filtered out a metric type index '_metrics_rollup' because the command does not support it.
02-06-2024 20:43:33.649 INFO  UserManager [19051 RunDispatch] - Unwound user context: admin -> splunk-system-user
02-06-2024 20:43:33.649 INFO  UserManager [19051 RunDispatch] - Unwound user context: splunk-system-user -> admin
02-06-2024 20:43:33.649 INFO  DispatchCommandProcessor [19051 RunDispatch] - Search requires the following indexes="[_audit,_configtracker,_internal,_introspection,_telemetry,_thefishbucket]"
02-06-2024 20:43:33.649 INFO  IndexReaderIf [19051 RunDispatch] - Loading Clustering bucket manifest file=/opt/splunk/var/run/splunk/cluster/search-buckets/search_sitedefault_gen113.csv.gz
02-06-2024 20:43:33.649 INFO  DatabaseDirectoryManager [19051 RunDispatch] - initDDMsFromSearchBucketManifest path=/opt/splunk/var/run/splunk/cluster/search-buckets/search_sitedefault_gen113.csv.gz, indexWhiteList_size=6
02-06-2024 20:43:33.649 INFO  dispatchRunner [19051 RunDispatch] - SearchPeerInitSearchMs=2
02-06-2024 20:43:33.649 INFO  dispatchRunner [19051 RunDispatch] - Serial search pipeline for streaming search being launched.
02-06-2024 20:43:33.649 INFO  SearchParser [19051 RunDispatch] - PARSING: litsearch (index=_* log_level=WARN bcgames bucket) | fields  keepcolorder=t "*" "_bkt" "_cd" "_si" "host" "index" "linecount" "source" "sourcetype" "splunk_server"  | remotetl  nb=300 et=1707248580.000000 lt=1707252213.000000 remove=true max_count=1000 max_prefetch=100
02-06-2024 20:43:33.660 INFO  SearchProcessor [19051 RunDispatch] - Filtered out a metric type index '_metrics' because the command does not support it.
02-06-2024 20:43:33.660 INFO  SearchProcessor [19051 RunDispatch] - Filtered out a metric type index '_metrics_rollup' because the command does not support it.
02-06-2024 20:43:33.660 INFO  SearchParser [19051 RunDispatch] - PARSING: typer | tags
02-06-2024 20:43:33.661 INFO  FastTyper [19051 RunDispatch] - found nodes count: comparisons=6, unique_comparisons=5, terms=4, unique_terms=4, phrases=12, unique_phrases=12, total leaves=22
02-06-2024 20:43:33.662 INFO  UserManager [19051 RunDispatch] - Setting user context: admin
02-06-2024 20:43:33.662 INFO  UserManager [19051 RunDispatch] - Done setting user context: admin -> admin
02-06-2024 20:43:33.662 INFO  FastSearchFilter [19051 RunDispatch] - Finished initializing IndexScopedFilter - trivial=0, nTerms=3, oTerms=0, host=0, source=0, sourcetype=0, linecount=0 exactCustomCmp=0
02-06-2024 20:43:33.662 INFO  UserManager [19051 RunDispatch] - Unwound user context: admin -> admin
02-06-2024 20:43:33.662 INFO  IndexScopedSearch [19051 RunDispatch] -  IndexScopedSearch is called for index = _audit, et = 1707248580.000000000, lt = 1707252213.000000000, index_et = -9223372036854775808.000000000, index_lt = 9223372036854775807.999999000, noRead = FALSE
02-06-2024 20:43:33.662 INFO  IndexScopedSearch [19051 RunDispatch] - ct=1707252213.000000 et=1707248580.000000 lt=1707252213.000000 dbsize=4
02-06-2024 20:43:33.663 INFO  UserManager [19051 RunDispatch] - Setting user context: admin
02-06-2024 20:43:33.663 INFO  UserManager [19051 RunDispatch] - Done setting user context: admin -> admin
02-06-2024 20:43:33.663 INFO  FastSearchFilter [19051 RunDispatch] - Finished initializing IndexScopedFilter - trivial=0, nTerms=3, oTerms=0, host=0, source=0, sourcetype=0, linecount=0 exactCustomCmp=0
02-06-2024 20:43:33.663 INFO  UserManager [19051 RunDispatch] - Unwound user context: admin -> admin
02-06-2024 20:43:33.663 INFO  IndexScopedSearch [19051 RunDispatch] -  IndexScopedSearch is called for index = _configtracker, et = 1707248580.000000000, lt = 1707252213.000000000, index_et = -9223372036854775808.000000000, index_lt = 9223372036854775807.999999000, noRead = FALSE
02-06-2024 20:43:33.663 INFO  IndexScopedSearch [19051 RunDispatch] - ct=1707252213.000000 et=1707248580.000000 lt=1707252213.000000 dbsize=2
02-06-2024 20:43:33.663 INFO  UserManager [19051 RunDispatch] - Setting user context: admin
02-06-2024 20:43:33.663 INFO  UserManager [19051 RunDispatch] - Done setting user context: admin -> admin
02-06-2024 20:43:33.663 INFO  FastSearchFilter [19051 RunDispatch] - Finished initializing IndexScopedFilter - trivial=0, nTerms=3, oTerms=0, host=0, source=0, sourcetype=0, linecount=0 exactCustomCmp=0
02-06-2024 20:43:33.663 INFO  UserManager [19051 RunDispatch] - Unwound user context: admin -> admin
02-06-2024 20:43:33.663 INFO  IndexScopedSearch [19051 RunDispatch] -  IndexScopedSearch is called for index = _internal, et = 1707248580.000000000, lt = 1707252213.000000000, index_et = -9223372036854775808.000000000, index_lt = 9223372036854775807.999999000, noRead = FALSE
02-06-2024 20:43:33.663 INFO  IndexScopedSearch [19051 RunDispatch] - ct=1707252213.000000 et=1707248580.000000 lt=1707252213.000000 dbsize=6
02-06-2024 20:43:33.664 INFO  UserManager [19051 RunDispatch] - Setting user context: admin
02-06-2024 20:43:33.664 INFO  UserManager [19051 RunDispatch] - Done setting user context: admin -> admin
02-06-2024 20:43:33.664 INFO  FastSearchFilter [19051 RunDispatch] - Finished initializing IndexScopedFilter - trivial=0, nTerms=3, oTerms=0, host=0, source=0, sourcetype=0, linecount=0 exactCustomCmp=0
02-06-2024 20:43:33.664 INFO  UserManager [19051 RunDispatch] - Unwound user context: admin -> admin
02-06-2024 20:43:33.664 INFO  IndexScopedSearch [19051 RunDispatch] -  IndexScopedSearch is called for index = _introspection, et = 1707248580.000000000, lt = 1707252213.000000000, index_et = -9223372036854775808.000000000, index_lt = 9223372036854775807.999999000, noRead = FALSE
02-06-2024 20:43:33.664 INFO  IndexScopedSearch [19051 RunDispatch] - ct=1707252213.000000 et=1707248580.000000 lt=1707252213.000000 dbsize=3
02-06-2024 20:43:33.664 INFO  UserManager [19051 RunDispatch] - Setting user context: admin
02-06-2024 20:43:33.664 INFO  UserManager [19051 RunDispatch] - Done setting user context: admin -> admin
02-06-2024 20:43:33.665 INFO  FastSearchFilter [19051 RunDispatch] - Finished initializing IndexScopedFilter - trivial=0, nTerms=3, oTerms=0, host=0, source=0, sourcetype=0, linecount=0 exactCustomCmp=0
02-06-2024 20:43:33.665 INFO  UserManager [19051 RunDispatch] - Unwound user context: admin -> admin
02-06-2024 20:43:33.665 INFO  IndexScopedSearch [19051 RunDispatch] -  IndexScopedSearch is called for index = _telemetry, et = 1707248580.000000000, lt = 1707252213.000000000, index_et = -9223372036854775808.000000000, index_lt = 9223372036854775807.999999000, noRead = FALSE
02-06-2024 20:43:33.665 INFO  IndexScopedSearch [19051 RunDispatch] - ct=1707252213.000000 et=1707248580.000000 lt=1707252213.000000 dbsize=0
02-06-2024 20:43:33.665 INFO  UserManager [19051 RunDispatch] - Setting user context: admin
02-06-2024 20:43:33.665 INFO  UserManager [19051 RunDispatch] - Done setting user context: admin -> admin
02-06-2024 20:43:33.665 INFO  FastSearchFilter [19051 RunDispatch] - Finished initializing IndexScopedFilter - trivial=0, nTerms=3, oTerms=0, host=0, source=0, sourcetype=0, linecount=0 exactCustomCmp=0
02-06-2024 20:43:33.665 INFO  UserManager [19051 RunDispatch] - Unwound user context: admin -> admin
02-06-2024 20:43:33.665 INFO  IndexScopedSearch [19051 RunDispatch] -  IndexScopedSearch is called for index = _thefishbucket, et = 1707248580.000000000, lt = 1707252213.000000000, index_et = -9223372036854775808.000000000, index_lt = 9223372036854775807.999999000, noRead = FALSE
02-06-2024 20:43:33.665 INFO  IndexScopedSearch [19051 RunDispatch] - ct=1707252213.000000 et=1707248580.000000 lt=1707252213.000000 dbsize=0
02-06-2024 20:43:33.665 INFO  UnifiedSearch [19051 RunDispatch] - Initialization of search data structures took 6 ms
02-06-2024 20:43:33.666 INFO  UnifiedSearch [19051 RunDispatch] - Processed search targeting arguments
02-06-2024 20:43:33.690 INFO  SearchPipelineExecutor [19051 RunDispatch] - Number of StreamSearch pipelines launched=1
02-06-2024 20:43:33.690 INFO  SearchPipelineExecutor [19054 StreamSearch] - StreamSearch pipeline=0 is started in its own thread
02-06-2024 20:43:33.690 INFO  UserManager [19054 StreamSearch] - Setting user context: admin
02-06-2024 20:43:33.690 INFO  SearchPipelineExecutor [19051 RunDispatch] - Starting to transmit serialized search results.
02-06-2024 20:43:33.690 INFO  UserManager [19054 StreamSearch] - Done setting user context: NULL -> admin
02-06-2024 20:43:33.691 INFO  SearchPipelineExecutor [19056 NormSerializeExecutorThread] - NormSerializeExecutorThread pipeline=0 is started in its own thread.
02-06-2024 20:43:33.692 WARN  SRSSerializer [19056 NormSerializeExecutorThread] - writing 0 cols! field list=0
02-06-2024 20:43:33.694 INFO  Timeliner [19054 StreamSearch] - Emitted 9 full events to info._remotetl_events
02-06-2024 20:43:33.694 WARN  SRSSerializer [19056 NormSerializeExecutorThread] - writing 0 cols! field list=0
02-06-2024 20:43:33.699 INFO  Timeliner [19054 StreamSearch] - Emitted 4 full events to info._remotetl_events
02-06-2024 20:43:33.699 WARN  SRSSerializer [19056 NormSerializeExecutorThread] - writing 0 cols! field list=0
02-06-2024 20:43:33.702 WARN  SearchOperator:kv [19054 StreamSearch] - buildRegexList provided empty conf key, ignoring.
02-06-2024 20:43:33.702 INFO  Timeliner [19054 StreamSearch] - Emitted 13 full events to info._remotetl_events
02-06-2024 20:43:33.703 WARN  SRSSerializer [19056 NormSerializeExecutorThread] - writing 0 cols! field list=0
02-06-2024 20:43:33.706 WARN  SRSSerializer [19056 NormSerializeExecutorThread] - writing 0 cols! field list=0
02-06-2024 20:43:33.712 WARN  SRSSerializer [19056 NormSerializeExecutorThread] - writing 0 cols! field list=0
02-06-2024 20:43:33.723 INFO  Timeliner [19054 StreamSearch] - Emitted 58 full events to info._remotetl_events
02-06-2024 20:43:33.723 WARN  SRSSerializer [19056 NormSerializeExecutorThread] - writing 0 cols! field list=0
02-06-2024 20:43:33.723 INFO  SearchPipelineExecutor [19054 StreamSearch] - Finished streaming: results.count=0
02-06-2024 20:43:33.723 INFO  UserManager [19054 StreamSearch] - Unwound user context: admin -> NULL
02-06-2024 20:43:33.723 INFO  SearchPipelineExecutor [19054 StreamSearch] - StreamSearch pipleine=0 is finished.
02-06-2024 20:43:33.723 WARN  SRSSerializer [19056 NormSerializeExecutorThread] - writing 0 cols! field list=0
02-06-2024 20:43:33.724 WARN  SRSSerializer [19056 NormSerializeExecutorThread] - writing 0 cols! field list=0
02-06-2024 20:43:33.724 INFO  SearchPipelineExecutor [19056 NormSerializeExecutorThread] - NormSerializeExecutorThread pipeline=0 is finished.
02-06-2024 20:43:33.724 INFO  SearchPipelineExecutor [19051 RunDispatch] - Done transmitting serialized search results, total bytes transmitted 174759.
02-06-2024 20:43:33.725 INFO  dispatchRunner [19051 RunDispatch] - Done with streaming search.
02-06-2024 20:43:33.725 INFO  SearchOperator:kv [19051 RunDispatch] - Extractor stats: name=_autoKvStats, probes=1, total_time_ms=0, max_time_ms=0
02-06-2024 20:43:33.725 INFO  SearchOperator:kv [19051 RunDispatch] - Extractor stats: name=(?i)^(?:[^ ]* ){2}(?:[+\-]\d+ )?(?P<log_level>[^ ]*)\s+(?P<component>[^ ]+) (?:\[(?P<thread_id>\d+)\s)?(?:(?P<thread_name>[^\]]+)\]\s)?- (?P<event_message>.+), probes=2, total_time_ms=0, max_time_ms=0
02-06-2024 20:43:33.725 INFO  SearchOperator:kv [19051 RunDispatch] - Extractor stats: name=remote_searches_extractions_starting, probes=1, total_time_ms=0, max_time_ms=0
02-06-2024 20:43:33.725 INFO  SearchOperator:kv [19051 RunDispatch] - Extractor stats: name=remote_searches_extractions_starting_fallback, probes=1, total_time_ms=0, max_time_ms=0
02-06-2024 20:43:33.725 INFO  SearchOperator:kv [19051 RunDispatch] - Extractor stats: name=remote_searches_extractions_terminated, probes=3, total_time_ms=0, max_time_ms=0
02-06-2024 20:43:33.725 INFO  ISearchOperator [19051 RunDispatch] - 0x7fb482a44000 PREAD_HISTOGRAM: usec_1_8=784 usec_8_64=11 usec_64_512=1 usec_512_4096=0 usec_4096_32768=0 usec_32768_262144=0 usec_262144_INF=0 
02-06-2024 20:43:33.725 INFO  ISearchOperator [19051 RunDispatch] - 0x7fb482a44800 PREAD_HISTOGRAM: usec_1_8=60 usec_8_64=0 usec_64_512=0 usec_512_4096=0 usec_4096_32768=0 usec_32768_262144=0 usec_262144_INF=0 
02-06-2024 20:43:33.726 INFO  SearchPipelineExecutor [19051 RunDispatch] - Streamed Search Index Orchestrator has been shutdown.
02-06-2024 20:43:33.726 INFO  UserManager [19051 RunDispatch] - Unwound user context: admin -> NULL
02-06-2024 20:43:33.726 INFO  LookupDataProvider [19051 RunDispatch] - Clearing out lookup shared provider map
02-06-2024 20:43:33.727 INFO  dispatchRunner [18274 MainThread] - RunDispatch is done: sid=remote_GOEL-SearchHead_1707252213.39, exit=0
