02-06-2024 20:29:47.952 INFO  dispatchRunner [2864 MainThread] - Search process mode: preforked (first search in process) (build b985591d12fd).
02-06-2024 20:29:47.952 INFO  dispatchRunner [2864 MainThread] - initing LicenseMgr in search process: nonPro=0
02-06-2024 20:29:47.952 INFO  LMStackMgr [2864 MainThread] - Initializing CleMgr...
02-06-2024 20:29:47.952 INFO  LicenseMgr [2864 MainThread] - Initing LicenseMgr
02-06-2024 20:29:47.953 INFO  LMConfig [2864 MainThread] - serverName=GOEL-Indexer1 guid=A59E264B-EF37-4C05-A664-4B364D39C148
02-06-2024 20:29:47.955 INFO  LMConfig [2864 MainThread] - connection_timeout=30
02-06-2024 20:29:47.955 INFO  LMConfig [2864 MainThread] - send_timeout=30
02-06-2024 20:29:47.955 INFO  LMConfig [2864 MainThread] - receive_timeout=30
02-06-2024 20:29:47.955 INFO  LMConfig [2864 MainThread] - key=license_warnings_update_interval not found in licenser stanza of server.conf, defaulting=0
02-06-2024 20:29:47.955 INFO  LMConfig [2864 MainThread] - squash_threshold=2000
02-06-2024 20:29:47.955 INFO  LMConfig [2864 MainThread] - strict_pool_quota=1
02-06-2024 20:29:47.955 INFO  LMConfig [2864 MainThread] - key=pool_suggestion not found in licenser stanza of server.conf, defaulting=''
02-06-2024 20:29:47.955 INFO  LMConfig [2864 MainThread] - key=test_aws_metering not found in licenser stanza of server.conf, defaulting=0
02-06-2024 20:29:47.955 INFO  LMConfig [2864 MainThread] - key=test_aws_product_code not found in licenser stanza of server.conf, defaulting=0
02-06-2024 20:29:47.955 INFO  LicenseMgr [2864 MainThread] - Initing LicenseMgr runContext_splunkd=false
02-06-2024 20:29:47.955 INFO  LMStackMgr [2864 MainThread] - closing stack mgr
02-06-2024 20:29:47.955 INFO  LMSlaveInfo [2864 MainThread] - all slaves cleared
02-06-2024 20:29:47.955 INFO  LMStackMgr [2864 MainThread] - partial init only since node has remote master=https://10.0.3.7:8089
02-06-2024 20:29:47.955 INFO  LicenseMgr [2864 MainThread] - StackMgr init complete...
02-06-2024 20:29:47.955 INFO  LMTracker [2864 MainThread] - Setting default product type='enterprise'
02-06-2024 20:29:47.955 INFO  LMTracker [2864 MainThread] - this is not splunkd, will perform partial init
02-06-2024 20:29:47.955 INFO  LicenseMgr [2864 MainThread] - Tracker init complete...
02-06-2024 20:29:47.963 INFO  AdminManagerDispatch [2864 MainThread] - added factory for admin handler: 'licenses'
02-06-2024 20:29:47.963 INFO  AdminManagerDispatch [2864 MainThread] - added factory for admin handler: 'pools'
02-06-2024 20:29:47.963 INFO  AdminManagerDispatch [2864 MainThread] - added factory for admin handler: 'stacks'
02-06-2024 20:29:47.963 INFO  AdminManagerDispatch [2864 MainThread] - added factory for admin handler: 'groups'
02-06-2024 20:29:47.963 INFO  AdminManagerDispatch [2864 MainThread] - added factory for admin handler: 'slaves'
02-06-2024 20:29:47.963 INFO  AdminManagerDispatch [2864 MainThread] - added factory for admin handler: 'peers'
02-06-2024 20:29:47.963 INFO  AdminManagerDispatch [2864 MainThread] - added factory for admin handler: 'localslave'
02-06-2024 20:29:47.963 INFO  AdminManagerDispatch [2864 MainThread] - added factory for admin handler: 'localpeer'
02-06-2024 20:29:47.963 INFO  AdminManagerDispatch [2864 MainThread] - added factory for admin handler: 'licensermessages'
02-06-2024 20:29:47.963 INFO  AdminManagerDispatch [2864 MainThread] - added factory for admin handler: 'scriptedwarning'
02-06-2024 20:29:47.963 INFO  AdminManagerDispatch [2864 MainThread] - added factory for admin handler: 'licenseusage'
02-06-2024 20:29:47.963 INFO  LicenseMgr [2864 MainThread] - Initing LicenseMgr
02-06-2024 20:29:47.963 INFO  LMConfig [2864 MainThread] - serverName=GOEL-Indexer1 guid=A59E264B-EF37-4C05-A664-4B364D39C148
02-06-2024 20:29:47.963 INFO  LMConfig [2864 MainThread] - connection_timeout=30
02-06-2024 20:29:47.963 INFO  LMConfig [2864 MainThread] - send_timeout=30
02-06-2024 20:29:47.963 INFO  LMConfig [2864 MainThread] - receive_timeout=30
02-06-2024 20:29:47.963 INFO  LMConfig [2864 MainThread] - key=license_warnings_update_interval not found in licenser stanza of server.conf, defaulting=0
02-06-2024 20:29:47.963 INFO  LMConfig [2864 MainThread] - squash_threshold=2000
02-06-2024 20:29:47.963 INFO  LMConfig [2864 MainThread] - strict_pool_quota=1
02-06-2024 20:29:47.963 INFO  LMConfig [2864 MainThread] - key=pool_suggestion not found in licenser stanza of server.conf, defaulting=''
02-06-2024 20:29:47.963 INFO  LMConfig [2864 MainThread] - key=test_aws_metering not found in licenser stanza of server.conf, defaulting=0
02-06-2024 20:29:47.963 INFO  LMConfig [2864 MainThread] - key=test_aws_product_code not found in licenser stanza of server.conf, defaulting=0
02-06-2024 20:29:47.963 INFO  dispatchRunner [2864 MainThread] - Feature flag post-args={"v":1,"enabledFeatures":["stats:allow_stats_v2"],"disabledFeatures":["searchresults:srs2"]}
02-06-2024 20:29:47.964 INFO  SearchFeatureFlags [2864 MainThread] - Initializing feature flags from config. feature_seed=46947589
02-06-2024 20:29:47.964 INFO  SearchFeatureFlags [2864 MainThread] - Setting feature_flag=parallelreduce:enablePreview:true
02-06-2024 20:29:47.964 INFO  SearchFeatureFlags [2864 MainThread] - Setting feature_flag=search:search_retry:false
02-06-2024 20:29:47.964 INFO  SearchFeatureFlags [2864 MainThread] - Setting feature_flag=search:search_retry_realtime:false
02-06-2024 20:29:47.964 INFO  SearchFeatureFlags [2864 MainThread] - Setting feature_flag=parallelreduce:autoAppliedPercentage:false
02-06-2024 20:29:47.964 INFO  SearchFeatureFlags [2864 MainThread] - Setting feature_flag=subsearch:enableConcurrentPipelineProcessing:false
02-06-2024 20:29:47.964 INFO  SearchFeatureFlags [2864 MainThread] - Setting feature_flag=stats:allow_stats_v2:true
02-06-2024 20:29:47.964 INFO  SearchFeatureFlags [2864 MainThread] - Setting feature_flag=search_optimization::set_required_fields:stats:false
02-06-2024 20:29:47.964 INFO  SearchFeatureFlags [2864 MainThread] - Setting feature_flag=searchresults:srs2:false
02-06-2024 20:29:47.964 INFO  SearchFeatureFlags [2864 MainThread] - Setting feature_flag=search:read_final_results_from_timeliner:true
02-06-2024 20:29:47.964 INFO  SearchFeatureFlags [2864 MainThread] - Overlaying SearchFeatureFlags from jsonNode={"v":1,"enabledFeatures":["stats:allow_stats_v2"],"disabledFeatures":["searchresults:srs2"]}
02-06-2024 20:29:47.964 INFO  dispatchRunner [2864 MainThread] - registering build time modules, count=1
02-06-2024 20:29:47.964 INFO  dispatchRunner [2864 MainThread] - registering search time components of build time module name=vix
02-06-2024 20:29:47.964 INFO  dispatchRunner [2864 MainThread] - Getting search configuration data from: /opt/splunk/etc/modules/parsing/config.xml
02-06-2024 20:29:47.971 WARN  SSLOptions [2864 MainThread] - server.conf/[kvstore]/sslVerifyServerCert is false disabling certificate validation; must be set to "true" for increased security
02-06-2024 20:29:47.971 INFO  BundlesSetup [2864 MainThread] - Setup stats for /opt/splunk/var/run/searchpeers/GOEL-SearchHead-1707251292: wallclock_elapsed_msec=15, cpu_time_used=0.0150296, shared_services_generation=2, shared_services_population=1
02-06-2024 20:29:47.994 INFO  UserManagerPro [2864 MainThread] - Load authentication: forcing roles="admin, can_delete, power, user"
02-06-2024 20:29:47.994 INFO  PipelineComponent [2864 MainThread] - Ingestion pipeline sets have been configured to use pipeline set policy=round_robin for multiple pipeline sets.
02-06-2024 20:29:47.995 INFO  UserManager [23661 RunDispatch] - Setting user context: splunk-system-user
02-06-2024 20:29:47.995 INFO  UserManager [23661 RunDispatch] - Done setting user context: NULL -> splunk-system-user
02-06-2024 20:29:47.995 INFO  UserManager [23661 RunDispatch] - Unwound user context: splunk-system-user -> NULL
02-06-2024 20:29:47.995 INFO  UserManager [23661 RunDispatch] - Setting user context: admin
02-06-2024 20:29:47.995 INFO  UserManager [23661 RunDispatch] - Done setting user context: NULL -> admin
02-06-2024 20:29:47.995 INFO  dispatchRunner [23661 RunDispatch] - search context: user="admin", app="search", bs-pathname="/opt/splunk/var/run/searchpeers/GOEL-SearchHead-1707251292"
02-06-2024 20:29:48.003 WARN  IndexConfig [23661 RunDispatch] - Max bucket size is larger than destination path size limit. Please check your index configuration. idx=bcgames; bucket size in (from maxDataSize) 750 MB, homePath.maxDataSizeMB=100,  coldPath.maxDataSizeMB=100
02-06-2024 20:29:48.003 WARN  IndexConfig [23661 RunDispatch] - Home path size limit cannot accomodate maximum number of hot buckets with specified bucket size because homePath.maxDataSizeMB is too small. Please check your index configuration: idx=bcgames maxDataSize=750 MB, homePath.maxDataSizeMB=100 MB
02-06-2024 20:29:48.003 WARN  IndexConfig [23661 RunDispatch] - Max bucket size is larger than destination path size limit. Please check your index configuration. idx=infra; bucket size in (from maxDataSize) 750 MB, homePath.maxDataSizeMB=100,  coldPath.maxDataSizeMB=100
02-06-2024 20:29:48.003 WARN  IndexConfig [23661 RunDispatch] - Home path size limit cannot accomodate maximum number of hot buckets with specified bucket size because homePath.maxDataSizeMB is too small. Please check your index configuration: idx=infra maxDataSize=750 MB, homePath.maxDataSizeMB=100 MB
02-06-2024 20:29:48.003 WARN  IndexConfig [23661 RunDispatch] - Max bucket size is larger than destination path size limit. Please check your index configuration. idx=soc; bucket size in (from maxDataSize) 750 MB, homePath.maxDataSizeMB=100,  coldPath.maxDataSizeMB=100
02-06-2024 20:29:48.003 WARN  IndexConfig [23661 RunDispatch] - Home path size limit cannot accomodate maximum number of hot buckets with specified bucket size because homePath.maxDataSizeMB is too small. Please check your index configuration: idx=soc maxDataSize=750 MB, homePath.maxDataSizeMB=100 MB
02-06-2024 20:29:48.004 INFO  SearchParser [23661 RunDispatch] - PARSING: litsearch (index=bcgames source=*dreamcrusher.xml* sourcetype=dreamcrusher_xml) | addinfo  type=count label=prereport_events track_fieldmeta_events=true | fields  keepcolorder=t "AttackVessel" "Infiltrators" "prestats_reserved_*" "psrsvd_*" | prestats  sum(Infiltrators) by AttackVessel
02-06-2024 20:29:48.004 INFO  StatsContext [23661 RunDispatch] -  Setting chunk size min=65536 max=1048576 double_every=100
02-06-2024 20:29:48.004 INFO  StatsContext [23661 RunDispatch] -  Setting max memory usage to 209715200
02-06-2024 20:29:48.004 INFO  SearchParser [23661 RunDispatch] - PARSING: litsearch (index=bcgames source=*dreamcrusher.xml* sourcetype=dreamcrusher_xml) | addinfo  type=count label=prereport_events track_fieldmeta_events=true | fields  keepcolorder=t "AttackVessel" "Infiltrators" "prestats_reserved_*" "psrsvd_*" | prestats  sum(Infiltrators) by AttackVessel
02-06-2024 20:29:48.004 INFO  StatsContext [23661 RunDispatch] -  Setting chunk size min=65536 max=1048576 double_every=100
02-06-2024 20:29:48.004 INFO  StatsContext [23661 RunDispatch] -  Setting max memory usage to 209715200
02-06-2024 20:29:48.004 INFO  UserManager [23661 RunDispatch] - Setting user context: splunk-system-user
02-06-2024 20:29:48.004 INFO  UserManager [23661 RunDispatch] - Done setting user context: admin -> splunk-system-user
02-06-2024 20:29:48.004 INFO  UserManager [23661 RunDispatch] - Setting user context: admin
02-06-2024 20:29:48.004 INFO  UserManager [23661 RunDispatch] - Done setting user context: splunk-system-user -> admin
02-06-2024 20:29:48.006 INFO  UserManager [23661 RunDispatch] - Unwound user context: admin -> splunk-system-user
02-06-2024 20:29:48.006 INFO  UserManager [23661 RunDispatch] - Unwound user context: splunk-system-user -> admin
02-06-2024 20:29:48.006 INFO  DispatchCommandProcessor [23661 RunDispatch] - Search requires the following indexes="[bcgames]"
02-06-2024 20:29:48.006 INFO  IndexReaderIf [23661 RunDispatch] - Loading Clustering bucket manifest file=/opt/splunk/var/run/splunk/cluster/search-buckets/search_sitedefault_gen106.csv.gz
02-06-2024 20:29:48.006 INFO  DatabaseDirectoryManager [23661 RunDispatch] - initDDMsFromSearchBucketManifest path=/opt/splunk/var/run/splunk/cluster/search-buckets/search_sitedefault_gen106.csv.gz, indexWhiteList_size=1
02-06-2024 20:29:48.006 INFO  CMBucketId [23661 RunDispatch] - CMIndexId: New indexName=_telemetry inserted, mapping to id=1
02-06-2024 20:29:48.006 INFO  CMBucketId [23661 RunDispatch] - CMIndexId: New indexName=_audit inserted, mapping to id=2
02-06-2024 20:29:48.006 INFO  CMBucketId [23661 RunDispatch] - CMIndexId: New indexName=_internal inserted, mapping to id=3
02-06-2024 20:29:48.006 INFO  dispatchRunner [23661 RunDispatch] - SearchPeerInitSearchMs=11
02-06-2024 20:29:48.006 INFO  dispatchRunner [23661 RunDispatch] - BSOrchestrator launching the parallel pipelines.
02-06-2024 20:29:48.007 INFO  SearchPipelineExecutor [23661 RunDispatch] - Number of BatchSearch pipelines launched=1
02-06-2024 20:29:48.007 INFO  SearchPipelineExecutor [23661 RunDispatch] - Starting to transmit serialized search results.
02-06-2024 20:29:48.007 INFO  SearchPipelineExecutor [23668 BatchSearch] - BatchSearch pipeline=0 is started in its own thread
02-06-2024 20:29:48.007 INFO  UserManager [23668 BatchSearch] - Setting user context: admin
02-06-2024 20:29:48.007 INFO  UserManager [23668 BatchSearch] - Done setting user context: NULL -> admin
02-06-2024 20:29:48.007 INFO  SearchParser [23668 BatchSearch] - PARSING: litsearch (index=bcgames source=*dreamcrusher.xml* sourcetype=dreamcrusher_xml) | addinfo  type=count label=prereport_events track_fieldmeta_events=true | fields  keepcolorder=t "AttackVessel" "Infiltrators" "prestats_reserved_*" "psrsvd_*" | prestats  sum(Infiltrators) by AttackVessel
02-06-2024 20:29:48.007 INFO  StatsContext [23668 BatchSearch] -  Setting chunk size min=65536 max=1048576 double_every=100
02-06-2024 20:29:48.007 INFO  StatsContext [23668 BatchSearch] -  Setting max memory usage to 209715200
02-06-2024 20:29:48.008 INFO  SearchPipelineExecutor [23669 NormSerializeExecutorThread] - NormSerializeExecutorThread pipeline=0 is started in its own thread.
02-06-2024 20:29:48.072 INFO  SearchParser [23668 BatchSearch] - PARSING: typer | tags
02-06-2024 20:29:48.082 INFO  FastTyper [23668 BatchSearch] - found nodes count: comparisons=6, unique_comparisons=5, terms=4, unique_terms=4, phrases=12, unique_phrases=12, total leaves=22
02-06-2024 20:29:48.091 INFO  BatchSearch [23668 BatchSearch] - Using Batch Search
02-06-2024 20:29:48.091 INFO  UserManager [23668 BatchSearch] - Setting user context: admin
02-06-2024 20:29:48.091 INFO  UserManager [23668 BatchSearch] - Done setting user context: admin -> admin
02-06-2024 20:29:48.092 INFO  FastSearchFilter [23668 BatchSearch] - Finished initializing IndexScopedFilter - trivial=0, nTerms=0, oTerms=0, host=0, source=1, sourcetype=1, linecount=0 exactCustomCmp=0
02-06-2024 20:29:48.092 INFO  UserManager [23668 BatchSearch] - Unwound user context: admin -> admin
02-06-2024 20:29:48.092 INFO  BatchSearch [23668 BatchSearch] -  BatchSearch is initialized for indexes = {bcgames}, et = 0.000000000, lt = 2147483647.000000000, index_et = -9223372036854775808.000000000, index_lt = 9223372036854775807.999999000, noRead = FALSE
02-06-2024 20:29:48.092 INFO  BatchSearch [23668 BatchSearch] - Clearing any DDM references
02-06-2024 20:29:48.092 INFO  BatchSearch [23668 BatchSearch] - index: bcgames dbsize=0
02-06-2024 20:29:48.092 INFO  UnifiedSearch [23668 BatchSearch] - Initialization of search data structures took 20 ms
02-06-2024 20:29:48.092 INFO  UnifiedSearch [23668 BatchSearch] - Processed search targeting arguments
02-06-2024 20:29:48.092 INFO  StatsProcessorV2 [23668 BatchSearch] - StatsV2 (stats) args: sum(Infiltrators), by, AttackVessel
02-06-2024 20:29:48.092 INFO  StatsProcessorV2 [23668 BatchSearch] - StatsProcessorV2::processArguments: Unaligned accesses are free
02-06-2024 20:29:48.092 INFO  StatsAggregations [23668 BatchSearch] - Instantiating Stats function sum for key=Infiltrators, alias=sum(Infiltrators)
02-06-2024 20:29:48.093 INFO  StatsContext [23668 BatchSearch] - shouldFallbackToOldStats: _use_v2_level=USE_V2_ALL, fallback=false
02-06-2024 20:29:48.104 INFO  UserManager [23668 BatchSearch] - Unwound user context: admin -> NULL
02-06-2024 20:29:48.104 INFO  SearchPipelineExecutor [23668 BatchSearch] - BatchSearch pipleine=0 is finished.
02-06-2024 20:29:48.105 INFO  SearchPipelineExecutor [23669 NormSerializeExecutorThread] - NormSerializeExecutorThread pipeline=0 is finished.
02-06-2024 20:29:48.105 INFO  SearchPipelineExecutor [23661 RunDispatch] - Done transmitting serialized search results, total bytes transmitted 8024.
02-06-2024 20:29:48.105 INFO  dispatchRunner [23661 RunDispatch] - Finished parallel pipeline processing.
02-06-2024 20:29:48.106 INFO  SearchPipelineExecutor [23661 RunDispatch] - Batch Search Index Orchestrator has been shutdown.
02-06-2024 20:29:48.106 INFO  UserManager [23661 RunDispatch] - Unwound user context: admin -> NULL
02-06-2024 20:29:48.106 INFO  LookupDataProvider [23661 RunDispatch] - Clearing out lookup shared provider map
02-06-2024 20:29:48.107 INFO  dispatchRunner [2864 MainThread] - RunDispatch is done: sid=remote_GOEL-SearchHead_admin__admin__search__search1_1707251387.28, exit=0
