02-06-2024 20:25:05.251 INFO  dispatchRunner [29684 MainThread] - Search process mode: preforked (reused process) (build b985591d12fd).
02-06-2024 20:25:05.251 INFO  dispatchRunner [29684 MainThread] - registering build time modules, count=1
02-06-2024 20:25:05.251 INFO  dispatchRunner [29684 MainThread] - registering search time components of build time module name=vix
02-06-2024 20:25:05.252 INFO  BundlesSetup [29684 MainThread] - Setup stats for /opt/splunk/etc: wallclock_elapsed_msec=9, cpu_time_used=0.00939730, shared_services_generation=2, shared_services_population=1
02-06-2024 20:25:05.257 INFO  UserManagerPro [29684 MainThread] - Load authentication: forcing roles="admin, can_delete, power, user"
02-06-2024 20:25:05.258 INFO  UserManager [21612 RunDispatch] - Setting user context: admin
02-06-2024 20:25:05.258 INFO  UserManager [21612 RunDispatch] - Done setting user context: NULL -> admin
02-06-2024 20:25:05.258 INFO  dispatchRunner [21612 RunDispatch] - search context: user="admin", app="search", bs-pathname="/opt/splunk/etc"
02-06-2024 20:25:05.258 INFO  SearchParser [21612 RunDispatch] - PARSING: search index=bcgames source=*dreamcrusher.xml* sourcetype=dreamcrusher_xml
02-06-2024 20:25:05.258 INFO  dispatchRunner [21612 RunDispatch] - Search running in non-clustered mode
02-06-2024 20:25:05.258 INFO  dispatchRunner [21612 RunDispatch] - SearchHeadInitSearchMs=0
02-06-2024 20:25:05.258 INFO  dispatchRunner [21612 RunDispatch] - Executing the Search orchestrator and iterator model (dfs=false).
02-06-2024 20:25:05.258 INFO  SearchOrchestrator [21612 RunDispatch] - SearchOrchestrator getting constructed
02-06-2024 20:25:05.258 INFO  SearchOrchestrator [21612 RunDispatch] -  Initialized the SRI
02-06-2024 20:25:05.259 INFO  SearchFeatureFlags [21612 RunDispatch] - Initializing feature flags from config. feature_seed=3998309084
02-06-2024 20:25:05.259 INFO  SearchFeatureFlags [21612 RunDispatch] - Setting feature_flag=parallelreduce:enablePreview:true
02-06-2024 20:25:05.259 INFO  SearchFeatureFlags [21612 RunDispatch] - Setting feature_flag=search:search_retry:false
02-06-2024 20:25:05.259 INFO  SearchFeatureFlags [21612 RunDispatch] - Setting feature_flag=search:search_retry_realtime:false
02-06-2024 20:25:05.259 INFO  SearchFeatureFlags [21612 RunDispatch] - Setting feature_flag=parallelreduce:autoAppliedPercentage:false
02-06-2024 20:25:05.259 INFO  SearchFeatureFlags [21612 RunDispatch] - Setting feature_flag=subsearch:enableConcurrentPipelineProcessing:false
02-06-2024 20:25:05.259 INFO  SearchFeatureFlags [21612 RunDispatch] - Setting feature_flag=stats:allow_stats_v2:true
02-06-2024 20:25:05.259 INFO  SearchFeatureFlags [21612 RunDispatch] - Setting feature_flag=search_optimization::set_required_fields:stats:false
02-06-2024 20:25:05.259 INFO  SearchFeatureFlags [21612 RunDispatch] - Setting feature_flag=searchresults:srs2:false
02-06-2024 20:25:05.259 INFO  SearchFeatureFlags [21612 RunDispatch] - Setting feature_flag=search:read_final_results_from_timeliner:true
02-06-2024 20:25:05.259 INFO  SearchOrchestrator [21612 RunDispatch] - Search feature_flags={"v":1,"enabledFeatures":["parallelreduce:enablePreview","stats:allow_stats_v2","search:read_final_results_from_timeliner"],"disabledFeatures":["search:search_retry","search:search_retry_realtime","parallelreduce:autoAppliedPercentage","subsearch:enableConcurrentPipelineProcessing","search_optimization::set_required_fields:stats","searchresults:srs2"]}
02-06-2024 20:25:05.259 INFO  ISplunkDispatch [21612 RunDispatch] - Not running in splunkd. Bundle replication not triggered.
02-06-2024 20:25:05.259 INFO  SearchOrchestrator [21615 searchOrchestrator] - Initialzing the run time settings for the orchestrator.
02-06-2024 20:25:05.259 INFO  UserManager [21615 searchOrchestrator] - Setting user context: admin
02-06-2024 20:25:05.259 INFO  UserManager [21615 searchOrchestrator] - Done setting user context: NULL -> admin
02-06-2024 20:25:05.260 INFO  AdaptiveSearchEngineSelector [21615 searchOrchestrator] - Search execution_plan=classic
02-06-2024 20:25:05.260 INFO  SearchOrchestrator [21615 searchOrchestrator] - Creating the search DAG.
02-06-2024 20:25:05.260 INFO  SearchParser [21615 searchOrchestrator] - PARSING: search index=bcgames source=*dreamcrusher.xml* sourcetype=dreamcrusher_xml
02-06-2024 20:25:05.260 INFO  DispatchStorageManagerInfo [21615 searchOrchestrator] - Successfully created new dispatch directory for search job. sid=00feda6d66a3a4a8_tmp dispatch_dir=/opt/splunk/var/run/splunk/dispatch/00feda6d66a3a4a8_tmp
02-06-2024 20:25:05.269 INFO  SearchProcessor [21615 searchOrchestrator] - Building search filter
02-06-2024 20:25:05.276 INFO  SearchEvaluatorBasedExpander [21615 searchOrchestrator] -  Performing lookup expansions
02-06-2024 20:25:05.276 INFO  SearchEvaluatorBasedExpander [21615 searchOrchestrator] -  Lookup expansion took 0 ms
02-06-2024 20:25:05.276 INFO  SearchEvaluatorBasedExpander [21615 searchOrchestrator] -  Performing calculated field expansions
02-06-2024 20:25:05.276 INFO  SearchEvaluatorBasedExpander [21615 searchOrchestrator] -  Calculated field expansion took 0 ms
02-06-2024 20:25:05.277 INFO  SearchEvaluatorBasedExpander [21615 searchOrchestrator] -  Performing field alias expansions
02-06-2024 20:25:05.277 INFO  SearchEvaluatorBasedExpander [21615 searchOrchestrator] -  field alias expansions took 0 ms
02-06-2024 20:25:05.277 INFO  SearchEvaluatorBasedExpander [21615 searchOrchestrator] -  Performing kvfield expansions
02-06-2024 20:25:05.277 INFO  SearchEvaluatorBasedExpander [21615 searchOrchestrator] -  kvfield expansions took 0 ms
02-06-2024 20:25:05.277 INFO  SearchEvaluatorBasedExpander [21615 searchOrchestrator] -  Performing indexed fields expansions
02-06-2024 20:25:05.277 INFO  SearchEvaluatorBasedExpander [21615 searchOrchestrator] -  indexed fields expansions took 0 ms
02-06-2024 20:25:05.277 INFO  SearchEvaluatorBasedExpander [21615 searchOrchestrator] -  Performing reverse sourcetype expansions
02-06-2024 20:25:05.280 INFO  SearchEvaluatorBasedExpander [21615 searchOrchestrator] -  sourcetype expansions took 3 ms
02-06-2024 20:25:05.280 INFO  UnifiedSearch [21615 searchOrchestrator] - Expanded index search = (index=bcgames source=*dreamcrusher.xml* sourcetype=dreamcrusher_xml)
02-06-2024 20:25:05.280 INFO  UnifiedSearch [21615 searchOrchestrator] - base lispy: [ AND index::bcgames source::*dreamcrusher.xml* sourcetype::dreamcrusher_xml ]
02-06-2024 20:25:05.281 INFO  UnifiedSearch [21615 searchOrchestrator] - No indexes to search
02-06-2024 20:25:05.281 INFO  UnifiedSearch [21615 searchOrchestrator] - Processed search targeting arguments
02-06-2024 20:25:05.281 INFO  DispatchThread [21615 searchOrchestrator] - BatchMode: allowBatchMode: 0, conf(1): 1, timeline/Status buckets(0):0, realtime(0):0, report pipe empty(0):1, reqTimeOrder(0):0, summarize(0):0, statefulStreaming(0):0
02-06-2024 20:25:05.281 INFO  DispatchThread [21615 searchOrchestrator] - Setup timeliner partialCommits=1
02-06-2024 20:25:05.281 INFO  DispatchThread [21615 searchOrchestrator] - required fields list to add to remote search = _bkt,_cd,_si,host,index,linecount,source,sourcetype,splunk_server
02-06-2024 20:25:05.281 INFO  SearchParser [21615 searchOrchestrator] - PARSING: fields keepcolorder=t "_bkt" "_cd" "_si" "host" "index" "linecount" "source" "sourcetype" "splunk_server"
02-06-2024 20:25:05.281 INFO  DispatchCommandProcessor [21615 searchOrchestrator] - summaryHash=58b192c12d9c8812 summaryId=51367ECF-193E-4082-849C-4DF59054FDA5_search_admin_58b192c12d9c8812 remoteSearch=litsearch (index=bcgames source=*dreamcrusher.xml* sourcetype=dreamcrusher_xml) | fields  keepcolorder=t "_bkt" "_cd" "_si" "host" "index" "linecount" "source" "sourcetype" "splunk_server"
02-06-2024 20:25:05.281 INFO  DispatchCommandProcessor [21615 searchOrchestrator] - summaryHash=NS848dc340f2a2f3bf summaryId=51367ECF-193E-4082-849C-4DF59054FDA5_search_admin_NS848dc340f2a2f3bf remoteSearch=litsearch (index=bcgames source=*dreamcrusher.xml* sourcetype=dreamcrusher_xml) | fields keepcolorder=t "_bkt" "_cd" "_si" "host" "index" "linecount" "source" "sourcetype" "splunk_server"
02-06-2024 20:25:05.281 INFO  DispatchThread [21615 searchOrchestrator] - Getting summary ID for summaryHash=NS848dc340f2a2f3bf
02-06-2024 20:25:05.281 INFO  SearchParser [21615 searchOrchestrator] - PARSING: search index=bcgames source=*dreamcrusher.xml* sourcetype=dreamcrusher_xml
02-06-2024 20:25:05.282 INFO  UnifiedSearch [21615 searchOrchestrator] - Processed search targeting arguments
02-06-2024 20:25:05.282 INFO  AstOptimizer [21615 searchOrchestrator] - SrchOptMetrics optimize_toJson=0.000480838
02-06-2024 20:25:05.282 INFO  AstVisitorFactory [21615 searchOrchestrator] - Not building visitor : replace_datamodel_stats_cmds_with_tstats
02-06-2024 20:25:05.282 INFO  SearchParser [21615 searchOrchestrator] - PARSING: | search (index=bcgames source=*dreamcrusher.xml* sourcetype=dreamcrusher_xml)
02-06-2024 20:25:05.282 INFO  FederatedInfo [21615 searchOrchestrator] - No federated search providers defined.
02-06-2024 20:25:05.282 INFO  ReplaceTableWithFieldsVisitor [21615 searchOrchestrator] - search_optimization::replace_table_with_fields disabled due to VERBOSE Mode search
02-06-2024 20:25:05.282 INFO  AstVisitorFactory [21615 searchOrchestrator] - Not building visitor : replace_table_with_fields
02-06-2024 20:25:05.282 INFO  ProjElim [21615 searchOrchestrator] - Black listed processors=[addinfo]
02-06-2024 20:25:05.282 INFO  ReplaceWithTstatsVisitorBase [21615 searchOrchestrator] - Cannot build ReplaceWithTstatsVisitorBase as we need to generate a timeline (info._buckets = true)
02-06-2024 20:25:05.282 INFO  AstVisitorFactory [21615 searchOrchestrator] - Not building visitor : replace_stats_cmds_with_tstats
02-06-2024 20:25:05.282 INFO  ReplaceWithTstatsVisitorBase [21615 searchOrchestrator] - Cannot build ReplaceWithTstatsVisitorBase as we need to generate a timeline (info._buckets = true)
02-06-2024 20:25:05.282 INFO  AstVisitorFactory [21615 searchOrchestrator] - Not building visitor : replace_chart_cmds_with_tstats
02-06-2024 20:25:05.282 INFO  AstOptimizer [21615 searchOrchestrator] - SrchOptMetrics optimization=0.000366191
02-06-2024 20:25:05.283 INFO  SearchPhaseGenerator [21615 searchOrchestrator] - Optimized Search =| search (index=bcgames source=*dreamcrusher.xml* sourcetype=dreamcrusher_xml)
02-06-2024 20:25:05.283 INFO  ScopedTimer [21615 searchOrchestrator] - search.optimize 0.001228112
02-06-2024 20:25:05.283 INFO  FederatedProviderVisitor [21615 searchOrchestrator] - Federated Whole Search Remote Execution Enabled: false
02-06-2024 20:25:05.283 INFO  SearchPhaseGenerator [21615 searchOrchestrator] - Number of involved federated deployments is 0.
02-06-2024 20:25:05.283 INFO  PhaseToPipelineVisitor [21615 searchOrchestrator] - Phase Search = | search (index=bcgames source=*dreamcrusher.xml* sourcetype=dreamcrusher_xml)
02-06-2024 20:25:05.283 INFO  SearchParser [21615 searchOrchestrator] - PARSING: | search (index=bcgames source=*dreamcrusher.xml* sourcetype=dreamcrusher_xml)
02-06-2024 20:25:05.290 INFO  SearchProcessor [21615 searchOrchestrator] - Building search filter
02-06-2024 20:25:05.298 INFO  SearchEvaluatorBasedExpander [21615 searchOrchestrator] -  Performing lookup expansions
02-06-2024 20:25:05.298 INFO  SearchEvaluatorBasedExpander [21615 searchOrchestrator] -  Lookup expansion took 0 ms
02-06-2024 20:25:05.298 INFO  SearchEvaluatorBasedExpander [21615 searchOrchestrator] -  Performing calculated field expansions
02-06-2024 20:25:05.298 INFO  SearchEvaluatorBasedExpander [21615 searchOrchestrator] -  Calculated field expansion took 0 ms
02-06-2024 20:25:05.298 INFO  SearchEvaluatorBasedExpander [21615 searchOrchestrator] -  Performing field alias expansions
02-06-2024 20:25:05.298 INFO  SearchEvaluatorBasedExpander [21615 searchOrchestrator] -  field alias expansions took 0 ms
02-06-2024 20:25:05.298 INFO  SearchEvaluatorBasedExpander [21615 searchOrchestrator] -  Performing kvfield expansions
02-06-2024 20:25:05.298 INFO  SearchEvaluatorBasedExpander [21615 searchOrchestrator] -  kvfield expansions took 0 ms
02-06-2024 20:25:05.298 INFO  SearchEvaluatorBasedExpander [21615 searchOrchestrator] -  Performing indexed fields expansions
02-06-2024 20:25:05.298 INFO  SearchEvaluatorBasedExpander [21615 searchOrchestrator] -  indexed fields expansions took 0 ms
02-06-2024 20:25:05.298 INFO  SearchEvaluatorBasedExpander [21615 searchOrchestrator] -  Performing reverse sourcetype expansions
02-06-2024 20:25:05.301 INFO  SearchEvaluatorBasedExpander [21615 searchOrchestrator] -  sourcetype expansions took 3 ms
02-06-2024 20:25:05.302 INFO  UnifiedSearch [21615 searchOrchestrator] - Expanded index search = (index=bcgames source=*dreamcrusher.xml* sourcetype=dreamcrusher_xml)
02-06-2024 20:25:05.302 INFO  UnifiedSearch [21615 searchOrchestrator] - base lispy: [ AND index::bcgames source::*dreamcrusher.xml* sourcetype::dreamcrusher_xml ]
02-06-2024 20:25:05.302 INFO  UnifiedSearch [21615 searchOrchestrator] - No indexes to search
02-06-2024 20:25:05.302 INFO  UnifiedSearch [21615 searchOrchestrator] - Processed search targeting arguments
02-06-2024 20:25:05.302 INFO  PhaseToPipelineVisitor [21615 searchOrchestrator] - Phase Search = 
02-06-2024 20:25:05.302 INFO  SearchPipeline [21615 searchOrchestrator] - ReportSearch=0 AllowBatchMode=0
02-06-2024 20:25:05.302 INFO  SearchPhaseParserControl [21615 searchOrchestrator] - Adding SimpleResultsCombiner to merge remote input into correct time order.
02-06-2024 20:25:05.302 INFO  SearchParser [21615 searchOrchestrator] - PARSING: simpleresultcombiner max=0
02-06-2024 20:25:05.302 INFO  SearchPhaseGenerator [21615 searchOrchestrator] - Storing only 1000 events per timeline buckets due to limits.conf max_events_per_bucket setting.
02-06-2024 20:25:05.302 INFO  SearchPhaseGenerator [21615 searchOrchestrator] - Timeline information will be computed remotely
02-06-2024 20:25:05.302 INFO  SearchPhaseGenerator [21615 searchOrchestrator] - No need for RTWindowProcessor
02-06-2024 20:25:05.302 INFO  SearchPhaseGenerator [21615 searchOrchestrator] - Adding timeliner to final phase
02-06-2024 20:25:05.302 INFO  SearchParser [21615 searchOrchestrator] - PARSING: | timeliner remote=1 partial_commits=1 max_events_per_bucket=1000 fieldstats_update_maxperiod=60 bucket=300
02-06-2024 20:25:05.303 INFO  TimelineCreator [21615 searchOrchestrator] - Creating timeline with remote=1 partialCommits=1 commitFreq=0 syncKSFreq=0 maxSyncKSPeriodTime=60000 bucket=300 latestTime=0.000000 earliestTime=2147483647.000000
02-06-2024 20:25:05.303 INFO  SimpleResultsCombiner [21615 searchOrchestrator] - Base tmp dir removed.
02-06-2024 20:25:05.303 INFO  SearchPhaseGenerator [21615 searchOrchestrator] - required fields list to add to different pipelines = _bkt,_cd,_si,host,index,linecount,source,sourcetype,splunk_server
02-06-2024 20:25:05.303 INFO  SearchPhaseGenerator [21615 searchOrchestrator] - Remote Timeliner= | remotetl nb=300 et=2147483647.000000 lt=0.000000 remove=true max_count=1000 max_prefetch=100
02-06-2024 20:25:05.303 INFO  SearchPhaseGenerator [21615 searchOrchestrator] - Fileds=fields keepcolorder=t "_bkt" "_cd" "_si" "host" "index" "linecount" "source" "sourcetype" "splunk_server" | remotetl nb=300 et=2147483647.000000 lt=0.000000 remove=true max_count=1000 max_prefetch=100
02-06-2024 20:25:05.303 INFO  SearchPhaseGenerator [21615 searchOrchestrator] - REMOTE TIMELINER ADDED
02-06-2024 20:25:05.303 INFO  SearchParser [21615 searchOrchestrator] - PARSING: fields keepcolorder=t "_bkt" "_cd" "_si" "host" "index" "linecount" "source" "sourcetype" "splunk_server" | remotetl nb=300 et=2147483647.000000 lt=0.000000 remove=true max_count=1000 max_prefetch=100
02-06-2024 20:25:05.303 INFO  SearchPhaseGenerator [21615 searchOrchestrator] - Search Phases created.
02-06-2024 20:25:05.304 INFO  SearchOrchestrator [21615 searchOrchestrator] - Preview is enabled for Search Head only. (preview_algorithm=SEARCH_HEAD)
02-06-2024 20:25:05.304 INFO  UserManager [21615 searchOrchestrator] - Setting user context: admin
02-06-2024 20:25:05.304 INFO  UserManager [21615 searchOrchestrator] - Done setting user context: admin -> admin
02-06-2024 20:25:05.304 INFO  UserManager [21615 searchOrchestrator] - Unwound user context: admin -> admin
02-06-2024 20:25:05.304 INFO  DistributedSearchResultCollectionManager [21615 searchOrchestrator] - Stream search: litsearch (index=bcgames source=*dreamcrusher.xml* sourcetype=dreamcrusher_xml) | fields  keepcolorder=t "_bkt" "_cd" "_si" "host" "index" "linecount" "source" "sourcetype" "splunk_server"  | remotetl  nb=300 et=2147483647.000000 lt=0.000000 remove=true max_count=1000 max_prefetch=100
02-06-2024 20:25:05.304 INFO  ExternalResultProvider [21615 searchOrchestrator] - No external result providers are configured
02-06-2024 20:25:05.304 INFO  DistributedSearchResultCollectionManager [21615 searchOrchestrator] - ERP_FACTORY initialized, but zero external result provider, hence disabling _isERPCollectionEnabled
02-06-2024 20:25:05.304 INFO  DistributedSearchResultCollectionManager [21615 searchOrchestrator] - results_queue_read_timeout_sec=900.000 send_timeout=30.000 connect_timeout=10.000 receive_timeout=600.000
02-06-2024 20:25:05.304 INFO  DistributedSearchResultCollectionManager [21615 searchOrchestrator] - Default search group:*
02-06-2024 20:25:05.304 INFO  DistributedSearchResultCollectionManager [21615 searchOrchestrator] - Connecting to peer GOEL-Indexer1 connectAll 0 connectToSpecificPeer 1
02-06-2024 20:25:05.304 INFO  DistributedSearchResultCollectionManager [21615 searchOrchestrator] - Connecting to peer GOEL-Indexer2 connectAll 0 connectToSpecificPeer 1
02-06-2024 20:25:05.304 INFO  DistributedSearchResultCollectionManager [21615 searchOrchestrator] - Connecting to peer GOEL-Indexer3 connectAll 0 connectToSpecificPeer 1
02-06-2024 20:25:05.304 INFO  SearchTargeter [21615 searchOrchestrator] - Index list is not available for GOEL-SearchHead targeting based on splunk_server and splunk_server_group only
02-06-2024 20:25:05.305 INFO  DistributedSearchResultCollectionManager [21615 searchOrchestrator] - Connecting to peer GOEL-SearchHead connectAll 0 connectToSpecificPeer 1
02-06-2024 20:25:05.306 INFO  DistributedSearchResultCollectionManager [21615 searchOrchestrator] - Successfully created search result collector for peer=GOEL-Indexer1 in 0.002 seconds
02-06-2024 20:25:05.307 INFO  DistributedSearchResultCollectionManager [21615 searchOrchestrator] - Successfully created search result collector for peer=GOEL-Indexer2 in 0.002 seconds
02-06-2024 20:25:05.309 INFO  DistributedSearchResultCollectionManager [21615 searchOrchestrator] - Successfully created search result collector for peer=GOEL-Indexer3 in 0.002 seconds
02-06-2024 20:25:05.309 INFO  UserManager [21620 SearchResultExecutorThread] - Setting user context: admin
02-06-2024 20:25:05.309 INFO  UserManager [21620 SearchResultExecutorThread] - Done setting user context: NULL -> admin
02-06-2024 20:25:05.309 INFO  UserManager [21621 localCollectorThread] - Setting user context: admin
02-06-2024 20:25:05.309 INFO  UserManager [21621 localCollectorThread] - Done setting user context: NULL -> admin
02-06-2024 20:25:05.309 INFO  SearchPhaseGenerator [21615 searchOrchestrator] - Time spends on creating distributed search results infrastructure; dispatchcreatedSearchResultInfrastructure=0.005041865 seconds.
02-06-2024 20:25:05.309 INFO  SearchParser [21621 localCollectorThread] - PARSING: litsearch (index=bcgames source=*dreamcrusher.xml* sourcetype=dreamcrusher_xml) | fields  keepcolorder=t "_bkt" "_cd" "_si" "host" "index" "linecount" "source" "sourcetype" "splunk_server"  | remotetl  nb=300 et=2147483647.000000 lt=0.000000 remove=true max_count=1000 max_prefetch=100
02-06-2024 20:25:05.309 INFO  SearchOrchestrator [21615 searchOrchestrator] - Starting the status control thread.
02-06-2024 20:25:05.309 INFO  SearchOrchestrator [21615 searchOrchestrator] - Starting phase=1
02-06-2024 20:25:05.309 INFO  UserManager [21617 StatusEnforcerThread] - Setting user context: admin
02-06-2024 20:25:05.309 INFO  UserManager [21617 StatusEnforcerThread] - Done setting user context: NULL -> admin
02-06-2024 20:25:05.309 INFO  SearchStatusEnforcer [21617 StatusEnforcerThread] - Enforcing disk quota = 10485760000
02-06-2024 20:25:05.309 INFO  UserManager [21622 phase_1] - Setting user context: admin
02-06-2024 20:25:05.309 INFO  UserManager [21622 phase_1] - Done setting user context: NULL -> admin
02-06-2024 20:25:05.309 INFO  ReducePhaseExecutor [21622 phase_1] - Starting phase_1
02-06-2024 20:25:05.309 INFO  PreviewExecutor [21617 StatusEnforcerThread] - Preview Enforcing initialization done
02-06-2024 20:25:05.322 INFO  UnifiedSearch [21621 localCollectorThread] - No indexes to search
02-06-2024 20:25:05.322 INFO  SearchParser [21621 localCollectorThread] - PARSING: typer | tags
02-06-2024 20:25:05.324 INFO  FastTyper [21621 localCollectorThread] - found nodes count: comparisons=6, unique_comparisons=5, terms=4, unique_terms=4, phrases=12, unique_phrases=12, total leaves=22
02-06-2024 20:25:05.325 INFO  UnifiedSearch [21621 localCollectorThread] - Initialization of search data structures took 4 ms
02-06-2024 20:25:05.326 INFO  UnifiedSearch [21621 localCollectorThread] - Processed search targeting arguments
02-06-2024 20:25:05.326 INFO  LocalCollector [21621 localCollectorThread] - Final required fields list = _bkt,_cd,_si,host,index,linecount,source,sourcetype,splunk_server
02-06-2024 20:25:05.326 INFO  UserManager [21621 localCollectorThread] - Unwound user context: admin -> NULL
02-06-2024 20:25:05.326 INFO  UserManager [21621 localCollectorThread] - Setting user context: admin
02-06-2024 20:25:05.326 INFO  UserManager [21621 localCollectorThread] - Done setting user context: NULL -> admin
02-06-2024 20:25:05.326 INFO  UserManager [21621 localCollectorThread] - Unwound user context: admin -> NULL
02-06-2024 20:25:05.326 INFO  TimelineCreator [21622 phase_1] - Commit timeline at cursor=2147483647.000000
02-06-2024 20:25:05.339 INFO  TimelineCreator [21622 phase_1] - Commit timeline at cursor=2147483647.000000
02-06-2024 20:25:05.343 INFO  TimelineCreator [21622 phase_1] - Commit timeline at cursor=2147483647.000000
02-06-2024 20:25:05.343 INFO  TimelineCreator [21622 phase_1] - Commit timeline at cursor=0.000000
02-06-2024 20:25:05.343 INFO  TimelineCreator [21622 phase_1] - Commit timeline at cursor=0.000000
02-06-2024 20:25:05.343 INFO  TimelineCreator [21622 phase_1] - Commit timeline at cursor=0.000000
02-06-2024 20:25:05.343 INFO  TimelineCreator [21622 phase_1] - Commit timeline at cursor=0.000000
02-06-2024 20:25:05.344 INFO  UserManager [21620 SearchResultExecutorThread] - Unwound user context: admin -> NULL
02-06-2024 20:25:05.344 INFO  TimelineCreator [21622 phase_1] - Commit timeline at cursor=2147483647.000000
02-06-2024 20:25:05.344 INFO  ResultsCollationProcessor [21622 phase_1] - Writing remote_event_providers.csv to disk
02-06-2024 20:25:05.359 INFO  DownloadRemoteDataTransaction [21622 phase_1] - Downloading logs from all remote event providers
02-06-2024 20:25:05.365 INFO  ReducePhaseExecutor [21622 phase_1] - Downloading all remote search.log files took 0.007 seconds
02-06-2024 20:25:05.365 INFO  DownloadRemoteDataTransaction [21622 phase_1] - Downloading logs from all remote event providers
02-06-2024 20:25:05.372 INFO  ReducePhaseExecutor [21622 phase_1] - Downloading all remote search_telemetry.json files took 0.007 seconds
02-06-2024 20:25:05.372 INFO  ReducePhaseExecutor [21622 phase_1] - Ending phase_1
02-06-2024 20:25:05.372 INFO  UserManager [21622 phase_1] - Unwound user context: admin -> NULL
02-06-2024 20:25:05.375 INFO  UserManager [21617 StatusEnforcerThread] - Unwound user context: admin -> NULL
02-06-2024 20:25:05.376 INFO  DispatchManager [21615 searchOrchestrator] - DispatchManager::dispatchHasFinished(id='1707251105.22', username='admin')
02-06-2024 20:25:05.376 INFO  UserManager [21615 searchOrchestrator] - Unwound user context: admin -> NULL
02-06-2024 20:25:05.377 INFO  SearchStatusEnforcer [21612 RunDispatch] - SearchStatusEnforcer is already terminated
02-06-2024 20:25:05.377 INFO  UserManager [21612 RunDispatch] - Unwound user context: admin -> NULL
02-06-2024 20:25:05.377 INFO  LookupDataProvider [21612 RunDispatch] - Clearing out lookup shared provider map
02-06-2024 20:25:05.378 INFO  dispatchRunner [29684 MainThread] - RunDispatch is done: sid=1707251105.22, exit=0
