02-06-2024 20:25:19.318 INFO  dispatchRunner [29684 MainThread] - Search process mode: preforked (reused process) (build b985591d12fd).
02-06-2024 20:25:19.318 INFO  dispatchRunner [29684 MainThread] - registering build time modules, count=1
02-06-2024 20:25:19.318 INFO  dispatchRunner [29684 MainThread] - registering search time components of build time module name=vix
02-06-2024 20:25:19.319 INFO  BundlesSetup [29684 MainThread] - Setup stats for /opt/splunk/etc: wallclock_elapsed_msec=9, cpu_time_used=0.00939730, shared_services_generation=2, shared_services_population=1
02-06-2024 20:25:19.324 INFO  UserManagerPro [29684 MainThread] - Load authentication: forcing roles="admin, can_delete, power, user"
02-06-2024 20:25:19.324 INFO  UserManager [21964 RunDispatch] - Setting user context: splunk-system-user
02-06-2024 20:25:19.324 INFO  UserManager [21964 RunDispatch] - Done setting user context: NULL -> splunk-system-user
02-06-2024 20:25:19.325 INFO  UserManager [21964 RunDispatch] - Unwound user context: splunk-system-user -> NULL
02-06-2024 20:25:19.325 INFO  UserManager [21964 RunDispatch] - Setting user context: admin
02-06-2024 20:25:19.325 INFO  UserManager [21964 RunDispatch] - Done setting user context: NULL -> admin
02-06-2024 20:25:19.325 INFO  dispatchRunner [21964 RunDispatch] - search context: user="admin", app="search", bs-pathname="/opt/splunk/etc"
02-06-2024 20:25:19.325 INFO  SearchParser [21964 RunDispatch] - PARSING: search index=bcgames source=*dreamcrusher.xml* sourcetype=dreamcrusher_xml|stats sum(Infiltrators) AS sum_Infiltrators by AttackVessel
02-06-2024 20:25:19.325 INFO  StatsContext [21964 RunDispatch] -  Setting chunk size min=65536 max=1048576 double_every=100
02-06-2024 20:25:19.325 INFO  StatsContext [21964 RunDispatch] -  Setting max memory usage to 209715200
02-06-2024 20:25:19.325 INFO  dispatchRunner [21964 RunDispatch] - Search running in non-clustered mode
02-06-2024 20:25:19.325 INFO  dispatchRunner [21964 RunDispatch] - SearchHeadInitSearchMs=0
02-06-2024 20:25:19.325 INFO  dispatchRunner [21964 RunDispatch] - Executing the Search orchestrator and iterator model (dfs=false).
02-06-2024 20:25:19.325 INFO  SearchOrchestrator [21964 RunDispatch] - SearchOrchestrator getting constructed
02-06-2024 20:25:19.325 INFO  SearchOrchestrator [21964 RunDispatch] -  Initialized the SRI
02-06-2024 20:25:19.326 INFO  SearchFeatureFlags [21964 RunDispatch] - Initializing feature flags from config. feature_seed=1108755854
02-06-2024 20:25:19.326 INFO  SearchFeatureFlags [21964 RunDispatch] - Setting feature_flag=parallelreduce:enablePreview:true
02-06-2024 20:25:19.326 INFO  SearchFeatureFlags [21964 RunDispatch] - Setting feature_flag=search:search_retry:false
02-06-2024 20:25:19.326 INFO  SearchFeatureFlags [21964 RunDispatch] - Setting feature_flag=search:search_retry_realtime:false
02-06-2024 20:25:19.326 INFO  SearchFeatureFlags [21964 RunDispatch] - Setting feature_flag=parallelreduce:autoAppliedPercentage:false
02-06-2024 20:25:19.326 INFO  SearchFeatureFlags [21964 RunDispatch] - Setting feature_flag=subsearch:enableConcurrentPipelineProcessing:false
02-06-2024 20:25:19.326 INFO  SearchFeatureFlags [21964 RunDispatch] - Setting feature_flag=stats:allow_stats_v2:true
02-06-2024 20:25:19.326 INFO  SearchFeatureFlags [21964 RunDispatch] - Setting feature_flag=search_optimization::set_required_fields:stats:false
02-06-2024 20:25:19.326 INFO  SearchFeatureFlags [21964 RunDispatch] - Setting feature_flag=searchresults:srs2:false
02-06-2024 20:25:19.326 INFO  SearchFeatureFlags [21964 RunDispatch] - Setting feature_flag=search:read_final_results_from_timeliner:true
02-06-2024 20:25:19.326 INFO  SearchOrchestrator [21964 RunDispatch] - Search feature_flags={"v":1,"enabledFeatures":["parallelreduce:enablePreview","stats:allow_stats_v2","search:read_final_results_from_timeliner"],"disabledFeatures":["search:search_retry","search:search_retry_realtime","parallelreduce:autoAppliedPercentage","subsearch:enableConcurrentPipelineProcessing","search_optimization::set_required_fields:stats","searchresults:srs2"]}
02-06-2024 20:25:19.326 INFO  ISplunkDispatch [21964 RunDispatch] - Not running in splunkd. Bundle replication not triggered.
02-06-2024 20:25:19.326 INFO  SearchOrchestrator [21967 searchOrchestrator] - Initialzing the run time settings for the orchestrator.
02-06-2024 20:25:19.326 INFO  UserManager [21967 searchOrchestrator] - Setting user context: admin
02-06-2024 20:25:19.326 INFO  UserManager [21967 searchOrchestrator] - Done setting user context: NULL -> admin
02-06-2024 20:25:19.326 INFO  AdaptiveSearchEngineSelector [21967 searchOrchestrator] - Search execution_plan=classic
02-06-2024 20:25:19.326 INFO  SearchOrchestrator [21967 searchOrchestrator] - Creating the search DAG.
02-06-2024 20:25:19.326 INFO  SearchParser [21967 searchOrchestrator] - PARSING: search index=bcgames source=*dreamcrusher.xml* sourcetype=dreamcrusher_xml|stats sum(Infiltrators) AS sum_Infiltrators by AttackVessel
02-06-2024 20:25:19.326 INFO  StatsContext [21967 searchOrchestrator] -  Setting chunk size min=65536 max=1048576 double_every=100
02-06-2024 20:25:19.326 INFO  StatsContext [21967 searchOrchestrator] -  Setting max memory usage to 209715200
02-06-2024 20:25:19.327 INFO  DispatchStorageManagerInfo [21967 searchOrchestrator] - Successfully created new dispatch directory for search job. sid=4732a5f54704f399_tmp dispatch_dir=/opt/splunk/var/run/splunk/dispatch/4732a5f54704f399_tmp
02-06-2024 20:25:19.337 INFO  SearchProcessor [21967 searchOrchestrator] - Building search filter
02-06-2024 20:25:19.347 INFO  SearchEvaluatorBasedExpander [21967 searchOrchestrator] -  Performing lookup expansions
02-06-2024 20:25:19.347 INFO  SearchEvaluatorBasedExpander [21967 searchOrchestrator] -  Lookup expansion took 0 ms
02-06-2024 20:25:19.347 INFO  SearchEvaluatorBasedExpander [21967 searchOrchestrator] -  Performing calculated field expansions
02-06-2024 20:25:19.347 INFO  SearchEvaluatorBasedExpander [21967 searchOrchestrator] -  Calculated field expansion took 0 ms
02-06-2024 20:25:19.347 INFO  SearchEvaluatorBasedExpander [21967 searchOrchestrator] -  Performing field alias expansions
02-06-2024 20:25:19.347 INFO  SearchEvaluatorBasedExpander [21967 searchOrchestrator] -  field alias expansions took 0 ms
02-06-2024 20:25:19.347 INFO  SearchEvaluatorBasedExpander [21967 searchOrchestrator] -  Performing kvfield expansions
02-06-2024 20:25:19.347 INFO  SearchEvaluatorBasedExpander [21967 searchOrchestrator] -  kvfield expansions took 0 ms
02-06-2024 20:25:19.347 INFO  SearchEvaluatorBasedExpander [21967 searchOrchestrator] -  Performing indexed fields expansions
02-06-2024 20:25:19.347 INFO  SearchEvaluatorBasedExpander [21967 searchOrchestrator] -  indexed fields expansions took 0 ms
02-06-2024 20:25:19.347 INFO  SearchEvaluatorBasedExpander [21967 searchOrchestrator] -  Performing reverse sourcetype expansions
02-06-2024 20:25:19.353 INFO  SearchEvaluatorBasedExpander [21967 searchOrchestrator] -  sourcetype expansions took 5 ms
02-06-2024 20:25:19.353 INFO  UnifiedSearch [21967 searchOrchestrator] - Expanded index search = (index=bcgames source=*dreamcrusher.xml* sourcetype=dreamcrusher_xml)
02-06-2024 20:25:19.353 INFO  UnifiedSearch [21967 searchOrchestrator] - base lispy: [ AND index::bcgames source::*dreamcrusher.xml* sourcetype::dreamcrusher_xml ]
02-06-2024 20:25:19.354 INFO  UnifiedSearch [21967 searchOrchestrator] - No indexes to search
02-06-2024 20:25:19.354 INFO  UnifiedSearch [21967 searchOrchestrator] - Processed search targeting arguments
02-06-2024 20:25:19.354 INFO  StatsProcessorV2 [21967 searchOrchestrator] - StatsV2 (stats) args: sum(Infiltrators), AS, sum_Infiltrators, by, AttackVessel
02-06-2024 20:25:19.354 INFO  StatsProcessorV2 [21967 searchOrchestrator] - StatsProcessorV2::processArguments: Unaligned accesses are free
02-06-2024 20:25:19.354 INFO  StatsAggregations [21967 searchOrchestrator] - Instantiating Stats function sum for key=Infiltrators, alias=sum_Infiltrators
02-06-2024 20:25:19.354 INFO  StatsContext [21967 searchOrchestrator] - shouldFallbackToOldStats: _use_v2_level=USE_V2_ALL, fallback=false
02-06-2024 20:25:19.354 INFO  SearchParser [21967 searchOrchestrator] - PARSING: prestats sum(Infiltrators) by AttackVessel
02-06-2024 20:25:19.354 INFO  StatsContext [21967 searchOrchestrator] -  Setting chunk size min=65536 max=1048576 double_every=100
02-06-2024 20:25:19.354 INFO  StatsContext [21967 searchOrchestrator] -  Setting max memory usage to 209715200
02-06-2024 20:25:19.354 INFO  SearchParser [21967 searchOrchestrator] - PARSING: addinfo type=count label=prereport_events
02-06-2024 20:25:19.355 INFO  StatsProcessorV2 [21967 searchOrchestrator] - StatsV2 (stats) args: sum(Infiltrators), by, AttackVessel
02-06-2024 20:25:19.355 INFO  StatsProcessorV2 [21967 searchOrchestrator] - StatsProcessorV2::processArguments: Unaligned accesses are free
02-06-2024 20:25:19.355 INFO  StatsAggregations [21967 searchOrchestrator] - Instantiating Stats function sum for key=Infiltrators, alias=sum(Infiltrators)
02-06-2024 20:25:19.355 INFO  StatsContext [21967 searchOrchestrator] - shouldFallbackToOldStats: _use_v2_level=USE_V2_ALL, fallback=false
02-06-2024 20:25:19.355 INFO  DispatchThread [21967 searchOrchestrator] - BatchMode: allowBatchMode: 1, conf(1): 1, timeline/Status buckets(0):0, realtime(0):0, report pipe empty(0):0, reqTimeOrder(0):0, summarize(0):0, statefulStreaming(0):0
02-06-2024 20:25:19.355 INFO  DispatchThread [21967 searchOrchestrator] - required fields list to add to remote search = AttackVessel,Infiltrators,prestats_reserved_*,psrsvd_*
02-06-2024 20:25:19.355 INFO  SearchParser [21967 searchOrchestrator] - PARSING: fields keepcolorder=t "AttackVessel" "Infiltrators" "prestats_reserved_*" "psrsvd_*"
02-06-2024 20:25:19.355 INFO  DispatchCommandProcessor [21967 searchOrchestrator] - summaryHash=e43ad0c0154613f4 summaryId=51367ECF-193E-4082-849C-4DF59054FDA5_search_admin_e43ad0c0154613f4 remoteSearch=litsearch (index=bcgames source=*dreamcrusher.xml* sourcetype=dreamcrusher_xml) | addinfo  type=count label=prereport_events | fields  keepcolorder=t "AttackVessel" "Infiltrators" "prestats_reserved_*" "psrsvd_*" | prestats  sum(Infiltrators) by AttackVessel
02-06-2024 20:25:19.355 INFO  DispatchCommandProcessor [21967 searchOrchestrator] - summaryHash=NS0b0fe3533de16c69 summaryId=51367ECF-193E-4082-849C-4DF59054FDA5_search_admin_NS0b0fe3533de16c69 remoteSearch=litsearch (index=bcgames source=*dreamcrusher.xml* sourcetype=dreamcrusher_xml) | addinfo type=count label=prereport_events | fields keepcolorder=t "AttackVessel" "Infiltrators" "prestats_reserved_*" "psrsvd_*" | prestats sum(Infiltrators) by AttackVessel
02-06-2024 20:25:19.355 INFO  DispatchThread [21967 searchOrchestrator] - Getting summary ID for summaryHash=NS0b0fe3533de16c69
02-06-2024 20:25:19.359 INFO  DispatchThread [21967 searchOrchestrator] - Did not find a usable summary_id, setting info._summary_mode=none, not modifying input summary_id=51367ECF-193E-4082-849C-4DF59054FDA5_search_admin_NS0b0fe3533de16c69
02-06-2024 20:25:19.359 INFO  SearchParser [21967 searchOrchestrator] - PARSING: search index=bcgames source=*dreamcrusher.xml* sourcetype=dreamcrusher_xml|stats sum(Infiltrators) AS sum_Infiltrators by AttackVessel
02-06-2024 20:25:19.359 INFO  StatsContext [21967 searchOrchestrator] -  Setting chunk size min=65536 max=1048576 double_every=100
02-06-2024 20:25:19.359 INFO  StatsContext [21967 searchOrchestrator] -  Setting max memory usage to 209715200
02-06-2024 20:25:19.359 INFO  UnifiedSearch [21967 searchOrchestrator] - Processed search targeting arguments
02-06-2024 20:25:19.360 INFO  StatsProcessorV2 [21967 searchOrchestrator] - StatsV2 (stats) args: sum(Infiltrators), AS, sum_Infiltrators, by, AttackVessel
02-06-2024 20:25:19.360 INFO  StatsProcessorV2 [21967 searchOrchestrator] - StatsProcessorV2::processArguments: Unaligned accesses are free
02-06-2024 20:25:19.360 INFO  StatsAggregations [21967 searchOrchestrator] - Instantiating Stats function sum for key=Infiltrators, alias=sum_Infiltrators
02-06-2024 20:25:19.360 INFO  StatsContext [21967 searchOrchestrator] - shouldFallbackToOldStats: _use_v2_level=USE_V2_ALL, fallback=false
02-06-2024 20:25:19.360 INFO  AstOptimizer [21967 searchOrchestrator] - SrchOptMetrics optimize_toJson=0.000907650
02-06-2024 20:25:19.360 INFO  StatsContext [21967 searchOrchestrator] -  Setting chunk size min=65536 max=1048576 double_every=100
02-06-2024 20:25:19.360 INFO  StatsContext [21967 searchOrchestrator] -  Setting max memory usage to 209715200
02-06-2024 20:25:19.360 INFO  SearchParser [21967 searchOrchestrator] - PARSING: | stats sum(Infiltrators) AS sum_Infiltrators by AttackVessel
02-06-2024 20:25:19.360 INFO  StatsContext [21967 searchOrchestrator] -  Setting chunk size min=65536 max=1048576 double_every=100
02-06-2024 20:25:19.360 INFO  StatsContext [21967 searchOrchestrator] -  Setting max memory usage to 209715200
02-06-2024 20:25:19.361 INFO  SearchParser [21967 searchOrchestrator] - PARSING: | search (index=bcgames source=*dreamcrusher.xml* sourcetype=dreamcrusher_xml)
02-06-2024 20:25:19.361 INFO  FederatedInfo [21967 searchOrchestrator] - No federated search providers defined.
02-06-2024 20:25:19.361 INFO  ProjElim [21967 searchOrchestrator] - Black listed processors=[addinfo]
02-06-2024 20:25:19.370 INFO  SearchProcessor [21967 searchOrchestrator] - Building search filter
02-06-2024 20:25:19.370 INFO  ReplaceWithTstatsVisitorBase [21967 searchOrchestrator] - access_query= | search (index=bcgames source=*dreamcrusher.xml* sourcetype=dreamcrusher_xml) AND "AttackVessel"=*  AND "Infiltrators"=* 
02-06-2024 20:25:19.370 INFO  SearchParser [21967 searchOrchestrator] - PARSING:  | search (index=bcgames source=*dreamcrusher.xml* sourcetype=dreamcrusher_xml) AND "AttackVessel"=*  AND "Infiltrators"=* 
02-06-2024 20:25:19.377 INFO  SearchProcessor [21967 searchOrchestrator] - Building search filter
02-06-2024 20:25:19.385 INFO  SearchEvaluatorBasedExpander [21967 searchOrchestrator] -  Performing lookup expansions
02-06-2024 20:25:19.385 INFO  SearchEvaluatorBasedExpander [21967 searchOrchestrator] -  Lookup expansion took 0 ms
02-06-2024 20:25:19.385 INFO  SearchEvaluatorBasedExpander [21967 searchOrchestrator] -  Performing calculated field expansions
02-06-2024 20:25:19.385 INFO  SearchEvaluatorBasedExpander [21967 searchOrchestrator] -  Calculated field expansion took 0 ms
02-06-2024 20:25:19.385 INFO  SearchEvaluatorBasedExpander [21967 searchOrchestrator] -  Performing field alias expansions
02-06-2024 20:25:19.385 INFO  SearchEvaluatorBasedExpander [21967 searchOrchestrator] -  field alias expansions took 0 ms
02-06-2024 20:25:19.385 INFO  SearchEvaluatorBasedExpander [21967 searchOrchestrator] -  Performing kvfield expansions
02-06-2024 20:25:19.385 INFO  SearchEvaluatorBasedExpander [21967 searchOrchestrator] -  kvfield expansions took 0 ms
02-06-2024 20:25:19.385 INFO  SearchEvaluatorBasedExpander [21967 searchOrchestrator] -  Performing indexed fields expansions
02-06-2024 20:25:19.385 INFO  SearchEvaluatorBasedExpander [21967 searchOrchestrator] -  indexed fields expansions took 0 ms
02-06-2024 20:25:19.385 INFO  SearchEvaluatorBasedExpander [21967 searchOrchestrator] -  Performing reverse sourcetype expansions
02-06-2024 20:25:19.389 INFO  SearchEvaluatorBasedExpander [21967 searchOrchestrator] -  sourcetype expansions took 3 ms
02-06-2024 20:25:19.389 INFO  UnifiedSearch [21967 searchOrchestrator] - Expanded index search = (index=bcgames source=*dreamcrusher.xml* sourcetype=dreamcrusher_xml "AttackVessel"=* "Infiltrators"=*)
02-06-2024 20:25:19.389 INFO  UnifiedSearch [21967 searchOrchestrator] - base lispy: [ AND index::bcgames source::*dreamcrusher.xml* sourcetype::dreamcrusher_xml ]
02-06-2024 20:25:19.389 INFO  UnifiedSearch [21967 searchOrchestrator] - No indexes to search
02-06-2024 20:25:19.390 INFO  UnifiedSearch [21967 searchOrchestrator] - Initialization of search data structures took 1 ms
02-06-2024 20:25:19.390 INFO  UnifiedSearch [21967 searchOrchestrator] - Processed search targeting arguments
02-06-2024 20:25:19.390 INFO  ReplaceWithTstatsVisitorBase [21967 searchOrchestrator] - expansion=(index=bcgames source=*dreamcrusher.xml* sourcetype=dreamcrusher_xml "AttackVessel"=* "Infiltrators"=*)
02-06-2024 20:25:19.390 INFO  SearchParser [21967 searchOrchestrator] - PARSING:  | search (index=bcgames source=*dreamcrusher.xml* sourcetype=dreamcrusher_xml "AttackVessel"=* "Infiltrators"=*)
02-06-2024 20:25:19.390 INFO  UnifiedSearch [21967 searchOrchestrator] - Processed search targeting arguments
02-06-2024 20:25:19.391 WARN  ReplaceWithTstatsVisitorBase [21967 searchOrchestrator] - srchFilter contains incompatible terms/fields. Ignoring optimization. srchFilter=
02-06-2024 20:25:19.391 INFO  AstOptimizer [21967 searchOrchestrator] - SrchOptMetrics optimization=0.030471244
02-06-2024 20:25:19.391 INFO  StatsContext [21967 searchOrchestrator] -  Setting chunk size min=65536 max=1048576 double_every=100
02-06-2024 20:25:19.391 INFO  StatsContext [21967 searchOrchestrator] -  Setting max memory usage to 209715200
02-06-2024 20:25:19.391 INFO  SearchPhaseGenerator [21967 searchOrchestrator] - Optimized Search =| search (index=bcgames source=*dreamcrusher.xml* sourcetype=dreamcrusher_xml) | stats sum(Infiltrators) AS sum_Infiltrators by AttackVessel
02-06-2024 20:25:19.391 INFO  ScopedTimer [21967 searchOrchestrator] - search.optimize 0.031902497
02-06-2024 20:25:19.391 INFO  FederatedProviderVisitor [21967 searchOrchestrator] - Federated Whole Search Remote Execution Enabled: false
02-06-2024 20:25:19.391 INFO  SearchPhaseGenerator [21967 searchOrchestrator] - Number of involved federated deployments is 0.
02-06-2024 20:25:19.392 INFO  PhaseToPipelineVisitor [21967 searchOrchestrator] - Phase Search = | search (index=bcgames source=*dreamcrusher.xml* sourcetype=dreamcrusher_xml)
02-06-2024 20:25:19.392 INFO  SearchParser [21967 searchOrchestrator] - PARSING: | search (index=bcgames source=*dreamcrusher.xml* sourcetype=dreamcrusher_xml)
02-06-2024 20:25:19.399 INFO  SearchProcessor [21967 searchOrchestrator] - Building search filter
02-06-2024 20:25:19.406 INFO  SearchEvaluatorBasedExpander [21967 searchOrchestrator] -  Performing lookup expansions
02-06-2024 20:25:19.406 INFO  SearchEvaluatorBasedExpander [21967 searchOrchestrator] -  Lookup expansion took 0 ms
02-06-2024 20:25:19.406 INFO  SearchEvaluatorBasedExpander [21967 searchOrchestrator] -  Performing calculated field expansions
02-06-2024 20:25:19.406 INFO  SearchEvaluatorBasedExpander [21967 searchOrchestrator] -  Calculated field expansion took 0 ms
02-06-2024 20:25:19.406 INFO  SearchEvaluatorBasedExpander [21967 searchOrchestrator] -  Performing field alias expansions
02-06-2024 20:25:19.406 INFO  SearchEvaluatorBasedExpander [21967 searchOrchestrator] -  field alias expansions took 0 ms
02-06-2024 20:25:19.406 INFO  SearchEvaluatorBasedExpander [21967 searchOrchestrator] -  Performing kvfield expansions
02-06-2024 20:25:19.406 INFO  SearchEvaluatorBasedExpander [21967 searchOrchestrator] -  kvfield expansions took 0 ms
02-06-2024 20:25:19.406 INFO  SearchEvaluatorBasedExpander [21967 searchOrchestrator] -  Performing indexed fields expansions
02-06-2024 20:25:19.406 INFO  SearchEvaluatorBasedExpander [21967 searchOrchestrator] -  indexed fields expansions took 0 ms
02-06-2024 20:25:19.407 INFO  SearchEvaluatorBasedExpander [21967 searchOrchestrator] -  Performing reverse sourcetype expansions
02-06-2024 20:25:19.410 INFO  SearchEvaluatorBasedExpander [21967 searchOrchestrator] -  sourcetype expansions took 3 ms
02-06-2024 20:25:19.410 INFO  UnifiedSearch [21967 searchOrchestrator] - Expanded index search = (index=bcgames source=*dreamcrusher.xml* sourcetype=dreamcrusher_xml)
02-06-2024 20:25:19.410 INFO  UnifiedSearch [21967 searchOrchestrator] - base lispy: [ AND index::bcgames source::*dreamcrusher.xml* sourcetype::dreamcrusher_xml ]
02-06-2024 20:25:19.411 INFO  UnifiedSearch [21967 searchOrchestrator] - No indexes to search
02-06-2024 20:25:19.411 INFO  UnifiedSearch [21967 searchOrchestrator] - Processed search targeting arguments
02-06-2024 20:25:19.411 INFO  StatsContext [21967 searchOrchestrator] -  Setting chunk size min=65536 max=1048576 double_every=100
02-06-2024 20:25:19.411 INFO  StatsContext [21967 searchOrchestrator] -  Setting max memory usage to 209715200
02-06-2024 20:25:19.411 INFO  PhaseToPipelineVisitor [21967 searchOrchestrator] - Phase Search = | stats sum(Infiltrators) AS sum_Infiltrators by AttackVessel
02-06-2024 20:25:19.411 INFO  SearchParser [21967 searchOrchestrator] - PARSING: | stats sum(Infiltrators) AS sum_Infiltrators by AttackVessel
02-06-2024 20:25:19.411 INFO  StatsContext [21967 searchOrchestrator] -  Setting chunk size min=65536 max=1048576 double_every=100
02-06-2024 20:25:19.411 INFO  StatsContext [21967 searchOrchestrator] -  Setting max memory usage to 209715200
02-06-2024 20:25:19.411 INFO  StatsProcessorV2 [21967 searchOrchestrator] - StatsV2 (stats) args: sum(Infiltrators), AS, sum_Infiltrators, by, AttackVessel
02-06-2024 20:25:19.411 INFO  StatsProcessorV2 [21967 searchOrchestrator] - StatsProcessorV2::processArguments: Unaligned accesses are free
02-06-2024 20:25:19.411 INFO  StatsAggregations [21967 searchOrchestrator] - Instantiating Stats function sum for key=Infiltrators, alias=sum_Infiltrators
02-06-2024 20:25:19.411 INFO  StatsContext [21967 searchOrchestrator] - shouldFallbackToOldStats: _use_v2_level=USE_V2_ALL, fallback=false
02-06-2024 20:25:19.411 INFO  SearchPipeline [21967 searchOrchestrator] - ReportSearch=1 AllowBatchMode=1
02-06-2024 20:25:19.411 INFO  SearchParser [21967 searchOrchestrator] - PARSING: addinfo type=count label=prereport_events track_fieldmeta_events=true
02-06-2024 20:25:19.411 INFO  SearchParser [21967 searchOrchestrator] - PARSING: prestats sum(Infiltrators) by AttackVessel
02-06-2024 20:25:19.411 INFO  StatsContext [21967 searchOrchestrator] -  Setting chunk size min=65536 max=1048576 double_every=100
02-06-2024 20:25:19.411 INFO  StatsContext [21967 searchOrchestrator] -  Setting max memory usage to 209715200
02-06-2024 20:25:19.411 INFO  StatsProcessorV2 [21967 searchOrchestrator] - StatsV2 (stats) args: sum(Infiltrators), by, AttackVessel
02-06-2024 20:25:19.411 INFO  StatsProcessorV2 [21967 searchOrchestrator] - StatsProcessorV2::processArguments: Unaligned accesses are free
02-06-2024 20:25:19.411 INFO  StatsAggregations [21967 searchOrchestrator] - Instantiating Stats function sum for key=Infiltrators, alias=sum(Infiltrators)
02-06-2024 20:25:19.411 INFO  StatsContext [21967 searchOrchestrator] - shouldFallbackToOldStats: _use_v2_level=USE_V2_ALL, fallback=false
02-06-2024 20:25:19.411 INFO  SearchPhaseGenerator [21967 searchOrchestrator] - No need for RTWindowProcessor
02-06-2024 20:25:19.411 INFO  SearchPhaseGenerator [21967 searchOrchestrator] - Timeliner will not be executed
02-06-2024 20:25:19.411 INFO  SearchPhaseGenerator [21967 searchOrchestrator] - required fields list to add to different pipelines = AttackVessel,Infiltrators,prestats_reserved_*,psrsvd_*
02-06-2024 20:25:19.411 INFO  SearchPhaseGenerator [21967 searchOrchestrator] - Remote Timeliner=
02-06-2024 20:25:19.411 INFO  SearchPhaseGenerator [21967 searchOrchestrator] - Fileds=fields keepcolorder=t "AttackVessel" "Infiltrators" "prestats_reserved_*" "psrsvd_*"
02-06-2024 20:25:19.411 INFO  SearchPhaseGenerator [21967 searchOrchestrator] - REMOTE TIMELINER ADDED
02-06-2024 20:25:19.411 INFO  SearchParser [21967 searchOrchestrator] - PARSING: fields keepcolorder=t "AttackVessel" "Infiltrators" "prestats_reserved_*" "psrsvd_*"
02-06-2024 20:25:19.411 INFO  SearchPhaseGenerator [21967 searchOrchestrator] - Result collation will occur at proc=stats
02-06-2024 20:25:19.411 INFO  SearchPhaseGenerator [21967 searchOrchestrator] - Search Phases created.
02-06-2024 20:25:19.413 INFO  SearchOrchestrator [21967 searchOrchestrator] - Preview is enabled for Search Head only. (preview_algorithm=SEARCH_HEAD)
02-06-2024 20:25:19.413 INFO  UserManager [21967 searchOrchestrator] - Setting user context: admin
02-06-2024 20:25:19.413 INFO  UserManager [21967 searchOrchestrator] - Done setting user context: admin -> admin
02-06-2024 20:25:19.413 INFO  UserManager [21967 searchOrchestrator] - Unwound user context: admin -> admin
02-06-2024 20:25:19.413 INFO  DistributedSearchResultCollectionManager [21967 searchOrchestrator] - Stream search: litsearch (index=bcgames source=*dreamcrusher.xml* sourcetype=dreamcrusher_xml) | addinfo  type=count label=prereport_events track_fieldmeta_events=true | fields  keepcolorder=t "AttackVessel" "Infiltrators" "prestats_reserved_*" "psrsvd_*" | prestats  sum(Infiltrators) by AttackVessel
02-06-2024 20:25:19.413 INFO  ExternalResultProvider [21967 searchOrchestrator] - No external result providers are configured
02-06-2024 20:25:19.413 INFO  DistributedSearchResultCollectionManager [21967 searchOrchestrator] - ERP_FACTORY initialized, but zero external result provider, hence disabling _isERPCollectionEnabled
02-06-2024 20:25:19.413 INFO  DistributedSearchResultCollectionManager [21967 searchOrchestrator] - results_queue_read_timeout_sec=900.000 send_timeout=30.000 connect_timeout=10.000 receive_timeout=600.000
02-06-2024 20:25:19.413 INFO  DistributedSearchResultCollectionManager [21967 searchOrchestrator] - Default search group:*
02-06-2024 20:25:19.413 INFO  DistributedSearchResultCollectionManager [21967 searchOrchestrator] - Connecting to peer GOEL-Indexer1 connectAll 0 connectToSpecificPeer 1
02-06-2024 20:25:19.413 INFO  DistributedSearchResultCollectionManager [21967 searchOrchestrator] - Connecting to peer GOEL-Indexer2 connectAll 0 connectToSpecificPeer 1
02-06-2024 20:25:19.413 INFO  DistributedSearchResultCollectionManager [21967 searchOrchestrator] - Connecting to peer GOEL-Indexer3 connectAll 0 connectToSpecificPeer 1
02-06-2024 20:25:19.413 INFO  SearchTargeter [21967 searchOrchestrator] - Index list is not available for GOEL-SearchHead targeting based on splunk_server and splunk_server_group only
02-06-2024 20:25:19.413 INFO  DistributedSearchResultCollectionManager [21967 searchOrchestrator] - Connecting to peer GOEL-SearchHead connectAll 0 connectToSpecificPeer 1
02-06-2024 20:25:19.415 INFO  DistributedSearchResultCollectionManager [21967 searchOrchestrator] - Successfully created search result collector for peer=GOEL-Indexer1 in 0.002 seconds
02-06-2024 20:25:19.416 INFO  DistributedSearchResultCollectionManager [21967 searchOrchestrator] - Successfully created search result collector for peer=GOEL-Indexer2 in 0.002 seconds
02-06-2024 20:25:19.417 INFO  DistributedSearchResultCollectionManager [21967 searchOrchestrator] - Successfully created search result collector for peer=GOEL-Indexer3 in 0.002 seconds
02-06-2024 20:25:19.417 INFO  UserManager [21976 SearchResultExecutorThread] - Setting user context: admin
02-06-2024 20:25:19.418 INFO  UserManager [21976 SearchResultExecutorThread] - Done setting user context: NULL -> admin
02-06-2024 20:25:19.418 INFO  UserManager [21974 SearchResultExecutorThread] - Setting user context: admin
02-06-2024 20:25:19.418 INFO  UserManager [21974 SearchResultExecutorThread] - Done setting user context: NULL -> admin
02-06-2024 20:25:19.418 INFO  UserManager [21978 localCollectorThread] - Setting user context: admin
02-06-2024 20:25:19.418 INFO  UserManager [21978 localCollectorThread] - Done setting user context: NULL -> admin
02-06-2024 20:25:19.418 INFO  SearchParser [21978 localCollectorThread] - PARSING: litsearch (index=bcgames source=*dreamcrusher.xml* sourcetype=dreamcrusher_xml) | addinfo  type=count label=prereport_events track_fieldmeta_events=true | fields  keepcolorder=t "AttackVessel" "Infiltrators" "prestats_reserved_*" "psrsvd_*" | prestats  sum(Infiltrators) by AttackVessel
02-06-2024 20:25:19.418 INFO  SearchPhaseGenerator [21967 searchOrchestrator] - Time spends on creating distributed search results infrastructure; dispatchcreatedSearchResultInfrastructure=0.005095480 seconds.
02-06-2024 20:25:19.418 INFO  UserManager [21973 SearchResultExecutorThread] - Setting user context: admin
02-06-2024 20:25:19.418 INFO  SearchOrchestrator [21967 searchOrchestrator] - Starting the status control thread.
02-06-2024 20:25:19.418 INFO  UserManager [21973 SearchResultExecutorThread] - Done setting user context: NULL -> admin
02-06-2024 20:25:19.418 INFO  SearchOrchestrator [21967 searchOrchestrator] - Starting phase=1
02-06-2024 20:25:19.418 INFO  UserManager [21970 StatusEnforcerThread] - Setting user context: admin
02-06-2024 20:25:19.418 INFO  UserManager [21970 StatusEnforcerThread] - Done setting user context: NULL -> admin
02-06-2024 20:25:19.418 INFO  SearchStatusEnforcer [21970 StatusEnforcerThread] - Enforcing disk quota = 10485760000
02-06-2024 20:25:19.418 INFO  PreviewExecutor [21970 StatusEnforcerThread] - Preview Enforcing initialization done
02-06-2024 20:25:19.418 INFO  UserManager [21977 SearchResultExecutorThread] - Setting user context: admin
02-06-2024 20:25:19.418 INFO  UserManager [21977 SearchResultExecutorThread] - Done setting user context: NULL -> admin
02-06-2024 20:25:19.418 INFO  UserManager [21975 SearchResultExecutorThread] - Setting user context: admin
02-06-2024 20:25:19.418 INFO  UserManager [21975 SearchResultExecutorThread] - Done setting user context: NULL -> admin
02-06-2024 20:25:19.418 INFO  StatsContext [21978 localCollectorThread] -  Setting chunk size min=65536 max=1048576 double_every=100
02-06-2024 20:25:19.418 INFO  StatsContext [21978 localCollectorThread] -  Setting max memory usage to 209715200
02-06-2024 20:25:19.418 INFO  UserManager [21979 phase_1] - Setting user context: admin
02-06-2024 20:25:19.418 INFO  UserManager [21979 phase_1] - Done setting user context: NULL -> admin
02-06-2024 20:25:19.418 INFO  ReducePhaseExecutor [21979 phase_1] - Starting phase_1
02-06-2024 20:25:19.428 INFO  UnifiedSearch [21978 localCollectorThread] - No indexes to search
02-06-2024 20:25:19.428 INFO  SearchParser [21978 localCollectorThread] - PARSING: typer | tags
02-06-2024 20:25:19.429 INFO  FastTyper [21978 localCollectorThread] - found nodes count: comparisons=6, unique_comparisons=5, terms=4, unique_terms=4, phrases=12, unique_phrases=12, total leaves=22
02-06-2024 20:25:19.430 INFO  BatchSearch [21978 localCollectorThread] - Using Batch Search
02-06-2024 20:25:19.430 INFO  UnifiedSearch [21978 localCollectorThread] - Initialization of search data structures took 3 ms
02-06-2024 20:25:19.430 INFO  UnifiedSearch [21978 localCollectorThread] - Processed search targeting arguments
02-06-2024 20:25:19.430 INFO  StatsProcessorV2 [21978 localCollectorThread] - StatsV2 (stats) args: sum(Infiltrators), by, AttackVessel
02-06-2024 20:25:19.430 INFO  StatsProcessorV2 [21978 localCollectorThread] - StatsProcessorV2::processArguments: Unaligned accesses are free
02-06-2024 20:25:19.430 INFO  StatsAggregations [21978 localCollectorThread] - Instantiating Stats function sum for key=Infiltrators, alias=sum(Infiltrators)
02-06-2024 20:25:19.430 INFO  StatsContext [21978 localCollectorThread] - shouldFallbackToOldStats: _use_v2_level=USE_V2_ALL, fallback=false
02-06-2024 20:25:19.430 INFO  LocalCollector [21978 localCollectorThread] - Final required fields list = AttackVessel,Infiltrators,index,prestats_reserved_*,psrsvd_*,source,sourcetype
02-06-2024 20:25:19.430 INFO  UserManager [21978 localCollectorThread] - Unwound user context: admin -> NULL
02-06-2024 20:25:19.430 INFO  UserManager [21978 localCollectorThread] - Setting user context: admin
02-06-2024 20:25:19.430 INFO  UserManager [21978 localCollectorThread] - Done setting user context: NULL -> admin
02-06-2024 20:25:19.431 INFO  UserManager [21978 localCollectorThread] - Unwound user context: admin -> NULL
02-06-2024 20:25:19.538 INFO  UserManager [21975 SearchResultExecutorThread] - Unwound user context: admin -> NULL
02-06-2024 20:25:19.538 INFO  UserManager [21977 SearchResultExecutorThread] - Unwound user context: admin -> NULL
02-06-2024 20:25:19.538 INFO  UserManager [21973 SearchResultExecutorThread] - Unwound user context: admin -> NULL
02-06-2024 20:25:19.538 INFO  UserManager [21974 SearchResultExecutorThread] - Unwound user context: admin -> NULL
02-06-2024 20:25:19.538 INFO  UserManager [21976 SearchResultExecutorThread] - Unwound user context: admin -> NULL
02-06-2024 20:25:19.538 INFO  ResultsCollationProcessor [21979 phase_1] - Writing remote_event_providers.csv to disk
02-06-2024 20:25:19.540 INFO  DownloadRemoteDataTransaction [21979 phase_1] - Downloading logs from all remote event providers
02-06-2024 20:25:19.546 INFO  ReducePhaseExecutor [21979 phase_1] - Downloading all remote search.log files took 0.007 seconds
02-06-2024 20:25:19.546 INFO  DownloadRemoteDataTransaction [21979 phase_1] - Downloading logs from all remote event providers
02-06-2024 20:25:19.551 INFO  ReducePhaseExecutor [21979 phase_1] - Downloading all remote search_telemetry.json files took 0.006 seconds
02-06-2024 20:25:19.551 INFO  ReducePhaseExecutor [21979 phase_1] - Ending phase_1
02-06-2024 20:25:19.551 INFO  UserManager [21979 phase_1] - Unwound user context: admin -> NULL
02-06-2024 20:25:19.554 INFO  UserManager [21970 StatusEnforcerThread] - Unwound user context: admin -> NULL
02-06-2024 20:25:19.555 INFO  DispatchManager [21967 searchOrchestrator] - DispatchManager::dispatchHasFinished(id='1707251119.24', username='admin')
02-06-2024 20:25:19.555 INFO  UserManager [21967 searchOrchestrator] - Unwound user context: admin -> NULL
02-06-2024 20:25:19.556 INFO  SearchStatusEnforcer [21964 RunDispatch] - SearchStatusEnforcer is already terminated
02-06-2024 20:25:19.556 INFO  UserManager [21964 RunDispatch] - Unwound user context: admin -> NULL
02-06-2024 20:25:19.556 INFO  LookupDataProvider [21964 RunDispatch] - Clearing out lookup shared provider map
02-06-2024 20:25:19.558 INFO  dispatchRunner [29684 MainThread] - RunDispatch is done: sid=1707251119.24, exit=0
